2026 Feb 03 20:43:09 (OPNsense.localdomain) any->/var/ossec/logs/opnsense_syslog.log Feb  3 19:24:56 OPNsense.localdomain filterlog[44472]: 24,,,02f4bab031b57d1e30553ce08e0ec131,vlan0.10,match,block,in,4,0x0,,128,28462,0,none,17,udp,96,10.0.10.12,10.0.10.255,137,137,76
2026 Feb 03 20:43:09 (OPNsense.localdomain) any->/var/ossec/logs/opnsense_syslog.log Feb  3 19:24:56 OPNsense.localdomain filterlog[44472]: 24,,,02f4bab031b57d1e30553ce08e0ec131,vlan0.10,match,block,in,4,0x0,,128,28462,0,none,17,udp,96,10.0.10.12,10.0.10.255,137,137,76
2026 Feb 03 20:43:09 (OPNsense.localdomain) any->/var/ossec/logs/opnsense_syslog.log Feb  3 19:24:57 OPNsense.localdomain filterlog[44472]: 24,,,02f4bab031b57d1e30553ce08e0ec131,vlan0.10,match,block,in,4,0x0,,128,28464,0,none,17,udp,96,10.0.10.12,10.0.10.255,137,137,76
2026 Feb 03 20:43:09 (OPNsense.localdomain) any->/var/ossec/logs/opnsense_syslog.log Feb  3 19:24:57 OPNsense.localdomain filterlog[44472]: 24,,,02f4bab031b57d1e30553ce08e0ec131,vlan0.10,match,block,in,4,0x0,,128,28464,0,none,17,udp,96,10.0.10.12,10.0.10.255,137,137,76
2026 Feb 03 20:43:09 (OPNsense.localdomain) any->/var/ossec/logs/opnsense_syslog.log Feb  3 19:24:56 OPNsense.localdomain filterlog[44472]: 24,,,02f4bab031b57d1e30553ce08e0ec131,vlan0.10,match,block,in,4,0x0,,128,28463,0,none,17,udp,96,10.0.10.12,10.0.10.255,137,137,76
2026 Feb 03 20:43:09 (OPNsense.localdomain) any->/var/ossec/logs/opnsense_syslog.log Feb  3 19:24:57 OPNsense.localdomain filterlog[44472]: 24,,,02f4bab031b57d1e30553ce08e0ec131,vlan0.10,match,block,in,4,0x0,,128,28465,0,none,17,udp,96,10.0.10.12,10.0.10.255,137,137,76
2026 Feb 03 20:43:09 (OPNsense.localdomain) any->/var/ossec/logs/opnsense_syslog.log Feb  3 19:24:56 OPNsense.localdomain filterlog[44472]: 24,,,02f4bab031b57d1e30553ce08e0ec131,vlan0.10,match,block,in,4,0x0,,128,28463,0,none,17,udp,96,10.0.10.12,10.0.10.255,137,137,76
2026 Feb 03 20:43:09 (OPNsense.localdomain) any->/var/ossec/logs/opnsense_syslog.log Feb  3 19:24:57 OPNsense.localdomain filterlog[44472]: 24,,,02f4bab031b57d1e30553ce08e0ec131,vlan0.10,match,block,in,4,0x0,,128,28465,0,none,17,udp,96,10.0.10.12,10.0.10.255,137,137,76
2026 Feb 03 20:43:09 (OPNsense.localdomain) any->/var/ossec/logs/opnsense_syslog.log Feb  3 19:24:57 OPNsense.localdomain filterlog[44472]: 24,,,02f4bab031b57d1e30553ce08e0ec131,vlan0.10,match,block,in,4,0x0,,128,28466,0,none,17,udp,96,10.0.10.12,10.0.10.255,137,137,76
2026 Feb 03 20:43:09 (Secretary-Windows) any->EventChannel {"win":{"system":{"providerName":"Microsoft-Windows-Sysmon","providerGuid":"{5770385f-c22a-43e0-bf4c-06f5698ffbd9}","eventID":"1","version":"5","level":"4","task":"1","opcode":"0","keywords":"0x8000000000000000","systemTime":"2026-02-04T03:34:56.1128755Z","eventRecordID":"2761","processID":"2824","threadID":"3588","channel":"Microsoft-Windows-Sysmon/Operational","computer":"WinDev2308Eval","severityValue":"INFORMATION","message":"\"Process Create:\r\nRuleName: -\r\nUtcTime: 2026-02-04 03:34:56.104\r\nProcessGuid: {de7f78ee-be60-6982-9508-000000001e00}\r\nProcessId: 4404\r\nImage: C:\\Program Files (x86)\\Microsoft\\Edge\\Application\\msedge.exe\r\nFileVersion: 144.0.3719.104\r\nDescription: Microsoft Edge\r\nProduct: Microsoft Edge\r\nCompany: Microsoft Corporation\r\nOriginalFileName: msedge.exe\r\nCommandLine: \"C:\\Program Files (x86)\\Microsoft\\Edge\\Application\\msedge.exe\" --type=utility --utility-sub-type=unzip.mojom.Unzipper --lang=en-US --service-sandbox-type=service --noerrdialogs --user-data-dir=\"C:\\Users\\SECRET~1\\AppData\\Local\\Temp\\scoped_dir6216_650965905\" --skip-read-main-dll --field-trial-handle=2436,i,14337498407806940781,10433881642979078379,262144 --enable-features=msMetricsLogFastStartup,msSendMetricsLogOnClose --disable-features=IgnoreDuplicateNavs,PaintHolding,Prewarm --variations-seed-version --trace-process-track-uuid=3190709002241582927 --enable-logging=handle --log-file=6968 --log-level=0 --mojo-platform-channel-handle=6944 /prefetch:14\r\nCurrentDirectory: C:\\Program Files (x86)\\Microsoft\\Edge\\Application\\144.0.3719.104\\\r\nUser: WINDEV2308EVAL\\Secretary\r\nLogonGuid: {de7f78ee-4b47-6982-f4f1-3d0000000000}\r\nLogonId: 0x3DF1F4\r\nTerminalSessionId: 2\r\nIntegrityLevel: Low\r\nHashes: SHA256=C93DB508A45D9D394C38BA5BDC9A131C4CA09D4BF96EED2AD4794E10E359D2B8\r\nParentProcessGuid: {de7f78ee-be19-6982-8108-000000001e00}\r\nParentProcessId: 1844\r\nParentImage: C:\\Program Files (x86)\\Microsoft\\Edge\\Application\\msedge.exe\r\nParentCommandLine: \"C:\\Program Files (x86)\\Microsoft\\Edge\\Application\\msedge.exe\" --allow-pre-commit-input --disable-background-networking --disable-backgrounding-occluded-windows --disable-client-side-phishing-detection --disable-default-apps --disable-features=IgnoreDuplicateNavs,Prewarm --disable-hang-monitor --disable-popup-blocking --disable-prompt-on-repost --disable-sync --edge-skip-compat-layer-relaunch --enable-automation --enable-logging --headless --log-level=0 --no-first-run --no-service-autorun --password-store=basic --remote-debugging-port=0 --start-maximized --test-type=webdriver --use-mock-keychain --user-data-dir=\"C:\\Users\\SECRET~1\\AppData\\Local\\Temp\\scoped_dir6216_650965905\" --window-size=1920,1080 data:,\r\nParentUser: WINDEV2308EVAL\\Secretary\""},"eventdata":{"utcTime":"2026-02-04 03:34:56.104","processGuid":"{de7f78ee-be60-6982-9508-000000001e00}","processId":"4404","image":"C:\\\\Program Files (x86)\\\\Microsoft\\\\Edge\\\\Application\\\\msedge.exe","fileVersion":"144.0.3719.104","description":"Microsoft Edge","product":"Microsoft Edge","company":"Microsoft Corporation","originalFileName":"msedge.exe","commandLine":"\\\"C:\\\\Program Files (x86)\\\\Microsoft\\\\Edge\\\\Application\\\\msedge.exe\\\" --type=utility --utility-sub-type=unzip.mojom.Unzipper --lang=en-US --service-sandbox-type=service --noerrdialogs --user-data-dir=\\\"C:\\\\Users\\\\SECRET~1\\\\AppData\\\\Local\\\\Temp\\\\scoped_dir6216_650965905\\\" --skip-read-main-dll --field-trial-handle=2436,i,14337498407806940781,10433881642979078379,262144 --enable-features=msMetricsLogFastStartup,msSendMetricsLogOnClose --disable-features=IgnoreDuplicateNavs,PaintHolding,Prewarm --variations-seed-version --trace-process-track-uuid=3190709002241582927 --enable-logging=handle --log-file=6968 --log-level=0 --mojo-platform-channel-handle=6944 /prefetch:14","currentDirectory":"C:\\\\Program Files (x86)\\\\Microsoft\\\\Edge\\\\Application\\\\144.0.3719.104\\\\","user":"WINDEV2308EVAL\\\\Secretary","logonGuid":"{de7f78ee-4b47-6982-f4f1-3d0000000000}","logonId":"0x3df1f4","terminalSessionId":"2","integrityLevel":"Low","hashes":"SHA256=C93DB508A45D9D394C38BA5BDC9A131C4CA09D4BF96EED2AD4794E10E359D2B8","parentProcessGuid":"{de7f78ee-be19-6982-8108-000000001e00}","parentProcessId":"1844","parentImage":"C:\\\\Program Files (x86)\\\\Microsoft\\\\Edge\\\\Application\\\\msedge.exe","parentCommandLine":"\\\"C:\\\\Program Files (x86)\\\\Microsoft\\\\Edge\\\\Application\\\\msedge.exe\\\" --allow-pre-commit-input --disable-background-networking --disable-backgrounding-occluded-windows --disable-client-side-phishing-detection --disable-default-apps --disable-features=IgnoreDuplicateNavs,Prewarm --disable-hang-monitor --disable-popup-blocking --disable-prompt-on-repost --disable-sync --edge-skip-compat-layer-relaunch --enable-automation --enable-logging --headless --log-level=0 --no-first-run --no-service-autorun --password-store=basic --remote-debugging-port=0 --start-maximized --test-type=webdriver --use-mock-keychain --user-data-dir=\\\"C:\\\\Users\\\\SECRET~1\\\\AppData\\\\Local\\\\Temp\\\\scoped_dir6216_650965905\\\" --window-size=1920,1080 data:,","parentUser":"WINDEV2308EVAL\\\\Secretary"}}}
2026 Feb 03 20:43:09 (Secretary-Windows) any->EventChannel {"win":{"system":{"providerName":"Microsoft-Windows-Security-Auditing","providerGuid":"{54849625-5478-4994-a5ba-3e3b0328c30d}","eventID":"5379","version":"0","level":"0","task":"13824","opcode":"0","keywords":"0x8020000000000000","systemTime":"2026-02-04T04:15:48.1592011Z","eventRecordID":"52028","processID":"764","threadID":"7340","channel":"Security","computer":"WinDev2308Eval","severityValue":"AUDIT_SUCCESS","message":"\"Credential Manager credentials were read.\r\n\r\nSubject:\r\n\tSecurity ID:\t\tS-1-5-21-3116511072-3024718013-308258476-1001\r\n\tAccount Name:\t\tSecretary\r\n\tAccount Domain:\t\tWINDEV2308EVAL\r\n\tLogon ID:\t\t0x3DF1F4\r\n\tRead Operation:\t\tEnumerate Credentials\r\n\r\nThis event occurs when a user performs a read operation on stored credentials in Credential Manager.\""},"eventdata":{"subjectUserSid":"S-1-5-21-3116511072-3024718013-308258476-1001","subjectUserName":"Secretary","subjectDomainName":"WINDEV2308EVAL","subjectLogonId":"0x3df1f4","targetName":"WindowsLive:(cert):name=02adfhietqpbykqa;serviceuri=*","type":"0","countOfCredentialsReturned":"0","readOperation":"%%8100","returnCode":"3221226021","processCreationTime":"2026-02-02T01:39:02.4586029Z","clientProcessId":"1080"}}}
2026 Feb 03 20:43:09 (Secretary-Windows) any->EventChannel {"win":{"system":{"providerName":"Microsoft-Windows-Sysmon","providerGuid":"{5770385f-c22a-43e0-bf4c-06f5698ffbd9}","eventID":"5","version":"3","level":"4","task":"5","opcode":"0","keywords":"0x8000000000000000","systemTime":"2026-02-04T03:34:56.1947869Z","eventRecordID":"2762","processID":"2824","threadID":"3588","channel":"Microsoft-Windows-Sysmon/Operational","computer":"WinDev2308Eval","severityValue":"INFORMATION","message":"\"Process terminated:\r\nRuleName: -\r\nUtcTime: 2026-02-04 03:34:56.194\r\nProcessGuid: {de7f78ee-be60-6982-9508-000000001e00}\r\nProcessId: 4404\r\nImage: C:\\Program Files (x86)\\Microsoft\\Edge\\Application\\msedge.exe\r\nUser: WINDEV2308EVAL\\Secretary\""},"eventdata":{"utcTime":"2026-02-04 03:34:56.194","processGuid":"{de7f78ee-be60-6982-9508-000000001e00}","processId":"4404","image":"C:\\\\Program Files (x86)\\\\Microsoft\\\\Edge\\\\Application\\\\msedge.exe","user":"WINDEV2308EVAL\\\\Secretary"}}}
2026 Feb 03 20:43:09 (OPNsense.localdomain) any->/var/ossec/logs/opnsense_syslog.log Feb  3 19:24:57 OPNsense.localdomain filterlog[44472]: 24,,,02f4bab031b57d1e30553ce08e0ec131,vlan0.10,match,block,in,4,0x0,,128,28466,0,none,17,udp,96,10.0.10.12,10.0.10.255,137,137,76
2026 Feb 03 20:43:09 (OPNsense.localdomain) any->/var/ossec/logs/opnsense_syslog.log Feb  3 19:24:57 OPNsense.localdomain filterlog[44472]: 115,,,fae559338f65e11c53669fc3642c93c2,vlan0.99,match,pass,out,4,0x0,,127,1912,0,DF,6,tcp,52,10.0.40.13,10.0.99.14,63433,1514,0,S,2196674498,,64240,,mss;nop;wscale;nop;nop;sackOK
2026 Feb 03 20:43:09 (OPNsense.localdomain) any->/var/ossec/logs/opnsense_syslog.log Feb  3 19:25:00 OPNsense.localdomain filterlog[44472]: 24,,,02f4bab031b57d1e30553ce08e0ec131,vlan0.10,match,block,in,4,0x0,,128,5701,0,DF,6,tcp,40,10.0.10.12,52.123.128.14,63432,443,0,FA,1998228062,2351916903,1018,,
2026 Feb 03 20:43:09 (OPNsense.localdomain) any->/var/ossec/logs/opnsense_syslog.log Feb  3 19:25:01 OPNsense.localdomain filterlog[44472]: 118,,,6125cb207f65033775d1069fdf6d0ccf,vtnet0,match,pass,out,4,0x0,,64,0,0,DF,17,udp,83,203.0.213.2,193.205.160.3,26264,53,63
2026 Feb 03 20:43:09 (OPNsense.localdomain) any->/var/ossec/logs/opnsense_syslog.log Feb  3 19:25:00 OPNsense.localdomain filterlog[44472]: 24,,,02f4bab031b57d1e30553ce08e0ec131,vlan0.10,match,block,in,4,0x0,,128,5701,0,DF,6,tcp,40,10.0.10.12,52.123.128.14,63432,443,0,FA,1998228062,2351916903,1018,,
2026 Feb 03 20:43:09 (OPNsense.localdomain) any->/var/ossec/logs/opnsense_syslog.log Feb  3 19:25:01 OPNsense.localdomain filterlog[44472]: 118,,,6125cb207f65033775d1069fdf6d0ccf,vtnet0,match,pass,out,4,0x0,,64,0,0,DF,17,udp,83,203.0.213.2,193.205.160.3,49682,53,63
2026 Feb 03 20:43:09 (Secretary-Windows) any->EventChannel {"win":{"system":{"providerName":"Microsoft-Windows-Security-Auditing","providerGuid":"{54849625-5478-4994-a5ba-3e3b0328c30d}","eventID":"5379","version":"0","level":"0","task":"13824","opcode":"0","keywords":"0x8020000000000000","systemTime":"2026-02-04T04:15:48.5242201Z","eventRecordID":"52029","processID":"764","threadID":"7340","channel":"Security","computer":"WinDev2308Eval","severityValue":"AUDIT_SUCCESS","message":"\"Credential Manager credentials were read.\r\n\r\nSubject:\r\n\tSecurity ID:\t\tS-1-5-21-3116511072-3024718013-308258476-1001\r\n\tAccount Name:\t\tSecretary\r\n\tAccount Domain:\t\tWINDEV2308EVAL\r\n\tLogon ID:\t\t0x3DF1F4\r\n\tRead Operation:\t\tEnumerate Credentials\r\n\r\nThis event occurs when a user performs a read operation on stored credentials in Credential Manager.\""},"eventdata":{"subjectUserSid":"S-1-5-21-3116511072-3024718013-308258476-1001","subjectUserName":"Secretary","subjectDomainName":"WINDEV2308EVAL","subjectLogonId":"0x3df1f4","targetName":"MicrosoftAccount:user=02adfhietqpbykqa","type":"0","countOfCredentialsReturned":"0","readOperation":"%%8100","returnCode":"3221226021","processCreationTime":"2026-02-02T01:39:02.4586029Z","clientProcessId":"1080"}}}
2026 Feb 03 20:43:09 (OPNsense.localdomain) any->/var/ossec/logs/opnsense_syslog.log Feb  3 19:25:01 OPNsense.localdomain filterlog[44472]: 118,,,6125cb207f65033775d1069fdf6d0ccf,vtnet0,match,pass,out,4,0x0,,64,0,0,DF,17,udp,81,203.0.213.2,193.205.160.139,64584,53,61
2026 Feb 03 20:43:09 (OPNsense.localdomain) any->/var/ossec/logs/opnsense_syslog.log Feb  3 19:25:01 OPNsense.localdomain filterlog[44472]: 118,,,6125cb207f65033775d1069fdf6d0ccf,vtnet0,match,pass,out,4,0x0,,64,0,0,DF,17,udp,94,203.0.213.2,193.205.160.139,62698,53,74
2026 Feb 03 20:43:09 (OPNsense.localdomain) any->/var/ossec/logs/opnsense_syslog.log Feb  3 19:25:01 OPNsense.localdomain filterlog[44472]: 118,,,6125cb207f65033775d1069fdf6d0ccf,vtnet0,match,pass,out,4,0x0,,64,0,0,DF,17,udp,98,203.0.213.2,193.205.160.3,34942,53,78
2026 Feb 03 20:43:09 (OPNsense.localdomain) any->/var/ossec/logs/opnsense_syslog.log Feb  3 19:25:01 OPNsense.localdomain filterlog[44472]: 115,,,fae559338f65e11c53669fc3642c93c2,vlan0.99,match,pass,out,4,0x0,,127,63961,0,DF,6,tcp,52,10.0.10.12,10.0.99.14,50864,1514,0,S,1242884885,,64240,,mss;nop;wscale;nop;nop;sackOK
2026 Feb 03 20:43:09 (OPNsense.localdomain) any->/var/ossec/logs/opnsense_syslog.log Feb  3 19:25:01 OPNsense.localdomain filterlog[44472]: 118,,,6125cb207f65033775d1069fdf6d0ccf,vtnet0,match,pass,out,4,0x0,,64,0,0,DF,17,udp,92,203.0.213.2,193.205.160.3,12987,53,72
2026 Feb 03 20:43:09 (OPNsense.localdomain) any->/var/ossec/logs/opnsense_syslog.log Feb  3 19:25:03 OPNsense.localdomain filterlog[44472]: 118,,,6125cb207f65033775d1069fdf6d0ccf,vtnet0,match,pass,out,4,0x0,,64,0,0,DF,17,udp,88,203.0.213.2,193.205.160.3,11551,53,68
2026 Feb 03 20:43:09 (OPNsense.localdomain) any->/var/ossec/logs/opnsense_syslog.log Feb  3 19:25:01 OPNsense.localdomain filterlog[44472]: 115,,,fae559338f65e11c53669fc3642c93c2,vtnet0,match,pass,out,4,0x0,,127,38975,0,DF,6,tcp,52,10.0.10.12,52.110.16.193,50865,443,0,S,2188523197,,65535,,mss;nop;wscale;nop;nop;sackOK
2026 Feb 03 20:43:09 (Secretary-Windows) any->EventChannel {"win":{"system":{"providerName":"Microsoft-Windows-Sysmon","providerGuid":"{5770385f-c22a-43e0-bf4c-06f5698ffbd9}","eventID":"5","version":"3","level":"4","task":"5","opcode":"0","keywords":"0x8000000000000000","systemTime":"2026-02-04T03:35:06.4410431Z","eventRecordID":"2763","processID":"2824","threadID":"3588","channel":"Microsoft-Windows-Sysmon/Operational","computer":"WinDev2308Eval","severityValue":"INFORMATION","message":"\"Process terminated:\r\nRuleName: -\r\nUtcTime: 2026-02-04 03:35:06.439\r\nProcessGuid: {de7f78ee-be10-6982-5a08-000000001e00}\r\nProcessId: 5740\r\nImage: C:\\Windows\\System32\\wbem\\WmiPrvSE.exe\r\nUser: NT AUTHORITY\\NETWORK SERVICE\""},"eventdata":{"utcTime":"2026-02-04 03:35:06.439","processGuid":"{de7f78ee-be10-6982-5a08-000000001e00}","processId":"5740","image":"C:\\\\Windows\\\\System32\\\\wbem\\\\WmiPrvSE.exe","user":"NT AUTHORITY\\\\NETWORK SERVICE"}}}
2026 Feb 03 20:43:09 (OPNsense.localdomain) any->/var/ossec/logs/opnsense_syslog.log Feb  3 19:25:03 OPNsense.localdomain filterlog[44472]: 118,,,6125cb207f65033775d1069fdf6d0ccf,vtnet0,match,pass,out,4,0x0,,64,0,0,DF,17,udp,93,203.0.213.2,193.205.160.139,11482,53,73
2026 Feb 03 20:43:09 (OPNsense.localdomain) any->/var/ossec/logs/opnsense_syslog.log Feb  3 19:25:03 OPNsense.localdomain filterlog[44472]: 118,,,6125cb207f65033775d1069fdf6d0ccf,vtnet0,match,pass,out,4,0x0,,64,0,0,DF,17,udp,111,203.0.213.2,193.205.160.139,11918,53,91
2026 Feb 03 20:43:09 (OPNsense.localdomain) any->/var/ossec/logs/opnsense_syslog.log Feb  3 19:25:03 OPNsense.localdomain filterlog[44472]: 115,,,fae559338f65e11c53669fc3642c93c2,vtnet0,match,pass,out,4,0x0,,127,23650,0,DF,6,tcp,52,10.0.10.12,52.109.28.48,50866,443,0,S,753787099,,65535,,mss;nop;wscale;nop;nop;sackOK
2026 Feb 03 20:43:09 (OPNsense.localdomain) any->/var/ossec/logs/opnsense_syslog.log Feb  3 19:25:04 OPNsense.localdomain filterlog[44472]: 118,,,6125cb207f65033775d1069fdf6d0ccf,vtnet0,match,pass,out,4,0x0,,64,0,0,DF,17,udp,83,203.0.213.2,193.205.160.139,32929,53,63
2026 Feb 03 20:43:09 (OPNsense.localdomain) any->/var/ossec/logs/opnsense_syslog.log Feb  3 19:25:03 OPNsense.localdomain filterlog[44472]: 118,,,6125cb207f65033775d1069fdf6d0ccf,vtnet0,match,pass,out,4,0x0,,64,0,0,DF,17,udp,90,203.0.213.2,193.205.160.3,30046,53,70
2026 Feb 03 20:43:09 (OPNsense.localdomain) any->/var/ossec/logs/opnsense_syslog.log Feb  3 19:25:04 OPNsense.localdomain filterlog[44472]: 115,,,fae559338f65e11c53669fc3642c93c2,vtnet0,match,pass,out,4,0x0,,127,19190,0,DF,6,tcp,52,10.0.10.12,23.216.150.181,50867,443,0,S,1408312274,,65535,,mss;nop;wscale;nop;nop;sackOK
2026 Feb 03 20:43:09 (OPNsense.localdomain) any->/var/ossec/logs/opnsense_syslog.log Feb  3 19:25:05 OPNsense.localdomain filterlog[44472]: 118,,,6125cb207f65033775d1069fdf6d0ccf,vtnet0,match,pass,out,4,0x0,,64,0,0,DF,17,udp,105,203.0.213.2,193.205.160.3,60771,53,85
2026 Feb 03 20:43:09 (OPNsense.localdomain) any->/var/ossec/logs/opnsense_syslog.log Feb  3 19:25:05 OPNsense.localdomain filterlog[44472]: 115,,,fae559338f65e11c53669fc3642c93c2,vtnet0,match,pass,out,4,0x0,,127,48297,0,DF,6,tcp,52,10.0.10.12,95.100.171.161,50868,443,0,S,2897755407,,65535,,mss;nop;wscale;nop;nop;sackOK
2026 Feb 03 20:43:09 (OPNsense.localdomain) any->/var/ossec/logs/opnsense_syslog.log Feb  3 19:25:05 OPNsense.localdomain filterlog[44472]: 118,,,6125cb207f65033775d1069fdf6d0ccf,vtnet0,match,pass,out,4,0x0,,64,0,0,DF,17,udp,105,203.0.213.2,193.205.160.3,16002,53,85
2026 Feb 03 20:43:09 (OPNsense.localdomain) any->/var/ossec/logs/opnsense_syslog.log Feb  3 19:25:04 OPNsense.localdomain filterlog[44472]: 118,,,6125cb207f65033775d1069fdf6d0ccf,vtnet0,match,pass,out,4,0xb8,,64,34002,0,none,17,udp,76,203.0.213.2,162.159.200.123,123,123,56
2026 Feb 03 20:43:09 (OPNsense.localdomain) any->/var/ossec/logs/opnsense_syslog.log Feb  3 19:25:05 OPNsense.localdomain filterlog[44472]: 118,,,6125cb207f65033775d1069fdf6d0ccf,vtnet0,match,pass,out,4,0x0,,64,0,0,DF,17,udp,78,203.0.213.2,193.205.160.139,38556,53,58
2026 Feb 03 20:43:09 (OPNsense.localdomain) any->/var/ossec/logs/opnsense_syslog.log Feb  3 19:25:05 OPNsense.localdomain filterlog[44472]: 118,,,6125cb207f65033775d1069fdf6d0ccf,vtnet0,match,pass,out,4,0x0,,64,0,0,DF,17,udp,78,203.0.213.2,193.205.160.139,47462,53,58
2026 Feb 03 20:43:09 (Secretary-Windows) any->EventChannel {"win":{"system":{"providerName":"Microsoft-Windows-Sysmon","providerGuid":"{5770385f-c22a-43e0-bf4c-06f5698ffbd9}","eventID":"1","version":"5","level":"4","task":"1","opcode":"0","keywords":"0x8000000000000000","systemTime":"2026-02-04T03:35:09.6027738Z","eventRecordID":"2764","processID":"2824","threadID":"3588","channel":"Microsoft-Windows-Sysmon/Operational","computer":"WinDev2308Eval","severityValue":"INFORMATION","message":"\"Process Create:\r\nRuleName: -\r\nUtcTime: 2026-02-04 03:35:09.591\r\nProcessGuid: {de7f78ee-be6d-6982-9608-000000001e00}\r\nProcessId: 7492\r\nImage: C:\\Program Files (x86)\\Microsoft\\Edge\\Application\\msedge.exe\r\nFileVersion: 144.0.3719.104\r\nDescription: Microsoft Edge\r\nProduct: Microsoft Edge\r\nCompany: Microsoft Corporation\r\nOriginalFileName: msedge.exe\r\nCommandLine: \"C:\\Program Files (x86)\\Microsoft\\Edge\\Application\\msedge.exe\" --type=utility --utility-sub-type=unzip.mojom.Unzipper --lang=en-US --service-sandbox-type=service --noerrdialogs --user-data-dir=\"C:\\Users\\SECRET~1\\AppData\\Local\\Temp\\scoped_dir6216_650965905\" --skip-read-main-dll --field-trial-handle=2436,i,14337498407806940781,10433881642979078379,262144 --enable-features=msMetricsLogFastStartup,msSendMetricsLogOnClose --disable-features=IgnoreDuplicateNavs,PaintHolding,Prewarm --variations-seed-version --trace-process-track-uuid=3190709003178624776 --enable-logging=handle --log-file=4272 --log-level=0 --mojo-platform-channel-handle=2184 /prefetch:14\r\nCurrentDirectory: C:\\Program Files (x86)\\Microsoft\\Edge\\Application\\144.0.3719.104\\\r\nUser: WINDEV2308EVAL\\Secretary\r\nLogonGuid: {de7f78ee-4b47-6982-f4f1-3d0000000000}\r\nLogonId: 0x3DF1F4\r\nTerminalSessionId: 2\r\nIntegrityLevel: Low\r\nHashes: SHA256=C93DB508A45D9D394C38BA5BDC9A131C4CA09D4BF96EED2AD4794E10E359D2B8\r\nParentProcessGuid: {de7f78ee-be19-6982-8108-000000001e00}\r\nParentProcessId: 1844\r\nParentImage: C:\\Program Files (x86)\\Microsoft\\Edge\\Application\\msedge.exe\r\nParentCommandLine: \"C:\\Program Files (x86)\\Microsoft\\Edge\\Application\\msedge.exe\" --allow-pre-commit-input --disable-background-networking --disable-backgrounding-occluded-windows --disable-client-side-phishing-detection --disable-default-apps --disable-features=IgnoreDuplicateNavs,Prewarm --disable-hang-monitor --disable-popup-blocking --disable-prompt-on-repost --disable-sync --edge-skip-compat-layer-relaunch --enable-automation --enable-logging --headless --log-level=0 --no-first-run --no-service-autorun --password-store=basic --remote-debugging-port=0 --start-maximized --test-type=webdriver --use-mock-keychain --user-data-dir=\"C:\\Users\\SECRET~1\\AppData\\Local\\Temp\\scoped_dir6216_650965905\" --window-size=1920,1080 data:,\r\nParentUser: WINDEV2308EVAL\\Secretary\""},"eventdata":{"utcTime":"2026-02-04 03:35:09.591","processGuid":"{de7f78ee-be6d-6982-9608-000000001e00}","processId":"7492","image":"C:\\\\Program Files (x86)\\\\Microsoft\\\\Edge\\\\Application\\\\msedge.exe","fileVersion":"144.0.3719.104","description":"Microsoft Edge","product":"Microsoft Edge","company":"Microsoft Corporation","originalFileName":"msedge.exe","commandLine":"\\\"C:\\\\Program Files (x86)\\\\Microsoft\\\\Edge\\\\Application\\\\msedge.exe\\\" --type=utility --utility-sub-type=unzip.mojom.Unzipper --lang=en-US --service-sandbox-type=service --noerrdialogs --user-data-dir=\\\"C:\\\\Users\\\\SECRET~1\\\\AppData\\\\Local\\\\Temp\\\\scoped_dir6216_650965905\\\" --skip-read-main-dll --field-trial-handle=2436,i,14337498407806940781,10433881642979078379,262144 --enable-features=msMetricsLogFastStartup,msSendMetricsLogOnClose --disable-features=IgnoreDuplicateNavs,PaintHolding,Prewarm --variations-seed-version --trace-process-track-uuid=3190709003178624776 --enable-logging=handle --log-file=4272 --log-level=0 --mojo-platform-channel-handle=2184 /prefetch:14","currentDirectory":"C:\\\\Program Files (x86)\\\\Microsoft\\\\Edge\\\\Application\\\\144.0.3719.104\\\\","user":"WINDEV2308EVAL\\\\Secretary","logonGuid":"{de7f78ee-4b47-6982-f4f1-3d0000000000}","logonId":"0x3df1f4","terminalSessionId":"2","integrityLevel":"Low","hashes":"SHA256=C93DB508A45D9D394C38BA5BDC9A131C4CA09D4BF96EED2AD4794E10E359D2B8","parentProcessGuid":"{de7f78ee-be19-6982-8108-000000001e00}","parentProcessId":"1844","parentImage":"C:\\\\Program Files (x86)\\\\Microsoft\\\\Edge\\\\Application\\\\msedge.exe","parentCommandLine":"\\\"C:\\\\Program Files (x86)\\\\Microsoft\\\\Edge\\\\Application\\\\msedge.exe\\\" --allow-pre-commit-input --disable-background-networking --disable-backgrounding-occluded-windows --disable-client-side-phishing-detection --disable-default-apps --disable-features=IgnoreDuplicateNavs,Prewarm --disable-hang-monitor --disable-popup-blocking --disable-prompt-on-repost --disable-sync --edge-skip-compat-layer-relaunch --enable-automation --enable-logging --headless --log-level=0 --no-first-run --no-service-autorun --password-store=basic --remote-debugging-port=0 --start-maximized --test-type=webdriver --use-mock-keychain --user-data-dir=\\\"C:\\\\Users\\\\SECRET~1\\\\AppData\\\\Local\\\\Temp\\\\scoped_dir6216_650965905\\\" --window-size=1920,1080 data:,","parentUser":"WINDEV2308EVAL\\\\Secretary"}}}
2026 Feb 03 20:43:09 (OPNsense.localdomain) any->/var/ossec/logs/opnsense_syslog.log Feb  3 19:25:06 OPNsense.localdomain filterlog[44472]: 118,,,6125cb207f65033775d1069fdf6d0ccf,vtnet0,match,pass,out,4,0x0,,64,0,0,DF,17,udp,86,203.0.213.2,193.205.160.139,9176,53,66
2026 Feb 03 20:43:09 (OPNsense.localdomain) any->/var/ossec/logs/opnsense_syslog.log Feb  3 19:25:06 OPNsense.localdomain filterlog[44472]: 118,,,6125cb207f65033775d1069fdf6d0ccf,vtnet0,match,pass,out,4,0x0,,64,0,0,DF,17,udp,78,203.0.213.2,193.205.160.3,26928,53,58
2026 Feb 03 20:43:09 (OPNsense.localdomain) any->/var/ossec/logs/opnsense_syslog.log Feb  3 19:25:06 OPNsense.localdomain filterlog[44472]: 118,,,6125cb207f65033775d1069fdf6d0ccf,vtnet0,match,pass,out,4,0x0,,64,0,0,DF,17,udp,108,203.0.213.2,193.205.160.139,35645,53,88
2026 Feb 03 20:43:09 (OPNsense.localdomain) any->/var/ossec/logs/opnsense_syslog.log Feb  3 19:25:06 OPNsense.localdomain filterlog[44472]: 118,,,6125cb207f65033775d1069fdf6d0ccf,vtnet0,match,pass,out,4,0x0,,64,0,0,DF,17,udp,86,203.0.213.2,193.205.160.3,57597,53,66
2026 Feb 03 20:43:09 (OPNsense.localdomain) any->/var/ossec/logs/opnsense_syslog.log Feb  3 19:25:05 OPNsense.localdomain filterlog[44472]: 115,,,fae559338f65e11c53669fc3642c93c2,vtnet0,match,pass,out,4,0x0,,127,956,0,DF,6,tcp,52,10.0.10.12,23.13.183.57,50869,443,0,S,2384517649,,65535,,mss;nop;wscale;nop;nop;sackOK
2026 Feb 03 20:43:09 (OPNsense.localdomain) any->/var/ossec/logs/opnsense_syslog.log Feb  3 19:25:06 OPNsense.localdomain filterlog[44472]: 115,,,fae559338f65e11c53669fc3642c93c2,vtnet0,match,pass,out,4,0x0,,127,31970,0,DF,6,tcp,52,10.0.10.12,95.100.171.142,50870,443,0,S,2609500234,,65535,,mss;nop;wscale;nop;nop;sackOK
2026 Feb 03 20:43:09 (OPNsense.localdomain) any->/var/ossec/logs/opnsense_syslog.log Feb  3 19:25:06 OPNsense.localdomain filterlog[44472]: 115,,,fae559338f65e11c53669fc3642c93c2,vtnet0,match,pass,out,4,0x0,,63,8250,0,DF,6,tcp,60,10.0.10.11,91.189.91.98,50002,80,0,S,2517431846,,64240,,mss;sackOK;TS;nop;wscale
2026 Feb 03 20:43:09 (Secretary-Windows) any->EventChannel {"win":{"system":{"providerName":"Microsoft-Windows-Security-Auditing","providerGuid":"{54849625-5478-4994-a5ba-3e3b0328c30d}","eventID":"5379","version":"0","level":"0","task":"13824","opcode":"0","keywords":"0x8020000000000000","systemTime":"2026-02-04T04:25:10.8298515Z","eventRecordID":"52030","processID":"764","threadID":"5568","channel":"Security","computer":"WinDev2308Eval","severityValue":"AUDIT_SUCCESS","message":"\"Credential Manager credentials were read.\r\n\r\nSubject:\r\n\tSecurity ID:\t\tS-1-5-18\r\n\tAccount Name:\t\tWINDEV2308EVAL$\r\n\tAccount Domain:\t\tWORKGROUP\r\n\tLogon ID:\t\t0x3E7\r\n\tRead Operation:\t\tEnumerate Credentials\r\n\r\nThis event occurs when a user performs a read operation on stored credentials in Credential Manager.\""},"eventdata":{"subjectUserSid":"S-1-5-18","subjectUserName":"WINDEV2308EVAL$","subjectDomainName":"WORKGROUP","subjectLogonId":"0x3e7","targetName":"WindowsLive:(token):name=02bxbguxqhgunrlz;serviceuri=*","type":"0","countOfCredentialsReturned":"0","readOperation":"%%8100","returnCode":"3221226021","processCreationTime":"2026-02-02T01:39:02.4586029Z","clientProcessId":"1080"}}}
2026 Feb 03 20:43:09 (OPNsense.localdomain) any->/var/ossec/logs/opnsense_syslog.log Feb  3 19:25:06 OPNsense.localdomain filterlog[44472]: 115,,,fae559338f65e11c53669fc3642c93c2,vtnet0,match,pass,out,4,0x0,,63,46560,0,DF,6,tcp,60,10.0.10.11,185.125.188.58,50252,443,0,S,3015047612,,64240,,mss;sackOK;TS;nop;wscale
2026 Feb 03 20:43:09 (OPNsense.localdomain) any->/var/ossec/logs/opnsense_syslog.log Feb  3 19:25:06 OPNsense.localdomain filterlog[44472]: 118,,,6125cb207f65033775d1069fdf6d0ccf,vtnet0,match,pass,out,4,0x0,,64,0,0,DF,17,udp,73,203.0.213.2,193.205.160.139,33124,53,53
2026 Feb 03 20:43:09 (OPNsense.localdomain) any->/var/ossec/logs/opnsense_syslog.log Feb  3 19:25:07 OPNsense.localdomain filterlog[44472]: 115,,,fae559338f65e11c53669fc3642c93c2,vtnet0,match,pass,out,4,0x0,,63,30808,0,DF,6,tcp,60,10.0.10.11,185.125.188.54,49812,443,0,S,3155168464,,64240,,mss;sackOK;TS;nop;wscale
2026 Feb 03 20:43:09 (OPNsense.localdomain) any->/var/ossec/logs/opnsense_syslog.log Feb  3 19:25:06 OPNsense.localdomain filterlog[44472]: 118,,,6125cb207f65033775d1069fdf6d0ccf,vtnet0,match,pass,out,4,0x0,,64,0,0,DF,17,udp,73,203.0.213.2,193.205.160.3,45699,53,53
2026 Feb 03 20:43:09 (OPNsense.localdomain) any->/var/ossec/logs/opnsense_syslog.log Feb  3 19:25:08 OPNsense.localdomain filterlog[44472]: 115,,,fae559338f65e11c53669fc3642c93c2,vlan0.99,match,pass,out,4,0x0,,63,42374,0,DF,6,tcp,60,10.0.10.11,10.0.99.14,44069,1514,0,S,2635084256,,64240,,mss;sackOK;TS;nop;wscale
2026 Feb 03 20:43:09 (OPNsense.localdomain) any->/var/ossec/logs/opnsense_syslog.log Feb  3 19:25:09 OPNsense.localdomain filterlog[44472]: 118,,,6125cb207f65033775d1069fdf6d0ccf,vtnet0,match,pass,out,4,0x0,,64,0,0,DF,17,udp,79,203.0.213.2,193.205.160.3,13021,53,59
2026 Feb 03 20:43:09 (OPNsense.localdomain) any->/var/ossec/logs/opnsense_syslog.log Feb  3 19:25:09 OPNsense.localdomain filterlog[44472]: 115,,,fae559338f65e11c53669fc3642c93c2,vtnet0,match,pass,out,4,0x0,,127,31990,0,DF,6,tcp,52,10.0.10.12,95.100.171.142,50872,443,0,S,438198366,,65535,,mss;nop;wscale;nop;nop;sackOK
2026 Feb 03 20:43:09 (Secretary-Windows) any->EventChannel {"win":{"system":{"providerName":"Microsoft-Windows-Sysmon","providerGuid":"{5770385f-c22a-43e0-bf4c-06f5698ffbd9}","eventID":"5","version":"3","level":"4","task":"5","opcode":"0","keywords":"0x8000000000000000","systemTime":"2026-02-04T03:35:09.7319186Z","eventRecordID":"2765","processID":"2824","threadID":"3588","channel":"Microsoft-Windows-Sysmon/Operational","computer":"WinDev2308Eval","severityValue":"INFORMATION","message":"\"Process terminated:\r\nRuleName: -\r\nUtcTime: 2026-02-04 03:35:09.731\r\nProcessGuid: {de7f78ee-be6d-6982-9608-000000001e00}\r\nProcessId: 7492\r\nImage: C:\\Program Files (x86)\\Microsoft\\Edge\\Application\\msedge.exe\r\nUser: WINDEV2308EVAL\\Secretary\""},"eventdata":{"utcTime":"2026-02-04 03:35:09.731","processGuid":"{de7f78ee-be6d-6982-9608-000000001e00}","processId":"7492","image":"C:\\\\Program Files (x86)\\\\Microsoft\\\\Edge\\\\Application\\\\msedge.exe","user":"WINDEV2308EVAL\\\\Secretary"}}}
2026 Feb 03 20:43:09 (OPNsense.localdomain) any->/var/ossec/logs/opnsense_syslog.log Feb  3 19:25:09 OPNsense.localdomain filterlog[44472]: 115,,,fae559338f65e11c53669fc3642c93c2,vtnet0,match,pass,out,4,0x0,,127,31991,0,DF,6,tcp,52,10.0.10.12,95.100.171.142,50871,443,0,S,156177246,,65535,,mss;nop;wscale;nop;nop;sackOK
2026 Feb 03 20:43:09 (OPNsense.localdomain) any->/var/ossec/logs/opnsense_syslog.log Feb  3 19:25:09 OPNsense.localdomain filterlog[44472]: 115,,,fae559338f65e11c53669fc3642c93c2,vtnet0,match,pass,out,4,0x0,,127,32843,0,DF,6,tcp,52,10.0.10.12,95.100.171.5,50873,443,0,S,4230431771,,65535,,mss;nop;wscale;nop;nop;sackOK
2026 Feb 03 20:43:09 (OPNsense.localdomain) any->/var/ossec/logs/opnsense_syslog.log Feb  3 19:25:09 OPNsense.localdomain filterlog[44472]: 115,,,fae559338f65e11c53669fc3642c93c2,vtnet0,match,pass,out,4,0x0,,127,19211,0,DF,6,tcp,52,10.0.10.12,23.216.150.181,50876,443,0,S,1805638649,,65535,,mss;nop;wscale;nop;nop;sackOK
2026 Feb 03 20:43:09 (OPNsense.localdomain) any->/var/ossec/logs/opnsense_syslog.log Feb  3 19:25:09 OPNsense.localdomain filterlog[44472]: 115,,,fae559338f65e11c53669fc3642c93c2,vtnet0,match,pass,out,4,0x0,,127,19212,0,DF,6,tcp,52,10.0.10.12,23.216.150.181,50875,443,0,S,2286291017,,65535,,mss;nop;wscale;nop;nop;sackOK
2026 Feb 03 20:43:09 (OPNsense.localdomain) any->/var/ossec/logs/opnsense_syslog.log Feb  3 19:25:09 OPNsense.localdomain filterlog[44472]: 115,,,fae559338f65e11c53669fc3642c93c2,vtnet0,match,pass,out,4,0x0,,127,32842,0,DF,6,tcp,52,10.0.10.12,95.100.171.5,50874,443,0,S,347149818,,65535,,mss;nop;wscale;nop;nop;sackOK
2026 Feb 03 20:43:09 (OPNsense.localdomain) any->/var/ossec/logs/opnsense_syslog.log Feb  3 19:25:09 OPNsense.localdomain filterlog[44472]: 118,,,6125cb207f65033775d1069fdf6d0ccf,vtnet0,match,pass,out,4,0x0,,64,0,0,DF,17,udp,80,203.0.213.2,193.205.160.139,17838,53,60
2026 Feb 03 20:43:09 (Secretary-Windows) any->EventChannel {"win":{"system":{"providerName":"Microsoft-Windows-Security-Auditing","providerGuid":"{54849625-5478-4994-a5ba-3e3b0328c30d}","eventID":"5379","version":"0","level":"0","task":"13824","opcode":"0","keywords":"0x8020000000000000","systemTime":"2026-02-04T04:25:10.8303871Z","eventRecordID":"52031","processID":"764","threadID":"5568","channel":"Security","computer":"WinDev2308Eval","severityValue":"AUDIT_SUCCESS","message":"\"Credential Manager credentials were read.\r\n\r\nSubject:\r\n\tSecurity ID:\t\tS-1-5-18\r\n\tAccount Name:\t\tWINDEV2308EVAL$\r\n\tAccount Domain:\t\tWORKGROUP\r\n\tLogon ID:\t\t0x3E7\r\n\tRead Operation:\t\tEnumerate Credentials\r\n\r\nThis event occurs when a user performs a read operation on stored credentials in Credential Manager.\""},"eventdata":{"subjectUserSid":"S-1-5-18","subjectUserName":"WINDEV2308EVAL$","subjectDomainName":"WORKGROUP","subjectLogonId":"0x3e7","targetName":"WindowsLive:(cert):name=02bxbguxqhgunrlz;serviceuri=*","type":"0","countOfCredentialsReturned":"0","readOperation":"%%8100","returnCode":"3221226021","processCreationTime":"2026-02-02T01:39:02.4586029Z","clientProcessId":"1080"}}}
2026 Feb 03 20:43:09 (OPNsense.localdomain) any->/var/ossec/logs/opnsense_syslog.log Feb  3 19:25:09 OPNsense.localdomain filterlog[44472]: 115,,,fae559338f65e11c53669fc3642c93c2,vtnet0,match,pass,out,4,0x0,,127,21580,0,DF,6,tcp,52,10.0.10.12,23.40.158.218,50877,80,0,S,835232950,,64240,,mss;nop;wscale;nop;nop;sackOK
2026 Feb 03 20:43:09 (OPNsense.localdomain) any->/var/ossec/logs/opnsense_syslog.log Feb  3 19:25:10 OPNsense.localdomain filterlog[44472]: 24,,,02f4bab031b57d1e30553ce08e0ec131,vlan0.10,match,block,in,4,0x0,,128,5702,0,DF,6,tcp,40,10.0.10.12,52.123.128.14,63432,443,0,RA,1998228063,2351916903,0,,
2026 Feb 03 20:43:09 (OPNsense.localdomain) any->/var/ossec/logs/opnsense_syslog.log Feb  3 19:25:14 OPNsense.localdomain filterlog[44472]: 118,,,6125cb207f65033775d1069fdf6d0ccf,vtnet0,match,pass,out,4,0x0,,64,0,0,DF,17,udp,97,203.0.213.2,193.205.160.139,38278,53,77
2026 Feb 03 20:43:09 (OPNsense.localdomain) any->/var/ossec/logs/opnsense_syslog.log Feb  3 19:25:09 OPNsense.localdomain filterlog[44472]: 115,,,fae559338f65e11c53669fc3642c93c2,vtnet0,match,pass,out,4,0x0,,127,21581,0,DF,6,tcp,52,10.0.10.12,23.40.158.218,50878,80,0,S,2416422460,,64240,,mss;nop;wscale;nop;nop;sackOK
2026 Feb 03 20:43:09 (OPNsense.localdomain) any->/var/ossec/logs/opnsense_syslog.log Feb  3 19:25:10 OPNsense.localdomain filterlog[44472]: 24,,,02f4bab031b57d1e30553ce08e0ec131,vlan0.10,match,block,in,4,0x0,,128,5702,0,DF,6,tcp,40,10.0.10.12,52.123.128.14,63432,443,0,RA,1998228063,2351916903,0,,
2026 Feb 03 20:43:09 (OPNsense.localdomain) any->/var/ossec/logs/opnsense_syslog.log Feb  3 19:25:14 OPNsense.localdomain filterlog[44472]: 118,,,6125cb207f65033775d1069fdf6d0ccf,vtnet0,match,pass,out,4,0x0,,64,0,0,DF,17,udp,97,203.0.213.2,193.205.160.139,46859,53,77
2026 Feb 03 20:43:09 (OPNsense.localdomain) any->/var/ossec/logs/opnsense_syslog.log Feb  3 19:25:14 OPNsense.localdomain filterlog[44472]: 115,,,fae559338f65e11c53669fc3642c93c2,vtnet0,match,pass,out,4,0x0,,127,65041,0,DF,6,tcp,52,10.0.10.12,150.171.27.11,53555,443,0,S,3353003597,,64240,,mss;nop;wscale;nop;nop;sackOK
2026 Feb 03 20:43:09 (OPNsense.localdomain) any->/var/ossec/logs/opnsense_syslog.log Feb  3 19:25:14 OPNsense.localdomain filterlog[44472]: 115,,,fae559338f65e11c53669fc3642c93c2,vtnet0,match,pass,out,4,0x0,,127,1936,0,DF,6,tcp,52,10.0.10.12,150.171.28.11,51911,443,0,S,1377910543,,64240,,mss;nop;wscale;nop;nop;sackOK
2026 Feb 03 20:43:09 (OPNsense.localdomain) any->/var/ossec/logs/opnsense_syslog.log Feb  3 19:25:14 OPNsense.localdomain filterlog[44472]: 118,,,6125cb207f65033775d1069fdf6d0ccf,vtnet0,match,pass,out,4,0x0,,64,0,0,DF,17,udp,92,203.0.213.2,193.205.160.139,61595,53,72
2026 Feb 03 20:43:09 (OPNsense.localdomain) any->/var/ossec/logs/opnsense_syslog.log Feb  3 19:25:14 OPNsense.localdomain filterlog[44472]: 115,,,fae559338f65e11c53669fc3642c93c2,vtnet0,match,pass,out,4,0x0,,127,9824,0,DF,6,tcp,52,10.0.10.12,23.216.150.189,53970,443,0,S,54472537,,64240,,mss;nop;wscale;nop;nop;sackOK
2026 Feb 03 20:43:09 (OPNsense.localdomain) any->/var/ossec/logs/opnsense_syslog.log Feb  3 19:25:14 OPNsense.localdomain filterlog[44472]: 118,,,6125cb207f65033775d1069fdf6d0ccf,vtnet0,match,pass,out,4,0x0,,64,0,0,DF,17,udp,92,203.0.213.2,193.205.160.3,36242,53,72
2026 Feb 03 20:43:09 (OPNsense.localdomain) any->/var/ossec/logs/opnsense_syslog.log Feb  3 19:25:15 OPNsense.localdomain filterlog[44472]: 118,,,6125cb207f65033775d1069fdf6d0ccf,vtnet0,match,pass,out,4,0xb8,,64,51374,0,none,17,udp,76,203.0.213.2,93.94.88.50,123,123,56
2026 Feb 03 20:43:09 (Secretary-Windows) any->EventChannel {"win":{"system":{"providerName":"Microsoft-Windows-Sysmon","providerGuid":"{5770385f-c22a-43e0-bf4c-06f5698ffbd9}","eventID":"1","version":"5","level":"4","task":"1","opcode":"0","keywords":"0x8000000000000000","systemTime":"2026-02-04T03:35:27.3075970Z","eventRecordID":"2766","processID":"2824","threadID":"3588","channel":"Microsoft-Windows-Sysmon/Operational","computer":"WinDev2308Eval","severityValue":"INFORMATION","message":"\"Process Create:\r\nRuleName: -\r\nUtcTime: 2026-02-04 03:35:27.292\r\nProcessGuid: {de7f78ee-be7f-6982-9708-000000001e00}\r\nProcessId: 5148\r\nImage: C:\\Program Files (x86)\\Microsoft\\Edge\\Application\\msedge.exe\r\nFileVersion: 144.0.3719.104\r\nDescription: Microsoft Edge\r\nProduct: Microsoft Edge\r\nCompany: Microsoft Corporation\r\nOriginalFileName: msedge.exe\r\nCommandLine: \"C:\\Program Files (x86)\\Microsoft\\Edge\\Application\\msedge.exe\" --type=utility --utility-sub-type=unzip.mojom.Unzipper --lang=en-US --service-sandbox-type=service --noerrdialogs --user-data-dir=\"C:\\Users\\SECRET~1\\AppData\\Local\\Temp\\scoped_dir6216_650965905\" --ram-no-pressure-read-main-dll --field-trial-handle=2436,i,14337498407806940781,10433881642979078379,262144 --enable-features=msMetricsLogFastStartup,msSendMetricsLogOnClose --disable-features=IgnoreDuplicateNavs,PaintHolding,Prewarm --variations-seed-version --trace-process-track-uuid=3190709004115666625 --enable-logging=handle --log-file=6900 --log-level=0 --mojo-platform-channel-handle=1480 /prefetch:14\r\nCurrentDirectory: C:\\Program Files (x86)\\Microsoft\\Edge\\Application\\144.0.3719.104\\\r\nUser: WINDEV2308EVAL\\Secretary\r\nLogonGuid: {de7f78ee-4b47-6982-f4f1-3d0000000000}\r\nLogonId: 0x3DF1F4\r\nTerminalSessionId: 2\r\nIntegrityLevel: Low\r\nHashes: SHA256=C93DB508A45D9D394C38BA5BDC9A131C4CA09D4BF96EED2AD4794E10E359D2B8\r\nParentProcessGuid: {de7f78ee-be19-6982-8108-000000001e00}\r\nParentProcessId: 1844\r\nParentImage: C:\\Program Files (x86)\\Microsoft\\Edge\\Application\\msedge.exe\r\nParentCommandLine: \"C:\\Program Files (x86)\\Microsoft\\Edge\\Application\\msedge.exe\" --allow-pre-commit-input --disable-background-networking --disable-backgrounding-occluded-windows --disable-client-side-phishing-detection --disable-default-apps --disable-features=IgnoreDuplicateNavs,Prewarm --disable-hang-monitor --disable-popup-blocking --disable-prompt-on-repost --disable-sync --edge-skip-compat-layer-relaunch --enable-automation --enable-logging --headless --log-level=0 --no-first-run --no-service-autorun --password-store=basic --remote-debugging-port=0 --start-maximized --test-type=webdriver --use-mock-keychain --user-data-dir=\"C:\\Users\\SECRET~1\\AppData\\Local\\Temp\\scoped_dir6216_650965905\" --window-size=1920,1080 data:,\r\nParentUser: WINDEV2308EVAL\\Secretary\""},"eventdata":{"utcTime":"2026-02-04 03:35:27.292","processGuid":"{de7f78ee-be7f-6982-9708-000000001e00}","processId":"5148","image":"C:\\\\Program Files (x86)\\\\Microsoft\\\\Edge\\\\Application\\\\msedge.exe","fileVersion":"144.0.3719.104","description":"Microsoft Edge","product":"Microsoft Edge","company":"Microsoft Corporation","originalFileName":"msedge.exe","commandLine":"\\\"C:\\\\Program Files (x86)\\\\Microsoft\\\\Edge\\\\Application\\\\msedge.exe\\\" --type=utility --utility-sub-type=unzip.mojom.Unzipper --lang=en-US --service-sandbox-type=service --noerrdialogs --user-data-dir=\\\"C:\\\\Users\\\\SECRET~1\\\\AppData\\\\Local\\\\Temp\\\\scoped_dir6216_650965905\\\" --ram-no-pressure-read-main-dll --field-trial-handle=2436,i,14337498407806940781,10433881642979078379,262144 --enable-features=msMetricsLogFastStartup,msSendMetricsLogOnClose --disable-features=IgnoreDuplicateNavs,PaintHolding,Prewarm --variations-seed-version --trace-process-track-uuid=3190709004115666625 --enable-logging=handle --log-file=6900 --log-level=0 --mojo-platform-channel-handle=1480 /prefetch:14","currentDirectory":"C:\\\\Program Files (x86)\\\\Microsoft\\\\Edge\\\\Application\\\\144.0.3719.104\\\\","user":"WINDEV2308EVAL\\\\Secretary","logonGuid":"{de7f78ee-4b47-6982-f4f1-3d0000000000}","logonId":"0x3df1f4","terminalSessionId":"2","integrityLevel":"Low","hashes":"SHA256=C93DB508A45D9D394C38BA5BDC9A131C4CA09D4BF96EED2AD4794E10E359D2B8","parentProcessGuid":"{de7f78ee-be19-6982-8108-000000001e00}","parentProcessId":"1844","parentImage":"C:\\\\Program Files (x86)\\\\Microsoft\\\\Edge\\\\Application\\\\msedge.exe","parentCommandLine":"\\\"C:\\\\Program Files (x86)\\\\Microsoft\\\\Edge\\\\Application\\\\msedge.exe\\\" --allow-pre-commit-input --disable-background-networking --disable-backgrounding-occluded-windows --disable-client-side-phishing-detection --disable-default-apps --disable-features=IgnoreDuplicateNavs,Prewarm --disable-hang-monitor --disable-popup-blocking --disable-prompt-on-repost --disable-sync --edge-skip-compat-layer-relaunch --enable-automation --enable-logging --headless --log-level=0 --no-first-run --no-service-autorun --password-store=basic --remote-debugging-port=0 --start-maximized --test-type=webdriver --use-mock-keychain --user-data-dir=\\\"C:\\\\Users\\\\SECRET~1\\\\AppData\\\\Local\\\\Temp\\\\scoped_dir6216_650965905\\\" --window-size=1920,1080 data:,","parentUser":"WINDEV2308EVAL\\\\Secretary"}}}
2026 Feb 03 20:43:09 (OPNsense.localdomain) any->/var/ossec/logs/opnsense_syslog.log Feb  3 19:25:16 OPNsense.localdomain filterlog[44472]: 118,,,6125cb207f65033775d1069fdf6d0ccf,vtnet0,match,pass,out,4,0x0,,64,0,0,DF,17,udp,78,203.0.213.2,193.205.160.139,29635,53,58
2026 Feb 03 20:43:09 (OPNsense.localdomain) any->/var/ossec/logs/opnsense_syslog.log Feb  3 19:25:16 OPNsense.localdomain filterlog[44472]: 118,,,6125cb207f65033775d1069fdf6d0ccf,vtnet0,match,pass,out,4,0x0,,64,0,0,DF,17,udp,78,203.0.213.2,193.205.160.3,32387,53,58
2026 Feb 03 20:43:09 (OPNsense.localdomain) any->/var/ossec/logs/opnsense_syslog.log Feb  3 19:25:16 OPNsense.localdomain filterlog[44472]: 24,,,02f4bab031b57d1e30553ce08e0ec131,vlan0.40,match,block,in,4,0xb8,,64,51627,0,DF,17,udp,76,10.0.40.11,80.211.238.32,46010,123,56
2026 Feb 03 20:43:09 (OPNsense.localdomain) any->/var/ossec/logs/opnsense_syslog.log Feb  3 19:25:16 OPNsense.localdomain filterlog[44472]: 24,,,02f4bab031b57d1e30553ce08e0ec131,vlan0.40,match,block,in,4,0xb8,,64,51627,0,DF,17,udp,76,10.0.40.11,80.211.238.32,46010,123,56
2026 Feb 03 20:43:09 (OPNsense.localdomain) any->/var/ossec/logs/opnsense_syslog.log Feb  3 19:25:16 OPNsense.localdomain filterlog[44472]: 118,,,6125cb207f65033775d1069fdf6d0ccf,vtnet0,match,pass,out,4,0x0,,64,0,0,DF,17,udp,86,203.0.213.2,193.205.160.139,44864,53,66
2026 Feb 03 20:43:09 (OPNsense.localdomain) any->/var/ossec/logs/opnsense_syslog.log Feb  3 19:25:16 OPNsense.localdomain filterlog[44472]: 118,,,6125cb207f65033775d1069fdf6d0ccf,vtnet0,match,pass,out,4,0x0,,64,0,0,DF,17,udp,86,203.0.213.2,193.205.160.139,44356,53,66
2026 Feb 03 20:43:09 (Secretary-Windows) any->EventChannel {"win":{"system":{"providerName":"Microsoft-Windows-Security-Auditing","providerGuid":"{54849625-5478-4994-a5ba-3e3b0328c30d}","eventID":"5379","version":"0","level":"0","task":"13824","opcode":"0","keywords":"0x8020000000000000","systemTime":"2026-02-04T04:25:10.8304956Z","eventRecordID":"52032","processID":"764","threadID":"5568","channel":"Security","computer":"WinDev2308Eval","severityValue":"AUDIT_SUCCESS","message":"\"Credential Manager credentials were read.\r\n\r\nSubject:\r\n\tSecurity ID:\t\tS-1-5-18\r\n\tAccount Name:\t\tWINDEV2308EVAL$\r\n\tAccount Domain:\t\tWORKGROUP\r\n\tLogon ID:\t\t0x3E7\r\n\tRead Operation:\t\tEnumerate Credentials\r\n\r\nThis event occurs when a user performs a read operation on stored credentials in Credential Manager.\""},"eventdata":{"subjectUserSid":"S-1-5-18","subjectUserName":"WINDEV2308EVAL$","subjectDomainName":"WORKGROUP","subjectLogonId":"0x3e7","targetName":"WindowsLive:target=virtualapp/didlogical","type":"0","countOfCredentialsReturned":"1","readOperation":"%%8100","returnCode":"0","processCreationTime":"2026-02-02T01:39:02.4586029Z","clientProcessId":"1080"}}}
2026 Feb 03 20:43:09 (OPNsense.localdomain) any->/var/ossec/logs/opnsense_syslog.log Feb  3 19:25:16 OPNsense.localdomain filterlog[44472]: 118,,,6125cb207f65033775d1069fdf6d0ccf,vtnet0,match,pass,out,4,0x0,,64,0,0,DF,17,udp,79,203.0.213.2,193.205.160.139,24393,53,59
2026 Feb 03 20:43:09 (OPNsense.localdomain) any->/var/ossec/logs/opnsense_syslog.log Feb  3 19:25:19 OPNsense.localdomain filterlog[44472]: 118,,,6125cb207f65033775d1069fdf6d0ccf,vtnet0,match,pass,out,4,0x0,,64,0,0,DF,17,udp,78,203.0.213.2,193.205.160.139,6115,53,58
2026 Feb 03 20:43:09 (OPNsense.localdomain) any->/var/ossec/logs/opnsense_syslog.log Feb  3 19:25:19 OPNsense.localdomain filterlog[44472]: 118,,,6125cb207f65033775d1069fdf6d0ccf,vtnet0,match,pass,out,4,0x0,,64,0,0,DF,17,udp,78,203.0.213.2,193.205.160.3,16988,53,58
2026 Feb 03 20:43:09 (OPNsense.localdomain) any->/var/ossec/logs/opnsense_syslog.log Feb  3 19:25:16 OPNsense.localdomain filterlog[44472]: 118,,,6125cb207f65033775d1069fdf6d0ccf,vtnet0,match,pass,out,4,0x0,,64,0,0,DF,17,udp,79,203.0.213.2,193.205.160.139,10388,53,59
2026 Feb 03 20:43:09 (OPNsense.localdomain) any->/var/ossec/logs/opnsense_syslog.log Feb  3 19:25:19 OPNsense.localdomain filterlog[44472]: 115,,,fae559338f65e11c53669fc3642c93c2,vtnet0,match,pass,out,4,0xb8,,63,48662,0,DF,17,udp,76,10.0.2.10,185.19.184.35,44774,123,56
2026 Feb 03 20:43:09 (OPNsense.localdomain) any->/var/ossec/logs/opnsense_syslog.log Feb  3 19:25:20 OPNsense.localdomain filterlog[44472]: 115,,,fae559338f65e11c53669fc3642c93c2,vlan0.99,match,pass,out,4,0x0,,63,54459,0,DF,6,tcp,60,10.0.10.13,10.0.99.14,52265,1514,0,S,82522332,,64240,,mss;sackOK;TS;nop;wscale
2026 Feb 03 20:43:09 (OPNsense.localdomain) any->/var/ossec/logs/opnsense_syslog.log Feb  3 19:25:21 OPNsense.localdomain filterlog[44472]: 118,,,6125cb207f65033775d1069fdf6d0ccf,vtnet0,match,pass,out,4,0x0,,64,0,0,DF,17,udp,100,203.0.213.2,193.205.160.3,11243,53,80
2026 Feb 03 20:43:09 (Secretary-Windows) any->EventChannel {"win":{"system":{"providerName":"Microsoft-Windows-Sysmon","providerGuid":"{5770385f-c22a-43e0-bf4c-06f5698ffbd9}","eventID":"5","version":"3","level":"4","task":"5","opcode":"0","keywords":"0x8000000000000000","systemTime":"2026-02-04T03:35:27.4716655Z","eventRecordID":"2767","processID":"2824","threadID":"3588","channel":"Microsoft-Windows-Sysmon/Operational","computer":"WinDev2308Eval","severityValue":"INFORMATION","message":"\"Process terminated:\r\nRuleName: -\r\nUtcTime: 2026-02-04 03:35:27.471\r\nProcessGuid: {de7f78ee-be7f-6982-9708-000000001e00}\r\nProcessId: 5148\r\nImage: C:\\Program Files (x86)\\Microsoft\\Edge\\Application\\msedge.exe\r\nUser: WINDEV2308EVAL\\Secretary\""},"eventdata":{"utcTime":"2026-02-04 03:35:27.471","processGuid":"{de7f78ee-be7f-6982-9708-000000001e00}","processId":"5148","image":"C:\\\\Program Files (x86)\\\\Microsoft\\\\Edge\\\\Application\\\\msedge.exe","user":"WINDEV2308EVAL\\\\Secretary"}}}
