2026 Feb 03 20:43:09 (Secretary-Windows) any->EventChannel {"win":{"system":{"providerName":"Microsoft-Windows-Security-Auditing","providerGuid":"{54849625-5478-4994-a5ba-3e3b0328c30d}","eventID":"5379","version":"0","level":"0","task":"13824","opcode":"0","keywords":"0x8020000000000000","systemTime":"2026-02-04T04:15:48.1490353Z","eventRecordID":"52022","processID":"764","threadID":"7340","channel":"Security","computer":"WinDev2308Eval","severityValue":"AUDIT_SUCCESS","message":"\"Credential Manager credentials were read.\r\n\r\nSubject:\r\n\tSecurity ID:\t\tS-1-5-18\r\n\tAccount Name:\t\tWINDEV2308EVAL$\r\n\tAccount Domain:\t\tWORKGROUP\r\n\tLogon ID:\t\t0x3E7\r\n\tRead Operation:\t\tEnumerate Credentials\r\n\r\nThis event occurs when a user performs a read operation on stored credentials in Credential Manager.\""},"eventdata":{"subjectUserSid":"S-1-5-18","subjectUserName":"WINDEV2308EVAL$","subjectDomainName":"WORKGROUP","subjectLogonId":"0x3e7","targetName":"WindowsLive:target=virtualapp/didlogical","type":"0","countOfCredentialsReturned":"1","readOperation":"%%8100","returnCode":"0","processCreationTime":"2026-02-02T01:39:02.4586029Z","clientProcessId":"1080"}}}
2026 Feb 03 20:43:09 (OPNsense.localdomain) any->/var/ossec/logs/opnsense_syslog.log Feb  3 19:24:18 OPNsense.localdomain filterlog[44472]: 118,,,6125cb207f65033775d1069fdf6d0ccf,vtnet0,match,pass,out,4,0x0,,64,0,0,DF,17,udp,80,203.0.213.2,193.205.160.3,21478,53,60
2026 Feb 03 20:43:09 (OPNsense.localdomain) any->/var/ossec/logs/opnsense_syslog.log Feb  3 19:24:18 OPNsense.localdomain filterlog[44472]: 115,,,fae559338f65e11c53669fc3642c93c2,vtnet0,match,pass,out,4,0x0,,127,56523,0,DF,6,tcp,52,10.0.40.13,23.40.158.218,53489,80,0,S,615134401,,64240,,mss;nop;wscale;nop;nop;sackOK
2026 Feb 03 20:43:09 (OPNsense.localdomain) any->/var/ossec/logs/opnsense_syslog.log Feb  3 19:24:20 OPNsense.localdomain filterlog[44472]: 118,,,6125cb207f65033775d1069fdf6d0ccf,vtnet0,match,pass,out,4,0x0,,64,0,0,DF,17,udp,92,203.0.213.2,193.205.160.139,64163,53,72
2026 Feb 03 20:43:09 (OPNsense.localdomain) any->/var/ossec/logs/opnsense_syslog.log Feb  3 19:24:20 OPNsense.localdomain filterlog[44472]: 118,,,6125cb207f65033775d1069fdf6d0ccf,vtnet0,match,pass,out,4,0x0,,64,0,0,DF,17,udp,92,203.0.213.2,193.205.160.3,17255,53,72
2026 Feb 03 20:43:09 (OPNsense.localdomain) any->/var/ossec/logs/opnsense_syslog.log Feb  3 19:24:20 OPNsense.localdomain filterlog[44472]: 118,,,6125cb207f65033775d1069fdf6d0ccf,vtnet0,match,pass,out,4,0x0,,64,0,0,DF,17,udp,83,203.0.213.2,193.205.160.139,24536,53,63
2026 Feb 03 20:43:09 (OPNsense.localdomain) any->/var/ossec/logs/opnsense_syslog.log Feb  3 19:24:20 OPNsense.localdomain filterlog[44472]: 115,,,fae559338f65e11c53669fc3642c93c2,vtnet0,match,pass,out,4,0x0,,127,19600,0,DF,6,tcp,52,10.0.40.13,23.216.150.188,58835,443,0,S,3381580429,,64240,,mss;nop;wscale;nop;nop;sackOK
2026 Feb 03 20:43:09 (Secretary-Windows) any->EventChannel {"win":{"system":{"providerName":"Microsoft-Windows-Sysmon","providerGuid":"{5770385f-c22a-43e0-bf4c-06f5698ffbd9}","eventID":"5","version":"3","level":"4","task":"5","opcode":"0","keywords":"0x8000000000000000","systemTime":"2026-02-04T03:34:34.1695179Z","eventRecordID":"2755","processID":"2824","threadID":"3588","channel":"Microsoft-Windows-Sysmon/Operational","computer":"WinDev2308Eval","severityValue":"INFORMATION","message":"\"Process terminated:\r\nRuleName: -\r\nUtcTime: 2026-02-04 03:34:34.168\r\nProcessGuid: {de7f78ee-be0d-6982-4f08-000000001e00}\r\nProcessId: 4340\r\nImage: C:\\Windows\\System32\\OpenSSH\\sshd.exe\r\nUser: WINDEV2308EVAL\\Secretary\""},"eventdata":{"utcTime":"2026-02-04 03:34:34.168","processGuid":"{de7f78ee-be0d-6982-4f08-000000001e00}","processId":"4340","image":"C:\\\\Windows\\\\System32\\\\OpenSSH\\\\sshd.exe","user":"WINDEV2308EVAL\\\\Secretary"}}}
2026 Feb 03 20:43:09 (OPNsense.localdomain) any->/var/ossec/logs/opnsense_syslog.log Feb  3 19:24:22 OPNsense.localdomain filterlog[44472]: 115,,,fae559338f65e11c53669fc3642c93c2,vtnet0,match,pass,out,4,0x0,,127,59056,0,DF,6,tcp,52,10.0.40.13,140.82.121.5,51521,443,0,S,4237763826,,64240,,mss;nop;wscale;nop;nop;sackOK
2026 Feb 03 20:43:09 (OPNsense.localdomain) any->/var/ossec/logs/opnsense_syslog.log Feb  3 19:24:22 OPNsense.localdomain filterlog[44472]: 115,,,fae559338f65e11c53669fc3642c93c2,vtnet0,match,pass,out,4,0x0,,127,3515,0,DF,6,tcp,52,10.0.40.13,140.82.113.22,49636,443,0,S,538884630,,64240,,mss;nop;wscale;nop;nop;sackOK
2026 Feb 03 20:43:09 (OPNsense.localdomain) any->/var/ossec/logs/opnsense_syslog.log Feb  3 19:24:22 OPNsense.localdomain filterlog[44472]: 118,,,6125cb207f65033775d1069fdf6d0ccf,vtnet0,match,pass,out,4,0x0,,64,0,0,DF,17,udp,71,203.0.213.2,193.205.160.3,50755,53,51
2026 Feb 03 20:43:09 (OPNsense.localdomain) any->/var/ossec/logs/opnsense_syslog.log Feb  3 19:24:22 OPNsense.localdomain filterlog[44472]: 118,,,6125cb207f65033775d1069fdf6d0ccf,vtnet0,match,pass,out,4,0x0,,64,0,0,DF,17,udp,77,203.0.213.2,193.205.160.139,48959,53,57
2026 Feb 03 20:43:09 (OPNsense.localdomain) any->/var/ossec/logs/opnsense_syslog.log Feb  3 19:24:22 OPNsense.localdomain filterlog[44472]: 118,,,6125cb207f65033775d1069fdf6d0ccf,vtnet0,match,pass,out,4,0x0,,64,0,0,DF,17,udp,86,203.0.213.2,193.205.160.139,21445,53,66
2026 Feb 03 20:43:09 (OPNsense.localdomain) any->/var/ossec/logs/opnsense_syslog.log Feb  3 19:24:24 OPNsense.localdomain filterlog[44472]: 118,,,6125cb207f65033775d1069fdf6d0ccf,vtnet0,match,pass,out,4,0x0,,64,0,0,DF,17,udp,73,203.0.213.2,193.205.160.3,44306,53,53
2026 Feb 03 20:43:09 (OPNsense.localdomain) any->/var/ossec/logs/opnsense_syslog.log Feb  3 19:24:24 OPNsense.localdomain filterlog[44472]: 118,,,6125cb207f65033775d1069fdf6d0ccf,vtnet0,match,pass,out,4,0x0,,64,0,0,DF,17,udp,97,203.0.213.2,193.205.160.139,31947,53,77
2026 Feb 03 20:43:09 (OPNsense.localdomain) any->/var/ossec/logs/opnsense_syslog.log Feb  3 19:24:24 OPNsense.localdomain filterlog[44472]: 118,,,6125cb207f65033775d1069fdf6d0ccf,vtnet0,match,pass,out,4,0x0,,64,0,0,DF,17,udp,97,203.0.213.2,193.205.160.3,48485,53,77
2026 Feb 03 20:43:09 (OPNsense.localdomain) any->/var/ossec/logs/opnsense_syslog.log Feb  3 19:24:24 OPNsense.localdomain filterlog[44472]: 118,,,6125cb207f65033775d1069fdf6d0ccf,vtnet0,match,pass,out,4,0x0,,64,0,0,DF,17,udp,78,203.0.213.2,193.205.160.3,42927,53,58
2026 Feb 03 20:43:09 (OPNsense.localdomain) any->/var/ossec/logs/opnsense_syslog.log Feb  3 19:24:24 OPNsense.localdomain filterlog[44472]: 118,,,6125cb207f65033775d1069fdf6d0ccf,vtnet0,match,pass,out,4,0x0,,64,0,0,DF,17,udp,78,203.0.213.2,193.205.160.139,8339,53,58
2026 Feb 03 20:43:09 (OPNsense.localdomain) any->/var/ossec/logs/opnsense_syslog.log Feb  3 19:24:24 OPNsense.localdomain filterlog[44472]: 118,,,6125cb207f65033775d1069fdf6d0ccf,vtnet0,match,pass,out,4,0x0,,64,0,0,DF,17,udp,79,203.0.213.2,193.205.160.3,52699,53,59
2026 Feb 03 20:43:09 (OPNsense.localdomain) any->/var/ossec/logs/opnsense_syslog.log Feb  3 19:24:24 OPNsense.localdomain filterlog[44472]: 118,,,6125cb207f65033775d1069fdf6d0ccf,vtnet0,match,pass,out,4,0x0,,64,0,0,DF,17,udp,79,203.0.213.2,193.205.160.3,22527,53,59
2026 Feb 03 20:43:09 (OPNsense.localdomain) any->/var/ossec/logs/opnsense_syslog.log Feb  3 19:24:24 OPNsense.localdomain filterlog[44472]: 118,,,6125cb207f65033775d1069fdf6d0ccf,vtnet0,match,pass,out,4,0x0,,64,0,0,DF,17,udp,114,203.0.213.2,193.205.160.139,49925,53,94
2026 Feb 03 20:43:09 (Secretary-Windows) any->EventChannel {"win":{"system":{"providerName":"Microsoft-Windows-Sysmon","providerGuid":"{5770385f-c22a-43e0-bf4c-06f5698ffbd9}","eventID":"5","version":"3","level":"4","task":"5","opcode":"0","keywords":"0x8000000000000000","systemTime":"2026-02-04T03:34:34.1808780Z","eventRecordID":"2756","processID":"2824","threadID":"3588","channel":"Microsoft-Windows-Sysmon/Operational","computer":"WinDev2308Eval","severityValue":"INFORMATION","message":"\"Process terminated:\r\nRuleName: -\r\nUtcTime: 2026-02-04 03:34:34.180\r\nProcessGuid: {de7f78ee-be0d-6982-4d08-000000001e00}\r\nProcessId: 7504\r\nImage: C:\\Windows\\System32\\OpenSSH\\sshd.exe\r\nUser: NT AUTHORITY\\SYSTEM\""},"eventdata":{"utcTime":"2026-02-04 03:34:34.180","processGuid":"{de7f78ee-be0d-6982-4d08-000000001e00}","processId":"7504","image":"C:\\\\Windows\\\\System32\\\\OpenSSH\\\\sshd.exe","user":"NT AUTHORITY\\\\SYSTEM"}}}
2026 Feb 03 20:43:09 (OPNsense.localdomain) any->/var/ossec/logs/opnsense_syslog.log Feb  3 19:24:24 OPNsense.localdomain filterlog[44472]: 118,,,6125cb207f65033775d1069fdf6d0ccf,vtnet0,match,pass,out,4,0x0,,64,0,0,DF,17,udp,114,203.0.213.2,193.205.160.3,23129,53,94
2026 Feb 03 20:43:09 (OPNsense.localdomain) any->/var/ossec/logs/opnsense_syslog.log Feb  3 19:24:24 OPNsense.localdomain filterlog[44472]: 115,,,fae559338f65e11c53669fc3642c93c2,vtnet0,match,pass,out,4,0x0,,127,32267,0,DF,6,tcp,52,10.0.40.13,23.216.150.186,64323,443,0,S,3309980049,,64240,,mss;nop;wscale;nop;nop;sackOK
2026 Feb 03 20:43:09 (OPNsense.localdomain) any->/var/ossec/logs/opnsense_syslog.log Feb  3 19:24:24 OPNsense.localdomain filterlog[44472]: 115,,,fae559338f65e11c53669fc3642c93c2,vtnet0,match,pass,out,4,0x0,,127,30548,0,DF,6,tcp,52,10.0.40.13,20.199.58.43,53788,443,0,S,2002514418,,64240,,mss;nop;wscale;nop;nop;sackOK
2026 Feb 03 20:43:09 (OPNsense.localdomain) any->/var/ossec/logs/opnsense_syslog.log Feb  3 19:24:24 OPNsense.localdomain filterlog[44472]: 115,,,fae559338f65e11c53669fc3642c93c2,vtnet0,match,pass,out,4,0x0,,127,38105,0,DF,6,tcp,52,10.0.40.13,150.171.28.11,57668,443,0,S,1554111410,,64240,,mss;nop;wscale;nop;nop;sackOK
2026 Feb 03 20:43:09 (OPNsense.localdomain) any->/var/ossec/logs/opnsense_syslog.log Feb  3 19:24:25 OPNsense.localdomain filterlog[44472]: 115,,,fae559338f65e11c53669fc3642c93c2,vtnet0,match,pass,out,4,0x0,,127,38116,0,DF,6,tcp,52,10.0.40.13,150.171.28.11,56410,443,0,S,1707124858,,64240,,mss;nop;wscale;nop;nop;sackOK
2026 Feb 03 20:43:09 (OPNsense.localdomain) any->/var/ossec/logs/opnsense_syslog.log Feb  3 19:24:31 OPNsense.localdomain filterlog[44472]: 115,,,fae559338f65e11c53669fc3642c93c2,vlan0.99,match,pass,out,4,0x0,,64,0,0,DF,6,tcp,60,10.0.99.1,10.0.99.14,26055,1514,0,S,516263332,,65228,,mss;nop;wscale;sackOK;TS
2026 Feb 03 20:43:09 (OPNsense.localdomain) any->/var/ossec/logs/opnsense_syslog.log Feb  3 19:24:26 OPNsense.localdomain filterlog[44472]: 115,,,fae559338f65e11c53669fc3642c93c2,vlan0.99,match,pass,out,4,0x0,,127,1907,0,DF,6,tcp,52,10.0.40.13,10.0.99.14,56411,1515,0,S,1782056539,,64240,,mss;nop;wscale;nop;nop;sackOK
2026 Feb 03 20:43:09 (Secretary-Windows) any->EventChannel {"win":{"system":{"providerName":"Microsoft-Windows-Security-Auditing","providerGuid":"{54849625-5478-4994-a5ba-3e3b0328c30d}","eventID":"5379","version":"0","level":"0","task":"13824","opcode":"0","keywords":"0x8020000000000000","systemTime":"2026-02-04T04:15:48.1540378Z","eventRecordID":"52023","processID":"764","threadID":"7340","channel":"Security","computer":"WinDev2308Eval","severityValue":"AUDIT_SUCCESS","message":"\"Credential Manager credentials were read.\r\n\r\nSubject:\r\n\tSecurity ID:\t\tS-1-5-21-3116511072-3024718013-308258476-1001\r\n\tAccount Name:\t\tSecretary\r\n\tAccount Domain:\t\tWINDEV2308EVAL\r\n\tLogon ID:\t\t0x3DF1F4\r\n\tRead Operation:\t\tEnumerate Credentials\r\n\r\nThis event occurs when a user performs a read operation on stored credentials in Credential Manager.\""},"eventdata":{"subjectUserSid":"S-1-5-21-3116511072-3024718013-308258476-1001","subjectUserName":"Secretary","subjectDomainName":"WINDEV2308EVAL","subjectLogonId":"0x3df1f4","targetName":"WindowsLive:(token):name=02adfhietqpbykqa;serviceuri=*","type":"0","countOfCredentialsReturned":"0","readOperation":"%%8100","returnCode":"3221226021","processCreationTime":"2026-02-02T01:39:02.4586029Z","clientProcessId":"1080"}}}
2026 Feb 03 20:43:09 (OPNsense.localdomain) any->/var/ossec/logs/opnsense_syslog.log Feb  3 19:24:37 OPNsense.localdomain filterlog[44472]: 118,,,6125cb207f65033775d1069fdf6d0ccf,vtnet0,match,pass,out,4,0xb8,,64,16539,0,none,17,udp,76,203.0.213.2,162.159.200.1,123,123,56
2026 Feb 03 20:43:09 (OPNsense.localdomain) any->/var/ossec/logs/opnsense_syslog.log Feb  3 19:24:51 OPNsense.localdomain filterlog[44472]: 75,,,5abb7d88958c4e6df293f4bdf4663c7b,vlan0.10,match,pass,in,4,0x0,,128,9310,0,none,17,udp,348,0.0.0.0,255.255.255.255,68,67,328
2026 Feb 03 20:43:09 (OPNsense.localdomain) any->/var/ossec/logs/opnsense_syslog.log Feb  3 19:24:52 OPNsense.localdomain filterlog[44472]: 118,,,6125cb207f65033775d1069fdf6d0ccf,vtnet0,match,pass,out,4,0x0,,64,0,0,DF,17,udp,86,203.0.213.2,193.205.160.3,61853,53,66
2026 Feb 03 20:43:09 (OPNsense.localdomain) any->/var/ossec/logs/opnsense_syslog.log Feb  3 19:24:52 OPNsense.localdomain filterlog[44472]: 118,,,6125cb207f65033775d1069fdf6d0ccf,vtnet0,match,pass,out,4,0x0,,64,0,0,DF,17,udp,111,203.0.213.2,193.205.160.3,24305,53,91
2026 Feb 03 20:43:09 (OPNsense.localdomain) any->/var/ossec/logs/opnsense_syslog.log Feb  3 19:24:52 OPNsense.localdomain filterlog[44472]: 118,,,6125cb207f65033775d1069fdf6d0ccf,vtnet0,match,pass,out,4,0x0,,64,0,0,DF,17,udp,99,203.0.213.2,193.205.160.139,48713,53,79
2026 Feb 03 20:43:09 (OPNsense.localdomain) any->/var/ossec/logs/opnsense_syslog.log Feb  3 19:24:52 OPNsense.localdomain filterlog[44472]: 115,,,fae559338f65e11c53669fc3642c93c2,vtnet0,match,pass,out,4,0x0,,127,65496,0,DF,6,tcp,52,10.0.10.12,20.189.173.24,50858,443,0,S,3028384433,,64240,,mss;nop;wscale;nop;nop;sackOK
2026 Feb 03 20:43:09 (Secretary-Windows) any->EventChannel {"win":{"system":{"providerName":"Microsoft-Windows-Sysmon","providerGuid":"{5770385f-c22a-43e0-bf4c-06f5698ffbd9}","eventID":"5","version":"3","level":"4","task":"5","opcode":"0","keywords":"0x8000000000000000","systemTime":"2026-02-04T03:34:38.6932380Z","eventRecordID":"2757","processID":"2824","threadID":"3588","channel":"Microsoft-Windows-Sysmon/Operational","computer":"WinDev2308Eval","severityValue":"INFORMATION","message":"\"Process terminated:\r\nRuleName: -\r\nUtcTime: 2026-02-04 03:34:38.692\r\nProcessGuid: {de7f78ee-be10-6982-5d08-000000001e00}\r\nProcessId: 4680\r\nImage: C:\\Windows\\System32\\backgroundTaskHost.exe\r\nUser: WINDEV2308EVAL\\Secretary\""},"eventdata":{"utcTime":"2026-02-04 03:34:38.692","processGuid":"{de7f78ee-be10-6982-5d08-000000001e00}","processId":"4680","image":"C:\\\\Windows\\\\System32\\\\backgroundTaskHost.exe","user":"WINDEV2308EVAL\\\\Secretary"}}}
2026 Feb 03 20:43:09 (OPNsense.localdomain) any->/var/ossec/logs/opnsense_syslog.log Feb  3 19:24:52 OPNsense.localdomain filterlog[44472]: 29,,,1d245529367b2e34eeaff16086aeafe9,vlan0.10,match,pass,in,6,0x00,0x00000,255,ipv6-icmp,58,32,fe80::6781:1f95:3c3a:72ac,ff02::1,datalength=32
2026 Feb 03 20:43:09 (OPNsense.localdomain) any->/var/ossec/logs/opnsense_syslog.log Feb  3 19:24:53 OPNsense.localdomain filterlog[44472]: 118,,,6125cb207f65033775d1069fdf6d0ccf,vtnet0,match,pass,out,4,0x0,,64,0,0,DF,17,udp,80,203.0.213.2,193.205.160.3,12539,53,60
2026 Feb 03 20:43:09 (OPNsense.localdomain) any->/var/ossec/logs/opnsense_syslog.log Feb  3 19:24:53 OPNsense.localdomain filterlog[44472]: 118,,,6125cb207f65033775d1069fdf6d0ccf,vtnet0,match,pass,out,4,0x0,,64,0,0,DF,17,udp,87,203.0.213.2,193.205.160.3,37928,53,67
2026 Feb 03 20:43:09 (OPNsense.localdomain) any->/var/ossec/logs/opnsense_syslog.log Feb  3 19:24:53 OPNsense.localdomain filterlog[44472]: 118,,,6125cb207f65033775d1069fdf6d0ccf,vtnet0,match,pass,out,4,0x0,,64,0,0,DF,17,udp,76,203.0.213.2,193.205.160.3,36257,53,56
2026 Feb 03 20:43:09 (OPNsense.localdomain) any->/var/ossec/logs/opnsense_syslog.log Feb  3 19:24:53 OPNsense.localdomain filterlog[44472]: 115,,,fae559338f65e11c53669fc3642c93c2,vtnet0,match,pass,out,4,0x0,,127,29542,0,DF,6,tcp,52,10.0.10.12,95.100.171.14,50859,80,0,S,2423018610,,64240,,mss;nop;wscale;nop;nop;sackOK
2026 Feb 03 20:43:09 (OPNsense.localdomain) any->/var/ossec/logs/opnsense_syslog.log Feb  3 19:24:53 OPNsense.localdomain filterlog[44472]: 118,,,6125cb207f65033775d1069fdf6d0ccf,vtnet0,match,pass,out,4,0x0,,64,0,0,DF,17,udp,91,203.0.213.2,193.205.160.3,8298,53,71
2026 Feb 03 20:43:09 (OPNsense.localdomain) any->/var/ossec/logs/opnsense_syslog.log Feb  3 19:24:53 OPNsense.localdomain filterlog[44472]: 118,,,6125cb207f65033775d1069fdf6d0ccf,vtnet0,match,pass,out,4,0x0,,64,0,0,DF,17,udp,91,203.0.213.2,193.205.160.139,58355,53,71
2026 Feb 03 20:43:09 (Secretary-Windows) any->EventChannel {"win":{"system":{"providerName":"Microsoft-Windows-Security-Auditing","providerGuid":"{54849625-5478-4994-a5ba-3e3b0328c30d}","eventID":"5379","version":"0","level":"0","task":"13824","opcode":"0","keywords":"0x8020000000000000","systemTime":"2026-02-04T04:15:48.1543613Z","eventRecordID":"52024","processID":"764","threadID":"7340","channel":"Security","computer":"WinDev2308Eval","severityValue":"AUDIT_SUCCESS","message":"\"Credential Manager credentials were read.\r\n\r\nSubject:\r\n\tSecurity ID:\t\tS-1-5-21-3116511072-3024718013-308258476-1001\r\n\tAccount Name:\t\tSecretary\r\n\tAccount Domain:\t\tWINDEV2308EVAL\r\n\tLogon ID:\t\t0x3DF1F4\r\n\tRead Operation:\t\tEnumerate Credentials\r\n\r\nThis event occurs when a user performs a read operation on stored credentials in Credential Manager.\""},"eventdata":{"subjectUserSid":"S-1-5-21-3116511072-3024718013-308258476-1001","subjectUserName":"Secretary","subjectDomainName":"WINDEV2308EVAL","subjectLogonId":"0x3df1f4","targetName":"WindowsLive:(cert):name=02adfhietqpbykqa;serviceuri=*","type":"0","countOfCredentialsReturned":"0","readOperation":"%%8100","returnCode":"3221226021","processCreationTime":"2026-02-02T01:39:02.4586029Z","clientProcessId":"1080"}}}
2026 Feb 03 20:43:09 (OPNsense.localdomain) any->/var/ossec/logs/opnsense_syslog.log Feb  3 19:24:53 OPNsense.localdomain filterlog[44472]: 118,,,6125cb207f65033775d1069fdf6d0ccf,vtnet0,match,pass,out,4,0x0,,64,0,0,DF,17,udp,95,203.0.213.2,193.205.160.3,39507,53,75
2026 Feb 03 20:43:09 (OPNsense.localdomain) any->/var/ossec/logs/opnsense_syslog.log Feb  3 19:24:53 OPNsense.localdomain filterlog[44472]: 118,,,6125cb207f65033775d1069fdf6d0ccf,vtnet0,match,pass,out,4,0x0,,64,0,0,DF,17,udp,87,203.0.213.2,193.205.160.139,35123,53,67
2026 Feb 03 20:43:09 (OPNsense.localdomain) any->/var/ossec/logs/opnsense_syslog.log Feb  3 19:24:53 OPNsense.localdomain filterlog[44472]: 118,,,6125cb207f65033775d1069fdf6d0ccf,vtnet0,match,pass,out,4,0x0,,64,0,0,DF,17,udp,86,203.0.213.2,193.205.160.139,27622,53,66
2026 Feb 03 20:43:09 (OPNsense.localdomain) any->/var/ossec/logs/opnsense_syslog.log Feb  3 19:24:53 OPNsense.localdomain filterlog[44472]: 118,,,6125cb207f65033775d1069fdf6d0ccf,vtnet0,match,pass,out,4,0x0,,64,0,0,DF,17,udp,100,203.0.213.2,193.205.160.3,15502,53,80
2026 Feb 03 20:43:09 (OPNsense.localdomain) any->/var/ossec/logs/opnsense_syslog.log Feb  3 19:24:53 OPNsense.localdomain filterlog[44472]: 24,,,02f4bab031b57d1e30553ce08e0ec131,vlan0.10,match,block,in,4,0x0,,128,5699,0,DF,6,tcp,40,10.0.10.12,52.123.128.14,63432,443,0,FA,1998228062,2351916903,1018,,
2026 Feb 03 20:43:09 (OPNsense.localdomain) any->/var/ossec/logs/opnsense_syslog.log Feb  3 19:24:53 OPNsense.localdomain filterlog[44472]: 24,,,02f4bab031b57d1e30553ce08e0ec131,vlan0.10,match,block,in,4,0x0,,128,5699,0,DF,6,tcp,40,10.0.10.12,52.123.128.14,63432,443,0,FA,1998228062,2351916903,1018,,
2026 Feb 03 20:43:09 (Secretary-Windows) any->EventChannel {"win":{"system":{"providerName":"Microsoft-Windows-Sysmon","providerGuid":"{5770385f-c22a-43e0-bf4c-06f5698ffbd9}","eventID":"1","version":"5","level":"4","task":"1","opcode":"0","keywords":"0x8000000000000000","systemTime":"2026-02-04T03:34:45.8031842Z","eventRecordID":"2758","processID":"2824","threadID":"3588","channel":"Microsoft-Windows-Sysmon/Operational","computer":"WinDev2308Eval","severityValue":"INFORMATION","message":"\"Process Create:\r\nRuleName: -\r\nUtcTime: 2026-02-04 03:34:45.791\r\nProcessGuid: {de7f78ee-be55-6982-9208-000000001e00}\r\nProcessId: 7896\r\nImage: C:\\Program Files (x86)\\Microsoft\\Edge\\Application\\msedge.exe\r\nFileVersion: 144.0.3719.104\r\nDescription: Microsoft Edge\r\nProduct: Microsoft Edge\r\nCompany: Microsoft Corporation\r\nOriginalFileName: msedge.exe\r\nCommandLine: \"C:\\Program Files (x86)\\Microsoft\\Edge\\Application\\msedge.exe\" --type=utility --utility-sub-type=edge_search_indexer.mojom.SearchIndexerInterfaceBroker --lang=en-US --service-sandbox-type=search_indexer --message-loop-type-ui --noerrdialogs --user-data-dir=\"C:\\Users\\SECRET~1\\AppData\\Local\\Temp\\scoped_dir6216_650965905\" --ram-no-pressure-read-main-dll --field-trial-handle=2436,i,14337498407806940781,10433881642979078379,262144 --enable-features=msMetricsLogFastStartup,msSendMetricsLogOnClose --disable-features=IgnoreDuplicateNavs,PaintHolding,Prewarm --variations-seed-version --trace-process-track-uuid=3190709001304541078 --enable-logging=handle --log-file=7076 --log-level=0 --mojo-platform-channel-handle=7156 /prefetch:14\r\nCurrentDirectory: C:\\Program Files (x86)\\Microsoft\\Edge\\Application\\144.0.3719.104\\\r\nUser: WINDEV2308EVAL\\Secretary\r\nLogonGuid: {de7f78ee-4b47-6982-f4f1-3d0000000000}\r\nLogonId: 0x3DF1F4\r\nTerminalSessionId: 2\r\nIntegrityLevel: Low\r\nHashes: SHA256=C93DB508A45D9D394C38BA5BDC9A131C4CA09D4BF96EED2AD4794E10E359D2B8\r\nParentProcessGuid: {de7f78ee-be19-6982-8108-000000001e00}\r\nParentProcessId: 1844\r\nParentImage: C:\\Program Files (x86)\\Microsoft\\Edge\\Application\\msedge.exe\r\nParentCommandLine: \"C:\\Program Files (x86)\\Microsoft\\Edge\\Application\\msedge.exe\" --allow-pre-commit-input --disable-background-networking --disable-backgrounding-occluded-windows --disable-client-side-phishing-detection --disable-default-apps --disable-features=IgnoreDuplicateNavs,Prewarm --disable-hang-monitor --disable-popup-blocking --disable-prompt-on-repost --disable-sync --edge-skip-compat-layer-relaunch --enable-automation --enable-logging --headless --log-level=0 --no-first-run --no-service-autorun --password-store=basic --remote-debugging-port=0 --start-maximized --test-type=webdriver --use-mock-keychain --user-data-dir=\"C:\\Users\\SECRET~1\\AppData\\Local\\Temp\\scoped_dir6216_650965905\" --window-size=1920,1080 data:,\r\nParentUser: WINDEV2308EVAL\\Secretary\""},"eventdata":{"utcTime":"2026-02-04 03:34:45.791","processGuid":"{de7f78ee-be55-6982-9208-000000001e00}","processId":"7896","image":"C:\\\\Program Files (x86)\\\\Microsoft\\\\Edge\\\\Application\\\\msedge.exe","fileVersion":"144.0.3719.104","description":"Microsoft Edge","product":"Microsoft Edge","company":"Microsoft Corporation","originalFileName":"msedge.exe","commandLine":"\\\"C:\\\\Program Files (x86)\\\\Microsoft\\\\Edge\\\\Application\\\\msedge.exe\\\" --type=utility --utility-sub-type=edge_search_indexer.mojom.SearchIndexerInterfaceBroker --lang=en-US --service-sandbox-type=search_indexer --message-loop-type-ui --noerrdialogs --user-data-dir=\\\"C:\\\\Users\\\\SECRET~1\\\\AppData\\\\Local\\\\Temp\\\\scoped_dir6216_650965905\\\" --ram-no-pressure-read-main-dll --field-trial-handle=2436,i,14337498407806940781,10433881642979078379,262144 --enable-features=msMetricsLogFastStartup,msSendMetricsLogOnClose --disable-features=IgnoreDuplicateNavs,PaintHolding,Prewarm --variations-seed-version --trace-process-track-uuid=3190709001304541078 --enable-logging=handle --log-file=7076 --log-level=0 --mojo-platform-channel-handle=7156 /prefetch:14","currentDirectory":"C:\\\\Program Files (x86)\\\\Microsoft\\\\Edge\\\\Application\\\\144.0.3719.104\\\\","user":"WINDEV2308EVAL\\\\Secretary","logonGuid":"{de7f78ee-4b47-6982-f4f1-3d0000000000}","logonId":"0x3df1f4","terminalSessionId":"2","integrityLevel":"Low","hashes":"SHA256=C93DB508A45D9D394C38BA5BDC9A131C4CA09D4BF96EED2AD4794E10E359D2B8","parentProcessGuid":"{de7f78ee-be19-6982-8108-000000001e00}","parentProcessId":"1844","parentImage":"C:\\\\Program Files (x86)\\\\Microsoft\\\\Edge\\\\Application\\\\msedge.exe","parentCommandLine":"\\\"C:\\\\Program Files (x86)\\\\Microsoft\\\\Edge\\\\Application\\\\msedge.exe\\\" --allow-pre-commit-input --disable-background-networking --disable-backgrounding-occluded-windows --disable-client-side-phishing-detection --disable-default-apps --disable-features=IgnoreDuplicateNavs,Prewarm --disable-hang-monitor --disable-popup-blocking --disable-prompt-on-repost --disable-sync --edge-skip-compat-layer-relaunch --enable-automation --enable-logging --headless --log-level=0 --no-first-run --no-service-autorun --password-store=basic --remote-debugging-port=0 --start-maximized --test-type=webdriver --use-mock-keychain --user-data-dir=\\\"C:\\\\Users\\\\SECRET~1\\\\AppData\\\\Local\\\\Temp\\\\scoped_dir6216_650965905\\\" --window-size=1920,1080 data:,","parentUser":"WINDEV2308EVAL\\\\Secretary"}}}
2026 Feb 03 20:43:09 (OPNsense.localdomain) any->/var/ossec/logs/opnsense_syslog.log Feb  3 19:24:53 OPNsense.localdomain filterlog[44472]: 115,,,fae559338f65e11c53669fc3642c93c2,vtnet0,match,pass,out,4,0x0,,127,29372,0,DF,6,tcp,52,10.0.40.13,13.107.246.43,56265,443,0,S,3379928573,,64240,,mss;nop;wscale;nop;nop;sackOK
2026 Feb 03 20:43:09 (OPNsense.localdomain) any->/var/ossec/logs/opnsense_syslog.log Feb  3 19:24:53 OPNsense.localdomain filterlog[44472]: 118,,,6125cb207f65033775d1069fdf6d0ccf,vtnet0,match,pass,out,4,0x0,,64,0,0,DF,17,udp,86,203.0.213.2,193.205.160.139,56505,53,66
2026 Feb 03 20:43:09 (OPNsense.localdomain) any->/var/ossec/logs/opnsense_syslog.log Feb  3 19:24:53 OPNsense.localdomain filterlog[44472]: 118,,,6125cb207f65033775d1069fdf6d0ccf,vtnet0,match,pass,out,4,0x0,,64,0,0,DF,17,udp,67,203.0.213.2,193.205.160.139,26926,53,47
2026 Feb 03 20:43:09 (OPNsense.localdomain) any->/var/ossec/logs/opnsense_syslog.log Feb  3 19:24:53 OPNsense.localdomain filterlog[44472]: 118,,,6125cb207f65033775d1069fdf6d0ccf,vtnet0,match,pass,out,4,0x0,,64,0,0,DF,17,udp,67,203.0.213.2,193.205.160.3,48750,53,47
2026 Feb 03 20:43:09 (OPNsense.localdomain) any->/var/ossec/logs/opnsense_syslog.log Feb  3 19:24:53 OPNsense.localdomain filterlog[44472]: 118,,,6125cb207f65033775d1069fdf6d0ccf,vtnet0,match,pass,out,4,0x0,,64,0,0,DF,17,udp,80,203.0.213.2,193.205.160.139,40711,53,60
2026 Feb 03 20:43:09 (OPNsense.localdomain) any->/var/ossec/logs/opnsense_syslog.log Feb  3 19:24:53 OPNsense.localdomain filterlog[44472]: 118,,,6125cb207f65033775d1069fdf6d0ccf,vtnet0,match,pass,out,4,0x0,,64,0,0,DF,17,udp,89,203.0.213.2,193.205.160.3,61177,53,69
2026 Feb 03 20:43:09 (Secretary-Windows) any->EventChannel {"win":{"system":{"providerName":"Microsoft-Windows-Security-Auditing","providerGuid":"{54849625-5478-4994-a5ba-3e3b0328c30d}","eventID":"5379","version":"0","level":"0","task":"13824","opcode":"0","keywords":"0x8020000000000000","systemTime":"2026-02-04T04:15:48.1544877Z","eventRecordID":"52025","processID":"764","threadID":"7340","channel":"Security","computer":"WinDev2308Eval","severityValue":"AUDIT_SUCCESS","message":"\"Credential Manager credentials were read.\r\n\r\nSubject:\r\n\tSecurity ID:\t\tS-1-5-21-3116511072-3024718013-308258476-1001\r\n\tAccount Name:\t\tSecretary\r\n\tAccount Domain:\t\tWINDEV2308EVAL\r\n\tLogon ID:\t\t0x3DF1F4\r\n\tRead Operation:\t\tEnumerate Credentials\r\n\r\nThis event occurs when a user performs a read operation on stored credentials in Credential Manager.\""},"eventdata":{"subjectUserSid":"S-1-5-21-3116511072-3024718013-308258476-1001","subjectUserName":"Secretary","subjectDomainName":"WINDEV2308EVAL","subjectLogonId":"0x3df1f4","targetName":"WindowsLive:target=virtualapp/didlogical","type":"0","countOfCredentialsReturned":"1","readOperation":"%%8100","returnCode":"0","processCreationTime":"2026-02-02T01:39:02.4586029Z","clientProcessId":"1080"}}}
2026 Feb 03 20:43:09 (OPNsense.localdomain) any->/var/ossec/logs/opnsense_syslog.log Feb  3 19:24:53 OPNsense.localdomain filterlog[44472]: 118,,,6125cb207f65033775d1069fdf6d0ccf,vtnet0,match,pass,out,4,0x0,,64,0,0,DF,17,udp,84,203.0.213.2,193.205.160.3,11783,53,64
2026 Feb 03 20:43:09 (OPNsense.localdomain) any->/var/ossec/logs/opnsense_syslog.log Feb  3 19:24:53 OPNsense.localdomain filterlog[44472]: 115,,,fae559338f65e11c53669fc3642c93c2,vtnet0,match,pass,out,4,0x0,,127,38131,0,DF,6,tcp,52,10.0.40.13,150.171.28.11,56140,443,0,S,833522525,,64240,,mss;nop;wscale;nop;nop;sackOK
2026 Feb 03 20:43:09 (OPNsense.localdomain) any->/var/ossec/logs/opnsense_syslog.log Feb  3 19:24:53 OPNsense.localdomain filterlog[44472]: 118,,,6125cb207f65033775d1069fdf6d0ccf,vtnet0,match,pass,out,4,0x0,,64,0,0,DF,17,udp,84,203.0.213.2,193.205.160.3,36893,53,64
2026 Feb 03 20:43:09 (OPNsense.localdomain) any->/var/ossec/logs/opnsense_syslog.log Feb  3 19:24:53 OPNsense.localdomain filterlog[44472]: 118,,,6125cb207f65033775d1069fdf6d0ccf,vtnet0,match,pass,out,4,0x0,,64,0,0,DF,17,udp,89,203.0.213.2,193.205.160.3,17848,53,69
2026 Feb 03 20:43:09 (OPNsense.localdomain) any->/var/ossec/logs/opnsense_syslog.log Feb  3 19:24:53 OPNsense.localdomain filterlog[44472]: 115,,,fae559338f65e11c53669fc3642c93c2,vtnet0,match,pass,out,4,0x0,,127,61409,0,DF,6,tcp,52,10.0.10.12,151.101.242.172,50860,80,0,S,1484464611,,64240,,mss;nop;wscale;nop;nop;sackOK
2026 Feb 03 20:43:09 (OPNsense.localdomain) any->/var/ossec/logs/opnsense_syslog.log Feb  3 19:24:53 OPNsense.localdomain filterlog[44472]: 118,,,6125cb207f65033775d1069fdf6d0ccf,vtnet0,match,pass,out,4,0x0,,64,0,0,DF,17,udp,78,203.0.213.2,193.205.160.3,34896,53,58
2026 Feb 03 20:43:09 (Secretary-Windows) any->EventChannel {"win":{"system":{"providerName":"Microsoft-Windows-Sysmon","providerGuid":"{5770385f-c22a-43e0-bf4c-06f5698ffbd9}","eventID":"1","version":"5","level":"4","task":"1","opcode":"0","keywords":"0x8000000000000000","systemTime":"2026-02-04T03:34:46.0160544Z","eventRecordID":"2759","processID":"2824","threadID":"3588","channel":"Microsoft-Windows-Sysmon/Operational","computer":"WinDev2308Eval","severityValue":"INFORMATION","message":"\"Process Create:\r\nRuleName: -\r\nUtcTime: 2026-02-04 03:34:46.006\r\nProcessGuid: {de7f78ee-be56-6982-9308-000000001e00}\r\nProcessId: 1180\r\nImage: C:\\Windows\\System32\\RuntimeBroker.exe\r\nFileVersion: 10.0.22621.5415 (WinBuild.160101.0800)\r\nDescription: Runtime Broker\r\nProduct: Microsoft® Windows® Operating System\r\nCompany: Microsoft Corporation\r\nOriginalFileName: RuntimeBroker.exe\r\nCommandLine: C:\\Windows\\System32\\RuntimeBroker.exe -Embedding\r\nCurrentDirectory: C:\\Windows\\system32\\\r\nUser: WINDEV2308EVAL\\Secretary\r\nLogonGuid: {de7f78ee-4b47-6982-f4f1-3d0000000000}\r\nLogonId: 0x3DF1F4\r\nTerminalSessionId: 2\r\nIntegrityLevel: Medium\r\nHashes: SHA256=5F40EEC9673436AE1EA4DD3770F773C26B3D035A6A4DECFC981571168193B904\r\nParentProcessGuid: {de7f78ee-0035-6980-0f00-000000001e00}\r\nParentProcessId: 896\r\nParentImage: C:\\Windows\\System32\\svchost.exe\r\nParentCommandLine: C:\\Windows\\system32\\svchost.exe -k DcomLaunch -p\r\nParentUser: NT AUTHORITY\\SYSTEM\""},"eventdata":{"utcTime":"2026-02-04 03:34:46.006","processGuid":"{de7f78ee-be56-6982-9308-000000001e00}","processId":"1180","image":"C:\\\\Windows\\\\System32\\\\RuntimeBroker.exe","fileVersion":"10.0.22621.5415 (WinBuild.160101.0800)","description":"Runtime Broker","product":"Microsoft® Windows® Operating System","company":"Microsoft Corporation","originalFileName":"RuntimeBroker.exe","commandLine":"C:\\\\Windows\\\\System32\\\\RuntimeBroker.exe -Embedding","currentDirectory":"C:\\\\Windows\\\\system32\\\\","user":"WINDEV2308EVAL\\\\Secretary","logonGuid":"{de7f78ee-4b47-6982-f4f1-3d0000000000}","logonId":"0x3df1f4","terminalSessionId":"2","integrityLevel":"Medium","hashes":"SHA256=5F40EEC9673436AE1EA4DD3770F773C26B3D035A6A4DECFC981571168193B904","parentProcessGuid":"{de7f78ee-0035-6980-0f00-000000001e00}","parentProcessId":"896","parentImage":"C:\\\\Windows\\\\System32\\\\svchost.exe","parentCommandLine":"C:\\\\Windows\\\\system32\\\\svchost.exe -k DcomLaunch -p","parentUser":"NT AUTHORITY\\\\SYSTEM"}}}
2026 Feb 03 20:43:09 (OPNsense.localdomain) any->/var/ossec/logs/opnsense_syslog.log Feb  3 19:24:53 OPNsense.localdomain filterlog[44472]: 115,,,fae559338f65e11c53669fc3642c93c2,vtnet0,match,pass,out,4,0x0,,127,21306,0,DF,6,tcp,52,10.0.40.13,150.171.27.10,63432,443,0,S,224801385,,64240,,mss;nop;wscale;nop;nop;sackOK
2026 Feb 03 20:43:09 (OPNsense.localdomain) any->/var/ossec/logs/opnsense_syslog.log Feb  3 19:24:54 OPNsense.localdomain filterlog[44472]: 118,,,6125cb207f65033775d1069fdf6d0ccf,vtnet0,match,pass,out,4,0x0,,64,0,0,DF,17,udp,79,203.0.213.2,193.205.160.139,34238,53,59
2026 Feb 03 20:43:09 (OPNsense.localdomain) any->/var/ossec/logs/opnsense_syslog.log Feb  3 19:24:54 OPNsense.localdomain filterlog[44472]: 118,,,6125cb207f65033775d1069fdf6d0ccf,vtnet0,match,pass,out,4,0x0,,64,0,0,DF,17,udp,73,203.0.213.2,193.205.160.139,32572,53,53
2026 Feb 03 20:43:09 (OPNsense.localdomain) any->/var/ossec/logs/opnsense_syslog.log Feb  3 19:24:54 OPNsense.localdomain filterlog[44472]: 118,,,6125cb207f65033775d1069fdf6d0ccf,vtnet0,match,pass,out,4,0x0,,64,0,0,DF,17,udp,79,203.0.213.2,193.205.160.3,63040,53,59
2026 Feb 03 20:43:09 (OPNsense.localdomain) any->/var/ossec/logs/opnsense_syslog.log Feb  3 19:24:53 OPNsense.localdomain filterlog[44472]: 115,,,fae559338f65e11c53669fc3642c93c2,vtnet0,match,pass,out,4,0x0,,127,65508,0,DF,6,tcp,52,10.0.10.12,20.189.173.24,50861,443,0,S,285565809,,64240,,mss;nop;wscale;nop;nop;sackOK
2026 Feb 03 20:43:09 (OPNsense.localdomain) any->/var/ossec/logs/opnsense_syslog.log Feb  3 19:24:54 OPNsense.localdomain filterlog[44472]: 115,,,fae559338f65e11c53669fc3642c93c2,vtnet0,match,pass,out,4,0x0,,127,65521,0,DF,6,tcp,52,10.0.10.12,20.189.173.24,50862,443,0,S,3263618816,,64240,,mss;nop;wscale;nop;nop;sackOK
2026 Feb 03 20:43:09 (OPNsense.localdomain) any->/var/ossec/logs/opnsense_syslog.log Feb  3 19:24:55 OPNsense.localdomain filterlog[44472]: 24,,,02f4bab031b57d1e30553ce08e0ec131,vlan0.10,match,block,in,4,0x0,,128,28455,0,none,17,udp,96,10.0.10.12,10.0.10.255,137,137,76
2026 Feb 03 20:43:09 (OPNsense.localdomain) any->/var/ossec/logs/opnsense_syslog.log Feb  3 19:24:55 OPNsense.localdomain filterlog[44472]: 24,,,02f4bab031b57d1e30553ce08e0ec131,vlan0.10,match,block,in,4,0x0,,128,28455,0,none,17,udp,96,10.0.10.12,10.0.10.255,137,137,76
2026 Feb 03 20:43:09 (OPNsense.localdomain) any->/var/ossec/logs/opnsense_syslog.log Feb  3 19:24:55 OPNsense.localdomain filterlog[44472]: 24,,,02f4bab031b57d1e30553ce08e0ec131,vlan0.10,match,block,in,4,0x0,,128,28457,0,none,17,udp,96,10.0.10.12,10.0.10.255,137,137,76
2026 Feb 03 20:43:09 (OPNsense.localdomain) any->/var/ossec/logs/opnsense_syslog.log Feb  3 19:24:55 OPNsense.localdomain filterlog[44472]: 24,,,02f4bab031b57d1e30553ce08e0ec131,vlan0.10,match,block,in,4,0x0,,128,28456,0,none,17,udp,96,10.0.10.12,10.0.10.255,137,137,76
2026 Feb 03 20:43:09 (OPNsense.localdomain) any->/var/ossec/logs/opnsense_syslog.log Feb  3 19:24:55 OPNsense.localdomain filterlog[44472]: 24,,,02f4bab031b57d1e30553ce08e0ec131,vlan0.10,match,block,in,4,0x0,,128,28457,0,none,17,udp,96,10.0.10.12,10.0.10.255,137,137,76
2026 Feb 03 20:43:09 (OPNsense.localdomain) any->/var/ossec/logs/opnsense_syslog.log Feb  3 19:24:55 OPNsense.localdomain filterlog[44472]: 24,,,02f4bab031b57d1e30553ce08e0ec131,vlan0.10,match,block,in,4,0x0,,128,28456,0,none,17,udp,96,10.0.10.12,10.0.10.255,137,137,76
2026 Feb 03 20:43:09 (OPNsense.localdomain) any->/var/ossec/logs/opnsense_syslog.log Feb  3 19:24:55 OPNsense.localdomain filterlog[44472]: 118,,,6125cb207f65033775d1069fdf6d0ccf,vtnet0,match,pass,out,4,0x0,,64,0,0,DF,17,udp,79,203.0.213.2,193.205.160.139,64625,53,59
2026 Feb 03 20:43:09 (OPNsense.localdomain) any->/var/ossec/logs/opnsense_syslog.log Feb  3 19:24:55 OPNsense.localdomain filterlog[44472]: 118,,,6125cb207f65033775d1069fdf6d0ccf,vtnet0,match,pass,out,4,0x0,,64,0,0,DF,17,udp,86,203.0.213.2,193.205.160.3,16829,53,66
2026 Feb 03 20:43:09 (Secretary-Windows) any->EventChannel {"win":{"system":{"providerName":"Microsoft-Windows-Security-Auditing","providerGuid":"{54849625-5478-4994-a5ba-3e3b0328c30d}","eventID":"5379","version":"0","level":"0","task":"13824","opcode":"0","keywords":"0x8020000000000000","systemTime":"2026-02-04T04:15:48.1576930Z","eventRecordID":"52026","processID":"764","threadID":"7340","channel":"Security","computer":"WinDev2308Eval","severityValue":"AUDIT_SUCCESS","message":"\"Credential Manager credentials were read.\r\n\r\nSubject:\r\n\tSecurity ID:\t\tS-1-5-21-3116511072-3024718013-308258476-1001\r\n\tAccount Name:\t\tSecretary\r\n\tAccount Domain:\t\tWINDEV2308EVAL\r\n\tLogon ID:\t\t0x3DF1F4\r\n\tRead Operation:\t\tEnumerate Credentials\r\n\r\nThis event occurs when a user performs a read operation on stored credentials in Credential Manager.\""},"eventdata":{"subjectUserSid":"S-1-5-21-3116511072-3024718013-308258476-1001","subjectUserName":"Secretary","subjectDomainName":"WINDEV2308EVAL","subjectLogonId":"0x3df1f4","targetName":"MicrosoftAccount:user=02adfhietqpbykqa","type":"0","countOfCredentialsReturned":"0","readOperation":"%%8100","returnCode":"3221226021","processCreationTime":"2026-02-02T01:39:02.4586029Z","clientProcessId":"1080"}}}
2026 Feb 03 20:43:09 (OPNsense.localdomain) any->/var/ossec/logs/opnsense_syslog.log Feb  3 19:24:55 OPNsense.localdomain filterlog[44472]: 24,,,02f4bab031b57d1e30553ce08e0ec131,vlan0.10,match,block,in,4,0x0,,128,28458,0,none,17,udp,96,10.0.10.12,10.0.10.255,137,137,76
2026 Feb 03 20:43:09 (OPNsense.localdomain) any->/var/ossec/logs/opnsense_syslog.log Feb  3 19:24:55 OPNsense.localdomain filterlog[44472]: 24,,,02f4bab031b57d1e30553ce08e0ec131,vlan0.10,match,block,in,4,0x0,,128,28459,0,none,17,udp,96,10.0.10.12,10.0.10.255,137,137,76
2026 Feb 03 20:43:09 (OPNsense.localdomain) any->/var/ossec/logs/opnsense_syslog.log Feb  3 19:24:55 OPNsense.localdomain filterlog[44472]: 24,,,02f4bab031b57d1e30553ce08e0ec131,vlan0.10,match,block,in,4,0x0,,128,28458,0,none,17,udp,96,10.0.10.12,10.0.10.255,137,137,76
2026 Feb 03 20:43:09 (OPNsense.localdomain) any->/var/ossec/logs/opnsense_syslog.log Feb  3 19:24:55 OPNsense.localdomain filterlog[44472]: 115,,,fae559338f65e11c53669fc3642c93c2,vtnet0,match,pass,out,4,0x0,,127,32872,0,DF,6,tcp,52,10.0.10.12,4.207.247.139,50863,443,0,S,713352722,,64240,,mss;nop;wscale;nop;nop;sackOK
2026 Feb 03 20:43:09 (OPNsense.localdomain) any->/var/ossec/logs/opnsense_syslog.log Feb  3 19:24:55 OPNsense.localdomain filterlog[44472]: 24,,,02f4bab031b57d1e30553ce08e0ec131,vlan0.10,match,block,in,4,0x0,,128,28459,0,none,17,udp,96,10.0.10.12,10.0.10.255,137,137,76
2026 Feb 03 20:43:09 (OPNsense.localdomain) any->/var/ossec/logs/opnsense_syslog.log Feb  3 19:24:55 OPNsense.localdomain filterlog[44472]: 24,,,02f4bab031b57d1e30553ce08e0ec131,vlan0.10,match,block,in,4,0x0,,128,28460,0,none,17,udp,96,10.0.10.12,10.0.10.255,137,137,76
2026 Feb 03 20:43:09 (Secretary-Windows) any->EventChannel {"win":{"system":{"providerName":"Microsoft-Windows-Sysmon","providerGuid":"{5770385f-c22a-43e0-bf4c-06f5698ffbd9}","eventID":"1","version":"5","level":"4","task":"1","opcode":"0","keywords":"0x8000000000000000","systemTime":"2026-02-04T03:34:46.5085550Z","eventRecordID":"2760","processID":"2824","threadID":"3588","channel":"Microsoft-Windows-Sysmon/Operational","computer":"WinDev2308Eval","severityValue":"INFORMATION","message":"\"Process Create:\r\nRuleName: -\r\nUtcTime: 2026-02-04 03:34:46.498\r\nProcessGuid: {de7f78ee-be56-6982-9408-000000001e00}\r\nProcessId: 2428\r\nImage: C:\\Windows\\System32\\SearchProtocolHost.exe\r\nFileVersion: 7.0.22621.6060 (WinBuild.160101.0800)\r\nDescription: Microsoft Windows Search Protocol Host\r\nProduct: Windows® Search\r\nCompany: Microsoft Corporation\r\nOriginalFileName: SearchProtocolHost.exe\r\nCommandLine: \"C:\\Windows\\System32\\SearchProtocolHost.exe\" Global\\UsGthrFltPipeMssGthrPipe_S-1-5-21-3116511072-3024718013-308258476-100139_ Global\\UsGthrCtrlFltPipeMssGthrPipe_S-1-5-21-3116511072-3024718013-308258476-100139 1 -2147483646 \"Software\\Microsoft\\Windows Search\" \"Mozilla/4.0 (compatible; MSIE 6.0; Windows NT; MS Search 4.0 Robot)\" \"C:\\ProgramData\\Microsoft\\Search\\Data\\Temp\\usgthrsvc\" \"DownLevelDaemon\"  \"1\"\r\nCurrentDirectory: C:\\Windows\\system32\\\r\nUser: WINDEV2308EVAL\\Secretary\r\nLogonGuid: {de7f78ee-4b47-6982-f4f1-3d0000000000}\r\nLogonId: 0x3DF1F4\r\nTerminalSessionId: 2\r\nIntegrityLevel: Medium\r\nHashes: SHA256=F15422BCCDDB3D2BD96C3FC408E8112367A6692E29730CF04894210C0894C4E2\r\nParentProcessGuid: {de7f78ee-0060-6980-9c00-000000001e00}\r\nParentProcessId: 5064\r\nParentImage: C:\\Windows\\System32\\SearchIndexer.exe\r\nParentCommandLine: C:\\Windows\\system32\\SearchIndexer.exe /Embedding\r\nParentUser: NT AUTHORITY\\SYSTEM\""},"eventdata":{"utcTime":"2026-02-04 03:34:46.498","processGuid":"{de7f78ee-be56-6982-9408-000000001e00}","processId":"2428","image":"C:\\\\Windows\\\\System32\\\\SearchProtocolHost.exe","fileVersion":"7.0.22621.6060 (WinBuild.160101.0800)","description":"Microsoft Windows Search Protocol Host","product":"Windows® Search","company":"Microsoft Corporation","originalFileName":"SearchProtocolHost.exe","commandLine":"\\\"C:\\\\Windows\\\\System32\\\\SearchProtocolHost.exe\\\" Global\\\\UsGthrFltPipeMssGthrPipe_S-1-5-21-3116511072-3024718013-308258476-100139_ Global\\\\UsGthrCtrlFltPipeMssGthrPipe_S-1-5-21-3116511072-3024718013-308258476-100139 1 -2147483646 \\\"Software\\\\Microsoft\\\\Windows Search\\\" \\\"Mozilla/4.0 (compatible; MSIE 6.0; Windows NT; MS Search 4.0 Robot)\\\" \\\"C:\\\\ProgramData\\\\Microsoft\\\\Search\\\\Data\\\\Temp\\\\usgthrsvc\\\" \\\"DownLevelDaemon\\\"  \\\"1\\\"","currentDirectory":"C:\\\\Windows\\\\system32\\\\","user":"WINDEV2308EVAL\\\\Secretary","logonGuid":"{de7f78ee-4b47-6982-f4f1-3d0000000000}","logonId":"0x3df1f4","terminalSessionId":"2","integrityLevel":"Medium","hashes":"SHA256=F15422BCCDDB3D2BD96C3FC408E8112367A6692E29730CF04894210C0894C4E2","parentProcessGuid":"{de7f78ee-0060-6980-9c00-000000001e00}","parentProcessId":"5064","parentImage":"C:\\\\Windows\\\\System32\\\\SearchIndexer.exe","parentCommandLine":"C:\\\\Windows\\\\system32\\\\SearchIndexer.exe /Embedding","parentUser":"NT AUTHORITY\\\\SYSTEM"}}}
2026 Feb 03 20:43:09 (OPNsense.localdomain) any->/var/ossec/logs/opnsense_syslog.log Feb  3 19:24:56 OPNsense.localdomain filterlog[44472]: 24,,,02f4bab031b57d1e30553ce08e0ec131,vlan0.10,match,block,in,4,0x0,,128,5700,0,DF,6,tcp,40,10.0.10.12,52.123.128.14,63432,443,0,FA,1998228062,2351916903,1018,,
2026 Feb 03 20:43:09 (OPNsense.localdomain) any->/var/ossec/logs/opnsense_syslog.log Feb  3 19:24:56 OPNsense.localdomain filterlog[44472]: 24,,,02f4bab031b57d1e30553ce08e0ec131,vlan0.10,match,block,in,4,0x0,,128,5700,0,DF,6,tcp,40,10.0.10.12,52.123.128.14,63432,443,0,FA,1998228062,2351916903,1018,,
2026 Feb 03 20:43:09 (OPNsense.localdomain) any->/var/ossec/logs/opnsense_syslog.log Feb  3 19:24:55 OPNsense.localdomain filterlog[44472]: 24,,,02f4bab031b57d1e30553ce08e0ec131,vlan0.10,match,block,in,4,0x0,,128,28460,0,none,17,udp,96,10.0.10.12,10.0.10.255,137,137,76
2026 Feb 03 20:43:09 (OPNsense.localdomain) any->/var/ossec/logs/opnsense_syslog.log Feb  3 19:24:56 OPNsense.localdomain filterlog[44472]: 24,,,02f4bab031b57d1e30553ce08e0ec131,vlan0.10,match,block,in,4,0x0,,128,28461,0,none,17,udp,96,10.0.10.12,10.0.10.255,137,137,76
2026 Feb 03 20:43:09 (OPNsense.localdomain) any->/var/ossec/logs/opnsense_syslog.log Feb  3 19:24:56 OPNsense.localdomain filterlog[44472]: 24,,,02f4bab031b57d1e30553ce08e0ec131,vlan0.10,match,block,in,4,0x0,,128,28461,0,none,17,udp,96,10.0.10.12,10.0.10.255,137,137,76
2026 Feb 03 20:43:09 (Secretary-Windows) any->EventChannel {"win":{"system":{"providerName":"Microsoft-Windows-Security-Auditing","providerGuid":"{54849625-5478-4994-a5ba-3e3b0328c30d}","eventID":"5379","version":"0","level":"0","task":"13824","opcode":"0","keywords":"0x8020000000000000","systemTime":"2026-02-04T04:15:48.1583757Z","eventRecordID":"52027","processID":"764","threadID":"7340","channel":"Security","computer":"WinDev2308Eval","severityValue":"AUDIT_SUCCESS","message":"\"Credential Manager credentials were read.\r\n\r\nSubject:\r\n\tSecurity ID:\t\tS-1-5-21-3116511072-3024718013-308258476-1001\r\n\tAccount Name:\t\tSecretary\r\n\tAccount Domain:\t\tWINDEV2308EVAL\r\n\tLogon ID:\t\t0x3DF1F4\r\n\tRead Operation:\t\tEnumerate Credentials\r\n\r\nThis event occurs when a user performs a read operation on stored credentials in Credential Manager.\""},"eventdata":{"subjectUserSid":"S-1-5-21-3116511072-3024718013-308258476-1001","subjectUserName":"Secretary","subjectDomainName":"WINDEV2308EVAL","subjectLogonId":"0x3df1f4","targetName":"WindowsLive:(token):name=02adfhietqpbykqa;serviceuri=*","type":"0","countOfCredentialsReturned":"0","readOperation":"%%8100","returnCode":"3221226021","processCreationTime":"2026-02-02T01:39:02.4586029Z","clientProcessId":"1080"}}}
