2026 Feb 03 20:43:11 (Secretary-Windows) any->EventChannel {"win":{"system":{"providerName":"Microsoft-Windows-Sysmon","providerGuid":"{5770385f-c22a-43e0-bf4c-06f5698ffbd9}","eventID":"1","version":"5","level":"4","task":"1","opcode":"0","keywords":"0x8000000000000000","systemTime":"2026-02-04T03:41:46.0273942Z","eventRecordID":"2856","processID":"2824","threadID":"3588","channel":"Microsoft-Windows-Sysmon/Operational","computer":"WinDev2308Eval","severityValue":"INFORMATION","message":"\"Process Create:\r\nRuleName: -\r\nUtcTime: 2026-02-04 03:41:46.008\r\nProcessGuid: {de7f78ee-bffa-6982-bf08-000000001e00}\r\nProcessId: 2084\r\nImage: C:\\Windows\\System32\\WindowsPowerShell\\v1.0\\powershell.exe\r\nFileVersion: 10.0.22621.3085 (WinBuild.160101.0800)\r\nDescription: Windows PowerShell\r\nProduct: Microsoft® Windows® Operating System\r\nCompany: Microsoft Corporation\r\nOriginalFileName: PowerShell.EXE\r\nCommandLine: powershell  -NoProfile \"$ErrorActionPreference='silentlycontinue'; $tmp = (Get-Item -Path \"$env:PROGRAMFILES\\Microsoft\\Edge\\Application\\msedge.exe\").VersionInfo.FileVersion; if ($tmp) {echo $tmp; Exit;}; $tmp = (Get-Item -Path \"$env:PROGRAMFILES (x86)\\Microsoft\\Edge\\Application\\msedge.exe\").VersionInfo.FileVersion; if ($tmp) {echo $tmp; Exit;}; $tmp = (Get-ItemProperty -Path Registry::\"HKCU\\SOFTWARE\\Microsoft\\Edge\\BLBeacon\").version; if ($tmp) {echo $tmp; Exit;}; $tmp = (Get-ItemProperty -Path Registry::\"HKLM\\SOFTWARE\\Microsoft\\EdgeUpdate\\Clients\\{56EB18F8-8008-4CBD-B6D2-8C97FE7E9062}\").pv; if ($tmp) {echo $tmp; Exit;}; $tmp = (Get-Item -Path \"$env:LOCALAPPDATA\\Microsoft\\Edge Beta\\Application\\msedge.exe\").VersionInfo.FileVersion; if ($tmp) {echo $tmp; Exit;}; $tmp = (Get-Item -Path \"$env:PROGRAMFILES\\Microsoft\\Edge Beta\\Application\\msedge.exe\").VersionInfo.FileVersion; if ($tmp) {echo $tmp; Exit;}; $tmp = (Get-Item -Path \"$env:PROGRAMFILES (x86)\\Microsoft\\Edge Beta\\Application\\msedge.exe\").VersionInfo.FileVersion; if ($tmp) {echo $tmp; Exit;}; $tmp = (Get-ItemProperty -Path Registry::\"HKCU\\SOFTWARE\\Microsoft\\Edge Beta\\BLBeacon\").version; if ($tmp) {echo $tmp; Exit;}; $tmp = (Get-Item -Path \"$env:LOCALAPPDATA\\Microsoft\\Edge Dev\\Application\\msedge.exe\").VersionInfo.FileVersion; if ($tmp) {echo $tmp; Exit;}; $tmp = (Get-Item -Path \"$env:PROGRAMFILES\\Microsoft\\Edge Dev\\Application\\msedge.exe\").VersionInfo.FileVersion; if ($tmp) {echo $tmp; Exit;}; $tmp = (Get-Item -Path \"$env:PROGRAMFILES (x86)\\Microsoft\\Edge Dev\\Application\\msedge.exe\").VersionInfo.FileVersion; if ($tmp) {echo $tmp; Exit;}; $tmp = (Get-ItemProperty -Path Registry::\"HKCU\\SOFTWARE\\Microsoft\\Edge Dev\\BLBeacon\").version; if ($tmp) {echo $tmp; Exit;}; $tmp = (Get-Item -Path \"$env:LOCALAPPDATA\\Microsoft\\Edge SxS\\Application\\msedge.exe\").VersionInfo.FileVersion; if ($tmp) {echo $tmp; Exit;}; $tmp = (Get-ItemProperty -Path Registry::\"HKCU\\SOFTWARE\\Microsoft\\Edge SxS\\BLBeacon\").version; if ($tmp) {echo $tmp; Exit;}; $tmp = (Get-Item (Get-ItemProperty 'HKLM:\\SOFTWARE\\Microsoft\\Windows\\CurrentVersion\\App Paths\\msedge.exe').'(Default)').VersionInfo.ProductVersion; if ($tmp) {echo $tmp; Exit;}; $tmp = [System.Diagnostics.FileVersionInfo]::GetVersionInfo((Get-ItemProperty 'HKLM:\\SOFTWARE\\Microsoft\\Windows\\CurrentVersion\\App Paths\\msedge.exe').'(Default)').ProductVersion; if ($tmp) {echo $tmp; Exit;}; $tmp = Get-AppxPackage -Name *MicrosoftEdge.* | Foreach Version; if ($tmp) {echo $tmp; Exit;}; $tmp = (Get-ItemProperty -Path Registry::\"HKLM\\SOFTWARE\\Wow6432Node\\Microsoft\\Windows\\CurrentVersion\\Uninstall\\Microsoft Edge\").version; if ($tmp) {echo $tmp; Exit;};\"\r\nCurrentDirectory: C:\\Users\\Secretary\\user_behavior_generation\\worker\\\r\nUser: WINDEV2308EVAL\\Secretary\r\nLogonGuid: {de7f78ee-4b47-6982-f4f1-3d0000000000}\r\nLogonId: 0x3DF1F4\r\nTerminalSessionId: 2\r\nIntegrityLevel: Medium\r\nHashes: SHA256=3247BCFD60F6DD25F34CB74B5889AB10EF1B3EC72B4D4B3D95B5B25B534560B8\r\nParentProcessGuid: {de7f78ee-bff9-6982-be08-000000001e00}\r\nParentProcessId: 7432\r\nParentImage: C:\\Windows\\System32\\cmd.exe\r\nParentCommandLine: C:\\Windows\\system32\\cmd.exe /c \"powershell -NoProfile \"$ErrorActionPreference='silentlycontinue'; $tmp = (Get-Item -Path \"$env:PROGRAMFILES\\Microsoft\\Edge\\Application\\msedge.exe\").VersionInfo.FileVersion; if ($tmp) {echo $tmp; Exit;}; $tmp = (Get-Item -Path \"$env:PROGRAMFILES (x86)\\Microsoft\\Edge\\Application\\msedge.exe\").VersionInfo.FileVersion; if ($tmp) {echo $tmp; Exit;}; $tmp = (Get-ItemProperty -Path Registry::\"HKCU\\SOFTWARE\\Microsoft\\Edge\\BLBeacon\").version; if ($tmp) {echo $tmp; Exit;}; $tmp = (Get-ItemProperty -Path Registry::\"HKLM\\SOFTWARE\\Microsoft\\EdgeUpdate\\Clients\\{56EB18F8-8008-4CBD-B6D2-8C97FE7E9062}\").pv; if ($tmp) {echo $tmp; Exit;}; $tmp = (Get-Item -Path \"$env:LOCALAPPDATA\\Microsoft\\Edge Beta\\Application\\msedge.exe\").VersionInfo.FileVersion; if ($tmp) {echo $tmp; Exit;}; $tmp = (Get-Item -Path \"$env:PROGRAMFILES\\Microsoft\\Edge Beta\\Application\\msedge.exe\").VersionInfo.FileVersion; if ($tmp) {echo $tmp; Exit;}; $tmp = (Get-Item -Path \"$env:PROGRAMFILES (x86)\\Microsoft\\Edge Beta\\Application\\msedge.exe\").VersionInfo.FileVersion; if ($tmp) {echo $tmp; Exit;}; $tmp = (Get-ItemProperty -Path Registry::\"HKCU\\SOFTWARE\\Microsoft\\Edge Beta\\BLBeacon\").version; if ($tmp) {echo $tmp; Exit;}; $tmp = (Get-Item -Path \"$env:LOCALAPPDATA\\Microsoft\\Edge Dev\\Application\\msedge.exe\").VersionInfo.FileVersion; if ($tmp) {echo $tmp; Exit;}; $tmp = (Get-Item -Path \"$env:PROGRAMFILES\\Microsoft\\Edge Dev\\Application\\msedge.exe\").VersionInfo.FileVersion; if ($tmp) {echo $tmp; Exit;}; $tmp = (Get-Item -Path \"$env:PROGRAMFILES (x86)\\Microsoft\\Edge Dev\\Application\\msedge.exe\").VersionInfo.FileVersion; if ($tmp) {echo $tmp; Exit;}; $tmp = (Get-ItemProperty -Path Registry::\"HKCU\\SOFTWARE\\Microsoft\\Edge Dev\\BLBeacon\").version; if ($tmp) {echo $tmp; Exit;}; $tmp = (Get-Item -Path \"$env:LOCALAPPDATA\\Microsoft\\Edge SxS\\Application\\msedge.exe\").VersionInfo.FileVersion; if ($tmp) {echo $tmp; Exit;}; $tmp = (Get-ItemProperty -Path Registry::\"HKCU\\SOFTWARE\\Microsoft\\Edge SxS\\BLBeacon\").version; if ($tmp) {echo $tmp; Exit;}; $tmp = (Get-Item (Get-ItemProperty 'HKLM:\\SOFTWARE\\Microsoft\\Windows\\CurrentVersion\\App Paths\\msedge.exe').'(Default)').VersionInfo.ProductVersion; if ($tmp) {echo $tmp; Exit;}; $tmp = [System.Diagnostics.FileVersionInfo]::GetVersionInfo((Get-ItemProperty 'HKLM:\\SOFTWARE\\Microsoft\\Windows\\CurrentVersion\\App Paths\\msedge.exe').'(Default)').ProductVersion; if ($tmp) {echo $tmp; Exit;}; $tmp = Get-AppxPackage -Name *MicrosoftEdge.* | Foreach Version; if ($tmp) {echo $tmp; Exit;}; $tmp = (Get-ItemProperty -Path Registry::\"HKLM\\SOFTWARE\\Wow6432Node\\Microsoft\\Windows\\CurrentVersion\\Uninstall\\Microsoft Edge\").version; if ($tmp) {echo $tmp; Exit;};\"\"\r\nParentUser: WINDEV2308EVAL\\Secretary\""},"eventdata":{"utcTime":"2026-02-04 03:41:46.008","processGuid":"{de7f78ee-bffa-6982-bf08-000000001e00}","processId":"2084","image":"C:\\\\Windows\\\\System32\\\\WindowsPowerShell\\\\v1.0\\\\powershell.exe","fileVersion":"10.0.22621.3085 (WinBuild.160101.0800)","description":"Windows PowerShell","product":"Microsoft® Windows® Operating System","company":"Microsoft Corporation","originalFileName":"PowerShell.EXE","commandLine":"powershell  -NoProfile \\\"$ErrorActionPreference='silentlycontinue'; $tmp = (Get-Item -Path \\\"$env:PROGRAMFILES\\\\Microsoft\\\\Edge\\\\Application\\\\msedge.exe\\\").VersionInfo.FileVersion; if ($tmp) {echo $tmp; Exit;}; $tmp = (Get-Item -Path \\\"$env:PROGRAMFILES (x86)\\\\Microsoft\\\\Edge\\\\Application\\\\msedge.exe\\\").VersionInfo.FileVersion; if ($tmp) {echo $tmp; Exit;}; $tmp = (Get-ItemProperty -Path Registry::\\\"HKCU\\\\SOFTWARE\\\\Microsoft\\\\Edge\\\\BLBeacon\\\").version; if ($tmp) {echo $tmp; Exit;}; $tmp = (Get-ItemProperty -Path Registry::\\\"HKLM\\\\SOFTWARE\\\\Microsoft\\\\EdgeUpdate\\\\Clients\\\\{56EB18F8-8008-4CBD-B6D2-8C97FE7E9062}\\\").pv; if ($tmp) {echo $tmp; Exit;}; $tmp = (Get-Item -Path \\\"$env:LOCALAPPDATA\\\\Microsoft\\\\Edge Beta\\\\Application\\\\msedge.exe\\\").VersionInfo.FileVersion; if ($tmp) {echo $tmp; Exit;}; $tmp = (Get-Item -Path \\\"$env:PROGRAMFILES\\\\Microsoft\\\\Edge Beta\\\\Application\\\\msedge.exe\\\").VersionInfo.FileVersion; if ($tmp) {echo $tmp; Exit;}; $tmp = (Get-Item -Path \\\"$env:PROGRAMFILES (x86)\\\\Microsoft\\\\Edge Beta\\\\Application\\\\msedge.exe\\\").VersionInfo.FileVersion; if ($tmp) {echo $tmp; Exit;}; $tmp = (Get-ItemProperty -Path Registry::\\\"HKCU\\\\SOFTWARE\\\\Microsoft\\\\Edge Beta\\\\BLBeacon\\\").version; if ($tmp) {echo $tmp; Exit;}; $tmp = (Get-Item -Path \\\"$env:LOCALAPPDATA\\\\Microsoft\\\\Edge Dev\\\\Application\\\\msedge.exe\\\").VersionInfo.FileVersion; if ($tmp) {echo $tmp; Exit;}; $tmp = (Get-Item -Path \\\"$env:PROGRAMFILES\\\\Microsoft\\\\Edge Dev\\\\Application\\\\msedge.exe\\\").VersionInfo.FileVersion; if ($tmp) {echo $tmp; Exit;}; $tmp = (Get-Item -Path \\\"$env:PROGRAMFILES (x86)\\\\Microsoft\\\\Edge Dev\\\\Application\\\\msedge.exe\\\").VersionInfo.FileVersion; if ($tmp) {echo $tmp; Exit;}; $tmp = (Get-ItemProperty -Path Registry::\\\"HKCU\\\\SOFTWARE\\\\Microsoft\\\\Edge Dev\\\\BLBeacon\\\").version; if ($tmp) {echo $tmp; Exit;}; $tmp = (Get-Item -Path \\\"$env:LOCALAPPDATA\\\\Microsoft\\\\Edge SxS\\\\Application\\\\msedge.exe\\\").VersionInfo.FileVersion; if ($tmp) {echo $tmp; Exit;}; $tmp = (Get-ItemProperty -Path Registry::\\\"HKCU\\\\SOFTWARE\\\\Microsoft\\\\Edge SxS\\\\BLBeacon\\\").version; if ($tmp) {echo $tmp; Exit;}; $tmp = (Get-Item (Get-ItemProperty 'HKLM:\\\\SOFTWARE\\\\Microsoft\\\\Windows\\\\CurrentVersion\\\\App Paths\\\\msedge.exe').'(Default)').VersionInfo.ProductVersion; if ($tmp) {echo $tmp; Exit;}; $tmp = [System.Diagnostics.FileVersionInfo]::GetVersionInfo((Get-ItemProperty 'HKLM:\\\\SOFTWARE\\\\Microsoft\\\\Windows\\\\CurrentVersion\\\\App Paths\\\\msedge.exe').'(Default)').ProductVersion; if ($tmp) {echo $tmp; Exit;}; $tmp = Get-AppxPackage -Name *MicrosoftEdge.* | Foreach Version; if ($tmp) {echo $tmp; Exit;}; $tmp = (Get-ItemProperty -Path Registry::\\\"HKLM\\\\SOFTWARE\\\\Wow6432Node\\\\Microsoft\\\\Windows\\\\CurrentVersion\\\\Uninstall\\\\Microsoft Edge\\\").version; if ($tmp) {echo $tmp; Exit;};\\\"","currentDirectory":"C:\\\\Users\\\\Secretary\\\\user_behavior_generation\\\\worker\\\\","user":"WINDEV2308EVAL\\\\Secretary","logonGuid":"{de7f78ee-4b47-6982-f4f1-3d0000000000}","logonId":"0x3df1f4","terminalSessionId":"2","integrityLevel":"Medium","hashes":"SHA256=3247BCFD60F6DD25F34CB74B5889AB10EF1B3EC72B4D4B3D95B5B25B534560B8","parentProcessGuid":"{de7f78ee-bff9-6982-be08-000000001e00}","parentProcessId":"7432","parentImage":"C:\\\\Windows\\\\System32\\\\cmd.exe","parentCommandLine":"C:\\\\Windows\\\\system32\\\\cmd.exe /c \\\"powershell -NoProfile \\\"$ErrorActionPreference='silentlycontinue'; $tmp = (Get-Item -Path \\\"$env:PROGRAMFILES\\\\Microsoft\\\\Edge\\\\Application\\\\msedge.exe\\\").VersionInfo.FileVersion; if ($tmp) {echo $tmp; Exit;}; $tmp = (Get-Item -Path \\\"$env:PROGRAMFILES (x86)\\\\Microsoft\\\\Edge\\\\Application\\\\msedge.exe\\\").VersionInfo.FileVersion; if ($tmp) {echo $tmp; Exit;}; $tmp = (Get-ItemProperty -Path Registry::\\\"HKCU\\\\SOFTWARE\\\\Microsoft\\\\Edge\\\\BLBeacon\\\").version; if ($tmp) {echo $tmp; Exit;}; $tmp = (Get-ItemProperty -Path Registry::\\\"HKLM\\\\SOFTWARE\\\\Microsoft\\\\EdgeUpdate\\\\Clients\\\\{56EB18F8-8008-4CBD-B6D2-8C97FE7E9062}\\\").pv; if ($tmp) {echo $tmp; Exit;}; $tmp = (Get-Item -Path \\\"$env:LOCALAPPDATA\\\\Microsoft\\\\Edge Beta\\\\Application\\\\msedge.exe\\\").VersionInfo.FileVersion; if ($tmp) {echo $tmp; Exit;}; $tmp = (Get-Item -Path \\\"$env:PROGRAMFILES\\\\Microsoft\\\\Edge Beta\\\\Application\\\\msedge.exe\\\").VersionInfo.FileVersion; if ($tmp) {echo $tmp; Exit;}; $tmp = (Get-Item -Path \\\"$env:PROGRAMFILES (x86)\\\\Microsoft\\\\Edge Beta\\\\Application\\\\msedge.exe\\\").VersionInfo.FileVersion; if ($tmp) {echo $tmp; Exit;}; $tmp = (Get-ItemProperty -Path Registry::\\\"HKCU\\\\SOFTWARE\\\\Microsoft\\\\Edge Beta\\\\BLBeacon\\\").version; if ($tmp) {echo $tmp; Exit;}; $tmp = (Get-Item -Path \\\"$env:LOCALAPPDATA\\\\Microsoft\\\\Edge Dev\\\\Application\\\\msedge.exe\\\").VersionInfo.FileVersion; if ($tmp) {echo $tmp; Exit;}; $tmp = (Get-Item -Path \\\"$env:PROGRAMFILES\\\\Microsoft\\\\Edge Dev\\\\Application\\\\msedge.exe\\\").VersionInfo.FileVersion; if ($tmp) {echo $tmp; Exit;}; $tmp = (Get-Item -Path \\\"$env:PROGRAMFILES (x86)\\\\Microsoft\\\\Edge Dev\\\\Application\\\\msedge.exe\\\").VersionInfo.FileVersion; if ($tmp) {echo $tmp; Exit;}; $tmp = (Get-ItemProperty -Path Registry::\\\"HKCU\\\\SOFTWARE\\\\Microsoft\\\\Edge Dev\\\\BLBeacon\\\").version; if ($tmp) {echo $tmp; Exit;}; $tmp = (Get-Item -Path \\\"$env:LOCALAPPDATA\\\\Microsoft\\\\Edge SxS\\\\Application\\\\msedge.exe\\\").VersionInfo.FileVersion; if ($tmp) {echo $tmp; Exit;}; $tmp = (Get-ItemProperty -Path Registry::\\\"HKCU\\\\SOFTWARE\\\\Microsoft\\\\Edge SxS\\\\BLBeacon\\\").version; if ($tmp) {echo $tmp; Exit;}; $tmp = (Get-Item (Get-ItemProperty 'HKLM:\\\\SOFTWARE\\\\Microsoft\\\\Windows\\\\CurrentVersion\\\\App Paths\\\\msedge.exe').'(Default)').VersionInfo.ProductVersion; if ($tmp) {echo $tmp; Exit;}; $tmp = [System.Diagnostics.FileVersionInfo]::GetVersionInfo((Get-ItemProperty 'HKLM:\\\\SOFTWARE\\\\Microsoft\\\\Windows\\\\CurrentVersion\\\\App Paths\\\\msedge.exe').'(Default)').ProductVersion; if ($tmp) {echo $tmp; Exit;}; $tmp = Get-AppxPackage -Name *MicrosoftEdge.* | Foreach Version; if ($tmp) {echo $tmp; Exit;}; $tmp = (Get-ItemProperty -Path Registry::\\\"HKLM\\\\SOFTWARE\\\\Wow6432Node\\\\Microsoft\\\\Windows\\\\CurrentVersion\\\\Uninstall\\\\Microsoft Edge\\\").version; if ($tmp) {echo $tmp; Exit;};\\\"\\\"","parentUser":"WINDEV2308EVAL\\\\Secretary"}}}
2026 Feb 03 20:43:11 (OPNsense.localdomain) any->syscollector {"data":{"architecture":"amd64","checksum":"3750d00eee70427a79eaf41af13b636947b210cc","description":"UUID library from e2fsprogs package","format":"pkg","groups":" ","install_time":"1767391942","item_id":"2b60cf701f6284a1245a2f1171262e29f6537867","location":" ","name":"e2fsprogs-libuuid","priority":" ","scan_time":"2026/02/03 19:12:07","size":"87859","source":"OPNsense","vendor":"mandree@FreeBSD.org","version":"1.47.2"},"operation":"MODIFIED","type":"dbsync_packages"}
2026 Feb 03 20:43:11 (Secretary-Windows) any->EventChannel {"win":{"system":{"providerName":"Microsoft-Windows-Sysmon","providerGuid":"{5770385f-c22a-43e0-bf4c-06f5698ffbd9}","eventID":"5","version":"3","level":"4","task":"5","opcode":"0","keywords":"0x8000000000000000","systemTime":"2026-02-04T03:41:47.3337585Z","eventRecordID":"2857","processID":"2824","threadID":"3588","channel":"Microsoft-Windows-Sysmon/Operational","computer":"WinDev2308Eval","severityValue":"INFORMATION","message":"\"Process terminated:\r\nRuleName: -\r\nUtcTime: 2026-02-04 03:41:47.328\r\nProcessGuid: {de7f78ee-bffa-6982-bf08-000000001e00}\r\nProcessId: 2084\r\nImage: C:\\Windows\\System32\\WindowsPowerShell\\v1.0\\powershell.exe\r\nUser: WINDEV2308EVAL\\Secretary\""},"eventdata":{"utcTime":"2026-02-04 03:41:47.328","processGuid":"{de7f78ee-bffa-6982-bf08-000000001e00}","processId":"2084","image":"C:\\\\Windows\\\\System32\\\\WindowsPowerShell\\\\v1.0\\\\powershell.exe","user":"WINDEV2308EVAL\\\\Secretary"}}}
2026 Feb 03 20:43:11 (Secretary-Windows) any->EventChannel {"win":{"system":{"providerName":"Microsoft-Windows-Sysmon","providerGuid":"{5770385f-c22a-43e0-bf4c-06f5698ffbd9}","eventID":"5","version":"3","level":"4","task":"5","opcode":"0","keywords":"0x8000000000000000","systemTime":"2026-02-04T03:41:47.3567516Z","eventRecordID":"2858","processID":"2824","threadID":"3588","channel":"Microsoft-Windows-Sysmon/Operational","computer":"WinDev2308Eval","severityValue":"INFORMATION","message":"\"Process terminated:\r\nRuleName: -\r\nUtcTime: 2026-02-04 03:41:47.344\r\nProcessGuid: {de7f78ee-bff9-6982-be08-000000001e00}\r\nProcessId: 7432\r\nImage: C:\\Windows\\System32\\cmd.exe\r\nUser: WINDEV2308EVAL\\Secretary\""},"eventdata":{"utcTime":"2026-02-04 03:41:47.344","processGuid":"{de7f78ee-bff9-6982-be08-000000001e00}","processId":"7432","image":"C:\\\\Windows\\\\System32\\\\cmd.exe","user":"WINDEV2308EVAL\\\\Secretary"}}}
2026 Feb 03 20:43:11 (Secretary-Windows) any->EventChannel {"win":{"system":{"providerName":"Microsoft-Windows-Sysmon","providerGuid":"{5770385f-c22a-43e0-bf4c-06f5698ffbd9}","eventID":"1","version":"5","level":"4","task":"1","opcode":"0","keywords":"0x8000000000000000","systemTime":"2026-02-04T03:41:47.3654571Z","eventRecordID":"2859","processID":"2824","threadID":"3588","channel":"Microsoft-Windows-Sysmon/Operational","computer":"WinDev2308Eval","severityValue":"INFORMATION","message":"\"Process Create:\r\nRuleName: -\r\nUtcTime: 2026-02-04 03:41:47.359\r\nProcessGuid: {de7f78ee-bffb-6982-c008-000000001e00}\r\nProcessId: 3904\r\nImage: C:\\Windows\\System32\\cmd.exe\r\nFileVersion: 10.0.22621.5840 (WinBuild.160101.0800)\r\nDescription: Windows Command Processor\r\nProduct: Microsoft® Windows® Operating System\r\nCompany: Microsoft Corporation\r\nOriginalFileName: Cmd.Exe\r\nCommandLine: C:\\Windows\\system32\\cmd.exe /c \"(dir 2>&1 *`|echo CMD);&<# rem #>echo powershell\"\r\nCurrentDirectory: C:\\Users\\Secretary\\user_behavior_generation\\worker\\\r\nUser: WINDEV2308EVAL\\Secretary\r\nLogonGuid: {de7f78ee-4b47-6982-f4f1-3d0000000000}\r\nLogonId: 0x3DF1F4\r\nTerminalSessionId: 2\r\nIntegrityLevel: Medium\r\nHashes: SHA256=ED1358CB5F7A7E4FA21E6B07EF1C6F664F0D363C60B4641AFF43F5602A0B3F6E\r\nParentProcessGuid: {de7f78ee-bff7-6982-ae08-000000001e00}\r\nParentProcessId: 2480\r\nParentImage: C:\\Users\\Secretary\\AppData\\Local\\Programs\\Python\\Python314\\python.exe\r\nParentCommandLine: .\\venv\\Scripts\\python.exe  smart_worker.py \"https://www.miur.gov.it/web/guest/notizie\" \"news\"\r\nParentUser: WINDEV2308EVAL\\Secretary\""},"eventdata":{"utcTime":"2026-02-04 03:41:47.359","processGuid":"{de7f78ee-bffb-6982-c008-000000001e00}","processId":"3904","image":"C:\\\\Windows\\\\System32\\\\cmd.exe","fileVersion":"10.0.22621.5840 (WinBuild.160101.0800)","description":"Windows Command Processor","product":"Microsoft® Windows® Operating System","company":"Microsoft Corporation","originalFileName":"Cmd.Exe","commandLine":"C:\\\\Windows\\\\system32\\\\cmd.exe /c \\\"(dir 2&gt;&amp;1 *`|echo CMD);&amp;&lt;# rem #&gt;echo powershell\\\"","currentDirectory":"C:\\\\Users\\\\Secretary\\\\user_behavior_generation\\\\worker\\\\","user":"WINDEV2308EVAL\\\\Secretary","logonGuid":"{de7f78ee-4b47-6982-f4f1-3d0000000000}","logonId":"0x3df1f4","terminalSessionId":"2","integrityLevel":"Medium","hashes":"SHA256=ED1358CB5F7A7E4FA21E6B07EF1C6F664F0D363C60B4641AFF43F5602A0B3F6E","parentProcessGuid":"{de7f78ee-bff7-6982-ae08-000000001e00}","parentProcessId":"2480","parentImage":"C:\\\\Users\\\\Secretary\\\\AppData\\\\Local\\\\Programs\\\\Python\\\\Python314\\\\python.exe","parentCommandLine":".\\\\venv\\\\Scripts\\\\python.exe  smart_worker.py \\\"https://www.miur.gov.it/web/guest/notizie\\\" \\\"news\\\"","parentUser":"WINDEV2308EVAL\\\\Secretary"}}}
2026 Feb 03 20:43:11 (Secretary-Windows) any->EventChannel {"win":{"system":{"providerName":"Microsoft-Windows-Sysmon","providerGuid":"{5770385f-c22a-43e0-bf4c-06f5698ffbd9}","eventID":"1","version":"5","level":"4","task":"1","opcode":"0","keywords":"0x8000000000000000","systemTime":"2026-02-04T03:41:47.3981857Z","eventRecordID":"2860","processID":"2824","threadID":"3588","channel":"Microsoft-Windows-Sysmon/Operational","computer":"WinDev2308Eval","severityValue":"INFORMATION","message":"\"Process Create:\r\nRuleName: -\r\nUtcTime: 2026-02-04 03:41:47.383\r\nProcessGuid: {de7f78ee-bffb-6982-c108-000000001e00}\r\nProcessId: 4280\r\nImage: C:\\Windows\\System32\\cmd.exe\r\nFileVersion: 10.0.22621.5840 (WinBuild.160101.0800)\r\nDescription: Windows Command Processor\r\nProduct: Microsoft® Windows® Operating System\r\nCompany: Microsoft Corporation\r\nOriginalFileName: Cmd.Exe\r\nCommandLine: C:\\Windows\\system32\\cmd.exe  /S /D /c\" dir  *` 2>&1\"\r\nCurrentDirectory: C:\\Users\\Secretary\\user_behavior_generation\\worker\\\r\nUser: WINDEV2308EVAL\\Secretary\r\nLogonGuid: {de7f78ee-4b47-6982-f4f1-3d0000000000}\r\nLogonId: 0x3DF1F4\r\nTerminalSessionId: 2\r\nIntegrityLevel: Medium\r\nHashes: SHA256=ED1358CB5F7A7E4FA21E6B07EF1C6F664F0D363C60B4641AFF43F5602A0B3F6E\r\nParentProcessGuid: {de7f78ee-bffb-6982-c008-000000001e00}\r\nParentProcessId: 3904\r\nParentImage: C:\\Windows\\System32\\cmd.exe\r\nParentCommandLine: C:\\Windows\\system32\\cmd.exe /c \"(dir 2>&1 *`|echo CMD);&<# rem #>echo powershell\"\r\nParentUser: WINDEV2308EVAL\\Secretary\""},"eventdata":{"utcTime":"2026-02-04 03:41:47.383","processGuid":"{de7f78ee-bffb-6982-c108-000000001e00}","processId":"4280","image":"C:\\\\Windows\\\\System32\\\\cmd.exe","fileVersion":"10.0.22621.5840 (WinBuild.160101.0800)","description":"Windows Command Processor","product":"Microsoft® Windows® Operating System","company":"Microsoft Corporation","originalFileName":"Cmd.Exe","commandLine":"C:\\\\Windows\\\\system32\\\\cmd.exe  /S /D /c\\\" dir  *` 2&gt;&amp;1\\\"","currentDirectory":"C:\\\\Users\\\\Secretary\\\\user_behavior_generation\\\\worker\\\\","user":"WINDEV2308EVAL\\\\Secretary","logonGuid":"{de7f78ee-4b47-6982-f4f1-3d0000000000}","logonId":"0x3df1f4","terminalSessionId":"2","integrityLevel":"Medium","hashes":"SHA256=ED1358CB5F7A7E4FA21E6B07EF1C6F664F0D363C60B4641AFF43F5602A0B3F6E","parentProcessGuid":"{de7f78ee-bffb-6982-c008-000000001e00}","parentProcessId":"3904","parentImage":"C:\\\\Windows\\\\System32\\\\cmd.exe","parentCommandLine":"C:\\\\Windows\\\\system32\\\\cmd.exe /c \\\"(dir 2&gt;&amp;1 *`|echo CMD);&amp;&lt;# rem #&gt;echo powershell\\\"","parentUser":"WINDEV2308EVAL\\\\Secretary"}}}
2026 Feb 03 20:43:11 (Secretary-Windows) any->EventChannel {"win":{"system":{"providerName":"Microsoft-Windows-Sysmon","providerGuid":"{5770385f-c22a-43e0-bf4c-06f5698ffbd9}","eventID":"5","version":"3","level":"4","task":"5","opcode":"0","keywords":"0x8000000000000000","systemTime":"2026-02-04T03:41:47.4177037Z","eventRecordID":"2861","processID":"2824","threadID":"3588","channel":"Microsoft-Windows-Sysmon/Operational","computer":"WinDev2308Eval","severityValue":"INFORMATION","message":"\"Process terminated:\r\nRuleName: -\r\nUtcTime: 2026-02-04 03:41:47.406\r\nProcessGuid: {de7f78ee-bffb-6982-c108-000000001e00}\r\nProcessId: 4280\r\nImage: C:\\Windows\\System32\\cmd.exe\r\nUser: WINDEV2308EVAL\\Secretary\""},"eventdata":{"utcTime":"2026-02-04 03:41:47.406","processGuid":"{de7f78ee-bffb-6982-c108-000000001e00}","processId":"4280","image":"C:\\\\Windows\\\\System32\\\\cmd.exe","user":"WINDEV2308EVAL\\\\Secretary"}}}
2026 Feb 03 20:43:11 (Secretary-Windows) any->EventChannel {"win":{"system":{"providerName":"Microsoft-Windows-Sysmon","providerGuid":"{5770385f-c22a-43e0-bf4c-06f5698ffbd9}","eventID":"1","version":"5","level":"4","task":"1","opcode":"0","keywords":"0x8000000000000000","systemTime":"2026-02-04T03:41:47.4192789Z","eventRecordID":"2862","processID":"2824","threadID":"3588","channel":"Microsoft-Windows-Sysmon/Operational","computer":"WinDev2308Eval","severityValue":"INFORMATION","message":"\"Process Create:\r\nRuleName: -\r\nUtcTime: 2026-02-04 03:41:47.405\r\nProcessGuid: {de7f78ee-bffb-6982-c208-000000001e00}\r\nProcessId: 5864\r\nImage: C:\\Windows\\System32\\cmd.exe\r\nFileVersion: 10.0.22621.5840 (WinBuild.160101.0800)\r\nDescription: Windows Command Processor\r\nProduct: Microsoft® Windows® Operating System\r\nCompany: Microsoft Corporation\r\nOriginalFileName: Cmd.Exe\r\nCommandLine: C:\\Windows\\system32\\cmd.exe  /S /D /c\" echo CMD\"\r\nCurrentDirectory: C:\\Users\\Secretary\\user_behavior_generation\\worker\\\r\nUser: WINDEV2308EVAL\\Secretary\r\nLogonGuid: {de7f78ee-4b47-6982-f4f1-3d0000000000}\r\nLogonId: 0x3DF1F4\r\nTerminalSessionId: 2\r\nIntegrityLevel: Medium\r\nHashes: SHA256=ED1358CB5F7A7E4FA21E6B07EF1C6F664F0D363C60B4641AFF43F5602A0B3F6E\r\nParentProcessGuid: {de7f78ee-bffb-6982-c008-000000001e00}\r\nParentProcessId: 3904\r\nParentImage: C:\\Windows\\System32\\cmd.exe\r\nParentCommandLine: C:\\Windows\\system32\\cmd.exe /c \"(dir 2>&1 *`|echo CMD);&<# rem #>echo powershell\"\r\nParentUser: WINDEV2308EVAL\\Secretary\""},"eventdata":{"utcTime":"2026-02-04 03:41:47.405","processGuid":"{de7f78ee-bffb-6982-c208-000000001e00}","processId":"5864","image":"C:\\\\Windows\\\\System32\\\\cmd.exe","fileVersion":"10.0.22621.5840 (WinBuild.160101.0800)","description":"Windows Command Processor","product":"Microsoft® Windows® Operating System","company":"Microsoft Corporation","originalFileName":"Cmd.Exe","commandLine":"C:\\\\Windows\\\\system32\\\\cmd.exe  /S /D /c\\\" echo CMD\\\"","currentDirectory":"C:\\\\Users\\\\Secretary\\\\user_behavior_generation\\\\worker\\\\","user":"WINDEV2308EVAL\\\\Secretary","logonGuid":"{de7f78ee-4b47-6982-f4f1-3d0000000000}","logonId":"0x3df1f4","terminalSessionId":"2","integrityLevel":"Medium","hashes":"SHA256=ED1358CB5F7A7E4FA21E6B07EF1C6F664F0D363C60B4641AFF43F5602A0B3F6E","parentProcessGuid":"{de7f78ee-bffb-6982-c008-000000001e00}","parentProcessId":"3904","parentImage":"C:\\\\Windows\\\\System32\\\\cmd.exe","parentCommandLine":"C:\\\\Windows\\\\system32\\\\cmd.exe /c \\\"(dir 2&gt;&amp;1 *`|echo CMD);&amp;&lt;# rem #&gt;echo powershell\\\"","parentUser":"WINDEV2308EVAL\\\\Secretary"}}}
2026 Feb 03 20:43:11 (OPNsense.localdomain) any->syscollector {"data":{"architecture":"*","checksum":"79ad0f7552995bd5b96f60f64dc4674cc242470a","description":"Small RSA key management package based on openssl","format":"pkg","groups":" ","install_time":"1767391942","item_id":"073faf5855586be205005e12107e0c5d6786e68a","location":" ","name":"easy-rsa","priority":" ","scan_time":"2026/02/03 19:12:07","size":"219475","source":"OPNsense","vendor":"mandree@FreeBSD.org","version":"3.2.1_1,1"},"operation":"MODIFIED","type":"dbsync_packages"}
2026 Feb 03 20:43:11 (Secretary-Windows) any->EventChannel {"win":{"system":{"providerName":"Microsoft-Windows-Sysmon","providerGuid":"{5770385f-c22a-43e0-bf4c-06f5698ffbd9}","eventID":"5","version":"3","level":"4","task":"5","opcode":"0","keywords":"0x8000000000000000","systemTime":"2026-02-04T03:41:47.4465696Z","eventRecordID":"2863","processID":"2824","threadID":"3588","channel":"Microsoft-Windows-Sysmon/Operational","computer":"WinDev2308Eval","severityValue":"INFORMATION","message":"\"Process terminated:\r\nRuleName: -\r\nUtcTime: 2026-02-04 03:41:47.438\r\nProcessGuid: {de7f78ee-bffb-6982-c208-000000001e00}\r\nProcessId: 5864\r\nImage: C:\\Windows\\System32\\cmd.exe\r\nUser: WINDEV2308EVAL\\Secretary\""},"eventdata":{"utcTime":"2026-02-04 03:41:47.438","processGuid":"{de7f78ee-bffb-6982-c208-000000001e00}","processId":"5864","image":"C:\\\\Windows\\\\System32\\\\cmd.exe","user":"WINDEV2308EVAL\\\\Secretary"}}}
2026 Feb 03 20:43:11 (Secretary-Windows) any->EventChannel {"win":{"system":{"providerName":"Microsoft-Windows-Sysmon","providerGuid":"{5770385f-c22a-43e0-bf4c-06f5698ffbd9}","eventID":"5","version":"3","level":"4","task":"5","opcode":"0","keywords":"0x8000000000000000","systemTime":"2026-02-04T03:41:47.4511858Z","eventRecordID":"2864","processID":"2824","threadID":"3588","channel":"Microsoft-Windows-Sysmon/Operational","computer":"WinDev2308Eval","severityValue":"INFORMATION","message":"\"Process terminated:\r\nRuleName: -\r\nUtcTime: 2026-02-04 03:41:47.438\r\nProcessGuid: {de7f78ee-bffb-6982-c008-000000001e00}\r\nProcessId: 3904\r\nImage: C:\\Windows\\System32\\cmd.exe\r\nUser: WINDEV2308EVAL\\Secretary\""},"eventdata":{"utcTime":"2026-02-04 03:41:47.438","processGuid":"{de7f78ee-bffb-6982-c008-000000001e00}","processId":"3904","image":"C:\\\\Windows\\\\System32\\\\cmd.exe","user":"WINDEV2308EVAL\\\\Secretary"}}}
2026 Feb 03 20:43:11 (Secretary-Windows) any->EventChannel {"win":{"system":{"providerName":"Microsoft-Windows-Sysmon","providerGuid":"{5770385f-c22a-43e0-bf4c-06f5698ffbd9}","eventID":"1","version":"5","level":"4","task":"1","opcode":"0","keywords":"0x8000000000000000","systemTime":"2026-02-04T03:41:47.4974941Z","eventRecordID":"2866","processID":"2824","threadID":"3588","channel":"Microsoft-Windows-Sysmon/Operational","computer":"WinDev2308Eval","severityValue":"INFORMATION","message":"\"Process Create:\r\nRuleName: -\r\nUtcTime: 2026-02-04 03:41:47.479\r\nProcessGuid: {de7f78ee-bffb-6982-c408-000000001e00}\r\nProcessId: 2256\r\nImage: C:\\Windows\\System32\\cmd.exe\r\nFileVersion: 10.0.22621.5840 (WinBuild.160101.0800)\r\nDescription: Windows Command Processor\r\nProduct: Microsoft® Windows® Operating System\r\nCompany: Microsoft Corporation\r\nOriginalFileName: Cmd.Exe\r\nCommandLine: C:\\Windows\\system32\\cmd.exe  /S /D /c\" dir  *` 2>&1\"\r\nCurrentDirectory: C:\\Users\\Secretary\\user_behavior_generation\\worker\\\r\nUser: WINDEV2308EVAL\\Secretary\r\nLogonGuid: {de7f78ee-4b47-6982-f4f1-3d0000000000}\r\nLogonId: 0x3DF1F4\r\nTerminalSessionId: 2\r\nIntegrityLevel: Medium\r\nHashes: SHA256=ED1358CB5F7A7E4FA21E6B07EF1C6F664F0D363C60B4641AFF43F5602A0B3F6E\r\nParentProcessGuid: {de7f78ee-bffb-6982-c308-000000001e00}\r\nParentProcessId: 7284\r\nParentImage: C:\\Windows\\System32\\cmd.exe\r\nParentCommandLine: C:\\Windows\\system32\\cmd.exe /c \"(dir 2>&1 *`|echo CMD);&<# rem #>echo powershell\"\r\nParentUser: WINDEV2308EVAL\\Secretary\""},"eventdata":{"utcTime":"2026-02-04 03:41:47.479","processGuid":"{de7f78ee-bffb-6982-c408-000000001e00}","processId":"2256","image":"C:\\\\Windows\\\\System32\\\\cmd.exe","fileVersion":"10.0.22621.5840 (WinBuild.160101.0800)","description":"Windows Command Processor","product":"Microsoft® Windows® Operating System","company":"Microsoft Corporation","originalFileName":"Cmd.Exe","commandLine":"C:\\\\Windows\\\\system32\\\\cmd.exe  /S /D /c\\\" dir  *` 2&gt;&amp;1\\\"","currentDirectory":"C:\\\\Users\\\\Secretary\\\\user_behavior_generation\\\\worker\\\\","user":"WINDEV2308EVAL\\\\Secretary","logonGuid":"{de7f78ee-4b47-6982-f4f1-3d0000000000}","logonId":"0x3df1f4","terminalSessionId":"2","integrityLevel":"Medium","hashes":"SHA256=ED1358CB5F7A7E4FA21E6B07EF1C6F664F0D363C60B4641AFF43F5602A0B3F6E","parentProcessGuid":"{de7f78ee-bffb-6982-c308-000000001e00}","parentProcessId":"7284","parentImage":"C:\\\\Windows\\\\System32\\\\cmd.exe","parentCommandLine":"C:\\\\Windows\\\\system32\\\\cmd.exe /c \\\"(dir 2&gt;&amp;1 *`|echo CMD);&amp;&lt;# rem #&gt;echo powershell\\\"","parentUser":"WINDEV2308EVAL\\\\Secretary"}}}
2026 Feb 03 20:43:11 (Secretary-Windows) any->EventChannel {"win":{"system":{"providerName":"Microsoft-Windows-Sysmon","providerGuid":"{5770385f-c22a-43e0-bf4c-06f5698ffbd9}","eventID":"1","version":"5","level":"4","task":"1","opcode":"0","keywords":"0x8000000000000000","systemTime":"2026-02-04T03:41:47.4593630Z","eventRecordID":"2865","processID":"2824","threadID":"3588","channel":"Microsoft-Windows-Sysmon/Operational","computer":"WinDev2308Eval","severityValue":"INFORMATION","message":"\"Process Create:\r\nRuleName: -\r\nUtcTime: 2026-02-04 03:41:47.455\r\nProcessGuid: {de7f78ee-bffb-6982-c308-000000001e00}\r\nProcessId: 7284\r\nImage: C:\\Windows\\System32\\cmd.exe\r\nFileVersion: 10.0.22621.5840 (WinBuild.160101.0800)\r\nDescription: Windows Command Processor\r\nProduct: Microsoft® Windows® Operating System\r\nCompany: Microsoft Corporation\r\nOriginalFileName: Cmd.Exe\r\nCommandLine: C:\\Windows\\system32\\cmd.exe /c \"(dir 2>&1 *`|echo CMD);&<# rem #>echo powershell\"\r\nCurrentDirectory: C:\\Users\\Secretary\\user_behavior_generation\\worker\\\r\nUser: WINDEV2308EVAL\\Secretary\r\nLogonGuid: {de7f78ee-4b47-6982-f4f1-3d0000000000}\r\nLogonId: 0x3DF1F4\r\nTerminalSessionId: 2\r\nIntegrityLevel: Medium\r\nHashes: SHA256=ED1358CB5F7A7E4FA21E6B07EF1C6F664F0D363C60B4641AFF43F5602A0B3F6E\r\nParentProcessGuid: {de7f78ee-bff7-6982-ae08-000000001e00}\r\nParentProcessId: 2480\r\nParentImage: C:\\Users\\Secretary\\AppData\\Local\\Programs\\Python\\Python314\\python.exe\r\nParentCommandLine: .\\venv\\Scripts\\python.exe  smart_worker.py \"https://www.miur.gov.it/web/guest/notizie\" \"news\"\r\nParentUser: WINDEV2308EVAL\\Secretary\""},"eventdata":{"utcTime":"2026-02-04 03:41:47.455","processGuid":"{de7f78ee-bffb-6982-c308-000000001e00}","processId":"7284","image":"C:\\\\Windows\\\\System32\\\\cmd.exe","fileVersion":"10.0.22621.5840 (WinBuild.160101.0800)","description":"Windows Command Processor","product":"Microsoft® Windows® Operating System","company":"Microsoft Corporation","originalFileName":"Cmd.Exe","commandLine":"C:\\\\Windows\\\\system32\\\\cmd.exe /c \\\"(dir 2&gt;&amp;1 *`|echo CMD);&amp;&lt;# rem #&gt;echo powershell\\\"","currentDirectory":"C:\\\\Users\\\\Secretary\\\\user_behavior_generation\\\\worker\\\\","user":"WINDEV2308EVAL\\\\Secretary","logonGuid":"{de7f78ee-4b47-6982-f4f1-3d0000000000}","logonId":"0x3df1f4","terminalSessionId":"2","integrityLevel":"Medium","hashes":"SHA256=ED1358CB5F7A7E4FA21E6B07EF1C6F664F0D363C60B4641AFF43F5602A0B3F6E","parentProcessGuid":"{de7f78ee-bff7-6982-ae08-000000001e00}","parentProcessId":"2480","parentImage":"C:\\\\Users\\\\Secretary\\\\AppData\\\\Local\\\\Programs\\\\Python\\\\Python314\\\\python.exe","parentCommandLine":".\\\\venv\\\\Scripts\\\\python.exe  smart_worker.py \\\"https://www.miur.gov.it/web/guest/notizie\\\" \\\"news\\\"","parentUser":"WINDEV2308EVAL\\\\Secretary"}}}
2026 Feb 03 20:43:11 (Secretary-Windows) any->EventChannel {"win":{"system":{"providerName":"Microsoft-Windows-Sysmon","providerGuid":"{5770385f-c22a-43e0-bf4c-06f5698ffbd9}","eventID":"5","version":"3","level":"4","task":"5","opcode":"0","keywords":"0x8000000000000000","systemTime":"2026-02-04T03:41:47.5230174Z","eventRecordID":"2867","processID":"2824","threadID":"3588","channel":"Microsoft-Windows-Sysmon/Operational","computer":"WinDev2308Eval","severityValue":"INFORMATION","message":"\"Process terminated:\r\nRuleName: -\r\nUtcTime: 2026-02-04 03:41:47.516\r\nProcessGuid: {de7f78ee-bffb-6982-c408-000000001e00}\r\nProcessId: 2256\r\nImage: C:\\Windows\\System32\\cmd.exe\r\nUser: WINDEV2308EVAL\\Secretary\""},"eventdata":{"utcTime":"2026-02-04 03:41:47.516","processGuid":"{de7f78ee-bffb-6982-c408-000000001e00}","processId":"2256","image":"C:\\\\Windows\\\\System32\\\\cmd.exe","user":"WINDEV2308EVAL\\\\Secretary"}}}
2026 Feb 03 20:43:11 (Secretary-Windows) any->EventChannel {"win":{"system":{"providerName":"Microsoft-Windows-Sysmon","providerGuid":"{5770385f-c22a-43e0-bf4c-06f5698ffbd9}","eventID":"1","version":"5","level":"4","task":"1","opcode":"0","keywords":"0x8000000000000000","systemTime":"2026-02-04T03:41:47.5279607Z","eventRecordID":"2868","processID":"2824","threadID":"3588","channel":"Microsoft-Windows-Sysmon/Operational","computer":"WinDev2308Eval","severityValue":"INFORMATION","message":"\"Process Create:\r\nRuleName: -\r\nUtcTime: 2026-02-04 03:41:47.506\r\nProcessGuid: {de7f78ee-bffb-6982-c508-000000001e00}\r\nProcessId: 5664\r\nImage: C:\\Windows\\System32\\cmd.exe\r\nFileVersion: 10.0.22621.5840 (WinBuild.160101.0800)\r\nDescription: Windows Command Processor\r\nProduct: Microsoft® Windows® Operating System\r\nCompany: Microsoft Corporation\r\nOriginalFileName: Cmd.Exe\r\nCommandLine: C:\\Windows\\system32\\cmd.exe  /S /D /c\" echo CMD\"\r\nCurrentDirectory: C:\\Users\\Secretary\\user_behavior_generation\\worker\\\r\nUser: WINDEV2308EVAL\\Secretary\r\nLogonGuid: {de7f78ee-4b47-6982-f4f1-3d0000000000}\r\nLogonId: 0x3DF1F4\r\nTerminalSessionId: 2\r\nIntegrityLevel: Medium\r\nHashes: SHA256=ED1358CB5F7A7E4FA21E6B07EF1C6F664F0D363C60B4641AFF43F5602A0B3F6E\r\nParentProcessGuid: {de7f78ee-bffb-6982-c308-000000001e00}\r\nParentProcessId: 7284\r\nParentImage: C:\\Windows\\System32\\cmd.exe\r\nParentCommandLine: C:\\Windows\\system32\\cmd.exe /c \"(dir 2>&1 *`|echo CMD);&<# rem #>echo powershell\"\r\nParentUser: WINDEV2308EVAL\\Secretary\""},"eventdata":{"utcTime":"2026-02-04 03:41:47.506","processGuid":"{de7f78ee-bffb-6982-c508-000000001e00}","processId":"5664","image":"C:\\\\Windows\\\\System32\\\\cmd.exe","fileVersion":"10.0.22621.5840 (WinBuild.160101.0800)","description":"Windows Command Processor","product":"Microsoft® Windows® Operating System","company":"Microsoft Corporation","originalFileName":"Cmd.Exe","commandLine":"C:\\\\Windows\\\\system32\\\\cmd.exe  /S /D /c\\\" echo CMD\\\"","currentDirectory":"C:\\\\Users\\\\Secretary\\\\user_behavior_generation\\\\worker\\\\","user":"WINDEV2308EVAL\\\\Secretary","logonGuid":"{de7f78ee-4b47-6982-f4f1-3d0000000000}","logonId":"0x3df1f4","terminalSessionId":"2","integrityLevel":"Medium","hashes":"SHA256=ED1358CB5F7A7E4FA21E6B07EF1C6F664F0D363C60B4641AFF43F5602A0B3F6E","parentProcessGuid":"{de7f78ee-bffb-6982-c308-000000001e00}","parentProcessId":"7284","parentImage":"C:\\\\Windows\\\\System32\\\\cmd.exe","parentCommandLine":"C:\\\\Windows\\\\system32\\\\cmd.exe /c \\\"(dir 2&gt;&amp;1 *`|echo CMD);&amp;&lt;# rem #&gt;echo powershell\\\"","parentUser":"WINDEV2308EVAL\\\\Secretary"}}}
2026 Feb 03 20:43:11 (Secretary-Windows) any->EventChannel {"win":{"system":{"providerName":"Microsoft-Windows-Sysmon","providerGuid":"{5770385f-c22a-43e0-bf4c-06f5698ffbd9}","eventID":"5","version":"3","level":"4","task":"5","opcode":"0","keywords":"0x8000000000000000","systemTime":"2026-02-04T03:41:47.5478474Z","eventRecordID":"2869","processID":"2824","threadID":"3588","channel":"Microsoft-Windows-Sysmon/Operational","computer":"WinDev2308Eval","severityValue":"INFORMATION","message":"\"Process terminated:\r\nRuleName: -\r\nUtcTime: 2026-02-04 03:41:47.547\r\nProcessGuid: {de7f78ee-bffb-6982-c508-000000001e00}\r\nProcessId: 5664\r\nImage: C:\\Windows\\System32\\cmd.exe\r\nUser: WINDEV2308EVAL\\Secretary\""},"eventdata":{"utcTime":"2026-02-04 03:41:47.547","processGuid":"{de7f78ee-bffb-6982-c508-000000001e00}","processId":"5664","image":"C:\\\\Windows\\\\System32\\\\cmd.exe","user":"WINDEV2308EVAL\\\\Secretary"}}}
2026 Feb 03 20:43:11 (OPNsense.localdomain) any->syscollector {"data":{"architecture":"amd64","checksum":"fd5ecb071d69d9a12c6999b8b671042e177a9826","description":"XML 1.0 parser written in C","format":"pkg","groups":" ","install_time":"1767391948","item_id":"2667c42871517eb3e3d47d069ea768caa7449ddd","location":" ","name":"expat","priority":" ","scan_time":"2026/02/03 19:12:07","size":"283409","source":"OPNsense","vendor":"desktop@FreeBSD.org","version":"2.6.4"},"operation":"MODIFIED","type":"dbsync_packages"}
2026 Feb 03 20:43:11 (Secretary-Windows) any->EventChannel {"win":{"system":{"providerName":"Microsoft-Windows-Sysmon","providerGuid":"{5770385f-c22a-43e0-bf4c-06f5698ffbd9}","eventID":"5","version":"3","level":"4","task":"5","opcode":"0","keywords":"0x8000000000000000","systemTime":"2026-02-04T03:41:47.5541659Z","eventRecordID":"2870","processID":"2824","threadID":"3588","channel":"Microsoft-Windows-Sysmon/Operational","computer":"WinDev2308Eval","severityValue":"INFORMATION","message":"\"Process terminated:\r\nRuleName: -\r\nUtcTime: 2026-02-04 03:41:47.547\r\nProcessGuid: {de7f78ee-bffb-6982-c308-000000001e00}\r\nProcessId: 7284\r\nImage: C:\\Windows\\System32\\cmd.exe\r\nUser: WINDEV2308EVAL\\Secretary\""},"eventdata":{"utcTime":"2026-02-04 03:41:47.547","processGuid":"{de7f78ee-bffb-6982-c308-000000001e00}","processId":"7284","image":"C:\\\\Windows\\\\System32\\\\cmd.exe","user":"WINDEV2308EVAL\\\\Secretary"}}}
2026 Feb 03 20:43:11 (Secretary-Windows) any->EventChannel {"win":{"system":{"providerName":"Microsoft-Windows-Sysmon","providerGuid":"{5770385f-c22a-43e0-bf4c-06f5698ffbd9}","eventID":"1","version":"5","level":"4","task":"1","opcode":"0","keywords":"0x8000000000000000","systemTime":"2026-02-04T03:41:47.5610316Z","eventRecordID":"2871","processID":"2824","threadID":"3588","channel":"Microsoft-Windows-Sysmon/Operational","computer":"WinDev2308Eval","severityValue":"INFORMATION","message":"\"Process Create:\r\nRuleName: -\r\nUtcTime: 2026-02-04 03:41:47.557\r\nProcessGuid: {de7f78ee-bffb-6982-c608-000000001e00}\r\nProcessId: 4704\r\nImage: C:\\Windows\\System32\\cmd.exe\r\nFileVersion: 10.0.22621.5840 (WinBuild.160101.0800)\r\nDescription: Windows Command Processor\r\nProduct: Microsoft® Windows® Operating System\r\nCompany: Microsoft Corporation\r\nOriginalFileName: Cmd.Exe\r\nCommandLine: C:\\Windows\\system32\\cmd.exe /c \"(dir 2>&1 *`|echo CMD);&<# rem #>echo powershell\"\r\nCurrentDirectory: C:\\Users\\Secretary\\user_behavior_generation\\worker\\\r\nUser: WINDEV2308EVAL\\Secretary\r\nLogonGuid: {de7f78ee-4b47-6982-f4f1-3d0000000000}\r\nLogonId: 0x3DF1F4\r\nTerminalSessionId: 2\r\nIntegrityLevel: Medium\r\nHashes: SHA256=ED1358CB5F7A7E4FA21E6B07EF1C6F664F0D363C60B4641AFF43F5602A0B3F6E\r\nParentProcessGuid: {de7f78ee-bff7-6982-ae08-000000001e00}\r\nParentProcessId: 2480\r\nParentImage: C:\\Users\\Secretary\\AppData\\Local\\Programs\\Python\\Python314\\python.exe\r\nParentCommandLine: .\\venv\\Scripts\\python.exe  smart_worker.py \"https://www.miur.gov.it/web/guest/notizie\" \"news\"\r\nParentUser: WINDEV2308EVAL\\Secretary\""},"eventdata":{"utcTime":"2026-02-04 03:41:47.557","processGuid":"{de7f78ee-bffb-6982-c608-000000001e00}","processId":"4704","image":"C:\\\\Windows\\\\System32\\\\cmd.exe","fileVersion":"10.0.22621.5840 (WinBuild.160101.0800)","description":"Windows Command Processor","product":"Microsoft® Windows® Operating System","company":"Microsoft Corporation","originalFileName":"Cmd.Exe","commandLine":"C:\\\\Windows\\\\system32\\\\cmd.exe /c \\\"(dir 2&gt;&amp;1 *`|echo CMD);&amp;&lt;# rem #&gt;echo powershell\\\"","currentDirectory":"C:\\\\Users\\\\Secretary\\\\user_behavior_generation\\\\worker\\\\","user":"WINDEV2308EVAL\\\\Secretary","logonGuid":"{de7f78ee-4b47-6982-f4f1-3d0000000000}","logonId":"0x3df1f4","terminalSessionId":"2","integrityLevel":"Medium","hashes":"SHA256=ED1358CB5F7A7E4FA21E6B07EF1C6F664F0D363C60B4641AFF43F5602A0B3F6E","parentProcessGuid":"{de7f78ee-bff7-6982-ae08-000000001e00}","parentProcessId":"2480","parentImage":"C:\\\\Users\\\\Secretary\\\\AppData\\\\Local\\\\Programs\\\\Python\\\\Python314\\\\python.exe","parentCommandLine":".\\\\venv\\\\Scripts\\\\python.exe  smart_worker.py \\\"https://www.miur.gov.it/web/guest/notizie\\\" \\\"news\\\"","parentUser":"WINDEV2308EVAL\\\\Secretary"}}}
2026 Feb 03 20:43:11 (Secretary-Windows) any->EventChannel {"win":{"system":{"providerName":"Microsoft-Windows-Sysmon","providerGuid":"{5770385f-c22a-43e0-bf4c-06f5698ffbd9}","eventID":"1","version":"5","level":"4","task":"1","opcode":"0","keywords":"0x8000000000000000","systemTime":"2026-02-04T03:41:47.5915830Z","eventRecordID":"2872","processID":"2824","threadID":"3588","channel":"Microsoft-Windows-Sysmon/Operational","computer":"WinDev2308Eval","severityValue":"INFORMATION","message":"\"Process Create:\r\nRuleName: -\r\nUtcTime: 2026-02-04 03:41:47.578\r\nProcessGuid: {de7f78ee-bffb-6982-c708-000000001e00}\r\nProcessId: 5424\r\nImage: C:\\Windows\\System32\\cmd.exe\r\nFileVersion: 10.0.22621.5840 (WinBuild.160101.0800)\r\nDescription: Windows Command Processor\r\nProduct: Microsoft® Windows® Operating System\r\nCompany: Microsoft Corporation\r\nOriginalFileName: Cmd.Exe\r\nCommandLine: C:\\Windows\\system32\\cmd.exe  /S /D /c\" dir  *` 2>&1\"\r\nCurrentDirectory: C:\\Users\\Secretary\\user_behavior_generation\\worker\\\r\nUser: WINDEV2308EVAL\\Secretary\r\nLogonGuid: {de7f78ee-4b47-6982-f4f1-3d0000000000}\r\nLogonId: 0x3DF1F4\r\nTerminalSessionId: 2\r\nIntegrityLevel: Medium\r\nHashes: SHA256=ED1358CB5F7A7E4FA21E6B07EF1C6F664F0D363C60B4641AFF43F5602A0B3F6E\r\nParentProcessGuid: {de7f78ee-bffb-6982-c608-000000001e00}\r\nParentProcessId: 4704\r\nParentImage: C:\\Windows\\System32\\cmd.exe\r\nParentCommandLine: C:\\Windows\\system32\\cmd.exe /c \"(dir 2>&1 *`|echo CMD);&<# rem #>echo powershell\"\r\nParentUser: WINDEV2308EVAL\\Secretary\""},"eventdata":{"utcTime":"2026-02-04 03:41:47.578","processGuid":"{de7f78ee-bffb-6982-c708-000000001e00}","processId":"5424","image":"C:\\\\Windows\\\\System32\\\\cmd.exe","fileVersion":"10.0.22621.5840 (WinBuild.160101.0800)","description":"Windows Command Processor","product":"Microsoft® Windows® Operating System","company":"Microsoft Corporation","originalFileName":"Cmd.Exe","commandLine":"C:\\\\Windows\\\\system32\\\\cmd.exe  /S /D /c\\\" dir  *` 2&gt;&amp;1\\\"","currentDirectory":"C:\\\\Users\\\\Secretary\\\\user_behavior_generation\\\\worker\\\\","user":"WINDEV2308EVAL\\\\Secretary","logonGuid":"{de7f78ee-4b47-6982-f4f1-3d0000000000}","logonId":"0x3df1f4","terminalSessionId":"2","integrityLevel":"Medium","hashes":"SHA256=ED1358CB5F7A7E4FA21E6B07EF1C6F664F0D363C60B4641AFF43F5602A0B3F6E","parentProcessGuid":"{de7f78ee-bffb-6982-c608-000000001e00}","parentProcessId":"4704","parentImage":"C:\\\\Windows\\\\System32\\\\cmd.exe","parentCommandLine":"C:\\\\Windows\\\\system32\\\\cmd.exe /c \\\"(dir 2&gt;&amp;1 *`|echo CMD);&amp;&lt;# rem #&gt;echo powershell\\\"","parentUser":"WINDEV2308EVAL\\\\Secretary"}}}
2026 Feb 03 20:43:11 (Secretary-Windows) any->EventChannel {"win":{"system":{"providerName":"Microsoft-Windows-Sysmon","providerGuid":"{5770385f-c22a-43e0-bf4c-06f5698ffbd9}","eventID":"1","version":"5","level":"4","task":"1","opcode":"0","keywords":"0x8000000000000000","systemTime":"2026-02-04T03:41:47.6152579Z","eventRecordID":"2873","processID":"2824","threadID":"3588","channel":"Microsoft-Windows-Sysmon/Operational","computer":"WinDev2308Eval","severityValue":"INFORMATION","message":"\"Process Create:\r\nRuleName: -\r\nUtcTime: 2026-02-04 03:41:47.600\r\nProcessGuid: {de7f78ee-bffb-6982-c808-000000001e00}\r\nProcessId: 3164\r\nImage: C:\\Windows\\System32\\cmd.exe\r\nFileVersion: 10.0.22621.5840 (WinBuild.160101.0800)\r\nDescription: Windows Command Processor\r\nProduct: Microsoft® Windows® Operating System\r\nCompany: Microsoft Corporation\r\nOriginalFileName: Cmd.Exe\r\nCommandLine: C:\\Windows\\system32\\cmd.exe  /S /D /c\" echo CMD\"\r\nCurrentDirectory: C:\\Users\\Secretary\\user_behavior_generation\\worker\\\r\nUser: WINDEV2308EVAL\\Secretary\r\nLogonGuid: {de7f78ee-4b47-6982-f4f1-3d0000000000}\r\nLogonId: 0x3DF1F4\r\nTerminalSessionId: 2\r\nIntegrityLevel: Medium\r\nHashes: SHA256=ED1358CB5F7A7E4FA21E6B07EF1C6F664F0D363C60B4641AFF43F5602A0B3F6E\r\nParentProcessGuid: {de7f78ee-bffb-6982-c608-000000001e00}\r\nParentProcessId: 4704\r\nParentImage: C:\\Windows\\System32\\cmd.exe\r\nParentCommandLine: C:\\Windows\\system32\\cmd.exe /c \"(dir 2>&1 *`|echo CMD);&<# rem #>echo powershell\"\r\nParentUser: WINDEV2308EVAL\\Secretary\""},"eventdata":{"utcTime":"2026-02-04 03:41:47.600","processGuid":"{de7f78ee-bffb-6982-c808-000000001e00}","processId":"3164","image":"C:\\\\Windows\\\\System32\\\\cmd.exe","fileVersion":"10.0.22621.5840 (WinBuild.160101.0800)","description":"Windows Command Processor","product":"Microsoft® Windows® Operating System","company":"Microsoft Corporation","originalFileName":"Cmd.Exe","commandLine":"C:\\\\Windows\\\\system32\\\\cmd.exe  /S /D /c\\\" echo CMD\\\"","currentDirectory":"C:\\\\Users\\\\Secretary\\\\user_behavior_generation\\\\worker\\\\","user":"WINDEV2308EVAL\\\\Secretary","logonGuid":"{de7f78ee-4b47-6982-f4f1-3d0000000000}","logonId":"0x3df1f4","terminalSessionId":"2","integrityLevel":"Medium","hashes":"SHA256=ED1358CB5F7A7E4FA21E6B07EF1C6F664F0D363C60B4641AFF43F5602A0B3F6E","parentProcessGuid":"{de7f78ee-bffb-6982-c608-000000001e00}","parentProcessId":"4704","parentImage":"C:\\\\Windows\\\\System32\\\\cmd.exe","parentCommandLine":"C:\\\\Windows\\\\system32\\\\cmd.exe /c \\\"(dir 2&gt;&amp;1 *`|echo CMD);&amp;&lt;# rem #&gt;echo powershell\\\"","parentUser":"WINDEV2308EVAL\\\\Secretary"}}}
2026 Feb 03 20:43:11 (Secretary-Windows) any->EventChannel {"win":{"system":{"providerName":"Microsoft-Windows-Sysmon","providerGuid":"{5770385f-c22a-43e0-bf4c-06f5698ffbd9}","eventID":"5","version":"3","level":"4","task":"5","opcode":"0","keywords":"0x8000000000000000","systemTime":"2026-02-04T03:41:47.6163121Z","eventRecordID":"2874","processID":"2824","threadID":"3588","channel":"Microsoft-Windows-Sysmon/Operational","computer":"WinDev2308Eval","severityValue":"INFORMATION","message":"\"Process terminated:\r\nRuleName: -\r\nUtcTime: 2026-02-04 03:41:47.609\r\nProcessGuid: {de7f78ee-bffb-6982-c708-000000001e00}\r\nProcessId: 5424\r\nImage: C:\\Windows\\System32\\cmd.exe\r\nUser: WINDEV2308EVAL\\Secretary\""},"eventdata":{"utcTime":"2026-02-04 03:41:47.609","processGuid":"{de7f78ee-bffb-6982-c708-000000001e00}","processId":"5424","image":"C:\\\\Windows\\\\System32\\\\cmd.exe","user":"WINDEV2308EVAL\\\\Secretary"}}}
2026 Feb 03 20:43:11 (Secretary-Windows) any->EventChannel {"win":{"system":{"providerName":"Microsoft-Windows-Sysmon","providerGuid":"{5770385f-c22a-43e0-bf4c-06f5698ffbd9}","eventID":"5","version":"3","level":"4","task":"5","opcode":"0","keywords":"0x8000000000000000","systemTime":"2026-02-04T03:41:47.6315719Z","eventRecordID":"2875","processID":"2824","threadID":"3588","channel":"Microsoft-Windows-Sysmon/Operational","computer":"WinDev2308Eval","severityValue":"INFORMATION","message":"\"Process terminated:\r\nRuleName: -\r\nUtcTime: 2026-02-04 03:41:47.625\r\nProcessGuid: {de7f78ee-bffb-6982-c808-000000001e00}\r\nProcessId: 3164\r\nImage: C:\\Windows\\System32\\cmd.exe\r\nUser: WINDEV2308EVAL\\Secretary\""},"eventdata":{"utcTime":"2026-02-04 03:41:47.625","processGuid":"{de7f78ee-bffb-6982-c808-000000001e00}","processId":"3164","image":"C:\\\\Windows\\\\System32\\\\cmd.exe","user":"WINDEV2308EVAL\\\\Secretary"}}}
