2026 Feb 03 20:43:14 (Secretary-Windows) any->EventChannel {"win":{"system":{"providerName":"Microsoft-Windows-Sysmon","providerGuid":"{5770385f-c22a-43e0-bf4c-06f5698ffbd9}","eventID":"1","version":"5","level":"4","task":"1","opcode":"0","keywords":"0x8000000000000000","systemTime":"2026-02-04T03:59:33.3545530Z","eventRecordID":"3081","processID":"2824","threadID":"3588","channel":"Microsoft-Windows-Sysmon/Operational","computer":"WinDev2308Eval","severityValue":"INFORMATION","message":"\"Process Create:\r\nRuleName: -\r\nUtcTime: 2026-02-04 03:59:33.335\r\nProcessGuid: {de7f78ee-c425-6982-2f09-000000001e00}\r\nProcessId: 5180\r\nImage: C:\\Windows\\System32\\cmd.exe\r\nFileVersion: 10.0.22621.5840 (WinBuild.160101.0800)\r\nDescription: Windows Command Processor\r\nProduct: Microsoft® Windows® Operating System\r\nCompany: Microsoft Corporation\r\nOriginalFileName: Cmd.Exe\r\nCommandLine: C:\\Windows\\system32\\cmd.exe /c \"powershell -NoProfile \"$ErrorActionPreference='silentlycontinue'; $tmp = (Get-Item -Path \"$env:PROGRAMFILES\\Microsoft\\Edge\\Application\\msedge.exe\").VersionInfo.FileVersion; if ($tmp) {echo $tmp; Exit;}; $tmp = (Get-Item -Path \"$env:PROGRAMFILES (x86)\\Microsoft\\Edge\\Application\\msedge.exe\").VersionInfo.FileVersion; if ($tmp) {echo $tmp; Exit;}; $tmp = (Get-ItemProperty -Path Registry::\"HKCU\\SOFTWARE\\Microsoft\\Edge\\BLBeacon\").version; if ($tmp) {echo $tmp; Exit;}; $tmp = (Get-ItemProperty -Path Registry::\"HKLM\\SOFTWARE\\Microsoft\\EdgeUpdate\\Clients\\{56EB18F8-8008-4CBD-B6D2-8C97FE7E9062}\").pv; if ($tmp) {echo $tmp; Exit;}; $tmp = (Get-Item -Path \"$env:LOCALAPPDATA\\Microsoft\\Edge Beta\\Application\\msedge.exe\").VersionInfo.FileVersion; if ($tmp) {echo $tmp; Exit;}; $tmp = (Get-Item -Path \"$env:PROGRAMFILES\\Microsoft\\Edge Beta\\Application\\msedge.exe\").VersionInfo.FileVersion; if ($tmp) {echo $tmp; Exit;}; $tmp = (Get-Item -Path \"$env:PROGRAMFILES (x86)\\Microsoft\\Edge Beta\\Application\\msedge.exe\").VersionInfo.FileVersion; if ($tmp) {echo $tmp; Exit;}; $tmp = (Get-ItemProperty -Path Registry::\"HKCU\\SOFTWARE\\Microsoft\\Edge Beta\\BLBeacon\").version; if ($tmp) {echo $tmp; Exit;}; $tmp = (Get-Item -Path \"$env:LOCALAPPDATA\\Microsoft\\Edge Dev\\Application\\msedge.exe\").VersionInfo.FileVersion; if ($tmp) {echo $tmp; Exit;}; $tmp = (Get-Item -Path \"$env:PROGRAMFILES\\Microsoft\\Edge Dev\\Application\\msedge.exe\").VersionInfo.FileVersion; if ($tmp) {echo $tmp; Exit;}; $tmp = (Get-Item -Path \"$env:PROGRAMFILES (x86)\\Microsoft\\Edge Dev\\Application\\msedge.exe\").VersionInfo.FileVersion; if ($tmp) {echo $tmp; Exit;}; $tmp = (Get-ItemProperty -Path Registry::\"HKCU\\SOFTWARE\\Microsoft\\Edge Dev\\BLBeacon\").version; if ($tmp) {echo $tmp; Exit;}; $tmp = (Get-Item -Path \"$env:LOCALAPPDATA\\Microsoft\\Edge SxS\\Application\\msedge.exe\").VersionInfo.FileVersion; if ($tmp) {echo $tmp; Exit;}; $tmp = (Get-ItemProperty -Path Registry::\"HKCU\\SOFTWARE\\Microsoft\\Edge SxS\\BLBeacon\").version; if ($tmp) {echo $tmp; Exit;}; $tmp = (Get-Item (Get-ItemProperty 'HKLM:\\SOFTWARE\\Microsoft\\Windows\\CurrentVersion\\App Paths\\msedge.exe').'(Default)').VersionInfo.ProductVersion; if ($tmp) {echo $tmp; Exit;}; $tmp = [System.Diagnostics.FileVersionInfo]::GetVersionInfo((Get-ItemProperty 'HKLM:\\SOFTWARE\\Microsoft\\Windows\\CurrentVersion\\App Paths\\msedge.exe').'(Default)').ProductVersion; if ($tmp) {echo $tmp; Exit;}; $tmp = Get-AppxPackage -Name *MicrosoftEdge.* | Foreach Version; if ($tmp) {echo $tmp; Exit;}; $tmp = (Get-ItemProperty -Path Registry::\"HKLM\\SOFTWARE\\Wow6432Node\\Microsoft\\Windows\\CurrentVersion\\Uninstall\\Microsoft Edge\").version; if ($tmp) {echo $tmp; Exit;};\"\"\r\nCurrentDirectory: C:\\Users\\Secretary\\user_behavior_generation\\worker\\\r\nUser: WINDEV2308EVAL\\Secretary\r\nLogonGuid: {de7f78ee-4b47-6982-f4f1-3d0000000000}\r\nLogonId: 0x3DF1F4\r\nTerminalSessionId: 2\r\nIntegrityLevel: Medium\r\nHashes: SHA256=ED1358CB5F7A7E4FA21E6B07EF1C6F664F0D363C60B4641AFF43F5602A0B3F6E\r\nParentProcessGuid: {de7f78ee-c422-6982-1f09-000000001e00}\r\nParentProcessId: 5924\r\nParentImage: C:\\Users\\Secretary\\AppData\\Local\\Programs\\Python\\Python314\\python.exe\r\nParentCommandLine: .\\venv\\Scripts\\python.exe  smart_worker.py \"https://www.google.com\" \"generic\"\r\nParentUser: WINDEV2308EVAL\\Secretary\""},"eventdata":{"utcTime":"2026-02-04 03:59:33.335","processGuid":"{de7f78ee-c425-6982-2f09-000000001e00}","processId":"5180","image":"C:\\\\Windows\\\\System32\\\\cmd.exe","fileVersion":"10.0.22621.5840 (WinBuild.160101.0800)","description":"Windows Command Processor","product":"Microsoft® Windows® Operating System","company":"Microsoft Corporation","originalFileName":"Cmd.Exe","commandLine":"C:\\\\Windows\\\\system32\\\\cmd.exe /c \\\"powershell -NoProfile \\\"$ErrorActionPreference='silentlycontinue'; $tmp = (Get-Item -Path \\\"$env:PROGRAMFILES\\\\Microsoft\\\\Edge\\\\Application\\\\msedge.exe\\\").VersionInfo.FileVersion; if ($tmp) {echo $tmp; Exit;}; $tmp = (Get-Item -Path \\\"$env:PROGRAMFILES (x86)\\\\Microsoft\\\\Edge\\\\Application\\\\msedge.exe\\\").VersionInfo.FileVersion; if ($tmp) {echo $tmp; Exit;}; $tmp = (Get-ItemProperty -Path Registry::\\\"HKCU\\\\SOFTWARE\\\\Microsoft\\\\Edge\\\\BLBeacon\\\").version; if ($tmp) {echo $tmp; Exit;}; $tmp = (Get-ItemProperty -Path Registry::\\\"HKLM\\\\SOFTWARE\\\\Microsoft\\\\EdgeUpdate\\\\Clients\\\\{56EB18F8-8008-4CBD-B6D2-8C97FE7E9062}\\\").pv; if ($tmp) {echo $tmp; Exit;}; $tmp = (Get-Item -Path \\\"$env:LOCALAPPDATA\\\\Microsoft\\\\Edge Beta\\\\Application\\\\msedge.exe\\\").VersionInfo.FileVersion; if ($tmp) {echo $tmp; Exit;}; $tmp = (Get-Item -Path \\\"$env:PROGRAMFILES\\\\Microsoft\\\\Edge Beta\\\\Application\\\\msedge.exe\\\").VersionInfo.FileVersion; if ($tmp) {echo $tmp; Exit;}; $tmp = (Get-Item -Path \\\"$env:PROGRAMFILES (x86)\\\\Microsoft\\\\Edge Beta\\\\Application\\\\msedge.exe\\\").VersionInfo.FileVersion; if ($tmp) {echo $tmp; Exit;}; $tmp = (Get-ItemProperty -Path Registry::\\\"HKCU\\\\SOFTWARE\\\\Microsoft\\\\Edge Beta\\\\BLBeacon\\\").version; if ($tmp) {echo $tmp; Exit;}; $tmp = (Get-Item -Path \\\"$env:LOCALAPPDATA\\\\Microsoft\\\\Edge Dev\\\\Application\\\\msedge.exe\\\").VersionInfo.FileVersion; if ($tmp) {echo $tmp; Exit;}; $tmp = (Get-Item -Path \\\"$env:PROGRAMFILES\\\\Microsoft\\\\Edge Dev\\\\Application\\\\msedge.exe\\\").VersionInfo.FileVersion; if ($tmp) {echo $tmp; Exit;}; $tmp = (Get-Item -Path \\\"$env:PROGRAMFILES (x86)\\\\Microsoft\\\\Edge Dev\\\\Application\\\\msedge.exe\\\").VersionInfo.FileVersion; if ($tmp) {echo $tmp; Exit;}; $tmp = (Get-ItemProperty -Path Registry::\\\"HKCU\\\\SOFTWARE\\\\Microsoft\\\\Edge Dev\\\\BLBeacon\\\").version; if ($tmp) {echo $tmp; Exit;}; $tmp = (Get-Item -Path \\\"$env:LOCALAPPDATA\\\\Microsoft\\\\Edge SxS\\\\Application\\\\msedge.exe\\\").VersionInfo.FileVersion; if ($tmp) {echo $tmp; Exit;}; $tmp = (Get-ItemProperty -Path Registry::\\\"HKCU\\\\SOFTWARE\\\\Microsoft\\\\Edge SxS\\\\BLBeacon\\\").version; if ($tmp) {echo $tmp; Exit;}; $tmp = (Get-Item (Get-ItemProperty 'HKLM:\\\\SOFTWARE\\\\Microsoft\\\\Windows\\\\CurrentVersion\\\\App Paths\\\\msedge.exe').'(Default)').VersionInfo.ProductVersion; if ($tmp) {echo $tmp; Exit;}; $tmp = [System.Diagnostics.FileVersionInfo]::GetVersionInfo((Get-ItemProperty 'HKLM:\\\\SOFTWARE\\\\Microsoft\\\\Windows\\\\CurrentVersion\\\\App Paths\\\\msedge.exe').'(Default)').ProductVersion; if ($tmp) {echo $tmp; Exit;}; $tmp = Get-AppxPackage -Name *MicrosoftEdge.* | Foreach Version; if ($tmp) {echo $tmp; Exit;}; $tmp = (Get-ItemProperty -Path Registry::\\\"HKLM\\\\SOFTWARE\\\\Wow6432Node\\\\Microsoft\\\\Windows\\\\CurrentVersion\\\\Uninstall\\\\Microsoft Edge\\\").version; if ($tmp) {echo $tmp; Exit;};\\\"\\\"","currentDirectory":"C:\\\\Users\\\\Secretary\\\\user_behavior_generation\\\\worker\\\\","user":"WINDEV2308EVAL\\\\Secretary","logonGuid":"{de7f78ee-4b47-6982-f4f1-3d0000000000}","logonId":"0x3df1f4","terminalSessionId":"2","integrityLevel":"Medium","hashes":"SHA256=ED1358CB5F7A7E4FA21E6B07EF1C6F664F0D363C60B4641AFF43F5602A0B3F6E","parentProcessGuid":"{de7f78ee-c422-6982-1f09-000000001e00}","parentProcessId":"5924","parentImage":"C:\\\\Users\\\\Secretary\\\\AppData\\\\Local\\\\Programs\\\\Python\\\\Python314\\\\python.exe","parentCommandLine":".\\\\venv\\\\Scripts\\\\python.exe  smart_worker.py \\\"https://www.google.com\\\" \\\"generic\\\"","parentUser":"WINDEV2308EVAL\\\\Secretary"}}}
2026 Feb 03 20:43:14 (Secretary-Windows) any->EventChannel {"win":{"system":{"providerName":"Microsoft-Windows-Sysmon","providerGuid":"{5770385f-c22a-43e0-bf4c-06f5698ffbd9}","eventID":"1","version":"5","level":"4","task":"1","opcode":"0","keywords":"0x8000000000000000","systemTime":"2026-02-04T03:59:33.3966461Z","eventRecordID":"3082","processID":"2824","threadID":"3588","channel":"Microsoft-Windows-Sysmon/Operational","computer":"WinDev2308Eval","severityValue":"INFORMATION","message":"\"Process Create:\r\nRuleName: -\r\nUtcTime: 2026-02-04 03:59:33.375\r\nProcessGuid: {de7f78ee-c425-6982-3009-000000001e00}\r\nProcessId: 452\r\nImage: C:\\Windows\\System32\\WindowsPowerShell\\v1.0\\powershell.exe\r\nFileVersion: 10.0.22621.3085 (WinBuild.160101.0800)\r\nDescription: Windows PowerShell\r\nProduct: Microsoft® Windows® Operating System\r\nCompany: Microsoft Corporation\r\nOriginalFileName: PowerShell.EXE\r\nCommandLine: powershell  -NoProfile \"$ErrorActionPreference='silentlycontinue'; $tmp = (Get-Item -Path \"$env:PROGRAMFILES\\Microsoft\\Edge\\Application\\msedge.exe\").VersionInfo.FileVersion; if ($tmp) {echo $tmp; Exit;}; $tmp = (Get-Item -Path \"$env:PROGRAMFILES (x86)\\Microsoft\\Edge\\Application\\msedge.exe\").VersionInfo.FileVersion; if ($tmp) {echo $tmp; Exit;}; $tmp = (Get-ItemProperty -Path Registry::\"HKCU\\SOFTWARE\\Microsoft\\Edge\\BLBeacon\").version; if ($tmp) {echo $tmp; Exit;}; $tmp = (Get-ItemProperty -Path Registry::\"HKLM\\SOFTWARE\\Microsoft\\EdgeUpdate\\Clients\\{56EB18F8-8008-4CBD-B6D2-8C97FE7E9062}\").pv; if ($tmp) {echo $tmp; Exit;}; $tmp = (Get-Item -Path \"$env:LOCALAPPDATA\\Microsoft\\Edge Beta\\Application\\msedge.exe\").VersionInfo.FileVersion; if ($tmp) {echo $tmp; Exit;}; $tmp = (Get-Item -Path \"$env:PROGRAMFILES\\Microsoft\\Edge Beta\\Application\\msedge.exe\").VersionInfo.FileVersion; if ($tmp) {echo $tmp; Exit;}; $tmp = (Get-Item -Path \"$env:PROGRAMFILES (x86)\\Microsoft\\Edge Beta\\Application\\msedge.exe\").VersionInfo.FileVersion; if ($tmp) {echo $tmp; Exit;}; $tmp = (Get-ItemProperty -Path Registry::\"HKCU\\SOFTWARE\\Microsoft\\Edge Beta\\BLBeacon\").version; if ($tmp) {echo $tmp; Exit;}; $tmp = (Get-Item -Path \"$env:LOCALAPPDATA\\Microsoft\\Edge Dev\\Application\\msedge.exe\").VersionInfo.FileVersion; if ($tmp) {echo $tmp; Exit;}; $tmp = (Get-Item -Path \"$env:PROGRAMFILES\\Microsoft\\Edge Dev\\Application\\msedge.exe\").VersionInfo.FileVersion; if ($tmp) {echo $tmp; Exit;}; $tmp = (Get-Item -Path \"$env:PROGRAMFILES (x86)\\Microsoft\\Edge Dev\\Application\\msedge.exe\").VersionInfo.FileVersion; if ($tmp) {echo $tmp; Exit;}; $tmp = (Get-ItemProperty -Path Registry::\"HKCU\\SOFTWARE\\Microsoft\\Edge Dev\\BLBeacon\").version; if ($tmp) {echo $tmp; Exit;}; $tmp = (Get-Item -Path \"$env:LOCALAPPDATA\\Microsoft\\Edge SxS\\Application\\msedge.exe\").VersionInfo.FileVersion; if ($tmp) {echo $tmp; Exit;}; $tmp = (Get-ItemProperty -Path Registry::\"HKCU\\SOFTWARE\\Microsoft\\Edge SxS\\BLBeacon\").version; if ($tmp) {echo $tmp; Exit;}; $tmp = (Get-Item (Get-ItemProperty 'HKLM:\\SOFTWARE\\Microsoft\\Windows\\CurrentVersion\\App Paths\\msedge.exe').'(Default)').VersionInfo.ProductVersion; if ($tmp) {echo $tmp; Exit;}; $tmp = [System.Diagnostics.FileVersionInfo]::GetVersionInfo((Get-ItemProperty 'HKLM:\\SOFTWARE\\Microsoft\\Windows\\CurrentVersion\\App Paths\\msedge.exe').'(Default)').ProductVersion; if ($tmp) {echo $tmp; Exit;}; $tmp = Get-AppxPackage -Name *MicrosoftEdge.* | Foreach Version; if ($tmp) {echo $tmp; Exit;}; $tmp = (Get-ItemProperty -Path Registry::\"HKLM\\SOFTWARE\\Wow6432Node\\Microsoft\\Windows\\CurrentVersion\\Uninstall\\Microsoft Edge\").version; if ($tmp) {echo $tmp; Exit;};\"\r\nCurrentDirectory: C:\\Users\\Secretary\\user_behavior_generation\\worker\\\r\nUser: WINDEV2308EVAL\\Secretary\r\nLogonGuid: {de7f78ee-4b47-6982-f4f1-3d0000000000}\r\nLogonId: 0x3DF1F4\r\nTerminalSessionId: 2\r\nIntegrityLevel: Medium\r\nHashes: SHA256=3247BCFD60F6DD25F34CB74B5889AB10EF1B3EC72B4D4B3D95B5B25B534560B8\r\nParentProcessGuid: {de7f78ee-c425-6982-2f09-000000001e00}\r\nParentProcessId: 5180\r\nParentImage: C:\\Windows\\System32\\cmd.exe\r\nParentCommandLine: C:\\Windows\\system32\\cmd.exe /c \"powershell -NoProfile \"$ErrorActionPreference='silentlycontinue'; $tmp = (Get-Item -Path \"$env:PROGRAMFILES\\Microsoft\\Edge\\Application\\msedge.exe\").VersionInfo.FileVersion; if ($tmp) {echo $tmp; Exit;}; $tmp = (Get-Item -Path \"$env:PROGRAMFILES (x86)\\Microsoft\\Edge\\Application\\msedge.exe\").VersionInfo.FileVersion; if ($tmp) {echo $tmp; Exit;}; $tmp = (Get-ItemProperty -Path Registry::\"HKCU\\SOFTWARE\\Microsoft\\Edge\\BLBeacon\").version; if ($tmp) {echo $tmp; Exit;}; $tmp = (Get-ItemProperty -Path Registry::\"HKLM\\SOFTWARE\\Microsoft\\EdgeUpdate\\Clients\\{56EB18F8-8008-4CBD-B6D2-8C97FE7E9062}\").pv; if ($tmp) {echo $tmp; Exit;}; $tmp = (Get-Item -Path \"$env:LOCALAPPDATA\\Microsoft\\Edge Beta\\Application\\msedge.exe\").VersionInfo.FileVersion; if ($tmp) {echo $tmp; Exit;}; $tmp = (Get-Item -Path \"$env:PROGRAMFILES\\Microsoft\\Edge Beta\\Application\\msedge.exe\").VersionInfo.FileVersion; if ($tmp) {echo $tmp; Exit;}; $tmp = (Get-Item -Path \"$env:PROGRAMFILES (x86)\\Microsoft\\Edge Beta\\Application\\msedge.exe\").VersionInfo.FileVersion; if ($tmp) {echo $tmp; Exit;}; $tmp = (Get-ItemProperty -Path Registry::\"HKCU\\SOFTWARE\\Microsoft\\Edge Beta\\BLBeacon\").version; if ($tmp) {echo $tmp; Exit;}; $tmp = (Get-Item -Path \"$env:LOCALAPPDATA\\Microsoft\\Edge Dev\\Application\\msedge.exe\").VersionInfo.FileVersion; if ($tmp) {echo $tmp; Exit;}; $tmp = (Get-Item -Path \"$env:PROGRAMFILES\\Microsoft\\Edge Dev\\Application\\msedge.exe\").VersionInfo.FileVersion; if ($tmp) {echo $tmp; Exit;}; $tmp = (Get-Item -Path \"$env:PROGRAMFILES (x86)\\Microsoft\\Edge Dev\\Application\\msedge.exe\").VersionInfo.FileVersion; if ($tmp) {echo $tmp; Exit;}; $tmp = (Get-ItemProperty -Path Registry::\"HKCU\\SOFTWARE\\Microsoft\\Edge Dev\\BLBeacon\").version; if ($tmp) {echo $tmp; Exit;}; $tmp = (Get-Item -Path \"$env:LOCALAPPDATA\\Microsoft\\Edge SxS\\Application\\msedge.exe\").VersionInfo.FileVersion; if ($tmp) {echo $tmp; Exit;}; $tmp = (Get-ItemProperty -Path Registry::\"HKCU\\SOFTWARE\\Microsoft\\Edge SxS\\BLBeacon\").version; if ($tmp) {echo $tmp; Exit;}; $tmp = (Get-Item (Get-ItemProperty 'HKLM:\\SOFTWARE\\Microsoft\\Windows\\CurrentVersion\\App Paths\\msedge.exe').'(Default)').VersionInfo.ProductVersion; if ($tmp) {echo $tmp; Exit;}; $tmp = [System.Diagnostics.FileVersionInfo]::GetVersionInfo((Get-ItemProperty 'HKLM:\\SOFTWARE\\Microsoft\\Windows\\CurrentVersion\\App Paths\\msedge.exe').'(Default)').ProductVersion; if ($tmp) {echo $tmp; Exit;}; $tmp = Get-AppxPackage -Name *MicrosoftEdge.* | Foreach Version; if ($tmp) {echo $tmp; Exit;}; $tmp = (Get-ItemProperty -Path Registry::\"HKLM\\SOFTWARE\\Wow6432Node\\Microsoft\\Windows\\CurrentVersion\\Uninstall\\Microsoft Edge\").version; if ($tmp) {echo $tmp; Exit;};\"\"\r\nParentUser: WINDEV2308EVAL\\Secretary\""},"eventdata":{"utcTime":"2026-02-04 03:59:33.375","processGuid":"{de7f78ee-c425-6982-3009-000000001e00}","processId":"452","image":"C:\\\\Windows\\\\System32\\\\WindowsPowerShell\\\\v1.0\\\\powershell.exe","fileVersion":"10.0.22621.3085 (WinBuild.160101.0800)","description":"Windows PowerShell","product":"Microsoft® Windows® Operating System","company":"Microsoft Corporation","originalFileName":"PowerShell.EXE","commandLine":"powershell  -NoProfile \\\"$ErrorActionPreference='silentlycontinue'; $tmp = (Get-Item -Path \\\"$env:PROGRAMFILES\\\\Microsoft\\\\Edge\\\\Application\\\\msedge.exe\\\").VersionInfo.FileVersion; if ($tmp) {echo $tmp; Exit;}; $tmp = (Get-Item -Path \\\"$env:PROGRAMFILES (x86)\\\\Microsoft\\\\Edge\\\\Application\\\\msedge.exe\\\").VersionInfo.FileVersion; if ($tmp) {echo $tmp; Exit;}; $tmp = (Get-ItemProperty -Path Registry::\\\"HKCU\\\\SOFTWARE\\\\Microsoft\\\\Edge\\\\BLBeacon\\\").version; if ($tmp) {echo $tmp; Exit;}; $tmp = (Get-ItemProperty -Path Registry::\\\"HKLM\\\\SOFTWARE\\\\Microsoft\\\\EdgeUpdate\\\\Clients\\\\{56EB18F8-8008-4CBD-B6D2-8C97FE7E9062}\\\").pv; if ($tmp) {echo $tmp; Exit;}; $tmp = (Get-Item -Path \\\"$env:LOCALAPPDATA\\\\Microsoft\\\\Edge Beta\\\\Application\\\\msedge.exe\\\").VersionInfo.FileVersion; if ($tmp) {echo $tmp; Exit;}; $tmp = (Get-Item -Path \\\"$env:PROGRAMFILES\\\\Microsoft\\\\Edge Beta\\\\Application\\\\msedge.exe\\\").VersionInfo.FileVersion; if ($tmp) {echo $tmp; Exit;}; $tmp = (Get-Item -Path \\\"$env:PROGRAMFILES (x86)\\\\Microsoft\\\\Edge Beta\\\\Application\\\\msedge.exe\\\").VersionInfo.FileVersion; if ($tmp) {echo $tmp; Exit;}; $tmp = (Get-ItemProperty -Path Registry::\\\"HKCU\\\\SOFTWARE\\\\Microsoft\\\\Edge Beta\\\\BLBeacon\\\").version; if ($tmp) {echo $tmp; Exit;}; $tmp = (Get-Item -Path \\\"$env:LOCALAPPDATA\\\\Microsoft\\\\Edge Dev\\\\Application\\\\msedge.exe\\\").VersionInfo.FileVersion; if ($tmp) {echo $tmp; Exit;}; $tmp = (Get-Item -Path \\\"$env:PROGRAMFILES\\\\Microsoft\\\\Edge Dev\\\\Application\\\\msedge.exe\\\").VersionInfo.FileVersion; if ($tmp) {echo $tmp; Exit;}; $tmp = (Get-Item -Path \\\"$env:PROGRAMFILES (x86)\\\\Microsoft\\\\Edge Dev\\\\Application\\\\msedge.exe\\\").VersionInfo.FileVersion; if ($tmp) {echo $tmp; Exit;}; $tmp = (Get-ItemProperty -Path Registry::\\\"HKCU\\\\SOFTWARE\\\\Microsoft\\\\Edge Dev\\\\BLBeacon\\\").version; if ($tmp) {echo $tmp; Exit;}; $tmp = (Get-Item -Path \\\"$env:LOCALAPPDATA\\\\Microsoft\\\\Edge SxS\\\\Application\\\\msedge.exe\\\").VersionInfo.FileVersion; if ($tmp) {echo $tmp; Exit;}; $tmp = (Get-ItemProperty -Path Registry::\\\"HKCU\\\\SOFTWARE\\\\Microsoft\\\\Edge SxS\\\\BLBeacon\\\").version; if ($tmp) {echo $tmp; Exit;}; $tmp = (Get-Item (Get-ItemProperty 'HKLM:\\\\SOFTWARE\\\\Microsoft\\\\Windows\\\\CurrentVersion\\\\App Paths\\\\msedge.exe').'(Default)').VersionInfo.ProductVersion; if ($tmp) {echo $tmp; Exit;}; $tmp = [System.Diagnostics.FileVersionInfo]::GetVersionInfo((Get-ItemProperty 'HKLM:\\\\SOFTWARE\\\\Microsoft\\\\Windows\\\\CurrentVersion\\\\App Paths\\\\msedge.exe').'(Default)').ProductVersion; if ($tmp) {echo $tmp; Exit;}; $tmp = Get-AppxPackage -Name *MicrosoftEdge.* | Foreach Version; if ($tmp) {echo $tmp; Exit;}; $tmp = (Get-ItemProperty -Path Registry::\\\"HKLM\\\\SOFTWARE\\\\Wow6432Node\\\\Microsoft\\\\Windows\\\\CurrentVersion\\\\Uninstall\\\\Microsoft Edge\\\").version; if ($tmp) {echo $tmp; Exit;};\\\"","currentDirectory":"C:\\\\Users\\\\Secretary\\\\user_behavior_generation\\\\worker\\\\","user":"WINDEV2308EVAL\\\\Secretary","logonGuid":"{de7f78ee-4b47-6982-f4f1-3d0000000000}","logonId":"0x3df1f4","terminalSessionId":"2","integrityLevel":"Medium","hashes":"SHA256=3247BCFD60F6DD25F34CB74B5889AB10EF1B3EC72B4D4B3D95B5B25B534560B8","parentProcessGuid":"{de7f78ee-c425-6982-2f09-000000001e00}","parentProcessId":"5180","parentImage":"C:\\\\Windows\\\\System32\\\\cmd.exe","parentCommandLine":"C:\\\\Windows\\\\system32\\\\cmd.exe /c \\\"powershell -NoProfile \\\"$ErrorActionPreference='silentlycontinue'; $tmp = (Get-Item -Path \\\"$env:PROGRAMFILES\\\\Microsoft\\\\Edge\\\\Application\\\\msedge.exe\\\").VersionInfo.FileVersion; if ($tmp) {echo $tmp; Exit;}; $tmp = (Get-Item -Path \\\"$env:PROGRAMFILES (x86)\\\\Microsoft\\\\Edge\\\\Application\\\\msedge.exe\\\").VersionInfo.FileVersion; if ($tmp) {echo $tmp; Exit;}; $tmp = (Get-ItemProperty -Path Registry::\\\"HKCU\\\\SOFTWARE\\\\Microsoft\\\\Edge\\\\BLBeacon\\\").version; if ($tmp) {echo $tmp; Exit;}; $tmp = (Get-ItemProperty -Path Registry::\\\"HKLM\\\\SOFTWARE\\\\Microsoft\\\\EdgeUpdate\\\\Clients\\\\{56EB18F8-8008-4CBD-B6D2-8C97FE7E9062}\\\").pv; if ($tmp) {echo $tmp; Exit;}; $tmp = (Get-Item -Path \\\"$env:LOCALAPPDATA\\\\Microsoft\\\\Edge Beta\\\\Application\\\\msedge.exe\\\").VersionInfo.FileVersion; if ($tmp) {echo $tmp; Exit;}; $tmp = (Get-Item -Path \\\"$env:PROGRAMFILES\\\\Microsoft\\\\Edge Beta\\\\Application\\\\msedge.exe\\\").VersionInfo.FileVersion; if ($tmp) {echo $tmp; Exit;}; $tmp = (Get-Item -Path \\\"$env:PROGRAMFILES (x86)\\\\Microsoft\\\\Edge Beta\\\\Application\\\\msedge.exe\\\").VersionInfo.FileVersion; if ($tmp) {echo $tmp; Exit;}; $tmp = (Get-ItemProperty -Path Registry::\\\"HKCU\\\\SOFTWARE\\\\Microsoft\\\\Edge Beta\\\\BLBeacon\\\").version; if ($tmp) {echo $tmp; Exit;}; $tmp = (Get-Item -Path \\\"$env:LOCALAPPDATA\\\\Microsoft\\\\Edge Dev\\\\Application\\\\msedge.exe\\\").VersionInfo.FileVersion; if ($tmp) {echo $tmp; Exit;}; $tmp = (Get-Item -Path \\\"$env:PROGRAMFILES\\\\Microsoft\\\\Edge Dev\\\\Application\\\\msedge.exe\\\").VersionInfo.FileVersion; if ($tmp) {echo $tmp; Exit;}; $tmp = (Get-Item -Path \\\"$env:PROGRAMFILES (x86)\\\\Microsoft\\\\Edge Dev\\\\Application\\\\msedge.exe\\\").VersionInfo.FileVersion; if ($tmp) {echo $tmp; Exit;}; $tmp = (Get-ItemProperty -Path Registry::\\\"HKCU\\\\SOFTWARE\\\\Microsoft\\\\Edge Dev\\\\BLBeacon\\\").version; if ($tmp) {echo $tmp; Exit;}; $tmp = (Get-Item -Path \\\"$env:LOCALAPPDATA\\\\Microsoft\\\\Edge SxS\\\\Application\\\\msedge.exe\\\").VersionInfo.FileVersion; if ($tmp) {echo $tmp; Exit;}; $tmp = (Get-ItemProperty -Path Registry::\\\"HKCU\\\\SOFTWARE\\\\Microsoft\\\\Edge SxS\\\\BLBeacon\\\").version; if ($tmp) {echo $tmp; Exit;}; $tmp = (Get-Item (Get-ItemProperty 'HKLM:\\\\SOFTWARE\\\\Microsoft\\\\Windows\\\\CurrentVersion\\\\App Paths\\\\msedge.exe').'(Default)').VersionInfo.ProductVersion; if ($tmp) {echo $tmp; Exit;}; $tmp = [System.Diagnostics.FileVersionInfo]::GetVersionInfo((Get-ItemProperty 'HKLM:\\\\SOFTWARE\\\\Microsoft\\\\Windows\\\\CurrentVersion\\\\App Paths\\\\msedge.exe').'(Default)').ProductVersion; if ($tmp) {echo $tmp; Exit;}; $tmp = Get-AppxPackage -Name *MicrosoftEdge.* | Foreach Version; if ($tmp) {echo $tmp; Exit;}; $tmp = (Get-ItemProperty -Path Registry::\\\"HKLM\\\\SOFTWARE\\\\Wow6432Node\\\\Microsoft\\\\Windows\\\\CurrentVersion\\\\Uninstall\\\\Microsoft Edge\\\").version; if ($tmp) {echo $tmp; Exit;};\\\"\\\"","parentUser":"WINDEV2308EVAL\\\\Secretary"}}}
2026 Feb 03 20:43:14 (OPNsense.localdomain) any->syscollector {"data":{"architecture":"amd64","checksum":"d64d43bd8b7984036a35994fd1bfb418af2de129","description":"Implementation of IDNA2008 internationalized domain names","format":"pkg","groups":" ","install_time":"1721738651","item_id":"e60a3f2385f8b5e644105d0412a8c2663815a78f","location":" ","name":"libidn2","priority":" ","scan_time":"2026/02/03 19:12:07","size":"717994","source":"OPNsense","vendor":"sunpoet@FreeBSD.org","version":"2.3.7"},"operation":"MODIFIED","type":"dbsync_packages"}
2026 Feb 03 20:43:14 (Secretary-Windows) any->EventChannel {"win":{"system":{"providerName":"Microsoft-Windows-Sysmon","providerGuid":"{5770385f-c22a-43e0-bf4c-06f5698ffbd9}","eventID":"5","version":"3","level":"4","task":"5","opcode":"0","keywords":"0x8000000000000000","systemTime":"2026-02-04T03:59:34.7554841Z","eventRecordID":"3083","processID":"2824","threadID":"3588","channel":"Microsoft-Windows-Sysmon/Operational","computer":"WinDev2308Eval","severityValue":"INFORMATION","message":"\"Process terminated:\r\nRuleName: -\r\nUtcTime: 2026-02-04 03:59:34.748\r\nProcessGuid: {de7f78ee-c425-6982-3009-000000001e00}\r\nProcessId: 452\r\nImage: C:\\Windows\\System32\\WindowsPowerShell\\v1.0\\powershell.exe\r\nUser: WINDEV2308EVAL\\Secretary\""},"eventdata":{"utcTime":"2026-02-04 03:59:34.748","processGuid":"{de7f78ee-c425-6982-3009-000000001e00}","processId":"452","image":"C:\\\\Windows\\\\System32\\\\WindowsPowerShell\\\\v1.0\\\\powershell.exe","user":"WINDEV2308EVAL\\\\Secretary"}}}
2026 Feb 03 20:43:14 (Secretary-Windows) any->EventChannel {"win":{"system":{"providerName":"Microsoft-Windows-Sysmon","providerGuid":"{5770385f-c22a-43e0-bf4c-06f5698ffbd9}","eventID":"5","version":"3","level":"4","task":"5","opcode":"0","keywords":"0x8000000000000000","systemTime":"2026-02-04T03:59:34.7746639Z","eventRecordID":"3084","processID":"2824","threadID":"3588","channel":"Microsoft-Windows-Sysmon/Operational","computer":"WinDev2308Eval","severityValue":"INFORMATION","message":"\"Process terminated:\r\nRuleName: -\r\nUtcTime: 2026-02-04 03:59:34.764\r\nProcessGuid: {de7f78ee-c425-6982-2f09-000000001e00}\r\nProcessId: 5180\r\nImage: C:\\Windows\\System32\\cmd.exe\r\nUser: WINDEV2308EVAL\\Secretary\""},"eventdata":{"utcTime":"2026-02-04 03:59:34.764","processGuid":"{de7f78ee-c425-6982-2f09-000000001e00}","processId":"5180","image":"C:\\\\Windows\\\\System32\\\\cmd.exe","user":"WINDEV2308EVAL\\\\Secretary"}}}
2026 Feb 03 20:43:14 (Secretary-Windows) any->EventChannel {"win":{"system":{"providerName":"Microsoft-Windows-Sysmon","providerGuid":"{5770385f-c22a-43e0-bf4c-06f5698ffbd9}","eventID":"1","version":"5","level":"4","task":"1","opcode":"0","keywords":"0x8000000000000000","systemTime":"2026-02-04T03:59:34.7834863Z","eventRecordID":"3085","processID":"2824","threadID":"3588","channel":"Microsoft-Windows-Sysmon/Operational","computer":"WinDev2308Eval","severityValue":"INFORMATION","message":"\"Process Create:\r\nRuleName: -\r\nUtcTime: 2026-02-04 03:59:34.778\r\nProcessGuid: {de7f78ee-c426-6982-3109-000000001e00}\r\nProcessId: 4504\r\nImage: C:\\Windows\\System32\\cmd.exe\r\nFileVersion: 10.0.22621.5840 (WinBuild.160101.0800)\r\nDescription: Windows Command Processor\r\nProduct: Microsoft® Windows® Operating System\r\nCompany: Microsoft Corporation\r\nOriginalFileName: Cmd.Exe\r\nCommandLine: C:\\Windows\\system32\\cmd.exe /c \"(dir 2>&1 *`|echo CMD);&<# rem #>echo powershell\"\r\nCurrentDirectory: C:\\Users\\Secretary\\user_behavior_generation\\worker\\\r\nUser: WINDEV2308EVAL\\Secretary\r\nLogonGuid: {de7f78ee-4b47-6982-f4f1-3d0000000000}\r\nLogonId: 0x3DF1F4\r\nTerminalSessionId: 2\r\nIntegrityLevel: Medium\r\nHashes: SHA256=ED1358CB5F7A7E4FA21E6B07EF1C6F664F0D363C60B4641AFF43F5602A0B3F6E\r\nParentProcessGuid: {de7f78ee-c422-6982-1f09-000000001e00}\r\nParentProcessId: 5924\r\nParentImage: C:\\Users\\Secretary\\AppData\\Local\\Programs\\Python\\Python314\\python.exe\r\nParentCommandLine: .\\venv\\Scripts\\python.exe  smart_worker.py \"https://www.google.com\" \"generic\"\r\nParentUser: WINDEV2308EVAL\\Secretary\""},"eventdata":{"utcTime":"2026-02-04 03:59:34.778","processGuid":"{de7f78ee-c426-6982-3109-000000001e00}","processId":"4504","image":"C:\\\\Windows\\\\System32\\\\cmd.exe","fileVersion":"10.0.22621.5840 (WinBuild.160101.0800)","description":"Windows Command Processor","product":"Microsoft® Windows® Operating System","company":"Microsoft Corporation","originalFileName":"Cmd.Exe","commandLine":"C:\\\\Windows\\\\system32\\\\cmd.exe /c \\\"(dir 2&gt;&amp;1 *`|echo CMD);&amp;&lt;# rem #&gt;echo powershell\\\"","currentDirectory":"C:\\\\Users\\\\Secretary\\\\user_behavior_generation\\\\worker\\\\","user":"WINDEV2308EVAL\\\\Secretary","logonGuid":"{de7f78ee-4b47-6982-f4f1-3d0000000000}","logonId":"0x3df1f4","terminalSessionId":"2","integrityLevel":"Medium","hashes":"SHA256=ED1358CB5F7A7E4FA21E6B07EF1C6F664F0D363C60B4641AFF43F5602A0B3F6E","parentProcessGuid":"{de7f78ee-c422-6982-1f09-000000001e00}","parentProcessId":"5924","parentImage":"C:\\\\Users\\\\Secretary\\\\AppData\\\\Local\\\\Programs\\\\Python\\\\Python314\\\\python.exe","parentCommandLine":".\\\\venv\\\\Scripts\\\\python.exe  smart_worker.py \\\"https://www.google.com\\\" \\\"generic\\\"","parentUser":"WINDEV2308EVAL\\\\Secretary"}}}
2026 Feb 03 20:43:14 (Secretary-Windows) any->EventChannel {"win":{"system":{"providerName":"Microsoft-Windows-Sysmon","providerGuid":"{5770385f-c22a-43e0-bf4c-06f5698ffbd9}","eventID":"1","version":"5","level":"4","task":"1","opcode":"0","keywords":"0x8000000000000000","systemTime":"2026-02-04T03:59:34.8128998Z","eventRecordID":"3086","processID":"2824","threadID":"3588","channel":"Microsoft-Windows-Sysmon/Operational","computer":"WinDev2308Eval","severityValue":"INFORMATION","message":"\"Process Create:\r\nRuleName: -\r\nUtcTime: 2026-02-04 03:59:34.801\r\nProcessGuid: {de7f78ee-c426-6982-3209-000000001e00}\r\nProcessId: 5368\r\nImage: C:\\Windows\\System32\\cmd.exe\r\nFileVersion: 10.0.22621.5840 (WinBuild.160101.0800)\r\nDescription: Windows Command Processor\r\nProduct: Microsoft® Windows® Operating System\r\nCompany: Microsoft Corporation\r\nOriginalFileName: Cmd.Exe\r\nCommandLine: C:\\Windows\\system32\\cmd.exe  /S /D /c\" dir  *` 2>&1\"\r\nCurrentDirectory: C:\\Users\\Secretary\\user_behavior_generation\\worker\\\r\nUser: WINDEV2308EVAL\\Secretary\r\nLogonGuid: {de7f78ee-4b47-6982-f4f1-3d0000000000}\r\nLogonId: 0x3DF1F4\r\nTerminalSessionId: 2\r\nIntegrityLevel: Medium\r\nHashes: SHA256=ED1358CB5F7A7E4FA21E6B07EF1C6F664F0D363C60B4641AFF43F5602A0B3F6E\r\nParentProcessGuid: {de7f78ee-c426-6982-3109-000000001e00}\r\nParentProcessId: 4504\r\nParentImage: C:\\Windows\\System32\\cmd.exe\r\nParentCommandLine: C:\\Windows\\system32\\cmd.exe /c \"(dir 2>&1 *`|echo CMD);&<# rem #>echo powershell\"\r\nParentUser: WINDEV2308EVAL\\Secretary\""},"eventdata":{"utcTime":"2026-02-04 03:59:34.801","processGuid":"{de7f78ee-c426-6982-3209-000000001e00}","processId":"5368","image":"C:\\\\Windows\\\\System32\\\\cmd.exe","fileVersion":"10.0.22621.5840 (WinBuild.160101.0800)","description":"Windows Command Processor","product":"Microsoft® Windows® Operating System","company":"Microsoft Corporation","originalFileName":"Cmd.Exe","commandLine":"C:\\\\Windows\\\\system32\\\\cmd.exe  /S /D /c\\\" dir  *` 2&gt;&amp;1\\\"","currentDirectory":"C:\\\\Users\\\\Secretary\\\\user_behavior_generation\\\\worker\\\\","user":"WINDEV2308EVAL\\\\Secretary","logonGuid":"{de7f78ee-4b47-6982-f4f1-3d0000000000}","logonId":"0x3df1f4","terminalSessionId":"2","integrityLevel":"Medium","hashes":"SHA256=ED1358CB5F7A7E4FA21E6B07EF1C6F664F0D363C60B4641AFF43F5602A0B3F6E","parentProcessGuid":"{de7f78ee-c426-6982-3109-000000001e00}","parentProcessId":"4504","parentImage":"C:\\\\Windows\\\\System32\\\\cmd.exe","parentCommandLine":"C:\\\\Windows\\\\system32\\\\cmd.exe /c \\\"(dir 2&gt;&amp;1 *`|echo CMD);&amp;&lt;# rem #&gt;echo powershell\\\"","parentUser":"WINDEV2308EVAL\\\\Secretary"}}}
2026 Feb 03 20:43:14 (Secretary-Windows) any->EventChannel {"win":{"system":{"providerName":"Microsoft-Windows-Sysmon","providerGuid":"{5770385f-c22a-43e0-bf4c-06f5698ffbd9}","eventID":"5","version":"3","level":"4","task":"5","opcode":"0","keywords":"0x8000000000000000","systemTime":"2026-02-04T03:59:34.8418887Z","eventRecordID":"3087","processID":"2824","threadID":"3588","channel":"Microsoft-Windows-Sysmon/Operational","computer":"WinDev2308Eval","severityValue":"INFORMATION","message":"\"Process terminated:\r\nRuleName: -\r\nUtcTime: 2026-02-04 03:59:34.826\r\nProcessGuid: {de7f78ee-c426-6982-3209-000000001e00}\r\nProcessId: 5368\r\nImage: C:\\Windows\\System32\\cmd.exe\r\nUser: WINDEV2308EVAL\\Secretary\""},"eventdata":{"utcTime":"2026-02-04 03:59:34.826","processGuid":"{de7f78ee-c426-6982-3209-000000001e00}","processId":"5368","image":"C:\\\\Windows\\\\System32\\\\cmd.exe","user":"WINDEV2308EVAL\\\\Secretary"}}}
2026 Feb 03 20:43:14 (Secretary-Windows) any->EventChannel {"win":{"system":{"providerName":"Microsoft-Windows-Sysmon","providerGuid":"{5770385f-c22a-43e0-bf4c-06f5698ffbd9}","eventID":"1","version":"5","level":"4","task":"1","opcode":"0","keywords":"0x8000000000000000","systemTime":"2026-02-04T03:59:34.8450598Z","eventRecordID":"3088","processID":"2824","threadID":"3588","channel":"Microsoft-Windows-Sysmon/Operational","computer":"WinDev2308Eval","severityValue":"INFORMATION","message":"\"Process Create:\r\nRuleName: -\r\nUtcTime: 2026-02-04 03:59:34.822\r\nProcessGuid: {de7f78ee-c426-6982-3309-000000001e00}\r\nProcessId: 3284\r\nImage: C:\\Windows\\System32\\cmd.exe\r\nFileVersion: 10.0.22621.5840 (WinBuild.160101.0800)\r\nDescription: Windows Command Processor\r\nProduct: Microsoft® Windows® Operating System\r\nCompany: Microsoft Corporation\r\nOriginalFileName: Cmd.Exe\r\nCommandLine: C:\\Windows\\system32\\cmd.exe  /S /D /c\" echo CMD\"\r\nCurrentDirectory: C:\\Users\\Secretary\\user_behavior_generation\\worker\\\r\nUser: WINDEV2308EVAL\\Secretary\r\nLogonGuid: {de7f78ee-4b47-6982-f4f1-3d0000000000}\r\nLogonId: 0x3DF1F4\r\nTerminalSessionId: 2\r\nIntegrityLevel: Medium\r\nHashes: SHA256=ED1358CB5F7A7E4FA21E6B07EF1C6F664F0D363C60B4641AFF43F5602A0B3F6E\r\nParentProcessGuid: {de7f78ee-c426-6982-3109-000000001e00}\r\nParentProcessId: 4504\r\nParentImage: C:\\Windows\\System32\\cmd.exe\r\nParentCommandLine: C:\\Windows\\system32\\cmd.exe /c \"(dir 2>&1 *`|echo CMD);&<# rem #>echo powershell\"\r\nParentUser: WINDEV2308EVAL\\Secretary\""},"eventdata":{"utcTime":"2026-02-04 03:59:34.822","processGuid":"{de7f78ee-c426-6982-3309-000000001e00}","processId":"3284","image":"C:\\\\Windows\\\\System32\\\\cmd.exe","fileVersion":"10.0.22621.5840 (WinBuild.160101.0800)","description":"Windows Command Processor","product":"Microsoft® Windows® Operating System","company":"Microsoft Corporation","originalFileName":"Cmd.Exe","commandLine":"C:\\\\Windows\\\\system32\\\\cmd.exe  /S /D /c\\\" echo CMD\\\"","currentDirectory":"C:\\\\Users\\\\Secretary\\\\user_behavior_generation\\\\worker\\\\","user":"WINDEV2308EVAL\\\\Secretary","logonGuid":"{de7f78ee-4b47-6982-f4f1-3d0000000000}","logonId":"0x3df1f4","terminalSessionId":"2","integrityLevel":"Medium","hashes":"SHA256=ED1358CB5F7A7E4FA21E6B07EF1C6F664F0D363C60B4641AFF43F5602A0B3F6E","parentProcessGuid":"{de7f78ee-c426-6982-3109-000000001e00}","parentProcessId":"4504","parentImage":"C:\\\\Windows\\\\System32\\\\cmd.exe","parentCommandLine":"C:\\\\Windows\\\\system32\\\\cmd.exe /c \\\"(dir 2&gt;&amp;1 *`|echo CMD);&amp;&lt;# rem #&gt;echo powershell\\\"","parentUser":"WINDEV2308EVAL\\\\Secretary"}}}
2026 Feb 03 20:43:14 (Secretary-Windows) any->EventChannel {"win":{"system":{"providerName":"Microsoft-Windows-Sysmon","providerGuid":"{5770385f-c22a-43e0-bf4c-06f5698ffbd9}","eventID":"5","version":"3","level":"4","task":"5","opcode":"0","keywords":"0x8000000000000000","systemTime":"2026-02-04T03:59:34.8691883Z","eventRecordID":"3089","processID":"2824","threadID":"3588","channel":"Microsoft-Windows-Sysmon/Operational","computer":"WinDev2308Eval","severityValue":"INFORMATION","message":"\"Process terminated:\r\nRuleName: -\r\nUtcTime: 2026-02-04 03:59:34.857\r\nProcessGuid: {de7f78ee-c426-6982-3309-000000001e00}\r\nProcessId: 3284\r\nImage: C:\\Windows\\System32\\cmd.exe\r\nUser: WINDEV2308EVAL\\Secretary\""},"eventdata":{"utcTime":"2026-02-04 03:59:34.857","processGuid":"{de7f78ee-c426-6982-3309-000000001e00}","processId":"3284","image":"C:\\\\Windows\\\\System32\\\\cmd.exe","user":"WINDEV2308EVAL\\\\Secretary"}}}
2026 Feb 03 20:43:14 (OPNsense.localdomain) any->syscollector {"data":{"architecture":"amd64","checksum":"b25a2d889668e0cecdacf6a01942565576f7815d","description":"Kevent based inotify compatible library","format":"pkg","groups":" ","install_time":"1767392075","item_id":"4cbbda9867da3c4b65e08b50a38a65a52b96712e","location":" ","name":"libinotify","priority":" ","scan_time":"2026/02/03 19:12:07","size":"98143","source":"OPNsense","vendor":"sunpoet@FreeBSD.org","version":"20240724"},"operation":"MODIFIED","type":"dbsync_packages"}
2026 Feb 03 20:43:14 (Secretary-Windows) any->EventChannel {"win":{"system":{"providerName":"Microsoft-Windows-Sysmon","providerGuid":"{5770385f-c22a-43e0-bf4c-06f5698ffbd9}","eventID":"5","version":"3","level":"4","task":"5","opcode":"0","keywords":"0x8000000000000000","systemTime":"2026-02-04T03:59:34.8831827Z","eventRecordID":"3090","processID":"2824","threadID":"3588","channel":"Microsoft-Windows-Sysmon/Operational","computer":"WinDev2308Eval","severityValue":"INFORMATION","message":"\"Process terminated:\r\nRuleName: -\r\nUtcTime: 2026-02-04 03:59:34.873\r\nProcessGuid: {de7f78ee-c426-6982-3109-000000001e00}\r\nProcessId: 4504\r\nImage: C:\\Windows\\System32\\cmd.exe\r\nUser: WINDEV2308EVAL\\Secretary\""},"eventdata":{"utcTime":"2026-02-04 03:59:34.873","processGuid":"{de7f78ee-c426-6982-3109-000000001e00}","processId":"4504","image":"C:\\\\Windows\\\\System32\\\\cmd.exe","user":"WINDEV2308EVAL\\\\Secretary"}}}
2026 Feb 03 20:43:14 (Secretary-Windows) any->EventChannel {"win":{"system":{"providerName":"Microsoft-Windows-Sysmon","providerGuid":"{5770385f-c22a-43e0-bf4c-06f5698ffbd9}","eventID":"1","version":"5","level":"4","task":"1","opcode":"0","keywords":"0x8000000000000000","systemTime":"2026-02-04T03:59:34.8967881Z","eventRecordID":"3091","processID":"2824","threadID":"3588","channel":"Microsoft-Windows-Sysmon/Operational","computer":"WinDev2308Eval","severityValue":"INFORMATION","message":"\"Process Create:\r\nRuleName: -\r\nUtcTime: 2026-02-04 03:59:34.887\r\nProcessGuid: {de7f78ee-c426-6982-3409-000000001e00}\r\nProcessId: 7524\r\nImage: C:\\Windows\\System32\\cmd.exe\r\nFileVersion: 10.0.22621.5840 (WinBuild.160101.0800)\r\nDescription: Windows Command Processor\r\nProduct: Microsoft® Windows® Operating System\r\nCompany: Microsoft Corporation\r\nOriginalFileName: Cmd.Exe\r\nCommandLine: C:\\Windows\\system32\\cmd.exe /c \"(dir 2>&1 *`|echo CMD);&<# rem #>echo powershell\"\r\nCurrentDirectory: C:\\Users\\Secretary\\user_behavior_generation\\worker\\\r\nUser: WINDEV2308EVAL\\Secretary\r\nLogonGuid: {de7f78ee-4b47-6982-f4f1-3d0000000000}\r\nLogonId: 0x3DF1F4\r\nTerminalSessionId: 2\r\nIntegrityLevel: Medium\r\nHashes: SHA256=ED1358CB5F7A7E4FA21E6B07EF1C6F664F0D363C60B4641AFF43F5602A0B3F6E\r\nParentProcessGuid: {de7f78ee-c422-6982-1f09-000000001e00}\r\nParentProcessId: 5924\r\nParentImage: C:\\Users\\Secretary\\AppData\\Local\\Programs\\Python\\Python314\\python.exe\r\nParentCommandLine: .\\venv\\Scripts\\python.exe  smart_worker.py \"https://www.google.com\" \"generic\"\r\nParentUser: WINDEV2308EVAL\\Secretary\""},"eventdata":{"utcTime":"2026-02-04 03:59:34.887","processGuid":"{de7f78ee-c426-6982-3409-000000001e00}","processId":"7524","image":"C:\\\\Windows\\\\System32\\\\cmd.exe","fileVersion":"10.0.22621.5840 (WinBuild.160101.0800)","description":"Windows Command Processor","product":"Microsoft® Windows® Operating System","company":"Microsoft Corporation","originalFileName":"Cmd.Exe","commandLine":"C:\\\\Windows\\\\system32\\\\cmd.exe /c \\\"(dir 2&gt;&amp;1 *`|echo CMD);&amp;&lt;# rem #&gt;echo powershell\\\"","currentDirectory":"C:\\\\Users\\\\Secretary\\\\user_behavior_generation\\\\worker\\\\","user":"WINDEV2308EVAL\\\\Secretary","logonGuid":"{de7f78ee-4b47-6982-f4f1-3d0000000000}","logonId":"0x3df1f4","terminalSessionId":"2","integrityLevel":"Medium","hashes":"SHA256=ED1358CB5F7A7E4FA21E6B07EF1C6F664F0D363C60B4641AFF43F5602A0B3F6E","parentProcessGuid":"{de7f78ee-c422-6982-1f09-000000001e00}","parentProcessId":"5924","parentImage":"C:\\\\Users\\\\Secretary\\\\AppData\\\\Local\\\\Programs\\\\Python\\\\Python314\\\\python.exe","parentCommandLine":".\\\\venv\\\\Scripts\\\\python.exe  smart_worker.py \\\"https://www.google.com\\\" \\\"generic\\\"","parentUser":"WINDEV2308EVAL\\\\Secretary"}}}
2026 Feb 03 20:43:14 (Secretary-Windows) any->EventChannel {"win":{"system":{"providerName":"Microsoft-Windows-Sysmon","providerGuid":"{5770385f-c22a-43e0-bf4c-06f5698ffbd9}","eventID":"1","version":"5","level":"4","task":"1","opcode":"0","keywords":"0x8000000000000000","systemTime":"2026-02-04T03:59:34.9308718Z","eventRecordID":"3092","processID":"2824","threadID":"3588","channel":"Microsoft-Windows-Sysmon/Operational","computer":"WinDev2308Eval","severityValue":"INFORMATION","message":"\"Process Create:\r\nRuleName: -\r\nUtcTime: 2026-02-04 03:59:34.919\r\nProcessGuid: {de7f78ee-c426-6982-3509-000000001e00}\r\nProcessId: 872\r\nImage: C:\\Windows\\System32\\cmd.exe\r\nFileVersion: 10.0.22621.5840 (WinBuild.160101.0800)\r\nDescription: Windows Command Processor\r\nProduct: Microsoft® Windows® Operating System\r\nCompany: Microsoft Corporation\r\nOriginalFileName: Cmd.Exe\r\nCommandLine: C:\\Windows\\system32\\cmd.exe  /S /D /c\" dir  *` 2>&1\"\r\nCurrentDirectory: C:\\Users\\Secretary\\user_behavior_generation\\worker\\\r\nUser: WINDEV2308EVAL\\Secretary\r\nLogonGuid: {de7f78ee-4b47-6982-f4f1-3d0000000000}\r\nLogonId: 0x3DF1F4\r\nTerminalSessionId: 2\r\nIntegrityLevel: Medium\r\nHashes: SHA256=ED1358CB5F7A7E4FA21E6B07EF1C6F664F0D363C60B4641AFF43F5602A0B3F6E\r\nParentProcessGuid: {de7f78ee-c426-6982-3409-000000001e00}\r\nParentProcessId: 7524\r\nParentImage: C:\\Windows\\System32\\cmd.exe\r\nParentCommandLine: C:\\Windows\\system32\\cmd.exe /c \"(dir 2>&1 *`|echo CMD);&<# rem #>echo powershell\"\r\nParentUser: WINDEV2308EVAL\\Secretary\""},"eventdata":{"utcTime":"2026-02-04 03:59:34.919","processGuid":"{de7f78ee-c426-6982-3509-000000001e00}","processId":"872","image":"C:\\\\Windows\\\\System32\\\\cmd.exe","fileVersion":"10.0.22621.5840 (WinBuild.160101.0800)","description":"Windows Command Processor","product":"Microsoft® Windows® Operating System","company":"Microsoft Corporation","originalFileName":"Cmd.Exe","commandLine":"C:\\\\Windows\\\\system32\\\\cmd.exe  /S /D /c\\\" dir  *` 2&gt;&amp;1\\\"","currentDirectory":"C:\\\\Users\\\\Secretary\\\\user_behavior_generation\\\\worker\\\\","user":"WINDEV2308EVAL\\\\Secretary","logonGuid":"{de7f78ee-4b47-6982-f4f1-3d0000000000}","logonId":"0x3df1f4","terminalSessionId":"2","integrityLevel":"Medium","hashes":"SHA256=ED1358CB5F7A7E4FA21E6B07EF1C6F664F0D363C60B4641AFF43F5602A0B3F6E","parentProcessGuid":"{de7f78ee-c426-6982-3409-000000001e00}","parentProcessId":"7524","parentImage":"C:\\\\Windows\\\\System32\\\\cmd.exe","parentCommandLine":"C:\\\\Windows\\\\system32\\\\cmd.exe /c \\\"(dir 2&gt;&amp;1 *`|echo CMD);&amp;&lt;# rem #&gt;echo powershell\\\"","parentUser":"WINDEV2308EVAL\\\\Secretary"}}}
2026 Feb 03 20:43:14 (Secretary-Windows) any->EventChannel {"win":{"system":{"providerName":"Microsoft-Windows-Sysmon","providerGuid":"{5770385f-c22a-43e0-bf4c-06f5698ffbd9}","eventID":"1","version":"5","level":"4","task":"1","opcode":"0","keywords":"0x8000000000000000","systemTime":"2026-02-04T03:59:34.9553906Z","eventRecordID":"3093","processID":"2824","threadID":"3588","channel":"Microsoft-Windows-Sysmon/Operational","computer":"WinDev2308Eval","severityValue":"INFORMATION","message":"\"Process Create:\r\nRuleName: -\r\nUtcTime: 2026-02-04 03:59:34.939\r\nProcessGuid: {de7f78ee-c426-6982-3609-000000001e00}\r\nProcessId: 7968\r\nImage: C:\\Windows\\System32\\cmd.exe\r\nFileVersion: 10.0.22621.5840 (WinBuild.160101.0800)\r\nDescription: Windows Command Processor\r\nProduct: Microsoft® Windows® Operating System\r\nCompany: Microsoft Corporation\r\nOriginalFileName: Cmd.Exe\r\nCommandLine: C:\\Windows\\system32\\cmd.exe  /S /D /c\" echo CMD\"\r\nCurrentDirectory: C:\\Users\\Secretary\\user_behavior_generation\\worker\\\r\nUser: WINDEV2308EVAL\\Secretary\r\nLogonGuid: {de7f78ee-4b47-6982-f4f1-3d0000000000}\r\nLogonId: 0x3DF1F4\r\nTerminalSessionId: 2\r\nIntegrityLevel: Medium\r\nHashes: SHA256=ED1358CB5F7A7E4FA21E6B07EF1C6F664F0D363C60B4641AFF43F5602A0B3F6E\r\nParentProcessGuid: {de7f78ee-c426-6982-3409-000000001e00}\r\nParentProcessId: 7524\r\nParentImage: C:\\Windows\\System32\\cmd.exe\r\nParentCommandLine: C:\\Windows\\system32\\cmd.exe /c \"(dir 2>&1 *`|echo CMD);&<# rem #>echo powershell\"\r\nParentUser: WINDEV2308EVAL\\Secretary\""},"eventdata":{"utcTime":"2026-02-04 03:59:34.939","processGuid":"{de7f78ee-c426-6982-3609-000000001e00}","processId":"7968","image":"C:\\\\Windows\\\\System32\\\\cmd.exe","fileVersion":"10.0.22621.5840 (WinBuild.160101.0800)","description":"Windows Command Processor","product":"Microsoft® Windows® Operating System","company":"Microsoft Corporation","originalFileName":"Cmd.Exe","commandLine":"C:\\\\Windows\\\\system32\\\\cmd.exe  /S /D /c\\\" echo CMD\\\"","currentDirectory":"C:\\\\Users\\\\Secretary\\\\user_behavior_generation\\\\worker\\\\","user":"WINDEV2308EVAL\\\\Secretary","logonGuid":"{de7f78ee-4b47-6982-f4f1-3d0000000000}","logonId":"0x3df1f4","terminalSessionId":"2","integrityLevel":"Medium","hashes":"SHA256=ED1358CB5F7A7E4FA21E6B07EF1C6F664F0D363C60B4641AFF43F5602A0B3F6E","parentProcessGuid":"{de7f78ee-c426-6982-3409-000000001e00}","parentProcessId":"7524","parentImage":"C:\\\\Windows\\\\System32\\\\cmd.exe","parentCommandLine":"C:\\\\Windows\\\\system32\\\\cmd.exe /c \\\"(dir 2&gt;&amp;1 *`|echo CMD);&amp;&lt;# rem #&gt;echo powershell\\\"","parentUser":"WINDEV2308EVAL\\\\Secretary"}}}
2026 Feb 03 20:43:14 (Secretary-Windows) any->EventChannel {"win":{"system":{"providerName":"Microsoft-Windows-Sysmon","providerGuid":"{5770385f-c22a-43e0-bf4c-06f5698ffbd9}","eventID":"5","version":"3","level":"4","task":"5","opcode":"0","keywords":"0x8000000000000000","systemTime":"2026-02-04T03:59:34.9630178Z","eventRecordID":"3094","processID":"2824","threadID":"3588","channel":"Microsoft-Windows-Sysmon/Operational","computer":"WinDev2308Eval","severityValue":"INFORMATION","message":"\"Process terminated:\r\nRuleName: -\r\nUtcTime: 2026-02-04 03:59:34.951\r\nProcessGuid: {de7f78ee-c426-6982-3509-000000001e00}\r\nProcessId: 872\r\nImage: C:\\Windows\\System32\\cmd.exe\r\nUser: WINDEV2308EVAL\\Secretary\""},"eventdata":{"utcTime":"2026-02-04 03:59:34.951","processGuid":"{de7f78ee-c426-6982-3509-000000001e00}","processId":"872","image":"C:\\\\Windows\\\\System32\\\\cmd.exe","user":"WINDEV2308EVAL\\\\Secretary"}}}
2026 Feb 03 20:43:14 (Secretary-Windows) any->EventChannel {"win":{"system":{"providerName":"Microsoft-Windows-Sysmon","providerGuid":"{5770385f-c22a-43e0-bf4c-06f5698ffbd9}","eventID":"5","version":"3","level":"4","task":"5","opcode":"0","keywords":"0x8000000000000000","systemTime":"2026-02-04T03:59:34.9732193Z","eventRecordID":"3095","processID":"2824","threadID":"3588","channel":"Microsoft-Windows-Sysmon/Operational","computer":"WinDev2308Eval","severityValue":"INFORMATION","message":"\"Process terminated:\r\nRuleName: -\r\nUtcTime: 2026-02-04 03:59:34.967\r\nProcessGuid: {de7f78ee-c426-6982-3609-000000001e00}\r\nProcessId: 7968\r\nImage: C:\\Windows\\System32\\cmd.exe\r\nUser: WINDEV2308EVAL\\Secretary\""},"eventdata":{"utcTime":"2026-02-04 03:59:34.967","processGuid":"{de7f78ee-c426-6982-3609-000000001e00}","processId":"7968","image":"C:\\\\Windows\\\\System32\\\\cmd.exe","user":"WINDEV2308EVAL\\\\Secretary"}}}
2026 Feb 03 20:43:14 (Secretary-Windows) any->EventChannel {"win":{"system":{"providerName":"Microsoft-Windows-Sysmon","providerGuid":"{5770385f-c22a-43e0-bf4c-06f5698ffbd9}","eventID":"5","version":"3","level":"4","task":"5","opcode":"0","keywords":"0x8000000000000000","systemTime":"2026-02-04T03:59:34.9793467Z","eventRecordID":"3096","processID":"2824","threadID":"3588","channel":"Microsoft-Windows-Sysmon/Operational","computer":"WinDev2308Eval","severityValue":"INFORMATION","message":"\"Process terminated:\r\nRuleName: -\r\nUtcTime: 2026-02-04 03:59:34.967\r\nProcessGuid: {de7f78ee-c426-6982-3409-000000001e00}\r\nProcessId: 7524\r\nImage: C:\\Windows\\System32\\cmd.exe\r\nUser: WINDEV2308EVAL\\Secretary\""},"eventdata":{"utcTime":"2026-02-04 03:59:34.967","processGuid":"{de7f78ee-c426-6982-3409-000000001e00}","processId":"7524","image":"C:\\\\Windows\\\\System32\\\\cmd.exe","user":"WINDEV2308EVAL\\\\Secretary"}}}
