2026 Feb 03 20:43:07 (Secretary-Windows) any->EventChannel {"win":{"system":{"providerName":"Microsoft-Windows-Sysmon","providerGuid":"{5770385f-c22a-43e0-bf4c-06f5698ffbd9}","eventID":"1","version":"5","level":"4","task":"1","opcode":"0","keywords":"0x8000000000000000","systemTime":"2026-02-04T03:33:40.9955801Z","eventRecordID":"2684","processID":"2824","threadID":"3588","channel":"Microsoft-Windows-Sysmon/Operational","computer":"WinDev2308Eval","severityValue":"INFORMATION","message":"\"Process Create:\r\nRuleName: -\r\nUtcTime: 2026-02-04 03:33:40.992\r\nProcessGuid: {de7f78ee-be14-6982-6a08-000000001e00}\r\nProcessId: 1980\r\nImage: C:\\Windows\\System32\\cmd.exe\r\nFileVersion: 10.0.22621.5840 (WinBuild.160101.0800)\r\nDescription: Windows Command Processor\r\nProduct: Microsoft® Windows® Operating System\r\nCompany: Microsoft Corporation\r\nOriginalFileName: Cmd.Exe\r\nCommandLine: C:\\Windows\\system32\\cmd.exe /c \"(dir 2>&1 *`|echo CMD);&<# rem #>echo powershell\"\r\nCurrentDirectory: C:\\Users\\Secretary\\user_behavior_generation\\worker\\\r\nUser: WINDEV2308EVAL\\Secretary\r\nLogonGuid: {de7f78ee-4b47-6982-f4f1-3d0000000000}\r\nLogonId: 0x3DF1F4\r\nTerminalSessionId: 2\r\nIntegrityLevel: Medium\r\nHashes: SHA256=ED1358CB5F7A7E4FA21E6B07EF1C6F664F0D363C60B4641AFF43F5602A0B3F6E\r\nParentProcessGuid: {de7f78ee-be10-6982-5c08-000000001e00}\r\nParentProcessId: 7536\r\nParentImage: C:\\Users\\Secretary\\AppData\\Local\\Programs\\Python\\Python314\\python.exe\r\nParentCommandLine: .\\venv\\Scripts\\python.exe  smart_worker.py \"https://www.miur.gov.it/web/guest/notizie\" \"news\"\r\nParentUser: WINDEV2308EVAL\\Secretary\""},"eventdata":{"utcTime":"2026-02-04 03:33:40.992","processGuid":"{de7f78ee-be14-6982-6a08-000000001e00}","processId":"1980","image":"C:\\\\Windows\\\\System32\\\\cmd.exe","fileVersion":"10.0.22621.5840 (WinBuild.160101.0800)","description":"Windows Command Processor","product":"Microsoft® Windows® Operating System","company":"Microsoft Corporation","originalFileName":"Cmd.Exe","commandLine":"C:\\\\Windows\\\\system32\\\\cmd.exe /c \\\"(dir 2&gt;&amp;1 *`|echo CMD);&amp;&lt;# rem #&gt;echo powershell\\\"","currentDirectory":"C:\\\\Users\\\\Secretary\\\\user_behavior_generation\\\\worker\\\\","user":"WINDEV2308EVAL\\\\Secretary","logonGuid":"{de7f78ee-4b47-6982-f4f1-3d0000000000}","logonId":"0x3df1f4","terminalSessionId":"2","integrityLevel":"Medium","hashes":"SHA256=ED1358CB5F7A7E4FA21E6B07EF1C6F664F0D363C60B4641AFF43F5602A0B3F6E","parentProcessGuid":"{de7f78ee-be10-6982-5c08-000000001e00}","parentProcessId":"7536","parentImage":"C:\\\\Users\\\\Secretary\\\\AppData\\\\Local\\\\Programs\\\\Python\\\\Python314\\\\python.exe","parentCommandLine":".\\\\venv\\\\Scripts\\\\python.exe  smart_worker.py \\\"https://www.miur.gov.it/web/guest/notizie\\\" \\\"news\\\"","parentUser":"WINDEV2308EVAL\\\\Secretary"}}}
2026 Feb 03 20:43:07 (Secretary-Windows) any->EventChannel {"win":{"system":{"providerName":"Microsoft-Windows-Security-Auditing","providerGuid":"{54849625-5478-4994-a5ba-3e3b0328c30d}","eventID":"4634","version":"0","level":"0","task":"12545","opcode":"0","keywords":"0x8020000000000000","systemTime":"2026-02-04T03:52:39.9032390Z","eventRecordID":"51962","processID":"764","threadID":"1660","channel":"Security","computer":"WinDev2308Eval","severityValue":"AUDIT_SUCCESS","message":"\"An account was logged off.\r\n\r\nSubject:\r\n\tSecurity ID:\t\tS-1-5-21-3116511072-3024718013-308258476-1001\r\n\tAccount Name:\t\tSecretary\r\n\tAccount Domain:\t\tWINDEV2308EVAL\r\n\tLogon ID:\t\t0xFD1A09\r\n\r\nLogon Type:\t\t\t3\r\n\r\nThis event is generated when a logon session is destroyed. It may be positively correlated with a logon event using the Logon ID value. Logon IDs are only unique between reboots on the same computer.\""},"eventdata":{"targetUserSid":"S-1-5-21-3116511072-3024718013-308258476-1001","targetUserName":"Secretary","targetDomainName":"WINDEV2308EVAL","targetLogonId":"0xfd1a09","logonType":"3"}}}
2026 Feb 03 20:43:07 (Secretary-Windows) any->EventChannel {"win":{"system":{"providerName":"Service Control Manager","providerGuid":"{555908d1-a6d7-4695-8e1e-26931d2012f4}","eventSourceName":"Service Control Manager","eventID":"7040","version":"0","level":"4","task":"0","opcode":"0","keywords":"0x8080000000000000","systemTime":"2026-02-04T03:54:46.8604702Z","eventRecordID":"4906","processID":"748","threadID":"5848","channel":"System","computer":"WinDev2308Eval","severityValue":"INFORMATION","message":"\"The start type of the Background Intelligent Transfer Service service was changed from auto start to demand start.\""},"eventdata":{"param1":"Background Intelligent Transfer Service","param2":"auto start","param3":"demand start","param4":"BITS"}}}
2026 Feb 03 20:43:07 (Secretary-Windows) any->EventChannel {"win":{"system":{"providerName":"Microsoft-Windows-Sysmon","providerGuid":"{5770385f-c22a-43e0-bf4c-06f5698ffbd9}","eventID":"1","version":"5","level":"4","task":"1","opcode":"0","keywords":"0x8000000000000000","systemTime":"2026-02-04T03:33:41.0211992Z","eventRecordID":"2685","processID":"2824","threadID":"3588","channel":"Microsoft-Windows-Sysmon/Operational","computer":"WinDev2308Eval","severityValue":"INFORMATION","message":"\"Process Create:\r\nRuleName: -\r\nUtcTime: 2026-02-04 03:33:41.011\r\nProcessGuid: {de7f78ee-be15-6982-6b08-000000001e00}\r\nProcessId: 2636\r\nImage: C:\\Windows\\System32\\cmd.exe\r\nFileVersion: 10.0.22621.5840 (WinBuild.160101.0800)\r\nDescription: Windows Command Processor\r\nProduct: Microsoft® Windows® Operating System\r\nCompany: Microsoft Corporation\r\nOriginalFileName: Cmd.Exe\r\nCommandLine: C:\\Windows\\system32\\cmd.exe  /S /D /c\" dir  *` 2>&1\"\r\nCurrentDirectory: C:\\Users\\Secretary\\user_behavior_generation\\worker\\\r\nUser: WINDEV2308EVAL\\Secretary\r\nLogonGuid: {de7f78ee-4b47-6982-f4f1-3d0000000000}\r\nLogonId: 0x3DF1F4\r\nTerminalSessionId: 2\r\nIntegrityLevel: Medium\r\nHashes: SHA256=ED1358CB5F7A7E4FA21E6B07EF1C6F664F0D363C60B4641AFF43F5602A0B3F6E\r\nParentProcessGuid: {de7f78ee-be14-6982-6a08-000000001e00}\r\nParentProcessId: 1980\r\nParentImage: C:\\Windows\\System32\\cmd.exe\r\nParentCommandLine: C:\\Windows\\system32\\cmd.exe /c \"(dir 2>&1 *`|echo CMD);&<# rem #>echo powershell\"\r\nParentUser: WINDEV2308EVAL\\Secretary\""},"eventdata":{"utcTime":"2026-02-04 03:33:41.011","processGuid":"{de7f78ee-be15-6982-6b08-000000001e00}","processId":"2636","image":"C:\\\\Windows\\\\System32\\\\cmd.exe","fileVersion":"10.0.22621.5840 (WinBuild.160101.0800)","description":"Windows Command Processor","product":"Microsoft® Windows® Operating System","company":"Microsoft Corporation","originalFileName":"Cmd.Exe","commandLine":"C:\\\\Windows\\\\system32\\\\cmd.exe  /S /D /c\\\" dir  *` 2&gt;&amp;1\\\"","currentDirectory":"C:\\\\Users\\\\Secretary\\\\user_behavior_generation\\\\worker\\\\","user":"WINDEV2308EVAL\\\\Secretary","logonGuid":"{de7f78ee-4b47-6982-f4f1-3d0000000000}","logonId":"0x3df1f4","terminalSessionId":"2","integrityLevel":"Medium","hashes":"SHA256=ED1358CB5F7A7E4FA21E6B07EF1C6F664F0D363C60B4641AFF43F5602A0B3F6E","parentProcessGuid":"{de7f78ee-be14-6982-6a08-000000001e00}","parentProcessId":"1980","parentImage":"C:\\\\Windows\\\\System32\\\\cmd.exe","parentCommandLine":"C:\\\\Windows\\\\system32\\\\cmd.exe /c \\\"(dir 2&gt;&amp;1 *`|echo CMD);&amp;&lt;# rem #&gt;echo powershell\\\"","parentUser":"WINDEV2308EVAL\\\\Secretary"}}}
2026 Feb 03 20:43:07 (Secretary-Windows) any->EventChannel {"win":{"system":{"providerName":"Microsoft-Windows-Security-Auditing","providerGuid":"{54849625-5478-4994-a5ba-3e3b0328c30d}","eventID":"4648","version":"0","level":"0","task":"12544","opcode":"0","keywords":"0x8020000000000000","systemTime":"2026-02-04T03:52:39.9487433Z","eventRecordID":"51963","processID":"764","threadID":"2164","channel":"Security","computer":"WinDev2308Eval","severityValue":"AUDIT_SUCCESS","message":"\"A logon was attempted using explicit credentials.\r\n\r\nSubject:\r\n\tSecurity ID:\t\tS-1-5-18\r\n\tAccount Name:\t\tWINDEV2308EVAL$\r\n\tAccount Domain:\t\tWORKGROUP\r\n\tLogon ID:\t\t0x3E7\r\n\tLogon GUID:\t\t{00000000-0000-0000-0000-000000000000}\r\n\r\nAccount Whose Credentials Were Used:\r\n\tAccount Name:\t\tSecretary\r\n\tAccount Domain:\t\tWINDEV2308EVAL\r\n\tLogon GUID:\t\t{00000000-0000-0000-0000-000000000000}\r\n\r\nTarget Server:\r\n\tTarget Server Name:\tlocalhost\r\n\tAdditional Information:\tlocalhost\r\n\r\nProcess Information:\r\n\tProcess ID:\t\t0x1dd0\r\n\tProcess Name:\t\tC:\\Windows\\System32\\OpenSSH\\sshd.exe\r\n\r\nNetwork Information:\r\n\tNetwork Address:\t-\r\n\tPort:\t\t\t-\r\n\r\nThis event is generated when a process attempts to log on an account by explicitly specifying that account’s credentials.  This most commonly occurs in batch-type configurations such as scheduled tasks, or when using the RUNAS command.\""},"eventdata":{"subjectUserSid":"S-1-5-18","subjectUserName":"WINDEV2308EVAL$","subjectDomainName":"WORKGROUP","subjectLogonId":"0x3e7","logonGuid":"{00000000-0000-0000-0000-000000000000}","targetUserName":"Secretary","targetDomainName":"WINDEV2308EVAL","targetLogonGuid":"{00000000-0000-0000-0000-000000000000}","targetServerName":"localhost","targetInfo":"localhost","processId":"0x1dd0","processName":"C:\\\\Windows\\\\System32\\\\OpenSSH\\\\sshd.exe"}}}
2026 Feb 03 20:43:07 (Secretary-Windows) any->EventChannel {"win":{"system":{"providerName":"Service Control Manager","providerGuid":"{555908d1-a6d7-4695-8e1e-26931d2012f4}","eventSourceName":"Service Control Manager","eventID":"7040","version":"0","level":"4","task":"0","opcode":"0","keywords":"0x8080000000000000","systemTime":"2026-02-04T04:00:39.6988846Z","eventRecordID":"4907","processID":"748","threadID":"3352","channel":"System","computer":"WinDev2308Eval","severityValue":"INFORMATION","message":"\"The start type of the Background Intelligent Transfer Service service was changed from demand start to auto start.\""},"eventdata":{"param1":"Background Intelligent Transfer Service","param2":"demand start","param3":"auto start","param4":"BITS"}}}
2026 Feb 03 20:43:07 (Secretary-Windows) any->EventChannel {"win":{"system":{"providerName":"Microsoft-Windows-Sysmon","providerGuid":"{5770385f-c22a-43e0-bf4c-06f5698ffbd9}","eventID":"5","version":"3","level":"4","task":"5","opcode":"0","keywords":"0x8000000000000000","systemTime":"2026-02-04T03:33:41.0455361Z","eventRecordID":"2686","processID":"2824","threadID":"3588","channel":"Microsoft-Windows-Sysmon/Operational","computer":"WinDev2308Eval","severityValue":"INFORMATION","message":"\"Process terminated:\r\nRuleName: -\r\nUtcTime: 2026-02-04 03:33:41.037\r\nProcessGuid: {de7f78ee-be15-6982-6b08-000000001e00}\r\nProcessId: 2636\r\nImage: C:\\Windows\\System32\\cmd.exe\r\nUser: WINDEV2308EVAL\\Secretary\""},"eventdata":{"utcTime":"2026-02-04 03:33:41.037","processGuid":"{de7f78ee-be15-6982-6b08-000000001e00}","processId":"2636","image":"C:\\\\Windows\\\\System32\\\\cmd.exe","user":"WINDEV2308EVAL\\\\Secretary"}}}
2026 Feb 03 20:43:07 (Secretary-Windows) any->EventChannel {"win":{"system":{"providerName":"Service Control Manager","providerGuid":"{555908d1-a6d7-4695-8e1e-26931d2012f4}","eventSourceName":"Service Control Manager","eventID":"7040","version":"0","level":"4","task":"0","opcode":"0","keywords":"0x8080000000000000","systemTime":"2026-02-04T04:05:21.6867339Z","eventRecordID":"4908","processID":"748","threadID":"3352","channel":"System","computer":"WinDev2308Eval","severityValue":"INFORMATION","message":"\"The start type of the Background Intelligent Transfer Service service was changed from auto start to demand start.\""},"eventdata":{"param1":"Background Intelligent Transfer Service","param2":"auto start","param3":"demand start","param4":"BITS"}}}
2026 Feb 03 20:43:07 (Secretary-Windows) any->EventChannel {"win":{"system":{"providerName":"Microsoft-Windows-Sysmon","providerGuid":"{5770385f-c22a-43e0-bf4c-06f5698ffbd9}","eventID":"1","version":"5","level":"4","task":"1","opcode":"0","keywords":"0x8000000000000000","systemTime":"2026-02-04T03:33:41.0477326Z","eventRecordID":"2687","processID":"2824","threadID":"3588","channel":"Microsoft-Windows-Sysmon/Operational","computer":"WinDev2308Eval","severityValue":"INFORMATION","message":"\"Process Create:\r\nRuleName: -\r\nUtcTime: 2026-02-04 03:33:41.028\r\nProcessGuid: {de7f78ee-be15-6982-6c08-000000001e00}\r\nProcessId: 7896\r\nImage: C:\\Windows\\System32\\cmd.exe\r\nFileVersion: 10.0.22621.5840 (WinBuild.160101.0800)\r\nDescription: Windows Command Processor\r\nProduct: Microsoft® Windows® Operating System\r\nCompany: Microsoft Corporation\r\nOriginalFileName: Cmd.Exe\r\nCommandLine: C:\\Windows\\system32\\cmd.exe  /S /D /c\" echo CMD\"\r\nCurrentDirectory: C:\\Users\\Secretary\\user_behavior_generation\\worker\\\r\nUser: WINDEV2308EVAL\\Secretary\r\nLogonGuid: {de7f78ee-4b47-6982-f4f1-3d0000000000}\r\nLogonId: 0x3DF1F4\r\nTerminalSessionId: 2\r\nIntegrityLevel: Medium\r\nHashes: SHA256=ED1358CB5F7A7E4FA21E6B07EF1C6F664F0D363C60B4641AFF43F5602A0B3F6E\r\nParentProcessGuid: {de7f78ee-be14-6982-6a08-000000001e00}\r\nParentProcessId: 1980\r\nParentImage: C:\\Windows\\System32\\cmd.exe\r\nParentCommandLine: C:\\Windows\\system32\\cmd.exe /c \"(dir 2>&1 *`|echo CMD);&<# rem #>echo powershell\"\r\nParentUser: WINDEV2308EVAL\\Secretary\""},"eventdata":{"utcTime":"2026-02-04 03:33:41.028","processGuid":"{de7f78ee-be15-6982-6c08-000000001e00}","processId":"7896","image":"C:\\\\Windows\\\\System32\\\\cmd.exe","fileVersion":"10.0.22621.5840 (WinBuild.160101.0800)","description":"Windows Command Processor","product":"Microsoft® Windows® Operating System","company":"Microsoft Corporation","originalFileName":"Cmd.Exe","commandLine":"C:\\\\Windows\\\\system32\\\\cmd.exe  /S /D /c\\\" echo CMD\\\"","currentDirectory":"C:\\\\Users\\\\Secretary\\\\user_behavior_generation\\\\worker\\\\","user":"WINDEV2308EVAL\\\\Secretary","logonGuid":"{de7f78ee-4b47-6982-f4f1-3d0000000000}","logonId":"0x3df1f4","terminalSessionId":"2","integrityLevel":"Medium","hashes":"SHA256=ED1358CB5F7A7E4FA21E6B07EF1C6F664F0D363C60B4641AFF43F5602A0B3F6E","parentProcessGuid":"{de7f78ee-be14-6982-6a08-000000001e00}","parentProcessId":"1980","parentImage":"C:\\\\Windows\\\\System32\\\\cmd.exe","parentCommandLine":"C:\\\\Windows\\\\system32\\\\cmd.exe /c \\\"(dir 2&gt;&amp;1 *`|echo CMD);&amp;&lt;# rem #&gt;echo powershell\\\"","parentUser":"WINDEV2308EVAL\\\\Secretary"}}}
2026 Feb 03 20:43:07 (Secretary-Windows) any->EventChannel {"win":{"system":{"providerName":"Microsoft-Windows-Security-Auditing","providerGuid":"{54849625-5478-4994-a5ba-3e3b0328c30d}","eventID":"4624","version":"3","level":"0","task":"12544","opcode":"0","keywords":"0x8020000000000000","systemTime":"2026-02-04T03:52:39.9487991Z","eventRecordID":"51964","processID":"764","threadID":"2164","channel":"Security","computer":"WinDev2308Eval","severityValue":"AUDIT_SUCCESS","message":"\"An account was successfully logged on.\r\n\r\nSubject:\r\n\tSecurity ID:\t\tS-1-5-18\r\n\tAccount Name:\t\tWINDEV2308EVAL$\r\n\tAccount Domain:\t\tWORKGROUP\r\n\tLogon ID:\t\t0x3E7\r\n\r\nLogon Information:\r\n\tLogon Type:\t\t3\r\n\tRestricted Admin Mode:\t-\r\n\tRemote Credential Guard:\t-\r\n\tVirtual Account:\t\tNo\r\n\tElevated Token:\t\tYes\r\n\r\nImpersonation Level:\t\tImpersonation\r\n\r\nNew Logon:\r\n\tSecurity ID:\t\tS-1-5-21-3116511072-3024718013-308258476-1001\r\n\tAccount Name:\t\tSecretary\r\n\tAccount Domain:\t\tWINDEV2308EVAL\r\n\tLogon ID:\t\t0xFD1A95\r\n\tLinked Logon ID:\t\t0x0\r\n\tNetwork Account Name:\t-\r\n\tNetwork Account Domain:\t-\r\n\tLogon GUID:\t\t{00000000-0000-0000-0000-000000000000}\r\n\r\nProcess Information:\r\n\tProcess ID:\t\t0x1dd0\r\n\tProcess Name:\t\tC:\\Windows\\System32\\OpenSSH\\sshd.exe\r\n\r\nNetwork Information:\r\n\tWorkstation Name:\t-\r\n\tSource Network Address:\t-\r\n\tSource Port:\t\t-\r\n\r\nDetailed Authentication Information:\r\n\tLogon Process:\t\tsshd\r\n\tAuthentication Package:\tMICROSOFT_AUTHENTICATION_PACKAGE_V1_0\r\n\tTransited Services:\t-\r\n\tPackage Name (NTLM only):\t-\r\n\tKey Length:\t\t0\r\n\r\nThis event is generated when a logon session is created. It is generated on the computer that was accessed.\r\n\r\nThe subject fields indicate the account on the local system which requested the logon. This is most commonly a service such as the Server service, or a local process such as Winlogon.exe or Services.exe.\r\n\r\nThe logon type field indicates the kind of logon that occurred. The most common types are 2 (interactive) and 3 (network).\r\n\r\nThe New Logon fields indicate the account for whom the new logon was created, i.e. the account that was logged on.\r\n\r\nThe network fields indicate where a remote logon request originated. Workstation name is not always available and may be left blank in some cases.\r\n\r\nThe impersonation level field indicates the extent to which a process in the logon session can impersonate.\r\n\r\nThe authentication information fields provide detailed information about this specific logon request.\r\n\t- Logon GUID is a unique identifier that can be used to correlate this event with a KDC event.\r\n\t- Transited services indicate which intermediate services have participated in this logon request.\r\n\t- Package name indicates which sub-protocol was used among the NTLM protocols.\r\n\t- Key length indicates the length of the generated session key. This will be 0 if no session key was requested.\""},"eventdata":{"subjectUserSid":"S-1-5-18","subjectUserName":"WINDEV2308EVAL$","subjectDomainName":"WORKGROUP","subjectLogonId":"0x3e7","targetUserSid":"S-1-5-21-3116511072-3024718013-308258476-1001","targetUserName":"Secretary","targetDomainName":"WINDEV2308EVAL","targetLogonId":"0xfd1a95","logonType":"3","logonProcessName":"sshd","authenticationPackageName":"MICROSOFT_AUTHENTICATION_PACKAGE_V1_0","logonGuid":"{00000000-0000-0000-0000-000000000000}","keyLength":"0","processId":"0x1dd0","processName":"C:\\\\Windows\\\\System32\\\\OpenSSH\\\\sshd.exe","impersonationLevel":"%%1833","virtualAccount":"%%1843","targetLinkedLogonId":"0x0","elevatedToken":"%%1842"}}}
2026 Feb 03 20:43:07 (Secretary-Windows) any->EventChannel {"win":{"system":{"providerName":"Service Control Manager","providerGuid":"{555908d1-a6d7-4695-8e1e-26931d2012f4}","eventSourceName":"Service Control Manager","eventID":"7040","version":"0","level":"4","task":"0","opcode":"0","keywords":"0x8080000000000000","systemTime":"2026-02-04T04:10:30.6211305Z","eventRecordID":"4909","processID":"748","threadID":"5796","channel":"System","computer":"WinDev2308Eval","severityValue":"INFORMATION","message":"\"The start type of the Background Intelligent Transfer Service service was changed from demand start to auto start.\""},"eventdata":{"param1":"Background Intelligent Transfer Service","param2":"demand start","param3":"auto start","param4":"BITS"}}}
2026 Feb 03 20:43:07 (Secretary-Windows) any->EventChannel {"win":{"system":{"providerName":"Microsoft-Windows-Sysmon","providerGuid":"{5770385f-c22a-43e0-bf4c-06f5698ffbd9}","eventID":"5","version":"3","level":"4","task":"5","opcode":"0","keywords":"0x8000000000000000","systemTime":"2026-02-04T03:33:41.0775596Z","eventRecordID":"2688","processID":"2824","threadID":"3588","channel":"Microsoft-Windows-Sysmon/Operational","computer":"WinDev2308Eval","severityValue":"INFORMATION","message":"\"Process terminated:\r\nRuleName: -\r\nUtcTime: 2026-02-04 03:33:41.068\r\nProcessGuid: {de7f78ee-be15-6982-6c08-000000001e00}\r\nProcessId: 7896\r\nImage: C:\\Windows\\System32\\cmd.exe\r\nUser: WINDEV2308EVAL\\Secretary\""},"eventdata":{"utcTime":"2026-02-04 03:33:41.068","processGuid":"{de7f78ee-be15-6982-6c08-000000001e00}","processId":"7896","image":"C:\\\\Windows\\\\System32\\\\cmd.exe","user":"WINDEV2308EVAL\\\\Secretary"}}}
2026 Feb 03 20:43:07 (Secretary-Windows) any->EventChannel {"win":{"system":{"providerName":"Microsoft-Windows-Security-Auditing","providerGuid":"{54849625-5478-4994-a5ba-3e3b0328c30d}","eventID":"4672","version":"0","level":"0","task":"12548","opcode":"0","keywords":"0x8020000000000000","systemTime":"2026-02-04T03:52:39.9488544Z","eventRecordID":"51965","processID":"764","threadID":"2164","channel":"Security","computer":"WinDev2308Eval","severityValue":"AUDIT_SUCCESS","message":"\"Special privileges assigned to new logon.\r\n\r\nSubject:\r\n\tSecurity ID:\t\tS-1-5-21-3116511072-3024718013-308258476-1001\r\n\tAccount Name:\t\tSecretary\r\n\tAccount Domain:\t\tWINDEV2308EVAL\r\n\tLogon ID:\t\t0xFD1A95\r\n\r\nPrivileges:\t\tSeSecurityPrivilege\r\n\t\t\tSeTakeOwnershipPrivilege\r\n\t\t\tSeLoadDriverPrivilege\r\n\t\t\tSeBackupPrivilege\r\n\t\t\tSeRestorePrivilege\r\n\t\t\tSeDebugPrivilege\r\n\t\t\tSeSystemEnvironmentPrivilege\r\n\t\t\tSeImpersonatePrivilege\r\n\t\t\tSeDelegateSessionUserImpersonatePrivilege\""},"eventdata":{"subjectUserSid":"S-1-5-21-3116511072-3024718013-308258476-1001","subjectUserName":"Secretary","subjectDomainName":"WINDEV2308EVAL","subjectLogonId":"0xfd1a95","privilegeList":"SeSecurityPrivilege     SeTakeOwnershipPrivilege     SeLoadDriverPrivilege     SeBackupPrivilege     SeRestorePrivilege     SeDebugPrivilege     SeSystemEnvironmentPrivilege     SeImpersonatePrivilege     SeDelegateSessionUserImpersonatePrivilege"}}}
2026 Feb 03 20:43:07 (Secretary-Windows) any->EventChannel {"win":{"system":{"providerName":"Microsoft-Windows-Sysmon","providerGuid":"{5770385f-c22a-43e0-bf4c-06f5698ffbd9}","eventID":"5","version":"3","level":"4","task":"5","opcode":"0","keywords":"0x8000000000000000","systemTime":"2026-02-04T03:33:41.0824210Z","eventRecordID":"2689","processID":"2824","threadID":"3588","channel":"Microsoft-Windows-Sysmon/Operational","computer":"WinDev2308Eval","severityValue":"INFORMATION","message":"\"Process terminated:\r\nRuleName: -\r\nUtcTime: 2026-02-04 03:33:41.068\r\nProcessGuid: {de7f78ee-be14-6982-6a08-000000001e00}\r\nProcessId: 1980\r\nImage: C:\\Windows\\System32\\cmd.exe\r\nUser: WINDEV2308EVAL\\Secretary\""},"eventdata":{"utcTime":"2026-02-04 03:33:41.068","processGuid":"{de7f78ee-be14-6982-6a08-000000001e00}","processId":"1980","image":"C:\\\\Windows\\\\System32\\\\cmd.exe","user":"WINDEV2308EVAL\\\\Secretary"}}}
2026 Feb 03 20:43:07 (Secretary-Windows) any->EventChannel {"win":{"system":{"providerName":"Service Control Manager","providerGuid":"{555908d1-a6d7-4695-8e1e-26931d2012f4}","eventSourceName":"Service Control Manager","eventID":"7040","version":"0","level":"4","task":"0","opcode":"0","keywords":"0x8080000000000000","systemTime":"2026-02-04T04:20:30.3263795Z","eventRecordID":"4910","processID":"748","threadID":"5872","channel":"System","computer":"WinDev2308Eval","severityValue":"INFORMATION","message":"\"The start type of the Background Intelligent Transfer Service service was changed from auto start to demand start.\""},"eventdata":{"param1":"Background Intelligent Transfer Service","param2":"auto start","param3":"demand start","param4":"BITS"}}}
2026 Feb 03 20:43:07 (Secretary-Windows) any->EventChannel {"win":{"system":{"providerName":"Microsoft-Windows-Security-Auditing","providerGuid":"{54849625-5478-4994-a5ba-3e3b0328c30d}","eventID":"4634","version":"0","level":"0","task":"12545","opcode":"0","keywords":"0x8020000000000000","systemTime":"2026-02-04T03:53:40.1882030Z","eventRecordID":"51966","processID":"764","threadID":"1660","channel":"Security","computer":"WinDev2308Eval","severityValue":"AUDIT_SUCCESS","message":"\"An account was logged off.\r\n\r\nSubject:\r\n\tSecurity ID:\t\tS-1-5-111-3847866527-469524349-687026318-516638107-1125189541-7632\r\n\tAccount Name:\t\tsshd_7632\r\n\tAccount Domain:\t\tVIRTUAL USERS\r\n\tLogon ID:\t\t0xFD1769\r\n\r\nLogon Type:\t\t\t5\r\n\r\nThis event is generated when a logon session is destroyed. It may be positively correlated with a logon event using the Logon ID value. Logon IDs are only unique between reboots on the same computer.\""},"eventdata":{"targetUserSid":"S-1-5-111-3847866527-469524349-687026318-516638107-1125189541-7632","targetUserName":"sshd_7632","targetDomainName":"VIRTUAL USERS","targetLogonId":"0xfd1769","logonType":"5"}}}
2026 Feb 03 20:43:07 (Secretary-Windows) any->EventChannel {"win":{"system":{"providerName":"Microsoft-Windows-Sysmon","providerGuid":"{5770385f-c22a-43e0-bf4c-06f5698ffbd9}","eventID":"1","version":"5","level":"4","task":"1","opcode":"0","keywords":"0x8000000000000000","systemTime":"2026-02-04T03:33:41.1011634Z","eventRecordID":"2690","processID":"2824","threadID":"3588","channel":"Microsoft-Windows-Sysmon/Operational","computer":"WinDev2308Eval","severityValue":"INFORMATION","message":"\"Process Create:\r\nRuleName: -\r\nUtcTime: 2026-02-04 03:33:41.085\r\nProcessGuid: {de7f78ee-be15-6982-6d08-000000001e00}\r\nProcessId: 1216\r\nImage: C:\\Windows\\System32\\cmd.exe\r\nFileVersion: 10.0.22621.5840 (WinBuild.160101.0800)\r\nDescription: Windows Command Processor\r\nProduct: Microsoft® Windows® Operating System\r\nCompany: Microsoft Corporation\r\nOriginalFileName: Cmd.Exe\r\nCommandLine: C:\\Windows\\system32\\cmd.exe /c \"powershell -NoProfile \"$ErrorActionPreference='silentlycontinue'; $tmp = (Get-Item -Path \"$env:PROGRAMFILES\\Microsoft\\Edge\\Application\\msedge.exe\").VersionInfo.FileVersion; if ($tmp) {echo $tmp; Exit;}; $tmp = (Get-Item -Path \"$env:PROGRAMFILES (x86)\\Microsoft\\Edge\\Application\\msedge.exe\").VersionInfo.FileVersion; if ($tmp) {echo $tmp; Exit;}; $tmp = (Get-ItemProperty -Path Registry::\"HKCU\\SOFTWARE\\Microsoft\\Edge\\BLBeacon\").version; if ($tmp) {echo $tmp; Exit;}; $tmp = (Get-ItemProperty -Path Registry::\"HKLM\\SOFTWARE\\Microsoft\\EdgeUpdate\\Clients\\{56EB18F8-8008-4CBD-B6D2-8C97FE7E9062}\").pv; if ($tmp) {echo $tmp; Exit;}; $tmp = (Get-Item -Path \"$env:LOCALAPPDATA\\Microsoft\\Edge Beta\\Application\\msedge.exe\").VersionInfo.FileVersion; if ($tmp) {echo $tmp; Exit;}; $tmp = (Get-Item -Path \"$env:PROGRAMFILES\\Microsoft\\Edge Beta\\Application\\msedge.exe\").VersionInfo.FileVersion; if ($tmp) {echo $tmp; Exit;}; $tmp = (Get-Item -Path \"$env:PROGRAMFILES (x86)\\Microsoft\\Edge Beta\\Application\\msedge.exe\").VersionInfo.FileVersion; if ($tmp) {echo $tmp; Exit;}; $tmp = (Get-ItemProperty -Path Registry::\"HKCU\\SOFTWARE\\Microsoft\\Edge Beta\\BLBeacon\").version; if ($tmp) {echo $tmp; Exit;}; $tmp = (Get-Item -Path \"$env:LOCALAPPDATA\\Microsoft\\Edge Dev\\Application\\msedge.exe\").VersionInfo.FileVersion; if ($tmp) {echo $tmp; Exit;}; $tmp = (Get-Item -Path \"$env:PROGRAMFILES\\Microsoft\\Edge Dev\\Application\\msedge.exe\").VersionInfo.FileVersion; if ($tmp) {echo $tmp; Exit;}; $tmp = (Get-Item -Path \"$env:PROGRAMFILES (x86)\\Microsoft\\Edge Dev\\Application\\msedge.exe\").VersionInfo.FileVersion; if ($tmp) {echo $tmp; Exit;}; $tmp = (Get-ItemProperty -Path Registry::\"HKCU\\SOFTWARE\\Microsoft\\Edge Dev\\BLBeacon\").version; if ($tmp) {echo $tmp; Exit;}; $tmp = (Get-Item -Path \"$env:LOCALAPPDATA\\Microsoft\\Edge SxS\\Application\\msedge.exe\").VersionInfo.FileVersion; if ($tmp) {echo $tmp; Exit;}; $tmp = (Get-ItemProperty -Path Registry::\"HKCU\\SOFTWARE\\Microsoft\\Edge SxS\\BLBeacon\").version; if ($tmp) {echo $tmp; Exit;}; $tmp = (Get-Item (Get-ItemProperty 'HKLM:\\SOFTWARE\\Microsoft\\Windows\\CurrentVersion\\App Paths\\msedge.exe').'(Default)').VersionInfo.ProductVersion; if ($tmp) {echo $tmp; Exit;}; $tmp = [System.Diagnostics.FileVersionInfo]::GetVersionInfo((Get-ItemProperty 'HKLM:\\SOFTWARE\\Microsoft\\Windows\\CurrentVersion\\App Paths\\msedge.exe').'(Default)').ProductVersion; if ($tmp) {echo $tmp; Exit;}; $tmp = Get-AppxPackage -Name *MicrosoftEdge.* | Foreach Version; if ($tmp) {echo $tmp; Exit;}; $tmp = (Get-ItemProperty -Path Registry::\"HKLM\\SOFTWARE\\Wow6432Node\\Microsoft\\Windows\\CurrentVersion\\Uninstall\\Microsoft Edge\").version; if ($tmp) {echo $tmp; Exit;};\"\"\r\nCurrentDirectory: C:\\Users\\Secretary\\user_behavior_generation\\worker\\\r\nUser: WINDEV2308EVAL\\Secretary\r\nLogonGuid: {de7f78ee-4b47-6982-f4f1-3d0000000000}\r\nLogonId: 0x3DF1F4\r\nTerminalSessionId: 2\r\nIntegrityLevel: Medium\r\nHashes: SHA256=ED1358CB5F7A7E4FA21E6B07EF1C6F664F0D363C60B4641AFF43F5602A0B3F6E\r\nParentProcessGuid: {de7f78ee-be10-6982-5c08-000000001e00}\r\nParentProcessId: 7536\r\nParentImage: C:\\Users\\Secretary\\AppData\\Local\\Programs\\Python\\Python314\\python.exe\r\nParentCommandLine: .\\venv\\Scripts\\python.exe  smart_worker.py \"https://www.miur.gov.it/web/guest/notizie\" \"news\"\r\nParentUser: WINDEV2308EVAL\\Secretary\""},"eventdata":{"utcTime":"2026-02-04 03:33:41.085","processGuid":"{de7f78ee-be15-6982-6d08-000000001e00}","processId":"1216","image":"C:\\\\Windows\\\\System32\\\\cmd.exe","fileVersion":"10.0.22621.5840 (WinBuild.160101.0800)","description":"Windows Command Processor","product":"Microsoft® Windows® Operating System","company":"Microsoft Corporation","originalFileName":"Cmd.Exe","commandLine":"C:\\\\Windows\\\\system32\\\\cmd.exe /c \\\"powershell -NoProfile \\\"$ErrorActionPreference='silentlycontinue'; $tmp = (Get-Item -Path \\\"$env:PROGRAMFILES\\\\Microsoft\\\\Edge\\\\Application\\\\msedge.exe\\\").VersionInfo.FileVersion; if ($tmp) {echo $tmp; Exit;}; $tmp = (Get-Item -Path \\\"$env:PROGRAMFILES (x86)\\\\Microsoft\\\\Edge\\\\Application\\\\msedge.exe\\\").VersionInfo.FileVersion; if ($tmp) {echo $tmp; Exit;}; $tmp = (Get-ItemProperty -Path Registry::\\\"HKCU\\\\SOFTWARE\\\\Microsoft\\\\Edge\\\\BLBeacon\\\").version; if ($tmp) {echo $tmp; Exit;}; $tmp = (Get-ItemProperty -Path Registry::\\\"HKLM\\\\SOFTWARE\\\\Microsoft\\\\EdgeUpdate\\\\Clients\\\\{56EB18F8-8008-4CBD-B6D2-8C97FE7E9062}\\\").pv; if ($tmp) {echo $tmp; Exit;}; $tmp = (Get-Item -Path \\\"$env:LOCALAPPDATA\\\\Microsoft\\\\Edge Beta\\\\Application\\\\msedge.exe\\\").VersionInfo.FileVersion; if ($tmp) {echo $tmp; Exit;}; $tmp = (Get-Item -Path \\\"$env:PROGRAMFILES\\\\Microsoft\\\\Edge Beta\\\\Application\\\\msedge.exe\\\").VersionInfo.FileVersion; if ($tmp) {echo $tmp; Exit;}; $tmp = (Get-Item -Path \\\"$env:PROGRAMFILES (x86)\\\\Microsoft\\\\Edge Beta\\\\Application\\\\msedge.exe\\\").VersionInfo.FileVersion; if ($tmp) {echo $tmp; Exit;}; $tmp = (Get-ItemProperty -Path Registry::\\\"HKCU\\\\SOFTWARE\\\\Microsoft\\\\Edge Beta\\\\BLBeacon\\\").version; if ($tmp) {echo $tmp; Exit;}; $tmp = (Get-Item -Path \\\"$env:LOCALAPPDATA\\\\Microsoft\\\\Edge Dev\\\\Application\\\\msedge.exe\\\").VersionInfo.FileVersion; if ($tmp) {echo $tmp; Exit;}; $tmp = (Get-Item -Path \\\"$env:PROGRAMFILES\\\\Microsoft\\\\Edge Dev\\\\Application\\\\msedge.exe\\\").VersionInfo.FileVersion; if ($tmp) {echo $tmp; Exit;}; $tmp = (Get-Item -Path \\\"$env:PROGRAMFILES (x86)\\\\Microsoft\\\\Edge Dev\\\\Application\\\\msedge.exe\\\").VersionInfo.FileVersion; if ($tmp) {echo $tmp; Exit;}; $tmp = (Get-ItemProperty -Path Registry::\\\"HKCU\\\\SOFTWARE\\\\Microsoft\\\\Edge Dev\\\\BLBeacon\\\").version; if ($tmp) {echo $tmp; Exit;}; $tmp = (Get-Item -Path \\\"$env:LOCALAPPDATA\\\\Microsoft\\\\Edge SxS\\\\Application\\\\msedge.exe\\\").VersionInfo.FileVersion; if ($tmp) {echo $tmp; Exit;}; $tmp = (Get-ItemProperty -Path Registry::\\\"HKCU\\\\SOFTWARE\\\\Microsoft\\\\Edge SxS\\\\BLBeacon\\\").version; if ($tmp) {echo $tmp; Exit;}; $tmp = (Get-Item (Get-ItemProperty 'HKLM:\\\\SOFTWARE\\\\Microsoft\\\\Windows\\\\CurrentVersion\\\\App Paths\\\\msedge.exe').'(Default)').VersionInfo.ProductVersion; if ($tmp) {echo $tmp; Exit;}; $tmp = [System.Diagnostics.FileVersionInfo]::GetVersionInfo((Get-ItemProperty 'HKLM:\\\\SOFTWARE\\\\Microsoft\\\\Windows\\\\CurrentVersion\\\\App Paths\\\\msedge.exe').'(Default)').ProductVersion; if ($tmp) {echo $tmp; Exit;}; $tmp = Get-AppxPackage -Name *MicrosoftEdge.* | Foreach Version; if ($tmp) {echo $tmp; Exit;}; $tmp = (Get-ItemProperty -Path Registry::\\\"HKLM\\\\SOFTWARE\\\\Wow6432Node\\\\Microsoft\\\\Windows\\\\CurrentVersion\\\\Uninstall\\\\Microsoft Edge\\\").version; if ($tmp) {echo $tmp; Exit;};\\\"\\\"","currentDirectory":"C:\\\\Users\\\\Secretary\\\\user_behavior_generation\\\\worker\\\\","user":"WINDEV2308EVAL\\\\Secretary","logonGuid":"{de7f78ee-4b47-6982-f4f1-3d0000000000}","logonId":"0x3df1f4","terminalSessionId":"2","integrityLevel":"Medium","hashes":"SHA256=ED1358CB5F7A7E4FA21E6B07EF1C6F664F0D363C60B4641AFF43F5602A0B3F6E","parentProcessGuid":"{de7f78ee-be10-6982-5c08-000000001e00}","parentProcessId":"7536","parentImage":"C:\\\\Users\\\\Secretary\\\\AppData\\\\Local\\\\Programs\\\\Python\\\\Python314\\\\python.exe","parentCommandLine":".\\\\venv\\\\Scripts\\\\python.exe  smart_worker.py \\\"https://www.miur.gov.it/web/guest/notizie\\\" \\\"news\\\"","parentUser":"WINDEV2308EVAL\\\\Secretary"}}}
2026 Feb 03 20:43:07 (Secretary-Windows) any->EventChannel {"win":{"system":{"providerName":"Microsoft-Windows-Security-Auditing","providerGuid":"{54849625-5478-4994-a5ba-3e3b0328c30d}","eventID":"4634","version":"0","level":"0","task":"12545","opcode":"0","keywords":"0x8020000000000000","systemTime":"2026-02-04T03:53:40.1884311Z","eventRecordID":"51967","processID":"764","threadID":"1660","channel":"Security","computer":"WinDev2308Eval","severityValue":"AUDIT_SUCCESS","message":"\"An account was logged off.\r\n\r\nSubject:\r\n\tSecurity ID:\t\tS-1-5-21-3116511072-3024718013-308258476-1001\r\n\tAccount Name:\t\tSecretary\r\n\tAccount Domain:\t\tWINDEV2308EVAL\r\n\tLogon ID:\t\t0xFD1A95\r\n\r\nLogon Type:\t\t\t3\r\n\r\nThis event is generated when a logon session is destroyed. It may be positively correlated with a logon event using the Logon ID value. Logon IDs are only unique between reboots on the same computer.\""},"eventdata":{"targetUserSid":"S-1-5-21-3116511072-3024718013-308258476-1001","targetUserName":"Secretary","targetDomainName":"WINDEV2308EVAL","targetLogonId":"0xfd1a95","logonType":"3"}}}
2026 Feb 03 20:43:07 (Secretary-Windows) any->EventChannel {"win":{"system":{"providerName":"Microsoft-Windows-Security-Auditing","providerGuid":"{54849625-5478-4994-a5ba-3e3b0328c30d}","eventID":"4717","version":"0","level":"0","task":"13569","opcode":"0","keywords":"0x8020000000000000","systemTime":"2026-02-04T03:59:28.0865503Z","eventRecordID":"51968","processID":"764","threadID":"2164","channel":"Security","computer":"WinDev2308Eval","severityValue":"AUDIT_SUCCESS","message":"\"System security access was granted to an account.\r\n\r\nSubject:\r\n\tSecurity ID:\t\tS-1-5-18\r\n\tAccount Name:\t\tWINDEV2308EVAL$\r\n\tAccount Domain:\t\tWORKGROUP\r\n\tLogon ID:\t\t0x3E7\r\n\r\nAccount Modified:\r\n\tAccount Name:\t\tS-1-5-111-3847866527-469524349-687026318-516638107-1125189541-7368\r\n\r\nAccess Granted:\r\n\tAccess Right:\t\tSeServiceLogonRight\""},"eventdata":{"subjectUserSid":"S-1-5-18","subjectUserName":"WINDEV2308EVAL$","subjectDomainName":"WORKGROUP","subjectLogonId":"0x3e7","targetSid":"S-1-5-111-3847866527-469524349-687026318-516638107-1125189541-7368","accessGranted":"SeServiceLogonRight"}}}
2026 Feb 03 20:43:07 (Secretary-Windows) any->EventChannel {"win":{"system":{"providerName":"Microsoft-Windows-Security-Auditing","providerGuid":"{54849625-5478-4994-a5ba-3e3b0328c30d}","eventID":"4648","version":"0","level":"0","task":"12544","opcode":"0","keywords":"0x8020000000000000","systemTime":"2026-02-04T03:59:28.0908753Z","eventRecordID":"51969","processID":"764","threadID":"2164","channel":"Security","computer":"WinDev2308Eval","severityValue":"AUDIT_SUCCESS","message":"\"A logon was attempted using explicit credentials.\r\n\r\nSubject:\r\n\tSecurity ID:\t\tS-1-5-18\r\n\tAccount Name:\t\tWINDEV2308EVAL$\r\n\tAccount Domain:\t\tWORKGROUP\r\n\tLogon ID:\t\t0x3E7\r\n\tLogon GUID:\t\t{00000000-0000-0000-0000-000000000000}\r\n\r\nAccount Whose Credentials Were Used:\r\n\tAccount Name:\t\tsshd_7368\r\n\tAccount Domain:\t\tVIRTUAL USERS\r\n\tLogon GUID:\t\t{00000000-0000-0000-0000-000000000000}\r\n\r\nTarget Server:\r\n\tTarget Server Name:\tlocalhost\r\n\tAdditional Information:\tlocalhost\r\n\r\nProcess Information:\r\n\tProcess ID:\t\t0x1cc8\r\n\tProcess Name:\t\tC:\\Windows\\System32\\OpenSSH\\sshd.exe\r\n\r\nNetwork Information:\r\n\tNetwork Address:\t-\r\n\tPort:\t\t\t-\r\n\r\nThis event is generated when a process attempts to log on an account by explicitly specifying that account’s credentials.  This most commonly occurs in batch-type configurations such as scheduled tasks, or when using the RUNAS command.\""},"eventdata":{"subjectUserSid":"S-1-5-18","subjectUserName":"WINDEV2308EVAL$","subjectDomainName":"WORKGROUP","subjectLogonId":"0x3e7","logonGuid":"{00000000-0000-0000-0000-000000000000}","targetUserName":"sshd_7368","targetDomainName":"VIRTUAL USERS","targetLogonGuid":"{00000000-0000-0000-0000-000000000000}","targetServerName":"localhost","targetInfo":"localhost","processId":"0x1cc8","processName":"C:\\\\Windows\\\\System32\\\\OpenSSH\\\\sshd.exe"}}}
2026 Feb 03 20:43:07 (Secretary-Windows) any->EventChannel {"win":{"system":{"providerName":"Tcpip","eventID":"4266","version":"0","level":"3","task":"0","opcode":"0","keywords":"0x80000000000000","systemTime":"2026-02-04T04:34:39.5484543Z","eventRecordID":"4911","processID":"4","threadID":"5400","channel":"System","computer":"WinDev2308Eval","severityValue":"WARNING","message":"\"A request to allocate an ephemeral port number from the global UDP port space has failed due to all such ports being in use.\""},"eventdata":{"binary":"000000000100000000000000AA100080000000000000000000000000000000000000000000000000"}}}
