2026 Feb 03 20:43:11 (Secretary-Windows) any->EventChannel {"win":{"system":{"providerName":"Microsoft-Windows-Sysmon","providerGuid":"{5770385f-c22a-43e0-bf4c-06f5698ffbd9}","eventID":"1","version":"5","level":"4","task":"1","opcode":"0","keywords":"0x8000000000000000","systemTime":"2026-02-04T03:41:53.2383413Z","eventRecordID":"2903","processID":"2824","threadID":"3588","channel":"Microsoft-Windows-Sysmon/Operational","computer":"WinDev2308Eval","severityValue":"INFORMATION","message":"\"Process Create:\r\nRuleName: -\r\nUtcTime: 2026-02-04 03:41:52.993\r\nProcessGuid: {de7f78ee-c000-6982-db08-000000001e00}\r\nProcessId: 5320\r\nImage: C:\\Program Files (x86)\\Microsoft\\Edge\\Application\\msedge.exe\r\nFileVersion: 144.0.3719.104\r\nDescription: Microsoft Edge\r\nProduct: Microsoft Edge\r\nCompany: Microsoft Corporation\r\nOriginalFileName: msedge.exe\r\nCommandLine: \"C:\\Program Files (x86)\\Microsoft\\Edge\\Application\\msedge.exe\" --type=utility --utility-sub-type=chrome.mojom.UtilWin --lang=en-US --service-sandbox-type=none --message-loop-type-ui --noerrdialogs --user-data-dir=\"C:\\Users\\SECRET~1\\AppData\\Local\\Temp\\scoped_dir3900_656265703\" --skip-read-main-dll --field-trial-handle=2604,i,6610243335601279478,16027879223574631205,262144 --enable-features=msMetricsLogFastStartup,msSendMetricsLogOnClose --disable-features=IgnoreDuplicateNavs,PaintHolding,Prewarm --variations-seed-version --trace-process-track-uuid=3190708994745248135 --enable-logging=handle --log-file=5000 --log-level=0 --mojo-platform-channel-handle=4996 /prefetch:14\r\nCurrentDirectory: C:\\Program Files (x86)\\Microsoft\\Edge\\Application\\144.0.3719.104\\\r\nUser: WINDEV2308EVAL\\Secretary\r\nLogonGuid: {de7f78ee-4b47-6982-f4f1-3d0000000000}\r\nLogonId: 0x3DF1F4\r\nTerminalSessionId: 2\r\nIntegrityLevel: Medium\r\nHashes: SHA256=C93DB508A45D9D394C38BA5BDC9A131C4CA09D4BF96EED2AD4794E10E359D2B8\r\nParentProcessGuid: {de7f78ee-bffd-6982-d208-000000001e00}\r\nParentProcessId: 4868\r\nParentImage: C:\\Program Files (x86)\\Microsoft\\Edge\\Application\\msedge.exe\r\nParentCommandLine: \"C:\\Program Files (x86)\\Microsoft\\Edge\\Application\\msedge.exe\" --allow-pre-commit-input --disable-background-networking --disable-backgrounding-occluded-windows --disable-client-side-phishing-detection --disable-default-apps --disable-features=IgnoreDuplicateNavs,Prewarm --disable-hang-monitor --disable-popup-blocking --disable-prompt-on-repost --disable-sync --edge-skip-compat-layer-relaunch --enable-automation --enable-logging --headless --log-level=0 --no-first-run --no-service-autorun --password-store=basic --remote-debugging-port=0 --start-maximized --test-type=webdriver --use-mock-keychain --user-data-dir=\"C:\\Users\\SECRET~1\\AppData\\Local\\Temp\\scoped_dir3900_656265703\" --window-size=1920,1080 data:,\r\nParentUser: WINDEV2308EVAL\\Secretary\""},"eventdata":{"utcTime":"2026-02-04 03:41:52.993","processGuid":"{de7f78ee-c000-6982-db08-000000001e00}","processId":"5320","image":"C:\\\\Program Files (x86)\\\\Microsoft\\\\Edge\\\\Application\\\\msedge.exe","fileVersion":"144.0.3719.104","description":"Microsoft Edge","product":"Microsoft Edge","company":"Microsoft Corporation","originalFileName":"msedge.exe","commandLine":"\\\"C:\\\\Program Files (x86)\\\\Microsoft\\\\Edge\\\\Application\\\\msedge.exe\\\" --type=utility --utility-sub-type=chrome.mojom.UtilWin --lang=en-US --service-sandbox-type=none --message-loop-type-ui --noerrdialogs --user-data-dir=\\\"C:\\\\Users\\\\SECRET~1\\\\AppData\\\\Local\\\\Temp\\\\scoped_dir3900_656265703\\\" --skip-read-main-dll --field-trial-handle=2604,i,6610243335601279478,16027879223574631205,262144 --enable-features=msMetricsLogFastStartup,msSendMetricsLogOnClose --disable-features=IgnoreDuplicateNavs,PaintHolding,Prewarm --variations-seed-version --trace-process-track-uuid=3190708994745248135 --enable-logging=handle --log-file=5000 --log-level=0 --mojo-platform-channel-handle=4996 /prefetch:14","currentDirectory":"C:\\\\Program Files (x86)\\\\Microsoft\\\\Edge\\\\Application\\\\144.0.3719.104\\\\","user":"WINDEV2308EVAL\\\\Secretary","logonGuid":"{de7f78ee-4b47-6982-f4f1-3d0000000000}","logonId":"0x3df1f4","terminalSessionId":"2","integrityLevel":"Medium","hashes":"SHA256=C93DB508A45D9D394C38BA5BDC9A131C4CA09D4BF96EED2AD4794E10E359D2B8","parentProcessGuid":"{de7f78ee-bffd-6982-d208-000000001e00}","parentProcessId":"4868","parentImage":"C:\\\\Program Files (x86)\\\\Microsoft\\\\Edge\\\\Application\\\\msedge.exe","parentCommandLine":"\\\"C:\\\\Program Files (x86)\\\\Microsoft\\\\Edge\\\\Application\\\\msedge.exe\\\" --allow-pre-commit-input --disable-background-networking --disable-backgrounding-occluded-windows --disable-client-side-phishing-detection --disable-default-apps --disable-features=IgnoreDuplicateNavs,Prewarm --disable-hang-monitor --disable-popup-blocking --disable-prompt-on-repost --disable-sync --edge-skip-compat-layer-relaunch --enable-automation --enable-logging --headless --log-level=0 --no-first-run --no-service-autorun --password-store=basic --remote-debugging-port=0 --start-maximized --test-type=webdriver --use-mock-keychain --user-data-dir=\\\"C:\\\\Users\\\\SECRET~1\\\\AppData\\\\Local\\\\Temp\\\\scoped_dir3900_656265703\\\" --window-size=1920,1080 data:,","parentUser":"WINDEV2308EVAL\\\\Secretary"}}}
2026 Feb 03 20:43:11 (Secretary-Windows) any->EventChannel {"win":{"system":{"providerName":"Microsoft-Windows-Sysmon","providerGuid":"{5770385f-c22a-43e0-bf4c-06f5698ffbd9}","eventID":"1","version":"5","level":"4","task":"1","opcode":"0","keywords":"0x8000000000000000","systemTime":"2026-02-04T03:41:53.3440330Z","eventRecordID":"2904","processID":"2824","threadID":"3588","channel":"Microsoft-Windows-Sysmon/Operational","computer":"WinDev2308Eval","severityValue":"INFORMATION","message":"\"Process Create:\r\nRuleName: -\r\nUtcTime: 2026-02-04 03:41:53.336\r\nProcessGuid: {de7f78ee-c001-6982-dc08-000000001e00}\r\nProcessId: 2016\r\nImage: C:\\Program Files (x86)\\Microsoft\\Edge\\Application\\msedge.exe\r\nFileVersion: 144.0.3719.104\r\nDescription: Microsoft Edge\r\nProduct: Microsoft Edge\r\nCompany: Microsoft Corporation\r\nOriginalFileName: msedge.exe\r\nCommandLine: \"C:\\Program Files (x86)\\Microsoft\\Edge\\Application\\msedge.exe\" --type=renderer --noerrdialogs --user-data-dir=\"C:\\Users\\SECRET~1\\AppData\\Local\\Temp\\scoped_dir3900_656265703\" --pdf-upsell-enabled --enable-automation --remote-debugging-port=0 --test-type=webdriver --allow-pre-commit-input --disable-gpu-compositing --video-capture-use-gpu-memory-buffer --lang=en-US --js-flags --device-scale-factor=1 --num-raster-threads=1 --renderer-client-id=10 --skip-read-main-dll --field-trial-handle=2604,i,6610243335601279478,16027879223574631205,262144 --enable-features=msMetricsLogFastStartup,msSendMetricsLogOnClose --disable-features=IgnoreDuplicateNavs,PaintHolding,Prewarm --variations-seed-version --trace-process-track-uuid=3190708995682289984 --enable-logging=handle --log-file=5240 --log-level=0 --mojo-platform-channel-handle=4920 /prefetch:1\r\nCurrentDirectory: C:\\Program Files (x86)\\Microsoft\\Edge\\Application\\144.0.3719.104\\\r\nUser: WINDEV2308EVAL\\Secretary\r\nLogonGuid: {de7f78ee-4b47-6982-f4f1-3d0000000000}\r\nLogonId: 0x3DF1F4\r\nTerminalSessionId: 2\r\nIntegrityLevel: AppContainer\r\nHashes: SHA256=C93DB508A45D9D394C38BA5BDC9A131C4CA09D4BF96EED2AD4794E10E359D2B8\r\nParentProcessGuid: {de7f78ee-bffd-6982-d208-000000001e00}\r\nParentProcessId: 4868\r\nParentImage: C:\\Program Files (x86)\\Microsoft\\Edge\\Application\\msedge.exe\r\nParentCommandLine: \"C:\\Program Files (x86)\\Microsoft\\Edge\\Application\\msedge.exe\" --allow-pre-commit-input --disable-background-networking --disable-backgrounding-occluded-windows --disable-client-side-phishing-detection --disable-default-apps --disable-features=IgnoreDuplicateNavs,Prewarm --disable-hang-monitor --disable-popup-blocking --disable-prompt-on-repost --disable-sync --edge-skip-compat-layer-relaunch --enable-automation --enable-logging --headless --log-level=0 --no-first-run --no-service-autorun --password-store=basic --remote-debugging-port=0 --start-maximized --test-type=webdriver --use-mock-keychain --user-data-dir=\"C:\\Users\\SECRET~1\\AppData\\Local\\Temp\\scoped_dir3900_656265703\" --window-size=1920,1080 data:,\r\nParentUser: WINDEV2308EVAL\\Secretary\""},"eventdata":{"utcTime":"2026-02-04 03:41:53.336","processGuid":"{de7f78ee-c001-6982-dc08-000000001e00}","processId":"2016","image":"C:\\\\Program Files (x86)\\\\Microsoft\\\\Edge\\\\Application\\\\msedge.exe","fileVersion":"144.0.3719.104","description":"Microsoft Edge","product":"Microsoft Edge","company":"Microsoft Corporation","originalFileName":"msedge.exe","commandLine":"\\\"C:\\\\Program Files (x86)\\\\Microsoft\\\\Edge\\\\Application\\\\msedge.exe\\\" --type=renderer --noerrdialogs --user-data-dir=\\\"C:\\\\Users\\\\SECRET~1\\\\AppData\\\\Local\\\\Temp\\\\scoped_dir3900_656265703\\\" --pdf-upsell-enabled --enable-automation --remote-debugging-port=0 --test-type=webdriver --allow-pre-commit-input --disable-gpu-compositing --video-capture-use-gpu-memory-buffer --lang=en-US --js-flags --device-scale-factor=1 --num-raster-threads=1 --renderer-client-id=10 --skip-read-main-dll --field-trial-handle=2604,i,6610243335601279478,16027879223574631205,262144 --enable-features=msMetricsLogFastStartup,msSendMetricsLogOnClose --disable-features=IgnoreDuplicateNavs,PaintHolding,Prewarm --variations-seed-version --trace-process-track-uuid=3190708995682289984 --enable-logging=handle --log-file=5240 --log-level=0 --mojo-platform-channel-handle=4920 /prefetch:1","currentDirectory":"C:\\\\Program Files (x86)\\\\Microsoft\\\\Edge\\\\Application\\\\144.0.3719.104\\\\","user":"WINDEV2308EVAL\\\\Secretary","logonGuid":"{de7f78ee-4b47-6982-f4f1-3d0000000000}","logonId":"0x3df1f4","terminalSessionId":"2","integrityLevel":"AppContainer","hashes":"SHA256=C93DB508A45D9D394C38BA5BDC9A131C4CA09D4BF96EED2AD4794E10E359D2B8","parentProcessGuid":"{de7f78ee-bffd-6982-d208-000000001e00}","parentProcessId":"4868","parentImage":"C:\\\\Program Files (x86)\\\\Microsoft\\\\Edge\\\\Application\\\\msedge.exe","parentCommandLine":"\\\"C:\\\\Program Files (x86)\\\\Microsoft\\\\Edge\\\\Application\\\\msedge.exe\\\" --allow-pre-commit-input --disable-background-networking --disable-backgrounding-occluded-windows --disable-client-side-phishing-detection --disable-default-apps --disable-features=IgnoreDuplicateNavs,Prewarm --disable-hang-monitor --disable-popup-blocking --disable-prompt-on-repost --disable-sync --edge-skip-compat-layer-relaunch --enable-automation --enable-logging --headless --log-level=0 --no-first-run --no-service-autorun --password-store=basic --remote-debugging-port=0 --start-maximized --test-type=webdriver --use-mock-keychain --user-data-dir=\\\"C:\\\\Users\\\\SECRET~1\\\\AppData\\\\Local\\\\Temp\\\\scoped_dir3900_656265703\\\" --window-size=1920,1080 data:,","parentUser":"WINDEV2308EVAL\\\\Secretary"}}}
2026 Feb 03 20:43:12 (Secretary-Windows) any->EventChannel {"win":{"system":{"providerName":"Microsoft-Windows-Sysmon","providerGuid":"{5770385f-c22a-43e0-bf4c-06f5698ffbd9}","eventID":"1","version":"5","level":"4","task":"1","opcode":"0","keywords":"0x8000000000000000","systemTime":"2026-02-04T03:41:54.5759156Z","eventRecordID":"2905","processID":"2824","threadID":"3588","channel":"Microsoft-Windows-Sysmon/Operational","computer":"WinDev2308Eval","severityValue":"INFORMATION","message":"\"Process Create:\r\nRuleName: -\r\nUtcTime: 2026-02-04 03:41:54.381\r\nProcessGuid: {de7f78ee-c002-6982-dd08-000000001e00}\r\nProcessId: 232\r\nImage: C:\\Program Files (x86)\\Microsoft\\Edge\\Application\\msedge.exe\r\nFileVersion: 144.0.3719.104\r\nDescription: Microsoft Edge\r\nProduct: Microsoft Edge\r\nCompany: Microsoft Corporation\r\nOriginalFileName: msedge.exe\r\nCommandLine: \"C:\\Program Files (x86)\\Microsoft\\Edge\\Application\\msedge.exe\" --type=renderer --noerrdialogs --user-data-dir=\"C:\\Users\\SECRET~1\\AppData\\Local\\Temp\\scoped_dir3900_656265703\" --pdf-upsell-enabled --enable-automation --remote-debugging-port=0 --test-type=webdriver --allow-pre-commit-input --disable-gpu-compositing --video-capture-use-gpu-memory-buffer --lang=en-US --js-flags --device-scale-factor=1 --num-raster-threads=1 --renderer-client-id=11 --skip-read-main-dll --field-trial-handle=2604,i,6610243335601279478,16027879223574631205,262144 --enable-features=msMetricsLogFastStartup,msSendMetricsLogOnClose --disable-features=IgnoreDuplicateNavs,PaintHolding,Prewarm --variations-seed-version --trace-process-track-uuid=3190708996619331833 --enable-logging=handle --log-file=5436 --log-level=0 --mojo-platform-channel-handle=5364 /prefetch:1\r\nCurrentDirectory: C:\\Program Files (x86)\\Microsoft\\Edge\\Application\\144.0.3719.104\\\r\nUser: WINDEV2308EVAL\\Secretary\r\nLogonGuid: {de7f78ee-4b47-6982-f4f1-3d0000000000}\r\nLogonId: 0x3DF1F4\r\nTerminalSessionId: 2\r\nIntegrityLevel: AppContainer\r\nHashes: SHA256=C93DB508A45D9D394C38BA5BDC9A131C4CA09D4BF96EED2AD4794E10E359D2B8\r\nParentProcessGuid: {de7f78ee-bffd-6982-d208-000000001e00}\r\nParentProcessId: 4868\r\nParentImage: C:\\Program Files (x86)\\Microsoft\\Edge\\Application\\msedge.exe\r\nParentCommandLine: \"C:\\Program Files (x86)\\Microsoft\\Edge\\Application\\msedge.exe\" --allow-pre-commit-input --disable-background-networking --disable-backgrounding-occluded-windows --disable-client-side-phishing-detection --disable-default-apps --disable-features=IgnoreDuplicateNavs,Prewarm --disable-hang-monitor --disable-popup-blocking --disable-prompt-on-repost --disable-sync --edge-skip-compat-layer-relaunch --enable-automation --enable-logging --headless --log-level=0 --no-first-run --no-service-autorun --password-store=basic --remote-debugging-port=0 --start-maximized --test-type=webdriver --use-mock-keychain --user-data-dir=\"C:\\Users\\SECRET~1\\AppData\\Local\\Temp\\scoped_dir3900_656265703\" --window-size=1920,1080 data:,\r\nParentUser: WINDEV2308EVAL\\Secretary\""},"eventdata":{"utcTime":"2026-02-04 03:41:54.381","processGuid":"{de7f78ee-c002-6982-dd08-000000001e00}","processId":"232","image":"C:\\\\Program Files (x86)\\\\Microsoft\\\\Edge\\\\Application\\\\msedge.exe","fileVersion":"144.0.3719.104","description":"Microsoft Edge","product":"Microsoft Edge","company":"Microsoft Corporation","originalFileName":"msedge.exe","commandLine":"\\\"C:\\\\Program Files (x86)\\\\Microsoft\\\\Edge\\\\Application\\\\msedge.exe\\\" --type=renderer --noerrdialogs --user-data-dir=\\\"C:\\\\Users\\\\SECRET~1\\\\AppData\\\\Local\\\\Temp\\\\scoped_dir3900_656265703\\\" --pdf-upsell-enabled --enable-automation --remote-debugging-port=0 --test-type=webdriver --allow-pre-commit-input --disable-gpu-compositing --video-capture-use-gpu-memory-buffer --lang=en-US --js-flags --device-scale-factor=1 --num-raster-threads=1 --renderer-client-id=11 --skip-read-main-dll --field-trial-handle=2604,i,6610243335601279478,16027879223574631205,262144 --enable-features=msMetricsLogFastStartup,msSendMetricsLogOnClose --disable-features=IgnoreDuplicateNavs,PaintHolding,Prewarm --variations-seed-version --trace-process-track-uuid=3190708996619331833 --enable-logging=handle --log-file=5436 --log-level=0 --mojo-platform-channel-handle=5364 /prefetch:1","currentDirectory":"C:\\\\Program Files (x86)\\\\Microsoft\\\\Edge\\\\Application\\\\144.0.3719.104\\\\","user":"WINDEV2308EVAL\\\\Secretary","logonGuid":"{de7f78ee-4b47-6982-f4f1-3d0000000000}","logonId":"0x3df1f4","terminalSessionId":"2","integrityLevel":"AppContainer","hashes":"SHA256=C93DB508A45D9D394C38BA5BDC9A131C4CA09D4BF96EED2AD4794E10E359D2B8","parentProcessGuid":"{de7f78ee-bffd-6982-d208-000000001e00}","parentProcessId":"4868","parentImage":"C:\\\\Program Files (x86)\\\\Microsoft\\\\Edge\\\\Application\\\\msedge.exe","parentCommandLine":"\\\"C:\\\\Program Files (x86)\\\\Microsoft\\\\Edge\\\\Application\\\\msedge.exe\\\" --allow-pre-commit-input --disable-background-networking --disable-backgrounding-occluded-windows --disable-client-side-phishing-detection --disable-default-apps --disable-features=IgnoreDuplicateNavs,Prewarm --disable-hang-monitor --disable-popup-blocking --disable-prompt-on-repost --disable-sync --edge-skip-compat-layer-relaunch --enable-automation --enable-logging --headless --log-level=0 --no-first-run --no-service-autorun --password-store=basic --remote-debugging-port=0 --start-maximized --test-type=webdriver --use-mock-keychain --user-data-dir=\\\"C:\\\\Users\\\\SECRET~1\\\\AppData\\\\Local\\\\Temp\\\\scoped_dir3900_656265703\\\" --window-size=1920,1080 data:,","parentUser":"WINDEV2308EVAL\\\\Secretary"}}}
2026 Feb 03 20:43:12 (Secretary-Windows) any->EventChannel {"win":{"system":{"providerName":"Microsoft-Windows-Sysmon","providerGuid":"{5770385f-c22a-43e0-bf4c-06f5698ffbd9}","eventID":"5","version":"3","level":"4","task":"5","opcode":"0","keywords":"0x8000000000000000","systemTime":"2026-02-04T03:41:54.8835353Z","eventRecordID":"2906","processID":"2824","threadID":"3588","channel":"Microsoft-Windows-Sysmon/Operational","computer":"WinDev2308Eval","severityValue":"INFORMATION","message":"\"Process terminated:\r\nRuleName: -\r\nUtcTime: 2026-02-04 03:41:54.883\r\nProcessGuid: {de7f78ee-bfff-6982-d908-000000001e00}\r\nProcessId: 5156\r\nImage: C:\\Program Files (x86)\\Microsoft\\Edge\\Application\\msedge.exe\r\nUser: WINDEV2308EVAL\\Secretary\""},"eventdata":{"utcTime":"2026-02-04 03:41:54.883","processGuid":"{de7f78ee-bfff-6982-d908-000000001e00}","processId":"5156","image":"C:\\\\Program Files (x86)\\\\Microsoft\\\\Edge\\\\Application\\\\msedge.exe","user":"WINDEV2308EVAL\\\\Secretary"}}}
2026 Feb 03 20:43:12 (OPNsense.localdomain) any->syscollector {"data":{"architecture":"amd64","checksum":"485c7a19953378c33e995b8325549ccc6867a1d4","description":"GNU gettext runtime libraries and programs","format":"pkg","groups":" ","install_time":"1767391929","item_id":"82872528cde9bca83eeef40f747410df980fc25d","location":" ","name":"gettext-runtime","priority":" ","scan_time":"2026/02/03 19:12:07","size":"1091986","source":"OPNsense","vendor":"tijl@FreeBSD.org","version":"0.23.1"},"operation":"MODIFIED","type":"dbsync_packages"}
2026 Feb 03 20:43:12 (Secretary-Windows) any->EventChannel {"win":{"system":{"providerName":"Microsoft-Windows-Sysmon","providerGuid":"{5770385f-c22a-43e0-bf4c-06f5698ffbd9}","eventID":"5","version":"3","level":"4","task":"5","opcode":"0","keywords":"0x8000000000000000","systemTime":"2026-02-04T03:41:54.8904781Z","eventRecordID":"2907","processID":"2824","threadID":"3588","channel":"Microsoft-Windows-Sysmon/Operational","computer":"WinDev2308Eval","severityValue":"INFORMATION","message":"\"Process terminated:\r\nRuleName: -\r\nUtcTime: 2026-02-04 03:41:54.890\r\nProcessGuid: {de7f78ee-c000-6982-da08-000000001e00}\r\nProcessId: 4316\r\nImage: C:\\Program Files (x86)\\Microsoft\\Edge\\Application\\msedge.exe\r\nUser: WINDEV2308EVAL\\Secretary\""},"eventdata":{"utcTime":"2026-02-04 03:41:54.890","processGuid":"{de7f78ee-c000-6982-da08-000000001e00}","processId":"4316","image":"C:\\\\Program Files (x86)\\\\Microsoft\\\\Edge\\\\Application\\\\msedge.exe","user":"WINDEV2308EVAL\\\\Secretary"}}}
2026 Feb 03 20:43:12 (Secretary-Windows) any->EventChannel {"win":{"system":{"providerName":"Microsoft-Windows-Sysmon","providerGuid":"{5770385f-c22a-43e0-bf4c-06f5698ffbd9}","eventID":"1","version":"5","level":"4","task":"1","opcode":"0","keywords":"0x8000000000000000","systemTime":"2026-02-04T03:41:54.9911063Z","eventRecordID":"2908","processID":"2824","threadID":"3588","channel":"Microsoft-Windows-Sysmon/Operational","computer":"WinDev2308Eval","severityValue":"INFORMATION","message":"\"Process Create:\r\nRuleName: -\r\nUtcTime: 2026-02-04 03:41:54.944\r\nProcessGuid: {de7f78ee-c002-6982-de08-000000001e00}\r\nProcessId: 4100\r\nImage: C:\\Program Files (x86)\\Microsoft\\Edge\\Application\\msedge.exe\r\nFileVersion: 144.0.3719.104\r\nDescription: Microsoft Edge\r\nProduct: Microsoft Edge\r\nCompany: Microsoft Corporation\r\nOriginalFileName: msedge.exe\r\nCommandLine: \"C:\\Program Files (x86)\\Microsoft\\Edge\\Application\\msedge.exe\" --type=renderer --noerrdialogs --user-data-dir=\"C:\\Users\\SECRET~1\\AppData\\Local\\Temp\\scoped_dir3900_656265703\" --pdf-upsell-enabled --enable-automation --remote-debugging-port=0 --test-type=webdriver --allow-pre-commit-input --disable-gpu-compositing --video-capture-use-gpu-memory-buffer --lang=en-US --js-flags --device-scale-factor=1 --num-raster-threads=1 --renderer-client-id=12 --skip-read-main-dll --field-trial-handle=2604,i,6610243335601279478,16027879223574631205,262144 --enable-features=msMetricsLogFastStartup,msSendMetricsLogOnClose --disable-features=IgnoreDuplicateNavs,PaintHolding,Prewarm --variations-seed-version --trace-process-track-uuid=3190708997556373682 --enable-logging=handle --log-file=5680 --log-level=0 --mojo-platform-channel-handle=5664 /prefetch:1\r\nCurrentDirectory: C:\\Program Files (x86)\\Microsoft\\Edge\\Application\\144.0.3719.104\\\r\nUser: WINDEV2308EVAL\\Secretary\r\nLogonGuid: {de7f78ee-4b47-6982-f4f1-3d0000000000}\r\nLogonId: 0x3DF1F4\r\nTerminalSessionId: 2\r\nIntegrityLevel: AppContainer\r\nHashes: SHA256=C93DB508A45D9D394C38BA5BDC9A131C4CA09D4BF96EED2AD4794E10E359D2B8\r\nParentProcessGuid: {de7f78ee-bffd-6982-d208-000000001e00}\r\nParentProcessId: 4868\r\nParentImage: C:\\Program Files (x86)\\Microsoft\\Edge\\Application\\msedge.exe\r\nParentCommandLine: \"C:\\Program Files (x86)\\Microsoft\\Edge\\Application\\msedge.exe\" --allow-pre-commit-input --disable-background-networking --disable-backgrounding-occluded-windows --disable-client-side-phishing-detection --disable-default-apps --disable-features=IgnoreDuplicateNavs,Prewarm --disable-hang-monitor --disable-popup-blocking --disable-prompt-on-repost --disable-sync --edge-skip-compat-layer-relaunch --enable-automation --enable-logging --headless --log-level=0 --no-first-run --no-service-autorun --password-store=basic --remote-debugging-port=0 --start-maximized --test-type=webdriver --use-mock-keychain --user-data-dir=\"C:\\Users\\SECRET~1\\AppData\\Local\\Temp\\scoped_dir3900_656265703\" --window-size=1920,1080 data:,\r\nParentUser: WINDEV2308EVAL\\Secretary\""},"eventdata":{"utcTime":"2026-02-04 03:41:54.944","processGuid":"{de7f78ee-c002-6982-de08-000000001e00}","processId":"4100","image":"C:\\\\Program Files (x86)\\\\Microsoft\\\\Edge\\\\Application\\\\msedge.exe","fileVersion":"144.0.3719.104","description":"Microsoft Edge","product":"Microsoft Edge","company":"Microsoft Corporation","originalFileName":"msedge.exe","commandLine":"\\\"C:\\\\Program Files (x86)\\\\Microsoft\\\\Edge\\\\Application\\\\msedge.exe\\\" --type=renderer --noerrdialogs --user-data-dir=\\\"C:\\\\Users\\\\SECRET~1\\\\AppData\\\\Local\\\\Temp\\\\scoped_dir3900_656265703\\\" --pdf-upsell-enabled --enable-automation --remote-debugging-port=0 --test-type=webdriver --allow-pre-commit-input --disable-gpu-compositing --video-capture-use-gpu-memory-buffer --lang=en-US --js-flags --device-scale-factor=1 --num-raster-threads=1 --renderer-client-id=12 --skip-read-main-dll --field-trial-handle=2604,i,6610243335601279478,16027879223574631205,262144 --enable-features=msMetricsLogFastStartup,msSendMetricsLogOnClose --disable-features=IgnoreDuplicateNavs,PaintHolding,Prewarm --variations-seed-version --trace-process-track-uuid=3190708997556373682 --enable-logging=handle --log-file=5680 --log-level=0 --mojo-platform-channel-handle=5664 /prefetch:1","currentDirectory":"C:\\\\Program Files (x86)\\\\Microsoft\\\\Edge\\\\Application\\\\144.0.3719.104\\\\","user":"WINDEV2308EVAL\\\\Secretary","logonGuid":"{de7f78ee-4b47-6982-f4f1-3d0000000000}","logonId":"0x3df1f4","terminalSessionId":"2","integrityLevel":"AppContainer","hashes":"SHA256=C93DB508A45D9D394C38BA5BDC9A131C4CA09D4BF96EED2AD4794E10E359D2B8","parentProcessGuid":"{de7f78ee-bffd-6982-d208-000000001e00}","parentProcessId":"4868","parentImage":"C:\\\\Program Files (x86)\\\\Microsoft\\\\Edge\\\\Application\\\\msedge.exe","parentCommandLine":"\\\"C:\\\\Program Files (x86)\\\\Microsoft\\\\Edge\\\\Application\\\\msedge.exe\\\" --allow-pre-commit-input --disable-background-networking --disable-backgrounding-occluded-windows --disable-client-side-phishing-detection --disable-default-apps --disable-features=IgnoreDuplicateNavs,Prewarm --disable-hang-monitor --disable-popup-blocking --disable-prompt-on-repost --disable-sync --edge-skip-compat-layer-relaunch --enable-automation --enable-logging --headless --log-level=0 --no-first-run --no-service-autorun --password-store=basic --remote-debugging-port=0 --start-maximized --test-type=webdriver --use-mock-keychain --user-data-dir=\\\"C:\\\\Users\\\\SECRET~1\\\\AppData\\\\Local\\\\Temp\\\\scoped_dir3900_656265703\\\" --window-size=1920,1080 data:,","parentUser":"WINDEV2308EVAL\\\\Secretary"}}}
2026 Feb 03 20:43:12 (Secretary-Windows) any->EventChannel {"win":{"system":{"providerName":"Microsoft-Windows-Sysmon","providerGuid":"{5770385f-c22a-43e0-bf4c-06f5698ffbd9}","eventID":"5","version":"3","level":"4","task":"5","opcode":"0","keywords":"0x8000000000000000","systemTime":"2026-02-04T03:41:55.2553269Z","eventRecordID":"2909","processID":"2824","threadID":"3588","channel":"Microsoft-Windows-Sysmon/Operational","computer":"WinDev2308Eval","severityValue":"INFORMATION","message":"\"Process terminated:\r\nRuleName: -\r\nUtcTime: 2026-02-04 03:41:55.254\r\nProcessGuid: {de7f78ee-c000-6982-db08-000000001e00}\r\nProcessId: 5320\r\nImage: C:\\Program Files (x86)\\Microsoft\\Edge\\Application\\msedge.exe\r\nUser: WINDEV2308EVAL\\Secretary\""},"eventdata":{"utcTime":"2026-02-04 03:41:55.254","processGuid":"{de7f78ee-c000-6982-db08-000000001e00}","processId":"5320","image":"C:\\\\Program Files (x86)\\\\Microsoft\\\\Edge\\\\Application\\\\msedge.exe","user":"WINDEV2308EVAL\\\\Secretary"}}}
2026 Feb 03 20:43:12 (Secretary-Windows) any->EventChannel {"win":{"system":{"providerName":"Microsoft-Windows-Sysmon","providerGuid":"{5770385f-c22a-43e0-bf4c-06f5698ffbd9}","eventID":"5","version":"3","level":"4","task":"5","opcode":"0","keywords":"0x8000000000000000","systemTime":"2026-02-04T03:41:55.3724137Z","eventRecordID":"2910","processID":"2824","threadID":"3588","channel":"Microsoft-Windows-Sysmon/Operational","computer":"WinDev2308Eval","severityValue":"INFORMATION","message":"\"Process terminated:\r\nRuleName: -\r\nUtcTime: 2026-02-04 03:41:55.372\r\nProcessGuid: {de7f78ee-bffe-6982-d808-000000001e00}\r\nProcessId: 7468\r\nImage: C:\\Program Files (x86)\\Microsoft\\Edge\\Application\\msedge.exe\r\nUser: WINDEV2308EVAL\\Secretary\""},"eventdata":{"utcTime":"2026-02-04 03:41:55.372","processGuid":"{de7f78ee-bffe-6982-d808-000000001e00}","processId":"7468","image":"C:\\\\Program Files (x86)\\\\Microsoft\\\\Edge\\\\Application\\\\msedge.exe","user":"WINDEV2308EVAL\\\\Secretary"}}}
2026 Feb 03 20:43:12 (Secretary-Windows) any->EventChannel {"win":{"system":{"providerName":"Microsoft-Windows-Sysmon","providerGuid":"{5770385f-c22a-43e0-bf4c-06f5698ffbd9}","eventID":"5","version":"3","level":"4","task":"5","opcode":"0","keywords":"0x8000000000000000","systemTime":"2026-02-04T03:41:55.3730175Z","eventRecordID":"2911","processID":"2824","threadID":"3588","channel":"Microsoft-Windows-Sysmon/Operational","computer":"WinDev2308Eval","severityValue":"INFORMATION","message":"\"Process terminated:\r\nRuleName: -\r\nUtcTime: 2026-02-04 03:41:55.372\r\nProcessGuid: {de7f78ee-c001-6982-dc08-000000001e00}\r\nProcessId: 2016\r\nImage: C:\\Program Files (x86)\\Microsoft\\Edge\\Application\\msedge.exe\r\nUser: WINDEV2308EVAL\\Secretary\""},"eventdata":{"utcTime":"2026-02-04 03:41:55.372","processGuid":"{de7f78ee-c001-6982-dc08-000000001e00}","processId":"2016","image":"C:\\\\Program Files (x86)\\\\Microsoft\\\\Edge\\\\Application\\\\msedge.exe","user":"WINDEV2308EVAL\\\\Secretary"}}}
2026 Feb 03 20:43:12 (Secretary-Windows) any->EventChannel {"win":{"system":{"providerName":"Microsoft-Windows-Sysmon","providerGuid":"{5770385f-c22a-43e0-bf4c-06f5698ffbd9}","eventID":"1","version":"5","level":"4","task":"1","opcode":"0","keywords":"0x8000000000000000","systemTime":"2026-02-04T03:41:59.9393947Z","eventRecordID":"2912","processID":"2824","threadID":"3588","channel":"Microsoft-Windows-Sysmon/Operational","computer":"WinDev2308Eval","severityValue":"INFORMATION","message":"\"Process Create:\r\nRuleName: -\r\nUtcTime: 2026-02-04 03:41:59.931\r\nProcessGuid: {de7f78ee-c007-6982-e008-000000001e00}\r\nProcessId: 1108\r\nImage: C:\\Program Files (x86)\\Microsoft\\Edge\\Application\\msedge.exe\r\nFileVersion: 144.0.3719.104\r\nDescription: Microsoft Edge\r\nProduct: Microsoft Edge\r\nCompany: Microsoft Corporation\r\nOriginalFileName: msedge.exe\r\nCommandLine: \"C:\\Program Files (x86)\\Microsoft\\Edge\\Application\\msedge.exe\" --type=utility --utility-sub-type=entity_extraction_service.mojom.Extractor --lang=en-US --service-sandbox-type=entity_extraction --onnx-enabled-for-ee --noerrdialogs --user-data-dir=\"C:\\Users\\SECRET~1\\AppData\\Local\\Temp\\scoped_dir3900_656265703\" --skip-read-main-dll --field-trial-handle=2604,i,6610243335601279478,16027879223574631205,262144 --enable-features=msMetricsLogFastStartup,msSendMetricsLogOnClose --disable-features=IgnoreDuplicateNavs,PaintHolding,Prewarm --variations-seed-version --trace-process-track-uuid=3190708999430457380 --enable-logging=handle --log-file=5148 --log-level=0 --mojo-platform-channel-handle=5164 /prefetch:14\r\nCurrentDirectory: C:\\Program Files (x86)\\Microsoft\\Edge\\Application\\144.0.3719.104\\\r\nUser: WINDEV2308EVAL\\Secretary\r\nLogonGuid: {de7f78ee-4b47-6982-f4f1-3d0000000000}\r\nLogonId: 0x3DF1F4\r\nTerminalSessionId: 2\r\nIntegrityLevel: Low\r\nHashes: SHA256=C93DB508A45D9D394C38BA5BDC9A131C4CA09D4BF96EED2AD4794E10E359D2B8\r\nParentProcessGuid: {de7f78ee-bffd-6982-d208-000000001e00}\r\nParentProcessId: 4868\r\nParentImage: C:\\Program Files (x86)\\Microsoft\\Edge\\Application\\msedge.exe\r\nParentCommandLine: \"C:\\Program Files (x86)\\Microsoft\\Edge\\Application\\msedge.exe\" --allow-pre-commit-input --disable-background-networking --disable-backgrounding-occluded-windows --disable-client-side-phishing-detection --disable-default-apps --disable-features=IgnoreDuplicateNavs,Prewarm --disable-hang-monitor --disable-popup-blocking --disable-prompt-on-repost --disable-sync --edge-skip-compat-layer-relaunch --enable-automation --enable-logging --headless --log-level=0 --no-first-run --no-service-autorun --password-store=basic --remote-debugging-port=0 --start-maximized --test-type=webdriver --use-mock-keychain --user-data-dir=\"C:\\Users\\SECRET~1\\AppData\\Local\\Temp\\scoped_dir3900_656265703\" --window-size=1920,1080 data:,\r\nParentUser: WINDEV2308EVAL\\Secretary\""},"eventdata":{"utcTime":"2026-02-04 03:41:59.931","processGuid":"{de7f78ee-c007-6982-e008-000000001e00}","processId":"1108","image":"C:\\\\Program Files (x86)\\\\Microsoft\\\\Edge\\\\Application\\\\msedge.exe","fileVersion":"144.0.3719.104","description":"Microsoft Edge","product":"Microsoft Edge","company":"Microsoft Corporation","originalFileName":"msedge.exe","commandLine":"\\\"C:\\\\Program Files (x86)\\\\Microsoft\\\\Edge\\\\Application\\\\msedge.exe\\\" --type=utility --utility-sub-type=entity_extraction_service.mojom.Extractor --lang=en-US --service-sandbox-type=entity_extraction --onnx-enabled-for-ee --noerrdialogs --user-data-dir=\\\"C:\\\\Users\\\\SECRET~1\\\\AppData\\\\Local\\\\Temp\\\\scoped_dir3900_656265703\\\" --skip-read-main-dll --field-trial-handle=2604,i,6610243335601279478,16027879223574631205,262144 --enable-features=msMetricsLogFastStartup,msSendMetricsLogOnClose --disable-features=IgnoreDuplicateNavs,PaintHolding,Prewarm --variations-seed-version --trace-process-track-uuid=3190708999430457380 --enable-logging=handle --log-file=5148 --log-level=0 --mojo-platform-channel-handle=5164 /prefetch:14","currentDirectory":"C:\\\\Program Files (x86)\\\\Microsoft\\\\Edge\\\\Application\\\\144.0.3719.104\\\\","user":"WINDEV2308EVAL\\\\Secretary","logonGuid":"{de7f78ee-4b47-6982-f4f1-3d0000000000}","logonId":"0x3df1f4","terminalSessionId":"2","integrityLevel":"Low","hashes":"SHA256=C93DB508A45D9D394C38BA5BDC9A131C4CA09D4BF96EED2AD4794E10E359D2B8","parentProcessGuid":"{de7f78ee-bffd-6982-d208-000000001e00}","parentProcessId":"4868","parentImage":"C:\\\\Program Files (x86)\\\\Microsoft\\\\Edge\\\\Application\\\\msedge.exe","parentCommandLine":"\\\"C:\\\\Program Files (x86)\\\\Microsoft\\\\Edge\\\\Application\\\\msedge.exe\\\" --allow-pre-commit-input --disable-background-networking --disable-backgrounding-occluded-windows --disable-client-side-phishing-detection --disable-default-apps --disable-features=IgnoreDuplicateNavs,Prewarm --disable-hang-monitor --disable-popup-blocking --disable-prompt-on-repost --disable-sync --edge-skip-compat-layer-relaunch --enable-automation --enable-logging --headless --log-level=0 --no-first-run --no-service-autorun --password-store=basic --remote-debugging-port=0 --start-maximized --test-type=webdriver --use-mock-keychain --user-data-dir=\\\"C:\\\\Users\\\\SECRET~1\\\\AppData\\\\Local\\\\Temp\\\\scoped_dir3900_656265703\\\" --window-size=1920,1080 data:,","parentUser":"WINDEV2308EVAL\\\\Secretary"}}}
2026 Feb 03 20:43:12 (Secretary-Windows) any->EventChannel {"win":{"system":{"providerName":"Microsoft-Windows-Sysmon","providerGuid":"{5770385f-c22a-43e0-bf4c-06f5698ffbd9}","eventID":"1","version":"5","level":"4","task":"1","opcode":"0","keywords":"0x8000000000000000","systemTime":"2026-02-04T03:41:59.9871225Z","eventRecordID":"2913","processID":"2824","threadID":"3588","channel":"Microsoft-Windows-Sysmon/Operational","computer":"WinDev2308Eval","severityValue":"INFORMATION","message":"\"Process Create:\r\nRuleName: -\r\nUtcTime: 2026-02-04 03:41:59.924\r\nProcessGuid: {de7f78ee-c007-6982-df08-000000001e00}\r\nProcessId: 4144\r\nImage: C:\\Program Files (x86)\\Microsoft\\Edge\\Application\\msedge.exe\r\nFileVersion: 144.0.3719.104\r\nDescription: Microsoft Edge\r\nProduct: Microsoft Edge\r\nCompany: Microsoft Corporation\r\nOriginalFileName: msedge.exe\r\nCommandLine: \"C:\\Program Files (x86)\\Microsoft\\Edge\\Application\\msedge.exe\" --type=utility --utility-sub-type=asset_store.mojom.AssetStoreService --lang=en-US --service-sandbox-type=asset_store_service --noerrdialogs --user-data-dir=\"C:\\Users\\SECRET~1\\AppData\\Local\\Temp\\scoped_dir3900_656265703\" --skip-read-main-dll --field-trial-handle=2604,i,6610243335601279478,16027879223574631205,262144 --enable-features=msMetricsLogFastStartup,msSendMetricsLogOnClose --disable-features=IgnoreDuplicateNavs,PaintHolding,Prewarm --variations-seed-version --trace-process-track-uuid=3190708998493415531 --enable-logging=handle --log-file=5184 --log-level=0 --mojo-platform-channel-handle=5200 /prefetch:14\r\nCurrentDirectory: C:\\Program Files (x86)\\Microsoft\\Edge\\Application\\144.0.3719.104\\\r\nUser: WINDEV2308EVAL\\Secretary\r\nLogonGuid: {de7f78ee-4b47-6982-f4f1-3d0000000000}\r\nLogonId: 0x3DF1F4\r\nTerminalSessionId: 2\r\nIntegrityLevel: Low\r\nHashes: SHA256=C93DB508A45D9D394C38BA5BDC9A131C4CA09D4BF96EED2AD4794E10E359D2B8\r\nParentProcessGuid: {de7f78ee-bffd-6982-d208-000000001e00}\r\nParentProcessId: 4868\r\nParentImage: C:\\Program Files (x86)\\Microsoft\\Edge\\Application\\msedge.exe\r\nParentCommandLine: \"C:\\Program Files (x86)\\Microsoft\\Edge\\Application\\msedge.exe\" --allow-pre-commit-input --disable-background-networking --disable-backgrounding-occluded-windows --disable-client-side-phishing-detection --disable-default-apps --disable-features=IgnoreDuplicateNavs,Prewarm --disable-hang-monitor --disable-popup-blocking --disable-prompt-on-repost --disable-sync --edge-skip-compat-layer-relaunch --enable-automation --enable-logging --headless --log-level=0 --no-first-run --no-service-autorun --password-store=basic --remote-debugging-port=0 --start-maximized --test-type=webdriver --use-mock-keychain --user-data-dir=\"C:\\Users\\SECRET~1\\AppData\\Local\\Temp\\scoped_dir3900_656265703\" --window-size=1920,1080 data:,\r\nParentUser: WINDEV2308EVAL\\Secretary\""},"eventdata":{"utcTime":"2026-02-04 03:41:59.924","processGuid":"{de7f78ee-c007-6982-df08-000000001e00}","processId":"4144","image":"C:\\\\Program Files (x86)\\\\Microsoft\\\\Edge\\\\Application\\\\msedge.exe","fileVersion":"144.0.3719.104","description":"Microsoft Edge","product":"Microsoft Edge","company":"Microsoft Corporation","originalFileName":"msedge.exe","commandLine":"\\\"C:\\\\Program Files (x86)\\\\Microsoft\\\\Edge\\\\Application\\\\msedge.exe\\\" --type=utility --utility-sub-type=asset_store.mojom.AssetStoreService --lang=en-US --service-sandbox-type=asset_store_service --noerrdialogs --user-data-dir=\\\"C:\\\\Users\\\\SECRET~1\\\\AppData\\\\Local\\\\Temp\\\\scoped_dir3900_656265703\\\" --skip-read-main-dll --field-trial-handle=2604,i,6610243335601279478,16027879223574631205,262144 --enable-features=msMetricsLogFastStartup,msSendMetricsLogOnClose --disable-features=IgnoreDuplicateNavs,PaintHolding,Prewarm --variations-seed-version --trace-process-track-uuid=3190708998493415531 --enable-logging=handle --log-file=5184 --log-level=0 --mojo-platform-channel-handle=5200 /prefetch:14","currentDirectory":"C:\\\\Program Files (x86)\\\\Microsoft\\\\Edge\\\\Application\\\\144.0.3719.104\\\\","user":"WINDEV2308EVAL\\\\Secretary","logonGuid":"{de7f78ee-4b47-6982-f4f1-3d0000000000}","logonId":"0x3df1f4","terminalSessionId":"2","integrityLevel":"Low","hashes":"SHA256=C93DB508A45D9D394C38BA5BDC9A131C4CA09D4BF96EED2AD4794E10E359D2B8","parentProcessGuid":"{de7f78ee-bffd-6982-d208-000000001e00}","parentProcessId":"4868","parentImage":"C:\\\\Program Files (x86)\\\\Microsoft\\\\Edge\\\\Application\\\\msedge.exe","parentCommandLine":"\\\"C:\\\\Program Files (x86)\\\\Microsoft\\\\Edge\\\\Application\\\\msedge.exe\\\" --allow-pre-commit-input --disable-background-networking --disable-backgrounding-occluded-windows --disable-client-side-phishing-detection --disable-default-apps --disable-features=IgnoreDuplicateNavs,Prewarm --disable-hang-monitor --disable-popup-blocking --disable-prompt-on-repost --disable-sync --edge-skip-compat-layer-relaunch --enable-automation --enable-logging --headless --log-level=0 --no-first-run --no-service-autorun --password-store=basic --remote-debugging-port=0 --start-maximized --test-type=webdriver --use-mock-keychain --user-data-dir=\\\"C:\\\\Users\\\\SECRET~1\\\\AppData\\\\Local\\\\Temp\\\\scoped_dir3900_656265703\\\" --window-size=1920,1080 data:,","parentUser":"WINDEV2308EVAL\\\\Secretary"}}}
2026 Feb 03 20:43:12 (Secretary-Windows) any->EventChannel {"win":{"system":{"providerName":"Microsoft-Windows-Sysmon","providerGuid":"{5770385f-c22a-43e0-bf4c-06f5698ffbd9}","eventID":"1","version":"5","level":"4","task":"1","opcode":"0","keywords":"0x8000000000000000","systemTime":"2026-02-04T03:42:00.8329045Z","eventRecordID":"2914","processID":"2824","threadID":"3588","channel":"Microsoft-Windows-Sysmon/Operational","computer":"WinDev2308Eval","severityValue":"INFORMATION","message":"\"Process Create:\r\nRuleName: -\r\nUtcTime: 2026-02-04 03:42:00.824\r\nProcessGuid: {de7f78ee-c008-6982-e108-000000001e00}\r\nProcessId: 732\r\nImage: C:\\Program Files (x86)\\Microsoft\\Edge\\Application\\msedge.exe\r\nFileVersion: 144.0.3719.104\r\nDescription: Microsoft Edge\r\nProduct: Microsoft Edge\r\nCompany: Microsoft Corporation\r\nOriginalFileName: msedge.exe\r\nCommandLine: \"C:\\Program Files (x86)\\Microsoft\\Edge\\Application\\msedge.exe\" --type=utility --utility-sub-type=chrome.mojom.ProfileImport --lang=en-US --service-sandbox-type=none --noerrdialogs --user-data-dir=\"C:\\Users\\SECRET~1\\AppData\\Local\\Temp\\scoped_dir3900_656265703\" --skip-read-main-dll --field-trial-handle=2604,i,6610243335601279478,16027879223574631205,262144 --enable-features=msMetricsLogFastStartup,msSendMetricsLogOnClose --disable-features=IgnoreDuplicateNavs,PaintHolding,Prewarm --variations-seed-version --trace-process-track-uuid=3190709000367499229 --enable-logging=handle --log-file=6228 --log-level=0 --mojo-platform-channel-handle=6224 /prefetch:14\r\nCurrentDirectory: C:\\Program Files (x86)\\Microsoft\\Edge\\Application\\144.0.3719.104\\\r\nUser: WINDEV2308EVAL\\Secretary\r\nLogonGuid: {de7f78ee-4b47-6982-f4f1-3d0000000000}\r\nLogonId: 0x3DF1F4\r\nTerminalSessionId: 2\r\nIntegrityLevel: Medium\r\nHashes: SHA256=C93DB508A45D9D394C38BA5BDC9A131C4CA09D4BF96EED2AD4794E10E359D2B8\r\nParentProcessGuid: {de7f78ee-bffd-6982-d208-000000001e00}\r\nParentProcessId: 4868\r\nParentImage: C:\\Program Files (x86)\\Microsoft\\Edge\\Application\\msedge.exe\r\nParentCommandLine: \"C:\\Program Files (x86)\\Microsoft\\Edge\\Application\\msedge.exe\" --allow-pre-commit-input --disable-background-networking --disable-backgrounding-occluded-windows --disable-client-side-phishing-detection --disable-default-apps --disable-features=IgnoreDuplicateNavs,Prewarm --disable-hang-monitor --disable-popup-blocking --disable-prompt-on-repost --disable-sync --edge-skip-compat-layer-relaunch --enable-automation --enable-logging --headless --log-level=0 --no-first-run --no-service-autorun --password-store=basic --remote-debugging-port=0 --start-maximized --test-type=webdriver --use-mock-keychain --user-data-dir=\"C:\\Users\\SECRET~1\\AppData\\Local\\Temp\\scoped_dir3900_656265703\" --window-size=1920,1080 data:,\r\nParentUser: WINDEV2308EVAL\\Secretary\""},"eventdata":{"utcTime":"2026-02-04 03:42:00.824","processGuid":"{de7f78ee-c008-6982-e108-000000001e00}","processId":"732","image":"C:\\\\Program Files (x86)\\\\Microsoft\\\\Edge\\\\Application\\\\msedge.exe","fileVersion":"144.0.3719.104","description":"Microsoft Edge","product":"Microsoft Edge","company":"Microsoft Corporation","originalFileName":"msedge.exe","commandLine":"\\\"C:\\\\Program Files (x86)\\\\Microsoft\\\\Edge\\\\Application\\\\msedge.exe\\\" --type=utility --utility-sub-type=chrome.mojom.ProfileImport --lang=en-US --service-sandbox-type=none --noerrdialogs --user-data-dir=\\\"C:\\\\Users\\\\SECRET~1\\\\AppData\\\\Local\\\\Temp\\\\scoped_dir3900_656265703\\\" --skip-read-main-dll --field-trial-handle=2604,i,6610243335601279478,16027879223574631205,262144 --enable-features=msMetricsLogFastStartup,msSendMetricsLogOnClose --disable-features=IgnoreDuplicateNavs,PaintHolding,Prewarm --variations-seed-version --trace-process-track-uuid=3190709000367499229 --enable-logging=handle --log-file=6228 --log-level=0 --mojo-platform-channel-handle=6224 /prefetch:14","currentDirectory":"C:\\\\Program Files (x86)\\\\Microsoft\\\\Edge\\\\Application\\\\144.0.3719.104\\\\","user":"WINDEV2308EVAL\\\\Secretary","logonGuid":"{de7f78ee-4b47-6982-f4f1-3d0000000000}","logonId":"0x3df1f4","terminalSessionId":"2","integrityLevel":"Medium","hashes":"SHA256=C93DB508A45D9D394C38BA5BDC9A131C4CA09D4BF96EED2AD4794E10E359D2B8","parentProcessGuid":"{de7f78ee-bffd-6982-d208-000000001e00}","parentProcessId":"4868","parentImage":"C:\\\\Program Files (x86)\\\\Microsoft\\\\Edge\\\\Application\\\\msedge.exe","parentCommandLine":"\\\"C:\\\\Program Files (x86)\\\\Microsoft\\\\Edge\\\\Application\\\\msedge.exe\\\" --allow-pre-commit-input --disable-background-networking --disable-backgrounding-occluded-windows --disable-client-side-phishing-detection --disable-default-apps --disable-features=IgnoreDuplicateNavs,Prewarm --disable-hang-monitor --disable-popup-blocking --disable-prompt-on-repost --disable-sync --edge-skip-compat-layer-relaunch --enable-automation --enable-logging --headless --log-level=0 --no-first-run --no-service-autorun --password-store=basic --remote-debugging-port=0 --start-maximized --test-type=webdriver --use-mock-keychain --user-data-dir=\\\"C:\\\\Users\\\\SECRET~1\\\\AppData\\\\Local\\\\Temp\\\\scoped_dir3900_656265703\\\" --window-size=1920,1080 data:,","parentUser":"WINDEV2308EVAL\\\\Secretary"}}}
2026 Feb 03 20:43:12 (OPNsense.localdomain) any->syscollector {"data":{"architecture":"amd64","checksum":"637cf75ef51aeb8c88a387a6029ffc0c3a6579bf","description":"Some useful routines of C programming (current stable version)","format":"pkg","groups":" ","install_time":"1767391944","item_id":"ef3f477f61fe67ae4aad1fc1735235e8c6192d63","location":" ","name":"glib","priority":" ","scan_time":"2026/02/03 19:12:07","size":"17551900","source":"OPNsense","vendor":"desktop@FreeBSD.org","version":"2.80.5_1,2"},"operation":"MODIFIED","type":"dbsync_packages"}
2026 Feb 03 20:43:12 (Secretary-Windows) any->EventChannel {"win":{"system":{"providerName":"Microsoft-Windows-Sysmon","providerGuid":"{5770385f-c22a-43e0-bf4c-06f5698ffbd9}","eventID":"1","version":"5","level":"4","task":"1","opcode":"0","keywords":"0x8000000000000000","systemTime":"2026-02-04T03:42:02.0171789Z","eventRecordID":"2915","processID":"2824","threadID":"3588","channel":"Microsoft-Windows-Sysmon/Operational","computer":"WinDev2308Eval","severityValue":"INFORMATION","message":"\"Process Create:\r\nRuleName: -\r\nUtcTime: 2026-02-04 03:42:01.993\r\nProcessGuid: {de7f78ee-c009-6982-e208-000000001e00}\r\nProcessId: 7460\r\nImage: C:\\Program Files (x86)\\Microsoft\\Edge\\Application\\144.0.3719.104\\cookie_exporter.exe\r\nFileVersion: 144.0.3719.104\r\nDescription: Microsoft Edge\r\nProduct: Microsoft Edge\r\nCompany: Microsoft Corporation\r\nOriginalFileName: cookie_exporter.exe\r\nCommandLine: cookie_exporter.exe --cookie-json=1256\r\nCurrentDirectory: C:\\Program Files (x86)\\Microsoft\\Edge\\Application\\144.0.3719.104\\\r\nUser: WINDEV2308EVAL\\Secretary\r\nLogonGuid: {de7f78ee-4b47-6982-f4f1-3d0000000000}\r\nLogonId: 0x3DF1F4\r\nTerminalSessionId: 2\r\nIntegrityLevel: Low\r\nHashes: SHA256=DB758AFDB0E191FAD615DCC50034EE4101CDA43C6D6F32A0FD939DCA904EE6BA\r\nParentProcessGuid: {de7f78ee-c008-6982-e108-000000001e00}\r\nParentProcessId: 732\r\nParentImage: C:\\Program Files (x86)\\Microsoft\\Edge\\Application\\msedge.exe\r\nParentCommandLine: \"C:\\Program Files (x86)\\Microsoft\\Edge\\Application\\msedge.exe\" --type=utility --utility-sub-type=chrome.mojom.ProfileImport --lang=en-US --service-sandbox-type=none --noerrdialogs --user-data-dir=\"C:\\Users\\SECRET~1\\AppData\\Local\\Temp\\scoped_dir3900_656265703\" --skip-read-main-dll --field-trial-handle=2604,i,6610243335601279478,16027879223574631205,262144 --enable-features=msMetricsLogFastStartup,msSendMetricsLogOnClose --disable-features=IgnoreDuplicateNavs,PaintHolding,Prewarm --variations-seed-version --trace-process-track-uuid=3190709000367499229 --enable-logging=handle --log-file=6228 --log-level=0 --mojo-platform-channel-handle=6224 /prefetch:14\r\nParentUser: WINDEV2308EVAL\\Secretary\""},"eventdata":{"utcTime":"2026-02-04 03:42:01.993","processGuid":"{de7f78ee-c009-6982-e208-000000001e00}","processId":"7460","image":"C:\\\\Program Files (x86)\\\\Microsoft\\\\Edge\\\\Application\\\\144.0.3719.104\\\\cookie_exporter.exe","fileVersion":"144.0.3719.104","description":"Microsoft Edge","product":"Microsoft Edge","company":"Microsoft Corporation","originalFileName":"cookie_exporter.exe","commandLine":"cookie_exporter.exe --cookie-json=1256","currentDirectory":"C:\\\\Program Files (x86)\\\\Microsoft\\\\Edge\\\\Application\\\\144.0.3719.104\\\\","user":"WINDEV2308EVAL\\\\Secretary","logonGuid":"{de7f78ee-4b47-6982-f4f1-3d0000000000}","logonId":"0x3df1f4","terminalSessionId":"2","integrityLevel":"Low","hashes":"SHA256=DB758AFDB0E191FAD615DCC50034EE4101CDA43C6D6F32A0FD939DCA904EE6BA","parentProcessGuid":"{de7f78ee-c008-6982-e108-000000001e00}","parentProcessId":"732","parentImage":"C:\\\\Program Files (x86)\\\\Microsoft\\\\Edge\\\\Application\\\\msedge.exe","parentCommandLine":"\\\"C:\\\\Program Files (x86)\\\\Microsoft\\\\Edge\\\\Application\\\\msedge.exe\\\" --type=utility --utility-sub-type=chrome.mojom.ProfileImport --lang=en-US --service-sandbox-type=none --noerrdialogs --user-data-dir=\\\"C:\\\\Users\\\\SECRET~1\\\\AppData\\\\Local\\\\Temp\\\\scoped_dir3900_656265703\\\" --skip-read-main-dll --field-trial-handle=2604,i,6610243335601279478,16027879223574631205,262144 --enable-features=msMetricsLogFastStartup,msSendMetricsLogOnClose --disable-features=IgnoreDuplicateNavs,PaintHolding,Prewarm --variations-seed-version --trace-process-track-uuid=3190709000367499229 --enable-logging=handle --log-file=6228 --log-level=0 --mojo-platform-channel-handle=6224 /prefetch:14","parentUser":"WINDEV2308EVAL\\\\Secretary"}}}
