2026 Feb 03 20:43:11 (OPNsense.localdomain) any->syscollector {"data":{"architecture":"amd64","checksum":"cafbccd4fd98f89d917dd72f3d915c6106f33dd0","description":"Utility to remove entries from the pf(4) table based on their age","format":"pkg","groups":" ","install_time":"1721738635","item_id":"4b2a7cf1b08a2b9690cf6c665e46900b96160494","location":" ","name":"expiretable","priority":" ","scan_time":"2026/02/03 19:12:07","size":"16682","source":"OPNsense","vendor":"cris@gufi.org","version":"0.6_3"},"operation":"MODIFIED","type":"dbsync_packages"}
2026 Feb 03 20:43:11 (Secretary-Windows) any->EventChannel {"win":{"system":{"providerName":"Microsoft-Windows-Sysmon","providerGuid":"{5770385f-c22a-43e0-bf4c-06f5698ffbd9}","eventID":"5","version":"3","level":"4","task":"5","opcode":"0","keywords":"0x8000000000000000","systemTime":"2026-02-04T03:41:47.6376905Z","eventRecordID":"2876","processID":"2824","threadID":"3588","channel":"Microsoft-Windows-Sysmon/Operational","computer":"WinDev2308Eval","severityValue":"INFORMATION","message":"\"Process terminated:\r\nRuleName: -\r\nUtcTime: 2026-02-04 03:41:47.625\r\nProcessGuid: {de7f78ee-bffb-6982-c608-000000001e00}\r\nProcessId: 4704\r\nImage: C:\\Windows\\System32\\cmd.exe\r\nUser: WINDEV2308EVAL\\Secretary\""},"eventdata":{"utcTime":"2026-02-04 03:41:47.625","processGuid":"{de7f78ee-bffb-6982-c608-000000001e00}","processId":"4704","image":"C:\\\\Windows\\\\System32\\\\cmd.exe","user":"WINDEV2308EVAL\\\\Secretary"}}}
2026 Feb 03 20:43:11 (Secretary-Windows) any->EventChannel {"win":{"system":{"providerName":"Microsoft-Windows-Sysmon","providerGuid":"{5770385f-c22a-43e0-bf4c-06f5698ffbd9}","eventID":"1","version":"5","level":"4","task":"1","opcode":"0","keywords":"0x8000000000000000","systemTime":"2026-02-04T03:41:47.6483888Z","eventRecordID":"2877","processID":"2824","threadID":"3588","channel":"Microsoft-Windows-Sysmon/Operational","computer":"WinDev2308Eval","severityValue":"INFORMATION","message":"\"Process Create:\r\nRuleName: -\r\nUtcTime: 2026-02-04 03:41:47.640\r\nProcessGuid: {de7f78ee-bffb-6982-c908-000000001e00}\r\nProcessId: 724\r\nImage: C:\\Windows\\System32\\cmd.exe\r\nFileVersion: 10.0.22621.5840 (WinBuild.160101.0800)\r\nDescription: Windows Command Processor\r\nProduct: Microsoft® Windows® Operating System\r\nCompany: Microsoft Corporation\r\nOriginalFileName: Cmd.Exe\r\nCommandLine: C:\\Windows\\system32\\cmd.exe /c \"(dir 2>&1 *`|echo CMD);&<# rem #>echo powershell\"\r\nCurrentDirectory: C:\\Users\\Secretary\\user_behavior_generation\\worker\\\r\nUser: WINDEV2308EVAL\\Secretary\r\nLogonGuid: {de7f78ee-4b47-6982-f4f1-3d0000000000}\r\nLogonId: 0x3DF1F4\r\nTerminalSessionId: 2\r\nIntegrityLevel: Medium\r\nHashes: SHA256=ED1358CB5F7A7E4FA21E6B07EF1C6F664F0D363C60B4641AFF43F5602A0B3F6E\r\nParentProcessGuid: {de7f78ee-bff7-6982-ae08-000000001e00}\r\nParentProcessId: 2480\r\nParentImage: C:\\Users\\Secretary\\AppData\\Local\\Programs\\Python\\Python314\\python.exe\r\nParentCommandLine: .\\venv\\Scripts\\python.exe  smart_worker.py \"https://www.miur.gov.it/web/guest/notizie\" \"news\"\r\nParentUser: WINDEV2308EVAL\\Secretary\""},"eventdata":{"utcTime":"2026-02-04 03:41:47.640","processGuid":"{de7f78ee-bffb-6982-c908-000000001e00}","processId":"724","image":"C:\\\\Windows\\\\System32\\\\cmd.exe","fileVersion":"10.0.22621.5840 (WinBuild.160101.0800)","description":"Windows Command Processor","product":"Microsoft® Windows® Operating System","company":"Microsoft Corporation","originalFileName":"Cmd.Exe","commandLine":"C:\\\\Windows\\\\system32\\\\cmd.exe /c \\\"(dir 2&gt;&amp;1 *`|echo CMD);&amp;&lt;# rem #&gt;echo powershell\\\"","currentDirectory":"C:\\\\Users\\\\Secretary\\\\user_behavior_generation\\\\worker\\\\","user":"WINDEV2308EVAL\\\\Secretary","logonGuid":"{de7f78ee-4b47-6982-f4f1-3d0000000000}","logonId":"0x3df1f4","terminalSessionId":"2","integrityLevel":"Medium","hashes":"SHA256=ED1358CB5F7A7E4FA21E6B07EF1C6F664F0D363C60B4641AFF43F5602A0B3F6E","parentProcessGuid":"{de7f78ee-bff7-6982-ae08-000000001e00}","parentProcessId":"2480","parentImage":"C:\\\\Users\\\\Secretary\\\\AppData\\\\Local\\\\Programs\\\\Python\\\\Python314\\\\python.exe","parentCommandLine":".\\\\venv\\\\Scripts\\\\python.exe  smart_worker.py \\\"https://www.miur.gov.it/web/guest/notizie\\\" \\\"news\\\"","parentUser":"WINDEV2308EVAL\\\\Secretary"}}}
2026 Feb 03 20:43:11 (Secretary-Windows) any->EventChannel {"win":{"system":{"providerName":"Microsoft-Windows-Sysmon","providerGuid":"{5770385f-c22a-43e0-bf4c-06f5698ffbd9}","eventID":"1","version":"5","level":"4","task":"1","opcode":"0","keywords":"0x8000000000000000","systemTime":"2026-02-04T03:41:47.6816382Z","eventRecordID":"2878","processID":"2824","threadID":"3588","channel":"Microsoft-Windows-Sysmon/Operational","computer":"WinDev2308Eval","severityValue":"INFORMATION","message":"\"Process Create:\r\nRuleName: -\r\nUtcTime: 2026-02-04 03:41:47.666\r\nProcessGuid: {de7f78ee-bffb-6982-ca08-000000001e00}\r\nProcessId: 1380\r\nImage: C:\\Windows\\System32\\cmd.exe\r\nFileVersion: 10.0.22621.5840 (WinBuild.160101.0800)\r\nDescription: Windows Command Processor\r\nProduct: Microsoft® Windows® Operating System\r\nCompany: Microsoft Corporation\r\nOriginalFileName: Cmd.Exe\r\nCommandLine: C:\\Windows\\system32\\cmd.exe  /S /D /c\" dir  *` 2>&1\"\r\nCurrentDirectory: C:\\Users\\Secretary\\user_behavior_generation\\worker\\\r\nUser: WINDEV2308EVAL\\Secretary\r\nLogonGuid: {de7f78ee-4b47-6982-f4f1-3d0000000000}\r\nLogonId: 0x3DF1F4\r\nTerminalSessionId: 2\r\nIntegrityLevel: Medium\r\nHashes: SHA256=ED1358CB5F7A7E4FA21E6B07EF1C6F664F0D363C60B4641AFF43F5602A0B3F6E\r\nParentProcessGuid: {de7f78ee-bffb-6982-c908-000000001e00}\r\nParentProcessId: 724\r\nParentImage: C:\\Windows\\System32\\cmd.exe\r\nParentCommandLine: C:\\Windows\\system32\\cmd.exe /c \"(dir 2>&1 *`|echo CMD);&<# rem #>echo powershell\"\r\nParentUser: WINDEV2308EVAL\\Secretary\""},"eventdata":{"utcTime":"2026-02-04 03:41:47.666","processGuid":"{de7f78ee-bffb-6982-ca08-000000001e00}","processId":"1380","image":"C:\\\\Windows\\\\System32\\\\cmd.exe","fileVersion":"10.0.22621.5840 (WinBuild.160101.0800)","description":"Windows Command Processor","product":"Microsoft® Windows® Operating System","company":"Microsoft Corporation","originalFileName":"Cmd.Exe","commandLine":"C:\\\\Windows\\\\system32\\\\cmd.exe  /S /D /c\\\" dir  *` 2&gt;&amp;1\\\"","currentDirectory":"C:\\\\Users\\\\Secretary\\\\user_behavior_generation\\\\worker\\\\","user":"WINDEV2308EVAL\\\\Secretary","logonGuid":"{de7f78ee-4b47-6982-f4f1-3d0000000000}","logonId":"0x3df1f4","terminalSessionId":"2","integrityLevel":"Medium","hashes":"SHA256=ED1358CB5F7A7E4FA21E6B07EF1C6F664F0D363C60B4641AFF43F5602A0B3F6E","parentProcessGuid":"{de7f78ee-bffb-6982-c908-000000001e00}","parentProcessId":"724","parentImage":"C:\\\\Windows\\\\System32\\\\cmd.exe","parentCommandLine":"C:\\\\Windows\\\\system32\\\\cmd.exe /c \\\"(dir 2&gt;&amp;1 *`|echo CMD);&amp;&lt;# rem #&gt;echo powershell\\\"","parentUser":"WINDEV2308EVAL\\\\Secretary"}}}
2026 Feb 03 20:43:11 (Secretary-Windows) any->EventChannel {"win":{"system":{"providerName":"Microsoft-Windows-Sysmon","providerGuid":"{5770385f-c22a-43e0-bf4c-06f5698ffbd9}","eventID":"1","version":"5","level":"4","task":"1","opcode":"0","keywords":"0x8000000000000000","systemTime":"2026-02-04T03:41:47.7012182Z","eventRecordID":"2879","processID":"2824","threadID":"3588","channel":"Microsoft-Windows-Sysmon/Operational","computer":"WinDev2308Eval","severityValue":"INFORMATION","message":"\"Process Create:\r\nRuleName: -\r\nUtcTime: 2026-02-04 03:41:47.688\r\nProcessGuid: {de7f78ee-bffb-6982-cb08-000000001e00}\r\nProcessId: 7944\r\nImage: C:\\Windows\\System32\\cmd.exe\r\nFileVersion: 10.0.22621.5840 (WinBuild.160101.0800)\r\nDescription: Windows Command Processor\r\nProduct: Microsoft® Windows® Operating System\r\nCompany: Microsoft Corporation\r\nOriginalFileName: Cmd.Exe\r\nCommandLine: C:\\Windows\\system32\\cmd.exe  /S /D /c\" echo CMD\"\r\nCurrentDirectory: C:\\Users\\Secretary\\user_behavior_generation\\worker\\\r\nUser: WINDEV2308EVAL\\Secretary\r\nLogonGuid: {de7f78ee-4b47-6982-f4f1-3d0000000000}\r\nLogonId: 0x3DF1F4\r\nTerminalSessionId: 2\r\nIntegrityLevel: Medium\r\nHashes: SHA256=ED1358CB5F7A7E4FA21E6B07EF1C6F664F0D363C60B4641AFF43F5602A0B3F6E\r\nParentProcessGuid: {de7f78ee-bffb-6982-c908-000000001e00}\r\nParentProcessId: 724\r\nParentImage: C:\\Windows\\System32\\cmd.exe\r\nParentCommandLine: C:\\Windows\\system32\\cmd.exe /c \"(dir 2>&1 *`|echo CMD);&<# rem #>echo powershell\"\r\nParentUser: WINDEV2308EVAL\\Secretary\""},"eventdata":{"utcTime":"2026-02-04 03:41:47.688","processGuid":"{de7f78ee-bffb-6982-cb08-000000001e00}","processId":"7944","image":"C:\\\\Windows\\\\System32\\\\cmd.exe","fileVersion":"10.0.22621.5840 (WinBuild.160101.0800)","description":"Windows Command Processor","product":"Microsoft® Windows® Operating System","company":"Microsoft Corporation","originalFileName":"Cmd.Exe","commandLine":"C:\\\\Windows\\\\system32\\\\cmd.exe  /S /D /c\\\" echo CMD\\\"","currentDirectory":"C:\\\\Users\\\\Secretary\\\\user_behavior_generation\\\\worker\\\\","user":"WINDEV2308EVAL\\\\Secretary","logonGuid":"{de7f78ee-4b47-6982-f4f1-3d0000000000}","logonId":"0x3df1f4","terminalSessionId":"2","integrityLevel":"Medium","hashes":"SHA256=ED1358CB5F7A7E4FA21E6B07EF1C6F664F0D363C60B4641AFF43F5602A0B3F6E","parentProcessGuid":"{de7f78ee-bffb-6982-c908-000000001e00}","parentProcessId":"724","parentImage":"C:\\\\Windows\\\\System32\\\\cmd.exe","parentCommandLine":"C:\\\\Windows\\\\system32\\\\cmd.exe /c \\\"(dir 2&gt;&amp;1 *`|echo CMD);&amp;&lt;# rem #&gt;echo powershell\\\"","parentUser":"WINDEV2308EVAL\\\\Secretary"}}}
2026 Feb 03 20:43:11 (Secretary-Windows) any->EventChannel {"win":{"system":{"providerName":"Microsoft-Windows-Sysmon","providerGuid":"{5770385f-c22a-43e0-bf4c-06f5698ffbd9}","eventID":"5","version":"3","level":"4","task":"5","opcode":"0","keywords":"0x8000000000000000","systemTime":"2026-02-04T03:41:47.7018964Z","eventRecordID":"2880","processID":"2824","threadID":"3588","channel":"Microsoft-Windows-Sysmon/Operational","computer":"WinDev2308Eval","severityValue":"INFORMATION","message":"\"Process terminated:\r\nRuleName: -\r\nUtcTime: 2026-02-04 03:41:47.688\r\nProcessGuid: {de7f78ee-bffb-6982-ca08-000000001e00}\r\nProcessId: 1380\r\nImage: C:\\Windows\\System32\\cmd.exe\r\nUser: WINDEV2308EVAL\\Secretary\""},"eventdata":{"utcTime":"2026-02-04 03:41:47.688","processGuid":"{de7f78ee-bffb-6982-ca08-000000001e00}","processId":"1380","image":"C:\\\\Windows\\\\System32\\\\cmd.exe","user":"WINDEV2308EVAL\\\\Secretary"}}}
2026 Feb 03 20:43:11 (Secretary-Windows) any->EventChannel {"win":{"system":{"providerName":"Microsoft-Windows-Sysmon","providerGuid":"{5770385f-c22a-43e0-bf4c-06f5698ffbd9}","eventID":"5","version":"3","level":"4","task":"5","opcode":"0","keywords":"0x8000000000000000","systemTime":"2026-02-04T03:41:47.7186650Z","eventRecordID":"2881","processID":"2824","threadID":"3588","channel":"Microsoft-Windows-Sysmon/Operational","computer":"WinDev2308Eval","severityValue":"INFORMATION","message":"\"Process terminated:\r\nRuleName: -\r\nUtcTime: 2026-02-04 03:41:47.703\r\nProcessGuid: {de7f78ee-bffb-6982-cb08-000000001e00}\r\nProcessId: 7944\r\nImage: C:\\Windows\\System32\\cmd.exe\r\nUser: WINDEV2308EVAL\\Secretary\""},"eventdata":{"utcTime":"2026-02-04 03:41:47.703","processGuid":"{de7f78ee-bffb-6982-cb08-000000001e00}","processId":"7944","image":"C:\\\\Windows\\\\System32\\\\cmd.exe","user":"WINDEV2308EVAL\\\\Secretary"}}}
2026 Feb 03 20:43:11 (Secretary-Windows) any->EventChannel {"win":{"system":{"providerName":"Microsoft-Windows-Sysmon","providerGuid":"{5770385f-c22a-43e0-bf4c-06f5698ffbd9}","eventID":"5","version":"3","level":"4","task":"5","opcode":"0","keywords":"0x8000000000000000","systemTime":"2026-02-04T03:41:47.7262849Z","eventRecordID":"2882","processID":"2824","threadID":"3588","channel":"Microsoft-Windows-Sysmon/Operational","computer":"WinDev2308Eval","severityValue":"INFORMATION","message":"\"Process terminated:\r\nRuleName: -\r\nUtcTime: 2026-02-04 03:41:47.719\r\nProcessGuid: {de7f78ee-bffb-6982-c908-000000001e00}\r\nProcessId: 724\r\nImage: C:\\Windows\\System32\\cmd.exe\r\nUser: WINDEV2308EVAL\\Secretary\""},"eventdata":{"utcTime":"2026-02-04 03:41:47.719","processGuid":"{de7f78ee-bffb-6982-c908-000000001e00}","processId":"724","image":"C:\\\\Windows\\\\System32\\\\cmd.exe","user":"WINDEV2308EVAL\\\\Secretary"}}}
2026 Feb 03 20:43:11 (OPNsense.localdomain) any->syscollector {"data":{"architecture":"amd64","checksum":"680724f5ff17a315ad665e0ce25136ac857b005a","description":"Parse pflog(4) output","format":"pkg","groups":" ","install_time":"1721738635","item_id":"28358b628cb893664afab87fe80eeed9a3886083","location":" ","name":"filterlog","priority":" ","scan_time":"2026/02/03 19:12:07","size":"19858","source":"OPNsense","vendor":"franco@opnsense.org","version":"0.7_1"},"operation":"MODIFIED","type":"dbsync_packages"}
2026 Feb 03 20:43:11 (Secretary-Windows) any->EventChannel {"win":{"system":{"providerName":"Microsoft-Windows-Sysmon","providerGuid":"{5770385f-c22a-43e0-bf4c-06f5698ffbd9}","eventID":"1","version":"5","level":"4","task":"1","opcode":"0","keywords":"0x8000000000000000","systemTime":"2026-02-04T03:41:47.7341522Z","eventRecordID":"2883","processID":"2824","threadID":"3588","channel":"Microsoft-Windows-Sysmon/Operational","computer":"WinDev2308Eval","severityValue":"INFORMATION","message":"\"Process Create:\r\nRuleName: -\r\nUtcTime: 2026-02-04 03:41:47.729\r\nProcessGuid: {de7f78ee-bffb-6982-cc08-000000001e00}\r\nProcessId: 7764\r\nImage: C:\\Windows\\System32\\cmd.exe\r\nFileVersion: 10.0.22621.5840 (WinBuild.160101.0800)\r\nDescription: Windows Command Processor\r\nProduct: Microsoft® Windows® Operating System\r\nCompany: Microsoft Corporation\r\nOriginalFileName: Cmd.Exe\r\nCommandLine: C:\\Windows\\system32\\cmd.exe /c \"(dir 2>&1 *`|echo CMD);&<# rem #>echo powershell\"\r\nCurrentDirectory: C:\\Users\\Secretary\\user_behavior_generation\\worker\\\r\nUser: WINDEV2308EVAL\\Secretary\r\nLogonGuid: {de7f78ee-4b47-6982-f4f1-3d0000000000}\r\nLogonId: 0x3DF1F4\r\nTerminalSessionId: 2\r\nIntegrityLevel: Medium\r\nHashes: SHA256=ED1358CB5F7A7E4FA21E6B07EF1C6F664F0D363C60B4641AFF43F5602A0B3F6E\r\nParentProcessGuid: {de7f78ee-bff7-6982-ae08-000000001e00}\r\nParentProcessId: 2480\r\nParentImage: C:\\Users\\Secretary\\AppData\\Local\\Programs\\Python\\Python314\\python.exe\r\nParentCommandLine: .\\venv\\Scripts\\python.exe  smart_worker.py \"https://www.miur.gov.it/web/guest/notizie\" \"news\"\r\nParentUser: WINDEV2308EVAL\\Secretary\""},"eventdata":{"utcTime":"2026-02-04 03:41:47.729","processGuid":"{de7f78ee-bffb-6982-cc08-000000001e00}","processId":"7764","image":"C:\\\\Windows\\\\System32\\\\cmd.exe","fileVersion":"10.0.22621.5840 (WinBuild.160101.0800)","description":"Windows Command Processor","product":"Microsoft® Windows® Operating System","company":"Microsoft Corporation","originalFileName":"Cmd.Exe","commandLine":"C:\\\\Windows\\\\system32\\\\cmd.exe /c \\\"(dir 2&gt;&amp;1 *`|echo CMD);&amp;&lt;# rem #&gt;echo powershell\\\"","currentDirectory":"C:\\\\Users\\\\Secretary\\\\user_behavior_generation\\\\worker\\\\","user":"WINDEV2308EVAL\\\\Secretary","logonGuid":"{de7f78ee-4b47-6982-f4f1-3d0000000000}","logonId":"0x3df1f4","terminalSessionId":"2","integrityLevel":"Medium","hashes":"SHA256=ED1358CB5F7A7E4FA21E6B07EF1C6F664F0D363C60B4641AFF43F5602A0B3F6E","parentProcessGuid":"{de7f78ee-bff7-6982-ae08-000000001e00}","parentProcessId":"2480","parentImage":"C:\\\\Users\\\\Secretary\\\\AppData\\\\Local\\\\Programs\\\\Python\\\\Python314\\\\python.exe","parentCommandLine":".\\\\venv\\\\Scripts\\\\python.exe  smart_worker.py \\\"https://www.miur.gov.it/web/guest/notizie\\\" \\\"news\\\"","parentUser":"WINDEV2308EVAL\\\\Secretary"}}}
2026 Feb 03 20:43:11 (Secretary-Windows) any->EventChannel {"win":{"system":{"providerName":"Microsoft-Windows-Sysmon","providerGuid":"{5770385f-c22a-43e0-bf4c-06f5698ffbd9}","eventID":"1","version":"5","level":"4","task":"1","opcode":"0","keywords":"0x8000000000000000","systemTime":"2026-02-04T03:41:47.7707641Z","eventRecordID":"2884","processID":"2824","threadID":"3588","channel":"Microsoft-Windows-Sysmon/Operational","computer":"WinDev2308Eval","severityValue":"INFORMATION","message":"\"Process Create:\r\nRuleName: -\r\nUtcTime: 2026-02-04 03:41:47.752\r\nProcessGuid: {de7f78ee-bffb-6982-cd08-000000001e00}\r\nProcessId: 2856\r\nImage: C:\\Windows\\System32\\cmd.exe\r\nFileVersion: 10.0.22621.5840 (WinBuild.160101.0800)\r\nDescription: Windows Command Processor\r\nProduct: Microsoft® Windows® Operating System\r\nCompany: Microsoft Corporation\r\nOriginalFileName: Cmd.Exe\r\nCommandLine: C:\\Windows\\system32\\cmd.exe  /S /D /c\" dir  *` 2>&1\"\r\nCurrentDirectory: C:\\Users\\Secretary\\user_behavior_generation\\worker\\\r\nUser: WINDEV2308EVAL\\Secretary\r\nLogonGuid: {de7f78ee-4b47-6982-f4f1-3d0000000000}\r\nLogonId: 0x3DF1F4\r\nTerminalSessionId: 2\r\nIntegrityLevel: Medium\r\nHashes: SHA256=ED1358CB5F7A7E4FA21E6B07EF1C6F664F0D363C60B4641AFF43F5602A0B3F6E\r\nParentProcessGuid: {de7f78ee-bffb-6982-cc08-000000001e00}\r\nParentProcessId: 7764\r\nParentImage: C:\\Windows\\System32\\cmd.exe\r\nParentCommandLine: C:\\Windows\\system32\\cmd.exe /c \"(dir 2>&1 *`|echo CMD);&<# rem #>echo powershell\"\r\nParentUser: WINDEV2308EVAL\\Secretary\""},"eventdata":{"utcTime":"2026-02-04 03:41:47.752","processGuid":"{de7f78ee-bffb-6982-cd08-000000001e00}","processId":"2856","image":"C:\\\\Windows\\\\System32\\\\cmd.exe","fileVersion":"10.0.22621.5840 (WinBuild.160101.0800)","description":"Windows Command Processor","product":"Microsoft® Windows® Operating System","company":"Microsoft Corporation","originalFileName":"Cmd.Exe","commandLine":"C:\\\\Windows\\\\system32\\\\cmd.exe  /S /D /c\\\" dir  *` 2&gt;&amp;1\\\"","currentDirectory":"C:\\\\Users\\\\Secretary\\\\user_behavior_generation\\\\worker\\\\","user":"WINDEV2308EVAL\\\\Secretary","logonGuid":"{de7f78ee-4b47-6982-f4f1-3d0000000000}","logonId":"0x3df1f4","terminalSessionId":"2","integrityLevel":"Medium","hashes":"SHA256=ED1358CB5F7A7E4FA21E6B07EF1C6F664F0D363C60B4641AFF43F5602A0B3F6E","parentProcessGuid":"{de7f78ee-bffb-6982-cc08-000000001e00}","parentProcessId":"7764","parentImage":"C:\\\\Windows\\\\System32\\\\cmd.exe","parentCommandLine":"C:\\\\Windows\\\\system32\\\\cmd.exe /c \\\"(dir 2&gt;&amp;1 *`|echo CMD);&amp;&lt;# rem #&gt;echo powershell\\\"","parentUser":"WINDEV2308EVAL\\\\Secretary"}}}
2026 Feb 03 20:43:11 (Secretary-Windows) any->EventChannel {"win":{"system":{"providerName":"Microsoft-Windows-Sysmon","providerGuid":"{5770385f-c22a-43e0-bf4c-06f5698ffbd9}","eventID":"5","version":"3","level":"4","task":"5","opcode":"0","keywords":"0x8000000000000000","systemTime":"2026-02-04T03:41:47.7913988Z","eventRecordID":"2885","processID":"2824","threadID":"3588","channel":"Microsoft-Windows-Sysmon/Operational","computer":"WinDev2308Eval","severityValue":"INFORMATION","message":"\"Process terminated:\r\nRuleName: -\r\nUtcTime: 2026-02-04 03:41:47.781\r\nProcessGuid: {de7f78ee-bffb-6982-cd08-000000001e00}\r\nProcessId: 2856\r\nImage: C:\\Windows\\System32\\cmd.exe\r\nUser: WINDEV2308EVAL\\Secretary\""},"eventdata":{"utcTime":"2026-02-04 03:41:47.781","processGuid":"{de7f78ee-bffb-6982-cd08-000000001e00}","processId":"2856","image":"C:\\\\Windows\\\\System32\\\\cmd.exe","user":"WINDEV2308EVAL\\\\Secretary"}}}
2026 Feb 03 20:43:11 (Secretary-Windows) any->EventChannel {"win":{"system":{"providerName":"Microsoft-Windows-Sysmon","providerGuid":"{5770385f-c22a-43e0-bf4c-06f5698ffbd9}","eventID":"1","version":"5","level":"4","task":"1","opcode":"0","keywords":"0x8000000000000000","systemTime":"2026-02-04T03:41:47.7964553Z","eventRecordID":"2886","processID":"2824","threadID":"3588","channel":"Microsoft-Windows-Sysmon/Operational","computer":"WinDev2308Eval","severityValue":"INFORMATION","message":"\"Process Create:\r\nRuleName: -\r\nUtcTime: 2026-02-04 03:41:47.778\r\nProcessGuid: {de7f78ee-bffb-6982-ce08-000000001e00}\r\nProcessId: 7100\r\nImage: C:\\Windows\\System32\\cmd.exe\r\nFileVersion: 10.0.22621.5840 (WinBuild.160101.0800)\r\nDescription: Windows Command Processor\r\nProduct: Microsoft® Windows® Operating System\r\nCompany: Microsoft Corporation\r\nOriginalFileName: Cmd.Exe\r\nCommandLine: C:\\Windows\\system32\\cmd.exe  /S /D /c\" echo CMD\"\r\nCurrentDirectory: C:\\Users\\Secretary\\user_behavior_generation\\worker\\\r\nUser: WINDEV2308EVAL\\Secretary\r\nLogonGuid: {de7f78ee-4b47-6982-f4f1-3d0000000000}\r\nLogonId: 0x3DF1F4\r\nTerminalSessionId: 2\r\nIntegrityLevel: Medium\r\nHashes: SHA256=ED1358CB5F7A7E4FA21E6B07EF1C6F664F0D363C60B4641AFF43F5602A0B3F6E\r\nParentProcessGuid: {de7f78ee-bffb-6982-cc08-000000001e00}\r\nParentProcessId: 7764\r\nParentImage: C:\\Windows\\System32\\cmd.exe\r\nParentCommandLine: C:\\Windows\\system32\\cmd.exe /c \"(dir 2>&1 *`|echo CMD);&<# rem #>echo powershell\"\r\nParentUser: WINDEV2308EVAL\\Secretary\""},"eventdata":{"utcTime":"2026-02-04 03:41:47.778","processGuid":"{de7f78ee-bffb-6982-ce08-000000001e00}","processId":"7100","image":"C:\\\\Windows\\\\System32\\\\cmd.exe","fileVersion":"10.0.22621.5840 (WinBuild.160101.0800)","description":"Windows Command Processor","product":"Microsoft® Windows® Operating System","company":"Microsoft Corporation","originalFileName":"Cmd.Exe","commandLine":"C:\\\\Windows\\\\system32\\\\cmd.exe  /S /D /c\\\" echo CMD\\\"","currentDirectory":"C:\\\\Users\\\\Secretary\\\\user_behavior_generation\\\\worker\\\\","user":"WINDEV2308EVAL\\\\Secretary","logonGuid":"{de7f78ee-4b47-6982-f4f1-3d0000000000}","logonId":"0x3df1f4","terminalSessionId":"2","integrityLevel":"Medium","hashes":"SHA256=ED1358CB5F7A7E4FA21E6B07EF1C6F664F0D363C60B4641AFF43F5602A0B3F6E","parentProcessGuid":"{de7f78ee-bffb-6982-cc08-000000001e00}","parentProcessId":"7764","parentImage":"C:\\\\Windows\\\\System32\\\\cmd.exe","parentCommandLine":"C:\\\\Windows\\\\system32\\\\cmd.exe /c \\\"(dir 2&gt;&amp;1 *`|echo CMD);&amp;&lt;# rem #&gt;echo powershell\\\"","parentUser":"WINDEV2308EVAL\\\\Secretary"}}}
2026 Feb 03 20:43:11 (Secretary-Windows) any->EventChannel {"win":{"system":{"providerName":"Microsoft-Windows-Sysmon","providerGuid":"{5770385f-c22a-43e0-bf4c-06f5698ffbd9}","eventID":"5","version":"3","level":"4","task":"5","opcode":"0","keywords":"0x8000000000000000","systemTime":"2026-02-04T03:41:47.8165801Z","eventRecordID":"2887","processID":"2824","threadID":"3588","channel":"Microsoft-Windows-Sysmon/Operational","computer":"WinDev2308Eval","severityValue":"INFORMATION","message":"\"Process terminated:\r\nRuleName: -\r\nUtcTime: 2026-02-04 03:41:47.813\r\nProcessGuid: {de7f78ee-bffb-6982-ce08-000000001e00}\r\nProcessId: 7100\r\nImage: C:\\Windows\\System32\\cmd.exe\r\nUser: WINDEV2308EVAL\\Secretary\""},"eventdata":{"utcTime":"2026-02-04 03:41:47.813","processGuid":"{de7f78ee-bffb-6982-ce08-000000001e00}","processId":"7100","image":"C:\\\\Windows\\\\System32\\\\cmd.exe","user":"WINDEV2308EVAL\\\\Secretary"}}}
2026 Feb 03 20:43:11 (Secretary-Windows) any->EventChannel {"win":{"system":{"providerName":"Microsoft-Windows-Sysmon","providerGuid":"{5770385f-c22a-43e0-bf4c-06f5698ffbd9}","eventID":"5","version":"3","level":"4","task":"5","opcode":"0","keywords":"0x8000000000000000","systemTime":"2026-02-04T03:41:47.8217605Z","eventRecordID":"2888","processID":"2824","threadID":"3588","channel":"Microsoft-Windows-Sysmon/Operational","computer":"WinDev2308Eval","severityValue":"INFORMATION","message":"\"Process terminated:\r\nRuleName: -\r\nUtcTime: 2026-02-04 03:41:47.813\r\nProcessGuid: {de7f78ee-bffb-6982-cc08-000000001e00}\r\nProcessId: 7764\r\nImage: C:\\Windows\\System32\\cmd.exe\r\nUser: WINDEV2308EVAL\\Secretary\""},"eventdata":{"utcTime":"2026-02-04 03:41:47.813","processGuid":"{de7f78ee-bffb-6982-cc08-000000001e00}","processId":"7764","image":"C:\\\\Windows\\\\System32\\\\cmd.exe","user":"WINDEV2308EVAL\\\\Secretary"}}}
2026 Feb 03 20:43:11 (Secretary-Windows) any->EventChannel {"win":{"system":{"providerName":"Microsoft-Windows-Sysmon","providerGuid":"{5770385f-c22a-43e0-bf4c-06f5698ffbd9}","eventID":"1","version":"5","level":"4","task":"1","opcode":"0","keywords":"0x8000000000000000","systemTime":"2026-02-04T03:41:47.8318635Z","eventRecordID":"2889","processID":"2824","threadID":"3588","channel":"Microsoft-Windows-Sysmon/Operational","computer":"WinDev2308Eval","severityValue":"INFORMATION","message":"\"Process Create:\r\nRuleName: -\r\nUtcTime: 2026-02-04 03:41:47.824\r\nProcessGuid: {de7f78ee-bffb-6982-cf08-000000001e00}\r\nProcessId: 5188\r\nImage: C:\\Windows\\System32\\cmd.exe\r\nFileVersion: 10.0.22621.5840 (WinBuild.160101.0800)\r\nDescription: Windows Command Processor\r\nProduct: Microsoft® Windows® Operating System\r\nCompany: Microsoft Corporation\r\nOriginalFileName: Cmd.Exe\r\nCommandLine: C:\\Windows\\system32\\cmd.exe /c \"powershell -NoProfile \"$ErrorActionPreference='silentlycontinue'; $tmp = (Get-Item -Path \"$env:PROGRAMFILES\\Microsoft\\Edge\\Application\\msedge.exe\").VersionInfo.FileVersion; if ($tmp) {echo $tmp; Exit;}; $tmp = (Get-Item -Path \"$env:PROGRAMFILES (x86)\\Microsoft\\Edge\\Application\\msedge.exe\").VersionInfo.FileVersion; if ($tmp) {echo $tmp; Exit;}; $tmp = (Get-ItemProperty -Path Registry::\"HKCU\\SOFTWARE\\Microsoft\\Edge\\BLBeacon\").version; if ($tmp) {echo $tmp; Exit;}; $tmp = (Get-ItemProperty -Path Registry::\"HKLM\\SOFTWARE\\Microsoft\\EdgeUpdate\\Clients\\{56EB18F8-8008-4CBD-B6D2-8C97FE7E9062}\").pv; if ($tmp) {echo $tmp; Exit;}; $tmp = (Get-Item -Path \"$env:LOCALAPPDATA\\Microsoft\\Edge Beta\\Application\\msedge.exe\").VersionInfo.FileVersion; if ($tmp) {echo $tmp; Exit;}; $tmp = (Get-Item -Path \"$env:PROGRAMFILES\\Microsoft\\Edge Beta\\Application\\msedge.exe\").VersionInfo.FileVersion; if ($tmp) {echo $tmp; Exit;}; $tmp = (Get-Item -Path \"$env:PROGRAMFILES (x86)\\Microsoft\\Edge Beta\\Application\\msedge.exe\").VersionInfo.FileVersion; if ($tmp) {echo $tmp; Exit;}; $tmp = (Get-ItemProperty -Path Registry::\"HKCU\\SOFTWARE\\Microsoft\\Edge Beta\\BLBeacon\").version; if ($tmp) {echo $tmp; Exit;}; $tmp = (Get-Item -Path \"$env:LOCALAPPDATA\\Microsoft\\Edge Dev\\Application\\msedge.exe\").VersionInfo.FileVersion; if ($tmp) {echo $tmp; Exit;}; $tmp = (Get-Item -Path \"$env:PROGRAMFILES\\Microsoft\\Edge Dev\\Application\\msedge.exe\").VersionInfo.FileVersion; if ($tmp) {echo $tmp; Exit;}; $tmp = (Get-Item -Path \"$env:PROGRAMFILES (x86)\\Microsoft\\Edge Dev\\Application\\msedge.exe\").VersionInfo.FileVersion; if ($tmp) {echo $tmp; Exit;}; $tmp = (Get-ItemProperty -Path Registry::\"HKCU\\SOFTWARE\\Microsoft\\Edge Dev\\BLBeacon\").version; if ($tmp) {echo $tmp; Exit;}; $tmp = (Get-Item -Path \"$env:LOCALAPPDATA\\Microsoft\\Edge SxS\\Application\\msedge.exe\").VersionInfo.FileVersion; if ($tmp) {echo $tmp; Exit;}; $tmp = (Get-ItemProperty -Path Registry::\"HKCU\\SOFTWARE\\Microsoft\\Edge SxS\\BLBeacon\").version; if ($tmp) {echo $tmp; Exit;}; $tmp = (Get-Item (Get-ItemProperty 'HKLM:\\SOFTWARE\\Microsoft\\Windows\\CurrentVersion\\App Paths\\msedge.exe').'(Default)').VersionInfo.ProductVersion; if ($tmp) {echo $tmp; Exit;}; $tmp = [System.Diagnostics.FileVersionInfo]::GetVersionInfo((Get-ItemProperty 'HKLM:\\SOFTWARE\\Microsoft\\Windows\\CurrentVersion\\App Paths\\msedge.exe').'(Default)').ProductVersion; if ($tmp) {echo $tmp; Exit;}; $tmp = Get-AppxPackage -Name *MicrosoftEdge.* | Foreach Version; if ($tmp) {echo $tmp; Exit;}; $tmp = (Get-ItemProperty -Path Registry::\"HKLM\\SOFTWARE\\Wow6432Node\\Microsoft\\Windows\\CurrentVersion\\Uninstall\\Microsoft Edge\").version; if ($tmp) {echo $tmp; Exit;};\"\"\r\nCurrentDirectory: C:\\Users\\Secretary\\user_behavior_generation\\worker\\\r\nUser: WINDEV2308EVAL\\Secretary\r\nLogonGuid: {de7f78ee-4b47-6982-f4f1-3d0000000000}\r\nLogonId: 0x3DF1F4\r\nTerminalSessionId: 2\r\nIntegrityLevel: Medium\r\nHashes: SHA256=ED1358CB5F7A7E4FA21E6B07EF1C6F664F0D363C60B4641AFF43F5602A0B3F6E\r\nParentProcessGuid: {de7f78ee-bff7-6982-ae08-000000001e00}\r\nParentProcessId: 2480\r\nParentImage: C:\\Users\\Secretary\\AppData\\Local\\Programs\\Python\\Python314\\python.exe\r\nParentCommandLine: .\\venv\\Scripts\\python.exe  smart_worker.py \"https://www.miur.gov.it/web/guest/notizie\" \"news\"\r\nParentUser: WINDEV2308EVAL\\Secretary\""},"eventdata":{"utcTime":"2026-02-04 03:41:47.824","processGuid":"{de7f78ee-bffb-6982-cf08-000000001e00}","processId":"5188","image":"C:\\\\Windows\\\\System32\\\\cmd.exe","fileVersion":"10.0.22621.5840 (WinBuild.160101.0800)","description":"Windows Command Processor","product":"Microsoft® Windows® Operating System","company":"Microsoft Corporation","originalFileName":"Cmd.Exe","commandLine":"C:\\\\Windows\\\\system32\\\\cmd.exe /c \\\"powershell -NoProfile \\\"$ErrorActionPreference='silentlycontinue'; $tmp = (Get-Item -Path \\\"$env:PROGRAMFILES\\\\Microsoft\\\\Edge\\\\Application\\\\msedge.exe\\\").VersionInfo.FileVersion; if ($tmp) {echo $tmp; Exit;}; $tmp = (Get-Item -Path \\\"$env:PROGRAMFILES (x86)\\\\Microsoft\\\\Edge\\\\Application\\\\msedge.exe\\\").VersionInfo.FileVersion; if ($tmp) {echo $tmp; Exit;}; $tmp = (Get-ItemProperty -Path Registry::\\\"HKCU\\\\SOFTWARE\\\\Microsoft\\\\Edge\\\\BLBeacon\\\").version; if ($tmp) {echo $tmp; Exit;}; $tmp = (Get-ItemProperty -Path Registry::\\\"HKLM\\\\SOFTWARE\\\\Microsoft\\\\EdgeUpdate\\\\Clients\\\\{56EB18F8-8008-4CBD-B6D2-8C97FE7E9062}\\\").pv; if ($tmp) {echo $tmp; Exit;}; $tmp = (Get-Item -Path \\\"$env:LOCALAPPDATA\\\\Microsoft\\\\Edge Beta\\\\Application\\\\msedge.exe\\\").VersionInfo.FileVersion; if ($tmp) {echo $tmp; Exit;}; $tmp = (Get-Item -Path \\\"$env:PROGRAMFILES\\\\Microsoft\\\\Edge Beta\\\\Application\\\\msedge.exe\\\").VersionInfo.FileVersion; if ($tmp) {echo $tmp; Exit;}; $tmp = (Get-Item -Path \\\"$env:PROGRAMFILES (x86)\\\\Microsoft\\\\Edge Beta\\\\Application\\\\msedge.exe\\\").VersionInfo.FileVersion; if ($tmp) {echo $tmp; Exit;}; $tmp = (Get-ItemProperty -Path Registry::\\\"HKCU\\\\SOFTWARE\\\\Microsoft\\\\Edge Beta\\\\BLBeacon\\\").version; if ($tmp) {echo $tmp; Exit;}; $tmp = (Get-Item -Path \\\"$env:LOCALAPPDATA\\\\Microsoft\\\\Edge Dev\\\\Application\\\\msedge.exe\\\").VersionInfo.FileVersion; if ($tmp) {echo $tmp; Exit;}; $tmp = (Get-Item -Path \\\"$env:PROGRAMFILES\\\\Microsoft\\\\Edge Dev\\\\Application\\\\msedge.exe\\\").VersionInfo.FileVersion; if ($tmp) {echo $tmp; Exit;}; $tmp = (Get-Item -Path \\\"$env:PROGRAMFILES (x86)\\\\Microsoft\\\\Edge Dev\\\\Application\\\\msedge.exe\\\").VersionInfo.FileVersion; if ($tmp) {echo $tmp; Exit;}; $tmp = (Get-ItemProperty -Path Registry::\\\"HKCU\\\\SOFTWARE\\\\Microsoft\\\\Edge Dev\\\\BLBeacon\\\").version; if ($tmp) {echo $tmp; Exit;}; $tmp = (Get-Item -Path \\\"$env:LOCALAPPDATA\\\\Microsoft\\\\Edge SxS\\\\Application\\\\msedge.exe\\\").VersionInfo.FileVersion; if ($tmp) {echo $tmp; Exit;}; $tmp = (Get-ItemProperty -Path Registry::\\\"HKCU\\\\SOFTWARE\\\\Microsoft\\\\Edge SxS\\\\BLBeacon\\\").version; if ($tmp) {echo $tmp; Exit;}; $tmp = (Get-Item (Get-ItemProperty 'HKLM:\\\\SOFTWARE\\\\Microsoft\\\\Windows\\\\CurrentVersion\\\\App Paths\\\\msedge.exe').'(Default)').VersionInfo.ProductVersion; if ($tmp) {echo $tmp; Exit;}; $tmp = [System.Diagnostics.FileVersionInfo]::GetVersionInfo((Get-ItemProperty 'HKLM:\\\\SOFTWARE\\\\Microsoft\\\\Windows\\\\CurrentVersion\\\\App Paths\\\\msedge.exe').'(Default)').ProductVersion; if ($tmp) {echo $tmp; Exit;}; $tmp = Get-AppxPackage -Name *MicrosoftEdge.* | Foreach Version; if ($tmp) {echo $tmp; Exit;}; $tmp = (Get-ItemProperty -Path Registry::\\\"HKLM\\\\SOFTWARE\\\\Wow6432Node\\\\Microsoft\\\\Windows\\\\CurrentVersion\\\\Uninstall\\\\Microsoft Edge\\\").version; if ($tmp) {echo $tmp; Exit;};\\\"\\\"","currentDirectory":"C:\\\\Users\\\\Secretary\\\\user_behavior_generation\\\\worker\\\\","user":"WINDEV2308EVAL\\\\Secretary","logonGuid":"{de7f78ee-4b47-6982-f4f1-3d0000000000}","logonId":"0x3df1f4","terminalSessionId":"2","integrityLevel":"Medium","hashes":"SHA256=ED1358CB5F7A7E4FA21E6B07EF1C6F664F0D363C60B4641AFF43F5602A0B3F6E","parentProcessGuid":"{de7f78ee-bff7-6982-ae08-000000001e00}","parentProcessId":"2480","parentImage":"C:\\\\Users\\\\Secretary\\\\AppData\\\\Local\\\\Programs\\\\Python\\\\Python314\\\\python.exe","parentCommandLine":".\\\\venv\\\\Scripts\\\\python.exe  smart_worker.py \\\"https://www.miur.gov.it/web/guest/notizie\\\" \\\"news\\\"","parentUser":"WINDEV2308EVAL\\\\Secretary"}}}
2026 Feb 03 20:43:11 (OPNsense.localdomain) any->syscollector {"data":{"architecture":"amd64","checksum":"3422b97f8fc5068ab03e1c8ad5ee0d7c5f88e2a1","description":"Manage locks from shell scripts","format":"pkg","groups":" ","install_time":"1721738635","item_id":"3d7ca82715cf6aa652cec78557ad0145fd26a26e","location":" ","name":"flock","priority":" ","scan_time":"2026/02/03 19:12:07","size":"57724","source":"OPNsense","vendor":"franco@opnsense.org","version":"2.37.2_1"},"operation":"MODIFIED","type":"dbsync_packages"}
2026 Feb 03 20:43:11 (Secretary-Windows) any->EventChannel {"win":{"system":{"providerName":"Microsoft-Windows-Sysmon","providerGuid":"{5770385f-c22a-43e0-bf4c-06f5698ffbd9}","eventID":"1","version":"5","level":"4","task":"1","opcode":"0","keywords":"0x8000000000000000","systemTime":"2026-02-04T03:41:47.8697575Z","eventRecordID":"2890","processID":"2824","threadID":"3588","channel":"Microsoft-Windows-Sysmon/Operational","computer":"WinDev2308Eval","severityValue":"INFORMATION","message":"\"Process Create:\r\nRuleName: -\r\nUtcTime: 2026-02-04 03:41:47.855\r\nProcessGuid: {de7f78ee-bffb-6982-d008-000000001e00}\r\nProcessId: 5884\r\nImage: C:\\Windows\\System32\\WindowsPowerShell\\v1.0\\powershell.exe\r\nFileVersion: 10.0.22621.3085 (WinBuild.160101.0800)\r\nDescription: Windows PowerShell\r\nProduct: Microsoft® Windows® Operating System\r\nCompany: Microsoft Corporation\r\nOriginalFileName: PowerShell.EXE\r\nCommandLine: powershell  -NoProfile \"$ErrorActionPreference='silentlycontinue'; $tmp = (Get-Item -Path \"$env:PROGRAMFILES\\Microsoft\\Edge\\Application\\msedge.exe\").VersionInfo.FileVersion; if ($tmp) {echo $tmp; Exit;}; $tmp = (Get-Item -Path \"$env:PROGRAMFILES (x86)\\Microsoft\\Edge\\Application\\msedge.exe\").VersionInfo.FileVersion; if ($tmp) {echo $tmp; Exit;}; $tmp = (Get-ItemProperty -Path Registry::\"HKCU\\SOFTWARE\\Microsoft\\Edge\\BLBeacon\").version; if ($tmp) {echo $tmp; Exit;}; $tmp = (Get-ItemProperty -Path Registry::\"HKLM\\SOFTWARE\\Microsoft\\EdgeUpdate\\Clients\\{56EB18F8-8008-4CBD-B6D2-8C97FE7E9062}\").pv; if ($tmp) {echo $tmp; Exit;}; $tmp = (Get-Item -Path \"$env:LOCALAPPDATA\\Microsoft\\Edge Beta\\Application\\msedge.exe\").VersionInfo.FileVersion; if ($tmp) {echo $tmp; Exit;}; $tmp = (Get-Item -Path \"$env:PROGRAMFILES\\Microsoft\\Edge Beta\\Application\\msedge.exe\").VersionInfo.FileVersion; if ($tmp) {echo $tmp; Exit;}; $tmp = (Get-Item -Path \"$env:PROGRAMFILES (x86)\\Microsoft\\Edge Beta\\Application\\msedge.exe\").VersionInfo.FileVersion; if ($tmp) {echo $tmp; Exit;}; $tmp = (Get-ItemProperty -Path Registry::\"HKCU\\SOFTWARE\\Microsoft\\Edge Beta\\BLBeacon\").version; if ($tmp) {echo $tmp; Exit;}; $tmp = (Get-Item -Path \"$env:LOCALAPPDATA\\Microsoft\\Edge Dev\\Application\\msedge.exe\").VersionInfo.FileVersion; if ($tmp) {echo $tmp; Exit;}; $tmp = (Get-Item -Path \"$env:PROGRAMFILES\\Microsoft\\Edge Dev\\Application\\msedge.exe\").VersionInfo.FileVersion; if ($tmp) {echo $tmp; Exit;}; $tmp = (Get-Item -Path \"$env:PROGRAMFILES (x86)\\Microsoft\\Edge Dev\\Application\\msedge.exe\").VersionInfo.FileVersion; if ($tmp) {echo $tmp; Exit;}; $tmp = (Get-ItemProperty -Path Registry::\"HKCU\\SOFTWARE\\Microsoft\\Edge Dev\\BLBeacon\").version; if ($tmp) {echo $tmp; Exit;}; $tmp = (Get-Item -Path \"$env:LOCALAPPDATA\\Microsoft\\Edge SxS\\Application\\msedge.exe\").VersionInfo.FileVersion; if ($tmp) {echo $tmp; Exit;}; $tmp = (Get-ItemProperty -Path Registry::\"HKCU\\SOFTWARE\\Microsoft\\Edge SxS\\BLBeacon\").version; if ($tmp) {echo $tmp; Exit;}; $tmp = (Get-Item (Get-ItemProperty 'HKLM:\\SOFTWARE\\Microsoft\\Windows\\CurrentVersion\\App Paths\\msedge.exe').'(Default)').VersionInfo.ProductVersion; if ($tmp) {echo $tmp; Exit;}; $tmp = [System.Diagnostics.FileVersionInfo]::GetVersionInfo((Get-ItemProperty 'HKLM:\\SOFTWARE\\Microsoft\\Windows\\CurrentVersion\\App Paths\\msedge.exe').'(Default)').ProductVersion; if ($tmp) {echo $tmp; Exit;}; $tmp = Get-AppxPackage -Name *MicrosoftEdge.* | Foreach Version; if ($tmp) {echo $tmp; Exit;}; $tmp = (Get-ItemProperty -Path Registry::\"HKLM\\SOFTWARE\\Wow6432Node\\Microsoft\\Windows\\CurrentVersion\\Uninstall\\Microsoft Edge\").version; if ($tmp) {echo $tmp; Exit;};\"\r\nCurrentDirectory: C:\\Users\\Secretary\\user_behavior_generation\\worker\\\r\nUser: WINDEV2308EVAL\\Secretary\r\nLogonGuid: {de7f78ee-4b47-6982-f4f1-3d0000000000}\r\nLogonId: 0x3DF1F4\r\nTerminalSessionId: 2\r\nIntegrityLevel: Medium\r\nHashes: SHA256=3247BCFD60F6DD25F34CB74B5889AB10EF1B3EC72B4D4B3D95B5B25B534560B8\r\nParentProcessGuid: {de7f78ee-bffb-6982-cf08-000000001e00}\r\nParentProcessId: 5188\r\nParentImage: C:\\Windows\\System32\\cmd.exe\r\nParentCommandLine: C:\\Windows\\system32\\cmd.exe /c \"powershell -NoProfile \"$ErrorActionPreference='silentlycontinue'; $tmp = (Get-Item -Path \"$env:PROGRAMFILES\\Microsoft\\Edge\\Application\\msedge.exe\").VersionInfo.FileVersion; if ($tmp) {echo $tmp; Exit;}; $tmp = (Get-Item -Path \"$env:PROGRAMFILES (x86)\\Microsoft\\Edge\\Application\\msedge.exe\").VersionInfo.FileVersion; if ($tmp) {echo $tmp; Exit;}; $tmp = (Get-ItemProperty -Path Registry::\"HKCU\\SOFTWARE\\Microsoft\\Edge\\BLBeacon\").version; if ($tmp) {echo $tmp; Exit;}; $tmp = (Get-ItemProperty -Path Registry::\"HKLM\\SOFTWARE\\Microsoft\\EdgeUpdate\\Clients\\{56EB18F8-8008-4CBD-B6D2-8C97FE7E9062}\").pv; if ($tmp) {echo $tmp; Exit;}; $tmp = (Get-Item -Path \"$env:LOCALAPPDATA\\Microsoft\\Edge Beta\\Application\\msedge.exe\").VersionInfo.FileVersion; if ($tmp) {echo $tmp; Exit;}; $tmp = (Get-Item -Path \"$env:PROGRAMFILES\\Microsoft\\Edge Beta\\Application\\msedge.exe\").VersionInfo.FileVersion; if ($tmp) {echo $tmp; Exit;}; $tmp = (Get-Item -Path \"$env:PROGRAMFILES (x86)\\Microsoft\\Edge Beta\\Application\\msedge.exe\").VersionInfo.FileVersion; if ($tmp) {echo $tmp; Exit;}; $tmp = (Get-ItemProperty -Path Registry::\"HKCU\\SOFTWARE\\Microsoft\\Edge Beta\\BLBeacon\").version; if ($tmp) {echo $tmp; Exit;}; $tmp = (Get-Item -Path \"$env:LOCALAPPDATA\\Microsoft\\Edge Dev\\Application\\msedge.exe\").VersionInfo.FileVersion; if ($tmp) {echo $tmp; Exit;}; $tmp = (Get-Item -Path \"$env:PROGRAMFILES\\Microsoft\\Edge Dev\\Application\\msedge.exe\").VersionInfo.FileVersion; if ($tmp) {echo $tmp; Exit;}; $tmp = (Get-Item -Path \"$env:PROGRAMFILES (x86)\\Microsoft\\Edge Dev\\Application\\msedge.exe\").VersionInfo.FileVersion; if ($tmp) {echo $tmp; Exit;}; $tmp = (Get-ItemProperty -Path Registry::\"HKCU\\SOFTWARE\\Microsoft\\Edge Dev\\BLBeacon\").version; if ($tmp) {echo $tmp; Exit;}; $tmp = (Get-Item -Path \"$env:LOCALAPPDATA\\Microsoft\\Edge SxS\\Application\\msedge.exe\").VersionInfo.FileVersion; if ($tmp) {echo $tmp; Exit;}; $tmp = (Get-ItemProperty -Path Registry::\"HKCU\\SOFTWARE\\Microsoft\\Edge SxS\\BLBeacon\").version; if ($tmp) {echo $tmp; Exit;}; $tmp = (Get-Item (Get-ItemProperty 'HKLM:\\SOFTWARE\\Microsoft\\Windows\\CurrentVersion\\App Paths\\msedge.exe').'(Default)').VersionInfo.ProductVersion; if ($tmp) {echo $tmp; Exit;}; $tmp = [System.Diagnostics.FileVersionInfo]::GetVersionInfo((Get-ItemProperty 'HKLM:\\SOFTWARE\\Microsoft\\Windows\\CurrentVersion\\App Paths\\msedge.exe').'(Default)').ProductVersion; if ($tmp) {echo $tmp; Exit;}; $tmp = Get-AppxPackage -Name *MicrosoftEdge.* | Foreach Version; if ($tmp) {echo $tmp; Exit;}; $tmp = (Get-ItemProperty -Path Registry::\"HKLM\\SOFTWARE\\Wow6432Node\\Microsoft\\Windows\\CurrentVersion\\Uninstall\\Microsoft Edge\").version; if ($tmp) {echo $tmp; Exit;};\"\"\r\nParentUser: WINDEV2308EVAL\\Secretary\""},"eventdata":{"utcTime":"2026-02-04 03:41:47.855","processGuid":"{de7f78ee-bffb-6982-d008-000000001e00}","processId":"5884","image":"C:\\\\Windows\\\\System32\\\\WindowsPowerShell\\\\v1.0\\\\powershell.exe","fileVersion":"10.0.22621.3085 (WinBuild.160101.0800)","description":"Windows PowerShell","product":"Microsoft® Windows® Operating System","company":"Microsoft Corporation","originalFileName":"PowerShell.EXE","commandLine":"powershell  -NoProfile \\\"$ErrorActionPreference='silentlycontinue'; $tmp = (Get-Item -Path \\\"$env:PROGRAMFILES\\\\Microsoft\\\\Edge\\\\Application\\\\msedge.exe\\\").VersionInfo.FileVersion; if ($tmp) {echo $tmp; Exit;}; $tmp = (Get-Item -Path \\\"$env:PROGRAMFILES (x86)\\\\Microsoft\\\\Edge\\\\Application\\\\msedge.exe\\\").VersionInfo.FileVersion; if ($tmp) {echo $tmp; Exit;}; $tmp = (Get-ItemProperty -Path Registry::\\\"HKCU\\\\SOFTWARE\\\\Microsoft\\\\Edge\\\\BLBeacon\\\").version; if ($tmp) {echo $tmp; Exit;}; $tmp = (Get-ItemProperty -Path Registry::\\\"HKLM\\\\SOFTWARE\\\\Microsoft\\\\EdgeUpdate\\\\Clients\\\\{56EB18F8-8008-4CBD-B6D2-8C97FE7E9062}\\\").pv; if ($tmp) {echo $tmp; Exit;}; $tmp = (Get-Item -Path \\\"$env:LOCALAPPDATA\\\\Microsoft\\\\Edge Beta\\\\Application\\\\msedge.exe\\\").VersionInfo.FileVersion; if ($tmp) {echo $tmp; Exit;}; $tmp = (Get-Item -Path \\\"$env:PROGRAMFILES\\\\Microsoft\\\\Edge Beta\\\\Application\\\\msedge.exe\\\").VersionInfo.FileVersion; if ($tmp) {echo $tmp; Exit;}; $tmp = (Get-Item -Path \\\"$env:PROGRAMFILES (x86)\\\\Microsoft\\\\Edge Beta\\\\Application\\\\msedge.exe\\\").VersionInfo.FileVersion; if ($tmp) {echo $tmp; Exit;}; $tmp = (Get-ItemProperty -Path Registry::\\\"HKCU\\\\SOFTWARE\\\\Microsoft\\\\Edge Beta\\\\BLBeacon\\\").version; if ($tmp) {echo $tmp; Exit;}; $tmp = (Get-Item -Path \\\"$env:LOCALAPPDATA\\\\Microsoft\\\\Edge Dev\\\\Application\\\\msedge.exe\\\").VersionInfo.FileVersion; if ($tmp) {echo $tmp; Exit;}; $tmp = (Get-Item -Path \\\"$env:PROGRAMFILES\\\\Microsoft\\\\Edge Dev\\\\Application\\\\msedge.exe\\\").VersionInfo.FileVersion; if ($tmp) {echo $tmp; Exit;}; $tmp = (Get-Item -Path \\\"$env:PROGRAMFILES (x86)\\\\Microsoft\\\\Edge Dev\\\\Application\\\\msedge.exe\\\").VersionInfo.FileVersion; if ($tmp) {echo $tmp; Exit;}; $tmp = (Get-ItemProperty -Path Registry::\\\"HKCU\\\\SOFTWARE\\\\Microsoft\\\\Edge Dev\\\\BLBeacon\\\").version; if ($tmp) {echo $tmp; Exit;}; $tmp = (Get-Item -Path \\\"$env:LOCALAPPDATA\\\\Microsoft\\\\Edge SxS\\\\Application\\\\msedge.exe\\\").VersionInfo.FileVersion; if ($tmp) {echo $tmp; Exit;}; $tmp = (Get-ItemProperty -Path Registry::\\\"HKCU\\\\SOFTWARE\\\\Microsoft\\\\Edge SxS\\\\BLBeacon\\\").version; if ($tmp) {echo $tmp; Exit;}; $tmp = (Get-Item (Get-ItemProperty 'HKLM:\\\\SOFTWARE\\\\Microsoft\\\\Windows\\\\CurrentVersion\\\\App Paths\\\\msedge.exe').'(Default)').VersionInfo.ProductVersion; if ($tmp) {echo $tmp; Exit;}; $tmp = [System.Diagnostics.FileVersionInfo]::GetVersionInfo((Get-ItemProperty 'HKLM:\\\\SOFTWARE\\\\Microsoft\\\\Windows\\\\CurrentVersion\\\\App Paths\\\\msedge.exe').'(Default)').ProductVersion; if ($tmp) {echo $tmp; Exit;}; $tmp = Get-AppxPackage -Name *MicrosoftEdge.* | Foreach Version; if ($tmp) {echo $tmp; Exit;}; $tmp = (Get-ItemProperty -Path Registry::\\\"HKLM\\\\SOFTWARE\\\\Wow6432Node\\\\Microsoft\\\\Windows\\\\CurrentVersion\\\\Uninstall\\\\Microsoft Edge\\\").version; if ($tmp) {echo $tmp; Exit;};\\\"","currentDirectory":"C:\\\\Users\\\\Secretary\\\\user_behavior_generation\\\\worker\\\\","user":"WINDEV2308EVAL\\\\Secretary","logonGuid":"{de7f78ee-4b47-6982-f4f1-3d0000000000}","logonId":"0x3df1f4","terminalSessionId":"2","integrityLevel":"Medium","hashes":"SHA256=3247BCFD60F6DD25F34CB74B5889AB10EF1B3EC72B4D4B3D95B5B25B534560B8","parentProcessGuid":"{de7f78ee-bffb-6982-cf08-000000001e00}","parentProcessId":"5188","parentImage":"C:\\\\Windows\\\\System32\\\\cmd.exe","parentCommandLine":"C:\\\\Windows\\\\system32\\\\cmd.exe /c \\\"powershell -NoProfile \\\"$ErrorActionPreference='silentlycontinue'; $tmp = (Get-Item -Path \\\"$env:PROGRAMFILES\\\\Microsoft\\\\Edge\\\\Application\\\\msedge.exe\\\").VersionInfo.FileVersion; if ($tmp) {echo $tmp; Exit;}; $tmp = (Get-Item -Path \\\"$env:PROGRAMFILES (x86)\\\\Microsoft\\\\Edge\\\\Application\\\\msedge.exe\\\").VersionInfo.FileVersion; if ($tmp) {echo $tmp; Exit;}; $tmp = (Get-ItemProperty -Path Registry::\\\"HKCU\\\\SOFTWARE\\\\Microsoft\\\\Edge\\\\BLBeacon\\\").version; if ($tmp) {echo $tmp; Exit;}; $tmp = (Get-ItemProperty -Path Registry::\\\"HKLM\\\\SOFTWARE\\\\Microsoft\\\\EdgeUpdate\\\\Clients\\\\{56EB18F8-8008-4CBD-B6D2-8C97FE7E9062}\\\").pv; if ($tmp) {echo $tmp; Exit;}; $tmp = (Get-Item -Path \\\"$env:LOCALAPPDATA\\\\Microsoft\\\\Edge Beta\\\\Application\\\\msedge.exe\\\").VersionInfo.FileVersion; if ($tmp) {echo $tmp; Exit;}; $tmp = (Get-Item -Path \\\"$env:PROGRAMFILES\\\\Microsoft\\\\Edge Beta\\\\Application\\\\msedge.exe\\\").VersionInfo.FileVersion; if ($tmp) {echo $tmp; Exit;}; $tmp = (Get-Item -Path \\\"$env:PROGRAMFILES (x86)\\\\Microsoft\\\\Edge Beta\\\\Application\\\\msedge.exe\\\").VersionInfo.FileVersion; if ($tmp) {echo $tmp; Exit;}; $tmp = (Get-ItemProperty -Path Registry::\\\"HKCU\\\\SOFTWARE\\\\Microsoft\\\\Edge Beta\\\\BLBeacon\\\").version; if ($tmp) {echo $tmp; Exit;}; $tmp = (Get-Item -Path \\\"$env:LOCALAPPDATA\\\\Microsoft\\\\Edge Dev\\\\Application\\\\msedge.exe\\\").VersionInfo.FileVersion; if ($tmp) {echo $tmp; Exit;}; $tmp = (Get-Item -Path \\\"$env:PROGRAMFILES\\\\Microsoft\\\\Edge Dev\\\\Application\\\\msedge.exe\\\").VersionInfo.FileVersion; if ($tmp) {echo $tmp; Exit;}; $tmp = (Get-Item -Path \\\"$env:PROGRAMFILES (x86)\\\\Microsoft\\\\Edge Dev\\\\Application\\\\msedge.exe\\\").VersionInfo.FileVersion; if ($tmp) {echo $tmp; Exit;}; $tmp = (Get-ItemProperty -Path Registry::\\\"HKCU\\\\SOFTWARE\\\\Microsoft\\\\Edge Dev\\\\BLBeacon\\\").version; if ($tmp) {echo $tmp; Exit;}; $tmp = (Get-Item -Path \\\"$env:LOCALAPPDATA\\\\Microsoft\\\\Edge SxS\\\\Application\\\\msedge.exe\\\").VersionInfo.FileVersion; if ($tmp) {echo $tmp; Exit;}; $tmp = (Get-ItemProperty -Path Registry::\\\"HKCU\\\\SOFTWARE\\\\Microsoft\\\\Edge SxS\\\\BLBeacon\\\").version; if ($tmp) {echo $tmp; Exit;}; $tmp = (Get-Item (Get-ItemProperty 'HKLM:\\\\SOFTWARE\\\\Microsoft\\\\Windows\\\\CurrentVersion\\\\App Paths\\\\msedge.exe').'(Default)').VersionInfo.ProductVersion; if ($tmp) {echo $tmp; Exit;}; $tmp = [System.Diagnostics.FileVersionInfo]::GetVersionInfo((Get-ItemProperty 'HKLM:\\\\SOFTWARE\\\\Microsoft\\\\Windows\\\\CurrentVersion\\\\App Paths\\\\msedge.exe').'(Default)').ProductVersion; if ($tmp) {echo $tmp; Exit;}; $tmp = Get-AppxPackage -Name *MicrosoftEdge.* | Foreach Version; if ($tmp) {echo $tmp; Exit;}; $tmp = (Get-ItemProperty -Path Registry::\\\"HKLM\\\\SOFTWARE\\\\Wow6432Node\\\\Microsoft\\\\Windows\\\\CurrentVersion\\\\Uninstall\\\\Microsoft Edge\\\").version; if ($tmp) {echo $tmp; Exit;};\\\"\\\"","parentUser":"WINDEV2308EVAL\\\\Secretary"}}}
2026 Feb 03 20:43:11 (Secretary-Windows) any->EventChannel {"win":{"system":{"providerName":"Microsoft-Windows-Sysmon","providerGuid":"{5770385f-c22a-43e0-bf4c-06f5698ffbd9}","eventID":"5","version":"3","level":"4","task":"5","opcode":"0","keywords":"0x8000000000000000","systemTime":"2026-02-04T03:41:48.9267094Z","eventRecordID":"2891","processID":"2824","threadID":"3588","channel":"Microsoft-Windows-Sysmon/Operational","computer":"WinDev2308Eval","severityValue":"INFORMATION","message":"\"Process terminated:\r\nRuleName: -\r\nUtcTime: 2026-02-04 03:41:48.923\r\nProcessGuid: {de7f78ee-bffb-6982-d008-000000001e00}\r\nProcessId: 5884\r\nImage: C:\\Windows\\System32\\WindowsPowerShell\\v1.0\\powershell.exe\r\nUser: WINDEV2308EVAL\\Secretary\""},"eventdata":{"utcTime":"2026-02-04 03:41:48.923","processGuid":"{de7f78ee-bffb-6982-d008-000000001e00}","processId":"5884","image":"C:\\\\Windows\\\\System32\\\\WindowsPowerShell\\\\v1.0\\\\powershell.exe","user":"WINDEV2308EVAL\\\\Secretary"}}}
2026 Feb 03 20:43:11 (Secretary-Windows) any->EventChannel {"win":{"system":{"providerName":"Microsoft-Windows-Sysmon","providerGuid":"{5770385f-c22a-43e0-bf4c-06f5698ffbd9}","eventID":"5","version":"3","level":"4","task":"5","opcode":"0","keywords":"0x8000000000000000","systemTime":"2026-02-04T03:41:48.9419109Z","eventRecordID":"2892","processID":"2824","threadID":"3588","channel":"Microsoft-Windows-Sysmon/Operational","computer":"WinDev2308Eval","severityValue":"INFORMATION","message":"\"Process terminated:\r\nRuleName: -\r\nUtcTime: 2026-02-04 03:41:48.938\r\nProcessGuid: {de7f78ee-bffb-6982-cf08-000000001e00}\r\nProcessId: 5188\r\nImage: C:\\Windows\\System32\\cmd.exe\r\nUser: WINDEV2308EVAL\\Secretary\""},"eventdata":{"utcTime":"2026-02-04 03:41:48.938","processGuid":"{de7f78ee-bffb-6982-cf08-000000001e00}","processId":"5188","image":"C:\\\\Windows\\\\System32\\\\cmd.exe","user":"WINDEV2308EVAL\\\\Secretary"}}}
