2026 Feb 03 20:43:13 (Secretary-Windows) any->EventChannel {"win":{"system":{"providerName":"Microsoft-Windows-Sysmon","providerGuid":"{5770385f-c22a-43e0-bf4c-06f5698ffbd9}","eventID":"1","version":"5","level":"4","task":"1","opcode":"0","keywords":"0x8000000000000000","systemTime":"2026-02-04T03:52:40.1495489Z","eventRecordID":"2985","processID":"2824","threadID":"3588","channel":"Microsoft-Windows-Sysmon/Operational","computer":"WinDev2308Eval","severityValue":"INFORMATION","message":"\"Process Create:\r\nRuleName: -\r\nUtcTime: 2026-02-04 03:52:40.131\r\nProcessGuid: {de7f78ee-c288-6982-fb08-000000001e00}\r\nProcessId: 2116\r\nImage: C:\\Windows\\System32\\cmd.exe\r\nFileVersion: 10.0.22621.5840 (WinBuild.160101.0800)\r\nDescription: Windows Command Processor\r\nProduct: Microsoft® Windows® Operating System\r\nCompany: Microsoft Corporation\r\nOriginalFileName: Cmd.Exe\r\nCommandLine: c:\\windows\\system32\\cmd.exe /c C:\\Users\\Secretary\\user_behavior_generation\\worker\\browser_task.bat C:\\Users\\Secretary\\Downloads\\calendar.pdf print\r\nCurrentDirectory: C:\\Users\\Secretary\\\r\nUser: WINDEV2308EVAL\\Secretary\r\nLogonGuid: {de7f78ee-c287-6982-951a-fd0000000000}\r\nLogonId: 0xFD1A95\r\nTerminalSessionId: 0\r\nIntegrityLevel: High\r\nHashes: SHA256=ED1358CB5F7A7E4FA21E6B07EF1C6F664F0D363C60B4641AFF43F5602A0B3F6E\r\nParentProcessGuid: {de7f78ee-c288-6982-fa08-000000001e00}\r\nParentProcessId: 1212\r\nParentImage: C:\\Windows\\System32\\conhost.exe\r\nParentCommandLine: C:\\Windows\\system32\\conhost.exe --headless --width 0 --height 0 --signal 0x214 -- \"c:\\windows\\system32\\cmd.exe\" /c C:\\Users\\Secretary\\user_behavior_generation\\worker\\browser_task.bat C:\\Users\\Secretary\\Downloads\\calendar.pdf print\r\nParentUser: WINDEV2308EVAL\\Secretary\""},"eventdata":{"utcTime":"2026-02-04 03:52:40.131","processGuid":"{de7f78ee-c288-6982-fb08-000000001e00}","processId":"2116","image":"C:\\\\Windows\\\\System32\\\\cmd.exe","fileVersion":"10.0.22621.5840 (WinBuild.160101.0800)","description":"Windows Command Processor","product":"Microsoft® Windows® Operating System","company":"Microsoft Corporation","originalFileName":"Cmd.Exe","commandLine":"c:\\\\windows\\\\system32\\\\cmd.exe /c C:\\\\Users\\\\Secretary\\\\user_behavior_generation\\\\worker\\\\browser_task.bat C:\\\\Users\\\\Secretary\\\\Downloads\\\\calendar.pdf print","currentDirectory":"C:\\\\Users\\\\Secretary\\\\","user":"WINDEV2308EVAL\\\\Secretary","logonGuid":"{de7f78ee-c287-6982-951a-fd0000000000}","logonId":"0xfd1a95","terminalSessionId":"0","integrityLevel":"High","hashes":"SHA256=ED1358CB5F7A7E4FA21E6B07EF1C6F664F0D363C60B4641AFF43F5602A0B3F6E","parentProcessGuid":"{de7f78ee-c288-6982-fa08-000000001e00}","parentProcessId":"1212","parentImage":"C:\\\\Windows\\\\System32\\\\conhost.exe","parentCommandLine":"C:\\\\Windows\\\\system32\\\\conhost.exe --headless --width 0 --height 0 --signal 0x214 -- \\\"c:\\\\windows\\\\system32\\\\cmd.exe\\\" /c C:\\\\Users\\\\Secretary\\\\user_behavior_generation\\\\worker\\\\browser_task.bat C:\\\\Users\\\\Secretary\\\\Downloads\\\\calendar.pdf print","parentUser":"WINDEV2308EVAL\\\\Secretary"}}}
2026 Feb 03 20:43:13 (OPNsense.localdomain) any->syscollector {"data":{"architecture":"amd64","checksum":"829018b04b45ebfb9226127e80e50e2d0dfb53fc","description":"C library for encoding, decoding, and manipulating JSON data","format":"pkg","groups":" ","install_time":"1721738679","item_id":"20d484d73fee44902b2288eb20c4da8d749866fd","location":" ","name":"jansson","priority":" ","scan_time":"2026/02/03 19:12:07","size":"208482","source":"OPNsense","vendor":"vanilla@FreeBSD.org","version":"2.14"},"operation":"MODIFIED","type":"dbsync_packages"}
2026 Feb 03 20:43:13 (Secretary-Windows) any->EventChannel {"win":{"system":{"providerName":"Microsoft-Windows-Sysmon","providerGuid":"{5770385f-c22a-43e0-bf4c-06f5698ffbd9}","eventID":"1","version":"5","level":"4","task":"1","opcode":"0","keywords":"0x8000000000000000","systemTime":"2026-02-04T03:52:40.2582283Z","eventRecordID":"2986","processID":"2824","threadID":"3588","channel":"Microsoft-Windows-Sysmon/Operational","computer":"WinDev2308Eval","severityValue":"INFORMATION","message":"\"Process Create:\r\nRuleName: -\r\nUtcTime: 2026-02-04 03:52:40.233\r\nProcessGuid: {de7f78ee-c288-6982-fc08-000000001e00}\r\nProcessId: 3076\r\nImage: C:\\Windows\\System32\\schtasks.exe\r\nFileVersion: 10.0.22621.5983 (WinBuild.160101.0800)\r\nDescription: Task Scheduler Configuration Tool\r\nProduct: Microsoft® Windows® Operating System\r\nCompany: Microsoft Corporation\r\nOriginalFileName: schtasks.exe\r\nCommandLine: schtasks  /run /tn OpenBrowser\r\nCurrentDirectory: C:\\Users\\Secretary\\\r\nUser: WINDEV2308EVAL\\Secretary\r\nLogonGuid: {de7f78ee-c287-6982-951a-fd0000000000}\r\nLogonId: 0xFD1A95\r\nTerminalSessionId: 0\r\nIntegrityLevel: High\r\nHashes: SHA256=9A4E7E5B7DB54128308AF8CB5605DA371B460D092D49F10A735A2C67372A185A\r\nParentProcessGuid: {de7f78ee-c288-6982-fb08-000000001e00}\r\nParentProcessId: 2116\r\nParentImage: C:\\Windows\\System32\\cmd.exe\r\nParentCommandLine: c:\\windows\\system32\\cmd.exe /c C:\\Users\\Secretary\\user_behavior_generation\\worker\\browser_task.bat C:\\Users\\Secretary\\Downloads\\calendar.pdf print\r\nParentUser: WINDEV2308EVAL\\Secretary\""},"eventdata":{"utcTime":"2026-02-04 03:52:40.233","processGuid":"{de7f78ee-c288-6982-fc08-000000001e00}","processId":"3076","image":"C:\\\\Windows\\\\System32\\\\schtasks.exe","fileVersion":"10.0.22621.5983 (WinBuild.160101.0800)","description":"Task Scheduler Configuration Tool","product":"Microsoft® Windows® Operating System","company":"Microsoft Corporation","originalFileName":"schtasks.exe","commandLine":"schtasks  /run /tn OpenBrowser","currentDirectory":"C:\\\\Users\\\\Secretary\\\\","user":"WINDEV2308EVAL\\\\Secretary","logonGuid":"{de7f78ee-c287-6982-951a-fd0000000000}","logonId":"0xfd1a95","terminalSessionId":"0","integrityLevel":"High","hashes":"SHA256=9A4E7E5B7DB54128308AF8CB5605DA371B460D092D49F10A735A2C67372A185A","parentProcessGuid":"{de7f78ee-c288-6982-fb08-000000001e00}","parentProcessId":"2116","parentImage":"C:\\\\Windows\\\\System32\\\\cmd.exe","parentCommandLine":"c:\\\\windows\\\\system32\\\\cmd.exe /c C:\\\\Users\\\\Secretary\\\\user_behavior_generation\\\\worker\\\\browser_task.bat C:\\\\Users\\\\Secretary\\\\Downloads\\\\calendar.pdf print","parentUser":"WINDEV2308EVAL\\\\Secretary"}}}
2026 Feb 03 20:43:13 (Secretary-Windows) any->EventChannel {"win":{"system":{"providerName":"Microsoft-Windows-Sysmon","providerGuid":"{5770385f-c22a-43e0-bf4c-06f5698ffbd9}","eventID":"5","version":"3","level":"4","task":"5","opcode":"0","keywords":"0x8000000000000000","systemTime":"2026-02-04T03:52:40.3253494Z","eventRecordID":"2987","processID":"2824","threadID":"3588","channel":"Microsoft-Windows-Sysmon/Operational","computer":"WinDev2308Eval","severityValue":"INFORMATION","message":"\"Process terminated:\r\nRuleName: -\r\nUtcTime: 2026-02-04 03:52:40.311\r\nProcessGuid: {de7f78ee-c288-6982-fc08-000000001e00}\r\nProcessId: 3076\r\nImage: C:\\Windows\\System32\\schtasks.exe\r\nUser: WINDEV2308EVAL\\Secretary\""},"eventdata":{"utcTime":"2026-02-04 03:52:40.311","processGuid":"{de7f78ee-c288-6982-fc08-000000001e00}","processId":"3076","image":"C:\\\\Windows\\\\System32\\\\schtasks.exe","user":"WINDEV2308EVAL\\\\Secretary"}}}
2026 Feb 03 20:43:13 (Secretary-Windows) any->EventChannel {"win":{"system":{"providerName":"Microsoft-Windows-Sysmon","providerGuid":"{5770385f-c22a-43e0-bf4c-06f5698ffbd9}","eventID":"1","version":"5","level":"4","task":"1","opcode":"0","keywords":"0x8000000000000000","systemTime":"2026-02-04T03:52:40.3397556Z","eventRecordID":"2988","processID":"2824","threadID":"3588","channel":"Microsoft-Windows-Sysmon/Operational","computer":"WinDev2308Eval","severityValue":"INFORMATION","message":"\"Process Create:\r\nRuleName: -\r\nUtcTime: 2026-02-04 03:52:40.333\r\nProcessGuid: {de7f78ee-c288-6982-fd08-000000001e00}\r\nProcessId: 4456\r\nImage: C:\\Windows\\System32\\cmd.exe\r\nFileVersion: 10.0.22621.5840 (WinBuild.160101.0800)\r\nDescription: Windows Command Processor\r\nProduct: Microsoft® Windows® Operating System\r\nCompany: Microsoft Corporation\r\nOriginalFileName: Cmd.Exe\r\nCommandLine: C:\\Windows\\SYSTEM32\\cmd.exe /c \"\"C:\\Users\\Secretary\\user_behavior_generation\\worker\\browser_task.bat\"\"\r\nCurrentDirectory: C:\\Windows\\system32\\\r\nUser: WINDEV2308EVAL\\Secretary\r\nLogonGuid: {de7f78ee-4b47-6982-f4f1-3d0000000000}\r\nLogonId: 0x3DF1F4\r\nTerminalSessionId: 2\r\nIntegrityLevel: Medium\r\nHashes: SHA256=ED1358CB5F7A7E4FA21E6B07EF1C6F664F0D363C60B4641AFF43F5602A0B3F6E\r\nParentProcessGuid: {de7f78ee-0036-6980-1500-000000001e00}\r\nParentProcessId: 1080\r\nParentImage: C:\\Windows\\System32\\svchost.exe\r\nParentCommandLine: C:\\Windows\\system32\\svchost.exe -k netsvcs -p\r\nParentUser: NT AUTHORITY\\SYSTEM\""},"eventdata":{"utcTime":"2026-02-04 03:52:40.333","processGuid":"{de7f78ee-c288-6982-fd08-000000001e00}","processId":"4456","image":"C:\\\\Windows\\\\System32\\\\cmd.exe","fileVersion":"10.0.22621.5840 (WinBuild.160101.0800)","description":"Windows Command Processor","product":"Microsoft® Windows® Operating System","company":"Microsoft Corporation","originalFileName":"Cmd.Exe","commandLine":"C:\\\\Windows\\\\SYSTEM32\\\\cmd.exe /c \\\"\\\"C:\\\\Users\\\\Secretary\\\\user_behavior_generation\\\\worker\\\\browser_task.bat\\\"\\\"","currentDirectory":"C:\\\\Windows\\\\system32\\\\","user":"WINDEV2308EVAL\\\\Secretary","logonGuid":"{de7f78ee-4b47-6982-f4f1-3d0000000000}","logonId":"0x3df1f4","terminalSessionId":"2","integrityLevel":"Medium","hashes":"SHA256=ED1358CB5F7A7E4FA21E6B07EF1C6F664F0D363C60B4641AFF43F5602A0B3F6E","parentProcessGuid":"{de7f78ee-0036-6980-1500-000000001e00}","parentProcessId":"1080","parentImage":"C:\\\\Windows\\\\System32\\\\svchost.exe","parentCommandLine":"C:\\\\Windows\\\\system32\\\\svchost.exe -k netsvcs -p","parentUser":"NT AUTHORITY\\\\SYSTEM"}}}
2026 Feb 03 20:43:13 (Secretary-Windows) any->EventChannel {"win":{"system":{"providerName":"Microsoft-Windows-Sysmon","providerGuid":"{5770385f-c22a-43e0-bf4c-06f5698ffbd9}","eventID":"5","version":"3","level":"4","task":"5","opcode":"0","keywords":"0x8000000000000000","systemTime":"2026-02-04T03:52:40.3400021Z","eventRecordID":"2989","processID":"2824","threadID":"3588","channel":"Microsoft-Windows-Sysmon/Operational","computer":"WinDev2308Eval","severityValue":"INFORMATION","message":"\"Process terminated:\r\nRuleName: -\r\nUtcTime: 2026-02-04 03:52:40.327\r\nProcessGuid: {de7f78ee-c288-6982-fb08-000000001e00}\r\nProcessId: 2116\r\nImage: C:\\Windows\\System32\\cmd.exe\r\nUser: WINDEV2308EVAL\\Secretary\""},"eventdata":{"utcTime":"2026-02-04 03:52:40.327","processGuid":"{de7f78ee-c288-6982-fb08-000000001e00}","processId":"2116","image":"C:\\\\Windows\\\\System32\\\\cmd.exe","user":"WINDEV2308EVAL\\\\Secretary"}}}
2026 Feb 03 20:43:13 (Secretary-Windows) any->EventChannel {"win":{"system":{"providerName":"Microsoft-Windows-Sysmon","providerGuid":"{5770385f-c22a-43e0-bf4c-06f5698ffbd9}","eventID":"5","version":"3","level":"4","task":"5","opcode":"0","keywords":"0x8000000000000000","systemTime":"2026-02-04T03:52:40.3457163Z","eventRecordID":"2990","processID":"2824","threadID":"3588","channel":"Microsoft-Windows-Sysmon/Operational","computer":"WinDev2308Eval","severityValue":"INFORMATION","message":"\"Process terminated:\r\nRuleName: -\r\nUtcTime: 2026-02-04 03:52:40.342\r\nProcessGuid: {de7f78ee-c288-6982-fa08-000000001e00}\r\nProcessId: 1212\r\nImage: C:\\Windows\\System32\\conhost.exe\r\nUser: WINDEV2308EVAL\\Secretary\""},"eventdata":{"utcTime":"2026-02-04 03:52:40.342","processGuid":"{de7f78ee-c288-6982-fa08-000000001e00}","processId":"1212","image":"C:\\\\Windows\\\\System32\\\\conhost.exe","user":"WINDEV2308EVAL\\\\Secretary"}}}
2026 Feb 03 20:43:13 (Secretary-Windows) any->EventChannel {"win":{"system":{"providerName":"Microsoft-Windows-Sysmon","providerGuid":"{5770385f-c22a-43e0-bf4c-06f5698ffbd9}","eventID":"1","version":"5","level":"4","task":"1","opcode":"0","keywords":"0x8000000000000000","systemTime":"2026-02-04T03:52:40.3681172Z","eventRecordID":"2991","processID":"2824","threadID":"3588","channel":"Microsoft-Windows-Sysmon/Operational","computer":"WinDev2308Eval","severityValue":"INFORMATION","message":"\"Process Create:\r\nRuleName: -\r\nUtcTime: 2026-02-04 03:52:40.362\r\nProcessGuid: {de7f78ee-c288-6982-fe08-000000001e00}\r\nProcessId: 1404\r\nImage: C:\\Windows\\System32\\conhost.exe\r\nFileVersion: 10.0.22621.5415 (WinBuild.160101.0800)\r\nDescription: Console Window Host\r\nProduct: Microsoft® Windows® Operating System\r\nCompany: Microsoft Corporation\r\nOriginalFileName: CONHOST.EXE\r\nCommandLine: \\??\\C:\\Windows\\system32\\conhost.exe 0xffffffff -ForceV1\r\nCurrentDirectory: C:\\Windows\r\nUser: WINDEV2308EVAL\\Secretary\r\nLogonGuid: {de7f78ee-4b47-6982-f4f1-3d0000000000}\r\nLogonId: 0x3DF1F4\r\nTerminalSessionId: 2\r\nIntegrityLevel: Medium\r\nHashes: SHA256=2266B396EF92534A2A2844438DF043D4069A2EC47D4E464F55E8C1CD47124A98\r\nParentProcessGuid: {de7f78ee-c288-6982-fd08-000000001e00}\r\nParentProcessId: 4456\r\nParentImage: C:\\Windows\\System32\\cmd.exe\r\nParentCommandLine: C:\\Windows\\SYSTEM32\\cmd.exe /c \"\"C:\\Users\\Secretary\\user_behavior_generation\\worker\\browser_task.bat\"\"\r\nParentUser: WINDEV2308EVAL\\Secretary\""},"eventdata":{"utcTime":"2026-02-04 03:52:40.362","processGuid":"{de7f78ee-c288-6982-fe08-000000001e00}","processId":"1404","image":"C:\\\\Windows\\\\System32\\\\conhost.exe","fileVersion":"10.0.22621.5415 (WinBuild.160101.0800)","description":"Console Window Host","product":"Microsoft® Windows® Operating System","company":"Microsoft Corporation","originalFileName":"CONHOST.EXE","commandLine":"\\\\??\\\\C:\\\\Windows\\\\system32\\\\conhost.exe 0xffffffff -ForceV1","currentDirectory":"C:\\\\Windows","user":"WINDEV2308EVAL\\\\Secretary","logonGuid":"{de7f78ee-4b47-6982-f4f1-3d0000000000}","logonId":"0x3df1f4","terminalSessionId":"2","integrityLevel":"Medium","hashes":"SHA256=2266B396EF92534A2A2844438DF043D4069A2EC47D4E464F55E8C1CD47124A98","parentProcessGuid":"{de7f78ee-c288-6982-fd08-000000001e00}","parentProcessId":"4456","parentImage":"C:\\\\Windows\\\\System32\\\\cmd.exe","parentCommandLine":"C:\\\\Windows\\\\SYSTEM32\\\\cmd.exe /c \\\"\\\"C:\\\\Users\\\\Secretary\\\\user_behavior_generation\\\\worker\\\\browser_task.bat\\\"\\\"","parentUser":"WINDEV2308EVAL\\\\Secretary"}}}
2026 Feb 03 20:43:13 (Secretary-Windows) any->EventChannel {"win":{"system":{"providerName":"Microsoft-Windows-Sysmon","providerGuid":"{5770385f-c22a-43e0-bf4c-06f5698ffbd9}","eventID":"1","version":"5","level":"4","task":"1","opcode":"0","keywords":"0x8000000000000000","systemTime":"2026-02-04T03:52:40.4827304Z","eventRecordID":"2992","processID":"2824","threadID":"3588","channel":"Microsoft-Windows-Sysmon/Operational","computer":"WinDev2308Eval","severityValue":"INFORMATION","message":"\"Process Create:\r\nRuleName: -\r\nUtcTime: 2026-02-04 03:52:40.478\r\nProcessGuid: {de7f78ee-c288-6982-ff08-000000001e00}\r\nProcessId: 5832\r\nImage: C:\\Program Files\\WindowsApps\\Microsoft.WindowsTerminal_1.23.20211.0_x64__8wekyb3d8bbwe\\OpenConsole.exe\r\nFileVersion: 1.23.2601.21001\r\nDescription: Console Window and PTY Host (Open Source)\r\nProduct: Windows Terminal\r\nCompany: Microsoft Corporation\r\nOriginalFileName: OpenConsole.exe\r\nCommandLine: \"C:\\Program Files\\WindowsApps\\Microsoft.WindowsTerminal_1.23.20211.0_x64__8wekyb3d8bbwe\\OpenConsole.exe\" -Embedding\r\nCurrentDirectory: C:\\Windows\\system32\\\r\nUser: WINDEV2308EVAL\\Secretary\r\nLogonGuid: {de7f78ee-4b47-6982-f4f1-3d0000000000}\r\nLogonId: 0x3DF1F4\r\nTerminalSessionId: 2\r\nIntegrityLevel: Medium\r\nHashes: SHA256=21A102BAC501CF77A381F5E707538188044BDB60F7ED8CD861A4DC17CDF1AD4D\r\nParentProcessGuid: {de7f78ee-0035-6980-0f00-000000001e00}\r\nParentProcessId: 896\r\nParentImage: C:\\Windows\\System32\\svchost.exe\r\nParentCommandLine: C:\\Windows\\system32\\svchost.exe -k DcomLaunch -p\r\nParentUser: NT AUTHORITY\\SYSTEM\""},"eventdata":{"utcTime":"2026-02-04 03:52:40.478","processGuid":"{de7f78ee-c288-6982-ff08-000000001e00}","processId":"5832","image":"C:\\\\Program Files\\\\WindowsApps\\\\Microsoft.WindowsTerminal_1.23.20211.0_x64__8wekyb3d8bbwe\\\\OpenConsole.exe","fileVersion":"1.23.2601.21001","description":"Console Window and PTY Host (Open Source)","product":"Windows Terminal","company":"Microsoft Corporation","originalFileName":"OpenConsole.exe","commandLine":"\\\"C:\\\\Program Files\\\\WindowsApps\\\\Microsoft.WindowsTerminal_1.23.20211.0_x64__8wekyb3d8bbwe\\\\OpenConsole.exe\\\" -Embedding","currentDirectory":"C:\\\\Windows\\\\system32\\\\","user":"WINDEV2308EVAL\\\\Secretary","logonGuid":"{de7f78ee-4b47-6982-f4f1-3d0000000000}","logonId":"0x3df1f4","terminalSessionId":"2","integrityLevel":"Medium","hashes":"SHA256=21A102BAC501CF77A381F5E707538188044BDB60F7ED8CD861A4DC17CDF1AD4D","parentProcessGuid":"{de7f78ee-0035-6980-0f00-000000001e00}","parentProcessId":"896","parentImage":"C:\\\\Windows\\\\System32\\\\svchost.exe","parentCommandLine":"C:\\\\Windows\\\\system32\\\\svchost.exe -k DcomLaunch -p","parentUser":"NT AUTHORITY\\\\SYSTEM"}}}
2026 Feb 03 20:43:13 (Secretary-Windows) any->EventChannel {"win":{"system":{"providerName":"Microsoft-Windows-Sysmon","providerGuid":"{5770385f-c22a-43e0-bf4c-06f5698ffbd9}","eventID":"1","version":"5","level":"4","task":"1","opcode":"0","keywords":"0x8000000000000000","systemTime":"2026-02-04T03:52:40.4977802Z","eventRecordID":"2993","processID":"2824","threadID":"3588","channel":"Microsoft-Windows-Sysmon/Operational","computer":"WinDev2308Eval","severityValue":"INFORMATION","message":"\"Process Create:\r\nRuleName: -\r\nUtcTime: 2026-02-04 03:52:40.487\r\nProcessGuid: {de7f78ee-c288-6982-0009-000000001e00}\r\nProcessId: 7724\r\nImage: C:\\Windows\\System32\\SearchProtocolHost.exe\r\nFileVersion: 7.0.22621.6060 (WinBuild.160101.0800)\r\nDescription: Microsoft Windows Search Protocol Host\r\nProduct: Windows® Search\r\nCompany: Microsoft Corporation\r\nOriginalFileName: SearchProtocolHost.exe\r\nCommandLine: \"C:\\Windows\\System32\\SearchProtocolHost.exe\" Global\\UsGthrFltPipeMssGthrPipe42_ Global\\UsGthrCtrlFltPipeMssGthrPipe42 1 -2147483646 \"Software\\Microsoft\\Windows Search\" \"Mozilla/4.0 (compatible; MSIE 6.0; Windows NT; MS Search 4.0 Robot)\" \"C:\\ProgramData\\Microsoft\\Search\\Data\\Temp\\usgthrsvc\" \"DownLevelDaemon\" \r\nCurrentDirectory: C:\\Windows\\system32\\\r\nUser: NT AUTHORITY\\SYSTEM\r\nLogonGuid: {de7f78ee-0035-6980-e703-000000000000}\r\nLogonId: 0x3E7\r\nTerminalSessionId: 0\r\nIntegrityLevel: System\r\nHashes: SHA256=F15422BCCDDB3D2BD96C3FC408E8112367A6692E29730CF04894210C0894C4E2\r\nParentProcessGuid: {de7f78ee-0060-6980-9c00-000000001e00}\r\nParentProcessId: 5064\r\nParentImage: C:\\Windows\\System32\\SearchIndexer.exe\r\nParentCommandLine: C:\\Windows\\system32\\SearchIndexer.exe /Embedding\r\nParentUser: NT AUTHORITY\\SYSTEM\""},"eventdata":{"utcTime":"2026-02-04 03:52:40.487","processGuid":"{de7f78ee-c288-6982-0009-000000001e00}","processId":"7724","image":"C:\\\\Windows\\\\System32\\\\SearchProtocolHost.exe","fileVersion":"7.0.22621.6060 (WinBuild.160101.0800)","description":"Microsoft Windows Search Protocol Host","product":"Windows® Search","company":"Microsoft Corporation","originalFileName":"SearchProtocolHost.exe","commandLine":"\\\"C:\\\\Windows\\\\System32\\\\SearchProtocolHost.exe\\\" Global\\\\UsGthrFltPipeMssGthrPipe42_ Global\\\\UsGthrCtrlFltPipeMssGthrPipe42 1 -2147483646 \\\"Software\\\\Microsoft\\\\Windows Search\\\" \\\"Mozilla/4.0 (compatible; MSIE 6.0; Windows NT; MS Search 4.0 Robot)\\\" \\\"C:\\\\ProgramData\\\\Microsoft\\\\Search\\\\Data\\\\Temp\\\\usgthrsvc\\\" \\\"DownLevelDaemon\\\"","currentDirectory":"C:\\\\Windows\\\\system32\\\\","user":"NT AUTHORITY\\\\SYSTEM","logonGuid":"{de7f78ee-0035-6980-e703-000000000000}","logonId":"0x3e7","terminalSessionId":"0","integrityLevel":"System","hashes":"SHA256=F15422BCCDDB3D2BD96C3FC408E8112367A6692E29730CF04894210C0894C4E2","parentProcessGuid":"{de7f78ee-0060-6980-9c00-000000001e00}","parentProcessId":"5064","parentImage":"C:\\\\Windows\\\\System32\\\\SearchIndexer.exe","parentCommandLine":"C:\\\\Windows\\\\system32\\\\SearchIndexer.exe /Embedding","parentUser":"NT AUTHORITY\\\\SYSTEM"}}}
2026 Feb 03 20:43:13 (OPNsense.localdomain) any->syscollector {"data":{"architecture":"amd64","checksum":"cc15d2703002e2679c6a9cea31eb359a1b7abbd3","description":"JSON (JavaScript Object Notation) implementation in C","format":"pkg","groups":" ","install_time":"1767391942","item_id":"ea89bd0f9bbcdb0f2eec7e154a1ab124d3fe8446","location":" ","name":"json-c","priority":" ","scan_time":"2026/02/03 19:12:07","size":"337729","source":"OPNsense","vendor":"sunpoet@FreeBSD.org","version":"0.18"},"operation":"MODIFIED","type":"dbsync_packages"}
2026 Feb 03 20:43:13 (Secretary-Windows) any->EventChannel {"win":{"system":{"providerName":"Microsoft-Windows-Sysmon","providerGuid":"{5770385f-c22a-43e0-bf4c-06f5698ffbd9}","eventID":"1","version":"5","level":"4","task":"1","opcode":"0","keywords":"0x8000000000000000","systemTime":"2026-02-04T03:52:40.6180247Z","eventRecordID":"2994","processID":"2824","threadID":"3588","channel":"Microsoft-Windows-Sysmon/Operational","computer":"WinDev2308Eval","severityValue":"INFORMATION","message":"\"Process Create:\r\nRuleName: -\r\nUtcTime: 2026-02-04 03:52:40.605\r\nProcessGuid: {de7f78ee-c288-6982-0109-000000001e00}\r\nProcessId: 4724\r\nImage: C:\\Windows\\System32\\SearchFilterHost.exe\r\nFileVersion: 7.0.22621.6060 (WinBuild.160101.0800)\r\nDescription: Microsoft Windows Search Filter Host\r\nProduct: Windows® Search\r\nCompany: Microsoft Corporation\r\nOriginalFileName: SearchFilterHost.exe\r\nCommandLine: \"C:\\Windows\\System32\\SearchFilterHost.exe\" 904 2552 3028 888 {7FC3863B-7471-4B10-84E3-A5C2E0330618}\r\nCurrentDirectory: C:\\Windows\\system32\\\r\nUser: NT AUTHORITY\\SYSTEM\r\nLogonGuid: {de7f78ee-0035-6980-e703-000000000000}\r\nLogonId: 0x3E7\r\nTerminalSessionId: 0\r\nIntegrityLevel: Medium\r\nHashes: SHA256=2931BC2DFAEA376DBF8C247562F5BB86ABF0936A74E5F770896DB22F3A948E5E\r\nParentProcessGuid: {de7f78ee-0060-6980-9c00-000000001e00}\r\nParentProcessId: 5064\r\nParentImage: C:\\Windows\\System32\\SearchIndexer.exe\r\nParentCommandLine: C:\\Windows\\system32\\SearchIndexer.exe /Embedding\r\nParentUser: NT AUTHORITY\\SYSTEM\""},"eventdata":{"utcTime":"2026-02-04 03:52:40.605","processGuid":"{de7f78ee-c288-6982-0109-000000001e00}","processId":"4724","image":"C:\\\\Windows\\\\System32\\\\SearchFilterHost.exe","fileVersion":"7.0.22621.6060 (WinBuild.160101.0800)","description":"Microsoft Windows Search Filter Host","product":"Windows® Search","company":"Microsoft Corporation","originalFileName":"SearchFilterHost.exe","commandLine":"\\\"C:\\\\Windows\\\\System32\\\\SearchFilterHost.exe\\\" 904 2552 3028 888 {7FC3863B-7471-4B10-84E3-A5C2E0330618}","currentDirectory":"C:\\\\Windows\\\\system32\\\\","user":"NT AUTHORITY\\\\SYSTEM","logonGuid":"{de7f78ee-0035-6980-e703-000000000000}","logonId":"0x3e7","terminalSessionId":"0","integrityLevel":"Medium","hashes":"SHA256=2931BC2DFAEA376DBF8C247562F5BB86ABF0936A74E5F770896DB22F3A948E5E","parentProcessGuid":"{de7f78ee-0060-6980-9c00-000000001e00}","parentProcessId":"5064","parentImage":"C:\\\\Windows\\\\System32\\\\SearchIndexer.exe","parentCommandLine":"C:\\\\Windows\\\\system32\\\\SearchIndexer.exe /Embedding","parentUser":"NT AUTHORITY\\\\SYSTEM"}}}
2026 Feb 03 20:43:13 (Secretary-Windows) any->EventChannel {"win":{"system":{"providerName":"Microsoft-Windows-Sysmon","providerGuid":"{5770385f-c22a-43e0-bf4c-06f5698ffbd9}","eventID":"1","version":"5","level":"4","task":"1","opcode":"0","keywords":"0x8000000000000000","systemTime":"2026-02-04T03:52:41.0424664Z","eventRecordID":"2995","processID":"2824","threadID":"3588","channel":"Microsoft-Windows-Sysmon/Operational","computer":"WinDev2308Eval","severityValue":"INFORMATION","message":"\"Process Create:\r\nRuleName: -\r\nUtcTime: 2026-02-04 03:52:41.036\r\nProcessGuid: {de7f78ee-c289-6982-0209-000000001e00}\r\nProcessId: 7988\r\nImage: C:\\Program Files\\WindowsApps\\Microsoft.WindowsTerminal_1.23.20211.0_x64__8wekyb3d8bbwe\\WindowsTerminal.exe\r\nFileVersion: 1.23.2601.21001\r\nDescription: Windows Terminal Host\r\nProduct: Windows Terminal\r\nCompany: Microsoft Corporation\r\nOriginalFileName: WindowsTerminal.exe\r\nCommandLine: \"C:\\Program Files\\WindowsApps\\Microsoft.WindowsTerminal_1.23.20211.0_x64__8wekyb3d8bbwe\\WindowsTerminal.exe\" -Embedding\r\nCurrentDirectory: C:\\Windows\\system32\\\r\nUser: WINDEV2308EVAL\\Secretary\r\nLogonGuid: {de7f78ee-4b47-6982-f4f1-3d0000000000}\r\nLogonId: 0x3DF1F4\r\nTerminalSessionId: 2\r\nIntegrityLevel: Medium\r\nHashes: SHA256=5BE86C25DA23D4C6F0042EF4CD836DECC1E1AF0E476724D6FC9270F3C5F6CB68\r\nParentProcessGuid: {de7f78ee-0035-6980-0f00-000000001e00}\r\nParentProcessId: 896\r\nParentImage: C:\\Windows\\System32\\svchost.exe\r\nParentCommandLine: C:\\Windows\\system32\\svchost.exe -k DcomLaunch -p\r\nParentUser: NT AUTHORITY\\SYSTEM\""},"eventdata":{"utcTime":"2026-02-04 03:52:41.036","processGuid":"{de7f78ee-c289-6982-0209-000000001e00}","processId":"7988","image":"C:\\\\Program Files\\\\WindowsApps\\\\Microsoft.WindowsTerminal_1.23.20211.0_x64__8wekyb3d8bbwe\\\\WindowsTerminal.exe","fileVersion":"1.23.2601.21001","description":"Windows Terminal Host","product":"Windows Terminal","company":"Microsoft Corporation","originalFileName":"WindowsTerminal.exe","commandLine":"\\\"C:\\\\Program Files\\\\WindowsApps\\\\Microsoft.WindowsTerminal_1.23.20211.0_x64__8wekyb3d8bbwe\\\\WindowsTerminal.exe\\\" -Embedding","currentDirectory":"C:\\\\Windows\\\\system32\\\\","user":"WINDEV2308EVAL\\\\Secretary","logonGuid":"{de7f78ee-4b47-6982-f4f1-3d0000000000}","logonId":"0x3df1f4","terminalSessionId":"2","integrityLevel":"Medium","hashes":"SHA256=5BE86C25DA23D4C6F0042EF4CD836DECC1E1AF0E476724D6FC9270F3C5F6CB68","parentProcessGuid":"{de7f78ee-0035-6980-0f00-000000001e00}","parentProcessId":"896","parentImage":"C:\\\\Windows\\\\System32\\\\svchost.exe","parentCommandLine":"C:\\\\Windows\\\\system32\\\\svchost.exe -k DcomLaunch -p","parentUser":"NT AUTHORITY\\\\SYSTEM"}}}
2026 Feb 03 20:43:13 (Secretary-Windows) any->EventChannel {"win":{"system":{"providerName":"Microsoft-Windows-Sysmon","providerGuid":"{5770385f-c22a-43e0-bf4c-06f5698ffbd9}","eventID":"1","version":"5","level":"4","task":"1","opcode":"0","keywords":"0x8000000000000000","systemTime":"2026-02-04T03:52:46.2080802Z","eventRecordID":"2996","processID":"2824","threadID":"3588","channel":"Microsoft-Windows-Sysmon/Operational","computer":"WinDev2308Eval","severityValue":"INFORMATION","message":"\"Process Create:\r\nRuleName: -\r\nUtcTime: 2026-02-04 03:52:46.116\r\nProcessGuid: {de7f78ee-c28e-6982-0309-000000001e00}\r\nProcessId: 5368\r\nImage: C:\\Users\\Secretary\\user_behavior_generation\\worker\\PDFtoPrinter.exe\r\nFileVersion: 2.0.3.219\r\nDescription: PDFtoPrinter.exe\r\nProduct: PDFtoPrinter.exe\r\nCompany: -\r\nOriginalFileName: -\r\nCommandLine: .\\PDFtoPrinter.exe  \"C:\\Users\\Secretary\\Downloads\\calendar.pdf\"\r\nCurrentDirectory: C:\\Users\\Secretary\\user_behavior_generation\\worker\\\r\nUser: WINDEV2308EVAL\\Secretary\r\nLogonGuid: {de7f78ee-4b47-6982-f4f1-3d0000000000}\r\nLogonId: 0x3DF1F4\r\nTerminalSessionId: 2\r\nIntegrityLevel: Medium\r\nHashes: SHA256=219AFC26AF6A8767B207043178C006D2673B4A3B214B7F73571600A3396BB562\r\nParentProcessGuid: {de7f78ee-c288-6982-fd08-000000001e00}\r\nParentProcessId: 4456\r\nParentImage: C:\\Windows\\System32\\cmd.exe\r\nParentCommandLine: C:\\Windows\\SYSTEM32\\cmd.exe /c \"\"C:\\Users\\Secretary\\user_behavior_generation\\worker\\browser_task.bat\"\"\r\nParentUser: WINDEV2308EVAL\\Secretary\""},"eventdata":{"utcTime":"2026-02-04 03:52:46.116","processGuid":"{de7f78ee-c28e-6982-0309-000000001e00}","processId":"5368","image":"C:\\\\Users\\\\Secretary\\\\user_behavior_generation\\\\worker\\\\PDFtoPrinter.exe","fileVersion":"2.0.3.219","description":"PDFtoPrinter.exe","product":"PDFtoPrinter.exe","commandLine":".\\\\PDFtoPrinter.exe  \\\"C:\\\\Users\\\\Secretary\\\\Downloads\\\\calendar.pdf\\\"","currentDirectory":"C:\\\\Users\\\\Secretary\\\\user_behavior_generation\\\\worker\\\\","user":"WINDEV2308EVAL\\\\Secretary","logonGuid":"{de7f78ee-4b47-6982-f4f1-3d0000000000}","logonId":"0x3df1f4","terminalSessionId":"2","integrityLevel":"Medium","hashes":"SHA256=219AFC26AF6A8767B207043178C006D2673B4A3B214B7F73571600A3396BB562","parentProcessGuid":"{de7f78ee-c288-6982-fd08-000000001e00}","parentProcessId":"4456","parentImage":"C:\\\\Windows\\\\System32\\\\cmd.exe","parentCommandLine":"C:\\\\Windows\\\\SYSTEM32\\\\cmd.exe /c \\\"\\\"C:\\\\Users\\\\Secretary\\\\user_behavior_generation\\\\worker\\\\browser_task.bat\\\"\\\"","parentUser":"WINDEV2308EVAL\\\\Secretary"}}}
2026 Feb 03 20:43:13 (Secretary-Windows) any->EventChannel {"win":{"system":{"providerName":"Microsoft-Windows-Sysmon","providerGuid":"{5770385f-c22a-43e0-bf4c-06f5698ffbd9}","eventID":"1","version":"5","level":"4","task":"1","opcode":"0","keywords":"0x8000000000000000","systemTime":"2026-02-04T03:52:47.6215385Z","eventRecordID":"2997","processID":"2824","threadID":"3588","channel":"Microsoft-Windows-Sysmon/Operational","computer":"WinDev2308Eval","severityValue":"INFORMATION","message":"\"Process Create:\r\nRuleName: -\r\nUtcTime: 2026-02-04 03:52:47.456\r\nProcessGuid: {de7f78ee-c28f-6982-0409-000000001e00}\r\nProcessId: 6184\r\nImage: C:\\Users\\SECRET~1\\AppData\\Local\\Temp\\PDFPrinterTmp\\PDFXCview.exe\r\nFileVersion: 2.5.0322.0010\r\nDescription: PDF-XChange Viewer\r\nProduct: PDF-XChange Viewer\r\nCompany: Tracker Software Products (Canada) Ltd.\r\nOriginalFileName: PDFXCview.exe\r\nCommandLine: \"C:\\Users\\SECRET~1\\AppData\\Local\\Temp\\PDFPrinterTmp\\PDFXCview.exe\" /importp settings.dat\r\nCurrentDirectory: C:\\Users\\SECRET~1\\AppData\\Local\\Temp\\PDFPrinterTmp\\\r\nUser: WINDEV2308EVAL\\Secretary\r\nLogonGuid: {de7f78ee-4b47-6982-f4f1-3d0000000000}\r\nLogonId: 0x3DF1F4\r\nTerminalSessionId: 2\r\nIntegrityLevel: Medium\r\nHashes: SHA256=CF324CE09C2875A45E2A64FBEEF88163D2CFF35C58927E61875D6AFF9C7947F6\r\nParentProcessGuid: {de7f78ee-c28e-6982-0309-000000001e00}\r\nParentProcessId: 5368\r\nParentImage: C:\\Users\\Secretary\\user_behavior_generation\\worker\\PDFtoPrinter.exe\r\nParentCommandLine: .\\PDFtoPrinter.exe  \"C:\\Users\\Secretary\\Downloads\\calendar.pdf\"\r\nParentUser: WINDEV2308EVAL\\Secretary\""},"eventdata":{"utcTime":"2026-02-04 03:52:47.456","processGuid":"{de7f78ee-c28f-6982-0409-000000001e00}","processId":"6184","image":"C:\\\\Users\\\\SECRET~1\\\\AppData\\\\Local\\\\Temp\\\\PDFPrinterTmp\\\\PDFXCview.exe","fileVersion":"2.5.0322.0010","description":"PDF-XChange Viewer","product":"PDF-XChange Viewer","company":"Tracker Software Products (Canada) Ltd.","originalFileName":"PDFXCview.exe","commandLine":"\\\"C:\\\\Users\\\\SECRET~1\\\\AppData\\\\Local\\\\Temp\\\\PDFPrinterTmp\\\\PDFXCview.exe\\\" /importp settings.dat","currentDirectory":"C:\\\\Users\\\\SECRET~1\\\\AppData\\\\Local\\\\Temp\\\\PDFPrinterTmp\\\\","user":"WINDEV2308EVAL\\\\Secretary","logonGuid":"{de7f78ee-4b47-6982-f4f1-3d0000000000}","logonId":"0x3df1f4","terminalSessionId":"2","integrityLevel":"Medium","hashes":"SHA256=CF324CE09C2875A45E2A64FBEEF88163D2CFF35C58927E61875D6AFF9C7947F6","parentProcessGuid":"{de7f78ee-c28e-6982-0309-000000001e00}","parentProcessId":"5368","parentImage":"C:\\\\Users\\\\Secretary\\\\user_behavior_generation\\\\worker\\\\PDFtoPrinter.exe","parentCommandLine":".\\\\PDFtoPrinter.exe  \\\"C:\\\\Users\\\\Secretary\\\\Downloads\\\\calendar.pdf\\\"","parentUser":"WINDEV2308EVAL\\\\Secretary"}}}
2026 Feb 03 20:43:13 (Secretary-Windows) any->EventChannel {"win":{"system":{"providerName":"Microsoft-Windows-Sysmon","providerGuid":"{5770385f-c22a-43e0-bf4c-06f5698ffbd9}","eventID":"5","version":"3","level":"4","task":"5","opcode":"0","keywords":"0x8000000000000000","systemTime":"2026-02-04T03:52:50.7803877Z","eventRecordID":"2998","processID":"2824","threadID":"3588","channel":"Microsoft-Windows-Sysmon/Operational","computer":"WinDev2308Eval","severityValue":"INFORMATION","message":"\"Process terminated:\r\nRuleName: -\r\nUtcTime: 2026-02-04 03:52:50.773\r\nProcessGuid: {de7f78ee-c28f-6982-0409-000000001e00}\r\nProcessId: 6184\r\nImage: C:\\Users\\SECRET~1\\AppData\\Local\\Temp\\PDFPrinterTmp\\PDFXCview.exe\r\nUser: WINDEV2308EVAL\\Secretary\""},"eventdata":{"utcTime":"2026-02-04 03:52:50.773","processGuid":"{de7f78ee-c28f-6982-0409-000000001e00}","processId":"6184","image":"C:\\\\Users\\\\SECRET~1\\\\AppData\\\\Local\\\\Temp\\\\PDFPrinterTmp\\\\PDFXCview.exe","user":"WINDEV2308EVAL\\\\Secretary"}}}
2026 Feb 03 20:43:13 (Secretary-Windows) any->EventChannel {"win":{"system":{"providerName":"Microsoft-Windows-Sysmon","providerGuid":"{5770385f-c22a-43e0-bf4c-06f5698ffbd9}","eventID":"1","version":"5","level":"4","task":"1","opcode":"0","keywords":"0x8000000000000000","systemTime":"2026-02-04T03:52:50.8086386Z","eventRecordID":"2999","processID":"2824","threadID":"3588","channel":"Microsoft-Windows-Sysmon/Operational","computer":"WinDev2308Eval","severityValue":"INFORMATION","message":"\"Process Create:\r\nRuleName: -\r\nUtcTime: 2026-02-04 03:52:50.788\r\nProcessGuid: {de7f78ee-c292-6982-0509-000000001e00}\r\nProcessId: 7488\r\nImage: C:\\Users\\SECRET~1\\AppData\\Local\\Temp\\PDFPrinterTmp\\PDFXCview.exe\r\nFileVersion: 2.5.0322.0010\r\nDescription: PDF-XChange Viewer\r\nProduct: PDF-XChange Viewer\r\nCompany: Tracker Software Products (Canada) Ltd.\r\nOriginalFileName: PDFXCview.exe\r\nCommandLine: \"C:\\Users\\SECRET~1\\AppData\\Local\\Temp\\PDFPrinterTmp\\PDFXCview.exe\" \"/print:default=no&\"  \"C:\\Users\\Secretary\\Downloads\\calendar.pdf\"\r\nCurrentDirectory: C:\\Users\\SECRET~1\\AppData\\Local\\Temp\\PDFPrinterTmp\\\r\nUser: WINDEV2308EVAL\\Secretary\r\nLogonGuid: {de7f78ee-4b47-6982-f4f1-3d0000000000}\r\nLogonId: 0x3DF1F4\r\nTerminalSessionId: 2\r\nIntegrityLevel: Medium\r\nHashes: SHA256=CF324CE09C2875A45E2A64FBEEF88163D2CFF35C58927E61875D6AFF9C7947F6\r\nParentProcessGuid: {de7f78ee-c28e-6982-0309-000000001e00}\r\nParentProcessId: 5368\r\nParentImage: C:\\Users\\Secretary\\user_behavior_generation\\worker\\PDFtoPrinter.exe\r\nParentCommandLine: .\\PDFtoPrinter.exe  \"C:\\Users\\Secretary\\Downloads\\calendar.pdf\"\r\nParentUser: WINDEV2308EVAL\\Secretary\""},"eventdata":{"utcTime":"2026-02-04 03:52:50.788","processGuid":"{de7f78ee-c292-6982-0509-000000001e00}","processId":"7488","image":"C:\\\\Users\\\\SECRET~1\\\\AppData\\\\Local\\\\Temp\\\\PDFPrinterTmp\\\\PDFXCview.exe","fileVersion":"2.5.0322.0010","description":"PDF-XChange Viewer","product":"PDF-XChange Viewer","company":"Tracker Software Products (Canada) Ltd.","originalFileName":"PDFXCview.exe","commandLine":"\\\"C:\\\\Users\\\\SECRET~1\\\\AppData\\\\Local\\\\Temp\\\\PDFPrinterTmp\\\\PDFXCview.exe\\\" \\\"/print:default=no&amp;\\\"  \\\"C:\\\\Users\\\\Secretary\\\\Downloads\\\\calendar.pdf\\\"","currentDirectory":"C:\\\\Users\\\\SECRET~1\\\\AppData\\\\Local\\\\Temp\\\\PDFPrinterTmp\\\\","user":"WINDEV2308EVAL\\\\Secretary","logonGuid":"{de7f78ee-4b47-6982-f4f1-3d0000000000}","logonId":"0x3df1f4","terminalSessionId":"2","integrityLevel":"Medium","hashes":"SHA256=CF324CE09C2875A45E2A64FBEEF88163D2CFF35C58927E61875D6AFF9C7947F6","parentProcessGuid":"{de7f78ee-c28e-6982-0309-000000001e00}","parentProcessId":"5368","parentImage":"C:\\\\Users\\\\Secretary\\\\user_behavior_generation\\\\worker\\\\PDFtoPrinter.exe","parentCommandLine":".\\\\PDFtoPrinter.exe  \\\"C:\\\\Users\\\\Secretary\\\\Downloads\\\\calendar.pdf\\\"","parentUser":"WINDEV2308EVAL\\\\Secretary"}}}
2026 Feb 03 20:43:13 (OPNsense.localdomain) any->syscollector {"data":{"architecture":"amd64","checksum":"24beba78b740f7498b8041f3550c585a73e40447","description":"Alternative DHCP implementation by ISC","format":"pkg","groups":" ","install_time":"1767391951","item_id":"99da86787e37a96d700952fe504dfd7e7cd987eb","location":" ","name":"kea","priority":" ","scan_time":"2026/02/03 19:12:07","size":"73428598","source":"OPNsense","vendor":"apevnev@me.com","version":"2.6.1_2"},"operation":"MODIFIED","type":"dbsync_packages"}
2026 Feb 03 20:43:13 (Secretary-Windows) any->EventChannel {"win":{"system":{"providerName":"Microsoft-Windows-Sysmon","providerGuid":"{5770385f-c22a-43e0-bf4c-06f5698ffbd9}","eventID":"1","version":"5","level":"4","task":"1","opcode":"0","keywords":"0x8000000000000000","systemTime":"2026-02-04T03:52:52.3394969Z","eventRecordID":"3000","processID":"2824","threadID":"3588","channel":"Microsoft-Windows-Sysmon/Operational","computer":"WinDev2308Eval","severityValue":"INFORMATION","message":"\"Process Create:\r\nRuleName: -\r\nUtcTime: 2026-02-04 03:52:52.320\r\nProcessGuid: {de7f78ee-c294-6982-0609-000000001e00}\r\nProcessId: 7204\r\nImage: C:\\Windows\\splwow64.exe\r\nFileVersion: 10.0.22621.5624 (WinBuild.160101.0800)\r\nDescription: Print driver host for applications\r\nProduct: Microsoft® Windows® Operating System\r\nCompany: Microsoft Corporation\r\nOriginalFileName: splwow64.exe\r\nCommandLine: C:\\Windows\\splwow64.exe 8192\r\nCurrentDirectory: C:\\Windows\\\r\nUser: WINDEV2308EVAL\\Secretary\r\nLogonGuid: {de7f78ee-4b47-6982-f4f1-3d0000000000}\r\nLogonId: 0x3DF1F4\r\nTerminalSessionId: 2\r\nIntegrityLevel: Medium\r\nHashes: SHA256=8B233854D667C35E65ADDAAB0D007BE710F9AFEE1534BC1BEECE4EE562FA30AC\r\nParentProcessGuid: {de7f78ee-c292-6982-0509-000000001e00}\r\nParentProcessId: 7488\r\nParentImage: C:\\Users\\SECRET~1\\AppData\\Local\\Temp\\PDFPrinterTmp\\PDFXCview.exe\r\nParentCommandLine: \"C:\\Users\\SECRET~1\\AppData\\Local\\Temp\\PDFPrinterTmp\\PDFXCview.exe\" \"/print:default=no&\"  \"C:\\Users\\Secretary\\Downloads\\calendar.pdf\"\r\nParentUser: WINDEV2308EVAL\\Secretary\""},"eventdata":{"utcTime":"2026-02-04 03:52:52.320","processGuid":"{de7f78ee-c294-6982-0609-000000001e00}","processId":"7204","image":"C:\\\\Windows\\\\splwow64.exe","fileVersion":"10.0.22621.5624 (WinBuild.160101.0800)","description":"Print driver host for applications","product":"Microsoft® Windows® Operating System","company":"Microsoft Corporation","originalFileName":"splwow64.exe","commandLine":"C:\\\\Windows\\\\splwow64.exe 8192","currentDirectory":"C:\\\\Windows\\\\","user":"WINDEV2308EVAL\\\\Secretary","logonGuid":"{de7f78ee-4b47-6982-f4f1-3d0000000000}","logonId":"0x3df1f4","terminalSessionId":"2","integrityLevel":"Medium","hashes":"SHA256=8B233854D667C35E65ADDAAB0D007BE710F9AFEE1534BC1BEECE4EE562FA30AC","parentProcessGuid":"{de7f78ee-c292-6982-0509-000000001e00}","parentProcessId":"7488","parentImage":"C:\\\\Users\\\\SECRET~1\\\\AppData\\\\Local\\\\Temp\\\\PDFPrinterTmp\\\\PDFXCview.exe","parentCommandLine":"\\\"C:\\\\Users\\\\SECRET~1\\\\AppData\\\\Local\\\\Temp\\\\PDFPrinterTmp\\\\PDFXCview.exe\\\" \\\"/print:default=no&amp;\\\"  \\\"C:\\\\Users\\\\Secretary\\\\Downloads\\\\calendar.pdf\\\"","parentUser":"WINDEV2308EVAL\\\\Secretary"}}}
2026 Feb 03 20:43:13 (Secretary-Windows) any->EventChannel {"win":{"system":{"providerName":"Microsoft-Windows-Sysmon","providerGuid":"{5770385f-c22a-43e0-bf4c-06f5698ffbd9}","eventID":"1","version":"5","level":"4","task":"1","opcode":"0","keywords":"0x8000000000000000","systemTime":"2026-02-04T03:52:57.1277842Z","eventRecordID":"3001","processID":"2824","threadID":"3588","channel":"Microsoft-Windows-Sysmon/Operational","computer":"WinDev2308Eval","severityValue":"INFORMATION","message":"\"Process Create:\r\nRuleName: -\r\nUtcTime: 2026-02-04 03:52:57.067\r\nProcessGuid: {de7f78ee-c299-6982-0709-000000001e00}\r\nProcessId: 6000\r\nImage: C:\\Windows\\System32\\printfilterpipelinesvc.exe\r\nFileVersion: 10.0.22621.2506 (WinBuild.160101.0800)\r\nDescription: Print Filter Pipeline Host\r\nProduct: Microsoft® Windows® Operating System\r\nCompany: Microsoft Corporation\r\nOriginalFileName: PrintFilterPipelineSvc.exe\r\nCommandLine: C:\\Windows\\system32\\printfilterpipelinesvc.exe -Embedding\r\nCurrentDirectory: C:\\Windows\\system32\\\r\nUser: NT AUTHORITY\\LOCAL SERVICE\r\nLogonGuid: {de7f78ee-0036-6980-e503-000000000000}\r\nLogonId: 0x3E5\r\nTerminalSessionId: 0\r\nIntegrityLevel: System\r\nHashes: SHA256=76CF6F235C87FF7F6DF66B7751DD322C0E0939C586EEC7F8BFF4EBED64F1565F\r\nParentProcessGuid: {de7f78ee-0035-6980-0f00-000000001e00}\r\nParentProcessId: 896\r\nParentImage: C:\\Windows\\System32\\svchost.exe\r\nParentCommandLine: C:\\Windows\\system32\\svchost.exe -k DcomLaunch -p\r\nParentUser: NT AUTHORITY\\SYSTEM\""},"eventdata":{"utcTime":"2026-02-04 03:52:57.067","processGuid":"{de7f78ee-c299-6982-0709-000000001e00}","processId":"6000","image":"C:\\\\Windows\\\\System32\\\\printfilterpipelinesvc.exe","fileVersion":"10.0.22621.2506 (WinBuild.160101.0800)","description":"Print Filter Pipeline Host","product":"Microsoft® Windows® Operating System","company":"Microsoft Corporation","originalFileName":"PrintFilterPipelineSvc.exe","commandLine":"C:\\\\Windows\\\\system32\\\\printfilterpipelinesvc.exe -Embedding","currentDirectory":"C:\\\\Windows\\\\system32\\\\","user":"NT AUTHORITY\\\\LOCAL SERVICE","logonGuid":"{de7f78ee-0036-6980-e503-000000000000}","logonId":"0x3e5","terminalSessionId":"0","integrityLevel":"System","hashes":"SHA256=76CF6F235C87FF7F6DF66B7751DD322C0E0939C586EEC7F8BFF4EBED64F1565F","parentProcessGuid":"{de7f78ee-0035-6980-0f00-000000001e00}","parentProcessId":"896","parentImage":"C:\\\\Windows\\\\System32\\\\svchost.exe","parentCommandLine":"C:\\\\Windows\\\\system32\\\\svchost.exe -k DcomLaunch -p","parentUser":"NT AUTHORITY\\\\SYSTEM"}}}
2026 Feb 03 20:43:13 (Secretary-Windows) any->EventChannel {"win":{"system":{"providerName":"Microsoft-Windows-Sysmon","providerGuid":"{5770385f-c22a-43e0-bf4c-06f5698ffbd9}","eventID":"5","version":"3","level":"4","task":"5","opcode":"0","keywords":"0x8000000000000000","systemTime":"2026-02-04T03:52:57.3752915Z","eventRecordID":"3002","processID":"2824","threadID":"3588","channel":"Microsoft-Windows-Sysmon/Operational","computer":"WinDev2308Eval","severityValue":"INFORMATION","message":"\"Process terminated:\r\nRuleName: -\r\nUtcTime: 2026-02-04 03:52:57.371\r\nProcessGuid: {de7f78ee-c292-6982-0509-000000001e00}\r\nProcessId: 7488\r\nImage: C:\\Users\\SECRET~1\\AppData\\Local\\Temp\\PDFPrinterTmp\\PDFXCview.exe\r\nUser: WINDEV2308EVAL\\Secretary\""},"eventdata":{"utcTime":"2026-02-04 03:52:57.371","processGuid":"{de7f78ee-c292-6982-0509-000000001e00}","processId":"7488","image":"C:\\\\Users\\\\SECRET~1\\\\AppData\\\\Local\\\\Temp\\\\PDFPrinterTmp\\\\PDFXCview.exe","user":"WINDEV2308EVAL\\\\Secretary"}}}
2026 Feb 03 20:43:13 (Secretary-Windows) any->EventChannel {"win":{"system":{"providerName":"Microsoft-Windows-Sysmon","providerGuid":"{5770385f-c22a-43e0-bf4c-06f5698ffbd9}","eventID":"5","version":"3","level":"4","task":"5","opcode":"0","keywords":"0x8000000000000000","systemTime":"2026-02-04T03:52:57.4253968Z","eventRecordID":"3003","processID":"2824","threadID":"3588","channel":"Microsoft-Windows-Sysmon/Operational","computer":"WinDev2308Eval","severityValue":"INFORMATION","message":"\"Process terminated:\r\nRuleName: -\r\nUtcTime: 2026-02-04 03:52:57.418\r\nProcessGuid: {de7f78ee-c28e-6982-0309-000000001e00}\r\nProcessId: 5368\r\nImage: C:\\Users\\Secretary\\user_behavior_generation\\worker\\PDFtoPrinter.exe\r\nUser: WINDEV2308EVAL\\Secretary\""},"eventdata":{"utcTime":"2026-02-04 03:52:57.418","processGuid":"{de7f78ee-c28e-6982-0309-000000001e00}","processId":"5368","image":"C:\\\\Users\\\\Secretary\\\\user_behavior_generation\\\\worker\\\\PDFtoPrinter.exe","user":"WINDEV2308EVAL\\\\Secretary"}}}
2026 Feb 03 20:43:13 (Secretary-Windows) any->EventChannel {"win":{"system":{"providerName":"Microsoft-Windows-Sysmon","providerGuid":"{5770385f-c22a-43e0-bf4c-06f5698ffbd9}","eventID":"1","version":"5","level":"4","task":"1","opcode":"0","keywords":"0x8000000000000000","systemTime":"2026-02-04T03:52:57.4429995Z","eventRecordID":"3004","processID":"2824","threadID":"3588","channel":"Microsoft-Windows-Sysmon/Operational","computer":"WinDev2308Eval","severityValue":"INFORMATION","message":"\"Process Create:\r\nRuleName: -\r\nUtcTime: 2026-02-04 03:52:57.436\r\nProcessGuid: {de7f78ee-c299-6982-0809-000000001e00}\r\nProcessId: 1896\r\nImage: C:\\Windows\\System32\\timeout.exe\r\nFileVersion: 10.0.22621.1 (WinBuild.160101.0800)\r\nDescription: timeout - pauses command processing\r\nProduct: Microsoft® Windows® Operating System\r\nCompany: Microsoft Corporation\r\nOriginalFileName: timeout.exe\r\nCommandLine: timeout  /t 15 /nobreak\r\nCurrentDirectory: C:\\Users\\Secretary\\user_behavior_generation\\worker\\\r\nUser: WINDEV2308EVAL\\Secretary\r\nLogonGuid: {de7f78ee-4b47-6982-f4f1-3d0000000000}\r\nLogonId: 0x3DF1F4\r\nTerminalSessionId: 2\r\nIntegrityLevel: Medium\r\nHashes: SHA256=4310BFC44B00C09F13C0E82FD9E9F9503643BDAC089111AE983326BB250EDFC5\r\nParentProcessGuid: {de7f78ee-c288-6982-fd08-000000001e00}\r\nParentProcessId: 4456\r\nParentImage: C:\\Windows\\System32\\cmd.exe\r\nParentCommandLine: C:\\Windows\\SYSTEM32\\cmd.exe /c \"\"C:\\Users\\Secretary\\user_behavior_generation\\worker\\browser_task.bat\"\"\r\nParentUser: WINDEV2308EVAL\\Secretary\""},"eventdata":{"utcTime":"2026-02-04 03:52:57.436","processGuid":"{de7f78ee-c299-6982-0809-000000001e00}","processId":"1896","image":"C:\\\\Windows\\\\System32\\\\timeout.exe","fileVersion":"10.0.22621.1 (WinBuild.160101.0800)","description":"timeout - pauses command processing","product":"Microsoft® Windows® Operating System","company":"Microsoft Corporation","originalFileName":"timeout.exe","commandLine":"timeout  /t 15 /nobreak","currentDirectory":"C:\\\\Users\\\\Secretary\\\\user_behavior_generation\\\\worker\\\\","user":"WINDEV2308EVAL\\\\Secretary","logonGuid":"{de7f78ee-4b47-6982-f4f1-3d0000000000}","logonId":"0x3df1f4","terminalSessionId":"2","integrityLevel":"Medium","hashes":"SHA256=4310BFC44B00C09F13C0E82FD9E9F9503643BDAC089111AE983326BB250EDFC5","parentProcessGuid":"{de7f78ee-c288-6982-fd08-000000001e00}","parentProcessId":"4456","parentImage":"C:\\\\Windows\\\\System32\\\\cmd.exe","parentCommandLine":"C:\\\\Windows\\\\SYSTEM32\\\\cmd.exe /c \\\"\\\"C:\\\\Users\\\\Secretary\\\\user_behavior_generation\\\\worker\\\\browser_task.bat\\\"\\\"","parentUser":"WINDEV2308EVAL\\\\Secretary"}}}
2026 Feb 03 20:43:13 (Secretary-Windows) any->EventChannel {"win":{"system":{"providerName":"Microsoft-Windows-Sysmon","providerGuid":"{5770385f-c22a-43e0-bf4c-06f5698ffbd9}","eventID":"5","version":"3","level":"4","task":"5","opcode":"0","keywords":"0x8000000000000000","systemTime":"2026-02-04T03:53:12.1414612Z","eventRecordID":"3005","processID":"2824","threadID":"3588","channel":"Microsoft-Windows-Sysmon/Operational","computer":"WinDev2308Eval","severityValue":"INFORMATION","message":"\"Process terminated:\r\nRuleName: -\r\nUtcTime: 2026-02-04 03:53:12.138\r\nProcessGuid: {de7f78ee-c299-6982-0809-000000001e00}\r\nProcessId: 1896\r\nImage: C:\\Windows\\System32\\timeout.exe\r\nUser: WINDEV2308EVAL\\Secretary\""},"eventdata":{"utcTime":"2026-02-04 03:53:12.138","processGuid":"{de7f78ee-c299-6982-0809-000000001e00}","processId":"1896","image":"C:\\\\Windows\\\\System32\\\\timeout.exe","user":"WINDEV2308EVAL\\\\Secretary"}}}
