2026 Feb 03 20:43:13 (OPNsense.localdomain) any->syscollector {"data":{"architecture":"amd64","checksum":"a412e533b61fd614b033ed292d7d7fced426b7ae","description":"CBOR protocol implementation for C and others","format":"pkg","groups":" ","install_time":"1721738650","item_id":"cc6b381924e09ac73dda929555f51d94bb21e7e2","location":" ","name":"libcbor","priority":" ","scan_time":"2026/02/03 19:12:07","size":"148846","source":"OPNsense","vendor":"sunpoet@FreeBSD.org","version":"0.11.0"},"operation":"MODIFIED","type":"dbsync_packages"}
2026 Feb 03 20:43:13 (Secretary-Windows) any->EventChannel {"win":{"system":{"providerName":"Microsoft-Windows-Sysmon","providerGuid":"{5770385f-c22a-43e0-bf4c-06f5698ffbd9}","eventID":"1","version":"5","level":"4","task":"1","opcode":"0","keywords":"0x8000000000000000","systemTime":"2026-02-04T03:59:28.4720032Z","eventRecordID":"3035","processID":"2824","threadID":"3588","channel":"Microsoft-Windows-Sysmon/Operational","computer":"WinDev2308Eval","severityValue":"INFORMATION","message":"\"Process Create:\r\nRuleName: -\r\nUtcTime: 2026-02-04 03:59:28.449\r\nProcessGuid: {de7f78ee-c420-6982-1409-000000001e00}\r\nProcessId: 636\r\nImage: C:\\Windows\\System32\\cmd.exe\r\nFileVersion: 10.0.22621.5840 (WinBuild.160101.0800)\r\nDescription: Windows Command Processor\r\nProduct: Microsoft® Windows® Operating System\r\nCompany: Microsoft Corporation\r\nOriginalFileName: Cmd.Exe\r\nCommandLine: c:\\windows\\system32\\cmd.exe /c C:\\Users\\Secretary\\user_behavior_generation\\worker\\browser_task.bat https://www.google.com generic\r\nCurrentDirectory: C:\\Users\\Secretary\\\r\nUser: WINDEV2308EVAL\\Secretary\r\nLogonGuid: {de7f78ee-c420-6982-e9ed-fe0000000000}\r\nLogonId: 0xFEEDE9\r\nTerminalSessionId: 0\r\nIntegrityLevel: High\r\nHashes: SHA256=ED1358CB5F7A7E4FA21E6B07EF1C6F664F0D363C60B4641AFF43F5602A0B3F6E\r\nParentProcessGuid: {de7f78ee-c420-6982-1309-000000001e00}\r\nParentProcessId: 7980\r\nParentImage: C:\\Windows\\System32\\conhost.exe\r\nParentCommandLine: C:\\Windows\\system32\\conhost.exe --headless --width 0 --height 0 --signal 0x1f4 -- \"c:\\windows\\system32\\cmd.exe\" /c C:\\Users\\Secretary\\user_behavior_generation\\worker\\browser_task.bat https://www.google.com generic\r\nParentUser: WINDEV2308EVAL\\Secretary\""},"eventdata":{"utcTime":"2026-02-04 03:59:28.449","processGuid":"{de7f78ee-c420-6982-1409-000000001e00}","processId":"636","image":"C:\\\\Windows\\\\System32\\\\cmd.exe","fileVersion":"10.0.22621.5840 (WinBuild.160101.0800)","description":"Windows Command Processor","product":"Microsoft® Windows® Operating System","company":"Microsoft Corporation","originalFileName":"Cmd.Exe","commandLine":"c:\\\\windows\\\\system32\\\\cmd.exe /c C:\\\\Users\\\\Secretary\\\\user_behavior_generation\\\\worker\\\\browser_task.bat https://www.google.com generic","currentDirectory":"C:\\\\Users\\\\Secretary\\\\","user":"WINDEV2308EVAL\\\\Secretary","logonGuid":"{de7f78ee-c420-6982-e9ed-fe0000000000}","logonId":"0xfeede9","terminalSessionId":"0","integrityLevel":"High","hashes":"SHA256=ED1358CB5F7A7E4FA21E6B07EF1C6F664F0D363C60B4641AFF43F5602A0B3F6E","parentProcessGuid":"{de7f78ee-c420-6982-1309-000000001e00}","parentProcessId":"7980","parentImage":"C:\\\\Windows\\\\System32\\\\conhost.exe","parentCommandLine":"C:\\\\Windows\\\\system32\\\\conhost.exe --headless --width 0 --height 0 --signal 0x1f4 -- \\\"c:\\\\windows\\\\system32\\\\cmd.exe\\\" /c C:\\\\Users\\\\Secretary\\\\user_behavior_generation\\\\worker\\\\browser_task.bat https://www.google.com generic","parentUser":"WINDEV2308EVAL\\\\Secretary"}}}
2026 Feb 03 20:43:13 (Secretary-Windows) any->EventChannel {"win":{"system":{"providerName":"Microsoft-Windows-Sysmon","providerGuid":"{5770385f-c22a-43e0-bf4c-06f5698ffbd9}","eventID":"1","version":"5","level":"4","task":"1","opcode":"0","keywords":"0x8000000000000000","systemTime":"2026-02-04T03:59:28.5535322Z","eventRecordID":"3036","processID":"2824","threadID":"3588","channel":"Microsoft-Windows-Sysmon/Operational","computer":"WinDev2308Eval","severityValue":"INFORMATION","message":"\"Process Create:\r\nRuleName: -\r\nUtcTime: 2026-02-04 03:59:28.536\r\nProcessGuid: {de7f78ee-c420-6982-1509-000000001e00}\r\nProcessId: 6348\r\nImage: C:\\Windows\\System32\\schtasks.exe\r\nFileVersion: 10.0.22621.5983 (WinBuild.160101.0800)\r\nDescription: Task Scheduler Configuration Tool\r\nProduct: Microsoft® Windows® Operating System\r\nCompany: Microsoft Corporation\r\nOriginalFileName: schtasks.exe\r\nCommandLine: schtasks  /run /tn OpenBrowser\r\nCurrentDirectory: C:\\Users\\Secretary\\\r\nUser: WINDEV2308EVAL\\Secretary\r\nLogonGuid: {de7f78ee-c420-6982-e9ed-fe0000000000}\r\nLogonId: 0xFEEDE9\r\nTerminalSessionId: 0\r\nIntegrityLevel: High\r\nHashes: SHA256=9A4E7E5B7DB54128308AF8CB5605DA371B460D092D49F10A735A2C67372A185A\r\nParentProcessGuid: {de7f78ee-c420-6982-1409-000000001e00}\r\nParentProcessId: 636\r\nParentImage: C:\\Windows\\System32\\cmd.exe\r\nParentCommandLine: c:\\windows\\system32\\cmd.exe /c C:\\Users\\Secretary\\user_behavior_generation\\worker\\browser_task.bat https://www.google.com generic\r\nParentUser: WINDEV2308EVAL\\Secretary\""},"eventdata":{"utcTime":"2026-02-04 03:59:28.536","processGuid":"{de7f78ee-c420-6982-1509-000000001e00}","processId":"6348","image":"C:\\\\Windows\\\\System32\\\\schtasks.exe","fileVersion":"10.0.22621.5983 (WinBuild.160101.0800)","description":"Task Scheduler Configuration Tool","product":"Microsoft® Windows® Operating System","company":"Microsoft Corporation","originalFileName":"schtasks.exe","commandLine":"schtasks  /run /tn OpenBrowser","currentDirectory":"C:\\\\Users\\\\Secretary\\\\","user":"WINDEV2308EVAL\\\\Secretary","logonGuid":"{de7f78ee-c420-6982-e9ed-fe0000000000}","logonId":"0xfeede9","terminalSessionId":"0","integrityLevel":"High","hashes":"SHA256=9A4E7E5B7DB54128308AF8CB5605DA371B460D092D49F10A735A2C67372A185A","parentProcessGuid":"{de7f78ee-c420-6982-1409-000000001e00}","parentProcessId":"636","parentImage":"C:\\\\Windows\\\\System32\\\\cmd.exe","parentCommandLine":"c:\\\\windows\\\\system32\\\\cmd.exe /c C:\\\\Users\\\\Secretary\\\\user_behavior_generation\\\\worker\\\\browser_task.bat https://www.google.com generic","parentUser":"WINDEV2308EVAL\\\\Secretary"}}}
2026 Feb 03 20:43:13 (Secretary-Windows) any->EventChannel {"win":{"system":{"providerName":"Microsoft-Windows-Sysmon","providerGuid":"{5770385f-c22a-43e0-bf4c-06f5698ffbd9}","eventID":"5","version":"3","level":"4","task":"5","opcode":"0","keywords":"0x8000000000000000","systemTime":"2026-02-04T03:59:28.6008036Z","eventRecordID":"3037","processID":"2824","threadID":"3588","channel":"Microsoft-Windows-Sysmon/Operational","computer":"WinDev2308Eval","severityValue":"INFORMATION","message":"\"Process terminated:\r\nRuleName: -\r\nUtcTime: 2026-02-04 03:59:28.596\r\nProcessGuid: {de7f78ee-c420-6982-1509-000000001e00}\r\nProcessId: 6348\r\nImage: C:\\Windows\\System32\\schtasks.exe\r\nUser: WINDEV2308EVAL\\Secretary\""},"eventdata":{"utcTime":"2026-02-04 03:59:28.596","processGuid":"{de7f78ee-c420-6982-1509-000000001e00}","processId":"6348","image":"C:\\\\Windows\\\\System32\\\\schtasks.exe","user":"WINDEV2308EVAL\\\\Secretary"}}}
2026 Feb 03 20:43:13 (Secretary-Windows) any->EventChannel {"win":{"system":{"providerName":"Microsoft-Windows-Sysmon","providerGuid":"{5770385f-c22a-43e0-bf4c-06f5698ffbd9}","eventID":"1","version":"5","level":"4","task":"1","opcode":"0","keywords":"0x8000000000000000","systemTime":"2026-02-04T03:59:28.6162847Z","eventRecordID":"3038","processID":"2824","threadID":"3588","channel":"Microsoft-Windows-Sysmon/Operational","computer":"WinDev2308Eval","severityValue":"INFORMATION","message":"\"Process Create:\r\nRuleName: -\r\nUtcTime: 2026-02-04 03:59:28.605\r\nProcessGuid: {de7f78ee-c420-6982-1609-000000001e00}\r\nProcessId: 2856\r\nImage: C:\\Windows\\System32\\cmd.exe\r\nFileVersion: 10.0.22621.5840 (WinBuild.160101.0800)\r\nDescription: Windows Command Processor\r\nProduct: Microsoft® Windows® Operating System\r\nCompany: Microsoft Corporation\r\nOriginalFileName: Cmd.Exe\r\nCommandLine: C:\\Windows\\SYSTEM32\\cmd.exe /c \"\"C:\\Users\\Secretary\\user_behavior_generation\\worker\\browser_task.bat\"\"\r\nCurrentDirectory: C:\\Windows\\system32\\\r\nUser: WINDEV2308EVAL\\Secretary\r\nLogonGuid: {de7f78ee-4b47-6982-f4f1-3d0000000000}\r\nLogonId: 0x3DF1F4\r\nTerminalSessionId: 2\r\nIntegrityLevel: Medium\r\nHashes: SHA256=ED1358CB5F7A7E4FA21E6B07EF1C6F664F0D363C60B4641AFF43F5602A0B3F6E\r\nParentProcessGuid: {de7f78ee-0036-6980-1500-000000001e00}\r\nParentProcessId: 1080\r\nParentImage: C:\\Windows\\System32\\svchost.exe\r\nParentCommandLine: C:\\Windows\\system32\\svchost.exe -k netsvcs -p\r\nParentUser: NT AUTHORITY\\SYSTEM\""},"eventdata":{"utcTime":"2026-02-04 03:59:28.605","processGuid":"{de7f78ee-c420-6982-1609-000000001e00}","processId":"2856","image":"C:\\\\Windows\\\\System32\\\\cmd.exe","fileVersion":"10.0.22621.5840 (WinBuild.160101.0800)","description":"Windows Command Processor","product":"Microsoft® Windows® Operating System","company":"Microsoft Corporation","originalFileName":"Cmd.Exe","commandLine":"C:\\\\Windows\\\\SYSTEM32\\\\cmd.exe /c \\\"\\\"C:\\\\Users\\\\Secretary\\\\user_behavior_generation\\\\worker\\\\browser_task.bat\\\"\\\"","currentDirectory":"C:\\\\Windows\\\\system32\\\\","user":"WINDEV2308EVAL\\\\Secretary","logonGuid":"{de7f78ee-4b47-6982-f4f1-3d0000000000}","logonId":"0x3df1f4","terminalSessionId":"2","integrityLevel":"Medium","hashes":"SHA256=ED1358CB5F7A7E4FA21E6B07EF1C6F664F0D363C60B4641AFF43F5602A0B3F6E","parentProcessGuid":"{de7f78ee-0036-6980-1500-000000001e00}","parentProcessId":"1080","parentImage":"C:\\\\Windows\\\\System32\\\\svchost.exe","parentCommandLine":"C:\\\\Windows\\\\system32\\\\svchost.exe -k netsvcs -p","parentUser":"NT AUTHORITY\\\\SYSTEM"}}}
2026 Feb 03 20:43:13 (Secretary-Windows) any->EventChannel {"win":{"system":{"providerName":"Microsoft-Windows-Sysmon","providerGuid":"{5770385f-c22a-43e0-bf4c-06f5698ffbd9}","eventID":"5","version":"3","level":"4","task":"5","opcode":"0","keywords":"0x8000000000000000","systemTime":"2026-02-04T03:59:28.6164196Z","eventRecordID":"3039","processID":"2824","threadID":"3588","channel":"Microsoft-Windows-Sysmon/Operational","computer":"WinDev2308Eval","severityValue":"INFORMATION","message":"\"Process terminated:\r\nRuleName: -\r\nUtcTime: 2026-02-04 03:59:28.611\r\nProcessGuid: {de7f78ee-c420-6982-1409-000000001e00}\r\nProcessId: 636\r\nImage: C:\\Windows\\System32\\cmd.exe\r\nUser: WINDEV2308EVAL\\Secretary\""},"eventdata":{"utcTime":"2026-02-04 03:59:28.611","processGuid":"{de7f78ee-c420-6982-1409-000000001e00}","processId":"636","image":"C:\\\\Windows\\\\System32\\\\cmd.exe","user":"WINDEV2308EVAL\\\\Secretary"}}}
2026 Feb 03 20:43:13 (Secretary-Windows) any->EventChannel {"win":{"system":{"providerName":"Microsoft-Windows-Sysmon","providerGuid":"{5770385f-c22a-43e0-bf4c-06f5698ffbd9}","eventID":"5","version":"3","level":"4","task":"5","opcode":"0","keywords":"0x8000000000000000","systemTime":"2026-02-04T03:59:28.6334613Z","eventRecordID":"3040","processID":"2824","threadID":"3588","channel":"Microsoft-Windows-Sysmon/Operational","computer":"WinDev2308Eval","severityValue":"INFORMATION","message":"\"Process terminated:\r\nRuleName: -\r\nUtcTime: 2026-02-04 03:59:28.630\r\nProcessGuid: {de7f78ee-c420-6982-1309-000000001e00}\r\nProcessId: 7980\r\nImage: C:\\Windows\\System32\\conhost.exe\r\nUser: WINDEV2308EVAL\\Secretary\""},"eventdata":{"utcTime":"2026-02-04 03:59:28.630","processGuid":"{de7f78ee-c420-6982-1309-000000001e00}","processId":"7980","image":"C:\\\\Windows\\\\System32\\\\conhost.exe","user":"WINDEV2308EVAL\\\\Secretary"}}}
2026 Feb 03 20:43:13 (OPNsense.localdomain) any->syscollector {"data":{"architecture":"amd64","checksum":"f91ea477945f779261526fe93c9017a06766cc45","description":"Ultralightweight JSON parser in ANSI C","format":"pkg","groups":" ","install_time":"1721738650","item_id":"da97760d05acae1912b94db6f99557f1752322e5","location":" ","name":"libcjson","priority":" ","scan_time":"2026/02/03 19:12:07","size":"158746","source":"OPNsense","vendor":"sunpoet@FreeBSD.org","version":"1.7.18_2"},"operation":"MODIFIED","type":"dbsync_packages"}
2026 Feb 03 20:43:13 (Secretary-Windows) any->EventChannel {"win":{"system":{"providerName":"Microsoft-Windows-Sysmon","providerGuid":"{5770385f-c22a-43e0-bf4c-06f5698ffbd9}","eventID":"1","version":"5","level":"4","task":"1","opcode":"0","keywords":"0x8000000000000000","systemTime":"2026-02-04T03:59:28.6457979Z","eventRecordID":"3041","processID":"2824","threadID":"3588","channel":"Microsoft-Windows-Sysmon/Operational","computer":"WinDev2308Eval","severityValue":"INFORMATION","message":"\"Process Create:\r\nRuleName: -\r\nUtcTime: 2026-02-04 03:59:28.630\r\nProcessGuid: {de7f78ee-c420-6982-1709-000000001e00}\r\nProcessId: 7744\r\nImage: C:\\Windows\\System32\\conhost.exe\r\nFileVersion: 10.0.22621.5415 (WinBuild.160101.0800)\r\nDescription: Console Window Host\r\nProduct: Microsoft® Windows® Operating System\r\nCompany: Microsoft Corporation\r\nOriginalFileName: CONHOST.EXE\r\nCommandLine: \\??\\C:\\Windows\\system32\\conhost.exe 0xffffffff -ForceV1\r\nCurrentDirectory: C:\\Windows\r\nUser: WINDEV2308EVAL\\Secretary\r\nLogonGuid: {de7f78ee-4b47-6982-f4f1-3d0000000000}\r\nLogonId: 0x3DF1F4\r\nTerminalSessionId: 2\r\nIntegrityLevel: Medium\r\nHashes: SHA256=2266B396EF92534A2A2844438DF043D4069A2EC47D4E464F55E8C1CD47124A98\r\nParentProcessGuid: {de7f78ee-c420-6982-1609-000000001e00}\r\nParentProcessId: 2856\r\nParentImage: C:\\Windows\\System32\\cmd.exe\r\nParentCommandLine: C:\\Windows\\SYSTEM32\\cmd.exe /c \"\"C:\\Users\\Secretary\\user_behavior_generation\\worker\\browser_task.bat\"\"\r\nParentUser: WINDEV2308EVAL\\Secretary\""},"eventdata":{"utcTime":"2026-02-04 03:59:28.630","processGuid":"{de7f78ee-c420-6982-1709-000000001e00}","processId":"7744","image":"C:\\\\Windows\\\\System32\\\\conhost.exe","fileVersion":"10.0.22621.5415 (WinBuild.160101.0800)","description":"Console Window Host","product":"Microsoft® Windows® Operating System","company":"Microsoft Corporation","originalFileName":"CONHOST.EXE","commandLine":"\\\\??\\\\C:\\\\Windows\\\\system32\\\\conhost.exe 0xffffffff -ForceV1","currentDirectory":"C:\\\\Windows","user":"WINDEV2308EVAL\\\\Secretary","logonGuid":"{de7f78ee-4b47-6982-f4f1-3d0000000000}","logonId":"0x3df1f4","terminalSessionId":"2","integrityLevel":"Medium","hashes":"SHA256=2266B396EF92534A2A2844438DF043D4069A2EC47D4E464F55E8C1CD47124A98","parentProcessGuid":"{de7f78ee-c420-6982-1609-000000001e00}","parentProcessId":"2856","parentImage":"C:\\\\Windows\\\\System32\\\\cmd.exe","parentCommandLine":"C:\\\\Windows\\\\SYSTEM32\\\\cmd.exe /c \\\"\\\"C:\\\\Users\\\\Secretary\\\\user_behavior_generation\\\\worker\\\\browser_task.bat\\\"\\\"","parentUser":"WINDEV2308EVAL\\\\Secretary"}}}
2026 Feb 03 20:43:13 (Secretary-Windows) any->EventChannel {"win":{"system":{"providerName":"Microsoft-Windows-Sysmon","providerGuid":"{5770385f-c22a-43e0-bf4c-06f5698ffbd9}","eventID":"1","version":"5","level":"4","task":"1","opcode":"0","keywords":"0x8000000000000000","systemTime":"2026-02-04T03:59:28.7371117Z","eventRecordID":"3042","processID":"2824","threadID":"3588","channel":"Microsoft-Windows-Sysmon/Operational","computer":"WinDev2308Eval","severityValue":"INFORMATION","message":"\"Process Create:\r\nRuleName: -\r\nUtcTime: 2026-02-04 03:59:28.730\r\nProcessGuid: {de7f78ee-c420-6982-1809-000000001e00}\r\nProcessId: 3944\r\nImage: C:\\Program Files\\WindowsApps\\Microsoft.WindowsTerminal_1.23.20211.0_x64__8wekyb3d8bbwe\\OpenConsole.exe\r\nFileVersion: 1.23.2601.21001\r\nDescription: Console Window and PTY Host (Open Source)\r\nProduct: Windows Terminal\r\nCompany: Microsoft Corporation\r\nOriginalFileName: OpenConsole.exe\r\nCommandLine: \"C:\\Program Files\\WindowsApps\\Microsoft.WindowsTerminal_1.23.20211.0_x64__8wekyb3d8bbwe\\OpenConsole.exe\" -Embedding\r\nCurrentDirectory: C:\\Windows\\system32\\\r\nUser: WINDEV2308EVAL\\Secretary\r\nLogonGuid: {de7f78ee-4b47-6982-f4f1-3d0000000000}\r\nLogonId: 0x3DF1F4\r\nTerminalSessionId: 2\r\nIntegrityLevel: Medium\r\nHashes: SHA256=21A102BAC501CF77A381F5E707538188044BDB60F7ED8CD861A4DC17CDF1AD4D\r\nParentProcessGuid: {de7f78ee-0035-6980-0f00-000000001e00}\r\nParentProcessId: 896\r\nParentImage: C:\\Windows\\System32\\svchost.exe\r\nParentCommandLine: C:\\Windows\\system32\\svchost.exe -k DcomLaunch -p\r\nParentUser: NT AUTHORITY\\SYSTEM\""},"eventdata":{"utcTime":"2026-02-04 03:59:28.730","processGuid":"{de7f78ee-c420-6982-1809-000000001e00}","processId":"3944","image":"C:\\\\Program Files\\\\WindowsApps\\\\Microsoft.WindowsTerminal_1.23.20211.0_x64__8wekyb3d8bbwe\\\\OpenConsole.exe","fileVersion":"1.23.2601.21001","description":"Console Window and PTY Host (Open Source)","product":"Windows Terminal","company":"Microsoft Corporation","originalFileName":"OpenConsole.exe","commandLine":"\\\"C:\\\\Program Files\\\\WindowsApps\\\\Microsoft.WindowsTerminal_1.23.20211.0_x64__8wekyb3d8bbwe\\\\OpenConsole.exe\\\" -Embedding","currentDirectory":"C:\\\\Windows\\\\system32\\\\","user":"WINDEV2308EVAL\\\\Secretary","logonGuid":"{de7f78ee-4b47-6982-f4f1-3d0000000000}","logonId":"0x3df1f4","terminalSessionId":"2","integrityLevel":"Medium","hashes":"SHA256=21A102BAC501CF77A381F5E707538188044BDB60F7ED8CD861A4DC17CDF1AD4D","parentProcessGuid":"{de7f78ee-0035-6980-0f00-000000001e00}","parentProcessId":"896","parentImage":"C:\\\\Windows\\\\System32\\\\svchost.exe","parentCommandLine":"C:\\\\Windows\\\\system32\\\\svchost.exe -k DcomLaunch -p","parentUser":"NT AUTHORITY\\\\SYSTEM"}}}
2026 Feb 03 20:43:13 (Secretary-Windows) any->EventChannel {"win":{"system":{"providerName":"Microsoft-Windows-Sysmon","providerGuid":"{5770385f-c22a-43e0-bf4c-06f5698ffbd9}","eventID":"1","version":"5","level":"4","task":"1","opcode":"0","keywords":"0x8000000000000000","systemTime":"2026-02-04T03:59:29.0036773Z","eventRecordID":"3043","processID":"2824","threadID":"3588","channel":"Microsoft-Windows-Sysmon/Operational","computer":"WinDev2308Eval","severityValue":"INFORMATION","message":"\"Process Create:\r\nRuleName: -\r\nUtcTime: 2026-02-04 03:59:28.994\r\nProcessGuid: {de7f78ee-c420-6982-1909-000000001e00}\r\nProcessId: 7808\r\nImage: C:\\Windows\\System32\\SearchProtocolHost.exe\r\nFileVersion: 7.0.22621.6060 (WinBuild.160101.0800)\r\nDescription: Microsoft Windows Search Protocol Host\r\nProduct: Windows® Search\r\nCompany: Microsoft Corporation\r\nOriginalFileName: SearchProtocolHost.exe\r\nCommandLine: \"C:\\Windows\\System32\\SearchProtocolHost.exe\" Global\\UsGthrFltPipeMssGthrPipe43_ Global\\UsGthrCtrlFltPipeMssGthrPipe43 1 -2147483646 \"Software\\Microsoft\\Windows Search\" \"Mozilla/4.0 (compatible; MSIE 6.0; Windows NT; MS Search 4.0 Robot)\" \"C:\\ProgramData\\Microsoft\\Search\\Data\\Temp\\usgthrsvc\" \"DownLevelDaemon\" \r\nCurrentDirectory: C:\\Windows\\system32\\\r\nUser: NT AUTHORITY\\SYSTEM\r\nLogonGuid: {de7f78ee-0035-6980-e703-000000000000}\r\nLogonId: 0x3E7\r\nTerminalSessionId: 0\r\nIntegrityLevel: System\r\nHashes: SHA256=F15422BCCDDB3D2BD96C3FC408E8112367A6692E29730CF04894210C0894C4E2\r\nParentProcessGuid: {de7f78ee-0060-6980-9c00-000000001e00}\r\nParentProcessId: 5064\r\nParentImage: C:\\Windows\\System32\\SearchIndexer.exe\r\nParentCommandLine: C:\\Windows\\system32\\SearchIndexer.exe /Embedding\r\nParentUser: NT AUTHORITY\\SYSTEM\""},"eventdata":{"utcTime":"2026-02-04 03:59:28.994","processGuid":"{de7f78ee-c420-6982-1909-000000001e00}","processId":"7808","image":"C:\\\\Windows\\\\System32\\\\SearchProtocolHost.exe","fileVersion":"7.0.22621.6060 (WinBuild.160101.0800)","description":"Microsoft Windows Search Protocol Host","product":"Windows® Search","company":"Microsoft Corporation","originalFileName":"SearchProtocolHost.exe","commandLine":"\\\"C:\\\\Windows\\\\System32\\\\SearchProtocolHost.exe\\\" Global\\\\UsGthrFltPipeMssGthrPipe43_ Global\\\\UsGthrCtrlFltPipeMssGthrPipe43 1 -2147483646 \\\"Software\\\\Microsoft\\\\Windows Search\\\" \\\"Mozilla/4.0 (compatible; MSIE 6.0; Windows NT; MS Search 4.0 Robot)\\\" \\\"C:\\\\ProgramData\\\\Microsoft\\\\Search\\\\Data\\\\Temp\\\\usgthrsvc\\\" \\\"DownLevelDaemon\\\"","currentDirectory":"C:\\\\Windows\\\\system32\\\\","user":"NT AUTHORITY\\\\SYSTEM","logonGuid":"{de7f78ee-0035-6980-e703-000000000000}","logonId":"0x3e7","terminalSessionId":"0","integrityLevel":"System","hashes":"SHA256=F15422BCCDDB3D2BD96C3FC408E8112367A6692E29730CF04894210C0894C4E2","parentProcessGuid":"{de7f78ee-0060-6980-9c00-000000001e00}","parentProcessId":"5064","parentImage":"C:\\\\Windows\\\\System32\\\\SearchIndexer.exe","parentCommandLine":"C:\\\\Windows\\\\system32\\\\SearchIndexer.exe /Embedding","parentUser":"NT AUTHORITY\\\\SYSTEM"}}}
2026 Feb 03 20:43:13 (Secretary-Windows) any->EventChannel {"win":{"system":{"providerName":"Microsoft-Windows-Sysmon","providerGuid":"{5770385f-c22a-43e0-bf4c-06f5698ffbd9}","eventID":"1","version":"5","level":"4","task":"1","opcode":"0","keywords":"0x8000000000000000","systemTime":"2026-02-04T03:59:29.0795151Z","eventRecordID":"3044","processID":"2824","threadID":"3588","channel":"Microsoft-Windows-Sysmon/Operational","computer":"WinDev2308Eval","severityValue":"INFORMATION","message":"\"Process Create:\r\nRuleName: -\r\nUtcTime: 2026-02-04 03:59:29.075\r\nProcessGuid: {de7f78ee-c421-6982-1a09-000000001e00}\r\nProcessId: 3892\r\nImage: C:\\Windows\\System32\\SearchFilterHost.exe\r\nFileVersion: 7.0.22621.6060 (WinBuild.160101.0800)\r\nDescription: Microsoft Windows Search Filter Host\r\nProduct: Windows® Search\r\nCompany: Microsoft Corporation\r\nOriginalFileName: SearchFilterHost.exe\r\nCommandLine: \"C:\\Windows\\System32\\SearchFilterHost.exe\" 904 2552 3028 888 {7FC3863B-7471-4B10-84E3-A5C2E0330618}\r\nCurrentDirectory: C:\\Windows\\system32\\\r\nUser: NT AUTHORITY\\SYSTEM\r\nLogonGuid: {de7f78ee-0035-6980-e703-000000000000}\r\nLogonId: 0x3E7\r\nTerminalSessionId: 0\r\nIntegrityLevel: Medium\r\nHashes: SHA256=2931BC2DFAEA376DBF8C247562F5BB86ABF0936A74E5F770896DB22F3A948E5E\r\nParentProcessGuid: {de7f78ee-0060-6980-9c00-000000001e00}\r\nParentProcessId: 5064\r\nParentImage: C:\\Windows\\System32\\SearchIndexer.exe\r\nParentCommandLine: C:\\Windows\\system32\\SearchIndexer.exe /Embedding\r\nParentUser: NT AUTHORITY\\SYSTEM\""},"eventdata":{"utcTime":"2026-02-04 03:59:29.075","processGuid":"{de7f78ee-c421-6982-1a09-000000001e00}","processId":"3892","image":"C:\\\\Windows\\\\System32\\\\SearchFilterHost.exe","fileVersion":"7.0.22621.6060 (WinBuild.160101.0800)","description":"Microsoft Windows Search Filter Host","product":"Windows® Search","company":"Microsoft Corporation","originalFileName":"SearchFilterHost.exe","commandLine":"\\\"C:\\\\Windows\\\\System32\\\\SearchFilterHost.exe\\\" 904 2552 3028 888 {7FC3863B-7471-4B10-84E3-A5C2E0330618}","currentDirectory":"C:\\\\Windows\\\\system32\\\\","user":"NT AUTHORITY\\\\SYSTEM","logonGuid":"{de7f78ee-0035-6980-e703-000000000000}","logonId":"0x3e7","terminalSessionId":"0","integrityLevel":"Medium","hashes":"SHA256=2931BC2DFAEA376DBF8C247562F5BB86ABF0936A74E5F770896DB22F3A948E5E","parentProcessGuid":"{de7f78ee-0060-6980-9c00-000000001e00}","parentProcessId":"5064","parentImage":"C:\\\\Windows\\\\System32\\\\SearchIndexer.exe","parentCommandLine":"C:\\\\Windows\\\\system32\\\\SearchIndexer.exe /Embedding","parentUser":"NT AUTHORITY\\\\SYSTEM"}}}
2026 Feb 03 20:43:13 (Secretary-Windows) any->EventChannel {"win":{"system":{"providerName":"Microsoft-Windows-Sysmon","providerGuid":"{5770385f-c22a-43e0-bf4c-06f5698ffbd9}","eventID":"1","version":"5","level":"4","task":"1","opcode":"0","keywords":"0x8000000000000000","systemTime":"2026-02-04T03:59:29.2160055Z","eventRecordID":"3045","processID":"2824","threadID":"3588","channel":"Microsoft-Windows-Sysmon/Operational","computer":"WinDev2308Eval","severityValue":"INFORMATION","message":"\"Process Create:\r\nRuleName: -\r\nUtcTime: 2026-02-04 03:59:29.200\r\nProcessGuid: {de7f78ee-c421-6982-1b09-000000001e00}\r\nProcessId: 4356\r\nImage: C:\\Program Files\\WindowsApps\\Microsoft.WindowsTerminal_1.23.20211.0_x64__8wekyb3d8bbwe\\WindowsTerminal.exe\r\nFileVersion: 1.23.2601.21001\r\nDescription: Windows Terminal Host\r\nProduct: Windows Terminal\r\nCompany: Microsoft Corporation\r\nOriginalFileName: WindowsTerminal.exe\r\nCommandLine: \"C:\\Program Files\\WindowsApps\\Microsoft.WindowsTerminal_1.23.20211.0_x64__8wekyb3d8bbwe\\WindowsTerminal.exe\" -Embedding\r\nCurrentDirectory: C:\\Windows\\system32\\\r\nUser: WINDEV2308EVAL\\Secretary\r\nLogonGuid: {de7f78ee-4b47-6982-f4f1-3d0000000000}\r\nLogonId: 0x3DF1F4\r\nTerminalSessionId: 2\r\nIntegrityLevel: Medium\r\nHashes: SHA256=5BE86C25DA23D4C6F0042EF4CD836DECC1E1AF0E476724D6FC9270F3C5F6CB68\r\nParentProcessGuid: {de7f78ee-0035-6980-0f00-000000001e00}\r\nParentProcessId: 896\r\nParentImage: C:\\Windows\\System32\\svchost.exe\r\nParentCommandLine: C:\\Windows\\system32\\svchost.exe -k DcomLaunch -p\r\nParentUser: NT AUTHORITY\\SYSTEM\""},"eventdata":{"utcTime":"2026-02-04 03:59:29.200","processGuid":"{de7f78ee-c421-6982-1b09-000000001e00}","processId":"4356","image":"C:\\\\Program Files\\\\WindowsApps\\\\Microsoft.WindowsTerminal_1.23.20211.0_x64__8wekyb3d8bbwe\\\\WindowsTerminal.exe","fileVersion":"1.23.2601.21001","description":"Windows Terminal Host","product":"Windows Terminal","company":"Microsoft Corporation","originalFileName":"WindowsTerminal.exe","commandLine":"\\\"C:\\\\Program Files\\\\WindowsApps\\\\Microsoft.WindowsTerminal_1.23.20211.0_x64__8wekyb3d8bbwe\\\\WindowsTerminal.exe\\\" -Embedding","currentDirectory":"C:\\\\Windows\\\\system32\\\\","user":"WINDEV2308EVAL\\\\Secretary","logonGuid":"{de7f78ee-4b47-6982-f4f1-3d0000000000}","logonId":"0x3df1f4","terminalSessionId":"2","integrityLevel":"Medium","hashes":"SHA256=5BE86C25DA23D4C6F0042EF4CD836DECC1E1AF0E476724D6FC9270F3C5F6CB68","parentProcessGuid":"{de7f78ee-0035-6980-0f00-000000001e00}","parentProcessId":"896","parentImage":"C:\\\\Windows\\\\System32\\\\svchost.exe","parentCommandLine":"C:\\\\Windows\\\\system32\\\\svchost.exe -k DcomLaunch -p","parentUser":"NT AUTHORITY\\\\SYSTEM"}}}
2026 Feb 03 20:43:13 (Secretary-Windows) any->EventChannel {"win":{"system":{"providerName":"Microsoft-Windows-Sysmon","providerGuid":"{5770385f-c22a-43e0-bf4c-06f5698ffbd9}","eventID":"1","version":"5","level":"4","task":"1","opcode":"0","keywords":"0x8000000000000000","systemTime":"2026-02-04T03:59:30.4871789Z","eventRecordID":"3046","processID":"2824","threadID":"3588","channel":"Microsoft-Windows-Sysmon/Operational","computer":"WinDev2308Eval","severityValue":"INFORMATION","message":"\"Process Create:\r\nRuleName: -\r\nUtcTime: 2026-02-04 03:59:30.472\r\nProcessGuid: {de7f78ee-c422-6982-1c09-000000001e00}\r\nProcessId: 4252\r\nImage: C:\\Windows\\System32\\taskkill.exe\r\nFileVersion: 10.0.22621.1 (WinBuild.160101.0800)\r\nDescription: Terminates Processes\r\nProduct: Microsoft® Windows® Operating System\r\nCompany: Microsoft Corporation\r\nOriginalFileName: taskkill.exe\r\nCommandLine: taskkill  /IM msedge.exe /F /T \r\nCurrentDirectory: C:\\Users\\Secretary\\user_behavior_generation\\worker\\\r\nUser: WINDEV2308EVAL\\Secretary\r\nLogonGuid: {de7f78ee-4b47-6982-f4f1-3d0000000000}\r\nLogonId: 0x3DF1F4\r\nTerminalSessionId: 2\r\nIntegrityLevel: Medium\r\nHashes: SHA256=75F4AED9BF21D8F9B2B1A2DDBC1F2C7E4E0AEF8B3B94BD5EDA02D9D84C34F33F\r\nParentProcessGuid: {de7f78ee-c420-6982-1609-000000001e00}\r\nParentProcessId: 2856\r\nParentImage: C:\\Windows\\System32\\cmd.exe\r\nParentCommandLine: C:\\Windows\\SYSTEM32\\cmd.exe /c \"\"C:\\Users\\Secretary\\user_behavior_generation\\worker\\browser_task.bat\"\"\r\nParentUser: WINDEV2308EVAL\\Secretary\""},"eventdata":{"utcTime":"2026-02-04 03:59:30.472","processGuid":"{de7f78ee-c422-6982-1c09-000000001e00}","processId":"4252","image":"C:\\\\Windows\\\\System32\\\\taskkill.exe","fileVersion":"10.0.22621.1 (WinBuild.160101.0800)","description":"Terminates Processes","product":"Microsoft® Windows® Operating System","company":"Microsoft Corporation","originalFileName":"taskkill.exe","commandLine":"taskkill  /IM msedge.exe /F /T","currentDirectory":"C:\\\\Users\\\\Secretary\\\\user_behavior_generation\\\\worker\\\\","user":"WINDEV2308EVAL\\\\Secretary","logonGuid":"{de7f78ee-4b47-6982-f4f1-3d0000000000}","logonId":"0x3df1f4","terminalSessionId":"2","integrityLevel":"Medium","hashes":"SHA256=75F4AED9BF21D8F9B2B1A2DDBC1F2C7E4E0AEF8B3B94BD5EDA02D9D84C34F33F","parentProcessGuid":"{de7f78ee-c420-6982-1609-000000001e00}","parentProcessId":"2856","parentImage":"C:\\\\Windows\\\\System32\\\\cmd.exe","parentCommandLine":"C:\\\\Windows\\\\SYSTEM32\\\\cmd.exe /c \\\"\\\"C:\\\\Users\\\\Secretary\\\\user_behavior_generation\\\\worker\\\\browser_task.bat\\\"\\\"","parentUser":"WINDEV2308EVAL\\\\Secretary"}}}
2026 Feb 03 20:43:13 (OPNsense.localdomain) any->syscollector {"data":{"architecture":"amd64","checksum":"55ad6db3a0119e9701e3ce83b6a21b4135641b7d","description":"Command line editor library","format":"pkg","groups":" ","install_time":"1767391929","item_id":"114647b114c36ea69e90b94c1a763a4099dcf1b9","location":" ","name":"libedit","priority":" ","scan_time":"2026/02/03 19:12:07","size":"638842","source":"OPNsense","vendor":"bapt@FreeBSD.org","version":"3.1.20240808,1"},"operation":"MODIFIED","type":"dbsync_packages"}
2026 Feb 03 20:43:13 (Secretary-Windows) any->EventChannel {"win":{"system":{"providerName":"Microsoft-Windows-Sysmon","providerGuid":"{5770385f-c22a-43e0-bf4c-06f5698ffbd9}","eventID":"1","version":"5","level":"4","task":"1","opcode":"0","keywords":"0x8000000000000000","systemTime":"2026-02-04T03:59:30.6728621Z","eventRecordID":"3047","processID":"2824","threadID":"3588","channel":"Microsoft-Windows-Sysmon/Operational","computer":"WinDev2308Eval","severityValue":"INFORMATION","message":"\"Process Create:\r\nRuleName: -\r\nUtcTime: 2026-02-04 03:59:30.667\r\nProcessGuid: {de7f78ee-c422-6982-1d09-000000001e00}\r\nProcessId: 4180\r\nImage: C:\\Windows\\System32\\wbem\\WmiPrvSE.exe\r\nFileVersion: 10.0.22621.1 (WinBuild.160101.0800)\r\nDescription: WMI Provider Host\r\nProduct: Microsoft® Windows® Operating System\r\nCompany: Microsoft Corporation\r\nOriginalFileName: Wmiprvse.exe\r\nCommandLine: C:\\Windows\\system32\\wbem\\wmiprvse.exe -secured -Embedding\r\nCurrentDirectory: C:\\Windows\\system32\\\r\nUser: NT AUTHORITY\\NETWORK SERVICE\r\nLogonGuid: {de7f78ee-0036-6980-e403-000000000000}\r\nLogonId: 0x3E4\r\nTerminalSessionId: 0\r\nIntegrityLevel: System\r\nHashes: SHA256=196CABED59111B6C4BBF78C84A56846D96CBBC4F06935A4FD4E6432EF0AE4083\r\nParentProcessGuid: {de7f78ee-0035-6980-0f00-000000001e00}\r\nParentProcessId: 896\r\nParentImage: C:\\Windows\\System32\\svchost.exe\r\nParentCommandLine: C:\\Windows\\system32\\svchost.exe -k DcomLaunch -p\r\nParentUser: NT AUTHORITY\\SYSTEM\""},"eventdata":{"utcTime":"2026-02-04 03:59:30.667","processGuid":"{de7f78ee-c422-6982-1d09-000000001e00}","processId":"4180","image":"C:\\\\Windows\\\\System32\\\\wbem\\\\WmiPrvSE.exe","fileVersion":"10.0.22621.1 (WinBuild.160101.0800)","description":"WMI Provider Host","product":"Microsoft® Windows® Operating System","company":"Microsoft Corporation","originalFileName":"Wmiprvse.exe","commandLine":"C:\\\\Windows\\\\system32\\\\wbem\\\\wmiprvse.exe -secured -Embedding","currentDirectory":"C:\\\\Windows\\\\system32\\\\","user":"NT AUTHORITY\\\\NETWORK SERVICE","logonGuid":"{de7f78ee-0036-6980-e403-000000000000}","logonId":"0x3e4","terminalSessionId":"0","integrityLevel":"System","hashes":"SHA256=196CABED59111B6C4BBF78C84A56846D96CBBC4F06935A4FD4E6432EF0AE4083","parentProcessGuid":"{de7f78ee-0035-6980-0f00-000000001e00}","parentProcessId":"896","parentImage":"C:\\\\Windows\\\\System32\\\\svchost.exe","parentCommandLine":"C:\\\\Windows\\\\system32\\\\svchost.exe -k DcomLaunch -p","parentUser":"NT AUTHORITY\\\\SYSTEM"}}}
2026 Feb 03 20:43:14 (Secretary-Windows) any->EventChannel {"win":{"system":{"providerName":"Microsoft-Windows-Sysmon","providerGuid":"{5770385f-c22a-43e0-bf4c-06f5698ffbd9}","eventID":"5","version":"3","level":"4","task":"5","opcode":"0","keywords":"0x8000000000000000","systemTime":"2026-02-04T03:59:30.8293934Z","eventRecordID":"3048","processID":"2824","threadID":"3588","channel":"Microsoft-Windows-Sysmon/Operational","computer":"WinDev2308Eval","severityValue":"INFORMATION","message":"\"Process terminated:\r\nRuleName: -\r\nUtcTime: 2026-02-04 03:59:30.823\r\nProcessGuid: {de7f78ee-c422-6982-1c09-000000001e00}\r\nProcessId: 4252\r\nImage: C:\\Windows\\System32\\taskkill.exe\r\nUser: WINDEV2308EVAL\\Secretary\""},"eventdata":{"utcTime":"2026-02-04 03:59:30.823","processGuid":"{de7f78ee-c422-6982-1c09-000000001e00}","processId":"4252","image":"C:\\\\Windows\\\\System32\\\\taskkill.exe","user":"WINDEV2308EVAL\\\\Secretary"}}}
2026 Feb 03 20:43:14 (Secretary-Windows) any->EventChannel {"win":{"system":{"providerName":"Microsoft-Windows-Sysmon","providerGuid":"{5770385f-c22a-43e0-bf4c-06f5698ffbd9}","eventID":"1","version":"5","level":"4","task":"1","opcode":"0","keywords":"0x8000000000000000","systemTime":"2026-02-04T03:59:30.8491328Z","eventRecordID":"3049","processID":"2824","threadID":"3588","channel":"Microsoft-Windows-Sysmon/Operational","computer":"WinDev2308Eval","severityValue":"INFORMATION","message":"\"Process Create:\r\nRuleName: -\r\nUtcTime: 2026-02-04 03:59:30.837\r\nProcessGuid: {de7f78ee-c422-6982-1e09-000000001e00}\r\nProcessId: 2568\r\nImage: C:\\Users\\Secretary\\user_behavior_generation\\worker\\venv\\Scripts\\python.exe\r\nFileVersion: 3.14.2\r\nDescription: Python\r\nProduct: Python\r\nCompany: Python Software Foundation\r\nOriginalFileName: py.exe\r\nCommandLine: .\\venv\\Scripts\\python.exe  smart_worker.py \"https://www.google.com\" \"generic\"\r\nCurrentDirectory: C:\\Users\\Secretary\\user_behavior_generation\\worker\\\r\nUser: WINDEV2308EVAL\\Secretary\r\nLogonGuid: {de7f78ee-4b47-6982-f4f1-3d0000000000}\r\nLogonId: 0x3DF1F4\r\nTerminalSessionId: 2\r\nIntegrityLevel: Medium\r\nHashes: SHA256=E725F520CFBB2E4844FE0A9FC8949236F20B0D67E470D1232618B99504A0691A\r\nParentProcessGuid: {de7f78ee-c420-6982-1609-000000001e00}\r\nParentProcessId: 2856\r\nParentImage: C:\\Windows\\System32\\cmd.exe\r\nParentCommandLine: C:\\Windows\\SYSTEM32\\cmd.exe /c \"\"C:\\Users\\Secretary\\user_behavior_generation\\worker\\browser_task.bat\"\"\r\nParentUser: WINDEV2308EVAL\\Secretary\""},"eventdata":{"utcTime":"2026-02-04 03:59:30.837","processGuid":"{de7f78ee-c422-6982-1e09-000000001e00}","processId":"2568","image":"C:\\\\Users\\\\Secretary\\\\user_behavior_generation\\\\worker\\\\venv\\\\Scripts\\\\python.exe","fileVersion":"3.14.2","description":"Python","product":"Python","company":"Python Software Foundation","originalFileName":"py.exe","commandLine":".\\\\venv\\\\Scripts\\\\python.exe  smart_worker.py \\\"https://www.google.com\\\" \\\"generic\\\"","currentDirectory":"C:\\\\Users\\\\Secretary\\\\user_behavior_generation\\\\worker\\\\","user":"WINDEV2308EVAL\\\\Secretary","logonGuid":"{de7f78ee-4b47-6982-f4f1-3d0000000000}","logonId":"0x3df1f4","terminalSessionId":"2","integrityLevel":"Medium","hashes":"SHA256=E725F520CFBB2E4844FE0A9FC8949236F20B0D67E470D1232618B99504A0691A","parentProcessGuid":"{de7f78ee-c420-6982-1609-000000001e00}","parentProcessId":"2856","parentImage":"C:\\\\Windows\\\\System32\\\\cmd.exe","parentCommandLine":"C:\\\\Windows\\\\SYSTEM32\\\\cmd.exe /c \\\"\\\"C:\\\\Users\\\\Secretary\\\\user_behavior_generation\\\\worker\\\\browser_task.bat\\\"\\\"","parentUser":"WINDEV2308EVAL\\\\Secretary"}}}
2026 Feb 03 20:43:14 (Secretary-Windows) any->EventChannel {"win":{"system":{"providerName":"Microsoft-Windows-Sysmon","providerGuid":"{5770385f-c22a-43e0-bf4c-06f5698ffbd9}","eventID":"1","version":"5","level":"4","task":"1","opcode":"0","keywords":"0x8000000000000000","systemTime":"2026-02-04T03:59:30.8754425Z","eventRecordID":"3050","processID":"2824","threadID":"3588","channel":"Microsoft-Windows-Sysmon/Operational","computer":"WinDev2308Eval","severityValue":"INFORMATION","message":"\"Process Create:\r\nRuleName: -\r\nUtcTime: 2026-02-04 03:59:30.862\r\nProcessGuid: {de7f78ee-c422-6982-1f09-000000001e00}\r\nProcessId: 5924\r\nImage: C:\\Users\\Secretary\\AppData\\Local\\Programs\\Python\\Python314\\python.exe\r\nFileVersion: 3.14.2\r\nDescription: Python\r\nProduct: Python\r\nCompany: Python Software Foundation\r\nOriginalFileName: python.exe\r\nCommandLine: .\\venv\\Scripts\\python.exe  smart_worker.py \"https://www.google.com\" \"generic\"\r\nCurrentDirectory: C:\\Users\\Secretary\\user_behavior_generation\\worker\\\r\nUser: WINDEV2308EVAL\\Secretary\r\nLogonGuid: {de7f78ee-4b47-6982-f4f1-3d0000000000}\r\nLogonId: 0x3DF1F4\r\nTerminalSessionId: 2\r\nIntegrityLevel: Medium\r\nHashes: SHA256=FDA7026477256845AFAB371E354C4D512896665F1761939CB5887D0A9DEC257A\r\nParentProcessGuid: {de7f78ee-c422-6982-1e09-000000001e00}\r\nParentProcessId: 2568\r\nParentImage: C:\\Users\\Secretary\\user_behavior_generation\\worker\\venv\\Scripts\\python.exe\r\nParentCommandLine: .\\venv\\Scripts\\python.exe  smart_worker.py \"https://www.google.com\" \"generic\"\r\nParentUser: WINDEV2308EVAL\\Secretary\""},"eventdata":{"utcTime":"2026-02-04 03:59:30.862","processGuid":"{de7f78ee-c422-6982-1f09-000000001e00}","processId":"5924","image":"C:\\\\Users\\\\Secretary\\\\AppData\\\\Local\\\\Programs\\\\Python\\\\Python314\\\\python.exe","fileVersion":"3.14.2","description":"Python","product":"Python","company":"Python Software Foundation","originalFileName":"python.exe","commandLine":".\\\\venv\\\\Scripts\\\\python.exe  smart_worker.py \\\"https://www.google.com\\\" \\\"generic\\\"","currentDirectory":"C:\\\\Users\\\\Secretary\\\\user_behavior_generation\\\\worker\\\\","user":"WINDEV2308EVAL\\\\Secretary","logonGuid":"{de7f78ee-4b47-6982-f4f1-3d0000000000}","logonId":"0x3df1f4","terminalSessionId":"2","integrityLevel":"Medium","hashes":"SHA256=FDA7026477256845AFAB371E354C4D512896665F1761939CB5887D0A9DEC257A","parentProcessGuid":"{de7f78ee-c422-6982-1e09-000000001e00}","parentProcessId":"2568","parentImage":"C:\\\\Users\\\\Secretary\\\\user_behavior_generation\\\\worker\\\\venv\\\\Scripts\\\\python.exe","parentCommandLine":".\\\\venv\\\\Scripts\\\\python.exe  smart_worker.py \\\"https://www.google.com\\\" \\\"generic\\\"","parentUser":"WINDEV2308EVAL\\\\Secretary"}}}
2026 Feb 03 20:43:14 (Secretary-Windows) any->syscollector {"data":{"adapter":"Intel(R) PRO/1000 MT Network Connection #3","checksum":"842b3b6cdb0bfff6d7ab74aa2574922b003556ca","item_id":"85ffb992fd77ffe952620ff1b5a9fd22275282af","mac":"0c:c8:89:9e:00:00","mtu":1500,"name":"Ethernet","rx_bytes":471414679,"rx_dropped":0,"rx_errors":0,"rx_packets":2258163,"scan_time":"2026/02/04 03:12:06","state":"up","tx_bytes":4128107221,"tx_dropped":0,"tx_errors":0,"tx_packets":6270856,"type":"ethernet"},"operation":"MODIFIED","type":"dbsync_network_iface"}
2026 Feb 03 20:43:14 (Secretary-Windows) any->EventChannel {"win":{"system":{"providerName":"Microsoft-Windows-Sysmon","providerGuid":"{5770385f-c22a-43e0-bf4c-06f5698ffbd9}","eventID":"1","version":"5","level":"4","task":"1","opcode":"0","keywords":"0x8000000000000000","systemTime":"2026-02-04T03:59:32.8452737Z","eventRecordID":"3051","processID":"2824","threadID":"3588","channel":"Microsoft-Windows-Sysmon/Operational","computer":"WinDev2308Eval","severityValue":"INFORMATION","message":"\"Process Create:\r\nRuleName: -\r\nUtcTime: 2026-02-04 03:59:32.824\r\nProcessGuid: {de7f78ee-c424-6982-2009-000000001e00}\r\nProcessId: 5024\r\nImage: C:\\Windows\\System32\\cmd.exe\r\nFileVersion: 10.0.22621.5840 (WinBuild.160101.0800)\r\nDescription: Windows Command Processor\r\nProduct: Microsoft® Windows® Operating System\r\nCompany: Microsoft Corporation\r\nOriginalFileName: Cmd.Exe\r\nCommandLine: C:\\Windows\\system32\\cmd.exe /c \"(dir 2>&1 *`|echo CMD);&<# rem #>echo powershell\"\r\nCurrentDirectory: C:\\Users\\Secretary\\user_behavior_generation\\worker\\\r\nUser: WINDEV2308EVAL\\Secretary\r\nLogonGuid: {de7f78ee-4b47-6982-f4f1-3d0000000000}\r\nLogonId: 0x3DF1F4\r\nTerminalSessionId: 2\r\nIntegrityLevel: Medium\r\nHashes: SHA256=ED1358CB5F7A7E4FA21E6B07EF1C6F664F0D363C60B4641AFF43F5602A0B3F6E\r\nParentProcessGuid: {de7f78ee-c422-6982-1f09-000000001e00}\r\nParentProcessId: 5924\r\nParentImage: C:\\Users\\Secretary\\AppData\\Local\\Programs\\Python\\Python314\\python.exe\r\nParentCommandLine: .\\venv\\Scripts\\python.exe  smart_worker.py \"https://www.google.com\" \"generic\"\r\nParentUser: WINDEV2308EVAL\\Secretary\""},"eventdata":{"utcTime":"2026-02-04 03:59:32.824","processGuid":"{de7f78ee-c424-6982-2009-000000001e00}","processId":"5024","image":"C:\\\\Windows\\\\System32\\\\cmd.exe","fileVersion":"10.0.22621.5840 (WinBuild.160101.0800)","description":"Windows Command Processor","product":"Microsoft® Windows® Operating System","company":"Microsoft Corporation","originalFileName":"Cmd.Exe","commandLine":"C:\\\\Windows\\\\system32\\\\cmd.exe /c \\\"(dir 2&gt;&amp;1 *`|echo CMD);&amp;&lt;# rem #&gt;echo powershell\\\"","currentDirectory":"C:\\\\Users\\\\Secretary\\\\user_behavior_generation\\\\worker\\\\","user":"WINDEV2308EVAL\\\\Secretary","logonGuid":"{de7f78ee-4b47-6982-f4f1-3d0000000000}","logonId":"0x3df1f4","terminalSessionId":"2","integrityLevel":"Medium","hashes":"SHA256=ED1358CB5F7A7E4FA21E6B07EF1C6F664F0D363C60B4641AFF43F5602A0B3F6E","parentProcessGuid":"{de7f78ee-c422-6982-1f09-000000001e00}","parentProcessId":"5924","parentImage":"C:\\\\Users\\\\Secretary\\\\AppData\\\\Local\\\\Programs\\\\Python\\\\Python314\\\\python.exe","parentCommandLine":".\\\\venv\\\\Scripts\\\\python.exe  smart_worker.py \\\"https://www.google.com\\\" \\\"generic\\\"","parentUser":"WINDEV2308EVAL\\\\Secretary"}}}
2026 Feb 03 20:43:14 (Secretary-Windows) any->EventChannel {"win":{"system":{"providerName":"Microsoft-Windows-Sysmon","providerGuid":"{5770385f-c22a-43e0-bf4c-06f5698ffbd9}","eventID":"1","version":"5","level":"4","task":"1","opcode":"0","keywords":"0x8000000000000000","systemTime":"2026-02-04T03:59:32.8801016Z","eventRecordID":"3052","processID":"2824","threadID":"3588","channel":"Microsoft-Windows-Sysmon/Operational","computer":"WinDev2308Eval","severityValue":"INFORMATION","message":"\"Process Create:\r\nRuleName: -\r\nUtcTime: 2026-02-04 03:59:32.868\r\nProcessGuid: {de7f78ee-c424-6982-2109-000000001e00}\r\nProcessId: 4360\r\nImage: C:\\Windows\\System32\\cmd.exe\r\nFileVersion: 10.0.22621.5840 (WinBuild.160101.0800)\r\nDescription: Windows Command Processor\r\nProduct: Microsoft® Windows® Operating System\r\nCompany: Microsoft Corporation\r\nOriginalFileName: Cmd.Exe\r\nCommandLine: C:\\Windows\\system32\\cmd.exe  /S /D /c\" dir  *` 2>&1\"\r\nCurrentDirectory: C:\\Users\\Secretary\\user_behavior_generation\\worker\\\r\nUser: WINDEV2308EVAL\\Secretary\r\nLogonGuid: {de7f78ee-4b47-6982-f4f1-3d0000000000}\r\nLogonId: 0x3DF1F4\r\nTerminalSessionId: 2\r\nIntegrityLevel: Medium\r\nHashes: SHA256=ED1358CB5F7A7E4FA21E6B07EF1C6F664F0D363C60B4641AFF43F5602A0B3F6E\r\nParentProcessGuid: {de7f78ee-c424-6982-2009-000000001e00}\r\nParentProcessId: 5024\r\nParentImage: C:\\Windows\\System32\\cmd.exe\r\nParentCommandLine: C:\\Windows\\system32\\cmd.exe /c \"(dir 2>&1 *`|echo CMD);&<# rem #>echo powershell\"\r\nParentUser: WINDEV2308EVAL\\Secretary\""},"eventdata":{"utcTime":"2026-02-04 03:59:32.868","processGuid":"{de7f78ee-c424-6982-2109-000000001e00}","processId":"4360","image":"C:\\\\Windows\\\\System32\\\\cmd.exe","fileVersion":"10.0.22621.5840 (WinBuild.160101.0800)","description":"Windows Command Processor","product":"Microsoft® Windows® Operating System","company":"Microsoft Corporation","originalFileName":"Cmd.Exe","commandLine":"C:\\\\Windows\\\\system32\\\\cmd.exe  /S /D /c\\\" dir  *` 2&gt;&amp;1\\\"","currentDirectory":"C:\\\\Users\\\\Secretary\\\\user_behavior_generation\\\\worker\\\\","user":"WINDEV2308EVAL\\\\Secretary","logonGuid":"{de7f78ee-4b47-6982-f4f1-3d0000000000}","logonId":"0x3df1f4","terminalSessionId":"2","integrityLevel":"Medium","hashes":"SHA256=ED1358CB5F7A7E4FA21E6B07EF1C6F664F0D363C60B4641AFF43F5602A0B3F6E","parentProcessGuid":"{de7f78ee-c424-6982-2009-000000001e00}","parentProcessId":"5024","parentImage":"C:\\\\Windows\\\\System32\\\\cmd.exe","parentCommandLine":"C:\\\\Windows\\\\system32\\\\cmd.exe /c \\\"(dir 2&gt;&amp;1 *`|echo CMD);&amp;&lt;# rem #&gt;echo powershell\\\"","parentUser":"WINDEV2308EVAL\\\\Secretary"}}}
2026 Feb 03 20:43:14 (Secretary-Windows) any->EventChannel {"win":{"system":{"providerName":"Microsoft-Windows-Sysmon","providerGuid":"{5770385f-c22a-43e0-bf4c-06f5698ffbd9}","eventID":"1","version":"5","level":"4","task":"1","opcode":"0","keywords":"0x8000000000000000","systemTime":"2026-02-04T03:59:32.9011899Z","eventRecordID":"3053","processID":"2824","threadID":"3588","channel":"Microsoft-Windows-Sysmon/Operational","computer":"WinDev2308Eval","severityValue":"INFORMATION","message":"\"Process Create:\r\nRuleName: -\r\nUtcTime: 2026-02-04 03:59:32.886\r\nProcessGuid: {de7f78ee-c424-6982-2209-000000001e00}\r\nProcessId: 2116\r\nImage: C:\\Windows\\System32\\cmd.exe\r\nFileVersion: 10.0.22621.5840 (WinBuild.160101.0800)\r\nDescription: Windows Command Processor\r\nProduct: Microsoft® Windows® Operating System\r\nCompany: Microsoft Corporation\r\nOriginalFileName: Cmd.Exe\r\nCommandLine: C:\\Windows\\system32\\cmd.exe  /S /D /c\" echo CMD\"\r\nCurrentDirectory: C:\\Users\\Secretary\\user_behavior_generation\\worker\\\r\nUser: WINDEV2308EVAL\\Secretary\r\nLogonGuid: {de7f78ee-4b47-6982-f4f1-3d0000000000}\r\nLogonId: 0x3DF1F4\r\nTerminalSessionId: 2\r\nIntegrityLevel: Medium\r\nHashes: SHA256=ED1358CB5F7A7E4FA21E6B07EF1C6F664F0D363C60B4641AFF43F5602A0B3F6E\r\nParentProcessGuid: {de7f78ee-c424-6982-2009-000000001e00}\r\nParentProcessId: 5024\r\nParentImage: C:\\Windows\\System32\\cmd.exe\r\nParentCommandLine: C:\\Windows\\system32\\cmd.exe /c \"(dir 2>&1 *`|echo CMD);&<# rem #>echo powershell\"\r\nParentUser: WINDEV2308EVAL\\Secretary\""},"eventdata":{"utcTime":"2026-02-04 03:59:32.886","processGuid":"{de7f78ee-c424-6982-2209-000000001e00}","processId":"2116","image":"C:\\\\Windows\\\\System32\\\\cmd.exe","fileVersion":"10.0.22621.5840 (WinBuild.160101.0800)","description":"Windows Command Processor","product":"Microsoft® Windows® Operating System","company":"Microsoft Corporation","originalFileName":"Cmd.Exe","commandLine":"C:\\\\Windows\\\\system32\\\\cmd.exe  /S /D /c\\\" echo CMD\\\"","currentDirectory":"C:\\\\Users\\\\Secretary\\\\user_behavior_generation\\\\worker\\\\","user":"WINDEV2308EVAL\\\\Secretary","logonGuid":"{de7f78ee-4b47-6982-f4f1-3d0000000000}","logonId":"0x3df1f4","terminalSessionId":"2","integrityLevel":"Medium","hashes":"SHA256=ED1358CB5F7A7E4FA21E6B07EF1C6F664F0D363C60B4641AFF43F5602A0B3F6E","parentProcessGuid":"{de7f78ee-c424-6982-2009-000000001e00}","parentProcessId":"5024","parentImage":"C:\\\\Windows\\\\System32\\\\cmd.exe","parentCommandLine":"C:\\\\Windows\\\\system32\\\\cmd.exe /c \\\"(dir 2&gt;&amp;1 *`|echo CMD);&amp;&lt;# rem #&gt;echo powershell\\\"","parentUser":"WINDEV2308EVAL\\\\Secretary"}}}
2026 Feb 03 20:43:14 (Secretary-Windows) any->EventChannel {"win":{"system":{"providerName":"Microsoft-Windows-Sysmon","providerGuid":"{5770385f-c22a-43e0-bf4c-06f5698ffbd9}","eventID":"5","version":"3","level":"4","task":"5","opcode":"0","keywords":"0x8000000000000000","systemTime":"2026-02-04T03:59:32.9091275Z","eventRecordID":"3054","processID":"2824","threadID":"3588","channel":"Microsoft-Windows-Sysmon/Operational","computer":"WinDev2308Eval","severityValue":"INFORMATION","message":"\"Process terminated:\r\nRuleName: -\r\nUtcTime: 2026-02-04 03:59:32.903\r\nProcessGuid: {de7f78ee-c424-6982-2109-000000001e00}\r\nProcessId: 4360\r\nImage: C:\\Windows\\System32\\cmd.exe\r\nUser: WINDEV2308EVAL\\Secretary\""},"eventdata":{"utcTime":"2026-02-04 03:59:32.903","processGuid":"{de7f78ee-c424-6982-2109-000000001e00}","processId":"4360","image":"C:\\\\Windows\\\\System32\\\\cmd.exe","user":"WINDEV2308EVAL\\\\Secretary"}}}
2026 Feb 03 20:43:14 (Secretary-Windows) any->EventChannel {"win":{"system":{"providerName":"Microsoft-Windows-Sysmon","providerGuid":"{5770385f-c22a-43e0-bf4c-06f5698ffbd9}","eventID":"5","version":"3","level":"4","task":"5","opcode":"0","keywords":"0x8000000000000000","systemTime":"2026-02-04T03:59:32.9247072Z","eventRecordID":"3055","processID":"2824","threadID":"3588","channel":"Microsoft-Windows-Sysmon/Operational","computer":"WinDev2308Eval","severityValue":"INFORMATION","message":"\"Process terminated:\r\nRuleName: -\r\nUtcTime: 2026-02-04 03:59:32.918\r\nProcessGuid: {de7f78ee-c424-6982-2209-000000001e00}\r\nProcessId: 2116\r\nImage: C:\\Windows\\System32\\cmd.exe\r\nUser: WINDEV2308EVAL\\Secretary\""},"eventdata":{"utcTime":"2026-02-04 03:59:32.918","processGuid":"{de7f78ee-c424-6982-2209-000000001e00}","processId":"2116","image":"C:\\\\Windows\\\\System32\\\\cmd.exe","user":"WINDEV2308EVAL\\\\Secretary"}}}
