2026 Feb 03 20:43:08 (OPNsense.localdomain) any->/var/ossec/logs/opnsense_syslog.log Feb  3 19:20:42 OPNsense.localdomain filterlog[44472]: 24,,,02f4bab031b57d1e30553ce08e0ec131,vlan0.40,match,block,in,4,0x0,,128,23915,0,none,17,udp,78,10.0.40.13,10.0.40.255,137,137,58
2026 Feb 03 20:43:08 (OPNsense.localdomain) any->/var/ossec/logs/opnsense_syslog.log Feb  3 19:20:41 OPNsense.localdomain filterlog[44472]: 24,,,02f4bab031b57d1e30553ce08e0ec131,vlan0.40,match,block,in,4,0x0,,128,23914,0,none,17,udp,78,10.0.40.13,10.0.40.255,137,137,58
2026 Feb 03 20:43:08 (OPNsense.localdomain) any->/var/ossec/logs/opnsense_syslog.log Feb  3 19:20:42 OPNsense.localdomain filterlog[44472]: 24,,,02f4bab031b57d1e30553ce08e0ec131,vlan0.40,match,block,in,4,0x0,,128,23915,0,none,17,udp,78,10.0.40.13,10.0.40.255,137,137,58
2026 Feb 03 20:43:08 (OPNsense.localdomain) any->/var/ossec/logs/opnsense_syslog.log Feb  3 19:20:43 OPNsense.localdomain filterlog[44472]: 24,,,02f4bab031b57d1e30553ce08e0ec131,vlan0.40,match,block,in,4,0x0,,128,23916,0,none,17,udp,78,10.0.40.13,10.0.40.255,137,137,58
2026 Feb 03 20:43:08 (OPNsense.localdomain) any->/var/ossec/logs/opnsense_syslog.log Feb  3 19:20:43 OPNsense.localdomain filterlog[44472]: 24,,,02f4bab031b57d1e30553ce08e0ec131,vlan0.40,match,block,in,4,0x0,,128,23916,0,none,17,udp,78,10.0.40.13,10.0.40.255,137,137,58
2026 Feb 03 20:43:08 (OPNsense.localdomain) any->/var/ossec/logs/opnsense_syslog.log Feb  3 19:20:55 OPNsense.localdomain filterlog[44472]: 118,,,6125cb207f65033775d1069fdf6d0ccf,vtnet0,match,pass,out,4,0xb8,,64,43316,0,none,17,udp,76,203.0.213.2,85.199.214.99,123,123,56
2026 Feb 03 20:43:08 (OPNsense.localdomain) any->/var/ossec/logs/opnsense_syslog.log Feb  3 19:21:09 OPNsense.localdomain filterlog[44472]: 115,,,fae559338f65e11c53669fc3642c93c2,vlan0.99,match,pass,out,4,0x0,,127,1872,0,DF,6,tcp,52,10.0.40.13,10.0.99.14,52338,1514,0,S,423524568,,64240,,mss;nop;wscale;nop;nop;sackOK
2026 Feb 03 20:43:08 (OPNsense.localdomain) any->/var/ossec/logs/opnsense_syslog.log Feb  3 19:21:19 OPNsense.localdomain filterlog[44472]: 47,,,42e9d787749713a849d8e92432efdfaa,lo0,match,pass,in,6,0x00,0x00000,255,ipv6-icmp,58,56,fe80::ea4:faff:fec8:2,ff02::1,datalength=56
2026 Feb 03 20:43:08 (OPNsense.localdomain) any->/var/ossec/logs/opnsense_syslog.log Feb  3 19:21:19 OPNsense.localdomain filterlog[44472]: 37,,,acdbb900b50d8fb4ae21ddfdc609ecf8,vtnet2,match,pass,out,6,0x00,0x00000,255,ipv6-icmp,58,56,fe80::ea4:faff:fec8:2,ff02::1,datalength=56
2026 Feb 03 20:43:08 (Secretary-Windows) any->EventChannel {"win":{"system":{"providerName":"Microsoft-Windows-Sysmon","providerGuid":"{5770385f-c22a-43e0-bf4c-06f5698ffbd9}","eventID":"1","version":"5","level":"4","task":"1","opcode":"0","keywords":"0x8000000000000000","systemTime":"2026-02-04T03:33:54.2619873Z","eventRecordID":"2748","processID":"2824","threadID":"3588","channel":"Microsoft-Windows-Sysmon/Operational","computer":"WinDev2308Eval","severityValue":"INFORMATION","message":"\"Process Create:\r\nRuleName: -\r\nUtcTime: 2026-02-04 03:33:54.229\r\nProcessGuid: {de7f78ee-be22-6982-8e08-000000001e00}\r\nProcessId: 1176\r\nImage: C:\\Program Files (x86)\\Microsoft\\Edge\\Application\\msedge.exe\r\nFileVersion: 144.0.3719.104\r\nDescription: Microsoft Edge\r\nProduct: Microsoft Edge\r\nCompany: Microsoft Corporation\r\nOriginalFileName: msedge.exe\r\nCommandLine: \"C:\\Program Files (x86)\\Microsoft\\Edge\\Application\\msedge.exe\" --type=utility --utility-sub-type=asset_store.mojom.AssetStoreService --lang=en-US --service-sandbox-type=asset_store_service --noerrdialogs --user-data-dir=\"C:\\Users\\SECRET~1\\AppData\\Local\\Temp\\scoped_dir6216_650965905\" --skip-read-main-dll --field-trial-handle=2436,i,14337498407806940781,10433881642979078379,262144 --enable-features=msMetricsLogFastStartup,msSendMetricsLogOnClose --disable-features=IgnoreDuplicateNavs,PaintHolding,Prewarm --variations-seed-version --trace-process-track-uuid=3190708998493415531 --enable-logging=handle --log-file=5276 --log-level=0 --mojo-platform-channel-handle=5228 /prefetch:14\r\nCurrentDirectory: C:\\Program Files (x86)\\Microsoft\\Edge\\Application\\144.0.3719.104\\\r\nUser: WINDEV2308EVAL\\Secretary\r\nLogonGuid: {de7f78ee-4b47-6982-f4f1-3d0000000000}\r\nLogonId: 0x3DF1F4\r\nTerminalSessionId: 2\r\nIntegrityLevel: Low\r\nHashes: SHA256=C93DB508A45D9D394C38BA5BDC9A131C4CA09D4BF96EED2AD4794E10E359D2B8\r\nParentProcessGuid: {de7f78ee-be19-6982-8108-000000001e00}\r\nParentProcessId: 1844\r\nParentImage: C:\\Program Files (x86)\\Microsoft\\Edge\\Application\\msedge.exe\r\nParentCommandLine: \"C:\\Program Files (x86)\\Microsoft\\Edge\\Application\\msedge.exe\" --allow-pre-commit-input --disable-background-networking --disable-backgrounding-occluded-windows --disable-client-side-phishing-detection --disable-default-apps --disable-features=IgnoreDuplicateNavs,Prewarm --disable-hang-monitor --disable-popup-blocking --disable-prompt-on-repost --disable-sync --edge-skip-compat-layer-relaunch --enable-automation --enable-logging --headless --log-level=0 --no-first-run --no-service-autorun --password-store=basic --remote-debugging-port=0 --start-maximized --test-type=webdriver --use-mock-keychain --user-data-dir=\"C:\\Users\\SECRET~1\\AppData\\Local\\Temp\\scoped_dir6216_650965905\" --window-size=1920,1080 data:,\r\nParentUser: WINDEV2308EVAL\\Secretary\""},"eventdata":{"utcTime":"2026-02-04 03:33:54.229","processGuid":"{de7f78ee-be22-6982-8e08-000000001e00}","processId":"1176","image":"C:\\\\Program Files (x86)\\\\Microsoft\\\\Edge\\\\Application\\\\msedge.exe","fileVersion":"144.0.3719.104","description":"Microsoft Edge","product":"Microsoft Edge","company":"Microsoft Corporation","originalFileName":"msedge.exe","commandLine":"\\\"C:\\\\Program Files (x86)\\\\Microsoft\\\\Edge\\\\Application\\\\msedge.exe\\\" --type=utility --utility-sub-type=asset_store.mojom.AssetStoreService --lang=en-US --service-sandbox-type=asset_store_service --noerrdialogs --user-data-dir=\\\"C:\\\\Users\\\\SECRET~1\\\\AppData\\\\Local\\\\Temp\\\\scoped_dir6216_650965905\\\" --skip-read-main-dll --field-trial-handle=2436,i,14337498407806940781,10433881642979078379,262144 --enable-features=msMetricsLogFastStartup,msSendMetricsLogOnClose --disable-features=IgnoreDuplicateNavs,PaintHolding,Prewarm --variations-seed-version --trace-process-track-uuid=3190708998493415531 --enable-logging=handle --log-file=5276 --log-level=0 --mojo-platform-channel-handle=5228 /prefetch:14","currentDirectory":"C:\\\\Program Files (x86)\\\\Microsoft\\\\Edge\\\\Application\\\\144.0.3719.104\\\\","user":"WINDEV2308EVAL\\\\Secretary","logonGuid":"{de7f78ee-4b47-6982-f4f1-3d0000000000}","logonId":"0x3df1f4","terminalSessionId":"2","integrityLevel":"Low","hashes":"SHA256=C93DB508A45D9D394C38BA5BDC9A131C4CA09D4BF96EED2AD4794E10E359D2B8","parentProcessGuid":"{de7f78ee-be19-6982-8108-000000001e00}","parentProcessId":"1844","parentImage":"C:\\\\Program Files (x86)\\\\Microsoft\\\\Edge\\\\Application\\\\msedge.exe","parentCommandLine":"\\\"C:\\\\Program Files (x86)\\\\Microsoft\\\\Edge\\\\Application\\\\msedge.exe\\\" --allow-pre-commit-input --disable-background-networking --disable-backgrounding-occluded-windows --disable-client-side-phishing-detection --disable-default-apps --disable-features=IgnoreDuplicateNavs,Prewarm --disable-hang-monitor --disable-popup-blocking --disable-prompt-on-repost --disable-sync --edge-skip-compat-layer-relaunch --enable-automation --enable-logging --headless --log-level=0 --no-first-run --no-service-autorun --password-store=basic --remote-debugging-port=0 --start-maximized --test-type=webdriver --use-mock-keychain --user-data-dir=\\\"C:\\\\Users\\\\SECRET~1\\\\AppData\\\\Local\\\\Temp\\\\scoped_dir6216_650965905\\\" --window-size=1920,1080 data:,","parentUser":"WINDEV2308EVAL\\\\Secretary"}}}
2026 Feb 03 20:43:08 (OPNsense.localdomain) any->/var/ossec/logs/opnsense_syslog.log Feb  3 19:21:24 OPNsense.localdomain filterlog[44472]: 118,,,6125cb207f65033775d1069fdf6d0ccf,vtnet0,match,pass,out,4,0xb8,,64,38926,0,none,17,udp,76,203.0.213.2,95.110.135.141,123,123,56
2026 Feb 03 20:43:08 (OPNsense.localdomain) any->/var/ossec/logs/opnsense_syslog.log Feb  3 19:21:30 OPNsense.localdomain filterlog[44472]: 115,,,fae559338f65e11c53669fc3642c93c2,vlan0.99,match,pass,out,4,0x0,,127,1877,0,DF,6,tcp,52,10.0.40.13,10.0.99.14,52339,1515,0,S,3744998470,,64240,,mss;nop;wscale;nop;nop;sackOK
2026 Feb 03 20:43:08 (OPNsense.localdomain) any->/var/ossec/logs/opnsense_syslog.log Feb  3 19:21:41 OPNsense.localdomain filterlog[44472]: 115,,,fae559338f65e11c53669fc3642c93c2,vlan0.99,match,pass,out,4,0x0,,64,0,0,DF,6,tcp,60,10.0.99.1,10.0.99.14,33614,1515,0,S,3605275105,,65228,,mss;nop;wscale;sackOK;TS
2026 Feb 03 20:43:08 (OPNsense.localdomain) any->/var/ossec/logs/opnsense_syslog.log Feb  3 19:21:45 OPNsense.localdomain filterlog[44472]: 118,,,6125cb207f65033775d1069fdf6d0ccf,vtnet0,match,pass,out,4,0x0,,64,0,0,DF,17,udp,86,203.0.213.2,193.205.160.139,60296,53,66
2026 Feb 03 20:43:08 (OPNsense.localdomain) any->/var/ossec/logs/opnsense_syslog.log Feb  3 19:21:45 OPNsense.localdomain filterlog[44472]: 118,,,6125cb207f65033775d1069fdf6d0ccf,vtnet0,match,pass,out,4,0x0,,64,0,0,DF,17,udp,86,203.0.213.2,193.205.160.3,27162,53,66
2026 Feb 03 20:43:08 (OPNsense.localdomain) any->/var/ossec/logs/opnsense_syslog.log Feb  3 19:21:45 OPNsense.localdomain filterlog[44472]: 118,,,6125cb207f65033775d1069fdf6d0ccf,vtnet0,match,pass,out,4,0xb8,,64,53059,0,none,17,udp,76,203.0.213.2,172.232.208.229,123,123,56
2026 Feb 03 20:43:08 (OPNsense.localdomain) any->/var/ossec/logs/opnsense_syslog.log Feb  3 19:21:47 OPNsense.localdomain filterlog[44472]: 115,,,fae559338f65e11c53669fc3642c93c2,vtnet0,match,pass,out,4,0x0,,63,44882,0,DF,6,tcp,60,10.0.30.12,140.82.121.4,53516,443,0,S,2043001856,,64240,,mss;sackOK;TS;nop;wscale
2026 Feb 03 20:43:08 (OPNsense.localdomain) any->/var/ossec/logs/opnsense_syslog.log Feb  3 19:21:45 OPNsense.localdomain filterlog[44472]: 118,,,6125cb207f65033775d1069fdf6d0ccf,vtnet0,match,pass,out,4,0xb8,,64,57413,0,none,17,udp,76,203.0.213.2,81.56.230.156,123,123,56
2026 Feb 03 20:43:08 (OPNsense.localdomain) any->/var/ossec/logs/opnsense_syslog.log Feb  3 19:21:47 OPNsense.localdomain filterlog[44472]: 118,,,6125cb207f65033775d1069fdf6d0ccf,vtnet0,match,pass,out,4,0x0,,64,0,0,DF,17,udp,67,203.0.213.2,193.205.160.139,4807,53,47
2026 Feb 03 20:43:08 (OPNsense.localdomain) any->/var/ossec/logs/opnsense_syslog.log Feb  3 19:21:47 OPNsense.localdomain filterlog[44472]: 118,,,6125cb207f65033775d1069fdf6d0ccf,vtnet0,match,pass,out,4,0x0,,64,0,0,DF,17,udp,67,203.0.213.2,193.205.160.139,63633,53,47
2026 Feb 03 20:43:08 (Secretary-Windows) any->EventChannel {"win":{"system":{"providerName":"Microsoft-Windows-Security-Auditing","providerGuid":"{54849625-5478-4994-a5ba-3e3b0328c30d}","eventID":"4799","version":"0","level":"0","task":"13826","opcode":"0","keywords":"0x8020000000000000","systemTime":"2026-02-04T04:10:34.7531327Z","eventRecordID":"52017","processID":"764","threadID":"7592","channel":"Security","computer":"WinDev2308Eval","severityValue":"AUDIT_SUCCESS","message":"\"A security-enabled local group membership was enumerated.\r\n\r\nSubject:\r\n\tSecurity ID:\t\tS-1-5-18\r\n\tAccount Name:\t\tWINDEV2308EVAL$\r\n\tAccount Domain:\t\tWORKGROUP\r\n\tLogon ID:\t\t0x3E7\r\n\r\nGroup:\r\n\tSecurity ID:\t\tS-1-5-32-544\r\n\tGroup Name:\t\tAdministrators\r\n\tGroup Domain:\t\tBuiltin\r\n\r\nProcess Information:\r\n\tProcess ID:\t\t0x438\r\n\tProcess Name:\t\tC:\\Windows\\System32\\svchost.exe\""},"eventdata":{"targetUserName":"Administrators","targetDomainName":"Builtin","targetSid":"S-1-5-32-544","subjectUserSid":"S-1-5-18","subjectUserName":"WINDEV2308EVAL$","subjectDomainName":"WORKGROUP","subjectLogonId":"0x3e7","callerProcessId":"0x438","callerProcessName":"C:\\\\Windows\\\\System32\\\\svchost.exe"}}}
2026 Feb 03 20:43:08 (OPNsense.localdomain) any->/var/ossec/logs/opnsense_syslog.log Feb  3 19:21:47 OPNsense.localdomain filterlog[44472]: 115,,,fae559338f65e11c53669fc3642c93c2,vtnet0,match,pass,out,4,0x0,,63,24439,0,DF,6,tcp,60,10.0.30.12,140.82.121.4,53530,443,0,S,1218908156,,64240,,mss;sackOK;TS;nop;wscale
2026 Feb 03 20:43:08 (OPNsense.localdomain) any->/var/ossec/logs/opnsense_syslog.log Feb  3 19:22:02 OPNsense.localdomain filterlog[44472]: 118,,,6125cb207f65033775d1069fdf6d0ccf,vtnet0,match,pass,out,4,0xb8,,64,64983,0,none,17,udp,76,203.0.213.2,195.32.70.195,123,123,56
2026 Feb 03 20:43:08 (OPNsense.localdomain) any->/var/ossec/logs/opnsense_syslog.log Feb  3 19:22:29 OPNsense.localdomain filterlog[44472]: 118,,,6125cb207f65033775d1069fdf6d0ccf,vtnet0,match,pass,out,4,0xb8,,64,2823,0,none,17,udp,76,203.0.213.2,80.211.238.32,123,123,56
2026 Feb 03 20:43:08 (OPNsense.localdomain) any->/var/ossec/logs/opnsense_syslog.log Feb  3 19:22:32 OPNsense.localdomain filterlog[44472]: 115,,,fae559338f65e11c53669fc3642c93c2,vlan0.99,match,pass,out,4,0x0,,127,1887,0,DF,6,tcp,52,10.0.40.13,10.0.99.14,52341,1514,0,S,2019383362,,64240,,mss;nop;wscale;nop;nop;sackOK
2026 Feb 03 20:43:08 (OPNsense.localdomain) any->/var/ossec/logs/opnsense_syslog.log Feb  3 19:22:01 OPNsense.localdomain filterlog[44472]: 115,,,fae559338f65e11c53669fc3642c93c2,vlan0.99,match,pass,out,4,0x0,,127,1882,0,DF,6,tcp,52,10.0.40.13,10.0.99.14,52340,1514,0,S,2148287895,,64240,,mss;nop;wscale;nop;nop;sackOK
2026 Feb 03 20:43:08 (OPNsense.localdomain) any->/var/ossec/logs/opnsense_syslog.log Feb  3 19:22:45 OPNsense.localdomain filterlog[44472]: 115,,,fae559338f65e11c53669fc3642c93c2,vlan0.99,match,pass,out,4,0x0,,64,0,0,DF,6,tcp,60,10.0.99.1,10.0.99.14,33614,1515,0,S,3605275105,,65228,,mss;nop;wscale;sackOK;TS
2026 Feb 03 20:43:08 (OPNsense.localdomain) any->/var/ossec/logs/opnsense_syslog.log Feb  3 19:22:50 OPNsense.localdomain filterlog[44472]: 118,,,6125cb207f65033775d1069fdf6d0ccf,vtnet0,match,pass,out,4,0xb8,,64,16183,0,none,17,udp,76,203.0.213.2,212.6.50.243,123,123,56
2026 Feb 03 20:43:08 (Secretary-Windows) any->EventChannel {"win":{"system":{"providerName":"Microsoft-Windows-Sysmon","providerGuid":"{5770385f-c22a-43e0-bf4c-06f5698ffbd9}","eventID":"1","version":"5","level":"4","task":"1","opcode":"0","keywords":"0x8000000000000000","systemTime":"2026-02-04T03:33:54.8672961Z","eventRecordID":"2749","processID":"2824","threadID":"3588","channel":"Microsoft-Windows-Sysmon/Operational","computer":"WinDev2308Eval","severityValue":"INFORMATION","message":"\"Process Create:\r\nRuleName: -\r\nUtcTime: 2026-02-04 03:33:54.860\r\nProcessGuid: {de7f78ee-be22-6982-9008-000000001e00}\r\nProcessId: 772\r\nImage: C:\\Program Files (x86)\\Microsoft\\Edge\\Application\\msedge.exe\r\nFileVersion: 144.0.3719.104\r\nDescription: Microsoft Edge\r\nProduct: Microsoft Edge\r\nCompany: Microsoft Corporation\r\nOriginalFileName: msedge.exe\r\nCommandLine: \"C:\\Program Files (x86)\\Microsoft\\Edge\\Application\\msedge.exe\" --type=utility --utility-sub-type=chrome.mojom.ProfileImport --lang=en-US --service-sandbox-type=none --noerrdialogs --user-data-dir=\"C:\\Users\\SECRET~1\\AppData\\Local\\Temp\\scoped_dir6216_650965905\" --skip-read-main-dll --field-trial-handle=2436,i,14337498407806940781,10433881642979078379,262144 --enable-features=msMetricsLogFastStartup,msSendMetricsLogOnClose --disable-features=IgnoreDuplicateNavs,PaintHolding,Prewarm --variations-seed-version --trace-process-track-uuid=3190709000367499229 --enable-logging=handle --log-file=6292 --log-level=0 --mojo-platform-channel-handle=6272 /prefetch:14\r\nCurrentDirectory: C:\\Program Files (x86)\\Microsoft\\Edge\\Application\\144.0.3719.104\\\r\nUser: WINDEV2308EVAL\\Secretary\r\nLogonGuid: {de7f78ee-4b47-6982-f4f1-3d0000000000}\r\nLogonId: 0x3DF1F4\r\nTerminalSessionId: 2\r\nIntegrityLevel: Medium\r\nHashes: SHA256=C93DB508A45D9D394C38BA5BDC9A131C4CA09D4BF96EED2AD4794E10E359D2B8\r\nParentProcessGuid: {de7f78ee-be19-6982-8108-000000001e00}\r\nParentProcessId: 1844\r\nParentImage: C:\\Program Files (x86)\\Microsoft\\Edge\\Application\\msedge.exe\r\nParentCommandLine: \"C:\\Program Files (x86)\\Microsoft\\Edge\\Application\\msedge.exe\" --allow-pre-commit-input --disable-background-networking --disable-backgrounding-occluded-windows --disable-client-side-phishing-detection --disable-default-apps --disable-features=IgnoreDuplicateNavs,Prewarm --disable-hang-monitor --disable-popup-blocking --disable-prompt-on-repost --disable-sync --edge-skip-compat-layer-relaunch --enable-automation --enable-logging --headless --log-level=0 --no-first-run --no-service-autorun --password-store=basic --remote-debugging-port=0 --start-maximized --test-type=webdriver --use-mock-keychain --user-data-dir=\"C:\\Users\\SECRET~1\\AppData\\Local\\Temp\\scoped_dir6216_650965905\" --window-size=1920,1080 data:,\r\nParentUser: WINDEV2308EVAL\\Secretary\""},"eventdata":{"utcTime":"2026-02-04 03:33:54.860","processGuid":"{de7f78ee-be22-6982-9008-000000001e00}","processId":"772","image":"C:\\\\Program Files (x86)\\\\Microsoft\\\\Edge\\\\Application\\\\msedge.exe","fileVersion":"144.0.3719.104","description":"Microsoft Edge","product":"Microsoft Edge","company":"Microsoft Corporation","originalFileName":"msedge.exe","commandLine":"\\\"C:\\\\Program Files (x86)\\\\Microsoft\\\\Edge\\\\Application\\\\msedge.exe\\\" --type=utility --utility-sub-type=chrome.mojom.ProfileImport --lang=en-US --service-sandbox-type=none --noerrdialogs --user-data-dir=\\\"C:\\\\Users\\\\SECRET~1\\\\AppData\\\\Local\\\\Temp\\\\scoped_dir6216_650965905\\\" --skip-read-main-dll --field-trial-handle=2436,i,14337498407806940781,10433881642979078379,262144 --enable-features=msMetricsLogFastStartup,msSendMetricsLogOnClose --disable-features=IgnoreDuplicateNavs,PaintHolding,Prewarm --variations-seed-version --trace-process-track-uuid=3190709000367499229 --enable-logging=handle --log-file=6292 --log-level=0 --mojo-platform-channel-handle=6272 /prefetch:14","currentDirectory":"C:\\\\Program Files (x86)\\\\Microsoft\\\\Edge\\\\Application\\\\144.0.3719.104\\\\","user":"WINDEV2308EVAL\\\\Secretary","logonGuid":"{de7f78ee-4b47-6982-f4f1-3d0000000000}","logonId":"0x3df1f4","terminalSessionId":"2","integrityLevel":"Medium","hashes":"SHA256=C93DB508A45D9D394C38BA5BDC9A131C4CA09D4BF96EED2AD4794E10E359D2B8","parentProcessGuid":"{de7f78ee-be19-6982-8108-000000001e00}","parentProcessId":"1844","parentImage":"C:\\\\Program Files (x86)\\\\Microsoft\\\\Edge\\\\Application\\\\msedge.exe","parentCommandLine":"\\\"C:\\\\Program Files (x86)\\\\Microsoft\\\\Edge\\\\Application\\\\msedge.exe\\\" --allow-pre-commit-input --disable-background-networking --disable-backgrounding-occluded-windows --disable-client-side-phishing-detection --disable-default-apps --disable-features=IgnoreDuplicateNavs,Prewarm --disable-hang-monitor --disable-popup-blocking --disable-prompt-on-repost --disable-sync --edge-skip-compat-layer-relaunch --enable-automation --enable-logging --headless --log-level=0 --no-first-run --no-service-autorun --password-store=basic --remote-debugging-port=0 --start-maximized --test-type=webdriver --use-mock-keychain --user-data-dir=\\\"C:\\\\Users\\\\SECRET~1\\\\AppData\\\\Local\\\\Temp\\\\scoped_dir6216_650965905\\\" --window-size=1920,1080 data:,","parentUser":"WINDEV2308EVAL\\\\Secretary"}}}
2026 Feb 03 20:43:09 (OPNsense.localdomain) any->/var/ossec/logs/opnsense_syslog.log Feb  3 19:22:50 OPNsense.localdomain filterlog[44472]: 115,,,fae559338f65e11c53669fc3642c93c2,lo0,match,pass,out,4,0x0,,64,37849,0,none,17,udp,69,127.0.0.1,127.0.0.1,33601,53,49
2026 Feb 03 20:43:09 (OPNsense.localdomain) any->/var/ossec/logs/opnsense_syslog.log Feb  3 19:22:58 OPNsense.localdomain filterlog[44472]: 118,,,6125cb207f65033775d1069fdf6d0ccf,vtnet0,match,pass,out,4,0x0,,64,0,0,DF,17,udp,86,203.0.213.2,193.205.160.139,61011,53,66
2026 Feb 03 20:43:09 (OPNsense.localdomain) any->/var/ossec/logs/opnsense_syslog.log Feb  3 19:22:58 OPNsense.localdomain filterlog[44472]: 118,,,6125cb207f65033775d1069fdf6d0ccf,vtnet0,match,pass,out,4,0x0,,64,0,0,DF,17,udp,75,203.0.213.2,193.205.160.139,46677,53,55
2026 Feb 03 20:43:09 (OPNsense.localdomain) any->/var/ossec/logs/opnsense_syslog.log Feb  3 19:22:50 OPNsense.localdomain filterlog[44472]: 118,,,6125cb207f65033775d1069fdf6d0ccf,vtnet0,match,pass,out,4,0x0,,64,0,0,DF,17,udp,80,203.0.213.2,193.205.160.139,34305,53,60
2026 Feb 03 20:43:09 (OPNsense.localdomain) any->/var/ossec/logs/opnsense_syslog.log Feb  3 19:22:50 OPNsense.localdomain filterlog[44472]: 115,,,fae559338f65e11c53669fc3642c93c2,lo0,match,pass,out,4,0x0,,64,54358,0,none,17,udp,69,127.0.0.1,127.0.0.1,45215,53,49
2026 Feb 03 20:43:09 (OPNsense.localdomain) any->/var/ossec/logs/opnsense_syslog.log Feb  3 19:22:50 OPNsense.localdomain filterlog[44472]: 118,,,6125cb207f65033775d1069fdf6d0ccf,vtnet0,match,pass,out,4,0xb8,,64,61943,0,none,17,udp,76,203.0.213.2,129.152.16.145,123,123,56
2026 Feb 03 20:43:09 (OPNsense.localdomain) any->/var/ossec/logs/opnsense_syslog.log Feb  3 19:22:58 OPNsense.localdomain filterlog[44472]: 118,,,6125cb207f65033775d1069fdf6d0ccf,vtnet0,match,pass,out,4,0x0,,64,0,0,DF,17,udp,110,203.0.213.2,193.205.160.139,54192,53,90
2026 Feb 03 20:43:09 (OPNsense.localdomain) any->/var/ossec/logs/opnsense_syslog.log Feb  3 19:22:58 OPNsense.localdomain filterlog[44472]: 115,,,fae559338f65e11c53669fc3642c93c2,vtnet0,match,pass,out,4,0x0,,127,622,0,DF,6,tcp,52,10.0.40.13,48.209.108.39,52342,443,0,S,17043864,,64240,,mss;nop;wscale;nop;nop;sackOK
2026 Feb 03 20:43:09 (OPNsense.localdomain) any->/var/ossec/logs/opnsense_syslog.log Feb  3 19:23:03 OPNsense.localdomain filterlog[44472]: 115,,,fae559338f65e11c53669fc3642c93c2,vlan0.99,match,pass,out,4,0x0,,127,1892,0,DF,6,tcp,52,10.0.40.13,10.0.99.14,52344,1514,0,S,328881520,,64240,,mss;nop;wscale;nop;nop;sackOK
2026 Feb 03 20:43:09 (OPNsense.localdomain) any->/var/ossec/logs/opnsense_syslog.log Feb  3 19:23:06 OPNsense.localdomain filterlog[44472]: 115,,,fae559338f65e11c53669fc3642c93c2,vlan0.99,match,pass,out,4,0x0,,64,0,0,DF,6,tcp,60,10.0.99.1,10.0.99.14,64833,1514,0,S,1812984521,,65228,,mss;nop;wscale;sackOK;TS
2026 Feb 03 20:43:09 (OPNsense.localdomain) any->/var/ossec/logs/opnsense_syslog.log Feb  3 19:22:58 OPNsense.localdomain filterlog[44472]: 115,,,fae559338f65e11c53669fc3642c93c2,vtnet0,match,pass,out,4,0x0,,127,632,0,DF,6,tcp,52,10.0.40.13,48.209.108.39,52343,443,0,S,2701432888,,64240,,mss;nop;wscale;nop;nop;sackOK
2026 Feb 03 20:43:09 (OPNsense.localdomain) any->/var/ossec/logs/opnsense_syslog.log Feb  3 19:23:07 OPNsense.localdomain filterlog[44472]: 115,,,fae559338f65e11c53669fc3642c93c2,lo0,match,pass,out,4,0x0,,64,37999,0,none,17,udp,69,127.0.0.1,127.0.0.1,10035,53,49
2026 Feb 03 20:43:09 (OPNsense.localdomain) any->/var/ossec/logs/opnsense_syslog.log Feb  3 19:23:07 OPNsense.localdomain filterlog[44472]: 118,,,6125cb207f65033775d1069fdf6d0ccf,vtnet0,match,pass,out,4,0x0,,64,0,0,DF,17,udp,80,203.0.213.2,193.205.160.139,26624,53,60
2026 Feb 03 20:43:09 (OPNsense.localdomain) any->/var/ossec/logs/opnsense_syslog.log Feb  3 19:23:07 OPNsense.localdomain filterlog[44472]: 115,,,fae559338f65e11c53669fc3642c93c2,lo0,match,pass,out,4,0x0,,64,8042,0,none,17,udp,69,127.0.0.1,127.0.0.1,15823,53,49
2026 Feb 03 20:43:09 (OPNsense.localdomain) any->/var/ossec/logs/opnsense_syslog.log Feb  3 19:23:07 OPNsense.localdomain filterlog[44472]: 118,,,6125cb207f65033775d1069fdf6d0ccf,vtnet0,match,pass,out,4,0xb8,,64,19184,0,none,17,udp,76,203.0.213.2,93.94.88.51,123,123,56
2026 Feb 03 20:43:09 (OPNsense.localdomain) any->/var/ossec/logs/opnsense_syslog.log Feb  3 19:23:33 OPNsense.localdomain filterlog[44472]: 115,,,fae559338f65e11c53669fc3642c93c2,lo0,match,pass,out,4,0x0,,64,59676,0,none,17,udp,69,127.0.0.1,127.0.0.1,56365,53,49
2026 Feb 03 20:43:09 (Secretary-Windows) any->EventChannel {"win":{"system":{"providerName":"Microsoft-Windows-Security-Auditing","providerGuid":"{54849625-5478-4994-a5ba-3e3b0328c30d}","eventID":"4799","version":"0","level":"0","task":"13826","opcode":"0","keywords":"0x8020000000000000","systemTime":"2026-02-04T04:10:34.7541376Z","eventRecordID":"52018","processID":"764","threadID":"5740","channel":"Security","computer":"WinDev2308Eval","severityValue":"AUDIT_SUCCESS","message":"\"A security-enabled local group membership was enumerated.\r\n\r\nSubject:\r\n\tSecurity ID:\t\tS-1-5-18\r\n\tAccount Name:\t\tWINDEV2308EVAL$\r\n\tAccount Domain:\t\tWORKGROUP\r\n\tLogon ID:\t\t0x3E7\r\n\r\nGroup:\r\n\tSecurity ID:\t\tS-1-5-32-551\r\n\tGroup Name:\t\tBackup Operators\r\n\tGroup Domain:\t\tBuiltin\r\n\r\nProcess Information:\r\n\tProcess ID:\t\t0x438\r\n\tProcess Name:\t\tC:\\Windows\\System32\\svchost.exe\""},"eventdata":{"targetUserName":"Backup Operators","targetDomainName":"Builtin","targetSid":"S-1-5-32-551","subjectUserSid":"S-1-5-18","subjectUserName":"WINDEV2308EVAL$","subjectDomainName":"WORKGROUP","subjectLogonId":"0x3e7","callerProcessId":"0x438","callerProcessName":"C:\\\\Windows\\\\System32\\\\svchost.exe"}}}
2026 Feb 03 20:43:09 (OPNsense.localdomain) any->/var/ossec/logs/opnsense_syslog.log Feb  3 19:23:33 OPNsense.localdomain filterlog[44472]: 118,,,6125cb207f65033775d1069fdf6d0ccf,vtnet0,match,pass,out,4,0x0,,64,0,0,DF,17,udp,80,203.0.213.2,193.205.160.139,30824,53,60
2026 Feb 03 20:43:09 (OPNsense.localdomain) any->/var/ossec/logs/opnsense_syslog.log Feb  3 19:23:33 OPNsense.localdomain filterlog[44472]: 115,,,fae559338f65e11c53669fc3642c93c2,lo0,match,pass,out,4,0x0,,64,18098,0,none,17,udp,69,127.0.0.1,127.0.0.1,52077,53,49
2026 Feb 03 20:43:09 (OPNsense.localdomain) any->/var/ossec/logs/opnsense_syslog.log Feb  3 19:23:33 OPNsense.localdomain filterlog[44472]: 118,,,6125cb207f65033775d1069fdf6d0ccf,vtnet0,match,pass,out,4,0xb8,,64,9394,0,none,17,udp,76,203.0.213.2,172.232.208.229,123,123,56
2026 Feb 03 20:43:09 (OPNsense.localdomain) any->/var/ossec/logs/opnsense_syslog.log Feb  3 19:23:34 OPNsense.localdomain filterlog[44472]: 115,,,fae559338f65e11c53669fc3642c93c2,vlan0.99,match,pass,out,4,0x0,,127,1897,0,DF,6,tcp,52,10.0.40.13,10.0.99.14,52345,1514,0,S,3083189544,,64240,,mss;nop;wscale;nop;nop;sackOK
2026 Feb 03 20:43:09 (OPNsense.localdomain) any->/var/ossec/logs/opnsense_syslog.log Feb  3 19:23:55 OPNsense.localdomain filterlog[44472]: 118,,,6125cb207f65033775d1069fdf6d0ccf,vtnet0,match,pass,out,4,0xb8,,64,46889,0,none,17,udp,76,203.0.213.2,188.217.191.74,123,123,56
2026 Feb 03 20:43:09 (OPNsense.localdomain) any->/var/ossec/logs/opnsense_syslog.log Feb  3 19:23:56 OPNsense.localdomain filterlog[44472]: 118,,,6125cb207f65033775d1069fdf6d0ccf,vtnet0,match,pass,out,4,0x0,,64,0,0,DF,17,udp,108,203.0.213.2,193.205.160.139,65293,53,88
2026 Feb 03 20:43:09 (OPNsense.localdomain) any->/var/ossec/logs/opnsense_syslog.log Feb  3 19:23:56 OPNsense.localdomain filterlog[44472]: 118,,,6125cb207f65033775d1069fdf6d0ccf,vtnet0,match,pass,out,4,0x0,,64,0,0,DF,17,udp,89,203.0.213.2,193.205.160.3,50932,53,69
2026 Feb 03 20:43:09 (OPNsense.localdomain) any->/var/ossec/logs/opnsense_syslog.log Feb  3 19:23:56 OPNsense.localdomain filterlog[44472]: 115,,,fae559338f65e11c53669fc3642c93c2,vtnet0,match,pass,out,4,0x0,,127,33964,0,DF,6,tcp,52,10.0.40.13,95.100.171.134,52346,443,0,S,1171773967,,65535,,mss;nop;wscale;nop;nop;sackOK
2026 Feb 03 20:43:09 (OPNsense.localdomain) any->/var/ossec/logs/opnsense_syslog.log Feb  3 19:23:56 OPNsense.localdomain filterlog[44472]: 118,,,6125cb207f65033775d1069fdf6d0ccf,vtnet0,match,pass,out,4,0x0,,64,0,0,DF,17,udp,78,203.0.213.2,193.205.160.139,56997,53,58
2026 Feb 03 20:43:09 (OPNsense.localdomain) any->/var/ossec/logs/opnsense_syslog.log Feb  3 19:23:57 OPNsense.localdomain filterlog[44472]: 118,,,6125cb207f65033775d1069fdf6d0ccf,vtnet0,match,pass,out,4,0x0,,64,0,0,DF,17,udp,105,203.0.213.2,193.205.160.139,42149,53,85
2026 Feb 03 20:43:09 (OPNsense.localdomain) any->/var/ossec/logs/opnsense_syslog.log Feb  3 19:23:57 OPNsense.localdomain filterlog[44472]: 115,,,fae559338f65e11c53669fc3642c93c2,vtnet0,match,pass,out,4,0x0,,127,19093,0,DF,6,tcp,52,10.0.40.13,95.100.171.161,52347,443,0,S,1991190185,,65535,,mss;nop;wscale;nop;nop;sackOK
2026 Feb 03 20:43:09 (OPNsense.localdomain) any->/var/ossec/logs/opnsense_syslog.log Feb  3 19:23:57 OPNsense.localdomain filterlog[44472]: 118,,,6125cb207f65033775d1069fdf6d0ccf,vtnet0,match,pass,out,4,0x0,,64,0,0,DF,17,udp,78,203.0.213.2,193.205.160.139,56596,53,58
2026 Feb 03 20:43:09 (Secretary-Windows) any->EventChannel {"win":{"system":{"providerName":"Microsoft-Windows-Sysmon","providerGuid":"{5770385f-c22a-43e0-bf4c-06f5698ffbd9}","eventID":"1","version":"5","level":"4","task":"1","opcode":"0","keywords":"0x8000000000000000","systemTime":"2026-02-04T03:33:57.3956249Z","eventRecordID":"2750","processID":"2824","threadID":"3588","channel":"Microsoft-Windows-Sysmon/Operational","computer":"WinDev2308Eval","severityValue":"INFORMATION","message":"\"Process Create:\r\nRuleName: -\r\nUtcTime: 2026-02-04 03:33:57.382\r\nProcessGuid: {de7f78ee-be25-6982-9108-000000001e00}\r\nProcessId: 3016\r\nImage: C:\\Program Files (x86)\\Microsoft\\Edge\\Application\\144.0.3719.104\\cookie_exporter.exe\r\nFileVersion: 144.0.3719.104\r\nDescription: Microsoft Edge\r\nProduct: Microsoft Edge\r\nCompany: Microsoft Corporation\r\nOriginalFileName: cookie_exporter.exe\r\nCommandLine: cookie_exporter.exe --cookie-json=1264\r\nCurrentDirectory: C:\\Program Files (x86)\\Microsoft\\Edge\\Application\\144.0.3719.104\\\r\nUser: WINDEV2308EVAL\\Secretary\r\nLogonGuid: {de7f78ee-4b47-6982-f4f1-3d0000000000}\r\nLogonId: 0x3DF1F4\r\nTerminalSessionId: 2\r\nIntegrityLevel: Low\r\nHashes: SHA256=DB758AFDB0E191FAD615DCC50034EE4101CDA43C6D6F32A0FD939DCA904EE6BA\r\nParentProcessGuid: {de7f78ee-be22-6982-9008-000000001e00}\r\nParentProcessId: 772\r\nParentImage: C:\\Program Files (x86)\\Microsoft\\Edge\\Application\\msedge.exe\r\nParentCommandLine: \"C:\\Program Files (x86)\\Microsoft\\Edge\\Application\\msedge.exe\" --type=utility --utility-sub-type=chrome.mojom.ProfileImport --lang=en-US --service-sandbox-type=none --noerrdialogs --user-data-dir=\"C:\\Users\\SECRET~1\\AppData\\Local\\Temp\\scoped_dir6216_650965905\" --skip-read-main-dll --field-trial-handle=2436,i,14337498407806940781,10433881642979078379,262144 --enable-features=msMetricsLogFastStartup,msSendMetricsLogOnClose --disable-features=IgnoreDuplicateNavs,PaintHolding,Prewarm --variations-seed-version --trace-process-track-uuid=3190709000367499229 --enable-logging=handle --log-file=6292 --log-level=0 --mojo-platform-channel-handle=6272 /prefetch:14\r\nParentUser: WINDEV2308EVAL\\Secretary\""},"eventdata":{"utcTime":"2026-02-04 03:33:57.382","processGuid":"{de7f78ee-be25-6982-9108-000000001e00}","processId":"3016","image":"C:\\\\Program Files (x86)\\\\Microsoft\\\\Edge\\\\Application\\\\144.0.3719.104\\\\cookie_exporter.exe","fileVersion":"144.0.3719.104","description":"Microsoft Edge","product":"Microsoft Edge","company":"Microsoft Corporation","originalFileName":"cookie_exporter.exe","commandLine":"cookie_exporter.exe --cookie-json=1264","currentDirectory":"C:\\\\Program Files (x86)\\\\Microsoft\\\\Edge\\\\Application\\\\144.0.3719.104\\\\","user":"WINDEV2308EVAL\\\\Secretary","logonGuid":"{de7f78ee-4b47-6982-f4f1-3d0000000000}","logonId":"0x3df1f4","terminalSessionId":"2","integrityLevel":"Low","hashes":"SHA256=DB758AFDB0E191FAD615DCC50034EE4101CDA43C6D6F32A0FD939DCA904EE6BA","parentProcessGuid":"{de7f78ee-be22-6982-9008-000000001e00}","parentProcessId":"772","parentImage":"C:\\\\Program Files (x86)\\\\Microsoft\\\\Edge\\\\Application\\\\msedge.exe","parentCommandLine":"\\\"C:\\\\Program Files (x86)\\\\Microsoft\\\\Edge\\\\Application\\\\msedge.exe\\\" --type=utility --utility-sub-type=chrome.mojom.ProfileImport --lang=en-US --service-sandbox-type=none --noerrdialogs --user-data-dir=\\\"C:\\\\Users\\\\SECRET~1\\\\AppData\\\\Local\\\\Temp\\\\scoped_dir6216_650965905\\\" --skip-read-main-dll --field-trial-handle=2436,i,14337498407806940781,10433881642979078379,262144 --enable-features=msMetricsLogFastStartup,msSendMetricsLogOnClose --disable-features=IgnoreDuplicateNavs,PaintHolding,Prewarm --variations-seed-version --trace-process-track-uuid=3190709000367499229 --enable-logging=handle --log-file=6292 --log-level=0 --mojo-platform-channel-handle=6272 /prefetch:14","parentUser":"WINDEV2308EVAL\\\\Secretary"}}}
2026 Feb 03 20:43:09 (OPNsense.localdomain) any->/var/ossec/logs/opnsense_syslog.log Feb  3 19:23:57 OPNsense.localdomain filterlog[44472]: 118,,,6125cb207f65033775d1069fdf6d0ccf,vtnet0,match,pass,out,4,0xb8,,64,39475,0,none,17,udp,76,203.0.213.2,212.45.144.206,123,123,56
2026 Feb 03 20:43:09 (OPNsense.localdomain) any->/var/ossec/logs/opnsense_syslog.log Feb  3 19:23:57 OPNsense.localdomain filterlog[44472]: 118,,,6125cb207f65033775d1069fdf6d0ccf,vtnet0,match,pass,out,4,0x0,,64,0,0,DF,17,udp,68,203.0.213.2,193.205.160.139,10920,53,48
2026 Feb 03 20:43:09 (OPNsense.localdomain) any->/var/ossec/logs/opnsense_syslog.log Feb  3 19:23:57 OPNsense.localdomain filterlog[44472]: 118,,,6125cb207f65033775d1069fdf6d0ccf,vtnet0,match,pass,out,4,0x0,,64,0,0,DF,17,udp,68,203.0.213.2,193.205.160.3,51772,53,48
2026 Feb 03 20:43:09 (Secretary-Windows) any->EventChannel {"win":{"system":{"providerName":"Microsoft-Windows-Security-Auditing","providerGuid":"{54849625-5478-4994-a5ba-3e3b0328c30d}","eventID":"4798","version":"0","level":"0","task":"13824","opcode":"0","keywords":"0x8020000000000000","systemTime":"2026-02-04T04:14:09.5655025Z","eventRecordID":"52019","processID":"764","threadID":"7592","channel":"Security","computer":"WinDev2308Eval","severityValue":"AUDIT_SUCCESS","message":"\"A user's local group membership was enumerated.\r\n\r\nSubject:\r\n\tSecurity ID:\t\tS-1-5-21-3116511072-3024718013-308258476-1001\r\n\tAccount Name:\t\tSecretary\r\n\tAccount Domain:\t\tWINDEV2308EVAL\r\n\tLogon ID:\t\t0x3DF1F4\r\n\r\nUser:\r\n\tSecurity ID:\t\tS-1-5-21-3116511072-3024718013-308258476-1001\r\n\tAccount Name:\t\tSecretary\r\n\tAccount Domain:\t\tWINDEV2308EVAL\r\n\r\nProcess Information:\r\n\tProcess ID:\t\t0x618\r\n\tProcess Name:\t\tC:\\Windows\\explorer.exe\""},"eventdata":{"targetUserName":"Secretary","targetDomainName":"WINDEV2308EVAL","targetSid":"S-1-5-21-3116511072-3024718013-308258476-1001","subjectUserSid":"S-1-5-21-3116511072-3024718013-308258476-1001","subjectUserName":"Secretary","subjectDomainName":"WINDEV2308EVAL","subjectLogonId":"0x3df1f4","callerProcessId":"0x618","callerProcessName":"C:\\\\Windows\\\\explorer.exe"}}}
2026 Feb 03 20:43:09 (OPNsense.localdomain) any->/var/ossec/logs/opnsense_syslog.log Feb  3 19:23:57 OPNsense.localdomain filterlog[44472]: 118,,,6125cb207f65033775d1069fdf6d0ccf,vtnet0,match,pass,out,4,0x0,,64,0,0,DF,17,udp,105,203.0.213.2,193.205.160.139,31950,53,85
2026 Feb 03 20:43:09 (OPNsense.localdomain) any->/var/ossec/logs/opnsense_syslog.log Feb  3 19:23:57 OPNsense.localdomain filterlog[44472]: 118,,,6125cb207f65033775d1069fdf6d0ccf,vtnet0,match,pass,out,4,0x0,,64,0,0,DF,17,udp,105,203.0.213.2,193.205.160.3,29633,53,85
2026 Feb 03 20:43:09 (OPNsense.localdomain) any->/var/ossec/logs/opnsense_syslog.log Feb  3 19:23:57 OPNsense.localdomain filterlog[44472]: 118,,,6125cb207f65033775d1069fdf6d0ccf,vtnet0,match,pass,out,4,0x0,,64,0,0,DF,17,udp,78,203.0.213.2,193.205.160.3,40199,53,58
2026 Feb 03 20:43:09 (OPNsense.localdomain) any->/var/ossec/logs/opnsense_syslog.log Feb  3 19:23:57 OPNsense.localdomain filterlog[44472]: 118,,,6125cb207f65033775d1069fdf6d0ccf,vtnet0,match,pass,out,4,0x0,,64,0,0,DF,17,udp,78,203.0.213.2,193.205.160.139,31273,53,58
2026 Feb 03 20:43:09 (OPNsense.localdomain) any->/var/ossec/logs/opnsense_syslog.log Feb  3 19:23:57 OPNsense.localdomain filterlog[44472]: 115,,,fae559338f65e11c53669fc3642c93c2,vtnet0,match,pass,out,4,0x0,,127,29816,0,DF,6,tcp,52,10.0.40.13,23.13.183.57,50060,443,0,S,1298374965,,64240,,mss;nop;wscale;nop;nop;sackOK
2026 Feb 03 20:43:09 (OPNsense.localdomain) any->/var/ossec/logs/opnsense_syslog.log Feb  3 19:23:59 OPNsense.localdomain filterlog[44472]: 118,,,6125cb207f65033775d1069fdf6d0ccf,vtnet0,match,pass,out,4,0x0,,64,0,0,DF,17,udp,89,203.0.213.2,193.205.160.3,23779,53,69
2026 Feb 03 20:43:09 (OPNsense.localdomain) any->/var/ossec/logs/opnsense_syslog.log Feb  3 19:23:59 OPNsense.localdomain filterlog[44472]: 118,,,6125cb207f65033775d1069fdf6d0ccf,vtnet0,match,pass,out,4,0x0,,64,0,0,DF,17,udp,89,203.0.213.2,193.205.160.139,24132,53,69
2026 Feb 03 20:43:09 (Secretary-Windows) any->EventChannel {"win":{"system":{"providerName":"Microsoft-Windows-Sysmon","providerGuid":"{5770385f-c22a-43e0-bf4c-06f5698ffbd9}","eventID":"5","version":"3","level":"4","task":"5","opcode":"0","keywords":"0x8000000000000000","systemTime":"2026-02-04T03:33:57.6468220Z","eventRecordID":"2751","processID":"2824","threadID":"3588","channel":"Microsoft-Windows-Sysmon/Operational","computer":"WinDev2308Eval","severityValue":"INFORMATION","message":"\"Process terminated:\r\nRuleName: -\r\nUtcTime: 2026-02-04 03:33:57.646\r\nProcessGuid: {de7f78ee-be25-6982-9108-000000001e00}\r\nProcessId: 3016\r\nImage: C:\\Program Files (x86)\\Microsoft\\Edge\\Application\\144.0.3719.104\\cookie_exporter.exe\r\nUser: WINDEV2308EVAL\\Secretary\""},"eventdata":{"utcTime":"2026-02-04 03:33:57.646","processGuid":"{de7f78ee-be25-6982-9108-000000001e00}","processId":"3016","image":"C:\\\\Program Files (x86)\\\\Microsoft\\\\Edge\\\\Application\\\\144.0.3719.104\\\\cookie_exporter.exe","user":"WINDEV2308EVAL\\\\Secretary"}}}
2026 Feb 03 20:43:09 (OPNsense.localdomain) any->/var/ossec/logs/opnsense_syslog.log Feb  3 19:23:59 OPNsense.localdomain filterlog[44472]: 118,,,6125cb207f65033775d1069fdf6d0ccf,vtnet0,match,pass,out,4,0x0,,64,0,0,DF,17,udp,83,203.0.213.2,193.205.160.3,42582,53,63
2026 Feb 03 20:43:09 (OPNsense.localdomain) any->/var/ossec/logs/opnsense_syslog.log Feb  3 19:23:59 OPNsense.localdomain filterlog[44472]: 118,,,6125cb207f65033775d1069fdf6d0ccf,vtnet0,match,pass,out,4,0x0,,64,0,0,DF,17,udp,92,203.0.213.2,193.205.160.3,28514,53,72
2026 Feb 03 20:43:09 (OPNsense.localdomain) any->/var/ossec/logs/opnsense_syslog.log Feb  3 19:23:59 OPNsense.localdomain filterlog[44472]: 118,,,6125cb207f65033775d1069fdf6d0ccf,vtnet0,match,pass,out,4,0x0,,64,0,0,DF,17,udp,92,203.0.213.2,193.205.160.139,9746,53,72
2026 Feb 03 20:43:09 (OPNsense.localdomain) any->/var/ossec/logs/opnsense_syslog.log Feb  3 19:23:59 OPNsense.localdomain filterlog[44472]: 118,,,6125cb207f65033775d1069fdf6d0ccf,vtnet0,match,pass,out,4,0x0,,64,0,0,DF,17,udp,80,203.0.213.2,193.205.160.139,52923,53,60
2026 Feb 03 20:43:09 (OPNsense.localdomain) any->/var/ossec/logs/opnsense_syslog.log Feb  3 19:23:59 OPNsense.localdomain filterlog[44472]: 115,,,fae559338f65e11c53669fc3642c93c2,vtnet0,match,pass,out,4,0x0,,127,38133,0,DF,6,tcp,52,10.0.40.13,23.216.150.175,50061,443,0,S,1996744549,,64240,,mss;nop;wscale;nop;nop;sackOK
2026 Feb 03 20:43:09 (OPNsense.localdomain) any->/var/ossec/logs/opnsense_syslog.log Feb  3 19:23:59 OPNsense.localdomain filterlog[44472]: 115,,,fae559338f65e11c53669fc3642c93c2,vtnet0,match,pass,out,4,0x0,,127,3359,0,DF,6,tcp,52,10.0.40.13,23.216.150.171,63189,443,0,S,4135584829,,64240,,mss;nop;wscale;nop;nop;sackOK
2026 Feb 03 20:43:09 (Secretary-Windows) any->EventChannel {"win":{"system":{"providerName":"Microsoft-Windows-Security-Auditing","providerGuid":"{54849625-5478-4994-a5ba-3e3b0328c30d}","eventID":"5379","version":"0","level":"0","task":"13824","opcode":"0","keywords":"0x8020000000000000","systemTime":"2026-02-04T04:15:48.1485823Z","eventRecordID":"52020","processID":"764","threadID":"7340","channel":"Security","computer":"WinDev2308Eval","severityValue":"AUDIT_SUCCESS","message":"\"Credential Manager credentials were read.\r\n\r\nSubject:\r\n\tSecurity ID:\t\tS-1-5-18\r\n\tAccount Name:\t\tWINDEV2308EVAL$\r\n\tAccount Domain:\t\tWORKGROUP\r\n\tLogon ID:\t\t0x3E7\r\n\tRead Operation:\t\tEnumerate Credentials\r\n\r\nThis event occurs when a user performs a read operation on stored credentials in Credential Manager.\""},"eventdata":{"subjectUserSid":"S-1-5-18","subjectUserName":"WINDEV2308EVAL$","subjectDomainName":"WORKGROUP","subjectLogonId":"0x3e7","targetName":"WindowsLive:(token):name=02bxbguxqhgunrlz;serviceuri=*","type":"0","countOfCredentialsReturned":"0","readOperation":"%%8100","returnCode":"3221226021","processCreationTime":"2026-02-02T01:39:02.4586029Z","clientProcessId":"1080"}}}
2026 Feb 03 20:43:09 (OPNsense.localdomain) any->/var/ossec/logs/opnsense_syslog.log Feb  3 19:23:59 OPNsense.localdomain filterlog[44472]: 118,,,6125cb207f65033775d1069fdf6d0ccf,vtnet0,match,pass,out,4,0x0,,64,0,0,DF,17,udp,78,203.0.213.2,193.205.160.3,33710,53,58
2026 Feb 03 20:43:09 (OPNsense.localdomain) any->/var/ossec/logs/opnsense_syslog.log Feb  3 19:23:59 OPNsense.localdomain filterlog[44472]: 115,,,fae559338f65e11c53669fc3642c93c2,vtnet0,match,pass,out,4,0x0,,127,44874,0,DF,6,tcp,52,10.0.40.13,95.100.171.142,50423,443,0,S,422593148,,64240,,mss;nop;wscale;nop;nop;sackOK
2026 Feb 03 20:43:09 (OPNsense.localdomain) any->/var/ossec/logs/opnsense_syslog.log Feb  3 19:23:59 OPNsense.localdomain filterlog[44472]: 118,,,6125cb207f65033775d1069fdf6d0ccf,vtnet0,match,pass,out,4,0x0,,64,0,0,DF,17,udp,84,203.0.213.2,193.205.160.139,22932,53,64
2026 Feb 03 20:43:09 (OPNsense.localdomain) any->/var/ossec/logs/opnsense_syslog.log Feb  3 19:23:59 OPNsense.localdomain filterlog[44472]: 118,,,6125cb207f65033775d1069fdf6d0ccf,vtnet0,match,pass,out,4,0x0,,64,0,0,DF,17,udp,84,203.0.213.2,193.205.160.3,57567,53,64
2026 Feb 03 20:43:09 (OPNsense.localdomain) any->/var/ossec/logs/opnsense_syslog.log Feb  3 19:23:59 OPNsense.localdomain filterlog[44472]: 118,,,6125cb207f65033775d1069fdf6d0ccf,vtnet0,match,pass,out,4,0x0,,64,0,0,DF,17,udp,79,203.0.213.2,193.205.160.3,30232,53,59
2026 Feb 03 20:43:09 (OPNsense.localdomain) any->/var/ossec/logs/opnsense_syslog.log Feb  3 19:23:59 OPNsense.localdomain filterlog[44472]: 118,,,6125cb207f65033775d1069fdf6d0ccf,vtnet0,match,pass,out,4,0x0,,64,0,0,DF,17,udp,79,203.0.213.2,193.205.160.139,11943,53,59
2026 Feb 03 20:43:09 (OPNsense.localdomain) any->/var/ossec/logs/opnsense_syslog.log Feb  3 19:23:59 OPNsense.localdomain filterlog[44472]: 115,,,fae559338f65e11c53669fc3642c93c2,vtnet0,match,pass,out,4,0x0,,127,11062,0,DF,6,tcp,52,10.0.40.13,95.100.171.5,53486,443,0,S,3624098850,,64240,,mss;nop;wscale;nop;nop;sackOK
2026 Feb 03 20:43:09 (OPNsense.localdomain) any->/var/ossec/logs/opnsense_syslog.log Feb  3 19:24:17 OPNsense.localdomain filterlog[44472]: 118,,,6125cb207f65033775d1069fdf6d0ccf,vtnet0,match,pass,out,4,0x0,,64,0,0,DF,17,udp,88,203.0.213.2,193.205.160.139,33433,53,68
2026 Feb 03 20:43:09 (OPNsense.localdomain) any->/var/ossec/logs/opnsense_syslog.log Feb  3 19:24:05 OPNsense.localdomain filterlog[44472]: 115,,,fae559338f65e11c53669fc3642c93c2,vlan0.99,match,pass,out,4,0x0,,127,1902,0,DF,6,tcp,52,10.0.40.13,10.0.99.14,53487,1514,0,S,2137918091,,64240,,mss;nop;wscale;nop;nop;sackOK
2026 Feb 03 20:43:09 (OPNsense.localdomain) any->/var/ossec/logs/opnsense_syslog.log Feb  3 19:24:11 OPNsense.localdomain filterlog[44472]: 118,,,6125cb207f65033775d1069fdf6d0ccf,vtnet0,match,pass,out,4,0xb8,,64,59477,0,none,17,udp,76,203.0.213.2,81.56.230.156,123,123,56
2026 Feb 03 20:43:09 (OPNsense.localdomain) any->/var/ossec/logs/opnsense_syslog.log Feb  3 19:24:17 OPNsense.localdomain filterlog[44472]: 118,,,6125cb207f65033775d1069fdf6d0ccf,vtnet0,match,pass,out,4,0x0,,64,0,0,DF,17,udp,88,203.0.213.2,193.205.160.139,21037,53,68
2026 Feb 03 20:43:09 (OPNsense.localdomain) any->/var/ossec/logs/opnsense_syslog.log Feb  3 19:24:17 OPNsense.localdomain filterlog[44472]: 118,,,6125cb207f65033775d1069fdf6d0ccf,vtnet0,match,pass,out,4,0x0,,64,0,0,DF,17,udp,78,203.0.213.2,193.205.160.3,9449,53,58
2026 Feb 03 20:43:09 (Secretary-Windows) any->EventChannel {"win":{"system":{"providerName":"Microsoft-Windows-Sysmon","providerGuid":"{5770385f-c22a-43e0-bf4c-06f5698ffbd9}","eventID":"5","version":"3","level":"4","task":"5","opcode":"0","keywords":"0x8000000000000000","systemTime":"2026-02-04T03:33:58.4778986Z","eventRecordID":"2752","processID":"2824","threadID":"3588","channel":"Microsoft-Windows-Sysmon/Operational","computer":"WinDev2308Eval","severityValue":"INFORMATION","message":"\"Process terminated:\r\nRuleName: -\r\nUtcTime: 2026-02-04 03:33:58.477\r\nProcessGuid: {de7f78ee-be22-6982-9008-000000001e00}\r\nProcessId: 772\r\nImage: C:\\Program Files (x86)\\Microsoft\\Edge\\Application\\msedge.exe\r\nUser: WINDEV2308EVAL\\Secretary\""},"eventdata":{"utcTime":"2026-02-04 03:33:58.477","processGuid":"{de7f78ee-be22-6982-9008-000000001e00}","processId":"772","image":"C:\\\\Program Files (x86)\\\\Microsoft\\\\Edge\\\\Application\\\\msedge.exe","user":"WINDEV2308EVAL\\\\Secretary"}}}
2026 Feb 03 20:43:09 (Secretary-Windows) any->EventChannel {"win":{"system":{"providerName":"Microsoft-Windows-Security-Auditing","providerGuid":"{54849625-5478-4994-a5ba-3e3b0328c30d}","eventID":"5379","version":"0","level":"0","task":"13824","opcode":"0","keywords":"0x8020000000000000","systemTime":"2026-02-04T04:15:48.1489194Z","eventRecordID":"52021","processID":"764","threadID":"7340","channel":"Security","computer":"WinDev2308Eval","severityValue":"AUDIT_SUCCESS","message":"\"Credential Manager credentials were read.\r\n\r\nSubject:\r\n\tSecurity ID:\t\tS-1-5-18\r\n\tAccount Name:\t\tWINDEV2308EVAL$\r\n\tAccount Domain:\t\tWORKGROUP\r\n\tLogon ID:\t\t0x3E7\r\n\tRead Operation:\t\tEnumerate Credentials\r\n\r\nThis event occurs when a user performs a read operation on stored credentials in Credential Manager.\""},"eventdata":{"subjectUserSid":"S-1-5-18","subjectUserName":"WINDEV2308EVAL$","subjectDomainName":"WORKGROUP","subjectLogonId":"0x3e7","targetName":"WindowsLive:(cert):name=02bxbguxqhgunrlz;serviceuri=*","type":"0","countOfCredentialsReturned":"0","readOperation":"%%8100","returnCode":"3221226021","processCreationTime":"2026-02-02T01:39:02.4586029Z","clientProcessId":"1080"}}}
2026 Feb 03 20:43:09 (OPNsense.localdomain) any->/var/ossec/logs/opnsense_syslog.log Feb  3 19:24:17 OPNsense.localdomain filterlog[44472]: 118,,,6125cb207f65033775d1069fdf6d0ccf,vtnet0,match,pass,out,4,0x0,,64,0,0,DF,17,udp,96,203.0.213.2,193.205.160.139,31550,53,76
2026 Feb 03 20:43:09 (OPNsense.localdomain) any->/var/ossec/logs/opnsense_syslog.log Feb  3 19:24:17 OPNsense.localdomain filterlog[44472]: 118,,,6125cb207f65033775d1069fdf6d0ccf,vtnet0,match,pass,out,4,0x0,,64,0,0,DF,17,udp,80,203.0.213.2,193.205.160.3,28482,53,60
2026 Feb 03 20:43:09 (OPNsense.localdomain) any->/var/ossec/logs/opnsense_syslog.log Feb  3 19:24:17 OPNsense.localdomain filterlog[44472]: 118,,,6125cb207f65033775d1069fdf6d0ccf,vtnet0,match,pass,out,4,0x0,,64,0,0,DF,17,udp,90,203.0.213.2,193.205.160.3,6585,53,70
2026 Feb 03 20:43:09 (OPNsense.localdomain) any->/var/ossec/logs/opnsense_syslog.log Feb  3 19:24:18 OPNsense.localdomain filterlog[44472]: 118,,,6125cb207f65033775d1069fdf6d0ccf,vtnet0,match,pass,out,4,0x0,,64,0,0,DF,17,udp,79,203.0.213.2,193.205.160.3,16875,53,59
2026 Feb 03 20:43:09 (OPNsense.localdomain) any->/var/ossec/logs/opnsense_syslog.log Feb  3 19:24:17 OPNsense.localdomain filterlog[44472]: 115,,,fae559338f65e11c53669fc3642c93c2,vtnet0,match,pass,out,4,0x0,,127,7877,0,DF,6,tcp,52,10.0.40.13,52.123.242.228,53488,443,0,S,3032527705,,65535,,mss;nop;wscale;nop;nop;sackOK
2026 Feb 03 20:43:09 (OPNsense.localdomain) any->/var/ossec/logs/opnsense_syslog.log Feb  3 19:24:18 OPNsense.localdomain filterlog[44472]: 118,,,6125cb207f65033775d1069fdf6d0ccf,vtnet0,match,pass,out,4,0x0,,64,0,0,DF,17,udp,90,203.0.213.2,193.205.160.139,9684,53,70
2026 Feb 03 20:43:09 (Secretary-Windows) any->EventChannel {"win":{"system":{"providerName":"Microsoft-Windows-Sysmon","providerGuid":"{5770385f-c22a-43e0-bf4c-06f5698ffbd9}","eventID":"5","version":"3","level":"4","task":"5","opcode":"0","keywords":"0x8000000000000000","systemTime":"2026-02-04T03:34:06.4081902Z","eventRecordID":"2753","processID":"2824","threadID":"3588","channel":"Microsoft-Windows-Sysmon/Operational","computer":"WinDev2308Eval","severityValue":"INFORMATION","message":"\"Process terminated:\r\nRuleName: -\r\nUtcTime: 2026-02-04 03:34:06.407\r\nProcessGuid: {de7f78ee-bba1-6982-2c08-000000001e00}\r\nProcessId: 4012\r\nImage: C:\\Windows\\System32\\wbem\\WmiPrvSE.exe\r\nUser: NT AUTHORITY\\SYSTEM\""},"eventdata":{"utcTime":"2026-02-04 03:34:06.407","processGuid":"{de7f78ee-bba1-6982-2c08-000000001e00}","processId":"4012","image":"C:\\\\Windows\\\\System32\\\\wbem\\\\WmiPrvSE.exe","user":"NT AUTHORITY\\\\SYSTEM"}}}
2026 Feb 03 20:43:09 (Secretary-Windows) any->EventChannel {"win":{"system":{"providerName":"Microsoft-Windows-Sysmon","providerGuid":"{5770385f-c22a-43e0-bf4c-06f5698ffbd9}","eventID":"5","version":"3","level":"4","task":"5","opcode":"0","keywords":"0x8000000000000000","systemTime":"2026-02-04T03:34:24.8730957Z","eventRecordID":"2754","processID":"2824","threadID":"3588","channel":"Microsoft-Windows-Sysmon/Operational","computer":"WinDev2308Eval","severityValue":"INFORMATION","message":"\"Process terminated:\r\nRuleName: -\r\nUtcTime: 2026-02-04 03:34:24.872\r\nProcessGuid: {de7f78ee-be22-6982-8e08-000000001e00}\r\nProcessId: 1176\r\nImage: C:\\Program Files (x86)\\Microsoft\\Edge\\Application\\msedge.exe\r\nUser: WINDEV2308EVAL\\Secretary\""},"eventdata":{"utcTime":"2026-02-04 03:34:24.872","processGuid":"{de7f78ee-be22-6982-8e08-000000001e00}","processId":"1176","image":"C:\\\\Program Files (x86)\\\\Microsoft\\\\Edge\\\\Application\\\\msedge.exe","user":"WINDEV2308EVAL\\\\Secretary"}}}
