2026 Feb 03 20:43:09 (OPNsense.localdomain) any->/var/ossec/logs/opnsense_syslog.log Feb  3 19:26:46 OPNsense.localdomain filterlog[44472]: 24,,,02f4bab031b57d1e30553ce08e0ec131,vlan0.70,match,block,in,4,0x0,,128,36041,0,none,17,udp,96,10.0.70.100,10.0.70.255,137,137,76
2026 Feb 03 20:43:09 (OPNsense.localdomain) any->/var/ossec/logs/opnsense_syslog.log Feb  3 19:26:47 OPNsense.localdomain filterlog[44472]: 24,,,02f4bab031b57d1e30553ce08e0ec131,vlan0.70,match,block,in,4,0x0,,128,36042,0,none,17,udp,96,10.0.70.100,10.0.70.255,137,137,76
2026 Feb 03 20:43:09 (Secretary-Windows) any->EventChannel {"win":{"system":{"providerName":"Microsoft-Windows-Sysmon","providerGuid":"{5770385f-c22a-43e0-bf4c-06f5698ffbd9}","eventID":"1","version":"5","level":"4","task":"1","opcode":"0","keywords":"0x8000000000000000","systemTime":"2026-02-04T03:38:00.1443224Z","eventRecordID":"2780","processID":"2824","threadID":"3588","channel":"Microsoft-Windows-Sysmon/Operational","computer":"WinDev2308Eval","severityValue":"INFORMATION","message":"\"Process Create:\r\nRuleName: -\r\nUtcTime: 2026-02-04 03:38:00.134\r\nProcessGuid: {de7f78ee-bf18-6982-9e08-000000001e00}\r\nProcessId: 2052\r\nImage: C:\\Program Files (x86)\\Microsoft\\Edge\\Application\\msedge.exe\r\nFileVersion: 144.0.3719.104\r\nDescription: Microsoft Edge\r\nProduct: Microsoft Edge\r\nCompany: Microsoft Corporation\r\nOriginalFileName: msedge.exe\r\nCommandLine: \"C:\\Program Files (x86)\\Microsoft\\Edge\\Application\\msedge.exe\" --type=utility --utility-sub-type=unzip.mojom.Unzipper --lang=en-US --service-sandbox-type=service --noerrdialogs --user-data-dir=\"C:\\Users\\SECRET~1\\AppData\\Local\\Temp\\scoped_dir6216_650965905\" --ram-no-pressure-read-main-dll --field-trial-handle=2436,i,14337498407806940781,10433881642979078379,262144 --enable-features=msMetricsLogFastStartup,msSendMetricsLogOnClose --disable-features=IgnoreDuplicateNavs,PaintHolding,Prewarm --variations-seed-version --trace-process-track-uuid=3190709010674959568 --enable-logging=handle --log-file=1788 --log-level=0 --mojo-platform-channel-handle=5744 /prefetch:14\r\nCurrentDirectory: C:\\Program Files (x86)\\Microsoft\\Edge\\Application\\144.0.3719.104\\\r\nUser: WINDEV2308EVAL\\Secretary\r\nLogonGuid: {de7f78ee-4b47-6982-f4f1-3d0000000000}\r\nLogonId: 0x3DF1F4\r\nTerminalSessionId: 2\r\nIntegrityLevel: Low\r\nHashes: SHA256=C93DB508A45D9D394C38BA5BDC9A131C4CA09D4BF96EED2AD4794E10E359D2B8\r\nParentProcessGuid: {de7f78ee-be19-6982-8108-000000001e00}\r\nParentProcessId: 1844\r\nParentImage: C:\\Program Files (x86)\\Microsoft\\Edge\\Application\\msedge.exe\r\nParentCommandLine: \"C:\\Program Files (x86)\\Microsoft\\Edge\\Application\\msedge.exe\" --allow-pre-commit-input --disable-background-networking --disable-backgrounding-occluded-windows --disable-client-side-phishing-detection --disable-default-apps --disable-features=IgnoreDuplicateNavs,Prewarm --disable-hang-monitor --disable-popup-blocking --disable-prompt-on-repost --disable-sync --edge-skip-compat-layer-relaunch --enable-automation --enable-logging --headless --log-level=0 --no-first-run --no-service-autorun --password-store=basic --remote-debugging-port=0 --start-maximized --test-type=webdriver --use-mock-keychain --user-data-dir=\"C:\\Users\\SECRET~1\\AppData\\Local\\Temp\\scoped_dir6216_650965905\" --window-size=1920,1080 data:,\r\nParentUser: WINDEV2308EVAL\\Secretary\""},"eventdata":{"utcTime":"2026-02-04 03:38:00.134","processGuid":"{de7f78ee-bf18-6982-9e08-000000001e00}","processId":"2052","image":"C:\\\\Program Files (x86)\\\\Microsoft\\\\Edge\\\\Application\\\\msedge.exe","fileVersion":"144.0.3719.104","description":"Microsoft Edge","product":"Microsoft Edge","company":"Microsoft Corporation","originalFileName":"msedge.exe","commandLine":"\\\"C:\\\\Program Files (x86)\\\\Microsoft\\\\Edge\\\\Application\\\\msedge.exe\\\" --type=utility --utility-sub-type=unzip.mojom.Unzipper --lang=en-US --service-sandbox-type=service --noerrdialogs --user-data-dir=\\\"C:\\\\Users\\\\SECRET~1\\\\AppData\\\\Local\\\\Temp\\\\scoped_dir6216_650965905\\\" --ram-no-pressure-read-main-dll --field-trial-handle=2436,i,14337498407806940781,10433881642979078379,262144 --enable-features=msMetricsLogFastStartup,msSendMetricsLogOnClose --disable-features=IgnoreDuplicateNavs,PaintHolding,Prewarm --variations-seed-version --trace-process-track-uuid=3190709010674959568 --enable-logging=handle --log-file=1788 --log-level=0 --mojo-platform-channel-handle=5744 /prefetch:14","currentDirectory":"C:\\\\Program Files (x86)\\\\Microsoft\\\\Edge\\\\Application\\\\144.0.3719.104\\\\","user":"WINDEV2308EVAL\\\\Secretary","logonGuid":"{de7f78ee-4b47-6982-f4f1-3d0000000000}","logonId":"0x3df1f4","terminalSessionId":"2","integrityLevel":"Low","hashes":"SHA256=C93DB508A45D9D394C38BA5BDC9A131C4CA09D4BF96EED2AD4794E10E359D2B8","parentProcessGuid":"{de7f78ee-be19-6982-8108-000000001e00}","parentProcessId":"1844","parentImage":"C:\\\\Program Files (x86)\\\\Microsoft\\\\Edge\\\\Application\\\\msedge.exe","parentCommandLine":"\\\"C:\\\\Program Files (x86)\\\\Microsoft\\\\Edge\\\\Application\\\\msedge.exe\\\" --allow-pre-commit-input --disable-background-networking --disable-backgrounding-occluded-windows --disable-client-side-phishing-detection --disable-default-apps --disable-features=IgnoreDuplicateNavs,Prewarm --disable-hang-monitor --disable-popup-blocking --disable-prompt-on-repost --disable-sync --edge-skip-compat-layer-relaunch --enable-automation --enable-logging --headless --log-level=0 --no-first-run --no-service-autorun --password-store=basic --remote-debugging-port=0 --start-maximized --test-type=webdriver --use-mock-keychain --user-data-dir=\\\"C:\\\\Users\\\\SECRET~1\\\\AppData\\\\Local\\\\Temp\\\\scoped_dir6216_650965905\\\" --window-size=1920,1080 data:,","parentUser":"WINDEV2308EVAL\\\\Secretary"}}}
2026 Feb 03 20:43:09 (OPNsense.localdomain) any->/var/ossec/logs/opnsense_syslog.log Feb  3 19:26:46 OPNsense.localdomain filterlog[44472]: 24,,,02f4bab031b57d1e30553ce08e0ec131,vlan0.70,match,block,in,4,0x0,,128,36040,0,none,17,udp,96,10.0.70.100,10.0.70.255,137,137,76
2026 Feb 03 20:43:09 (OPNsense.localdomain) any->/var/ossec/logs/opnsense_syslog.log Feb  3 19:26:47 OPNsense.localdomain filterlog[44472]: 24,,,02f4bab031b57d1e30553ce08e0ec131,vlan0.70,match,block,in,4,0x0,,128,36042,0,none,17,udp,96,10.0.70.100,10.0.70.255,137,137,76
2026 Feb 03 20:43:09 (OPNsense.localdomain) any->/var/ossec/logs/opnsense_syslog.log Feb  3 19:26:47 OPNsense.localdomain filterlog[44472]: 24,,,02f4bab031b57d1e30553ce08e0ec131,vlan0.70,match,block,in,4,0x0,,128,36043,0,none,17,udp,96,10.0.70.100,10.0.70.255,137,137,76
2026 Feb 03 20:43:09 (OPNsense.localdomain) any->/var/ossec/logs/opnsense_syslog.log Feb  3 19:26:46 OPNsense.localdomain filterlog[44472]: 24,,,02f4bab031b57d1e30553ce08e0ec131,vlan0.70,match,block,in,4,0x0,,128,36041,0,none,17,udp,96,10.0.70.100,10.0.70.255,137,137,76
2026 Feb 03 20:43:09 (OPNsense.localdomain) any->/var/ossec/logs/opnsense_syslog.log Feb  3 19:26:47 OPNsense.localdomain filterlog[44472]: 24,,,02f4bab031b57d1e30553ce08e0ec131,vlan0.70,match,block,in,4,0x0,,128,36043,0,none,17,udp,96,10.0.70.100,10.0.70.255,137,137,76
2026 Feb 03 20:43:09 (OPNsense.localdomain) any->/var/ossec/logs/opnsense_syslog.log Feb  3 19:26:47 OPNsense.localdomain filterlog[44472]: 24,,,02f4bab031b57d1e30553ce08e0ec131,vlan0.70,match,block,in,4,0x0,,128,36044,0,none,17,udp,96,10.0.70.100,10.0.70.255,137,137,76
2026 Feb 03 20:43:09 (OPNsense.localdomain) any->/var/ossec/logs/opnsense_syslog.log Feb  3 19:26:47 OPNsense.localdomain filterlog[44472]: 24,,,02f4bab031b57d1e30553ce08e0ec131,vlan0.70,match,block,in,4,0x0,,128,36044,0,none,17,udp,96,10.0.70.100,10.0.70.255,137,137,76
2026 Feb 03 20:43:09 (OPNsense.localdomain) any->/var/ossec/logs/opnsense_syslog.log Feb  3 19:26:48 OPNsense.localdomain filterlog[44472]: 24,,,02f4bab031b57d1e30553ce08e0ec131,vlan0.70,match,block,in,4,0x0,,128,36045,0,none,17,udp,96,10.0.70.100,10.0.70.255,137,137,76
2026 Feb 03 20:43:09 (OPNsense.localdomain) any->/var/ossec/logs/opnsense_syslog.log Feb  3 19:26:48 OPNsense.localdomain filterlog[44472]: 24,,,02f4bab031b57d1e30553ce08e0ec131,vlan0.70,match,block,in,4,0x0,,128,36047,0,none,17,udp,96,10.0.70.100,10.0.70.255,137,137,76
2026 Feb 03 20:43:09 (OPNsense.localdomain) any->/var/ossec/logs/opnsense_syslog.log Feb  3 19:26:48 OPNsense.localdomain filterlog[44472]: 24,,,02f4bab031b57d1e30553ce08e0ec131,vlan0.70,match,block,in,4,0x0,,128,36046,0,none,17,udp,96,10.0.70.100,10.0.70.255,137,137,76
2026 Feb 03 20:43:09 (OPNsense.localdomain) any->/var/ossec/logs/opnsense_syslog.log Feb  3 19:26:48 OPNsense.localdomain filterlog[44472]: 24,,,02f4bab031b57d1e30553ce08e0ec131,vlan0.70,match,block,in,4,0x0,,128,36046,0,none,17,udp,96,10.0.70.100,10.0.70.255,137,137,76
2026 Feb 03 20:43:09 (OPNsense.localdomain) any->/var/ossec/logs/opnsense_syslog.log Feb  3 19:26:48 OPNsense.localdomain filterlog[44472]: 24,,,02f4bab031b57d1e30553ce08e0ec131,vlan0.70,match,block,in,4,0x0,,128,36045,0,none,17,udp,96,10.0.70.100,10.0.70.255,137,137,76
2026 Feb 03 20:43:09 (OPNsense.localdomain) any->/var/ossec/logs/opnsense_syslog.log Feb  3 19:26:48 OPNsense.localdomain filterlog[44472]: 24,,,02f4bab031b57d1e30553ce08e0ec131,vlan0.70,match,block,in,4,0x0,,128,36047,0,none,17,udp,96,10.0.70.100,10.0.70.255,137,137,76
2026 Feb 03 20:43:09 (OPNsense.localdomain) any->/var/ossec/logs/opnsense_syslog.log Feb  3 19:26:49 OPNsense.localdomain filterlog[44472]: 115,,,fae559338f65e11c53669fc3642c93c2,vlan0.99,match,pass,out,4,0x0,,63,31279,0,DF,6,tcp,60,10.0.2.10,10.0.99.14,55573,1514,0,S,260691655,,64240,,mss;sackOK;TS;nop;wscale
2026 Feb 03 20:43:09 (OPNsense.localdomain) any->/var/ossec/logs/opnsense_syslog.log Feb  3 19:26:48 OPNsense.localdomain filterlog[44472]: 24,,,02f4bab031b57d1e30553ce08e0ec131,vlan0.40,match,block,in,4,0xb8,,64,62652,0,DF,17,udp,76,10.0.40.11,195.32.70.195,54881,123,56
2026 Feb 03 20:43:09 (OPNsense.localdomain) any->/var/ossec/logs/opnsense_syslog.log Feb  3 19:26:48 OPNsense.localdomain filterlog[44472]: 24,,,02f4bab031b57d1e30553ce08e0ec131,vlan0.40,match,block,in,4,0xb8,,64,62652,0,DF,17,udp,76,10.0.40.11,195.32.70.195,54881,123,56
2026 Feb 03 20:43:09 (OPNsense.localdomain) any->/var/ossec/logs/opnsense_syslog.log Feb  3 19:26:52 OPNsense.localdomain filterlog[44472]: 24,,,02f4bab031b57d1e30553ce08e0ec131,vlan0.60,match,block,in,4,0xb8,,64,41090,0,DF,17,udp,76,10.0.60.10,151.22.209.90,34789,123,56
2026 Feb 03 20:43:09 (OPNsense.localdomain) any->/var/ossec/logs/opnsense_syslog.log Feb  3 19:26:49 OPNsense.localdomain filterlog[44472]: 118,,,6125cb207f65033775d1069fdf6d0ccf,vtnet0,match,pass,out,4,0xb8,,64,61034,0,none,17,udp,76,203.0.213.2,5.249.149.252,123,123,56
2026 Feb 03 20:43:09 (OPNsense.localdomain) any->/var/ossec/logs/opnsense_syslog.log Feb  3 19:26:52 OPNsense.localdomain filterlog[44472]: 24,,,02f4bab031b57d1e30553ce08e0ec131,vlan0.60,match,block,in,4,0xb8,,64,41090,0,DF,17,udp,76,10.0.60.10,151.22.209.90,34789,123,56
2026 Feb 03 20:43:09 (OPNsense.localdomain) any->/var/ossec/logs/opnsense_syslog.log Feb  3 19:26:53 OPNsense.localdomain filterlog[44472]: 24,,,02f4bab031b57d1e30553ce08e0ec131,vlan0.70,match,block,in,4,0x0,,128,36048,0,none,17,udp,96,10.0.70.100,10.0.70.255,137,137,76
2026 Feb 03 20:43:09 (OPNsense.localdomain) any->/var/ossec/logs/opnsense_syslog.log Feb  3 19:26:55 OPNsense.localdomain filterlog[44472]: 24,,,02f4bab031b57d1e30553ce08e0ec131,vlan0.70,match,block,in,4,0x0,,128,36050,0,none,17,udp,96,10.0.70.100,10.0.70.255,137,137,76
2026 Feb 03 20:43:09 (OPNsense.localdomain) any->/var/ossec/logs/opnsense_syslog.log Feb  3 19:26:55 OPNsense.localdomain filterlog[44472]: 24,,,02f4bab031b57d1e30553ce08e0ec131,vlan0.70,match,block,in,4,0x0,,128,36050,0,none,17,udp,96,10.0.70.100,10.0.70.255,137,137,76
2026 Feb 03 20:43:09 (OPNsense.localdomain) any->/var/ossec/logs/opnsense_syslog.log Feb  3 19:26:54 OPNsense.localdomain filterlog[44472]: 24,,,02f4bab031b57d1e30553ce08e0ec131,vlan0.70,match,block,in,4,0x0,,128,36049,0,none,17,udp,96,10.0.70.100,10.0.70.255,137,137,76
2026 Feb 03 20:43:09 (OPNsense.localdomain) any->/var/ossec/logs/opnsense_syslog.log Feb  3 19:26:54 OPNsense.localdomain filterlog[44472]: 24,,,02f4bab031b57d1e30553ce08e0ec131,vlan0.70,match,block,in,4,0x0,,128,36049,0,none,17,udp,96,10.0.70.100,10.0.70.255,137,137,76
2026 Feb 03 20:43:09 (OPNsense.localdomain) any->/var/ossec/logs/opnsense_syslog.log Feb  3 19:26:53 OPNsense.localdomain filterlog[44472]: 24,,,02f4bab031b57d1e30553ce08e0ec131,vlan0.70,match,block,in,4,0x0,,128,36048,0,none,17,udp,96,10.0.70.100,10.0.70.255,137,137,76
2026 Feb 03 20:43:09 (OPNsense.localdomain) any->/var/ossec/logs/opnsense_syslog.log Feb  3 19:26:56 OPNsense.localdomain filterlog[44472]: 24,,,02f4bab031b57d1e30553ce08e0ec131,vlan0.70,match,block,in,4,0x0,,128,36051,0,none,17,udp,96,10.0.70.100,10.0.70.255,137,137,76
2026 Feb 03 20:43:09 (OPNsense.localdomain) any->/var/ossec/logs/opnsense_syslog.log Feb  3 19:26:56 OPNsense.localdomain filterlog[44472]: 115,,,fae559338f65e11c53669fc3642c93c2,vlan0.99,match,pass,out,4,0x0,,127,63982,0,DF,6,tcp,52,10.0.10.12,10.0.99.14,49826,1515,0,S,1700145851,,64240,,mss;nop;wscale;nop;nop;sackOK
2026 Feb 03 20:43:09 (OPNsense.localdomain) any->/var/ossec/logs/opnsense_syslog.log Feb  3 19:26:56 OPNsense.localdomain filterlog[44472]: 24,,,02f4bab031b57d1e30553ce08e0ec131,vlan0.70,match,block,in,4,0x0,,128,36052,0,none,17,udp,96,10.0.70.100,10.0.70.255,137,137,76
2026 Feb 03 20:43:09 (OPNsense.localdomain) any->/var/ossec/logs/opnsense_syslog.log Feb  3 19:26:57 OPNsense.localdomain filterlog[44472]: 24,,,02f4bab031b57d1e30553ce08e0ec131,vlan0.70,match,block,in,4,0x0,,128,36053,0,none,17,udp,229,10.0.70.100,10.0.70.255,138,138,209
2026 Feb 03 20:43:09 (OPNsense.localdomain) any->/var/ossec/logs/opnsense_syslog.log Feb  3 19:26:56 OPNsense.localdomain filterlog[44472]: 24,,,02f4bab031b57d1e30553ce08e0ec131,vlan0.70,match,block,in,4,0x0,,128,36052,0,none,17,udp,96,10.0.70.100,10.0.70.255,137,137,76
2026 Feb 03 20:43:09 (OPNsense.localdomain) any->/var/ossec/logs/opnsense_syslog.log Feb  3 19:26:57 OPNsense.localdomain filterlog[44472]: 24,,,02f4bab031b57d1e30553ce08e0ec131,vlan0.70,match,block,in,4,0x0,,128,36054,0,none,17,udp,229,10.0.70.100,10.0.70.255,138,138,209
2026 Feb 03 20:43:09 (OPNsense.localdomain) any->/var/ossec/logs/opnsense_syslog.log Feb  3 19:26:57 OPNsense.localdomain filterlog[44472]: 24,,,02f4bab031b57d1e30553ce08e0ec131,vlan0.70,match,block,in,4,0x0,,128,36053,0,none,17,udp,229,10.0.70.100,10.0.70.255,138,138,209
2026 Feb 03 20:43:09 (OPNsense.localdomain) any->/var/ossec/logs/opnsense_syslog.log Feb  3 19:26:56 OPNsense.localdomain filterlog[44472]: 24,,,02f4bab031b57d1e30553ce08e0ec131,vlan0.70,match,block,in,4,0x0,,128,36051,0,none,17,udp,96,10.0.70.100,10.0.70.255,137,137,76
2026 Feb 03 20:43:09 (Secretary-Windows) any->EventChannel {"win":{"system":{"providerName":"Microsoft-Windows-Sysmon","providerGuid":"{5770385f-c22a-43e0-bf4c-06f5698ffbd9}","eventID":"5","version":"3","level":"4","task":"5","opcode":"0","keywords":"0x8000000000000000","systemTime":"2026-02-04T03:38:00.3152243Z","eventRecordID":"2781","processID":"2824","threadID":"3588","channel":"Microsoft-Windows-Sysmon/Operational","computer":"WinDev2308Eval","severityValue":"INFORMATION","message":"\"Process terminated:\r\nRuleName: -\r\nUtcTime: 2026-02-04 03:38:00.314\r\nProcessGuid: {de7f78ee-bf18-6982-9e08-000000001e00}\r\nProcessId: 2052\r\nImage: C:\\Program Files (x86)\\Microsoft\\Edge\\Application\\msedge.exe\r\nUser: WINDEV2308EVAL\\Secretary\""},"eventdata":{"utcTime":"2026-02-04 03:38:00.314","processGuid":"{de7f78ee-bf18-6982-9e08-000000001e00}","processId":"2052","image":"C:\\\\Program Files (x86)\\\\Microsoft\\\\Edge\\\\Application\\\\msedge.exe","user":"WINDEV2308EVAL\\\\Secretary"}}}
2026 Feb 03 20:43:09 (Secretary-Windows) any->EventChannel {"win":{"system":{"providerName":"Microsoft-Windows-Sysmon","providerGuid":"{5770385f-c22a-43e0-bf4c-06f5698ffbd9}","eventID":"5","version":"3","level":"4","task":"5","opcode":"0","keywords":"0x8000000000000000","systemTime":"2026-02-04T03:38:13.4674407Z","eventRecordID":"2782","processID":"2824","threadID":"3588","channel":"Microsoft-Windows-Sysmon/Operational","computer":"WinDev2308Eval","severityValue":"INFORMATION","message":"\"Process terminated:\r\nRuleName: -\r\nUtcTime: 2026-02-04 03:38:13.467\r\nProcessGuid: {de7f78ee-be22-6982-8f08-000000001e00}\r\nProcessId: 724\r\nImage: C:\\Program Files (x86)\\Microsoft\\Edge\\Application\\msedge.exe\r\nUser: WINDEV2308EVAL\\Secretary\""},"eventdata":{"utcTime":"2026-02-04 03:38:13.467","processGuid":"{de7f78ee-be22-6982-8f08-000000001e00}","processId":"724","image":"C:\\\\Program Files (x86)\\\\Microsoft\\\\Edge\\\\Application\\\\msedge.exe","user":"WINDEV2308EVAL\\\\Secretary"}}}
2026 Feb 03 20:43:09 (OPNsense.localdomain) any->/var/ossec/logs/opnsense_syslog.log Feb  3 19:26:57 OPNsense.localdomain filterlog[44472]: 24,,,02f4bab031b57d1e30553ce08e0ec131,vlan0.70,match,block,in,4,0x0,,128,36054,0,none,17,udp,229,10.0.70.100,10.0.70.255,138,138,209
2026 Feb 03 20:43:09 (OPNsense.localdomain) any->/var/ossec/logs/opnsense_syslog.log Feb  3 19:26:58 OPNsense.localdomain filterlog[44472]: 24,,,02f4bab031b57d1e30553ce08e0ec131,vlan0.10,match,block,in,4,0xb8,,64,48808,0,DF,17,udp,76,10.0.10.13,185.125.190.58,44471,123,56
2026 Feb 03 20:43:09 (OPNsense.localdomain) any->/var/ossec/logs/opnsense_syslog.log Feb  3 19:26:58 OPNsense.localdomain filterlog[44472]: 118,,,6125cb207f65033775d1069fdf6d0ccf,vtnet0,match,pass,out,4,0x0,,64,0,0,DF,17,udp,71,203.0.213.2,193.205.160.139,62496,53,51
2026 Feb 03 20:43:09 (OPNsense.localdomain) any->/var/ossec/logs/opnsense_syslog.log Feb  3 19:26:58 OPNsense.localdomain filterlog[44472]: 118,,,6125cb207f65033775d1069fdf6d0ccf,vtnet0,match,pass,out,4,0x0,,64,0,0,DF,17,udp,71,203.0.213.2,193.205.160.139,52796,53,51
2026 Feb 03 20:43:09 (OPNsense.localdomain) any->/var/ossec/logs/opnsense_syslog.log Feb  3 19:26:58 OPNsense.localdomain filterlog[44472]: 24,,,02f4bab031b57d1e30553ce08e0ec131,vlan0.10,match,block,in,4,0xb8,,64,48808,0,DF,17,udp,76,10.0.10.13,185.125.190.58,44471,123,56
2026 Feb 03 20:43:09 (OPNsense.localdomain) any->/var/ossec/logs/opnsense_syslog.log Feb  3 19:26:58 OPNsense.localdomain filterlog[44472]: 24,,,02f4bab031b57d1e30553ce08e0ec131,vlan0.70,match,block,in,4,0x0,,128,36056,0,none,17,udp,96,10.0.70.100,10.0.70.255,137,137,76
2026 Feb 03 20:43:09 (OPNsense.localdomain) any->/var/ossec/logs/opnsense_syslog.log Feb  3 19:26:58 OPNsense.localdomain filterlog[44472]: 24,,,02f4bab031b57d1e30553ce08e0ec131,vlan0.40,match,block,in,4,0xb8,,64,55068,0,DF,17,udp,76,10.0.40.11,185.19.184.35,50964,123,56
2026 Feb 03 20:43:09 (OPNsense.localdomain) any->/var/ossec/logs/opnsense_syslog.log Feb  3 19:26:58 OPNsense.localdomain filterlog[44472]: 24,,,02f4bab031b57d1e30553ce08e0ec131,vlan0.70,match,block,in,4,0x0,,128,36056,0,none,17,udp,96,10.0.70.100,10.0.70.255,137,137,76
2026 Feb 03 20:43:09 (OPNsense.localdomain) any->/var/ossec/logs/opnsense_syslog.log Feb  3 19:26:58 OPNsense.localdomain filterlog[44472]: 24,,,02f4bab031b57d1e30553ce08e0ec131,vlan0.40,match,block,in,4,0xb8,,64,55068,0,DF,17,udp,76,10.0.40.11,185.19.184.35,50964,123,56
2026 Feb 03 20:43:09 (OPNsense.localdomain) any->/var/ossec/logs/opnsense_syslog.log Feb  3 19:26:59 OPNsense.localdomain filterlog[44472]: 24,,,02f4bab031b57d1e30553ce08e0ec131,vlan0.70,match,block,in,4,0x0,,128,36057,0,none,17,udp,96,10.0.70.100,10.0.70.255,137,137,76
2026 Feb 03 20:43:09 (OPNsense.localdomain) any->/var/ossec/logs/opnsense_syslog.log Feb  3 19:26:59 OPNsense.localdomain filterlog[44472]: 24,,,02f4bab031b57d1e30553ce08e0ec131,vlan0.70,match,block,in,4,0x0,,128,36057,0,none,17,udp,96,10.0.70.100,10.0.70.255,137,137,76
2026 Feb 03 20:43:09 (OPNsense.localdomain) any->/var/ossec/logs/opnsense_syslog.log Feb  3 19:26:59 OPNsense.localdomain filterlog[44472]: 24,,,02f4bab031b57d1e30553ce08e0ec131,vlan0.20,match,block,in,4,0xb8,,64,3940,0,DF,17,udp,76,10.0.20.13,185.125.190.58,46600,123,56
2026 Feb 03 20:43:09 (OPNsense.localdomain) any->/var/ossec/logs/opnsense_syslog.log Feb  3 19:26:59 OPNsense.localdomain filterlog[44472]: 115,,,fae559338f65e11c53669fc3642c93c2,vlan0.99,match,pass,out,4,0x2,0,127,10469,0,DF,6,tcp,52,10.0.70.100,10.0.99.14,49995,1514,0,SEC,1482040600,,64240,,mss;nop;wscale;nop;nop;sackOK
2026 Feb 03 20:43:09 (Secretary-Windows) any->EventChannel {"win":{"system":{"providerName":"Microsoft-Windows-Sysmon","providerGuid":"{5770385f-c22a-43e0-bf4c-06f5698ffbd9}","eventID":"5","version":"3","level":"4","task":"5","opcode":"0","keywords":"0x8000000000000000","systemTime":"2026-02-04T03:38:19.4058023Z","eventRecordID":"2783","processID":"2824","threadID":"3588","channel":"Microsoft-Windows-Sysmon/Operational","computer":"WinDev2308Eval","severityValue":"INFORMATION","message":"\"Process terminated:\r\nRuleName: -\r\nUtcTime: 2026-02-04 03:38:19.405\r\nProcessGuid: {de7f78ee-be19-6982-8108-000000001e00}\r\nProcessId: 1844\r\nImage: C:\\Program Files (x86)\\Microsoft\\Edge\\Application\\msedge.exe\r\nUser: WINDEV2308EVAL\\Secretary\""},"eventdata":{"utcTime":"2026-02-04 03:38:19.405","processGuid":"{de7f78ee-be19-6982-8108-000000001e00}","processId":"1844","image":"C:\\\\Program Files (x86)\\\\Microsoft\\\\Edge\\\\Application\\\\msedge.exe","user":"WINDEV2308EVAL\\\\Secretary"}}}
2026 Feb 03 20:43:09 (OPNsense.localdomain) any->/var/ossec/logs/opnsense_syslog.log Feb  3 19:26:59 OPNsense.localdomain filterlog[44472]: 24,,,02f4bab031b57d1e30553ce08e0ec131,vlan0.20,match,block,in,4,0xb8,,64,3940,0,DF,17,udp,76,10.0.20.13,185.125.190.58,46600,123,56
2026 Feb 03 20:43:09 (Secretary-Windows) any->EventChannel {"win":{"system":{"providerName":"Microsoft-Windows-Sysmon","providerGuid":"{5770385f-c22a-43e0-bf4c-06f5698ffbd9}","eventID":"5","version":"3","level":"4","task":"5","opcode":"0","keywords":"0x8000000000000000","systemTime":"2026-02-04T03:38:19.6051401Z","eventRecordID":"2784","processID":"2824","threadID":"3588","channel":"Microsoft-Windows-Sysmon/Operational","computer":"WinDev2308Eval","severityValue":"INFORMATION","message":"\"Process terminated:\r\nRuleName: -\r\nUtcTime: 2026-02-04 03:38:19.592\r\nProcessGuid: {de7f78ee-becd-6982-9b08-000000001e00}\r\nProcessId: 7164\r\nImage: C:\\Program Files (x86)\\Microsoft\\Edge\\Application\\msedge.exe\r\nUser: WINDEV2308EVAL\\Secretary\""},"eventdata":{"utcTime":"2026-02-04 03:38:19.592","processGuid":"{de7f78ee-becd-6982-9b08-000000001e00}","processId":"7164","image":"C:\\\\Program Files (x86)\\\\Microsoft\\\\Edge\\\\Application\\\\msedge.exe","user":"WINDEV2308EVAL\\\\Secretary"}}}
2026 Feb 03 20:43:09 (OPNsense.localdomain) any->/var/ossec/logs/opnsense_syslog.log Feb  3 19:27:08 OPNsense.localdomain filterlog[44472]: 24,,,02f4bab031b57d1e30553ce08e0ec131,vlan0.10,match,block,in,4,0xb8,,64,22361,0,DF,17,udp,76,10.0.10.13,91.189.91.157,46496,123,56
2026 Feb 03 20:43:09 (OPNsense.localdomain) any->/var/ossec/logs/opnsense_syslog.log Feb  3 19:27:01 OPNsense.localdomain filterlog[44472]: 115,,,fae559338f65e11c53669fc3642c93c2,vlan0.99,match,pass,out,4,0x0,,127,1932,0,DF,6,tcp,52,10.0.40.13,10.0.99.14,53500,1514,0,S,864952599,,64240,,mss;nop;wscale;nop;nop;sackOK
2026 Feb 03 20:43:09 (OPNsense.localdomain) any->/var/ossec/logs/opnsense_syslog.log Feb  3 19:27:02 OPNsense.localdomain filterlog[44472]: 24,,,02f4bab031b57d1e30553ce08e0ec131,vlan0.60,match,block,in,4,0xb8,,64,27104,0,DF,17,udp,76,10.0.60.10,188.217.191.74,42083,123,56
2026 Feb 03 20:43:09 (OPNsense.localdomain) any->/var/ossec/logs/opnsense_syslog.log Feb  3 19:27:02 OPNsense.localdomain filterlog[44472]: 24,,,02f4bab031b57d1e30553ce08e0ec131,vlan0.60,match,block,in,4,0xb8,,64,27104,0,DF,17,udp,76,10.0.60.10,188.217.191.74,42083,123,56
2026 Feb 03 20:43:09 (OPNsense.localdomain) any->/var/ossec/logs/opnsense_syslog.log Feb  3 19:27:08 OPNsense.localdomain filterlog[44472]: 24,,,02f4bab031b57d1e30553ce08e0ec131,vlan0.40,match,block,in,4,0xb8,,64,29369,0,DF,17,udp,76,10.0.40.11,151.22.209.90,51018,123,56
2026 Feb 03 20:43:09 (OPNsense.localdomain) any->/var/ossec/logs/opnsense_syslog.log Feb  3 19:27:08 OPNsense.localdomain filterlog[44472]: 24,,,02f4bab031b57d1e30553ce08e0ec131,vlan0.10,match,block,in,4,0xb8,,64,22361,0,DF,17,udp,76,10.0.10.13,91.189.91.157,46496,123,56
2026 Feb 03 20:43:09 (OPNsense.localdomain) any->/var/ossec/logs/opnsense_syslog.log Feb  3 19:27:08 OPNsense.localdomain filterlog[44472]: 24,,,02f4bab031b57d1e30553ce08e0ec131,vlan0.40,match,block,in,4,0xb8,,64,29369,0,DF,17,udp,76,10.0.40.11,151.22.209.90,51018,123,56
2026 Feb 03 20:43:09 (OPNsense.localdomain) any->/var/ossec/logs/opnsense_syslog.log Feb  3 19:27:10 OPNsense.localdomain filterlog[44472]: 24,,,02f4bab031b57d1e30553ce08e0ec131,vlan0.20,match,block,in,4,0xb8,,64,55965,0,DF,17,udp,76,10.0.20.13,91.189.91.157,33306,123,56
2026 Feb 03 20:43:09 (OPNsense.localdomain) any->/var/ossec/logs/opnsense_syslog.log Feb  3 19:27:10 OPNsense.localdomain filterlog[44472]: 24,,,02f4bab031b57d1e30553ce08e0ec131,vlan0.20,match,block,in,4,0xb8,,64,55965,0,DF,17,udp,76,10.0.20.13,91.189.91.157,33306,123,56
2026 Feb 03 20:43:09 (OPNsense.localdomain) any->/var/ossec/logs/opnsense_syslog.log Feb  3 19:27:10 OPNsense.localdomain filterlog[44472]: 115,,,fae559338f65e11c53669fc3642c93c2,vtnet0,match,pass,out,4,0x0,,63,14845,0,DF,6,tcp,60,10.0.20.10,185.125.188.57,57684,443,0,S,3526964896,,64240,,mss;sackOK;TS;nop;wscale
2026 Feb 03 20:43:09 (OPNsense.localdomain) any->/var/ossec/logs/opnsense_syslog.log Feb  3 19:27:12 OPNsense.localdomain filterlog[44472]: 24,,,02f4bab031b57d1e30553ce08e0ec131,vlan0.60,match,block,in,4,0xb8,,64,11768,0,DF,17,udp,76,10.0.60.10,195.32.70.195,50504,123,56
2026 Feb 03 20:43:09 (Secretary-Windows) any->EventChannel {"win":{"system":{"providerName":"Microsoft-Windows-Sysmon","providerGuid":"{5770385f-c22a-43e0-bf4c-06f5698ffbd9}","eventID":"5","version":"3","level":"4","task":"5","opcode":"0","keywords":"0x8000000000000000","systemTime":"2026-02-04T03:38:19.6161469Z","eventRecordID":"2785","processID":"2824","threadID":"3588","channel":"Microsoft-Windows-Sysmon/Operational","computer":"WinDev2308Eval","severityValue":"INFORMATION","message":"\"Process terminated:\r\nRuleName: -\r\nUtcTime: 2026-02-04 03:38:19.607\r\nProcessGuid: {de7f78ee-be19-6982-8408-000000001e00}\r\nProcessId: 8172\r\nImage: C:\\Program Files (x86)\\Microsoft\\Edge\\Application\\msedge.exe\r\nUser: WINDEV2308EVAL\\Secretary\""},"eventdata":{"utcTime":"2026-02-04 03:38:19.607","processGuid":"{de7f78ee-be19-6982-8408-000000001e00}","processId":"8172","image":"C:\\\\Program Files (x86)\\\\Microsoft\\\\Edge\\\\Application\\\\msedge.exe","user":"WINDEV2308EVAL\\\\Secretary"}}}
2026 Feb 03 20:43:09 (OPNsense.localdomain) any->/var/ossec/logs/opnsense_syslog.log Feb  3 19:27:12 OPNsense.localdomain filterlog[44472]: 24,,,02f4bab031b57d1e30553ce08e0ec131,vlan0.60,match,block,in,4,0xb8,,64,11768,0,DF,17,udp,76,10.0.60.10,195.32.70.195,50504,123,56
2026 Feb 03 20:43:09 (Secretary-Windows) any->EventChannel {"win":{"system":{"providerName":"Microsoft-Windows-Sysmon","providerGuid":"{5770385f-c22a-43e0-bf4c-06f5698ffbd9}","eventID":"5","version":"3","level":"4","task":"5","opcode":"0","keywords":"0x8000000000000000","systemTime":"2026-02-04T03:38:19.6331775Z","eventRecordID":"2786","processID":"2824","threadID":"3588","channel":"Microsoft-Windows-Sysmon/Operational","computer":"WinDev2308Eval","severityValue":"INFORMATION","message":"\"Process terminated:\r\nRuleName: -\r\nUtcTime: 2026-02-04 03:38:19.623\r\nProcessGuid: {de7f78ee-be1c-6982-8c08-000000001e00}\r\nProcessId: 6868\r\nImage: C:\\Program Files (x86)\\Microsoft\\Edge\\Application\\msedge.exe\r\nUser: WINDEV2308EVAL\\Secretary\""},"eventdata":{"utcTime":"2026-02-04 03:38:19.623","processGuid":"{de7f78ee-be1c-6982-8c08-000000001e00}","processId":"6868","image":"C:\\\\Program Files (x86)\\\\Microsoft\\\\Edge\\\\Application\\\\msedge.exe","user":"WINDEV2308EVAL\\\\Secretary"}}}
2026 Feb 03 20:43:09 (OPNsense.localdomain) any->/var/ossec/logs/opnsense_syslog.log Feb  3 19:27:13 OPNsense.localdomain filterlog[44472]: 115,,,fae559338f65e11c53669fc3642c93c2,lo0,match,pass,out,4,0x0,,64,41531,0,none,17,udp,69,127.0.0.1,127.0.0.1,31398,53,49
2026 Feb 03 20:43:09 (OPNsense.localdomain) any->/var/ossec/logs/opnsense_syslog.log Feb  3 19:27:13 OPNsense.localdomain filterlog[44472]: 118,,,6125cb207f65033775d1069fdf6d0ccf,vtnet0,match,pass,out,4,0x0,,64,0,0,DF,17,udp,80,203.0.213.2,193.205.160.3,62245,53,60
2026 Feb 03 20:43:09 (OPNsense.localdomain) any->/var/ossec/logs/opnsense_syslog.log Feb  3 19:27:13 OPNsense.localdomain filterlog[44472]: 115,,,fae559338f65e11c53669fc3642c93c2,lo0,match,pass,out,4,0x0,,64,32146,0,none,17,udp,69,127.0.0.1,127.0.0.1,39300,53,49
2026 Feb 03 20:43:09 (OPNsense.localdomain) any->/var/ossec/logs/opnsense_syslog.log Feb  3 19:27:13 OPNsense.localdomain filterlog[44472]: 118,,,6125cb207f65033775d1069fdf6d0ccf,vtnet0,match,pass,out,4,0xb8,,64,44957,0,none,17,udp,76,203.0.213.2,89.46.74.148,123,123,56
2026 Feb 03 20:43:09 (OPNsense.localdomain) any->/var/ossec/logs/opnsense_syslog.log Feb  3 19:27:13 OPNsense.localdomain filterlog[44472]: 115,,,fae559338f65e11c53669fc3642c93c2,vtnet0,match,pass,out,4,0xb8,,63,1673,0,DF,17,udp,76,10.0.2.10,172.232.208.229,39973,123,56
2026 Feb 03 20:43:09 (OPNsense.localdomain) any->/var/ossec/logs/opnsense_syslog.log Feb  3 19:27:15 OPNsense.localdomain filterlog[44472]: 24,,,02f4bab031b57d1e30553ce08e0ec131,vlan0.70,match,block,in,4,0x0,,128,36058,0,none,17,udp,229,10.0.70.100,10.0.70.255,138,138,209
2026 Feb 03 20:43:09 (OPNsense.localdomain) any->/var/ossec/logs/opnsense_syslog.log Feb  3 19:27:15 OPNsense.localdomain filterlog[44472]: 24,,,02f4bab031b57d1e30553ce08e0ec131,vlan0.70,match,block,in,4,0x0,,128,36058,0,none,17,udp,229,10.0.70.100,10.0.70.255,138,138,209
2026 Feb 03 20:43:09 (Secretary-Windows) any->EventChannel {"win":{"system":{"providerName":"Universal Print","eventID":"1","version":"0","level":"4","task":"0","opcode":"0","keywords":"0x80000000000000","systemTime":"2026-02-04T03:52:59.4130042Z","eventRecordID":"3100","processID":"1832","threadID":"0","channel":"Application","computer":"WinDev2308Eval","severityValue":"INFORMATION","message":"\"JobState = 5 (requestId = 2, IPPServerJobId = 16, SpoolerJobId = 2)\""},"eventdata":{"data":"JobState = 5 (requestId = 2, IPPServerJobId = 16, SpoolerJobId = 2), APMon.dll"}}}
2026 Feb 03 20:43:09 (OPNsense.localdomain) any->/var/ossec/logs/opnsense_syslog.log Feb  3 19:27:16 OPNsense.localdomain filterlog[44472]: 118,,,6125cb207f65033775d1069fdf6d0ccf,vtnet0,match,pass,out,4,0xb8,,64,15591,0,none,17,udp,76,203.0.213.2,185.19.184.35,123,123,56
2026 Feb 03 20:43:09 (OPNsense.localdomain) any->/var/ossec/logs/opnsense_syslog.log Feb  3 19:27:18 OPNsense.localdomain filterlog[44472]: 24,,,02f4bab031b57d1e30553ce08e0ec131,vlan0.10,match,block,in,4,0xb8,,64,41775,0,DF,17,udp,76,10.0.10.13,185.125.190.56,37909,123,56
2026 Feb 03 20:43:09 (OPNsense.localdomain) any->/var/ossec/logs/opnsense_syslog.log Feb  3 19:27:19 OPNsense.localdomain filterlog[44472]: 24,,,02f4bab031b57d1e30553ce08e0ec131,vlan0.40,match,block,in,4,0xb8,,64,11276,0,DF,17,udp,76,10.0.40.11,162.159.200.123,49503,123,56
2026 Feb 03 20:43:09 (OPNsense.localdomain) any->/var/ossec/logs/opnsense_syslog.log Feb  3 19:27:19 OPNsense.localdomain filterlog[44472]: 118,,,6125cb207f65033775d1069fdf6d0ccf,vtnet0,match,pass,out,4,0x0,,64,0,0,DF,17,udp,78,203.0.213.2,193.205.160.139,7363,53,58
2026 Feb 03 20:43:09 (OPNsense.localdomain) any->/var/ossec/logs/opnsense_syslog.log Feb  3 19:27:18 OPNsense.localdomain filterlog[44472]: 24,,,02f4bab031b57d1e30553ce08e0ec131,vlan0.10,match,block,in,4,0xb8,,64,41775,0,DF,17,udp,76,10.0.10.13,185.125.190.56,37909,123,56
2026 Feb 03 20:43:09 (OPNsense.localdomain) any->/var/ossec/logs/opnsense_syslog.log Feb  3 19:27:19 OPNsense.localdomain filterlog[44472]: 24,,,02f4bab031b57d1e30553ce08e0ec131,vlan0.40,match,block,in,4,0xb8,,64,11276,0,DF,17,udp,76,10.0.40.11,162.159.200.123,49503,123,56
2026 Feb 03 20:43:09 (OPNsense.localdomain) any->/var/ossec/logs/opnsense_syslog.log Feb  3 19:27:20 OPNsense.localdomain filterlog[44472]: 24,,,02f4bab031b57d1e30553ce08e0ec131,vlan0.20,match,block,in,4,0xb8,,64,8289,0,DF,17,udp,76,10.0.20.13,185.125.190.56,54481,123,56
2026 Feb 03 20:43:09 (OPNsense.localdomain) any->/var/ossec/logs/opnsense_syslog.log Feb  3 19:27:21 OPNsense.localdomain filterlog[44472]: 115,,,fae559338f65e11c53669fc3642c93c2,vlan0.99,match,pass,out,4,0x0,,64,0,0,DF,6,tcp,60,10.0.99.1,10.0.99.14,62365,1514,0,S,4118076407,,65228,,mss;nop;wscale;sackOK;TS
2026 Feb 03 20:43:09 (OPNsense.localdomain) any->/var/ossec/logs/opnsense_syslog.log Feb  3 19:27:20 OPNsense.localdomain filterlog[44472]: 24,,,02f4bab031b57d1e30553ce08e0ec131,vlan0.20,match,block,in,4,0xb8,,64,8289,0,DF,17,udp,76,10.0.20.13,185.125.190.56,54481,123,56
2026 Feb 03 20:43:09 (OPNsense.localdomain) any->/var/ossec/logs/opnsense_syslog.log Feb  3 19:27:23 OPNsense.localdomain filterlog[44472]: 24,,,02f4bab031b57d1e30553ce08e0ec131,vlan0.60,match,block,in,4,0xb8,,64,60956,0,DF,17,udp,76,10.0.60.10,162.159.200.123,60446,123,56
2026 Feb 03 20:43:09 (OPNsense.localdomain) any->/var/ossec/logs/opnsense_syslog.log Feb  3 19:27:22 OPNsense.localdomain filterlog[44472]: 115,,,fae559338f65e11c53669fc3642c93c2,vlan0.99,match,pass,out,4,0x0,,127,1937,0,DF,6,tcp,52,10.0.40.13,10.0.99.14,53501,1515,0,S,2466336415,,64240,,mss;nop;wscale;nop;nop;sackOK
2026 Feb 03 20:43:09 (OPNsense.localdomain) any->/var/ossec/logs/opnsense_syslog.log Feb  3 19:27:23 OPNsense.localdomain filterlog[44472]: 24,,,02f4bab031b57d1e30553ce08e0ec131,vlan0.60,match,block,in,4,0xb8,,64,60956,0,DF,17,udp,76,10.0.60.10,162.159.200.123,60446,123,56
2026 Feb 03 20:43:09 (Secretary-Windows) any->EventChannel {"win":{"system":{"providerName":"Microsoft-Windows-Sysmon","providerGuid":"{5770385f-c22a-43e0-bf4c-06f5698ffbd9}","eventID":"5","version":"3","level":"4","task":"5","opcode":"0","keywords":"0x8000000000000000","systemTime":"2026-02-04T03:38:19.6424090Z","eventRecordID":"2787","processID":"2824","threadID":"3588","channel":"Microsoft-Windows-Sysmon/Operational","computer":"WinDev2308Eval","severityValue":"INFORMATION","message":"\"Process terminated:\r\nRuleName: -\r\nUtcTime: 2026-02-04 03:38:19.639\r\nProcessGuid: {de7f78ee-be1d-6982-8d08-000000001e00}\r\nProcessId: 4552\r\nImage: C:\\Program Files (x86)\\Microsoft\\Edge\\Application\\msedge.exe\r\nUser: WINDEV2308EVAL\\Secretary\""},"eventdata":{"utcTime":"2026-02-04 03:38:19.639","processGuid":"{de7f78ee-be1d-6982-8d08-000000001e00}","processId":"4552","image":"C:\\\\Program Files (x86)\\\\Microsoft\\\\Edge\\\\Application\\\\msedge.exe","user":"WINDEV2308EVAL\\\\Secretary"}}}
2026 Feb 03 20:43:09 (OPNsense.localdomain) any->/var/ossec/logs/opnsense_syslog.log Feb  3 19:27:23 OPNsense.localdomain filterlog[44472]: 118,,,6125cb207f65033775d1069fdf6d0ccf,vtnet0,match,pass,out,4,0x0,,64,0,0,DF,17,udp,71,203.0.213.2,193.205.160.3,12149,53,51
2026 Feb 03 20:43:09 (OPNsense.localdomain) any->/var/ossec/logs/opnsense_syslog.log Feb  3 19:27:23 OPNsense.localdomain filterlog[44472]: 118,,,6125cb207f65033775d1069fdf6d0ccf,vtnet0,match,pass,out,4,0x0,,64,0,0,DF,17,udp,94,203.0.213.2,193.205.160.3,45606,53,74
2026 Feb 03 20:43:09 (OPNsense.localdomain) any->/var/ossec/logs/opnsense_syslog.log Feb  3 19:27:23 OPNsense.localdomain filterlog[44472]: 118,,,6125cb207f65033775d1069fdf6d0ccf,vtnet0,match,pass,out,4,0x0,,64,0,0,DF,17,udp,86,203.0.213.2,193.205.160.3,50491,53,66
2026 Feb 03 20:43:09 (OPNsense.localdomain) any->/var/ossec/logs/opnsense_syslog.log Feb  3 19:27:23 OPNsense.localdomain filterlog[44472]: 118,,,6125cb207f65033775d1069fdf6d0ccf,vtnet0,match,pass,out,4,0x0,,64,0,0,DF,17,udp,89,203.0.213.2,193.205.160.139,18971,53,69
2026 Feb 03 20:43:09 (OPNsense.localdomain) any->/var/ossec/logs/opnsense_syslog.log Feb  3 19:27:23 OPNsense.localdomain filterlog[44472]: 118,,,6125cb207f65033775d1069fdf6d0ccf,vtnet0,match,pass,out,4,0x0,,64,0,0,DF,17,udp,92,203.0.213.2,193.205.160.3,33649,53,72
2026 Feb 03 20:43:09 (OPNsense.localdomain) any->/var/ossec/logs/opnsense_syslog.log Feb  3 19:27:23 OPNsense.localdomain filterlog[44472]: 118,,,6125cb207f65033775d1069fdf6d0ccf,vtnet0,match,pass,out,4,0x0,,64,0,0,DF,17,udp,73,203.0.213.2,193.205.160.3,55931,53,53
2026 Feb 03 20:43:09 (OPNsense.localdomain) any->/var/ossec/logs/opnsense_syslog.log Feb  3 19:27:23 OPNsense.localdomain filterlog[44472]: 118,,,6125cb207f65033775d1069fdf6d0ccf,vtnet0,match,pass,out,4,0x0,,64,0,0,DF,17,udp,99,203.0.213.2,193.205.160.139,11440,53,79
2026 Feb 03 20:43:09 (OPNsense.localdomain) any->/var/ossec/logs/opnsense_syslog.log Feb  3 19:27:23 OPNsense.localdomain filterlog[44472]: 115,,,fae559338f65e11c53669fc3642c93c2,vtnet0,match,pass,out,4,0x2,0,127,37240,0,DF,6,tcp,52,10.0.70.100,52.123.128.14,50006,443,0,SEC,2169889296,,65535,,mss;nop;wscale;nop;nop;sackOK
2026 Feb 03 20:43:09 (OPNsense.localdomain) any->/var/ossec/logs/opnsense_syslog.log Feb  3 19:27:23 OPNsense.localdomain filterlog[44472]: 118,,,6125cb207f65033775d1069fdf6d0ccf,vtnet0,match,pass,out,4,0x0,,64,0,0,DF,17,udp,73,203.0.213.2,193.205.160.139,30979,53,53
2026 Feb 03 20:43:09 (OPNsense.localdomain) any->/var/ossec/logs/opnsense_syslog.log Feb  3 19:27:23 OPNsense.localdomain filterlog[44472]: 118,,,6125cb207f65033775d1069fdf6d0ccf,vtnet0,match,pass,out,4,0x0,,64,0,0,DF,17,udp,81,203.0.213.2,193.205.160.3,59875,53,61
2026 Feb 03 20:43:10 (OPNsense.localdomain) any->/var/ossec/logs/opnsense_syslog.log Feb  3 19:27:24 OPNsense.localdomain filterlog[44472]: 115,,,fae559338f65e11c53669fc3642c93c2,vtnet0,match,pass,out,4,0x2,0,127,61994,0,DF,6,tcp,52,10.0.70.100,20.42.73.27,50007,443,0,SEC,3660919200,,65535,,mss;nop;wscale;nop;nop;sackOK
2026 Feb 03 20:43:10 (OPNsense.localdomain) any->/var/ossec/logs/opnsense_syslog.log Feb  3 19:27:24 OPNsense.localdomain filterlog[44472]: 115,,,fae559338f65e11c53669fc3642c93c2,vtnet0,match,pass,out,4,0xb8,,63,37959,0,DF,17,udp,76,10.0.2.10,162.159.200.123,51846,123,56
2026 Feb 03 20:43:10 (OPNsense.localdomain) any->/var/ossec/logs/opnsense_syslog.log Feb  3 19:27:24 OPNsense.localdomain filterlog[44472]: 115,,,fae559338f65e11c53669fc3642c93c2,vtnet0,match,pass,out,4,0x2,0,127,22207,0,DF,6,tcp,52,10.0.70.100,204.79.197.203,50019,80,0,SEC,2086649244,,64240,,mss;nop;wscale;nop;nop;sackOK
2026 Feb 03 20:43:10 (OPNsense.localdomain) any->/var/ossec/logs/opnsense_syslog.log Feb  3 19:27:27 OPNsense.localdomain filterlog[44472]: 115,,,fae559338f65e11c53669fc3642c93c2,vlan0.99,match,pass,out,4,0x0,,63,30265,0,DF,6,tcp,60,10.0.60.11,10.0.99.14,32791,1514,0,S,746269631,,64240,,mss;sackOK;TS;nop;wscale
2026 Feb 03 20:43:10 (OPNsense.localdomain) any->/var/ossec/logs/opnsense_syslog.log Feb  3 19:27:27 OPNsense.localdomain filterlog[44472]: 115,,,fae559338f65e11c53669fc3642c93c2,vlan0.99,match,pass,out,4,0x0,,127,63987,0,DF,6,tcp,52,10.0.10.12,10.0.99.14,49827,1514,0,S,381144879,,64240,,mss;nop;wscale;nop;nop;sackOK
2026 Feb 03 20:43:10 (Secretary-Windows) any->EventChannel {"win":{"system":{"providerName":"Universal Print","eventID":"1","version":"0","level":"4","task":"0","opcode":"0","keywords":"0x80000000000000","systemTime":"2026-02-04T03:53:00.4399566Z","eventRecordID":"3101","processID":"1832","threadID":"0","channel":"Application","computer":"WinDev2308Eval","severityValue":"INFORMATION","message":"\"JobState = 9 (requestId = 3, IPPServerJobId = 16, SpoolerJobId = 2)\""},"eventdata":{"data":"JobState = 9 (requestId = 3, IPPServerJobId = 16, SpoolerJobId = 2), APMon.dll"}}}
2026 Feb 03 20:43:10 (OPNsense.localdomain) any->/var/ossec/logs/opnsense_syslog.log Feb  3 19:27:29 OPNsense.localdomain filterlog[44472]: 24,,,02f4bab031b57d1e30553ce08e0ec131,vlan0.10,match,block,in,4,0xb8,,64,62704,0,DF,17,udp,76,10.0.10.13,185.125.190.57,39801,123,56
2026 Feb 03 20:43:10 (OPNsense.localdomain) any->/var/ossec/logs/opnsense_syslog.log Feb  3 19:27:29 OPNsense.localdomain filterlog[44472]: 24,,,02f4bab031b57d1e30553ce08e0ec131,vlan0.10,match,block,in,4,0xb8,,64,62704,0,DF,17,udp,76,10.0.10.13,185.125.190.57,39801,123,56
2026 Feb 03 20:43:10 (OPNsense.localdomain) any->/var/ossec/logs/opnsense_syslog.log Feb  3 19:27:29 OPNsense.localdomain filterlog[44472]: 24,,,02f4bab031b57d1e30553ce08e0ec131,vlan0.40,match,block,in,4,0xb8,,64,43749,0,DF,17,udp,76,10.0.40.11,162.159.200.1,54619,123,56
2026 Feb 03 20:43:10 (Secretary-Windows) any->EventChannel {"win":{"system":{"providerName":"Microsoft-Windows-Sysmon","providerGuid":"{5770385f-c22a-43e0-bf4c-06f5698ffbd9}","eventID":"5","version":"3","level":"4","task":"5","opcode":"0","keywords":"0x8000000000000000","systemTime":"2026-02-04T03:38:19.7081293Z","eventRecordID":"2788","processID":"2824","threadID":"3588","channel":"Microsoft-Windows-Sysmon/Operational","computer":"WinDev2308Eval","severityValue":"INFORMATION","message":"\"Process terminated:\r\nRuleName: -\r\nUtcTime: 2026-02-04 03:38:19.701\r\nProcessGuid: {de7f78ee-be55-6982-9208-000000001e00}\r\nProcessId: 7896\r\nImage: C:\\Program Files (x86)\\Microsoft\\Edge\\Application\\msedge.exe\r\nUser: WINDEV2308EVAL\\Secretary\""},"eventdata":{"utcTime":"2026-02-04 03:38:19.701","processGuid":"{de7f78ee-be55-6982-9208-000000001e00}","processId":"7896","image":"C:\\\\Program Files (x86)\\\\Microsoft\\\\Edge\\\\Application\\\\msedge.exe","user":"WINDEV2308EVAL\\\\Secretary"}}}
2026 Feb 03 20:43:10 (Secretary-Windows) any->EventChannel {"win":{"system":{"providerName":"Microsoft-Windows-Sysmon","providerGuid":"{5770385f-c22a-43e0-bf4c-06f5698ffbd9}","eventID":"5","version":"3","level":"4","task":"5","opcode":"0","keywords":"0x8000000000000000","systemTime":"2026-02-04T03:38:19.9377317Z","eventRecordID":"2789","processID":"2824","threadID":"3588","channel":"Microsoft-Windows-Sysmon/Operational","computer":"WinDev2308Eval","severityValue":"INFORMATION","message":"\"Process terminated:\r\nRuleName: -\r\nUtcTime: 2026-02-04 03:38:19.923\r\nProcessGuid: {de7f78ee-be19-6982-8508-000000001e00}\r\nProcessId: 6716\r\nImage: C:\\Program Files (x86)\\Microsoft\\Edge\\Application\\msedge.exe\r\nUser: WINDEV2308EVAL\\Secretary\""},"eventdata":{"utcTime":"2026-02-04 03:38:19.923","processGuid":"{de7f78ee-be19-6982-8508-000000001e00}","processId":"6716","image":"C:\\\\Program Files (x86)\\\\Microsoft\\\\Edge\\\\Application\\\\msedge.exe","user":"WINDEV2308EVAL\\\\Secretary"}}}
2026 Feb 03 20:43:10 (OPNsense.localdomain) any->/var/ossec/logs/opnsense_syslog.log Feb  3 19:27:29 OPNsense.localdomain filterlog[44472]: 24,,,02f4bab031b57d1e30553ce08e0ec131,vlan0.40,match,block,in,4,0xb8,,64,43749,0,DF,17,udp,76,10.0.40.11,162.159.200.1,54619,123,56
2026 Feb 03 20:43:10 (OPNsense.localdomain) any->/var/ossec/logs/opnsense_syslog.log Feb  3 19:27:29 OPNsense.localdomain filterlog[44472]: 115,,,fae559338f65e11c53669fc3642c93c2,lo0,match,pass,out,4,0x0,,64,4625,0,none,17,udp,69,127.0.0.1,127.0.0.1,54849,53,49
2026 Feb 03 20:43:10 (OPNsense.localdomain) any->/var/ossec/logs/opnsense_syslog.log Feb  3 19:27:29 OPNsense.localdomain filterlog[44472]: 118,,,6125cb207f65033775d1069fdf6d0ccf,vtnet0,match,pass,out,4,0x0,,64,0,0,DF,17,udp,80,203.0.213.2,193.205.160.139,50767,53,60
2026 Feb 03 20:43:10 (OPNsense.localdomain) any->/var/ossec/logs/opnsense_syslog.log Feb  3 19:27:29 OPNsense.localdomain filterlog[44472]: 118,,,6125cb207f65033775d1069fdf6d0ccf,vtnet0,match,pass,out,4,0xb8,,64,8964,0,none,17,udp,76,203.0.213.2,37.247.53.178,123,123,56
2026 Feb 03 20:43:10 (OPNsense.localdomain) any->/var/ossec/logs/opnsense_syslog.log Feb  3 19:27:29 OPNsense.localdomain filterlog[44472]: 115,,,fae559338f65e11c53669fc3642c93c2,lo0,match,pass,out,4,0x0,,64,826,0,none,17,udp,69,127.0.0.1,127.0.0.1,55965,53,49
2026 Feb 03 20:43:10 (OPNsense.localdomain) any->/var/ossec/logs/opnsense_syslog.log Feb  3 19:27:30 OPNsense.localdomain filterlog[44472]: 115,,,fae559338f65e11c53669fc3642c93c2,vlan0.99,match,pass,out,4,0x2,0,127,10474,0,DF,6,tcp,52,10.0.70.100,10.0.99.14,50044,1514,0,SEC,1478911488,,64240,,mss;nop;wscale;nop;nop;sackOK
2026 Feb 03 20:43:10 (OPNsense.localdomain) any->/var/ossec/logs/opnsense_syslog.log Feb  3 19:27:30 OPNsense.localdomain filterlog[44472]: 24,,,02f4bab031b57d1e30553ce08e0ec131,vlan0.20,match,block,in,4,0xb8,,64,52592,0,DF,17,udp,76,10.0.20.13,185.125.190.57,57143,123,56
2026 Feb 03 20:43:10 (Secretary-Windows) any->EventChannel {"win":{"system":{"providerName":"Microsoft-Windows-Sysmon","providerGuid":"{5770385f-c22a-43e0-bf4c-06f5698ffbd9}","eventID":"5","version":"3","level":"4","task":"5","opcode":"0","keywords":"0x8000000000000000","systemTime":"2026-02-04T03:38:20.4609880Z","eventRecordID":"2790","processID":"2824","threadID":"3588","channel":"Microsoft-Windows-Sysmon/Operational","computer":"WinDev2308Eval","severityValue":"INFORMATION","message":"\"Process terminated:\r\nRuleName: -\r\nUtcTime: 2026-02-04 03:38:20.454\r\nProcessGuid: {de7f78ee-be19-6982-8308-000000001e00}\r\nProcessId: 2448\r\nImage: C:\\Program Files (x86)\\Microsoft\\Edge\\Application\\msedge.exe\r\nUser: WINDEV2308EVAL\\Secretary\""},"eventdata":{"utcTime":"2026-02-04 03:38:20.454","processGuid":"{de7f78ee-be19-6982-8308-000000001e00}","processId":"2448","image":"C:\\\\Program Files (x86)\\\\Microsoft\\\\Edge\\\\Application\\\\msedge.exe","user":"WINDEV2308EVAL\\\\Secretary"}}}
