2026 Feb 03 20:43:12 (Secretary-Windows) any->EventChannel {"win":{"system":{"providerName":"Microsoft-Windows-Sysmon","providerGuid":"{5770385f-c22a-43e0-bf4c-06f5698ffbd9}","eventID":"1","version":"5","level":"4","task":"1","opcode":"0","keywords":"0x8000000000000000","systemTime":"2026-02-04T03:45:26.8036918Z","eventRecordID":"2954","processID":"2824","threadID":"3588","channel":"Microsoft-Windows-Sysmon/Operational","computer":"WinDev2308Eval","severityValue":"INFORMATION","message":"\"Process Create:\r\nRuleName: -\r\nUtcTime: 2026-02-04 03:45:26.793\r\nProcessGuid: {de7f78ee-c0d6-6982-f508-000000001e00}\r\nProcessId: 7704\r\nImage: C:\\Program Files (x86)\\Microsoft\\Edge\\Application\\msedge.exe\r\nFileVersion: 144.0.3719.104\r\nDescription: Microsoft Edge\r\nProduct: Microsoft Edge\r\nCompany: Microsoft Corporation\r\nOriginalFileName: msedge.exe\r\nCommandLine: \"C:\\Program Files (x86)\\Microsoft\\Edge\\Application\\msedge.exe\" --type=utility --utility-sub-type=unzip.mojom.Unzipper --lang=en-US --service-sandbox-type=service --noerrdialogs --user-data-dir=\"C:\\Users\\SECRET~1\\AppData\\Local\\Temp\\scoped_dir3900_656265703\" --ram-no-pressure-read-main-dll --field-trial-handle=2604,i,6610243335601279478,16027879223574631205,262144 --enable-features=msMetricsLogFastStartup,msSendMetricsLogOnClose --disable-features=IgnoreDuplicateNavs,PaintHolding,Prewarm --variations-seed-version --trace-process-track-uuid=3190709009737917719 --enable-logging=handle --log-file=6660 --log-level=0 --mojo-platform-channel-handle=6544 /prefetch:14\r\nCurrentDirectory: C:\\Program Files (x86)\\Microsoft\\Edge\\Application\\144.0.3719.104\\\r\nUser: WINDEV2308EVAL\\Secretary\r\nLogonGuid: {de7f78ee-4b47-6982-f4f1-3d0000000000}\r\nLogonId: 0x3DF1F4\r\nTerminalSessionId: 2\r\nIntegrityLevel: Low\r\nHashes: SHA256=C93DB508A45D9D394C38BA5BDC9A131C4CA09D4BF96EED2AD4794E10E359D2B8\r\nParentProcessGuid: {de7f78ee-bffd-6982-d208-000000001e00}\r\nParentProcessId: 4868\r\nParentImage: C:\\Program Files (x86)\\Microsoft\\Edge\\Application\\msedge.exe\r\nParentCommandLine: \"C:\\Program Files (x86)\\Microsoft\\Edge\\Application\\msedge.exe\" --allow-pre-commit-input --disable-background-networking --disable-backgrounding-occluded-windows --disable-client-side-phishing-detection --disable-default-apps --disable-features=IgnoreDuplicateNavs,Prewarm --disable-hang-monitor --disable-popup-blocking --disable-prompt-on-repost --disable-sync --edge-skip-compat-layer-relaunch --enable-automation --enable-logging --headless --log-level=0 --no-first-run --no-service-autorun --password-store=basic --remote-debugging-port=0 --start-maximized --test-type=webdriver --use-mock-keychain --user-data-dir=\"C:\\Users\\SECRET~1\\AppData\\Local\\Temp\\scoped_dir3900_656265703\" --window-size=1920,1080 data:,\r\nParentUser: WINDEV2308EVAL\\Secretary\""},"eventdata":{"utcTime":"2026-02-04 03:45:26.793","processGuid":"{de7f78ee-c0d6-6982-f508-000000001e00}","processId":"7704","image":"C:\\\\Program Files (x86)\\\\Microsoft\\\\Edge\\\\Application\\\\msedge.exe","fileVersion":"144.0.3719.104","description":"Microsoft Edge","product":"Microsoft Edge","company":"Microsoft Corporation","originalFileName":"msedge.exe","commandLine":"\\\"C:\\\\Program Files (x86)\\\\Microsoft\\\\Edge\\\\Application\\\\msedge.exe\\\" --type=utility --utility-sub-type=unzip.mojom.Unzipper --lang=en-US --service-sandbox-type=service --noerrdialogs --user-data-dir=\\\"C:\\\\Users\\\\SECRET~1\\\\AppData\\\\Local\\\\Temp\\\\scoped_dir3900_656265703\\\" --ram-no-pressure-read-main-dll --field-trial-handle=2604,i,6610243335601279478,16027879223574631205,262144 --enable-features=msMetricsLogFastStartup,msSendMetricsLogOnClose --disable-features=IgnoreDuplicateNavs,PaintHolding,Prewarm --variations-seed-version --trace-process-track-uuid=3190709009737917719 --enable-logging=handle --log-file=6660 --log-level=0 --mojo-platform-channel-handle=6544 /prefetch:14","currentDirectory":"C:\\\\Program Files (x86)\\\\Microsoft\\\\Edge\\\\Application\\\\144.0.3719.104\\\\","user":"WINDEV2308EVAL\\\\Secretary","logonGuid":"{de7f78ee-4b47-6982-f4f1-3d0000000000}","logonId":"0x3df1f4","terminalSessionId":"2","integrityLevel":"Low","hashes":"SHA256=C93DB508A45D9D394C38BA5BDC9A131C4CA09D4BF96EED2AD4794E10E359D2B8","parentProcessGuid":"{de7f78ee-bffd-6982-d208-000000001e00}","parentProcessId":"4868","parentImage":"C:\\\\Program Files (x86)\\\\Microsoft\\\\Edge\\\\Application\\\\msedge.exe","parentCommandLine":"\\\"C:\\\\Program Files (x86)\\\\Microsoft\\\\Edge\\\\Application\\\\msedge.exe\\\" --allow-pre-commit-input --disable-background-networking --disable-backgrounding-occluded-windows --disable-client-side-phishing-detection --disable-default-apps --disable-features=IgnoreDuplicateNavs,Prewarm --disable-hang-monitor --disable-popup-blocking --disable-prompt-on-repost --disable-sync --edge-skip-compat-layer-relaunch --enable-automation --enable-logging --headless --log-level=0 --no-first-run --no-service-autorun --password-store=basic --remote-debugging-port=0 --start-maximized --test-type=webdriver --use-mock-keychain --user-data-dir=\\\"C:\\\\Users\\\\SECRET~1\\\\AppData\\\\Local\\\\Temp\\\\scoped_dir3900_656265703\\\" --window-size=1920,1080 data:,","parentUser":"WINDEV2308EVAL\\\\Secretary"}}}
2026 Feb 03 20:43:12 (Secretary-Windows) any->EventChannel {"win":{"system":{"providerName":"Microsoft-Windows-Sysmon","providerGuid":"{5770385f-c22a-43e0-bf4c-06f5698ffbd9}","eventID":"5","version":"3","level":"4","task":"5","opcode":"0","keywords":"0x8000000000000000","systemTime":"2026-02-04T03:45:26.9841814Z","eventRecordID":"2955","processID":"2824","threadID":"3588","channel":"Microsoft-Windows-Sysmon/Operational","computer":"WinDev2308Eval","severityValue":"INFORMATION","message":"\"Process terminated:\r\nRuleName: -\r\nUtcTime: 2026-02-04 03:45:26.983\r\nProcessGuid: {de7f78ee-c0d6-6982-f508-000000001e00}\r\nProcessId: 7704\r\nImage: C:\\Program Files (x86)\\Microsoft\\Edge\\Application\\msedge.exe\r\nUser: WINDEV2308EVAL\\Secretary\""},"eventdata":{"utcTime":"2026-02-04 03:45:26.983","processGuid":"{de7f78ee-c0d6-6982-f508-000000001e00}","processId":"7704","image":"C:\\\\Program Files (x86)\\\\Microsoft\\\\Edge\\\\Application\\\\msedge.exe","user":"WINDEV2308EVAL\\\\Secretary"}}}
2026 Feb 03 20:43:12 (OPNsense.localdomain) any->syscollector {"data":{"architecture":"amd64","checksum":"6107a40589fb209cb38839fae3d86bd0cdb6846b","description":"Display bandwidth usage on an interface by host","format":"pkg","groups":" ","install_time":"1721738636","item_id":"ec9840d5d009b52d16bb7add981d9f6cc0e66099","location":" ","name":"iftop","priority":" ","scan_time":"2026/02/03 19:12:07","size":"92147","source":"OPNsense","vendor":"vd@FreeBSD.org","version":"1.0.p4_1"},"operation":"MODIFIED","type":"dbsync_packages"}
2026 Feb 03 20:43:12 (Secretary-Windows) any->EventChannel {"win":{"system":{"providerName":"Microsoft-Windows-Sysmon","providerGuid":"{5770385f-c22a-43e0-bf4c-06f5698ffbd9}","eventID":"1","version":"5","level":"4","task":"1","opcode":"0","keywords":"0x8000000000000000","systemTime":"2026-02-04T03:46:06.2538455Z","eventRecordID":"2956","processID":"2824","threadID":"3588","channel":"Microsoft-Windows-Sysmon/Operational","computer":"WinDev2308Eval","severityValue":"INFORMATION","message":"\"Process Create:\r\nRuleName: -\r\nUtcTime: 2026-02-04 03:46:06.245\r\nProcessGuid: {de7f78ee-c0fe-6982-f608-000000001e00}\r\nProcessId: 5772\r\nImage: C:\\Program Files (x86)\\Microsoft\\Edge\\Application\\msedge.exe\r\nFileVersion: 144.0.3719.104\r\nDescription: Microsoft Edge\r\nProduct: Microsoft Edge\r\nCompany: Microsoft Corporation\r\nOriginalFileName: msedge.exe\r\nCommandLine: \"C:\\Program Files (x86)\\Microsoft\\Edge\\Application\\msedge.exe\" --type=utility --utility-sub-type=unzip.mojom.Unzipper --lang=en-US --service-sandbox-type=service --noerrdialogs --user-data-dir=\"C:\\Users\\SECRET~1\\AppData\\Local\\Temp\\scoped_dir3900_656265703\" --ram-no-pressure-read-main-dll --field-trial-handle=2604,i,6610243335601279478,16027879223574631205,262144 --enable-features=msMetricsLogFastStartup,msSendMetricsLogOnClose --disable-features=IgnoreDuplicateNavs,PaintHolding,Prewarm --variations-seed-version --trace-process-track-uuid=3190709010674959568 --enable-logging=handle --log-file=6412 --log-level=0 --mojo-platform-channel-handle=6632 /prefetch:14\r\nCurrentDirectory: C:\\Program Files (x86)\\Microsoft\\Edge\\Application\\144.0.3719.104\\\r\nUser: WINDEV2308EVAL\\Secretary\r\nLogonGuid: {de7f78ee-4b47-6982-f4f1-3d0000000000}\r\nLogonId: 0x3DF1F4\r\nTerminalSessionId: 2\r\nIntegrityLevel: Low\r\nHashes: SHA256=C93DB508A45D9D394C38BA5BDC9A131C4CA09D4BF96EED2AD4794E10E359D2B8\r\nParentProcessGuid: {de7f78ee-bffd-6982-d208-000000001e00}\r\nParentProcessId: 4868\r\nParentImage: C:\\Program Files (x86)\\Microsoft\\Edge\\Application\\msedge.exe\r\nParentCommandLine: \"C:\\Program Files (x86)\\Microsoft\\Edge\\Application\\msedge.exe\" --allow-pre-commit-input --disable-background-networking --disable-backgrounding-occluded-windows --disable-client-side-phishing-detection --disable-default-apps --disable-features=IgnoreDuplicateNavs,Prewarm --disable-hang-monitor --disable-popup-blocking --disable-prompt-on-repost --disable-sync --edge-skip-compat-layer-relaunch --enable-automation --enable-logging --headless --log-level=0 --no-first-run --no-service-autorun --password-store=basic --remote-debugging-port=0 --start-maximized --test-type=webdriver --use-mock-keychain --user-data-dir=\"C:\\Users\\SECRET~1\\AppData\\Local\\Temp\\scoped_dir3900_656265703\" --window-size=1920,1080 data:,\r\nParentUser: WINDEV2308EVAL\\Secretary\""},"eventdata":{"utcTime":"2026-02-04 03:46:06.245","processGuid":"{de7f78ee-c0fe-6982-f608-000000001e00}","processId":"5772","image":"C:\\\\Program Files (x86)\\\\Microsoft\\\\Edge\\\\Application\\\\msedge.exe","fileVersion":"144.0.3719.104","description":"Microsoft Edge","product":"Microsoft Edge","company":"Microsoft Corporation","originalFileName":"msedge.exe","commandLine":"\\\"C:\\\\Program Files (x86)\\\\Microsoft\\\\Edge\\\\Application\\\\msedge.exe\\\" --type=utility --utility-sub-type=unzip.mojom.Unzipper --lang=en-US --service-sandbox-type=service --noerrdialogs --user-data-dir=\\\"C:\\\\Users\\\\SECRET~1\\\\AppData\\\\Local\\\\Temp\\\\scoped_dir3900_656265703\\\" --ram-no-pressure-read-main-dll --field-trial-handle=2604,i,6610243335601279478,16027879223574631205,262144 --enable-features=msMetricsLogFastStartup,msSendMetricsLogOnClose --disable-features=IgnoreDuplicateNavs,PaintHolding,Prewarm --variations-seed-version --trace-process-track-uuid=3190709010674959568 --enable-logging=handle --log-file=6412 --log-level=0 --mojo-platform-channel-handle=6632 /prefetch:14","currentDirectory":"C:\\\\Program Files (x86)\\\\Microsoft\\\\Edge\\\\Application\\\\144.0.3719.104\\\\","user":"WINDEV2308EVAL\\\\Secretary","logonGuid":"{de7f78ee-4b47-6982-f4f1-3d0000000000}","logonId":"0x3df1f4","terminalSessionId":"2","integrityLevel":"Low","hashes":"SHA256=C93DB508A45D9D394C38BA5BDC9A131C4CA09D4BF96EED2AD4794E10E359D2B8","parentProcessGuid":"{de7f78ee-bffd-6982-d208-000000001e00}","parentProcessId":"4868","parentImage":"C:\\\\Program Files (x86)\\\\Microsoft\\\\Edge\\\\Application\\\\msedge.exe","parentCommandLine":"\\\"C:\\\\Program Files (x86)\\\\Microsoft\\\\Edge\\\\Application\\\\msedge.exe\\\" --allow-pre-commit-input --disable-background-networking --disable-backgrounding-occluded-windows --disable-client-side-phishing-detection --disable-default-apps --disable-features=IgnoreDuplicateNavs,Prewarm --disable-hang-monitor --disable-popup-blocking --disable-prompt-on-repost --disable-sync --edge-skip-compat-layer-relaunch --enable-automation --enable-logging --headless --log-level=0 --no-first-run --no-service-autorun --password-store=basic --remote-debugging-port=0 --start-maximized --test-type=webdriver --use-mock-keychain --user-data-dir=\\\"C:\\\\Users\\\\SECRET~1\\\\AppData\\\\Local\\\\Temp\\\\scoped_dir3900_656265703\\\" --window-size=1920,1080 data:,","parentUser":"WINDEV2308EVAL\\\\Secretary"}}}
2026 Feb 03 20:43:12 (Secretary-Windows) any->EventChannel {"win":{"system":{"providerName":"Microsoft-Windows-Sysmon","providerGuid":"{5770385f-c22a-43e0-bf4c-06f5698ffbd9}","eventID":"5","version":"3","level":"4","task":"5","opcode":"0","keywords":"0x8000000000000000","systemTime":"2026-02-04T03:46:06.4147949Z","eventRecordID":"2957","processID":"2824","threadID":"3588","channel":"Microsoft-Windows-Sysmon/Operational","computer":"WinDev2308Eval","severityValue":"INFORMATION","message":"\"Process terminated:\r\nRuleName: -\r\nUtcTime: 2026-02-04 03:46:06.414\r\nProcessGuid: {de7f78ee-c0fe-6982-f608-000000001e00}\r\nProcessId: 5772\r\nImage: C:\\Program Files (x86)\\Microsoft\\Edge\\Application\\msedge.exe\r\nUser: WINDEV2308EVAL\\Secretary\""},"eventdata":{"utcTime":"2026-02-04 03:46:06.414","processGuid":"{de7f78ee-c0fe-6982-f608-000000001e00}","processId":"5772","image":"C:\\\\Program Files (x86)\\\\Microsoft\\\\Edge\\\\Application\\\\msedge.exe","user":"WINDEV2308EVAL\\\\Secretary"}}}
2026 Feb 03 20:43:12 (Secretary-Windows) any->EventChannel {"win":{"system":{"providerName":"Microsoft-Windows-Sysmon","providerGuid":"{5770385f-c22a-43e0-bf4c-06f5698ffbd9}","eventID":"5","version":"3","level":"4","task":"5","opcode":"0","keywords":"0x8000000000000000","systemTime":"2026-02-04T03:46:48.4179830Z","eventRecordID":"2958","processID":"2824","threadID":"3588","channel":"Microsoft-Windows-Sysmon/Operational","computer":"WinDev2308Eval","severityValue":"INFORMATION","message":"\"Process terminated:\r\nRuleName: -\r\nUtcTime: 2026-02-04 03:46:48.417\r\nProcessGuid: {de7f78ee-bffd-6982-d208-000000001e00}\r\nProcessId: 4868\r\nImage: C:\\Program Files (x86)\\Microsoft\\Edge\\Application\\msedge.exe\r\nUser: WINDEV2308EVAL\\Secretary\""},"eventdata":{"utcTime":"2026-02-04 03:46:48.417","processGuid":"{de7f78ee-bffd-6982-d208-000000001e00}","processId":"4868","image":"C:\\\\Program Files (x86)\\\\Microsoft\\\\Edge\\\\Application\\\\msedge.exe","user":"WINDEV2308EVAL\\\\Secretary"}}}
2026 Feb 03 20:43:12 (Secretary-Windows) any->EventChannel {"win":{"system":{"providerName":"Microsoft-Windows-Sysmon","providerGuid":"{5770385f-c22a-43e0-bf4c-06f5698ffbd9}","eventID":"5","version":"3","level":"4","task":"5","opcode":"0","keywords":"0x8000000000000000","systemTime":"2026-02-04T03:46:48.5061039Z","eventRecordID":"2959","processID":"2824","threadID":"3588","channel":"Microsoft-Windows-Sysmon/Operational","computer":"WinDev2308Eval","severityValue":"INFORMATION","message":"\"Process terminated:\r\nRuleName: -\r\nUtcTime: 2026-02-04 03:46:48.505\r\nProcessGuid: {de7f78ee-bffe-6982-d408-000000001e00}\r\nProcessId: 7768\r\nImage: C:\\Program Files (x86)\\Microsoft\\Edge\\Application\\msedge.exe\r\nUser: WINDEV2308EVAL\\Secretary\""},"eventdata":{"utcTime":"2026-02-04 03:46:48.505","processGuid":"{de7f78ee-bffe-6982-d408-000000001e00}","processId":"7768","image":"C:\\\\Program Files (x86)\\\\Microsoft\\\\Edge\\\\Application\\\\msedge.exe","user":"WINDEV2308EVAL\\\\Secretary"}}}
2026 Feb 03 20:43:12 (Secretary-Windows) any->EventChannel {"win":{"system":{"providerName":"Microsoft-Windows-Sysmon","providerGuid":"{5770385f-c22a-43e0-bf4c-06f5698ffbd9}","eventID":"5","version":"3","level":"4","task":"5","opcode":"0","keywords":"0x8000000000000000","systemTime":"2026-02-04T03:46:48.5362202Z","eventRecordID":"2960","processID":"2824","threadID":"3588","channel":"Microsoft-Windows-Sysmon/Operational","computer":"WinDev2308Eval","severityValue":"INFORMATION","message":"\"Process terminated:\r\nRuleName: -\r\nUtcTime: 2026-02-04 03:46:48.535\r\nProcessGuid: {de7f78ee-bffe-6982-d508-000000001e00}\r\nProcessId: 7568\r\nImage: C:\\Program Files (x86)\\Microsoft\\Edge\\Application\\msedge.exe\r\nUser: WINDEV2308EVAL\\Secretary\""},"eventdata":{"utcTime":"2026-02-04 03:46:48.535","processGuid":"{de7f78ee-bffe-6982-d508-000000001e00}","processId":"7568","image":"C:\\\\Program Files (x86)\\\\Microsoft\\\\Edge\\\\Application\\\\msedge.exe","user":"WINDEV2308EVAL\\\\Secretary"}}}
2026 Feb 03 20:43:12 (Secretary-Windows) any->EventChannel {"win":{"system":{"providerName":"Microsoft-Windows-Sysmon","providerGuid":"{5770385f-c22a-43e0-bf4c-06f5698ffbd9}","eventID":"5","version":"3","level":"4","task":"5","opcode":"0","keywords":"0x8000000000000000","systemTime":"2026-02-04T03:46:48.5947272Z","eventRecordID":"2961","processID":"2824","threadID":"3588","channel":"Microsoft-Windows-Sysmon/Operational","computer":"WinDev2308Eval","severityValue":"INFORMATION","message":"\"Process terminated:\r\nRuleName: -\r\nUtcTime: 2026-02-04 03:46:48.584\r\nProcessGuid: {de7f78ee-bffe-6982-d608-000000001e00}\r\nProcessId: 7128\r\nImage: C:\\Program Files (x86)\\Microsoft\\Edge\\Application\\msedge.exe\r\nUser: WINDEV2308EVAL\\Secretary\""},"eventdata":{"utcTime":"2026-02-04 03:46:48.584","processGuid":"{de7f78ee-bffe-6982-d608-000000001e00}","processId":"7128","image":"C:\\\\Program Files (x86)\\\\Microsoft\\\\Edge\\\\Application\\\\msedge.exe","user":"WINDEV2308EVAL\\\\Secretary"}}}
2026 Feb 03 20:43:12 (OPNsense.localdomain) any->syscollector {"data":{"architecture":"amd64","checksum":"b501397d4633d6d18c2e7070083b4bd87681c22f","description":"Utility to regenerate the GNU info page index","format":"pkg","groups":" ","install_time":"1721738635","item_id":"94a6bb34fea9b4dc3242cc4a7d14bf5266202643","location":" ","name":"indexinfo","priority":" ","scan_time":"2026/02/03 19:12:07","size":"12351","source":"OPNsense","vendor":"bapt@FreeBSD.org","version":"0.3.1"},"operation":"MODIFIED","type":"dbsync_packages"}
2026 Feb 03 20:43:12 (Secretary-Windows) any->EventChannel {"win":{"system":{"providerName":"Microsoft-Windows-Sysmon","providerGuid":"{5770385f-c22a-43e0-bf4c-06f5698ffbd9}","eventID":"5","version":"3","level":"4","task":"5","opcode":"0","keywords":"0x8000000000000000","systemTime":"2026-02-04T03:46:48.6250666Z","eventRecordID":"2962","processID":"2824","threadID":"3588","channel":"Microsoft-Windows-Sysmon/Operational","computer":"WinDev2308Eval","severityValue":"INFORMATION","message":"\"Process terminated:\r\nRuleName: -\r\nUtcTime: 2026-02-04 03:46:48.615\r\nProcessGuid: {de7f78ee-c03a-6982-e808-000000001e00}\r\nProcessId: 952\r\nImage: C:\\Program Files (x86)\\Microsoft\\Edge\\Application\\msedge.exe\r\nUser: WINDEV2308EVAL\\Secretary\""},"eventdata":{"utcTime":"2026-02-04 03:46:48.615","processGuid":"{de7f78ee-c03a-6982-e808-000000001e00}","processId":"952","image":"C:\\\\Program Files (x86)\\\\Microsoft\\\\Edge\\\\Application\\\\msedge.exe","user":"WINDEV2308EVAL\\\\Secretary"}}}
2026 Feb 03 20:43:12 (Secretary-Windows) any->EventChannel {"win":{"system":{"providerName":"Microsoft-Windows-Sysmon","providerGuid":"{5770385f-c22a-43e0-bf4c-06f5698ffbd9}","eventID":"5","version":"3","level":"4","task":"5","opcode":"0","keywords":"0x8000000000000000","systemTime":"2026-02-04T03:46:48.6381705Z","eventRecordID":"2963","processID":"2824","threadID":"3588","channel":"Microsoft-Windows-Sysmon/Operational","computer":"WinDev2308Eval","severityValue":"INFORMATION","message":"\"Process terminated:\r\nRuleName: -\r\nUtcTime: 2026-02-04 03:46:48.631\r\nProcessGuid: {de7f78ee-c007-6982-e008-000000001e00}\r\nProcessId: 1108\r\nImage: C:\\Program Files (x86)\\Microsoft\\Edge\\Application\\msedge.exe\r\nUser: WINDEV2308EVAL\\Secretary\""},"eventdata":{"utcTime":"2026-02-04 03:46:48.631","processGuid":"{de7f78ee-c007-6982-e008-000000001e00}","processId":"1108","image":"C:\\\\Program Files (x86)\\\\Microsoft\\\\Edge\\\\Application\\\\msedge.exe","user":"WINDEV2308EVAL\\\\Secretary"}}}
2026 Feb 03 20:43:12 (Secretary-Windows) any->EventChannel {"win":{"system":{"providerName":"Microsoft-Windows-Sysmon","providerGuid":"{5770385f-c22a-43e0-bf4c-06f5698ffbd9}","eventID":"5","version":"3","level":"4","task":"5","opcode":"0","keywords":"0x8000000000000000","systemTime":"2026-02-04T03:46:48.6405104Z","eventRecordID":"2964","processID":"2824","threadID":"3588","channel":"Microsoft-Windows-Sysmon/Operational","computer":"WinDev2308Eval","severityValue":"INFORMATION","message":"\"Process terminated:\r\nRuleName: -\r\nUtcTime: 2026-02-04 03:46:48.631\r\nProcessGuid: {de7f78ee-c002-6982-dd08-000000001e00}\r\nProcessId: 232\r\nImage: C:\\Program Files (x86)\\Microsoft\\Edge\\Application\\msedge.exe\r\nUser: WINDEV2308EVAL\\Secretary\""},"eventdata":{"utcTime":"2026-02-04 03:46:48.631","processGuid":"{de7f78ee-c002-6982-dd08-000000001e00}","processId":"232","image":"C:\\\\Program Files (x86)\\\\Microsoft\\\\Edge\\\\Application\\\\msedge.exe","user":"WINDEV2308EVAL\\\\Secretary"}}}
2026 Feb 03 20:43:12 (Secretary-Windows) any->EventChannel {"win":{"system":{"providerName":"Microsoft-Windows-Sysmon","providerGuid":"{5770385f-c22a-43e0-bf4c-06f5698ffbd9}","eventID":"5","version":"3","level":"4","task":"5","opcode":"0","keywords":"0x8000000000000000","systemTime":"2026-02-04T03:46:48.7057562Z","eventRecordID":"2965","processID":"2824","threadID":"3588","channel":"Microsoft-Windows-Sysmon/Operational","computer":"WinDev2308Eval","severityValue":"INFORMATION","message":"\"Process terminated:\r\nRuleName: -\r\nUtcTime: 2026-02-04 03:46:48.694\r\nProcessGuid: {de7f78ee-c0b2-6982-f308-000000001e00}\r\nProcessId: 5900\r\nImage: C:\\Program Files (x86)\\Microsoft\\Edge\\Application\\msedge.exe\r\nUser: WINDEV2308EVAL\\Secretary\""},"eventdata":{"utcTime":"2026-02-04 03:46:48.694","processGuid":"{de7f78ee-c0b2-6982-f308-000000001e00}","processId":"5900","image":"C:\\\\Program Files (x86)\\\\Microsoft\\\\Edge\\\\Application\\\\msedge.exe","user":"WINDEV2308EVAL\\\\Secretary"}}}
2026 Feb 03 20:43:12 (Secretary-Windows) any->EventChannel {"win":{"system":{"providerName":"Microsoft-Windows-Sysmon","providerGuid":"{5770385f-c22a-43e0-bf4c-06f5698ffbd9}","eventID":"5","version":"3","level":"4","task":"5","opcode":"0","keywords":"0x8000000000000000","systemTime":"2026-02-04T03:46:48.7528711Z","eventRecordID":"2966","processID":"2824","threadID":"3588","channel":"Microsoft-Windows-Sysmon/Operational","computer":"WinDev2308Eval","severityValue":"INFORMATION","message":"\"Process terminated:\r\nRuleName: -\r\nUtcTime: 2026-02-04 03:46:48.740\r\nProcessGuid: {de7f78ee-c002-6982-de08-000000001e00}\r\nProcessId: 4100\r\nImage: C:\\Program Files (x86)\\Microsoft\\Edge\\Application\\msedge.exe\r\nUser: WINDEV2308EVAL\\Secretary\""},"eventdata":{"utcTime":"2026-02-04 03:46:48.740","processGuid":"{de7f78ee-c002-6982-de08-000000001e00}","processId":"4100","image":"C:\\\\Program Files (x86)\\\\Microsoft\\\\Edge\\\\Application\\\\msedge.exe","user":"WINDEV2308EVAL\\\\Secretary"}}}
2026 Feb 03 20:43:12 (Secretary-Windows) any->EventChannel {"win":{"system":{"providerName":"Microsoft-Windows-Sysmon","providerGuid":"{5770385f-c22a-43e0-bf4c-06f5698ffbd9}","eventID":"5","version":"3","level":"4","task":"5","opcode":"0","keywords":"0x8000000000000000","systemTime":"2026-02-04T03:46:48.8844889Z","eventRecordID":"2967","processID":"2824","threadID":"3588","channel":"Microsoft-Windows-Sysmon/Operational","computer":"WinDev2308Eval","severityValue":"INFORMATION","message":"\"Process terminated:\r\nRuleName: -\r\nUtcTime: 2026-02-04 03:46:48.881\r\nProcessGuid: {de7f78ee-bffd-6982-d308-000000001e00}\r\nProcessId: 8072\r\nImage: C:\\Program Files (x86)\\Microsoft\\Edge\\Application\\msedge.exe\r\nUser: WINDEV2308EVAL\\Secretary\""},"eventdata":{"utcTime":"2026-02-04 03:46:48.881","processGuid":"{de7f78ee-bffd-6982-d308-000000001e00}","processId":"8072","image":"C:\\\\Program Files (x86)\\\\Microsoft\\\\Edge\\\\Application\\\\msedge.exe","user":"WINDEV2308EVAL\\\\Secretary"}}}
2026 Feb 03 20:43:12 (Secretary-Windows) any->EventChannel {"win":{"system":{"providerName":"Microsoft-Windows-Sysmon","providerGuid":"{5770385f-c22a-43e0-bf4c-06f5698ffbd9}","eventID":"5","version":"3","level":"4","task":"5","opcode":"0","keywords":"0x8000000000000000","systemTime":"2026-02-04T03:46:49.2558344Z","eventRecordID":"2968","processID":"2824","threadID":"3588","channel":"Microsoft-Windows-Sysmon/Operational","computer":"WinDev2308Eval","severityValue":"INFORMATION","message":"\"Process terminated:\r\nRuleName: -\r\nUtcTime: 2026-02-04 03:46:49.242\r\nProcessGuid: {de7f78ee-bffc-6982-d108-000000001e00}\r\nProcessId: 3900\r\nImage: C:\\Users\\Secretary\\user_behavior_generation\\worker\\msedgedriver.exe\r\nUser: WINDEV2308EVAL\\Secretary\""},"eventdata":{"utcTime":"2026-02-04 03:46:49.242","processGuid":"{de7f78ee-bffc-6982-d108-000000001e00}","processId":"3900","image":"C:\\\\Users\\\\Secretary\\\\user_behavior_generation\\\\worker\\\\msedgedriver.exe","user":"WINDEV2308EVAL\\\\Secretary"}}}
2026 Feb 03 20:43:12 (Secretary-Windows) any->EventChannel {"win":{"system":{"providerName":"Microsoft-Windows-Sysmon","providerGuid":"{5770385f-c22a-43e0-bf4c-06f5698ffbd9}","eventID":"5","version":"3","level":"4","task":"5","opcode":"0","keywords":"0x8000000000000000","systemTime":"2026-02-04T03:46:51.3074760Z","eventRecordID":"2969","processID":"2824","threadID":"3588","channel":"Microsoft-Windows-Sysmon/Operational","computer":"WinDev2308Eval","severityValue":"INFORMATION","message":"\"Process terminated:\r\nRuleName: -\r\nUtcTime: 2026-02-04 03:46:51.306\r\nProcessGuid: {de7f78ee-bff7-6982-ae08-000000001e00}\r\nProcessId: 2480\r\nImage: C:\\Users\\Secretary\\AppData\\Local\\Programs\\Python\\Python314\\python.exe\r\nUser: WINDEV2308EVAL\\Secretary\""},"eventdata":{"utcTime":"2026-02-04 03:46:51.306","processGuid":"{de7f78ee-bff7-6982-ae08-000000001e00}","processId":"2480","image":"C:\\\\Users\\\\Secretary\\\\AppData\\\\Local\\\\Programs\\\\Python\\\\Python314\\\\python.exe","user":"WINDEV2308EVAL\\\\Secretary"}}}
2026 Feb 03 20:43:12 (OPNsense.localdomain) any->syscollector {"data":{"architecture":"amd64","checksum":"92cde2fb3bb92e6026f374e493d9d57a0afa0f5f","description":"ISC Dynamic Host Configuration Protocol server","format":"pkg","groups":" ","install_time":"1767391950","item_id":"52906ee87ff330f361106a854e744ffbed6df597","location":" ","name":"isc-dhcp44-server","priority":" ","scan_time":"2026/02/03 19:12:07","size":"6929153","source":"OPNsense","vendor":"zi@FreeBSD.org","version":"4.4.3P1_2"},"operation":"MODIFIED","type":"dbsync_packages"}
2026 Feb 03 20:43:12 (Secretary-Windows) any->EventChannel {"win":{"system":{"providerName":"Microsoft-Windows-Sysmon","providerGuid":"{5770385f-c22a-43e0-bf4c-06f5698ffbd9}","eventID":"5","version":"3","level":"4","task":"5","opcode":"0","keywords":"0x8000000000000000","systemTime":"2026-02-04T03:46:51.3178685Z","eventRecordID":"2970","processID":"2824","threadID":"3588","channel":"Microsoft-Windows-Sysmon/Operational","computer":"WinDev2308Eval","severityValue":"INFORMATION","message":"\"Process terminated:\r\nRuleName: -\r\nUtcTime: 2026-02-04 03:46:51.306\r\nProcessGuid: {de7f78ee-bff7-6982-ad08-000000001e00}\r\nProcessId: 6932\r\nImage: C:\\Users\\Secretary\\user_behavior_generation\\worker\\venv\\Scripts\\python.exe\r\nUser: WINDEV2308EVAL\\Secretary\""},"eventdata":{"utcTime":"2026-02-04 03:46:51.306","processGuid":"{de7f78ee-bff7-6982-ad08-000000001e00}","processId":"6932","image":"C:\\\\Users\\\\Secretary\\\\user_behavior_generation\\\\worker\\\\venv\\\\Scripts\\\\python.exe","user":"WINDEV2308EVAL\\\\Secretary"}}}
2026 Feb 03 20:43:12 (Secretary-Windows) any->EventChannel {"win":{"system":{"providerName":"Microsoft-Windows-Sysmon","providerGuid":"{5770385f-c22a-43e0-bf4c-06f5698ffbd9}","eventID":"5","version":"3","level":"4","task":"5","opcode":"0","keywords":"0x8000000000000000","systemTime":"2026-02-04T03:46:51.3272954Z","eventRecordID":"2971","processID":"2824","threadID":"3588","channel":"Microsoft-Windows-Sysmon/Operational","computer":"WinDev2308Eval","severityValue":"INFORMATION","message":"\"Process terminated:\r\nRuleName: -\r\nUtcTime: 2026-02-04 03:46:51.322\r\nProcessGuid: {de7f78ee-bff5-6982-a508-000000001e00}\r\nProcessId: 6372\r\nImage: C:\\Windows\\System32\\cmd.exe\r\nUser: WINDEV2308EVAL\\Secretary\""},"eventdata":{"utcTime":"2026-02-04 03:46:51.322","processGuid":"{de7f78ee-bff5-6982-a508-000000001e00}","processId":"6372","image":"C:\\\\Windows\\\\System32\\\\cmd.exe","user":"WINDEV2308EVAL\\\\Secretary"}}}
2026 Feb 03 20:43:12 (Secretary-Windows) any->EventChannel {"win":{"system":{"providerName":"Microsoft-Windows-Sysmon","providerGuid":"{5770385f-c22a-43e0-bf4c-06f5698ffbd9}","eventID":"5","version":"3","level":"4","task":"5","opcode":"0","keywords":"0x8000000000000000","systemTime":"2026-02-04T03:46:51.3344256Z","eventRecordID":"2972","processID":"2824","threadID":"3588","channel":"Microsoft-Windows-Sysmon/Operational","computer":"WinDev2308Eval","severityValue":"INFORMATION","message":"\"Process terminated:\r\nRuleName: -\r\nUtcTime: 2026-02-04 03:46:51.322\r\nProcessGuid: {de7f78ee-bff5-6982-a708-000000001e00}\r\nProcessId: 6324\r\nImage: C:\\Program Files\\WindowsApps\\Microsoft.WindowsTerminal_1.23.20211.0_x64__8wekyb3d8bbwe\\OpenConsole.exe\r\nUser: WINDEV2308EVAL\\Secretary\""},"eventdata":{"utcTime":"2026-02-04 03:46:51.322","processGuid":"{de7f78ee-bff5-6982-a708-000000001e00}","processId":"6324","image":"C:\\\\Program Files\\\\WindowsApps\\\\Microsoft.WindowsTerminal_1.23.20211.0_x64__8wekyb3d8bbwe\\\\OpenConsole.exe","user":"WINDEV2308EVAL\\\\Secretary"}}}
2026 Feb 03 20:43:12 (Secretary-Windows) any->EventChannel {"win":{"system":{"providerName":"Microsoft-Windows-Sysmon","providerGuid":"{5770385f-c22a-43e0-bf4c-06f5698ffbd9}","eventID":"5","version":"3","level":"4","task":"5","opcode":"0","keywords":"0x8000000000000000","systemTime":"2026-02-04T03:46:51.4462475Z","eventRecordID":"2974","processID":"2824","threadID":"3588","channel":"Microsoft-Windows-Sysmon/Operational","computer":"WinDev2308Eval","severityValue":"INFORMATION","message":"\"Process terminated:\r\nRuleName: -\r\nUtcTime: 2026-02-04 03:46:51.431\r\nProcessGuid: {de7f78ee-bff5-6982-a608-000000001e00}\r\nProcessId: 5752\r\nImage: C:\\Windows\\System32\\conhost.exe\r\nUser: WINDEV2308EVAL\\Secretary\""},"eventdata":{"utcTime":"2026-02-04 03:46:51.431","processGuid":"{de7f78ee-bff5-6982-a608-000000001e00}","processId":"5752","image":"C:\\\\Windows\\\\System32\\\\conhost.exe","user":"WINDEV2308EVAL\\\\Secretary"}}}
2026 Feb 03 20:43:12 (Secretary-Windows) any->EventChannel {"win":{"system":{"providerName":"Microsoft-Windows-Sysmon","providerGuid":"{5770385f-c22a-43e0-bf4c-06f5698ffbd9}","eventID":"5","version":"3","level":"4","task":"5","opcode":"0","keywords":"0x8000000000000000","systemTime":"2026-02-04T03:47:12.6464129Z","eventRecordID":"2976","processID":"2824","threadID":"3588","channel":"Microsoft-Windows-Sysmon/Operational","computer":"WinDev2308Eval","severityValue":"INFORMATION","message":"\"Process terminated:\r\nRuleName: -\r\nUtcTime: 2026-02-04 03:47:12.638\r\nProcessGuid: {de7f78ee-bffe-6982-d708-000000001e00}\r\nProcessId: 6464\r\nImage: C:\\Windows\\System32\\smartscreen.exe\r\nUser: WINDEV2308EVAL\\Secretary\""},"eventdata":{"utcTime":"2026-02-04 03:47:12.638","processGuid":"{de7f78ee-bffe-6982-d708-000000001e00}","processId":"6464","image":"C:\\\\Windows\\\\System32\\\\smartscreen.exe","user":"WINDEV2308EVAL\\\\Secretary"}}}
2026 Feb 03 20:43:12 (Secretary-Windows) any->EventChannel {"win":{"system":{"providerName":"Microsoft-Windows-Sysmon","providerGuid":"{5770385f-c22a-43e0-bf4c-06f5698ffbd9}","eventID":"5","version":"3","level":"4","task":"5","opcode":"0","keywords":"0x8000000000000000","systemTime":"2026-02-04T03:46:51.4001006Z","eventRecordID":"2973","processID":"2824","threadID":"3588","channel":"Microsoft-Windows-Sysmon/Operational","computer":"WinDev2308Eval","severityValue":"INFORMATION","message":"\"Process terminated:\r\nRuleName: -\r\nUtcTime: 2026-02-04 03:46:51.385\r\nProcessGuid: {de7f78ee-bff5-6982-aa08-000000001e00}\r\nProcessId: 1196\r\nImage: C:\\Program Files\\WindowsApps\\Microsoft.WindowsTerminal_1.23.20211.0_x64__8wekyb3d8bbwe\\WindowsTerminal.exe\r\nUser: WINDEV2308EVAL\\Secretary\""},"eventdata":{"utcTime":"2026-02-04 03:46:51.385","processGuid":"{de7f78ee-bff5-6982-aa08-000000001e00}","processId":"1196","image":"C:\\\\Program Files\\\\WindowsApps\\\\Microsoft.WindowsTerminal_1.23.20211.0_x64__8wekyb3d8bbwe\\\\WindowsTerminal.exe","user":"WINDEV2308EVAL\\\\Secretary"}}}
2026 Feb 03 20:43:12 (Secretary-Windows) any->EventChannel {"win":{"system":{"providerName":"Microsoft-Windows-Sysmon","providerGuid":"{5770385f-c22a-43e0-bf4c-06f5698ffbd9}","eventID":"5","version":"3","level":"4","task":"5","opcode":"0","keywords":"0x8000000000000000","systemTime":"2026-02-04T03:47:05.9110741Z","eventRecordID":"2975","processID":"2824","threadID":"3588","channel":"Microsoft-Windows-Sysmon/Operational","computer":"WinDev2308Eval","severityValue":"INFORMATION","message":"\"Process terminated:\r\nRuleName: -\r\nUtcTime: 2026-02-04 03:47:05.909\r\nProcessGuid: {de7f78ee-c00a-6982-e308-000000001e00}\r\nProcessId: 5476\r\nImage: C:\\Windows\\System32\\svchost.exe\r\nUser: NT AUTHORITY\\SYSTEM\""},"eventdata":{"utcTime":"2026-02-04 03:47:05.909","processGuid":"{de7f78ee-c00a-6982-e308-000000001e00}","processId":"5476","image":"C:\\\\Windows\\\\System32\\\\svchost.exe","user":"NT AUTHORITY\\\\SYSTEM"}}}
2026 Feb 03 20:43:13 (Secretary-Windows) any->EventChannel {"win":{"system":{"providerName":"Microsoft-Windows-Sysmon","providerGuid":"{5770385f-c22a-43e0-bf4c-06f5698ffbd9}","eventID":"5","version":"3","level":"4","task":"5","opcode":"0","keywords":"0x8000000000000000","systemTime":"2026-02-04T03:47:18.6314999Z","eventRecordID":"2977","processID":"2824","threadID":"3588","channel":"Microsoft-Windows-Sysmon/Operational","computer":"WinDev2308Eval","severityValue":"INFORMATION","message":"\"Process terminated:\r\nRuleName: -\r\nUtcTime: 2026-02-04 03:47:18.618\r\nProcessGuid: {de7f78ee-c03a-6982-e908-000000001e00}\r\nProcessId: 7216\r\nImage: C:\\Windows\\System32\\RuntimeBroker.exe\r\nUser: WINDEV2308EVAL\\Secretary\""},"eventdata":{"utcTime":"2026-02-04 03:47:18.618","processGuid":"{de7f78ee-c03a-6982-e908-000000001e00}","processId":"7216","image":"C:\\\\Windows\\\\System32\\\\RuntimeBroker.exe","user":"WINDEV2308EVAL\\\\Secretary"}}}
2026 Feb 03 20:43:13 (Secretary-Windows) any->EventChannel {"win":{"system":{"providerName":"Microsoft-Windows-Sysmon","providerGuid":"{5770385f-c22a-43e0-bf4c-06f5698ffbd9}","eventID":"5","version":"3","level":"4","task":"5","opcode":"0","keywords":"0x8000000000000000","systemTime":"2026-02-04T03:47:53.5864729Z","eventRecordID":"2978","processID":"2824","threadID":"3588","channel":"Microsoft-Windows-Sysmon/Operational","computer":"WinDev2308Eval","severityValue":"INFORMATION","message":"\"Process terminated:\r\nRuleName: -\r\nUtcTime: 2026-02-04 03:47:53.569\r\nProcessGuid: {de7f78ee-bff5-6982-a908-000000001e00}\r\nProcessId: 3628\r\nImage: C:\\Windows\\System32\\SearchFilterHost.exe\r\nUser: NT AUTHORITY\\SYSTEM\""},"eventdata":{"utcTime":"2026-02-04 03:47:53.569","processGuid":"{de7f78ee-bff5-6982-a908-000000001e00}","processId":"3628","image":"C:\\\\Windows\\\\System32\\\\SearchFilterHost.exe","user":"NT AUTHORITY\\\\SYSTEM"}}}
2026 Feb 03 20:43:13 (OPNsense.localdomain) any->syscollector {"data":{"architecture":"amd64","checksum":"c1ff325661c65789ec811f24d0237eba46378661","description":"Asynchronous I/O readiness notification library","format":"pkg","groups":" ","install_time":"1721738671","item_id":"c97538d6ad1410104b1f3b6e476c65e710a57cd0","location":" ","name":"ivykis","priority":" ","scan_time":"2026/02/03 19:12:07","size":"239006","source":"OPNsense","vendor":"cy@FreeBSD.org","version":"0.43.2"},"operation":"MODIFIED","type":"dbsync_packages"}
2026 Feb 03 20:43:13 (Secretary-Windows) any->EventChannel {"win":{"system":{"providerName":"Microsoft-Windows-Sysmon","providerGuid":"{5770385f-c22a-43e0-bf4c-06f5698ffbd9}","eventID":"5","version":"3","level":"4","task":"5","opcode":"0","keywords":"0x8000000000000000","systemTime":"2026-02-04T03:48:01.1541685Z","eventRecordID":"2979","processID":"2824","threadID":"3588","channel":"Microsoft-Windows-Sysmon/Operational","computer":"WinDev2308Eval","severityValue":"INFORMATION","message":"\"Process terminated:\r\nRuleName: -\r\nUtcTime: 2026-02-04 03:48:01.147\r\nProcessGuid: {de7f78ee-c03c-6982-ea08-000000001e00}\r\nProcessId: 3904\r\nImage: C:\\Windows\\System32\\SearchProtocolHost.exe\r\nUser: WINDEV2308EVAL\\Secretary\""},"eventdata":{"utcTime":"2026-02-04 03:48:01.147","processGuid":"{de7f78ee-c03c-6982-ea08-000000001e00}","processId":"3904","image":"C:\\\\Windows\\\\System32\\\\SearchProtocolHost.exe","user":"WINDEV2308EVAL\\\\Secretary"}}}
2026 Feb 03 20:43:13 (Secretary-Windows) any->syscollector {"data":{"checksum":"c309698b2bb33105da1578d28efc1dcb967fe5c8","cpu_cores":2,"cpu_mhz":3392.0,"cpu_name":"QEMU Virtual CPU version 2.5+","ram_free":904140,"ram_total":3140096,"ram_usage":71,"scan_time":"2026/02/04 03:12:06"},"operation":"MODIFIED","type":"dbsync_hwinfo"}
2026 Feb 03 20:43:13 (Secretary-Windows) any->EventChannel {"win":{"system":{"providerName":"Microsoft-Windows-Sysmon","providerGuid":"{5770385f-c22a-43e0-bf4c-06f5698ffbd9}","eventID":"1","version":"5","level":"4","task":"1","opcode":"0","keywords":"0x8000000000000000","systemTime":"2026-02-04T03:52:39.6582751Z","eventRecordID":"2980","processID":"2824","threadID":"3588","channel":"Microsoft-Windows-Sysmon/Operational","computer":"WinDev2308Eval","severityValue":"INFORMATION","message":"\"Process Create:\r\nRuleName: -\r\nUtcTime: 2026-02-04 03:52:39.653\r\nProcessGuid: {de7f78ee-c287-6982-f708-000000001e00}\r\nProcessId: 7632\r\nImage: C:\\Windows\\System32\\OpenSSH\\sshd.exe\r\nFileVersion: 9.5.4.1\r\nDescription: -\r\nProduct: OpenSSH for Windows\r\nCompany: -\r\nOriginalFileName: -\r\nCommandLine: \"C:\\Windows\\System32\\OpenSSH\\sshd.exe\" -R\r\nCurrentDirectory: C:\\\r\nUser: NT AUTHORITY\\SYSTEM\r\nLogonGuid: {de7f78ee-0035-6980-e703-000000000000}\r\nLogonId: 0x3E7\r\nTerminalSessionId: 0\r\nIntegrityLevel: System\r\nHashes: SHA256=012EB7B5A26F0DF163CF9F8EB0EF68493AB8A8A941DB1ABE310314EC947C6945\r\nParentProcessGuid: {de7f78ee-0039-6980-2f00-000000001e00}\r\nParentProcessId: 2644\r\nParentImage: C:\\Windows\\System32\\OpenSSH\\sshd.exe\r\nParentCommandLine: C:\\Windows\\System32\\OpenSSH\\sshd.exe\r\nParentUser: NT AUTHORITY\\SYSTEM\""},"eventdata":{"utcTime":"2026-02-04 03:52:39.653","processGuid":"{de7f78ee-c287-6982-f708-000000001e00}","processId":"7632","image":"C:\\\\Windows\\\\System32\\\\OpenSSH\\\\sshd.exe","fileVersion":"9.5.4.1","product":"OpenSSH for Windows","commandLine":"\\\"C:\\\\Windows\\\\System32\\\\OpenSSH\\\\sshd.exe\\\" -R","currentDirectory":"C:\\\\","user":"NT AUTHORITY\\\\SYSTEM","logonGuid":"{de7f78ee-0035-6980-e703-000000000000}","logonId":"0x3e7","terminalSessionId":"0","integrityLevel":"System","hashes":"SHA256=012EB7B5A26F0DF163CF9F8EB0EF68493AB8A8A941DB1ABE310314EC947C6945","parentProcessGuid":"{de7f78ee-0039-6980-2f00-000000001e00}","parentProcessId":"2644","parentImage":"C:\\\\Windows\\\\System32\\\\OpenSSH\\\\sshd.exe","parentCommandLine":"C:\\\\Windows\\\\System32\\\\OpenSSH\\\\sshd.exe","parentUser":"NT AUTHORITY\\\\SYSTEM"}}}
2026 Feb 03 20:43:13 (Secretary-Windows) any->EventChannel {"win":{"system":{"providerName":"Microsoft-Windows-Sysmon","providerGuid":"{5770385f-c22a-43e0-bf4c-06f5698ffbd9}","eventID":"1","version":"5","level":"4","task":"1","opcode":"0","keywords":"0x8000000000000000","systemTime":"2026-02-04T03:52:39.7678659Z","eventRecordID":"2981","processID":"2824","threadID":"3588","channel":"Microsoft-Windows-Sysmon/Operational","computer":"WinDev2308Eval","severityValue":"INFORMATION","message":"\"Process Create:\r\nRuleName: -\r\nUtcTime: 2026-02-04 03:52:39.762\r\nProcessGuid: {de7f78ee-c287-6982-f808-000000001e00}\r\nProcessId: 6336\r\nImage: C:\\Windows\\System32\\OpenSSH\\sshd.exe\r\nFileVersion: 9.5.4.1\r\nDescription: -\r\nProduct: OpenSSH for Windows\r\nCompany: -\r\nOriginalFileName: -\r\nCommandLine: \"C:\\Windows\\System32\\OpenSSH\\sshd.exe\" -y\r\nCurrentDirectory: C:\\\r\nUser: VIRTUAL USERS\\sshd_7632\r\nLogonGuid: {de7f78ee-c287-6982-6917-fd0000000000}\r\nLogonId: 0xFD1769\r\nTerminalSessionId: 0\r\nIntegrityLevel: High\r\nHashes: SHA256=012EB7B5A26F0DF163CF9F8EB0EF68493AB8A8A941DB1ABE310314EC947C6945\r\nParentProcessGuid: {de7f78ee-c287-6982-f708-000000001e00}\r\nParentProcessId: 7632\r\nParentImage: C:\\Windows\\System32\\OpenSSH\\sshd.exe\r\nParentCommandLine: \"C:\\Windows\\System32\\OpenSSH\\sshd.exe\" -R\r\nParentUser: NT AUTHORITY\\SYSTEM\""},"eventdata":{"utcTime":"2026-02-04 03:52:39.762","processGuid":"{de7f78ee-c287-6982-f808-000000001e00}","processId":"6336","image":"C:\\\\Windows\\\\System32\\\\OpenSSH\\\\sshd.exe","fileVersion":"9.5.4.1","product":"OpenSSH for Windows","commandLine":"\\\"C:\\\\Windows\\\\System32\\\\OpenSSH\\\\sshd.exe\\\" -y","currentDirectory":"C:\\\\","user":"VIRTUAL USERS\\\\sshd_7632","logonGuid":"{de7f78ee-c287-6982-6917-fd0000000000}","logonId":"0xfd1769","terminalSessionId":"0","integrityLevel":"High","hashes":"SHA256=012EB7B5A26F0DF163CF9F8EB0EF68493AB8A8A941DB1ABE310314EC947C6945","parentProcessGuid":"{de7f78ee-c287-6982-f708-000000001e00}","parentProcessId":"7632","parentImage":"C:\\\\Windows\\\\System32\\\\OpenSSH\\\\sshd.exe","parentCommandLine":"\\\"C:\\\\Windows\\\\System32\\\\OpenSSH\\\\sshd.exe\\\" -R","parentUser":"NT AUTHORITY\\\\SYSTEM"}}}
2026 Feb 03 20:43:13 (Secretary-Windows) any->EventChannel {"win":{"system":{"providerName":"Microsoft-Windows-Sysmon","providerGuid":"{5770385f-c22a-43e0-bf4c-06f5698ffbd9}","eventID":"5","version":"3","level":"4","task":"5","opcode":"0","keywords":"0x8000000000000000","systemTime":"2026-02-04T03:52:39.9422683Z","eventRecordID":"2982","processID":"2824","threadID":"3588","channel":"Microsoft-Windows-Sysmon/Operational","computer":"WinDev2308Eval","severityValue":"INFORMATION","message":"\"Process terminated:\r\nRuleName: -\r\nUtcTime: 2026-02-04 03:52:39.936\r\nProcessGuid: {de7f78ee-c287-6982-f808-000000001e00}\r\nProcessId: 6336\r\nImage: C:\\Windows\\System32\\OpenSSH\\sshd.exe\r\nUser: VIRTUAL USERS\\sshd_7632\""},"eventdata":{"utcTime":"2026-02-04 03:52:39.936","processGuid":"{de7f78ee-c287-6982-f808-000000001e00}","processId":"6336","image":"C:\\\\Windows\\\\System32\\\\OpenSSH\\\\sshd.exe","user":"VIRTUAL USERS\\\\sshd_7632"}}}
2026 Feb 03 20:43:13 (Secretary-Windows) any->EventChannel {"win":{"system":{"providerName":"Microsoft-Windows-Sysmon","providerGuid":"{5770385f-c22a-43e0-bf4c-06f5698ffbd9}","eventID":"1","version":"5","level":"4","task":"1","opcode":"0","keywords":"0x8000000000000000","systemTime":"2026-02-04T03:52:39.9726617Z","eventRecordID":"2983","processID":"2824","threadID":"3588","channel":"Microsoft-Windows-Sysmon/Operational","computer":"WinDev2308Eval","severityValue":"INFORMATION","message":"\"Process Create:\r\nRuleName: -\r\nUtcTime: 2026-02-04 03:52:39.966\r\nProcessGuid: {de7f78ee-c287-6982-f908-000000001e00}\r\nProcessId: 4916\r\nImage: C:\\Windows\\System32\\OpenSSH\\sshd.exe\r\nFileVersion: 9.5.4.1\r\nDescription: -\r\nProduct: OpenSSH for Windows\r\nCompany: -\r\nOriginalFileName: -\r\nCommandLine: \"C:\\Windows\\System32\\OpenSSH\\sshd.exe\" -z\r\nCurrentDirectory: C:\\\r\nUser: WINDEV2308EVAL\\Secretary\r\nLogonGuid: {de7f78ee-c287-6982-951a-fd0000000000}\r\nLogonId: 0xFD1A95\r\nTerminalSessionId: 0\r\nIntegrityLevel: High\r\nHashes: SHA256=012EB7B5A26F0DF163CF9F8EB0EF68493AB8A8A941DB1ABE310314EC947C6945\r\nParentProcessGuid: {de7f78ee-c287-6982-f708-000000001e00}\r\nParentProcessId: 7632\r\nParentImage: C:\\Windows\\System32\\OpenSSH\\sshd.exe\r\nParentCommandLine: \"C:\\Windows\\System32\\OpenSSH\\sshd.exe\" -R\r\nParentUser: NT AUTHORITY\\SYSTEM\""},"eventdata":{"utcTime":"2026-02-04 03:52:39.966","processGuid":"{de7f78ee-c287-6982-f908-000000001e00}","processId":"4916","image":"C:\\\\Windows\\\\System32\\\\OpenSSH\\\\sshd.exe","fileVersion":"9.5.4.1","product":"OpenSSH for Windows","commandLine":"\\\"C:\\\\Windows\\\\System32\\\\OpenSSH\\\\sshd.exe\\\" -z","currentDirectory":"C:\\\\","user":"WINDEV2308EVAL\\\\Secretary","logonGuid":"{de7f78ee-c287-6982-951a-fd0000000000}","logonId":"0xfd1a95","terminalSessionId":"0","integrityLevel":"High","hashes":"SHA256=012EB7B5A26F0DF163CF9F8EB0EF68493AB8A8A941DB1ABE310314EC947C6945","parentProcessGuid":"{de7f78ee-c287-6982-f708-000000001e00}","parentProcessId":"7632","parentImage":"C:\\\\Windows\\\\System32\\\\OpenSSH\\\\sshd.exe","parentCommandLine":"\\\"C:\\\\Windows\\\\System32\\\\OpenSSH\\\\sshd.exe\\\" -R","parentUser":"NT AUTHORITY\\\\SYSTEM"}}}
2026 Feb 03 20:43:13 (Secretary-Windows) any->EventChannel {"win":{"system":{"providerName":"Microsoft-Windows-Sysmon","providerGuid":"{5770385f-c22a-43e0-bf4c-06f5698ffbd9}","eventID":"1","version":"5","level":"4","task":"1","opcode":"0","keywords":"0x8000000000000000","systemTime":"2026-02-04T03:52:40.1044348Z","eventRecordID":"2984","processID":"2824","threadID":"3588","channel":"Microsoft-Windows-Sysmon/Operational","computer":"WinDev2308Eval","severityValue":"INFORMATION","message":"\"Process Create:\r\nRuleName: -\r\nUtcTime: 2026-02-04 03:52:40.087\r\nProcessGuid: {de7f78ee-c288-6982-fa08-000000001e00}\r\nProcessId: 1212\r\nImage: C:\\Windows\\System32\\conhost.exe\r\nFileVersion: 10.0.22621.5415 (WinBuild.160101.0800)\r\nDescription: Console Window Host\r\nProduct: Microsoft® Windows® Operating System\r\nCompany: Microsoft Corporation\r\nOriginalFileName: CONHOST.EXE\r\nCommandLine: C:\\Windows\\system32\\conhost.exe --headless --width 0 --height 0 --signal 0x214 -- \"c:\\windows\\system32\\cmd.exe\" /c C:\\Users\\Secretary\\user_behavior_generation\\worker\\browser_task.bat C:\\Users\\Secretary\\Downloads\\calendar.pdf print\r\nCurrentDirectory: C:\\Users\\Secretary\\\r\nUser: WINDEV2308EVAL\\Secretary\r\nLogonGuid: {de7f78ee-c287-6982-951a-fd0000000000}\r\nLogonId: 0xFD1A95\r\nTerminalSessionId: 0\r\nIntegrityLevel: High\r\nHashes: SHA256=2266B396EF92534A2A2844438DF043D4069A2EC47D4E464F55E8C1CD47124A98\r\nParentProcessGuid: {de7f78ee-c287-6982-f908-000000001e00}\r\nParentProcessId: 4916\r\nParentImage: C:\\Windows\\System32\\OpenSSH\\sshd.exe\r\nParentCommandLine: \"C:\\Windows\\System32\\OpenSSH\\sshd.exe\" -z\r\nParentUser: WINDEV2308EVAL\\Secretary\""},"eventdata":{"utcTime":"2026-02-04 03:52:40.087","processGuid":"{de7f78ee-c288-6982-fa08-000000001e00}","processId":"1212","image":"C:\\\\Windows\\\\System32\\\\conhost.exe","fileVersion":"10.0.22621.5415 (WinBuild.160101.0800)","description":"Console Window Host","product":"Microsoft® Windows® Operating System","company":"Microsoft Corporation","originalFileName":"CONHOST.EXE","commandLine":"C:\\\\Windows\\\\system32\\\\conhost.exe --headless --width 0 --height 0 --signal 0x214 -- \\\"c:\\\\windows\\\\system32\\\\cmd.exe\\\" /c C:\\\\Users\\\\Secretary\\\\user_behavior_generation\\\\worker\\\\browser_task.bat C:\\\\Users\\\\Secretary\\\\Downloads\\\\calendar.pdf print","currentDirectory":"C:\\\\Users\\\\Secretary\\\\","user":"WINDEV2308EVAL\\\\Secretary","logonGuid":"{de7f78ee-c287-6982-951a-fd0000000000}","logonId":"0xfd1a95","terminalSessionId":"0","integrityLevel":"High","hashes":"SHA256=2266B396EF92534A2A2844438DF043D4069A2EC47D4E464F55E8C1CD47124A98","parentProcessGuid":"{de7f78ee-c287-6982-f908-000000001e00}","parentProcessId":"4916","parentImage":"C:\\\\Windows\\\\System32\\\\OpenSSH\\\\sshd.exe","parentCommandLine":"\\\"C:\\\\Windows\\\\System32\\\\OpenSSH\\\\sshd.exe\\\" -z","parentUser":"WINDEV2308EVAL\\\\Secretary"}}}
