2026 Feb 03 20:43:08 (Secretary-Windows) any->EventChannel {"win":{"system":{"providerName":"Microsoft-Windows-Sysmon","providerGuid":"{5770385f-c22a-43e0-bf4c-06f5698ffbd9}","eventID":"1","version":"5","level":"4","task":"1","opcode":"0","keywords":"0x8000000000000000","systemTime":"2026-02-04T03:33:45.9323691Z","eventRecordID":"2731","processID":"2824","threadID":"3588","channel":"Microsoft-Windows-Sysmon/Operational","computer":"WinDev2308Eval","severityValue":"INFORMATION","message":"\"Process Create:\r\nRuleName: -\r\nUtcTime: 2026-02-04 03:33:45.741\r\nProcessGuid: {de7f78ee-be19-6982-8308-000000001e00}\r\nProcessId: 2448\r\nImage: C:\\Program Files (x86)\\Microsoft\\Edge\\Application\\msedge.exe\r\nFileVersion: 144.0.3719.104\r\nDescription: Microsoft Edge\r\nProduct: Microsoft Edge\r\nCompany: Microsoft Corporation\r\nOriginalFileName: msedge.exe\r\nCommandLine: \"C:\\Program Files (x86)\\Microsoft\\Edge\\Application\\msedge.exe\" --type=utility --utility-sub-type=network.mojom.NetworkService --lang=en-US --service-sandbox-type=none --noerrdialogs --user-data-dir=\"C:\\Users\\SECRET~1\\AppData\\Local\\Temp\\scoped_dir6216_650965905\" --startup-read-main-dll --field-trial-handle=2436,i,14337498407806940781,10433881642979078379,262144 --enable-features=msMetricsLogFastStartup,msSendMetricsLogOnClose --disable-features=IgnoreDuplicateNavs,PaintHolding,Prewarm --variations-seed-version --trace-process-track-uuid=3190708989122997041 --enable-logging=handle --log-file=2492 --log-level=0 --mojo-platform-channel-handle=2488 /prefetch:11\r\nCurrentDirectory: C:\\Program Files (x86)\\Microsoft\\Edge\\Application\\144.0.3719.104\\\r\nUser: WINDEV2308EVAL\\Secretary\r\nLogonGuid: {de7f78ee-4b47-6982-f4f1-3d0000000000}\r\nLogonId: 0x3DF1F4\r\nTerminalSessionId: 2\r\nIntegrityLevel: Medium\r\nHashes: SHA256=C93DB508A45D9D394C38BA5BDC9A131C4CA09D4BF96EED2AD4794E10E359D2B8\r\nParentProcessGuid: {de7f78ee-be19-6982-8108-000000001e00}\r\nParentProcessId: 1844\r\nParentImage: C:\\Program Files (x86)\\Microsoft\\Edge\\Application\\msedge.exe\r\nParentCommandLine: \"C:\\Program Files (x86)\\Microsoft\\Edge\\Application\\msedge.exe\" --allow-pre-commit-input --disable-background-networking --disable-backgrounding-occluded-windows --disable-client-side-phishing-detection --disable-default-apps --disable-features=IgnoreDuplicateNavs,Prewarm --disable-hang-monitor --disable-popup-blocking --disable-prompt-on-repost --disable-sync --edge-skip-compat-layer-relaunch --enable-automation --enable-logging --headless --log-level=0 --no-first-run --no-service-autorun --password-store=basic --remote-debugging-port=0 --start-maximized --test-type=webdriver --use-mock-keychain --user-data-dir=\"C:\\Users\\SECRET~1\\AppData\\Local\\Temp\\scoped_dir6216_650965905\" --window-size=1920,1080 data:,\r\nParentUser: WINDEV2308EVAL\\Secretary\""},"eventdata":{"utcTime":"2026-02-04 03:33:45.741","processGuid":"{de7f78ee-be19-6982-8308-000000001e00}","processId":"2448","image":"C:\\\\Program Files (x86)\\\\Microsoft\\\\Edge\\\\Application\\\\msedge.exe","fileVersion":"144.0.3719.104","description":"Microsoft Edge","product":"Microsoft Edge","company":"Microsoft Corporation","originalFileName":"msedge.exe","commandLine":"\\\"C:\\\\Program Files (x86)\\\\Microsoft\\\\Edge\\\\Application\\\\msedge.exe\\\" --type=utility --utility-sub-type=network.mojom.NetworkService --lang=en-US --service-sandbox-type=none --noerrdialogs --user-data-dir=\\\"C:\\\\Users\\\\SECRET~1\\\\AppData\\\\Local\\\\Temp\\\\scoped_dir6216_650965905\\\" --startup-read-main-dll --field-trial-handle=2436,i,14337498407806940781,10433881642979078379,262144 --enable-features=msMetricsLogFastStartup,msSendMetricsLogOnClose --disable-features=IgnoreDuplicateNavs,PaintHolding,Prewarm --variations-seed-version --trace-process-track-uuid=3190708989122997041 --enable-logging=handle --log-file=2492 --log-level=0 --mojo-platform-channel-handle=2488 /prefetch:11","currentDirectory":"C:\\\\Program Files (x86)\\\\Microsoft\\\\Edge\\\\Application\\\\144.0.3719.104\\\\","user":"WINDEV2308EVAL\\\\Secretary","logonGuid":"{de7f78ee-4b47-6982-f4f1-3d0000000000}","logonId":"0x3df1f4","terminalSessionId":"2","integrityLevel":"Medium","hashes":"SHA256=C93DB508A45D9D394C38BA5BDC9A131C4CA09D4BF96EED2AD4794E10E359D2B8","parentProcessGuid":"{de7f78ee-be19-6982-8108-000000001e00}","parentProcessId":"1844","parentImage":"C:\\\\Program Files (x86)\\\\Microsoft\\\\Edge\\\\Application\\\\msedge.exe","parentCommandLine":"\\\"C:\\\\Program Files (x86)\\\\Microsoft\\\\Edge\\\\Application\\\\msedge.exe\\\" --allow-pre-commit-input --disable-background-networking --disable-backgrounding-occluded-windows --disable-client-side-phishing-detection --disable-default-apps --disable-features=IgnoreDuplicateNavs,Prewarm --disable-hang-monitor --disable-popup-blocking --disable-prompt-on-repost --disable-sync --edge-skip-compat-layer-relaunch --enable-automation --enable-logging --headless --log-level=0 --no-first-run --no-service-autorun --password-store=basic --remote-debugging-port=0 --start-maximized --test-type=webdriver --use-mock-keychain --user-data-dir=\\\"C:\\\\Users\\\\SECRET~1\\\\AppData\\\\Local\\\\Temp\\\\scoped_dir6216_650965905\\\" --window-size=1920,1080 data:,","parentUser":"WINDEV2308EVAL\\\\Secretary"}}}
2026 Feb 03 20:43:08 (OPNsense.localdomain) any->/var/ossec/logs/opnsense_syslog.log Feb  3 19:10:27 OPNsense.localdomain filterlog[44472]: 118,,,6125cb207f65033775d1069fdf6d0ccf,vtnet0,match,pass,out,4,0x0,,64,0,0,DF,17,udp,111,203.0.213.2,193.205.160.139,8641,53,91
2026 Feb 03 20:43:08 (OPNsense.localdomain) any->/var/ossec/logs/opnsense_syslog.log Feb  3 19:10:27 OPNsense.localdomain filterlog[44472]: 118,,,6125cb207f65033775d1069fdf6d0ccf,vtnet0,match,pass,out,4,0x0,,64,0,0,DF,17,udp,99,203.0.213.2,193.205.160.3,62859,53,79
2026 Feb 03 20:43:08 (Secretary-Windows) any->EventChannel {"win":{"system":{"providerName":"Microsoft-Windows-Security-Auditing","providerGuid":"{54849625-5478-4994-a5ba-3e3b0328c30d}","eventID":"4718","version":"0","level":"0","task":"13569","opcode":"0","keywords":"0x8020000000000000","systemTime":"2026-02-04T04:09:23.2664415Z","eventRecordID":"52000","processID":"764","threadID":"2164","channel":"Security","computer":"WinDev2308Eval","severityValue":"AUDIT_SUCCESS","message":"\"System security access was removed from an account.\r\n\r\nSubject:\r\n\tSecurity ID:\t\tS-1-5-18\r\n\tAccount Name:\t\tWINDEV2308EVAL$\r\n\tAccount Domain:\t\tWORKGROUP\r\n\tLogon ID:\t\t0x3E7\r\n\r\nAccount Modified:\r\n\tAccount Name:\t\tS-1-5-111-3847866527-469524349-687026318-516638107-1125189541-6736\r\n\r\nAccess Removed:\r\n\tAccess Right:\t\tSeServiceLogonRight\""},"eventdata":{"subjectUserSid":"S-1-5-18","subjectUserName":"WINDEV2308EVAL$","subjectDomainName":"WORKGROUP","subjectLogonId":"0x3e7","targetSid":"S-1-5-111-3847866527-469524349-687026318-516638107-1125189541-6736","accessRemoved":"SeServiceLogonRight"}}}
2026 Feb 03 20:43:08 (Secretary-Windows) any->EventChannel {"win":{"system":{"providerName":"Microsoft-Windows-Sysmon","providerGuid":"{5770385f-c22a-43e0-bf4c-06f5698ffbd9}","eventID":"1","version":"5","level":"4","task":"1","opcode":"0","keywords":"0x8000000000000000","systemTime":"2026-02-04T03:33:45.9537652Z","eventRecordID":"2732","processID":"2824","threadID":"3588","channel":"Microsoft-Windows-Sysmon/Operational","computer":"WinDev2308Eval","severityValue":"INFORMATION","message":"\"Process Create:\r\nRuleName: -\r\nUtcTime: 2026-02-04 03:33:45.758\r\nProcessGuid: {de7f78ee-be19-6982-8408-000000001e00}\r\nProcessId: 8172\r\nImage: C:\\Program Files (x86)\\Microsoft\\Edge\\Application\\msedge.exe\r\nFileVersion: 144.0.3719.104\r\nDescription: Microsoft Edge\r\nProduct: Microsoft Edge\r\nCompany: Microsoft Corporation\r\nOriginalFileName: msedge.exe\r\nCommandLine: \"C:\\Program Files (x86)\\Microsoft\\Edge\\Application\\msedge.exe\" --type=gpu-process --headless --noerrdialogs --user-data-dir=\"C:\\Users\\SECRET~1\\AppData\\Local\\Temp\\scoped_dir6216_650965905\" --gpu-preferences=SAAAAAAAAADgAAAEAAAAAAAAAAAAAGAAAQAAAAAAAAAAAAAAAAAAAAIAAAAAAAAAAAAAAAAAAAAQAAAAAAAAABAAAAAAAAAACAAAAAAAAAAIAAAAAAAAAA== --startup-read-main-dll --field-trial-handle=2436,i,14337498407806940781,10433881642979078379,262144 --enable-features=msMetricsLogFastStartup,msSendMetricsLogOnClose --disable-features=IgnoreDuplicateNavs,PaintHolding,Prewarm --variations-seed-version --trace-process-track-uuid=3190708988185955192 --enable-logging=handle --log-file=2440 --log-level=0 --mojo-platform-channel-handle=2432 /prefetch:2\r\nCurrentDirectory: C:\\Program Files (x86)\\Microsoft\\Edge\\Application\\144.0.3719.104\\\r\nUser: WINDEV2308EVAL\\Secretary\r\nLogonGuid: {de7f78ee-4b47-6982-f4f1-3d0000000000}\r\nLogonId: 0x3DF1F4\r\nTerminalSessionId: 2\r\nIntegrityLevel: Low\r\nHashes: SHA256=C93DB508A45D9D394C38BA5BDC9A131C4CA09D4BF96EED2AD4794E10E359D2B8\r\nParentProcessGuid: {de7f78ee-be19-6982-8108-000000001e00}\r\nParentProcessId: 1844\r\nParentImage: C:\\Program Files (x86)\\Microsoft\\Edge\\Application\\msedge.exe\r\nParentCommandLine: \"C:\\Program Files (x86)\\Microsoft\\Edge\\Application\\msedge.exe\" --allow-pre-commit-input --disable-background-networking --disable-backgrounding-occluded-windows --disable-client-side-phishing-detection --disable-default-apps --disable-features=IgnoreDuplicateNavs,Prewarm --disable-hang-monitor --disable-popup-blocking --disable-prompt-on-repost --disable-sync --edge-skip-compat-layer-relaunch --enable-automation --enable-logging --headless --log-level=0 --no-first-run --no-service-autorun --password-store=basic --remote-debugging-port=0 --start-maximized --test-type=webdriver --use-mock-keychain --user-data-dir=\"C:\\Users\\SECRET~1\\AppData\\Local\\Temp\\scoped_dir6216_650965905\" --window-size=1920,1080 data:,\r\nParentUser: WINDEV2308EVAL\\Secretary\""},"eventdata":{"utcTime":"2026-02-04 03:33:45.758","processGuid":"{de7f78ee-be19-6982-8408-000000001e00}","processId":"8172","image":"C:\\\\Program Files (x86)\\\\Microsoft\\\\Edge\\\\Application\\\\msedge.exe","fileVersion":"144.0.3719.104","description":"Microsoft Edge","product":"Microsoft Edge","company":"Microsoft Corporation","originalFileName":"msedge.exe","commandLine":"\\\"C:\\\\Program Files (x86)\\\\Microsoft\\\\Edge\\\\Application\\\\msedge.exe\\\" --type=gpu-process --headless --noerrdialogs --user-data-dir=\\\"C:\\\\Users\\\\SECRET~1\\\\AppData\\\\Local\\\\Temp\\\\scoped_dir6216_650965905\\\" --gpu-preferences=SAAAAAAAAADgAAAEAAAAAAAAAAAAAGAAAQAAAAAAAAAAAAAAAAAAAAIAAAAAAAAAAAAAAAAAAAAQAAAAAAAAABAAAAAAAAAACAAAAAAAAAAIAAAAAAAAAA== --startup-read-main-dll --field-trial-handle=2436,i,14337498407806940781,10433881642979078379,262144 --enable-features=msMetricsLogFastStartup,msSendMetricsLogOnClose --disable-features=IgnoreDuplicateNavs,PaintHolding,Prewarm --variations-seed-version --trace-process-track-uuid=3190708988185955192 --enable-logging=handle --log-file=2440 --log-level=0 --mojo-platform-channel-handle=2432 /prefetch:2","currentDirectory":"C:\\\\Program Files (x86)\\\\Microsoft\\\\Edge\\\\Application\\\\144.0.3719.104\\\\","user":"WINDEV2308EVAL\\\\Secretary","logonGuid":"{de7f78ee-4b47-6982-f4f1-3d0000000000}","logonId":"0x3df1f4","terminalSessionId":"2","integrityLevel":"Low","hashes":"SHA256=C93DB508A45D9D394C38BA5BDC9A131C4CA09D4BF96EED2AD4794E10E359D2B8","parentProcessGuid":"{de7f78ee-be19-6982-8108-000000001e00}","parentProcessId":"1844","parentImage":"C:\\\\Program Files (x86)\\\\Microsoft\\\\Edge\\\\Application\\\\msedge.exe","parentCommandLine":"\\\"C:\\\\Program Files (x86)\\\\Microsoft\\\\Edge\\\\Application\\\\msedge.exe\\\" --allow-pre-commit-input --disable-background-networking --disable-backgrounding-occluded-windows --disable-client-side-phishing-detection --disable-default-apps --disable-features=IgnoreDuplicateNavs,Prewarm --disable-hang-monitor --disable-popup-blocking --disable-prompt-on-repost --disable-sync --edge-skip-compat-layer-relaunch --enable-automation --enable-logging --headless --log-level=0 --no-first-run --no-service-autorun --password-store=basic --remote-debugging-port=0 --start-maximized --test-type=webdriver --use-mock-keychain --user-data-dir=\\\"C:\\\\Users\\\\SECRET~1\\\\AppData\\\\Local\\\\Temp\\\\scoped_dir6216_650965905\\\" --window-size=1920,1080 data:,","parentUser":"WINDEV2308EVAL\\\\Secretary"}}}
2026 Feb 03 20:43:08 (Secretary-Windows) any->EventChannel {"win":{"system":{"providerName":"Microsoft-Windows-Security-Auditing","providerGuid":"{54849625-5478-4994-a5ba-3e3b0328c30d}","eventID":"4648","version":"0","level":"0","task":"12544","opcode":"0","keywords":"0x8020000000000000","systemTime":"2026-02-04T04:09:23.3768507Z","eventRecordID":"52001","processID":"764","threadID":"2164","channel":"Security","computer":"WinDev2308Eval","severityValue":"AUDIT_SUCCESS","message":"\"A logon was attempted using explicit credentials.\r\n\r\nSubject:\r\n\tSecurity ID:\t\tS-1-5-18\r\n\tAccount Name:\t\tWINDEV2308EVAL$\r\n\tAccount Domain:\t\tWORKGROUP\r\n\tLogon ID:\t\t0x3E7\r\n\tLogon GUID:\t\t{00000000-0000-0000-0000-000000000000}\r\n\r\nAccount Whose Credentials Were Used:\r\n\tAccount Name:\t\tSecretary\r\n\tAccount Domain:\t\tWINDEV2308EVAL\r\n\tLogon GUID:\t\t{00000000-0000-0000-0000-000000000000}\r\n\r\nTarget Server:\r\n\tTarget Server Name:\tlocalhost\r\n\tAdditional Information:\tlocalhost\r\n\r\nProcess Information:\r\n\tProcess ID:\t\t0x1a50\r\n\tProcess Name:\t\tC:\\Windows\\System32\\OpenSSH\\sshd.exe\r\n\r\nNetwork Information:\r\n\tNetwork Address:\t-\r\n\tPort:\t\t\t-\r\n\r\nThis event is generated when a process attempts to log on an account by explicitly specifying that account’s credentials.  This most commonly occurs in batch-type configurations such as scheduled tasks, or when using the RUNAS command.\""},"eventdata":{"subjectUserSid":"S-1-5-18","subjectUserName":"WINDEV2308EVAL$","subjectDomainName":"WORKGROUP","subjectLogonId":"0x3e7","logonGuid":"{00000000-0000-0000-0000-000000000000}","targetUserName":"Secretary","targetDomainName":"WINDEV2308EVAL","targetLogonGuid":"{00000000-0000-0000-0000-000000000000}","targetServerName":"localhost","targetInfo":"localhost","processId":"0x1a50","processName":"C:\\\\Windows\\\\System32\\\\OpenSSH\\\\sshd.exe"}}}
2026 Feb 03 20:43:08 (Secretary-Windows) any->EventChannel {"win":{"system":{"providerName":"Microsoft-Windows-Security-Auditing","providerGuid":"{54849625-5478-4994-a5ba-3e3b0328c30d}","eventID":"4624","version":"3","level":"0","task":"12544","opcode":"0","keywords":"0x8020000000000000","systemTime":"2026-02-04T04:09:23.3768952Z","eventRecordID":"52002","processID":"764","threadID":"2164","channel":"Security","computer":"WinDev2308Eval","severityValue":"AUDIT_SUCCESS","message":"\"An account was successfully logged on.\r\n\r\nSubject:\r\n\tSecurity ID:\t\tS-1-5-18\r\n\tAccount Name:\t\tWINDEV2308EVAL$\r\n\tAccount Domain:\t\tWORKGROUP\r\n\tLogon ID:\t\t0x3E7\r\n\r\nLogon Information:\r\n\tLogon Type:\t\t3\r\n\tRestricted Admin Mode:\t-\r\n\tRemote Credential Guard:\t-\r\n\tVirtual Account:\t\tNo\r\n\tElevated Token:\t\tYes\r\n\r\nImpersonation Level:\t\tImpersonation\r\n\r\nNew Logon:\r\n\tSecurity ID:\t\tS-1-5-21-3116511072-3024718013-308258476-1001\r\n\tAccount Name:\t\tSecretary\r\n\tAccount Domain:\t\tWINDEV2308EVAL\r\n\tLogon ID:\t\t0x103D099\r\n\tLinked Logon ID:\t\t0x0\r\n\tNetwork Account Name:\t-\r\n\tNetwork Account Domain:\t-\r\n\tLogon GUID:\t\t{00000000-0000-0000-0000-000000000000}\r\n\r\nProcess Information:\r\n\tProcess ID:\t\t0x1a50\r\n\tProcess Name:\t\tC:\\Windows\\System32\\OpenSSH\\sshd.exe\r\n\r\nNetwork Information:\r\n\tWorkstation Name:\t-\r\n\tSource Network Address:\t-\r\n\tSource Port:\t\t-\r\n\r\nDetailed Authentication Information:\r\n\tLogon Process:\t\tsshd\r\n\tAuthentication Package:\tMICROSOFT_AUTHENTICATION_PACKAGE_V1_0\r\n\tTransited Services:\t-\r\n\tPackage Name (NTLM only):\t-\r\n\tKey Length:\t\t0\r\n\r\nThis event is generated when a logon session is created. It is generated on the computer that was accessed.\r\n\r\nThe subject fields indicate the account on the local system which requested the logon. This is most commonly a service such as the Server service, or a local process such as Winlogon.exe or Services.exe.\r\n\r\nThe logon type field indicates the kind of logon that occurred. The most common types are 2 (interactive) and 3 (network).\r\n\r\nThe New Logon fields indicate the account for whom the new logon was created, i.e. the account that was logged on.\r\n\r\nThe network fields indicate where a remote logon request originated. Workstation name is not always available and may be left blank in some cases.\r\n\r\nThe impersonation level field indicates the extent to which a process in the logon session can impersonate.\r\n\r\nThe authentication information fields provide detailed information about this specific logon request.\r\n\t- Logon GUID is a unique identifier that can be used to correlate this event with a KDC event.\r\n\t- Transited services indicate which intermediate services have participated in this logon request.\r\n\t- Package name indicates which sub-protocol was used among the NTLM protocols.\r\n\t- Key length indicates the length of the generated session key. This will be 0 if no session key was requested.\""},"eventdata":{"subjectUserSid":"S-1-5-18","subjectUserName":"WINDEV2308EVAL$","subjectDomainName":"WORKGROUP","subjectLogonId":"0x3e7","targetUserSid":"S-1-5-21-3116511072-3024718013-308258476-1001","targetUserName":"Secretary","targetDomainName":"WINDEV2308EVAL","targetLogonId":"0x103d099","logonType":"3","logonProcessName":"sshd","authenticationPackageName":"MICROSOFT_AUTHENTICATION_PACKAGE_V1_0","logonGuid":"{00000000-0000-0000-0000-000000000000}","keyLength":"0","processId":"0x1a50","processName":"C:\\\\Windows\\\\System32\\\\OpenSSH\\\\sshd.exe","impersonationLevel":"%%1833","virtualAccount":"%%1843","targetLinkedLogonId":"0x0","elevatedToken":"%%1842"}}}
2026 Feb 03 20:43:08 (Secretary-Windows) any->EventChannel {"win":{"system":{"providerName":"Microsoft-Windows-Sysmon","providerGuid":"{5770385f-c22a-43e0-bf4c-06f5698ffbd9}","eventID":"1","version":"5","level":"4","task":"1","opcode":"0","keywords":"0x8000000000000000","systemTime":"2026-02-04T03:33:46.0186600Z","eventRecordID":"2733","processID":"2824","threadID":"3588","channel":"Microsoft-Windows-Sysmon/Operational","computer":"WinDev2308Eval","severityValue":"INFORMATION","message":"\"Process Create:\r\nRuleName: -\r\nUtcTime: 2026-02-04 03:33:45.988\r\nProcessGuid: {de7f78ee-be19-6982-8508-000000001e00}\r\nProcessId: 6716\r\nImage: C:\\Program Files (x86)\\Microsoft\\Edge\\Application\\msedge.exe\r\nFileVersion: 144.0.3719.104\r\nDescription: Microsoft Edge\r\nProduct: Microsoft Edge\r\nCompany: Microsoft Corporation\r\nOriginalFileName: msedge.exe\r\nCommandLine: \"C:\\Program Files (x86)\\Microsoft\\Edge\\Application\\msedge.exe\" --type=utility --utility-sub-type=storage.mojom.StorageService --lang=en-US --service-sandbox-type=service --noerrdialogs --user-data-dir=\"C:\\Users\\SECRET~1\\AppData\\Local\\Temp\\scoped_dir6216_650965905\" --startup-read-main-dll --field-trial-handle=2436,i,14337498407806940781,10433881642979078379,262144 --enable-features=msMetricsLogFastStartup,msSendMetricsLogOnClose --disable-features=IgnoreDuplicateNavs,PaintHolding,Prewarm --variations-seed-version --trace-process-track-uuid=3190708990060038890 --enable-logging=handle --log-file=3100 --log-level=0 --mojo-platform-channel-handle=3104 /prefetch:13\r\nCurrentDirectory: C:\\Program Files (x86)\\Microsoft\\Edge\\Application\\144.0.3719.104\\\r\nUser: WINDEV2308EVAL\\Secretary\r\nLogonGuid: {de7f78ee-4b47-6982-f4f1-3d0000000000}\r\nLogonId: 0x3DF1F4\r\nTerminalSessionId: 2\r\nIntegrityLevel: Low\r\nHashes: SHA256=C93DB508A45D9D394C38BA5BDC9A131C4CA09D4BF96EED2AD4794E10E359D2B8\r\nParentProcessGuid: {de7f78ee-be19-6982-8108-000000001e00}\r\nParentProcessId: 1844\r\nParentImage: C:\\Program Files (x86)\\Microsoft\\Edge\\Application\\msedge.exe\r\nParentCommandLine: \"C:\\Program Files (x86)\\Microsoft\\Edge\\Application\\msedge.exe\" --allow-pre-commit-input --disable-background-networking --disable-backgrounding-occluded-windows --disable-client-side-phishing-detection --disable-default-apps --disable-features=IgnoreDuplicateNavs,Prewarm --disable-hang-monitor --disable-popup-blocking --disable-prompt-on-repost --disable-sync --edge-skip-compat-layer-relaunch --enable-automation --enable-logging --headless --log-level=0 --no-first-run --no-service-autorun --password-store=basic --remote-debugging-port=0 --start-maximized --test-type=webdriver --use-mock-keychain --user-data-dir=\"C:\\Users\\SECRET~1\\AppData\\Local\\Temp\\scoped_dir6216_650965905\" --window-size=1920,1080 data:,\r\nParentUser: WINDEV2308EVAL\\Secretary\""},"eventdata":{"utcTime":"2026-02-04 03:33:45.988","processGuid":"{de7f78ee-be19-6982-8508-000000001e00}","processId":"6716","image":"C:\\\\Program Files (x86)\\\\Microsoft\\\\Edge\\\\Application\\\\msedge.exe","fileVersion":"144.0.3719.104","description":"Microsoft Edge","product":"Microsoft Edge","company":"Microsoft Corporation","originalFileName":"msedge.exe","commandLine":"\\\"C:\\\\Program Files (x86)\\\\Microsoft\\\\Edge\\\\Application\\\\msedge.exe\\\" --type=utility --utility-sub-type=storage.mojom.StorageService --lang=en-US --service-sandbox-type=service --noerrdialogs --user-data-dir=\\\"C:\\\\Users\\\\SECRET~1\\\\AppData\\\\Local\\\\Temp\\\\scoped_dir6216_650965905\\\" --startup-read-main-dll --field-trial-handle=2436,i,14337498407806940781,10433881642979078379,262144 --enable-features=msMetricsLogFastStartup,msSendMetricsLogOnClose --disable-features=IgnoreDuplicateNavs,PaintHolding,Prewarm --variations-seed-version --trace-process-track-uuid=3190708990060038890 --enable-logging=handle --log-file=3100 --log-level=0 --mojo-platform-channel-handle=3104 /prefetch:13","currentDirectory":"C:\\\\Program Files (x86)\\\\Microsoft\\\\Edge\\\\Application\\\\144.0.3719.104\\\\","user":"WINDEV2308EVAL\\\\Secretary","logonGuid":"{de7f78ee-4b47-6982-f4f1-3d0000000000}","logonId":"0x3df1f4","terminalSessionId":"2","integrityLevel":"Low","hashes":"SHA256=C93DB508A45D9D394C38BA5BDC9A131C4CA09D4BF96EED2AD4794E10E359D2B8","parentProcessGuid":"{de7f78ee-be19-6982-8108-000000001e00}","parentProcessId":"1844","parentImage":"C:\\\\Program Files (x86)\\\\Microsoft\\\\Edge\\\\Application\\\\msedge.exe","parentCommandLine":"\\\"C:\\\\Program Files (x86)\\\\Microsoft\\\\Edge\\\\Application\\\\msedge.exe\\\" --allow-pre-commit-input --disable-background-networking --disable-backgrounding-occluded-windows --disable-client-side-phishing-detection --disable-default-apps --disable-features=IgnoreDuplicateNavs,Prewarm --disable-hang-monitor --disable-popup-blocking --disable-prompt-on-repost --disable-sync --edge-skip-compat-layer-relaunch --enable-automation --enable-logging --headless --log-level=0 --no-first-run --no-service-autorun --password-store=basic --remote-debugging-port=0 --start-maximized --test-type=webdriver --use-mock-keychain --user-data-dir=\\\"C:\\\\Users\\\\SECRET~1\\\\AppData\\\\Local\\\\Temp\\\\scoped_dir6216_650965905\\\" --window-size=1920,1080 data:,","parentUser":"WINDEV2308EVAL\\\\Secretary"}}}
2026 Feb 03 20:43:08 (Secretary-Windows) any->EventChannel {"win":{"system":{"providerName":"Microsoft-Windows-Security-Auditing","providerGuid":"{54849625-5478-4994-a5ba-3e3b0328c30d}","eventID":"4672","version":"0","level":"0","task":"12548","opcode":"0","keywords":"0x8020000000000000","systemTime":"2026-02-04T04:09:23.3769223Z","eventRecordID":"52003","processID":"764","threadID":"2164","channel":"Security","computer":"WinDev2308Eval","severityValue":"AUDIT_SUCCESS","message":"\"Special privileges assigned to new logon.\r\n\r\nSubject:\r\n\tSecurity ID:\t\tS-1-5-21-3116511072-3024718013-308258476-1001\r\n\tAccount Name:\t\tSecretary\r\n\tAccount Domain:\t\tWINDEV2308EVAL\r\n\tLogon ID:\t\t0x103D099\r\n\r\nPrivileges:\t\tSeSecurityPrivilege\r\n\t\t\tSeTakeOwnershipPrivilege\r\n\t\t\tSeLoadDriverPrivilege\r\n\t\t\tSeBackupPrivilege\r\n\t\t\tSeRestorePrivilege\r\n\t\t\tSeDebugPrivilege\r\n\t\t\tSeSystemEnvironmentPrivilege\r\n\t\t\tSeImpersonatePrivilege\r\n\t\t\tSeDelegateSessionUserImpersonatePrivilege\""},"eventdata":{"subjectUserSid":"S-1-5-21-3116511072-3024718013-308258476-1001","subjectUserName":"Secretary","subjectDomainName":"WINDEV2308EVAL","subjectLogonId":"0x103d099","privilegeList":"SeSecurityPrivilege     SeTakeOwnershipPrivilege     SeLoadDriverPrivilege     SeBackupPrivilege     SeRestorePrivilege     SeDebugPrivilege     SeSystemEnvironmentPrivilege     SeImpersonatePrivilege     SeDelegateSessionUserImpersonatePrivilege"}}}
2026 Feb 03 20:43:08 (Secretary-Windows) any->EventChannel {"win":{"system":{"providerName":"Microsoft-Windows-Sysmon","providerGuid":"{5770385f-c22a-43e0-bf4c-06f5698ffbd9}","eventID":"1","version":"5","level":"4","task":"1","opcode":"0","keywords":"0x8000000000000000","systemTime":"2026-02-04T03:33:46.3206807Z","eventRecordID":"2734","processID":"2824","threadID":"3588","channel":"Microsoft-Windows-Sysmon/Operational","computer":"WinDev2308Eval","severityValue":"INFORMATION","message":"\"Process Create:\r\nRuleName: -\r\nUtcTime: 2026-02-04 03:33:46.315\r\nProcessGuid: {de7f78ee-be1a-6982-8608-000000001e00}\r\nProcessId: 4396\r\nImage: C:\\Program Files (x86)\\Microsoft\\Edge\\Application\\msedge.exe\r\nFileVersion: 144.0.3719.104\r\nDescription: Microsoft Edge\r\nProduct: Microsoft Edge\r\nCompany: Microsoft Corporation\r\nOriginalFileName: msedge.exe\r\nCommandLine: \"C:\\Program Files (x86)\\Microsoft\\Edge\\Application\\msedge.exe\" --type=renderer --noerrdialogs --user-data-dir=\"C:\\Users\\SECRET~1\\AppData\\Local\\Temp\\scoped_dir6216_650965905\" --pdf-upsell-enabled --enable-automation --remote-debugging-port=0 --test-type=webdriver --allow-pre-commit-input --video-capture-use-gpu-memory-buffer --lang=en-US --js-flags --device-scale-factor=1 --num-raster-threads=1 --renderer-client-id=6 --ram-no-pressure-read-main-dll --field-trial-handle=2436,i,14337498407806940781,10433881642979078379,262144 --enable-features=msMetricsLogFastStartup,msSendMetricsLogOnClose --disable-features=IgnoreDuplicateNavs,PaintHolding,Prewarm --variations-seed-version --trace-process-track-uuid=3190708991934122588 --enable-logging=handle --log-file=3536 --log-level=0 --mojo-platform-channel-handle=3532 /prefetch:1\r\nCurrentDirectory: C:\\Program Files (x86)\\Microsoft\\Edge\\Application\\144.0.3719.104\\\r\nUser: WINDEV2308EVAL\\Secretary\r\nLogonGuid: {de7f78ee-4b47-6982-f4f1-3d0000000000}\r\nLogonId: 0x3DF1F4\r\nTerminalSessionId: 2\r\nIntegrityLevel: AppContainer\r\nHashes: SHA256=C93DB508A45D9D394C38BA5BDC9A131C4CA09D4BF96EED2AD4794E10E359D2B8\r\nParentProcessGuid: {de7f78ee-be19-6982-8108-000000001e00}\r\nParentProcessId: 1844\r\nParentImage: C:\\Program Files (x86)\\Microsoft\\Edge\\Application\\msedge.exe\r\nParentCommandLine: \"C:\\Program Files (x86)\\Microsoft\\Edge\\Application\\msedge.exe\" --allow-pre-commit-input --disable-background-networking --disable-backgrounding-occluded-windows --disable-client-side-phishing-detection --disable-default-apps --disable-features=IgnoreDuplicateNavs,Prewarm --disable-hang-monitor --disable-popup-blocking --disable-prompt-on-repost --disable-sync --edge-skip-compat-layer-relaunch --enable-automation --enable-logging --headless --log-level=0 --no-first-run --no-service-autorun --password-store=basic --remote-debugging-port=0 --start-maximized --test-type=webdriver --use-mock-keychain --user-data-dir=\"C:\\Users\\SECRET~1\\AppData\\Local\\Temp\\scoped_dir6216_650965905\" --window-size=1920,1080 data:,\r\nParentUser: WINDEV2308EVAL\\Secretary\""},"eventdata":{"utcTime":"2026-02-04 03:33:46.315","processGuid":"{de7f78ee-be1a-6982-8608-000000001e00}","processId":"4396","image":"C:\\\\Program Files (x86)\\\\Microsoft\\\\Edge\\\\Application\\\\msedge.exe","fileVersion":"144.0.3719.104","description":"Microsoft Edge","product":"Microsoft Edge","company":"Microsoft Corporation","originalFileName":"msedge.exe","commandLine":"\\\"C:\\\\Program Files (x86)\\\\Microsoft\\\\Edge\\\\Application\\\\msedge.exe\\\" --type=renderer --noerrdialogs --user-data-dir=\\\"C:\\\\Users\\\\SECRET~1\\\\AppData\\\\Local\\\\Temp\\\\scoped_dir6216_650965905\\\" --pdf-upsell-enabled --enable-automation --remote-debugging-port=0 --test-type=webdriver --allow-pre-commit-input --video-capture-use-gpu-memory-buffer --lang=en-US --js-flags --device-scale-factor=1 --num-raster-threads=1 --renderer-client-id=6 --ram-no-pressure-read-main-dll --field-trial-handle=2436,i,14337498407806940781,10433881642979078379,262144 --enable-features=msMetricsLogFastStartup,msSendMetricsLogOnClose --disable-features=IgnoreDuplicateNavs,PaintHolding,Prewarm --variations-seed-version --trace-process-track-uuid=3190708991934122588 --enable-logging=handle --log-file=3536 --log-level=0 --mojo-platform-channel-handle=3532 /prefetch:1","currentDirectory":"C:\\\\Program Files (x86)\\\\Microsoft\\\\Edge\\\\Application\\\\144.0.3719.104\\\\","user":"WINDEV2308EVAL\\\\Secretary","logonGuid":"{de7f78ee-4b47-6982-f4f1-3d0000000000}","logonId":"0x3df1f4","terminalSessionId":"2","integrityLevel":"AppContainer","hashes":"SHA256=C93DB508A45D9D394C38BA5BDC9A131C4CA09D4BF96EED2AD4794E10E359D2B8","parentProcessGuid":"{de7f78ee-be19-6982-8108-000000001e00}","parentProcessId":"1844","parentImage":"C:\\\\Program Files (x86)\\\\Microsoft\\\\Edge\\\\Application\\\\msedge.exe","parentCommandLine":"\\\"C:\\\\Program Files (x86)\\\\Microsoft\\\\Edge\\\\Application\\\\msedge.exe\\\" --allow-pre-commit-input --disable-background-networking --disable-backgrounding-occluded-windows --disable-client-side-phishing-detection --disable-default-apps --disable-features=IgnoreDuplicateNavs,Prewarm --disable-hang-monitor --disable-popup-blocking --disable-prompt-on-repost --disable-sync --edge-skip-compat-layer-relaunch --enable-automation --enable-logging --headless --log-level=0 --no-first-run --no-service-autorun --password-store=basic --remote-debugging-port=0 --start-maximized --test-type=webdriver --use-mock-keychain --user-data-dir=\\\"C:\\\\Users\\\\SECRET~1\\\\AppData\\\\Local\\\\Temp\\\\scoped_dir6216_650965905\\\" --window-size=1920,1080 data:,","parentUser":"WINDEV2308EVAL\\\\Secretary"}}}
2026 Feb 03 20:43:08 (OPNsense.localdomain) any->/var/ossec/logs/opnsense_syslog.log Feb  3 19:10:29 OPNsense.localdomain filterlog[44472]: 115,,,fae559338f65e11c53669fc3642c93c2,vlan0.99,match,pass,out,4,0x0,,64,0,0,DF,6,tcp,60,10.0.99.1,10.0.99.14,30003,1514,0,S,4012952354,,65228,,mss;nop;wscale;sackOK;TS
2026 Feb 03 20:43:08 (OPNsense.localdomain) any->/var/ossec/logs/opnsense_syslog.log Feb  3 19:10:31 OPNsense.localdomain filterlog[44472]: 118,,,6125cb207f65033775d1069fdf6d0ccf,vtnet0,match,pass,out,4,0x0,,64,0,0,DF,17,udp,80,203.0.213.2,193.205.160.3,5660,53,60
2026 Feb 03 20:43:08 (OPNsense.localdomain) any->/var/ossec/logs/opnsense_syslog.log Feb  3 19:10:31 OPNsense.localdomain filterlog[44472]: 115,,,fae559338f65e11c53669fc3642c93c2,lo0,match,pass,out,4,0x0,,64,7521,0,none,17,udp,69,127.0.0.1,127.0.0.1,14213,53,49
2026 Feb 03 20:43:08 (OPNsense.localdomain) any->/var/ossec/logs/opnsense_syslog.log Feb  3 19:10:31 OPNsense.localdomain filterlog[44472]: 115,,,fae559338f65e11c53669fc3642c93c2,lo0,match,pass,out,4,0x0,,64,22656,0,none,17,udp,69,127.0.0.1,127.0.0.1,56369,53,49
2026 Feb 03 20:43:08 (OPNsense.localdomain) any->/var/ossec/logs/opnsense_syslog.log Feb  3 19:10:27 OPNsense.localdomain filterlog[44472]: 115,,,fae559338f65e11c53669fc3642c93c2,vtnet0,match,pass,out,4,0x0,,127,31867,0,DF,6,tcp,52,10.0.40.13,52.168.112.66,59711,443,0,S,3300709485,,64240,,mss;nop;wscale;nop;nop;sackOK
2026 Feb 03 20:43:08 (OPNsense.localdomain) any->/var/ossec/logs/opnsense_syslog.log Feb  3 19:10:31 OPNsense.localdomain filterlog[44472]: 118,,,6125cb207f65033775d1069fdf6d0ccf,vtnet0,match,pass,out,4,0x0,,64,0,0,DF,17,udp,80,203.0.213.2,193.205.160.3,21834,53,60
2026 Feb 03 20:43:08 (Secretary-Windows) any->EventChannel {"win":{"system":{"providerName":"Microsoft-Windows-Sysmon","providerGuid":"{5770385f-c22a-43e0-bf4c-06f5698ffbd9}","eventID":"1","version":"5","level":"4","task":"1","opcode":"0","keywords":"0x8000000000000000","systemTime":"2026-02-04T03:33:46.4649087Z","eventRecordID":"2735","processID":"2824","threadID":"3588","channel":"Microsoft-Windows-Sysmon/Operational","computer":"WinDev2308Eval","severityValue":"INFORMATION","message":"\"Process Create:\r\nRuleName: -\r\nUtcTime: 2026-02-04 03:33:46.455\r\nProcessGuid: {de7f78ee-be1a-6982-8708-000000001e00}\r\nProcessId: 7068\r\nImage: C:\\Windows\\System32\\smartscreen.exe\r\nFileVersion: 10.0.22621.5331 (WinBuild.160101.0800)\r\nDescription: Windows Defender SmartScreen\r\nProduct: Microsoft® Windows® Operating System\r\nCompany: Microsoft Corporation\r\nOriginalFileName: smartscreen.exe\r\nCommandLine: C:\\Windows\\System32\\smartscreen.exe -Embedding\r\nCurrentDirectory: C:\\Windows\\system32\\\r\nUser: WINDEV2308EVAL\\Secretary\r\nLogonGuid: {de7f78ee-4b47-6982-f4f1-3d0000000000}\r\nLogonId: 0x3DF1F4\r\nTerminalSessionId: 2\r\nIntegrityLevel: Medium\r\nHashes: SHA256=29417F2A991E0B3A3B7F5B7953BE132761C810831FECF368E9F660FA40997B9A\r\nParentProcessGuid: {de7f78ee-0035-6980-0f00-000000001e00}\r\nParentProcessId: 896\r\nParentImage: C:\\Windows\\System32\\svchost.exe\r\nParentCommandLine: C:\\Windows\\system32\\svchost.exe -k DcomLaunch -p\r\nParentUser: NT AUTHORITY\\SYSTEM\""},"eventdata":{"utcTime":"2026-02-04 03:33:46.455","processGuid":"{de7f78ee-be1a-6982-8708-000000001e00}","processId":"7068","image":"C:\\\\Windows\\\\System32\\\\smartscreen.exe","fileVersion":"10.0.22621.5331 (WinBuild.160101.0800)","description":"Windows Defender SmartScreen","product":"Microsoft® Windows® Operating System","company":"Microsoft Corporation","originalFileName":"smartscreen.exe","commandLine":"C:\\\\Windows\\\\System32\\\\smartscreen.exe -Embedding","currentDirectory":"C:\\\\Windows\\\\system32\\\\","user":"WINDEV2308EVAL\\\\Secretary","logonGuid":"{de7f78ee-4b47-6982-f4f1-3d0000000000}","logonId":"0x3df1f4","terminalSessionId":"2","integrityLevel":"Medium","hashes":"SHA256=29417F2A991E0B3A3B7F5B7953BE132761C810831FECF368E9F660FA40997B9A","parentProcessGuid":"{de7f78ee-0035-6980-0f00-000000001e00}","parentProcessId":"896","parentImage":"C:\\\\Windows\\\\System32\\\\svchost.exe","parentCommandLine":"C:\\\\Windows\\\\system32\\\\svchost.exe -k DcomLaunch -p","parentUser":"NT AUTHORITY\\\\SYSTEM"}}}
2026 Feb 03 20:43:08 (OPNsense.localdomain) any->/var/ossec/logs/opnsense_syslog.log Feb  3 19:10:34 OPNsense.localdomain filterlog[44472]: 115,,,fae559338f65e11c53669fc3642c93c2,vlan0.99,match,pass,out,4,0x0,,127,1763,0,DF,6,tcp,52,10.0.40.13,10.0.99.14,59712,1514,0,S,4255823278,,64240,,mss;nop;wscale;nop;nop;sackOK
2026 Feb 03 20:43:08 (OPNsense.localdomain) any->/var/ossec/logs/opnsense_syslog.log Feb  3 19:10:35 OPNsense.localdomain filterlog[44472]: 115,,,fae559338f65e11c53669fc3642c93c2,vlan0.99,match,pass,out,4,0x0,,127,1765,0,DF,6,tcp,52,10.0.40.13,10.0.99.14,59712,1514,0,S,4255823278,,64240,,mss;nop;wscale;nop;nop;sackOK
2026 Feb 03 20:43:08 (OPNsense.localdomain) any->/var/ossec/logs/opnsense_syslog.log Feb  3 19:10:31 OPNsense.localdomain filterlog[44472]: 118,,,6125cb207f65033775d1069fdf6d0ccf,vtnet0,match,pass,out,4,0xb8,,64,6200,0,none,17,udp,76,203.0.213.2,162.159.200.1,123,123,56
2026 Feb 03 20:43:08 (OPNsense.localdomain) any->/var/ossec/logs/opnsense_syslog.log Feb  3 19:10:33 OPNsense.localdomain filterlog[44472]: 115,,,fae559338f65e11c53669fc3642c93c2,vlan0.99,match,pass,out,4,0x0,,127,1762,0,DF,6,tcp,52,10.0.40.13,10.0.99.14,59712,1514,0,S,4255823278,,64240,,mss;nop;wscale;nop;nop;sackOK
2026 Feb 03 20:43:08 (OPNsense.localdomain) any->/var/ossec/logs/opnsense_syslog.log Feb  3 19:10:35 OPNsense.localdomain filterlog[44472]: 115,,,fae559338f65e11c53669fc3642c93c2,vlan0.99,match,pass,out,4,0x0,,127,1766,0,DF,6,tcp,52,10.0.40.13,10.0.99.14,59712,1514,0,S,4255823278,,64240,,mss;nop;wscale;nop;nop;sackOK
2026 Feb 03 20:43:08 (OPNsense.localdomain) any->/var/ossec/logs/opnsense_syslog.log Feb  3 19:10:34 OPNsense.localdomain filterlog[44472]: 115,,,fae559338f65e11c53669fc3642c93c2,vlan0.99,match,pass,out,4,0x0,,127,1764,0,DF,6,tcp,52,10.0.40.13,10.0.99.14,59712,1514,0,S,4255823278,,64240,,mss;nop;wscale;nop;nop;sackOK
2026 Feb 03 20:43:08 (OPNsense.localdomain) any->/var/ossec/logs/opnsense_syslog.log Feb  3 19:10:43 OPNsense.localdomain filterlog[44472]: 118,,,6125cb207f65033775d1069fdf6d0ccf,vtnet0,match,pass,out,4,0xb8,,64,42667,0,none,17,udp,76,203.0.213.2,172.232.208.229,123,123,56
2026 Feb 03 20:43:08 (OPNsense.localdomain) any->/var/ossec/logs/opnsense_syslog.log Feb  3 19:10:39 OPNsense.localdomain filterlog[44472]: 109,,,09ef23f01c5890e379d587e8e2d3dea0,vlan0.99,match,pass,in,4,0xc0,,64,34721,0,DF,17,udp,293,10.0.99.14,10.0.99.1,68,67,273
2026 Feb 03 20:43:08 (OPNsense.localdomain) any->/var/ossec/logs/opnsense_syslog.log Feb  3 19:10:49 OPNsense.localdomain filterlog[44472]: 118,,,6125cb207f65033775d1069fdf6d0ccf,vtnet0,match,pass,out,4,0xb8,,64,1949,0,none,17,udp,76,203.0.213.2,5.249.149.252,123,123,56
2026 Feb 03 20:43:08 (OPNsense.localdomain) any->/var/ossec/logs/opnsense_syslog.log Feb  3 19:10:39 OPNsense.localdomain filterlog[44472]: 115,,,fae559338f65e11c53669fc3642c93c2,vlan0.99,match,pass,out,4,0x0,,64,0,0,DF,6,tcp,60,10.0.99.1,10.0.99.14,37139,1514,0,S,4240386831,,65228,,mss;nop;wscale;sackOK;TS
2026 Feb 03 20:43:08 (OPNsense.localdomain) any->/var/ossec/logs/opnsense_syslog.log Feb  3 19:10:46 OPNsense.localdomain filterlog[44472]: 115,,,fae559338f65e11c53669fc3642c93c2,vlan0.99,match,pass,out,4,0x0,,127,1767,0,DF,6,tcp,52,10.0.40.13,10.0.99.14,59713,1514,0,S,655835188,,64240,,mss;nop;wscale;nop;nop;sackOK
2026 Feb 03 20:43:08 (OPNsense.localdomain) any->/var/ossec/logs/opnsense_syslog.log Feb  3 19:11:00 OPNsense.localdomain filterlog[44472]: 118,,,6125cb207f65033775d1069fdf6d0ccf,vtnet0,match,pass,out,4,0x0,,64,0,0,DF,17,udp,78,203.0.213.2,193.205.160.3,46585,53,58
2026 Feb 03 20:43:08 (OPNsense.localdomain) any->/var/ossec/logs/opnsense_syslog.log Feb  3 19:11:17 OPNsense.localdomain filterlog[44472]: 115,,,fae559338f65e11c53669fc3642c93c2,vlan0.99,match,pass,out,4,0x0,,127,1772,0,DF,6,tcp,52,10.0.40.13,10.0.99.14,59714,1514,0,S,3159219795,,64240,,mss;nop;wscale;nop;nop;sackOK
2026 Feb 03 20:43:08 (OPNsense.localdomain) any->/var/ossec/logs/opnsense_syslog.log Feb  3 19:11:11 OPNsense.localdomain filterlog[44472]: 115,,,fae559338f65e11c53669fc3642c93c2,vtnet0,match,pass,out,4,0xb8,,63,65450,0,DF,17,udp,76,10.0.99.12,95.110.254.234,51874,123,56
2026 Feb 03 20:43:08 (OPNsense.localdomain) any->/var/ossec/logs/opnsense_syslog.log Feb  3 19:11:05 OPNsense.localdomain filterlog[44472]: 118,,,6125cb207f65033775d1069fdf6d0ccf,vtnet0,match,pass,out,4,0xb8,,64,26543,0,none,17,udp,76,203.0.213.2,80.211.152.245,123,123,56
2026 Feb 03 20:43:08 (OPNsense.localdomain) any->/var/ossec/logs/opnsense_syslog.log Feb  3 19:11:00 OPNsense.localdomain filterlog[44472]: 115,,,fae559338f65e11c53669fc3642c93c2,vtnet0,match,pass,out,4,0xb8,,63,44995,0,DF,17,udp,76,10.0.99.12,5.249.149.252,59173,123,56
2026 Feb 03 20:43:08 (OPNsense.localdomain) any->/var/ossec/logs/opnsense_syslog.log Feb  3 19:11:21 OPNsense.localdomain filterlog[44472]: 115,,,fae559338f65e11c53669fc3642c93c2,vtnet0,match,pass,out,4,0xb8,,63,41405,0,DF,17,udp,76,10.0.99.12,172.232.209.103,48642,123,56
2026 Feb 03 20:43:08 (OPNsense.localdomain) any->/var/ossec/logs/opnsense_syslog.log Feb  3 19:11:31 OPNsense.localdomain filterlog[44472]: 115,,,fae559338f65e11c53669fc3642c93c2,vtnet0,match,pass,out,4,0xb8,,63,31859,0,DF,17,udp,76,10.0.99.12,129.152.16.145,33008,123,56
2026 Feb 03 20:43:08 (Secretary-Windows) any->EventChannel {"win":{"system":{"providerName":"Microsoft-Windows-Security-Auditing","providerGuid":"{54849625-5478-4994-a5ba-3e3b0328c30d}","eventID":"4634","version":"0","level":"0","task":"12545","opcode":"0","keywords":"0x8020000000000000","systemTime":"2026-02-04T04:09:23.3774858Z","eventRecordID":"52004","processID":"764","threadID":"2164","channel":"Security","computer":"WinDev2308Eval","severityValue":"AUDIT_SUCCESS","message":"\"An account was logged off.\r\n\r\nSubject:\r\n\tSecurity ID:\t\tS-1-5-21-3116511072-3024718013-308258476-1001\r\n\tAccount Name:\t\tSecretary\r\n\tAccount Domain:\t\tWINDEV2308EVAL\r\n\tLogon ID:\t\t0x103D099\r\n\r\nLogon Type:\t\t\t3\r\n\r\nThis event is generated when a logon session is destroyed. It may be positively correlated with a logon event using the Logon ID value. Logon IDs are only unique between reboots on the same computer.\""},"eventdata":{"targetUserSid":"S-1-5-21-3116511072-3024718013-308258476-1001","targetUserName":"Secretary","targetDomainName":"WINDEV2308EVAL","targetLogonId":"0x103d099","logonType":"3"}}}
2026 Feb 03 20:43:08 (OPNsense.localdomain) any->/var/ossec/logs/opnsense_syslog.log Feb  3 19:11:37 OPNsense.localdomain filterlog[44472]: 118,,,6125cb207f65033775d1069fdf6d0ccf,vtnet0,match,pass,out,4,0xb8,,64,29263,0,none,17,udp,76,203.0.213.2,195.32.70.195,123,123,56
2026 Feb 03 20:43:08 (OPNsense.localdomain) any->/var/ossec/logs/opnsense_syslog.log Feb  3 19:11:41 OPNsense.localdomain filterlog[44472]: 118,,,6125cb207f65033775d1069fdf6d0ccf,vtnet0,match,pass,out,4,0x0,,64,0,0,DF,17,udp,78,203.0.213.2,193.205.160.139,8134,53,58
2026 Feb 03 20:43:08 (OPNsense.localdomain) any->/var/ossec/logs/opnsense_syslog.log Feb  3 19:11:42 OPNsense.localdomain filterlog[44472]: 118,,,6125cb207f65033775d1069fdf6d0ccf,vtnet0,match,pass,out,4,0x0,,64,0,0,DF,17,udp,78,203.0.213.2,193.205.160.139,24862,53,58
2026 Feb 03 20:43:08 (OPNsense.localdomain) any->/var/ossec/logs/opnsense_syslog.log Feb  3 19:11:42 OPNsense.localdomain filterlog[44472]: 118,,,6125cb207f65033775d1069fdf6d0ccf,vtnet0,match,pass,out,4,0x0,,64,0,0,DF,17,udp,78,203.0.213.2,193.205.160.139,53402,53,58
2026 Feb 03 20:43:08 (OPNsense.localdomain) any->/var/ossec/logs/opnsense_syslog.log Feb  3 19:11:41 OPNsense.localdomain filterlog[44472]: 118,,,6125cb207f65033775d1069fdf6d0ccf,vtnet0,match,pass,out,4,0x0,,64,0,0,DF,17,udp,78,203.0.213.2,193.205.160.139,51136,53,58
2026 Feb 03 20:43:08 (OPNsense.localdomain) any->/var/ossec/logs/opnsense_syslog.log Feb  3 19:11:42 OPNsense.localdomain filterlog[44472]: 115,,,fae559338f65e11c53669fc3642c93c2,vtnet0,match,pass,out,4,0xb8,,63,4092,0,DF,17,udp,76,10.0.99.12,185.19.184.35,49893,123,56
2026 Feb 03 20:43:08 (OPNsense.localdomain) any->/var/ossec/logs/opnsense_syslog.log Feb  3 19:11:47 OPNsense.localdomain filterlog[44472]: 118,,,6125cb207f65033775d1069fdf6d0ccf,vtnet0,match,pass,out,4,0xb8,,64,39961,0,none,17,udp,76,203.0.213.2,212.6.50.243,123,123,56
2026 Feb 03 20:43:08 wazuh-server->journald Feb 03 20:43:08 wazuh-server snapd[1942]: daemon.go:556: gracefully waiting for running hooks
2026 Feb 03 20:43:08 wazuh-server->journald Feb 03 20:43:08 wazuh-server snapd[1942]: daemon.go:558: done waiting for running hooks
2026 Feb 03 20:43:08 (Secretary-Windows) any->EventChannel {"win":{"system":{"providerName":"Microsoft-Windows-Sysmon","providerGuid":"{5770385f-c22a-43e0-bf4c-06f5698ffbd9}","eventID":"1","version":"5","level":"4","task":"1","opcode":"0","keywords":"0x8000000000000000","systemTime":"2026-02-04T03:33:47.0248667Z","eventRecordID":"2736","processID":"2824","threadID":"3588","channel":"Microsoft-Windows-Sysmon/Operational","computer":"WinDev2308Eval","severityValue":"INFORMATION","message":"\"Process Create:\r\nRuleName: -\r\nUtcTime: 2026-02-04 03:33:47.015\r\nProcessGuid: {de7f78ee-be1b-6982-8808-000000001e00}\r\nProcessId: 8084\r\nImage: C:\\Program Files (x86)\\Microsoft\\Edge\\Application\\msedge.exe\r\nFileVersion: 144.0.3719.104\r\nDescription: Microsoft Edge\r\nProduct: Microsoft Edge\r\nCompany: Microsoft Corporation\r\nOriginalFileName: msedge.exe\r\nCommandLine: \"C:\\Program Files (x86)\\Microsoft\\Edge\\Application\\msedge.exe\" --type=utility --utility-sub-type=chrome.mojom.UtilWin --lang=en-US --service-sandbox-type=none --message-loop-type-ui --noerrdialogs --user-data-dir=\"C:\\Users\\SECRET~1\\AppData\\Local\\Temp\\scoped_dir6216_650965905\" --skip-read-main-dll --field-trial-handle=2436,i,14337498407806940781,10433881642979078379,262144 --enable-features=msMetricsLogFastStartup,msSendMetricsLogOnClose --disable-features=IgnoreDuplicateNavs,PaintHolding,Prewarm --variations-seed-version --trace-process-track-uuid=3190708992871164437 --enable-logging=handle --log-file=4032 --log-level=0 --mojo-platform-channel-handle=4028 /prefetch:14\r\nCurrentDirectory: C:\\Program Files (x86)\\Microsoft\\Edge\\Application\\144.0.3719.104\\\r\nUser: WINDEV2308EVAL\\Secretary\r\nLogonGuid: {de7f78ee-4b47-6982-f4f1-3d0000000000}\r\nLogonId: 0x3DF1F4\r\nTerminalSessionId: 2\r\nIntegrityLevel: Medium\r\nHashes: SHA256=C93DB508A45D9D394C38BA5BDC9A131C4CA09D4BF96EED2AD4794E10E359D2B8\r\nParentProcessGuid: {de7f78ee-be19-6982-8108-000000001e00}\r\nParentProcessId: 1844\r\nParentImage: C:\\Program Files (x86)\\Microsoft\\Edge\\Application\\msedge.exe\r\nParentCommandLine: \"C:\\Program Files (x86)\\Microsoft\\Edge\\Application\\msedge.exe\" --allow-pre-commit-input --disable-background-networking --disable-backgrounding-occluded-windows --disable-client-side-phishing-detection --disable-default-apps --disable-features=IgnoreDuplicateNavs,Prewarm --disable-hang-monitor --disable-popup-blocking --disable-prompt-on-repost --disable-sync --edge-skip-compat-layer-relaunch --enable-automation --enable-logging --headless --log-level=0 --no-first-run --no-service-autorun --password-store=basic --remote-debugging-port=0 --start-maximized --test-type=webdriver --use-mock-keychain --user-data-dir=\"C:\\Users\\SECRET~1\\AppData\\Local\\Temp\\scoped_dir6216_650965905\" --window-size=1920,1080 data:,\r\nParentUser: WINDEV2308EVAL\\Secretary\""},"eventdata":{"utcTime":"2026-02-04 03:33:47.015","processGuid":"{de7f78ee-be1b-6982-8808-000000001e00}","processId":"8084","image":"C:\\\\Program Files (x86)\\\\Microsoft\\\\Edge\\\\Application\\\\msedge.exe","fileVersion":"144.0.3719.104","description":"Microsoft Edge","product":"Microsoft Edge","company":"Microsoft Corporation","originalFileName":"msedge.exe","commandLine":"\\\"C:\\\\Program Files (x86)\\\\Microsoft\\\\Edge\\\\Application\\\\msedge.exe\\\" --type=utility --utility-sub-type=chrome.mojom.UtilWin --lang=en-US --service-sandbox-type=none --message-loop-type-ui --noerrdialogs --user-data-dir=\\\"C:\\\\Users\\\\SECRET~1\\\\AppData\\\\Local\\\\Temp\\\\scoped_dir6216_650965905\\\" --skip-read-main-dll --field-trial-handle=2436,i,14337498407806940781,10433881642979078379,262144 --enable-features=msMetricsLogFastStartup,msSendMetricsLogOnClose --disable-features=IgnoreDuplicateNavs,PaintHolding,Prewarm --variations-seed-version --trace-process-track-uuid=3190708992871164437 --enable-logging=handle --log-file=4032 --log-level=0 --mojo-platform-channel-handle=4028 /prefetch:14","currentDirectory":"C:\\\\Program Files (x86)\\\\Microsoft\\\\Edge\\\\Application\\\\144.0.3719.104\\\\","user":"WINDEV2308EVAL\\\\Secretary","logonGuid":"{de7f78ee-4b47-6982-f4f1-3d0000000000}","logonId":"0x3df1f4","terminalSessionId":"2","integrityLevel":"Medium","hashes":"SHA256=C93DB508A45D9D394C38BA5BDC9A131C4CA09D4BF96EED2AD4794E10E359D2B8","parentProcessGuid":"{de7f78ee-be19-6982-8108-000000001e00}","parentProcessId":"1844","parentImage":"C:\\\\Program Files (x86)\\\\Microsoft\\\\Edge\\\\Application\\\\msedge.exe","parentCommandLine":"\\\"C:\\\\Program Files (x86)\\\\Microsoft\\\\Edge\\\\Application\\\\msedge.exe\\\" --allow-pre-commit-input --disable-background-networking --disable-backgrounding-occluded-windows --disable-client-side-phishing-detection --disable-default-apps --disable-features=IgnoreDuplicateNavs,Prewarm --disable-hang-monitor --disable-popup-blocking --disable-prompt-on-repost --disable-sync --edge-skip-compat-layer-relaunch --enable-automation --enable-logging --headless --log-level=0 --no-first-run --no-service-autorun --password-store=basic --remote-debugging-port=0 --start-maximized --test-type=webdriver --use-mock-keychain --user-data-dir=\\\"C:\\\\Users\\\\SECRET~1\\\\AppData\\\\Local\\\\Temp\\\\scoped_dir6216_650965905\\\" --window-size=1920,1080 data:,","parentUser":"WINDEV2308EVAL\\\\Secretary"}}}
