2026 Feb 03 20:43:10 (OPNsense.localdomain) any->/var/ossec/logs/opnsense_syslog.log Feb  3 19:27:34 OPNsense.localdomain filterlog[44472]: 115,,,fae559338f65e11c53669fc3642c93c2,vtnet0,match,pass,out,4,0xb8,,63,2592,0,DF,17,udp,76,10.0.2.10,212.45.144.206,55964,123,56
2026 Feb 03 20:43:10 (OPNsense.localdomain) any->/var/ossec/logs/opnsense_syslog.log Feb  3 19:27:30 OPNsense.localdomain filterlog[44472]: 24,,,02f4bab031b57d1e30553ce08e0ec131,vlan0.20,match,block,in,4,0xb8,,64,52592,0,DF,17,udp,76,10.0.20.13,185.125.190.57,57143,123,56
2026 Feb 03 20:43:10 (OPNsense.localdomain) any->/var/ossec/logs/opnsense_syslog.log Feb  3 19:27:33 OPNsense.localdomain filterlog[44472]: 24,,,02f4bab031b57d1e30553ce08e0ec131,vlan0.60,match,block,in,4,0xb8,,64,62436,0,DF,17,udp,76,10.0.60.10,162.159.200.1,56676,123,56
2026 Feb 03 20:43:10 (OPNsense.localdomain) any->/var/ossec/logs/opnsense_syslog.log Feb  3 19:27:33 OPNsense.localdomain filterlog[44472]: 115,,,fae559338f65e11c53669fc3642c93c2,vlan0.99,match,pass,out,4,0x0,,63,974,0,DF,6,tcp,60,10.0.10.11,10.0.99.14,57139,1514,0,S,1604455484,,64240,,mss;sackOK;TS;nop;wscale
2026 Feb 03 20:43:10 (OPNsense.localdomain) any->/var/ossec/logs/opnsense_syslog.log Feb  3 19:27:33 OPNsense.localdomain filterlog[44472]: 24,,,02f4bab031b57d1e30553ce08e0ec131,vlan0.60,match,block,in,4,0xb8,,64,62436,0,DF,17,udp,76,10.0.60.10,162.159.200.1,56676,123,56
2026 Feb 03 20:43:10 (OPNsense.localdomain) any->/var/ossec/logs/opnsense_syslog.log Feb  3 19:27:39 OPNsense.localdomain filterlog[44472]: 24,,,02f4bab031b57d1e30553ce08e0ec131,vlan0.40,match,block,in,4,0xb8,,64,57258,0,DF,17,udp,76,10.0.40.11,37.247.53.178,49816,123,56
2026 Feb 03 20:43:10 (OPNsense.localdomain) any->/var/ossec/logs/opnsense_syslog.log Feb  3 19:27:39 OPNsense.localdomain filterlog[44472]: 24,,,02f4bab031b57d1e30553ce08e0ec131,vlan0.40,match,block,in,4,0xb8,,64,57258,0,DF,17,udp,76,10.0.40.11,37.247.53.178,49816,123,56
2026 Feb 03 20:43:10 (OPNsense.localdomain) any->/var/ossec/logs/opnsense_syslog.log Feb  3 19:27:44 OPNsense.localdomain filterlog[44472]: 115,,,fae559338f65e11c53669fc3642c93c2,vlan0.99,match,pass,out,4,0x0,,63,45224,0,DF,6,tcp,60,10.0.10.13,10.0.99.14,43621,1514,0,S,3121067894,,64240,,mss;sackOK;TS;nop;wscale
2026 Feb 03 20:43:10 (OPNsense.localdomain) any->/var/ossec/logs/opnsense_syslog.log Feb  3 19:27:43 OPNsense.localdomain filterlog[44472]: 24,,,02f4bab031b57d1e30553ce08e0ec131,vlan0.60,match,block,in,4,0xb8,,64,20918,0,DF,17,udp,76,10.0.60.10,37.247.53.178,60915,123,56
2026 Feb 03 20:43:10 (OPNsense.localdomain) any->/var/ossec/logs/opnsense_syslog.log Feb  3 19:27:43 OPNsense.localdomain filterlog[44472]: 24,,,02f4bab031b57d1e30553ce08e0ec131,vlan0.60,match,block,in,4,0xb8,,64,20918,0,DF,17,udp,76,10.0.60.10,37.247.53.178,60915,123,56
2026 Feb 03 20:43:10 (OPNsense.localdomain) any->/var/ossec/logs/opnsense_syslog.log Feb  3 19:27:44 OPNsense.localdomain filterlog[44472]: 115,,,fae559338f65e11c53669fc3642c93c2,vtnet0,match,pass,out,4,0xb8,,63,2802,0,DF,17,udp,76,10.0.2.10,80.211.238.32,56157,123,56
2026 Feb 03 20:43:10 (OPNsense.localdomain) any->/var/ossec/logs/opnsense_syslog.log Feb  3 19:27:45 OPNsense.localdomain filterlog[44472]: 118,,,6125cb207f65033775d1069fdf6d0ccf,vtnet0,match,pass,out,4,0x0,,64,0,0,DF,17,udp,86,203.0.213.2,193.205.160.139,29144,53,66
2026 Feb 03 20:43:10 (OPNsense.localdomain) any->/var/ossec/logs/opnsense_syslog.log Feb  3 19:27:45 OPNsense.localdomain filterlog[44472]: 118,,,6125cb207f65033775d1069fdf6d0ccf,vtnet0,match,pass,out,4,0x0,,64,0,0,DF,17,udp,111,203.0.213.2,193.205.160.139,23724,53,91
2026 Feb 03 20:43:10 (Secretary-Windows) any->EventChannel {"win":{"system":{"providerName":"Microsoft-Windows-Sysmon","providerGuid":"{5770385f-c22a-43e0-bf4c-06f5698ffbd9}","eventID":"5","version":"3","level":"4","task":"5","opcode":"0","keywords":"0x8000000000000000","systemTime":"2026-02-04T03:38:20.5110248Z","eventRecordID":"2791","processID":"2824","threadID":"3588","channel":"Microsoft-Windows-Sysmon/Operational","computer":"WinDev2308Eval","severityValue":"INFORMATION","message":"\"Process terminated:\r\nRuleName: -\r\nUtcTime: 2026-02-04 03:38:20.501\r\nProcessGuid: {de7f78ee-be19-6982-8208-000000001e00}\r\nProcessId: 4316\r\nImage: C:\\Program Files (x86)\\Microsoft\\Edge\\Application\\msedge.exe\r\nUser: WINDEV2308EVAL\\Secretary\""},"eventdata":{"utcTime":"2026-02-04 03:38:20.501","processGuid":"{de7f78ee-be19-6982-8208-000000001e00}","processId":"4316","image":"C:\\\\Program Files (x86)\\\\Microsoft\\\\Edge\\\\Application\\\\msedge.exe","user":"WINDEV2308EVAL\\\\Secretary"}}}
2026 Feb 03 20:43:10 (OPNsense.localdomain) any->/var/ossec/logs/opnsense_syslog.log Feb  3 19:27:45 OPNsense.localdomain filterlog[44472]: 118,,,6125cb207f65033775d1069fdf6d0ccf,vtnet0,match,pass,out,4,0x0,,64,0,0,DF,17,udp,99,203.0.213.2,193.205.160.3,29287,53,79
2026 Feb 03 20:43:10 (OPNsense.localdomain) any->/var/ossec/logs/opnsense_syslog.log Feb  3 19:27:45 OPNsense.localdomain filterlog[44472]: 115,,,fae559338f65e11c53669fc3642c93c2,vtnet0,match,pass,out,4,0x2,0,127,22075,0,DF,6,tcp,52,10.0.70.100,20.189.173.7,50048,443,0,SEC,2629009218,,64240,,mss;nop;wscale;nop;nop;sackOK
2026 Feb 03 20:43:10 (OPNsense.localdomain) any->/var/ossec/logs/opnsense_syslog.log Feb  3 19:27:47 OPNsense.localdomain filterlog[44472]: 47,,,42e9d787749713a849d8e92432efdfaa,lo0,match,pass,in,6,0x00,0x00000,255,ipv6-icmp,58,56,fe80::ea4:faff:fec8:2,ff02::1,datalength=56
2026 Feb 03 20:43:10 (OPNsense.localdomain) any->/var/ossec/logs/opnsense_syslog.log Feb  3 19:27:47 OPNsense.localdomain filterlog[44472]: 108,,,102fc1c757023ef7f945d512ed212862,vlan0.99,match,pass,in,4,0xc0,,64,0,0,none,17,udp,327,0.0.0.0,255.255.255.255,68,67,307
2026 Feb 03 20:43:10 (OPNsense.localdomain) any->/var/ossec/logs/opnsense_syslog.log Feb  3 19:27:47 OPNsense.localdomain filterlog[44472]: 115,,,fae559338f65e11c53669fc3642c93c2,vlan0.99,match,pass,out,4,0x0,,64,6656,0,none,1,icmp,48,10.0.99.1,10.0.99.14,datalength=28
2026 Feb 03 20:43:10 (OPNsense.localdomain) any->/var/ossec/logs/opnsense_syslog.log Feb  3 19:27:47 OPNsense.localdomain filterlog[44472]: 37,,,acdbb900b50d8fb4ae21ddfdc609ecf8,vtnet2,match,pass,out,6,0x00,0x00000,255,ipv6-icmp,58,56,fe80::ea4:faff:fec8:2,ff02::1,datalength=56
2026 Feb 03 20:43:10 (Secretary-Windows) any->EventChannel {"win":{"system":{"providerName":"Microsoft-Windows-Security-SPP","providerGuid":"{E23B33B0-C8C9-472C-A5F9-F2BDFEA0F156}","eventSourceName":"Software Protection Platform Service","eventID":"16394","version":"0","level":"4","task":"0","opcode":"0","keywords":"0x80000000000000","systemTime":"2026-02-04T03:55:34.1166781Z","eventRecordID":"3102","processID":"7268","threadID":"0","channel":"Application","computer":"WinDev2308Eval","severityValue":"INFORMATION","message":"\"Offline downlevel migration succeeded.\""}}}
2026 Feb 03 20:43:10 (OPNsense.localdomain) any->/var/ossec/logs/opnsense_syslog.log Feb  3 19:27:49 OPNsense.localdomain filterlog[44472]: 24,,,02f4bab031b57d1e30553ce08e0ec131,vlan0.40,match,block,in,4,0xb8,,64,34717,0,DF,17,udp,76,10.0.40.11,81.56.230.156,32986,123,56
2026 Feb 03 20:43:10 (OPNsense.localdomain) any->/var/ossec/logs/opnsense_syslog.log Feb  3 19:27:53 OPNsense.localdomain filterlog[44472]: 24,,,02f4bab031b57d1e30553ce08e0ec131,vlan0.60,match,block,in,4,0xb8,,64,58687,0,DF,17,udp,76,10.0.60.10,81.56.230.156,58176,123,56
2026 Feb 03 20:43:10 (OPNsense.localdomain) any->/var/ossec/logs/opnsense_syslog.log Feb  3 19:27:53 OPNsense.localdomain filterlog[44472]: 24,,,02f4bab031b57d1e30553ce08e0ec131,vlan0.60,match,block,in,4,0xb8,,64,58687,0,DF,17,udp,76,10.0.60.10,81.56.230.156,58176,123,56
2026 Feb 03 20:43:10 (OPNsense.localdomain) any->/var/ossec/logs/opnsense_syslog.log Feb  3 19:27:54 OPNsense.localdomain filterlog[44472]: 115,,,fae559338f65e11c53669fc3642c93c2,vlan0.99,match,pass,out,4,0x0,,127,1942,0,DF,6,tcp,52,10.0.40.13,10.0.99.14,53502,1514,0,S,3166715012,,64240,,mss;nop;wscale;nop;nop;sackOK
2026 Feb 03 20:43:10 (OPNsense.localdomain) any->/var/ossec/logs/opnsense_syslog.log Feb  3 19:27:49 OPNsense.localdomain filterlog[44472]: 24,,,02f4bab031b57d1e30553ce08e0ec131,vlan0.40,match,block,in,4,0xb8,,64,34717,0,DF,17,udp,76,10.0.40.11,81.56.230.156,32986,123,56
2026 Feb 03 20:43:10 (OPNsense.localdomain) any->/var/ossec/logs/opnsense_syslog.log Feb  3 19:27:54 OPNsense.localdomain filterlog[44472]: 115,,,fae559338f65e11c53669fc3642c93c2,vlan0.99,match,pass,out,4,0x0,,127,1943,0,DF,6,tcp,52,10.0.40.13,10.0.99.14,53502,1514,0,S,3166715012,,64240,,mss;nop;wscale;nop;nop;sackOK
2026 Feb 03 20:43:10 (Secretary-Windows) any->EventChannel {"win":{"system":{"providerName":"Microsoft-Windows-Sysmon","providerGuid":"{5770385f-c22a-43e0-bf4c-06f5698ffbd9}","eventID":"5","version":"3","level":"4","task":"5","opcode":"0","keywords":"0x8000000000000000","systemTime":"2026-02-04T03:38:22.1415120Z","eventRecordID":"2792","processID":"2824","threadID":"3588","channel":"Microsoft-Windows-Sysmon/Operational","computer":"WinDev2308Eval","severityValue":"INFORMATION","message":"\"Process terminated:\r\nRuleName: -\r\nUtcTime: 2026-02-04 03:38:22.128\r\nProcessGuid: {de7f78ee-be18-6982-8008-000000001e00}\r\nProcessId: 6216\r\nImage: C:\\Users\\Secretary\\user_behavior_generation\\worker\\msedgedriver.exe\r\nUser: WINDEV2308EVAL\\Secretary\""},"eventdata":{"utcTime":"2026-02-04 03:38:22.128","processGuid":"{de7f78ee-be18-6982-8008-000000001e00}","processId":"6216","image":"C:\\\\Users\\\\Secretary\\\\user_behavior_generation\\\\worker\\\\msedgedriver.exe","user":"WINDEV2308EVAL\\\\Secretary"}}}
2026 Feb 03 20:43:10 (OPNsense.localdomain) any->/var/ossec/logs/opnsense_syslog.log Feb  3 19:27:55 OPNsense.localdomain filterlog[44472]: 115,,,fae559338f65e11c53669fc3642c93c2,vlan0.99,match,pass,out,4,0x0,,127,1944,0,DF,6,tcp,52,10.0.40.13,10.0.99.14,53502,1514,0,S,3166715012,,64240,,mss;nop;wscale;nop;nop;sackOK
2026 Feb 03 20:43:10 (OPNsense.localdomain) any->/var/ossec/logs/opnsense_syslog.log Feb  3 19:27:55 OPNsense.localdomain filterlog[44472]: 115,,,fae559338f65e11c53669fc3642c93c2,lo0,match,pass,out,4,0x0,,64,30847,0,none,17,udp,69,127.0.0.1,127.0.0.1,30990,53,49
2026 Feb 03 20:43:10 (OPNsense.localdomain) any->/var/ossec/logs/opnsense_syslog.log Feb  3 19:27:55 OPNsense.localdomain filterlog[44472]: 115,,,fae559338f65e11c53669fc3642c93c2,lo0,match,pass,out,4,0x0,,64,5940,0,none,17,udp,69,127.0.0.1,127.0.0.1,41744,53,49
2026 Feb 03 20:43:10 (OPNsense.localdomain) any->/var/ossec/logs/opnsense_syslog.log Feb  3 19:27:55 OPNsense.localdomain filterlog[44472]: 118,,,6125cb207f65033775d1069fdf6d0ccf,vtnet0,match,pass,out,4,0x0,,64,0,0,DF,17,udp,80,203.0.213.2,193.205.160.139,51849,53,60
2026 Feb 03 20:43:10 (OPNsense.localdomain) any->/var/ossec/logs/opnsense_syslog.log Feb  3 19:27:54 OPNsense.localdomain filterlog[44472]: 115,,,fae559338f65e11c53669fc3642c93c2,vtnet0,match,pass,out,4,0xb8,,63,3459,0,DF,17,udp,76,10.0.2.10,172.232.208.229,36093,123,56
2026 Feb 03 20:43:10 (OPNsense.localdomain) any->/var/ossec/logs/opnsense_syslog.log Feb  3 19:27:55 OPNsense.localdomain filterlog[44472]: 118,,,6125cb207f65033775d1069fdf6d0ccf,vtnet0,match,pass,out,4,0xb8,,64,73,0,none,17,udp,76,203.0.213.2,172.232.209.103,123,123,56
2026 Feb 03 20:43:10 (Secretary-Windows) any->EventChannel {"win":{"system":{"providerName":"Microsoft-Windows-Sysmon","providerGuid":"{5770385f-c22a-43e0-bf4c-06f5698ffbd9}","eventID":"5","version":"3","level":"4","task":"5","opcode":"0","keywords":"0x8000000000000000","systemTime":"2026-02-04T03:38:24.2828747Z","eventRecordID":"2793","processID":"2824","threadID":"3588","channel":"Microsoft-Windows-Sysmon/Operational","computer":"WinDev2308Eval","severityValue":"INFORMATION","message":"\"Process terminated:\r\nRuleName: -\r\nUtcTime: 2026-02-04 03:38:24.270\r\nProcessGuid: {de7f78ee-be10-6982-5c08-000000001e00}\r\nProcessId: 7536\r\nImage: C:\\Users\\Secretary\\AppData\\Local\\Programs\\Python\\Python314\\python.exe\r\nUser: WINDEV2308EVAL\\Secretary\""},"eventdata":{"utcTime":"2026-02-04 03:38:24.270","processGuid":"{de7f78ee-be10-6982-5c08-000000001e00}","processId":"7536","image":"C:\\\\Users\\\\Secretary\\\\AppData\\\\Local\\\\Programs\\\\Python\\\\Python314\\\\python.exe","user":"WINDEV2308EVAL\\\\Secretary"}}}
2026 Feb 03 20:43:10 (OPNsense.localdomain) any->/var/ossec/logs/opnsense_syslog.log Feb  3 19:27:55 OPNsense.localdomain filterlog[44472]: 115,,,fae559338f65e11c53669fc3642c93c2,vlan0.99,match,pass,out,4,0x0,,127,1945,0,DF,6,tcp,52,10.0.40.13,10.0.99.14,53502,1514,0,S,3166715012,,64240,,mss;nop;wscale;nop;nop;sackOK
2026 Feb 03 20:43:10 (OPNsense.localdomain) any->/var/ossec/logs/opnsense_syslog.log Feb  3 19:27:58 OPNsense.localdomain filterlog[44472]: 115,,,fae559338f65e11c53669fc3642c93c2,vlan0.99,match,pass,out,4,0x0,,63,27593,0,DF,6,tcp,60,10.0.10.13,10.0.99.14,34945,1514,0,S,63101347,,64240,,mss;sackOK;TS;nop;wscale
2026 Feb 03 20:43:10 (OPNsense.localdomain) any->/var/ossec/logs/opnsense_syslog.log Feb  3 19:27:58 OPNsense.localdomain filterlog[44472]: 115,,,fae559338f65e11c53669fc3642c93c2,vlan0.99,match,pass,out,4,0x0,,127,63993,0,DF,6,tcp,52,10.0.10.12,10.0.99.14,49828,1514,0,S,3559967484,,64240,,mss;nop;wscale;nop;nop;sackOK
2026 Feb 03 20:43:10 (OPNsense.localdomain) any->/var/ossec/logs/opnsense_syslog.log Feb  3 19:27:56 OPNsense.localdomain filterlog[44472]: 115,,,fae559338f65e11c53669fc3642c93c2,vlan0.99,match,pass,out,4,0x0,,127,1946,0,DF,6,tcp,52,10.0.40.13,10.0.99.14,53502,1514,0,S,3166715012,,64240,,mss;nop;wscale;nop;nop;sackOK
2026 Feb 03 20:43:10 (OPNsense.localdomain) any->/var/ossec/logs/opnsense_syslog.log Feb  3 19:27:58 OPNsense.localdomain filterlog[44472]: 115,,,fae559338f65e11c53669fc3642c93c2,vlan0.99,match,pass,out,4,0x0,,127,63992,0,DF,6,tcp,52,10.0.10.12,10.0.99.14,49828,1514,0,S,3559967484,,64240,,mss;nop;wscale;nop;nop;sackOK
2026 Feb 03 20:43:10 (OPNsense.localdomain) any->/var/ossec/logs/opnsense_syslog.log Feb  3 19:27:59 OPNsense.localdomain filterlog[44472]: 118,,,6125cb207f65033775d1069fdf6d0ccf,vtnet0,match,pass,out,4,0x0,,64,0,0,DF,17,udp,81,203.0.213.2,193.205.160.139,13241,53,61
2026 Feb 03 20:43:10 (Secretary-Windows) any->EventChannel {"win":{"system":{"providerName":"Microsoft-Windows-Security-SPP","providerGuid":"{E23B33B0-C8C9-472C-A5F9-F2BDFEA0F156}","eventSourceName":"Software Protection Platform Service","eventID":"16384","version":"0","level":"4","task":"0","opcode":"0","keywords":"0x80000000000000","systemTime":"2026-02-04T03:56:04.5272423Z","eventRecordID":"3103","processID":"7268","threadID":"0","channel":"Application","computer":"WinDev2308Eval","severityValue":"INFORMATION","message":"\"Successfully scheduled Software Protection service for re-start at 2026-02-20T23:06:04Z. Reason: RulesEngine.\""},"eventdata":{"data":"2026-02-20T23:06:04Z, RulesEngine"}}}
2026 Feb 03 20:43:10 (OPNsense.localdomain) any->/var/ossec/logs/opnsense_syslog.log Feb  3 19:27:59 OPNsense.localdomain filterlog[44472]: 118,,,6125cb207f65033775d1069fdf6d0ccf,vtnet0,match,pass,out,4,0x0,,64,0,0,DF,17,udp,99,203.0.213.2,193.205.160.3,54501,53,79
2026 Feb 03 20:43:10 (OPNsense.localdomain) any->/var/ossec/logs/opnsense_syslog.log Feb  3 19:27:59 OPNsense.localdomain filterlog[44472]: 118,,,6125cb207f65033775d1069fdf6d0ccf,vtnet0,match,pass,out,4,0x0,,64,0,0,DF,17,udp,99,203.0.213.2,193.205.160.3,52813,53,79
2026 Feb 03 20:43:10 (OPNsense.localdomain) any->/var/ossec/logs/opnsense_syslog.log Feb  3 19:27:59 OPNsense.localdomain filterlog[44472]: 118,,,6125cb207f65033775d1069fdf6d0ccf,vtnet0,match,pass,out,4,0x0,,64,0,0,DF,17,udp,85,203.0.213.2,193.205.160.139,47494,53,65
2026 Feb 03 20:43:10 (OPNsense.localdomain) any->/var/ossec/logs/opnsense_syslog.log Feb  3 19:27:59 OPNsense.localdomain filterlog[44472]: 115,,,fae559338f65e11c53669fc3642c93c2,vlan0.99,match,pass,out,4,0x0,,127,63994,0,DF,6,tcp,52,10.0.10.12,10.0.99.14,49828,1514,0,S,3559967484,,64240,,mss;nop;wscale;nop;nop;sackOK
2026 Feb 03 20:43:10 (OPNsense.localdomain) any->/var/ossec/logs/opnsense_syslog.log Feb  3 19:27:59 OPNsense.localdomain filterlog[44472]: 115,,,fae559338f65e11c53669fc3642c93c2,vlan0.99,match,pass,out,4,0x0,,127,63995,0,DF,6,tcp,52,10.0.10.12,10.0.99.14,49828,1514,0,S,3559967484,,64240,,mss;nop;wscale;nop;nop;sackOK
2026 Feb 03 20:43:10 (OPNsense.localdomain) any->/var/ossec/logs/opnsense_syslog.log Feb  3 19:28:00 OPNsense.localdomain filterlog[44472]: 115,,,fae559338f65e11c53669fc3642c93c2,vlan0.99,match,pass,out,4,0x0,,127,63996,0,DF,6,tcp,52,10.0.10.12,10.0.99.14,49828,1514,0,S,3559967484,,64240,,mss;nop;wscale;nop;nop;sackOK
2026 Feb 03 20:43:10 (Secretary-Windows) any->EventChannel {"win":{"system":{"providerName":"Microsoft-Windows-Sysmon","providerGuid":"{5770385f-c22a-43e0-bf4c-06f5698ffbd9}","eventID":"5","version":"3","level":"4","task":"5","opcode":"0","keywords":"0x8000000000000000","systemTime":"2026-02-04T03:38:24.3081777Z","eventRecordID":"2794","processID":"2824","threadID":"3588","channel":"Microsoft-Windows-Sysmon/Operational","computer":"WinDev2308Eval","severityValue":"INFORMATION","message":"\"Process terminated:\r\nRuleName: -\r\nUtcTime: 2026-02-04 03:38:24.303\r\nProcessGuid: {de7f78ee-be10-6982-5b08-000000001e00}\r\nProcessId: 1248\r\nImage: C:\\Users\\Secretary\\user_behavior_generation\\worker\\venv\\Scripts\\python.exe\r\nUser: WINDEV2308EVAL\\Secretary\""},"eventdata":{"utcTime":"2026-02-04 03:38:24.303","processGuid":"{de7f78ee-be10-6982-5b08-000000001e00}","processId":"1248","image":"C:\\\\Users\\\\Secretary\\\\user_behavior_generation\\\\worker\\\\venv\\\\Scripts\\\\python.exe","user":"WINDEV2308EVAL\\\\Secretary"}}}
2026 Feb 03 20:43:10 (OPNsense.localdomain) any->/var/ossec/logs/opnsense_syslog.log Feb  3 19:28:02 OPNsense.localdomain filterlog[44472]: 115,,,fae559338f65e11c53669fc3642c93c2,vlan0.99,match,pass,out,4,0x0,,127,10481,0,DF,6,tcp,52,10.0.70.100,10.0.99.14,50050,1514,0,S,27857859,,64240,,mss;nop;wscale;nop;nop;sackOK
2026 Feb 03 20:43:10 (OPNsense.localdomain) any->/var/ossec/logs/opnsense_syslog.log Feb  3 19:28:01 OPNsense.localdomain filterlog[44472]: 115,,,fae559338f65e11c53669fc3642c93c2,vlan0.99,match,pass,out,4,0x2,0,127,10479,0,DF,6,tcp,52,10.0.70.100,10.0.99.14,50050,1514,0,SEC,27857859,,64240,,mss;nop;wscale;nop;nop;sackOK
2026 Feb 03 20:43:10 (OPNsense.localdomain) any->/var/ossec/logs/opnsense_syslog.log Feb  3 19:28:03 OPNsense.localdomain filterlog[44472]: 115,,,fae559338f65e11c53669fc3642c93c2,vlan0.99,match,pass,out,4,0x0,,64,0,0,DF,6,tcp,60,10.0.99.1,10.0.99.14,6691,1514,0,S,3859490254,,65228,,mss;nop;wscale;sackOK;TS
2026 Feb 03 20:43:10 (OPNsense.localdomain) any->/var/ossec/logs/opnsense_syslog.log Feb  3 19:28:03 OPNsense.localdomain filterlog[44472]: 115,,,fae559338f65e11c53669fc3642c93c2,vlan0.99,match,pass,out,4,0x0,,64,0,0,DF,6,tcp,60,10.0.99.1,10.0.99.14,56782,1515,0,S,1316771780,,65228,,mss;nop;wscale;sackOK;TS
2026 Feb 03 20:43:10 (OPNsense.localdomain) any->/var/ossec/logs/opnsense_syslog.log Feb  3 19:28:03 OPNsense.localdomain filterlog[44472]: 115,,,fae559338f65e11c53669fc3642c93c2,vlan0.99,match,pass,out,4,0x0,,127,10482,0,DF,6,tcp,52,10.0.70.100,10.0.99.14,50050,1514,0,S,27857859,,64240,,mss;nop;wscale;nop;nop;sackOK
2026 Feb 03 20:43:10 (OPNsense.localdomain) any->/var/ossec/logs/opnsense_syslog.log Feb  3 19:28:01 OPNsense.localdomain filterlog[44472]: 115,,,fae559338f65e11c53669fc3642c93c2,vlan0.99,match,pass,out,4,0x0,,127,10480,0,DF,6,tcp,52,10.0.70.100,10.0.99.14,50050,1514,0,S,27857859,,64240,,mss;nop;wscale;nop;nop;sackOK
2026 Feb 03 20:43:10 (OPNsense.localdomain) any->/var/ossec/logs/opnsense_syslog.log Feb  3 19:28:03 OPNsense.localdomain filterlog[44472]: 115,,,fae559338f65e11c53669fc3642c93c2,vlan0.99,match,pass,out,4,0x0,,63,30035,0,DF,6,tcp,60,10.0.10.11,10.0.99.14,36373,1514,0,S,2299318730,,64240,,mss;sackOK;TS;nop;wscale
2026 Feb 03 20:43:10 (OPNsense.localdomain) any->/var/ossec/logs/opnsense_syslog.log Feb  3 19:28:05 OPNsense.localdomain filterlog[44472]: 115,,,fae559338f65e11c53669fc3642c93c2,vtnet0,match,pass,out,4,0xb8,,63,31218,0,DF,17,udp,76,10.0.2.10,172.232.209.103,44517,123,56
2026 Feb 03 20:43:10 (OPNsense.localdomain) any->/var/ossec/logs/opnsense_syslog.log Feb  3 19:28:03 OPNsense.localdomain filterlog[44472]: 115,,,fae559338f65e11c53669fc3642c93c2,vlan0.99,match,pass,out,4,0x0,,127,10483,0,DF,6,tcp,52,10.0.70.100,10.0.99.14,50050,1514,0,S,27857859,,64240,,mss;nop;wscale;nop;nop;sackOK
2026 Feb 03 20:43:10 (OPNsense.localdomain) any->/var/ossec/logs/opnsense_syslog.log Feb  3 19:28:06 OPNsense.localdomain filterlog[44472]: 115,,,fae559338f65e11c53669fc3642c93c2,vlan0.99,match,pass,out,4,0x0,,127,1947,0,DF,6,tcp,52,10.0.40.13,10.0.99.14,53503,1514,0,S,789887147,,64240,,mss;nop;wscale;nop;nop;sackOK
2026 Feb 03 20:43:10 (OPNsense.localdomain) any->/var/ossec/logs/opnsense_syslog.log Feb  3 19:28:04 OPNsense.localdomain filterlog[44472]: 115,,,fae559338f65e11c53669fc3642c93c2,vlan0.99,match,pass,out,4,0x0,,63,42103,0,DF,6,tcp,60,10.0.2.10,10.0.99.14,38693,1514,0,S,4794443,,64240,,mss;sackOK;TS;nop;wscale
2026 Feb 03 20:43:10 (Secretary-Windows) any->EventChannel {"win":{"system":{"providerName":"Microsoft-Windows-Security-SPP","providerGuid":"{E23B33B0-C8C9-472C-A5F9-F2BDFEA0F156}","eventSourceName":"Software Protection Platform Service","eventID":"16394","version":"0","level":"4","task":"0","opcode":"0","keywords":"0x80000000000000","systemTime":"2026-02-04T04:25:34.8798089Z","eventRecordID":"3104","processID":"6612","threadID":"0","channel":"Application","computer":"WinDev2308Eval","severityValue":"INFORMATION","message":"\"Offline downlevel migration succeeded.\""}}}
2026 Feb 03 20:43:10 (OPNsense.localdomain) any->/var/ossec/logs/opnsense_syslog.log Feb  3 19:28:06 OPNsense.localdomain filterlog[44472]: 115,,,fae559338f65e11c53669fc3642c93c2,vlan0.99,match,pass,out,4,0x0,,127,1948,0,DF,6,tcp,52,10.0.40.13,10.0.99.14,53503,1514,0,S,789887147,,64240,,mss;nop;wscale;nop;nop;sackOK
2026 Feb 03 20:43:10 (OPNsense.localdomain) any->/var/ossec/logs/opnsense_syslog.log Feb  3 19:28:07 OPNsense.localdomain filterlog[44472]: 115,,,fae559338f65e11c53669fc3642c93c2,vlan0.99,match,pass,out,4,0x0,,127,1949,0,DF,6,tcp,52,10.0.40.13,10.0.99.14,53503,1514,0,S,789887147,,64240,,mss;nop;wscale;nop;nop;sackOK
2026 Feb 03 20:43:10 (OPNsense.localdomain) any->/var/ossec/logs/opnsense_syslog.log Feb  3 19:28:07 OPNsense.localdomain filterlog[44472]: 115,,,fae559338f65e11c53669fc3642c93c2,vlan0.99,match,pass,out,4,0x0,,127,1950,0,DF,6,tcp,52,10.0.40.13,10.0.99.14,53503,1514,0,S,789887147,,64240,,mss;nop;wscale;nop;nop;sackOK
2026 Feb 03 20:43:10 (OPNsense.localdomain) any->/var/ossec/logs/opnsense_syslog.log Feb  3 19:28:08 OPNsense.localdomain filterlog[44472]: 115,,,fae559338f65e11c53669fc3642c93c2,vlan0.99,match,pass,out,4,0x0,,63,2802,0,DF,6,tcp,60,10.0.10.13,10.0.99.14,45627,1514,0,S,2174491003,,64240,,mss;sackOK;TS;nop;wscale
2026 Feb 03 20:43:10 (OPNsense.localdomain) any->/var/ossec/logs/opnsense_syslog.log Feb  3 19:28:08 OPNsense.localdomain filterlog[44472]: 115,,,fae559338f65e11c53669fc3642c93c2,vlan0.99,match,pass,out,4,0x0,,127,1951,0,DF,6,tcp,52,10.0.40.13,10.0.99.14,53503,1514,0,S,789887147,,64240,,mss;nop;wscale;nop;nop;sackOK
2026 Feb 03 20:43:10 (OPNsense.localdomain) any->/var/ossec/logs/opnsense_syslog.log Feb  3 19:28:09 OPNsense.localdomain filterlog[44472]: 118,,,6125cb207f65033775d1069fdf6d0ccf,vtnet0,match,pass,out,4,0x0,,64,0,0,DF,17,udp,95,203.0.213.2,193.205.160.139,31947,53,75
2026 Feb 03 20:43:10 (OPNsense.localdomain) any->/var/ossec/logs/opnsense_syslog.log Feb  3 19:28:09 OPNsense.localdomain filterlog[44472]: 118,,,6125cb207f65033775d1069fdf6d0ccf,vtnet0,match,pass,out,4,0x0,,64,0,0,DF,17,udp,102,203.0.213.2,193.205.160.3,9892,53,82
2026 Feb 03 20:43:10 (OPNsense.localdomain) any->/var/ossec/logs/opnsense_syslog.log Feb  3 19:28:09 OPNsense.localdomain filterlog[44472]: 115,,,fae559338f65e11c53669fc3642c93c2,vtnet0,match,pass,out,4,0x2,0,127,15962,0,DF,6,tcp,52,10.0.70.100,4.175.223.124,50051,443,0,SEC,3954815821,,65535,,mss;nop;wscale;nop;nop;sackOK
2026 Feb 03 20:43:10 (Secretary-Windows) any->EventChannel {"win":{"system":{"providerName":"Microsoft-Windows-Sysmon","providerGuid":"{5770385f-c22a-43e0-bf4c-06f5698ffbd9}","eventID":"5","version":"3","level":"4","task":"5","opcode":"0","keywords":"0x8000000000000000","systemTime":"2026-02-04T03:38:24.3278782Z","eventRecordID":"2795","processID":"2824","threadID":"3588","channel":"Microsoft-Windows-Sysmon/Operational","computer":"WinDev2308Eval","severityValue":"INFORMATION","message":"\"Process terminated:\r\nRuleName: -\r\nUtcTime: 2026-02-04 03:38:24.319\r\nProcessGuid: {de7f78ee-be0e-6982-5308-000000001e00}\r\nProcessId: 3740\r\nImage: C:\\Windows\\System32\\cmd.exe\r\nUser: WINDEV2308EVAL\\Secretary\""},"eventdata":{"utcTime":"2026-02-04 03:38:24.319","processGuid":"{de7f78ee-be0e-6982-5308-000000001e00}","processId":"3740","image":"C:\\\\Windows\\\\System32\\\\cmd.exe","user":"WINDEV2308EVAL\\\\Secretary"}}}
2026 Feb 03 20:43:10 (Secretary-Windows) any->EventChannel {"win":{"system":{"providerName":"Microsoft-Windows-Sysmon","providerGuid":"{5770385f-c22a-43e0-bf4c-06f5698ffbd9}","eventID":"5","version":"3","level":"4","task":"5","opcode":"0","keywords":"0x8000000000000000","systemTime":"2026-02-04T03:38:24.3371772Z","eventRecordID":"2796","processID":"2824","threadID":"3588","channel":"Microsoft-Windows-Sysmon/Operational","computer":"WinDev2308Eval","severityValue":"INFORMATION","message":"\"Process terminated:\r\nRuleName: -\r\nUtcTime: 2026-02-04 03:38:24.335\r\nProcessGuid: {de7f78ee-be0e-6982-5508-000000001e00}\r\nProcessId: 7580\r\nImage: C:\\Program Files\\WindowsApps\\Microsoft.WindowsTerminal_1.23.20211.0_x64__8wekyb3d8bbwe\\OpenConsole.exe\r\nUser: WINDEV2308EVAL\\Secretary\""},"eventdata":{"utcTime":"2026-02-04 03:38:24.335","processGuid":"{de7f78ee-be0e-6982-5508-000000001e00}","processId":"7580","image":"C:\\\\Program Files\\\\WindowsApps\\\\Microsoft.WindowsTerminal_1.23.20211.0_x64__8wekyb3d8bbwe\\\\OpenConsole.exe","user":"WINDEV2308EVAL\\\\Secretary"}}}
2026 Feb 03 20:43:10 (OPNsense.localdomain) any->/var/ossec/logs/opnsense_syslog.log Feb  3 19:28:10 OPNsense.localdomain filterlog[44472]: 115,,,fae559338f65e11c53669fc3642c93c2,vlan0.99,match,pass,out,4,0x0,,127,63997,0,DF,6,tcp,52,10.0.10.12,10.0.99.14,49829,1514,0,S,1561589489,,64240,,mss;nop;wscale;nop;nop;sackOK
2026 Feb 03 20:43:10 (OPNsense.localdomain) any->/var/ossec/logs/opnsense_syslog.log Feb  3 19:28:11 OPNsense.localdomain filterlog[44472]: 115,,,fae559338f65e11c53669fc3642c93c2,vlan0.99,match,pass,out,4,0x0,,127,63998,0,DF,6,tcp,52,10.0.10.12,10.0.99.14,49829,1514,0,S,1561589489,,64240,,mss;nop;wscale;nop;nop;sackOK
2026 Feb 03 20:43:10 (OPNsense.localdomain) any->/var/ossec/logs/opnsense_syslog.log Feb  3 19:28:12 OPNsense.localdomain filterlog[44472]: 115,,,fae559338f65e11c53669fc3642c93c2,vlan0.99,match,pass,out,4,0x0,,127,64000,0,DF,6,tcp,52,10.0.10.12,10.0.99.14,49829,1514,0,S,1561589489,,64240,,mss;nop;wscale;nop;nop;sackOK
2026 Feb 03 20:43:10 (OPNsense.localdomain) any->/var/ossec/logs/opnsense_syslog.log Feb  3 19:28:12 OPNsense.localdomain filterlog[44472]: 115,,,fae559338f65e11c53669fc3642c93c2,vlan0.99,match,pass,out,4,0x0,,127,64001,0,DF,6,tcp,52,10.0.10.12,10.0.99.14,49829,1514,0,S,1561589489,,64240,,mss;nop;wscale;nop;nop;sackOK
2026 Feb 03 20:43:10 (OPNsense.localdomain) any->/var/ossec/logs/opnsense_syslog.log Feb  3 19:28:11 OPNsense.localdomain filterlog[44472]: 115,,,fae559338f65e11c53669fc3642c93c2,vlan0.99,match,pass,out,4,0x0,,127,63999,0,DF,6,tcp,52,10.0.10.12,10.0.99.14,49829,1514,0,S,1561589489,,64240,,mss;nop;wscale;nop;nop;sackOK
2026 Feb 03 20:43:10 (OPNsense.localdomain) any->/var/ossec/logs/opnsense_syslog.log Feb  3 19:28:11 OPNsense.localdomain filterlog[44472]: 115,,,fae559338f65e11c53669fc3642c93c2,vlan0.99,match,pass,out,4,0x0,,63,20328,0,DF,6,tcp,60,10.0.60.10,10.0.99.14,51011,1514,0,S,3317286898,,64240,,mss;sackOK;TS;nop;wscale
2026 Feb 03 20:43:10 (OPNsense.localdomain) any->/var/ossec/logs/opnsense_syslog.log Feb  3 19:28:13 OPNsense.localdomain filterlog[44472]: 118,,,6125cb207f65033775d1069fdf6d0ccf,vtnet0,match,pass,out,4,0x0,,64,0,0,DF,17,udp,71,203.0.213.2,193.205.160.3,10839,53,51
2026 Feb 03 20:43:10 (OPNsense.localdomain) any->/var/ossec/logs/opnsense_syslog.log Feb  3 19:28:13 OPNsense.localdomain filterlog[44472]: 118,,,6125cb207f65033775d1069fdf6d0ccf,vtnet0,match,pass,out,4,0x0,,64,0,0,DF,17,udp,71,203.0.213.2,193.205.160.3,56797,53,51
2026 Feb 03 20:43:10 (OPNsense.localdomain) any->/var/ossec/logs/opnsense_syslog.log Feb  3 19:28:13 OPNsense.localdomain filterlog[44472]: 24,,,02f4bab031b57d1e30553ce08e0ec131,vlan0.20,match,block,in,4,0xb8,,64,30254,0,DF,17,udp,76,10.0.20.13,185.125.190.58,40269,123,56
2026 Feb 03 20:43:10 (OPNsense.localdomain) any->/var/ossec/logs/opnsense_syslog.log Feb  3 19:28:13 OPNsense.localdomain filterlog[44472]: 115,,,fae559338f65e11c53669fc3642c93c2,vlan0.99,match,pass,out,4,0x0,,64,0,0,DF,6,tcp,60,10.0.99.1,10.0.99.14,29776,1514,0,S,2056983589,,65228,,mss;nop;wscale;sackOK;TS
2026 Feb 03 20:43:10 (OPNsense.localdomain) any->/var/ossec/logs/opnsense_syslog.log Feb  3 19:28:13 OPNsense.localdomain filterlog[44472]: 24,,,02f4bab031b57d1e30553ce08e0ec131,vlan0.20,match,block,in,4,0xb8,,64,30254,0,DF,17,udp,76,10.0.20.13,185.125.190.58,40269,123,56
2026 Feb 03 20:43:10 (OPNsense.localdomain) any->/var/ossec/logs/opnsense_syslog.log Feb  3 19:28:13 OPNsense.localdomain filterlog[44472]: 115,,,fae559338f65e11c53669fc3642c93c2,vlan0.99,match,pass,out,4,0x0,,63,57059,0,DF,6,tcp,60,10.0.10.11,10.0.99.14,55383,1514,0,S,1360102175,,64240,,mss;sackOK;TS;nop;wscale
2026 Feb 03 20:43:10 (OPNsense.localdomain) any->/var/ossec/logs/opnsense_syslog.log Feb  3 19:28:13 OPNsense.localdomain filterlog[44472]: 115,,,fae559338f65e11c53669fc3642c93c2,vlan0.99,match,pass,out,4,0x2,0,127,10484,0,DF,6,tcp,52,10.0.70.100,10.0.99.14,50052,1514,0,SEC,1029139963,,64240,,mss;nop;wscale;nop;nop;sackOK
2026 Feb 03 20:43:10 (OPNsense.localdomain) any->/var/ossec/logs/opnsense_syslog.log Feb  3 19:28:14 OPNsense.localdomain filterlog[44472]: 115,,,fae559338f65e11c53669fc3642c93c2,vlan0.99,match,pass,out,4,0x0,,127,10485,0,DF,6,tcp,52,10.0.70.100,10.0.99.14,50052,1514,0,S,1029139963,,64240,,mss;nop;wscale;nop;nop;sackOK
2026 Feb 03 20:43:10 (OPNsense.localdomain) any->/var/ossec/logs/opnsense_syslog.log Feb  3 19:28:15 OPNsense.localdomain filterlog[44472]: 115,,,fae559338f65e11c53669fc3642c93c2,vlan0.99,match,pass,out,4,0x0,,127,10486,0,DF,6,tcp,52,10.0.70.100,10.0.99.14,50052,1514,0,S,1029139963,,64240,,mss;nop;wscale;nop;nop;sackOK
2026 Feb 03 20:43:10 (OPNsense.localdomain) any->/var/ossec/logs/opnsense_syslog.log Feb  3 19:28:15 OPNsense.localdomain filterlog[44472]: 115,,,fae559338f65e11c53669fc3642c93c2,vlan0.99,match,pass,out,4,0x0,,127,10487,0,DF,6,tcp,52,10.0.70.100,10.0.99.14,50052,1514,0,S,1029139963,,64240,,mss;nop;wscale;nop;nop;sackOK
2026 Feb 03 20:43:10 (OPNsense.localdomain) any->/var/ossec/logs/opnsense_syslog.log Feb  3 19:28:15 OPNsense.localdomain filterlog[44472]: 115,,,fae559338f65e11c53669fc3642c93c2,vtnet0,match,pass,out,4,0xb8,,63,18233,0,DF,17,udp,76,10.0.2.10,85.199.214.99,47917,123,56
2026 Feb 03 20:43:10 (OPNsense.localdomain) any->/var/ossec/logs/opnsense_syslog.log Feb  3 19:28:14 OPNsense.localdomain filterlog[44472]: 115,,,fae559338f65e11c53669fc3642c93c2,vlan0.99,match,pass,out,4,0x0,,63,811,0,DF,6,tcp,60,10.0.2.10,10.0.99.14,47119,1514,0,S,2870587145,,64240,,mss;sackOK;TS;nop;wscale
2026 Feb 03 20:43:10 (OPNsense.localdomain) any->/var/ossec/logs/opnsense_syslog.log Feb  3 19:28:16 OPNsense.localdomain filterlog[44472]: 115,,,fae559338f65e11c53669fc3642c93c2,vlan0.99,match,pass,out,4,0x0,,127,10488,0,DF,6,tcp,52,10.0.70.100,10.0.99.14,50052,1514,0,S,1029139963,,64240,,mss;nop;wscale;nop;nop;sackOK
2026 Feb 03 20:43:10 (OPNsense.localdomain) any->/var/ossec/logs/opnsense_syslog.log Feb  3 19:28:18 OPNsense.localdomain filterlog[44472]: 115,,,fae559338f65e11c53669fc3642c93c2,vlan0.99,match,pass,out,4,0x0,,63,51259,0,DF,6,tcp,60,10.0.10.13,10.0.99.14,36613,1514,0,S,2879916748,,64240,,mss;sackOK;TS;nop;wscale
2026 Feb 03 20:43:10 (OPNsense.localdomain) any->/var/ossec/logs/opnsense_syslog.log Feb  3 19:28:18 OPNsense.localdomain filterlog[44472]: 115,,,fae559338f65e11c53669fc3642c93c2,vlan0.99,match,pass,out,4,0x0,,63,52704,0,DF,6,tcp,60,10.0.10.13,10.0.99.14,51433,1515,0,S,1437573225,,64240,,mss;sackOK;TS;nop;wscale
2026 Feb 03 20:43:10 (OPNsense.localdomain) any->/var/ossec/logs/opnsense_syslog.log Feb  3 19:28:18 OPNsense.localdomain filterlog[44472]: 115,,,fae559338f65e11c53669fc3642c93c2,vtnet0,match,pass,out,4,0xb8,,63,40066,0,DF,17,udp,76,10.0.99.14,185.125.190.57,56948,123,56
2026 Feb 03 20:43:10 (OPNsense.localdomain) any->/var/ossec/logs/opnsense_syslog.log Feb  3 19:28:18 OPNsense.localdomain filterlog[44472]: 115,,,fae559338f65e11c53669fc3642c93c2,vlan0.99,match,pass,out,4,0x0,,127,1953,0,DF,6,tcp,52,10.0.40.13,10.0.99.14,53504,1514,0,S,529142232,,64240,,mss;nop;wscale;nop;nop;sackOK
2026 Feb 03 20:43:10 (OPNsense.localdomain) any->/var/ossec/logs/opnsense_syslog.log Feb  3 19:28:18 OPNsense.localdomain filterlog[44472]: 115,,,fae559338f65e11c53669fc3642c93c2,vlan0.99,match,pass,out,4,0x0,,127,1952,0,DF,6,tcp,52,10.0.40.13,10.0.99.14,53504,1514,0,S,529142232,,64240,,mss;nop;wscale;nop;nop;sackOK
2026 Feb 03 20:43:10 (OPNsense.localdomain) any->/var/ossec/logs/opnsense_syslog.log Feb  3 19:28:19 OPNsense.localdomain filterlog[44472]: 115,,,fae559338f65e11c53669fc3642c93c2,vlan0.99,match,pass,out,4,0x0,,127,1954,0,DF,6,tcp,52,10.0.40.13,10.0.99.14,53504,1514,0,S,529142232,,64240,,mss;nop;wscale;nop;nop;sackOK
2026 Feb 03 20:43:10 (OPNsense.localdomain) any->/var/ossec/logs/opnsense_syslog.log Feb  3 19:28:19 OPNsense.localdomain filterlog[44472]: 115,,,fae559338f65e11c53669fc3642c93c2,vlan0.99,match,pass,out,4,0x0,,127,1955,0,DF,6,tcp,52,10.0.40.13,10.0.99.14,53504,1514,0,S,529142232,,64240,,mss;nop;wscale;nop;nop;sackOK
2026 Feb 03 20:43:10 (OPNsense.localdomain) any->/var/ossec/logs/opnsense_syslog.log Feb  3 19:28:20 OPNsense.localdomain filterlog[44472]: 118,,,6125cb207f65033775d1069fdf6d0ccf,vtnet0,match,pass,out,4,0xb8,,64,31943,0,none,17,udp,76,203.0.213.2,185.157.229.254,123,123,56
2026 Feb 03 20:43:10 (OPNsense.localdomain) any->/var/ossec/logs/opnsense_syslog.log Feb  3 19:28:21 OPNsense.localdomain filterlog[44472]: 118,,,6125cb207f65033775d1069fdf6d0ccf,vtnet0,match,pass,out,4,0x0,,64,0,0,DF,17,udp,86,203.0.213.2,193.205.160.139,58013,53,66
2026 Feb 03 20:43:10 (OPNsense.localdomain) any->/var/ossec/logs/opnsense_syslog.log Feb  3 19:28:21 OPNsense.localdomain filterlog[44472]: 115,,,fae559338f65e11c53669fc3642c93c2,vlan0.99,match,pass,out,4,0x0,,63,65361,0,DF,6,tcp,60,10.0.60.10,10.0.99.14,34553,1514,0,S,3051594376,,64240,,mss;sackOK;TS;nop;wscale
2026 Feb 03 20:43:10 (OPNsense.localdomain) any->/var/ossec/logs/opnsense_syslog.log Feb  3 19:28:22 OPNsense.localdomain filterlog[44472]: 115,,,fae559338f65e11c53669fc3642c93c2,vlan0.10,match,pass,out,4,0x10,,63,7799,0,DF,6,tcp,60,10.0.60.11,10.0.10.11,60594,22,0,S,312704950,,64240,,mss;sackOK;TS;nop;wscale
2026 Feb 03 20:43:10 (OPNsense.localdomain) any->/var/ossec/logs/opnsense_syslog.log Feb  3 19:28:20 OPNsense.localdomain filterlog[44472]: 115,,,fae559338f65e11c53669fc3642c93c2,vlan0.99,match,pass,out,4,0x0,,127,1956,0,DF,6,tcp,52,10.0.40.13,10.0.99.14,53504,1514,0,S,529142232,,64240,,mss;nop;wscale;nop;nop;sackOK
2026 Feb 03 20:43:10 (OPNsense.localdomain) any->/var/ossec/logs/opnsense_syslog.log Feb  3 19:28:22 OPNsense.localdomain filterlog[44472]: 115,,,fae559338f65e11c53669fc3642c93c2,vlan0.10,match,pass,out,4,0x10,,63,43042,0,DF,6,tcp,60,10.0.60.11,10.0.10.13,44160,22,0,S,111962638,,64240,,mss;sackOK;TS;nop;wscale
2026 Feb 03 20:43:10 (Secretary-Windows) any->EventChannel {"win":{"system":{"providerName":"Microsoft-Windows-Sysmon","providerGuid":"{5770385f-c22a-43e0-bf4c-06f5698ffbd9}","eventID":"5","version":"3","level":"4","task":"5","opcode":"0","keywords":"0x8000000000000000","systemTime":"2026-02-04T03:38:24.5268285Z","eventRecordID":"2798","processID":"2824","threadID":"3588","channel":"Microsoft-Windows-Sysmon/Operational","computer":"WinDev2308Eval","severityValue":"INFORMATION","message":"\"Process terminated:\r\nRuleName: -\r\nUtcTime: 2026-02-04 03:38:24.520\r\nProcessGuid: {de7f78ee-be0e-6982-5408-000000001e00}\r\nProcessId: 3704\r\nImage: C:\\Windows\\System32\\conhost.exe\r\nUser: WINDEV2308EVAL\\Secretary\""},"eventdata":{"utcTime":"2026-02-04 03:38:24.520","processGuid":"{de7f78ee-be0e-6982-5408-000000001e00}","processId":"3704","image":"C:\\\\Windows\\\\System32\\\\conhost.exe","user":"WINDEV2308EVAL\\\\Secretary"}}}
2026 Feb 03 20:43:10 (Secretary-Windows) any->EventChannel {"win":{"system":{"providerName":"Microsoft-Windows-Sysmon","providerGuid":"{5770385f-c22a-43e0-bf4c-06f5698ffbd9}","eventID":"5","version":"3","level":"4","task":"5","opcode":"0","keywords":"0x8000000000000000","systemTime":"2026-02-04T03:38:24.4888512Z","eventRecordID":"2797","processID":"2824","threadID":"3588","channel":"Microsoft-Windows-Sysmon/Operational","computer":"WinDev2308Eval","severityValue":"INFORMATION","message":"\"Process terminated:\r\nRuleName: -\r\nUtcTime: 2026-02-04 03:38:24.466\r\nProcessGuid: {de7f78ee-be0e-6982-5808-000000001e00}\r\nProcessId: 7752\r\nImage: C:\\Program Files\\WindowsApps\\Microsoft.WindowsTerminal_1.23.20211.0_x64__8wekyb3d8bbwe\\WindowsTerminal.exe\r\nUser: WINDEV2308EVAL\\Secretary\""},"eventdata":{"utcTime":"2026-02-04 03:38:24.466","processGuid":"{de7f78ee-be0e-6982-5808-000000001e00}","processId":"7752","image":"C:\\\\Program Files\\\\WindowsApps\\\\Microsoft.WindowsTerminal_1.23.20211.0_x64__8wekyb3d8bbwe\\\\WindowsTerminal.exe","user":"WINDEV2308EVAL\\\\Secretary"}}}
2026 Feb 03 20:43:10 (Secretary-Windows) any->EventChannel {"win":{"system":{"providerName":"Microsoft-Windows-CAPI2","providerGuid":"{5bbca4a8-b209-48dc-a8c7-b23d3e5216fb}","eventSourceName":"Microsoft-Windows-CAPI2","eventID":"4097","version":"0","level":"4","task":"0","opcode":"0","keywords":"0x8080000000000000","systemTime":"2026-02-04T04:25:51.6934817Z","eventRecordID":"3106","processID":"1320","threadID":"1416","channel":"Application","computer":"WinDev2308Eval","severityValue":"INFORMATION","message":"\"Successful auto update of third-party root certificate:: Subject: <CN=Hellenic Academic and Research Institutions RootCA 2015, O=Hellenic Academic and Research Institutions Cert. Authority, L=Athens, C=GR> Sha1 thumbprint: <010C0695A6981914FFBF5FC6B0B695EA29E912A6>.\""},"eventdata":{"data":"CN=Hellenic Academic and Research Institutions RootCA 2015, O=Hellenic Academic and Research Institutions Cert. Authority, L=Athens, C=GR, 010C0695A6981914FFBF5FC6B0B695EA29E912A6"}}}
2026 Feb 03 20:43:10 (Secretary-Windows) any->EventChannel {"win":{"system":{"providerName":"Edge","eventID":"256","version":"0","level":"4","task":"1","opcode":"0","keywords":"0x80000000000000","systemTime":"2026-02-04T04:25:36.2577020Z","eventRecordID":"3105","processID":"7328","threadID":"0","channel":"Application","computer":"WinDev2308Eval","severityValue":"INFORMATION","message":"\"[7328:1112:0203/202536.251:INFO:chrome\\browser\\extensions\\extension_garbage_collector.cc:188] Garbage collection for extensions on file thread is complete.\""},"eventdata":{"data":"[7328:1112:0203/202536.251:INFO:chrome\\\\browser\\\\extensions\\\\extension_garbage_collector.cc:188] Garbage collection for extensions on file thread is complete."}}}
2026 Feb 03 20:43:10 (OPNsense.localdomain) any->/var/ossec/logs/opnsense_syslog.log Feb  3 19:28:22 OPNsense.localdomain filterlog[44472]: 115,,,fae559338f65e11c53669fc3642c93c2,vlan0.99,match,pass,out,4,0x0,,127,64002,0,DF,6,tcp,52,10.0.10.12,10.0.99.14,49830,1514,0,S,1550331729,,64240,,mss;nop;wscale;nop;nop;sackOK
2026 Feb 03 20:43:10 (OPNsense.localdomain) any->/var/ossec/logs/opnsense_syslog.log Feb  3 19:28:23 OPNsense.localdomain filterlog[44472]: 24,,,02f4bab031b57d1e30553ce08e0ec131,vlan0.20,match,block,in,4,0xb8,,64,29914,0,DF,17,udp,76,10.0.20.13,185.125.190.56,35565,123,56
2026 Feb 03 20:43:10 (OPNsense.localdomain) any->/var/ossec/logs/opnsense_syslog.log Feb  3 19:28:23 OPNsense.localdomain filterlog[44472]: 24,,,02f4bab031b57d1e30553ce08e0ec131,vlan0.20,match,block,in,4,0xb8,,64,29914,0,DF,17,udp,76,10.0.20.13,185.125.190.56,35565,123,56
2026 Feb 03 20:43:10 (OPNsense.localdomain) any->/var/ossec/logs/opnsense_syslog.log Feb  3 19:28:23 OPNsense.localdomain filterlog[44472]: 118,,,6125cb207f65033775d1069fdf6d0ccf,vtnet0,match,pass,out,4,0xb8,,64,36218,0,none,17,udp,76,203.0.213.2,188.217.191.74,123,123,56
2026 Feb 03 20:43:10 (OPNsense.localdomain) any->/var/ossec/logs/opnsense_syslog.log Feb  3 19:28:23 OPNsense.localdomain filterlog[44472]: 115,,,fae559338f65e11c53669fc3642c93c2,vlan0.99,match,pass,out,4,0x0,,127,64003,0,DF,6,tcp,52,10.0.10.12,10.0.99.14,49830,1514,0,S,1550331729,,64240,,mss;nop;wscale;nop;nop;sackOK
2026 Feb 03 20:43:10 (OPNsense.localdomain) any->/var/ossec/logs/opnsense_syslog.log Feb  3 19:28:23 OPNsense.localdomain filterlog[44472]: 115,,,fae559338f65e11c53669fc3642c93c2,vlan0.99,match,pass,out,4,0x0,,64,0,0,DF,6,tcp,60,10.0.99.1,10.0.99.14,9682,1514,0,S,2983870918,,65228,,mss;nop;wscale;sackOK;TS
2026 Feb 03 20:43:10 (Secretary-Windows) any->EventChannel {"win":{"system":{"providerName":"Microsoft-Windows-Sysmon","providerGuid":"{5770385f-c22a-43e0-bf4c-06f5698ffbd9}","eventID":"5","version":"3","level":"4","task":"5","opcode":"0","keywords":"0x8000000000000000","systemTime":"2026-02-04T03:38:49.7239063Z","eventRecordID":"2799","processID":"2824","threadID":"3588","channel":"Microsoft-Windows-Sysmon/Operational","computer":"WinDev2308Eval","severityValue":"INFORMATION","message":"\"Process terminated:\r\nRuleName: -\r\nUtcTime: 2026-02-04 03:38:49.719\r\nProcessGuid: {de7f78ee-be56-6982-9308-000000001e00}\r\nProcessId: 1180\r\nImage: C:\\Windows\\System32\\RuntimeBroker.exe\r\nUser: WINDEV2308EVAL\\Secretary\""},"eventdata":{"utcTime":"2026-02-04 03:38:49.719","processGuid":"{de7f78ee-be56-6982-9308-000000001e00}","processId":"1180","image":"C:\\\\Windows\\\\System32\\\\RuntimeBroker.exe","user":"WINDEV2308EVAL\\\\Secretary"}}}
2026 Feb 03 20:43:10 (OPNsense.localdomain) any->/var/ossec/logs/opnsense_syslog.log Feb  3 19:28:23 OPNsense.localdomain filterlog[44472]: 115,,,fae559338f65e11c53669fc3642c93c2,vlan0.99,match,pass,out,4,0x0,,127,64004,0,DF,6,tcp,52,10.0.10.12,10.0.99.14,49830,1514,0,S,1550331729,,64240,,mss;nop;wscale;nop;nop;sackOK
2026 Feb 03 20:43:10 (OPNsense.localdomain) any->/var/ossec/logs/opnsense_syslog.log Feb  3 19:28:23 OPNsense.localdomain filterlog[44472]: 115,,,fae559338f65e11c53669fc3642c93c2,vlan0.99,match,pass,out,4,0x0,,63,14458,0,DF,6,tcp,60,10.0.10.11,10.0.99.14,43575,1515,0,S,457084349,,64240,,mss;sackOK;TS;nop;wscale
2026 Feb 03 20:43:10 (OPNsense.localdomain) any->/var/ossec/logs/opnsense_syslog.log Feb  3 19:28:23 OPNsense.localdomain filterlog[44472]: 115,,,fae559338f65e11c53669fc3642c93c2,vlan0.99,match,pass,out,4,0x0,,63,45030,0,DF,6,tcp,60,10.0.10.11,10.0.99.14,59387,1514,0,S,3648459230,,64240,,mss;sackOK;TS;nop;wscale
2026 Feb 03 20:43:10 (OPNsense.localdomain) any->/var/ossec/logs/opnsense_syslog.log Feb  3 20:43:08 OPNsense.localdomain filterlog[44472]: 115,,,fae559338f65e11c53669fc3642c93c2,vlan0.99,match,pass,out,4,0x0,,64,0,0,DF,6,tcp,60,10.0.99.1,10.0.99.14,44447,1514,0,S,3449518929,,65228,,mss;nop;wscale;sackOK;TS
2026 Feb 03 20:43:10 (Secretary-Windows) any->EventChannel {"win":{"system":{"providerName":"Microsoft-Windows-CAPI2","providerGuid":"{5bbca4a8-b209-48dc-a8c7-b23d3e5216fb}","eventSourceName":"Microsoft-Windows-CAPI2","eventID":"4097","version":"0","level":"4","task":"0","opcode":"0","keywords":"0x8080000000000000","systemTime":"2026-02-04T04:25:51.7159721Z","eventRecordID":"3107","processID":"1320","threadID":"1416","channel":"Application","computer":"WinDev2308Eval","severityValue":"INFORMATION","message":"\"Successful auto update of third-party root certificate:: Subject: <CN=HARICA TLS RSA Root CA 2021, O=Hellenic Academic and Research Institutions CA, C=GR> Sha1 thumbprint: <022D0582FA88CE140C0679DE7F1410E945D7A56D>.\""},"eventdata":{"data":"CN=HARICA TLS RSA Root CA 2021, O=Hellenic Academic and Research Institutions CA, C=GR, 022D0582FA88CE140C0679DE7F1410E945D7A56D"}}}
2026 Feb 03 20:43:10 (Secretary-Windows) any->EventChannel {"win":{"system":{"providerName":"Microsoft-Windows-Sysmon","providerGuid":"{5770385f-c22a-43e0-bf4c-06f5698ffbd9}","eventID":"5","version":"3","level":"4","task":"5","opcode":"0","keywords":"0x8000000000000000","systemTime":"2026-02-04T03:39:00.2243737Z","eventRecordID":"2800","processID":"2824","threadID":"3588","channel":"Microsoft-Windows-Sysmon/Operational","computer":"WinDev2308Eval","severityValue":"INFORMATION","message":"\"Process terminated:\r\nRuleName: -\r\nUtcTime: 2026-02-04 03:39:00.214\r\nProcessGuid: {de7f78ee-be1a-6982-8708-000000001e00}\r\nProcessId: 7068\r\nImage: C:\\Windows\\System32\\smartscreen.exe\r\nUser: WINDEV2308EVAL\\Secretary\""},"eventdata":{"utcTime":"2026-02-04 03:39:00.214","processGuid":"{de7f78ee-be1a-6982-8708-000000001e00}","processId":"7068","image":"C:\\\\Windows\\\\System32\\\\smartscreen.exe","user":"WINDEV2308EVAL\\\\Secretary"}}}
2026 Feb 03 20:43:10 (Secretary-Windows) any->EventChannel {"win":{"system":{"providerName":"Microsoft-Windows-Sysmon","providerGuid":"{5770385f-c22a-43e0-bf4c-06f5698ffbd9}","eventID":"5","version":"3","level":"4","task":"5","opcode":"0","keywords":"0x8000000000000000","systemTime":"2026-02-04T03:39:53.5468927Z","eventRecordID":"2801","processID":"2824","threadID":"3588","channel":"Microsoft-Windows-Sysmon/Operational","computer":"WinDev2308Eval","severityValue":"INFORMATION","message":"\"Process terminated:\r\nRuleName: -\r\nUtcTime: 2026-02-04 03:39:53.538\r\nProcessGuid: {de7f78ee-be0e-6982-5708-000000001e00}\r\nProcessId: 8096\r\nImage: C:\\Windows\\System32\\SearchFilterHost.exe\r\nUser: NT AUTHORITY\\SYSTEM\""},"eventdata":{"utcTime":"2026-02-04 03:39:53.538","processGuid":"{de7f78ee-be0e-6982-5708-000000001e00}","processId":"8096","image":"C:\\\\Windows\\\\System32\\\\SearchFilterHost.exe","user":"NT AUTHORITY\\\\SYSTEM"}}}
2026 Feb 03 20:43:10 (OPNsense.localdomain) any->syscollector {"data":{"architecture":"amd64","checksum":"1770151388936439","hostname":"OPNsense.localdomain","os_major":"14","os_minor":"1","os_name":"FreeBSD","os_platform":"bsd","os_version":"14.1","release":"14.1-RELEASE-p6","scan_time":"2026/02/03 19:12:07","sysname":"FreeBSD","version":"FreeBSD 14.1-RELEASE-p6 stable/24.7-n267992-a8a728bd015 SMP"},"operation":"MODIFIED","type":"dbsync_osinfo"}
2026 Feb 03 20:43:10 (Secretary-Windows) any->EventChannel {"win":{"system":{"providerName":"Microsoft-Windows-Security-SPP","providerGuid":"{E23B33B0-C8C9-472C-A5F9-F2BDFEA0F156}","eventSourceName":"Software Protection Platform Service","eventID":"16384","version":"0","level":"4","task":"0","opcode":"0","keywords":"0x80000000000000","systemTime":"2026-02-04T04:26:05.4377194Z","eventRecordID":"3108","processID":"6612","threadID":"0","channel":"Application","computer":"WinDev2308Eval","severityValue":"INFORMATION","message":"\"Successfully scheduled Software Protection service for re-start at 2026-02-20T23:06:05Z. Reason: RulesEngine.\""},"eventdata":{"data":"2026-02-20T23:06:05Z, RulesEngine"}}}
2026 Feb 03 20:43:10 (Secretary-Windows) any->EventChannel {"win":{"system":{"providerName":"Microsoft-Windows-Sysmon","providerGuid":"{5770385f-c22a-43e0-bf4c-06f5698ffbd9}","eventID":"5","version":"3","level":"4","task":"5","opcode":"0","keywords":"0x8000000000000000","systemTime":"2026-02-04T03:40:01.4099197Z","eventRecordID":"2802","processID":"2824","threadID":"3588","channel":"Microsoft-Windows-Sysmon/Operational","computer":"WinDev2308Eval","severityValue":"INFORMATION","message":"\"Process terminated:\r\nRuleName: -\r\nUtcTime: 2026-02-04 03:40:01.400\r\nProcessGuid: {de7f78ee-be56-6982-9408-000000001e00}\r\nProcessId: 2428\r\nImage: C:\\Windows\\System32\\SearchProtocolHost.exe\r\nUser: WINDEV2308EVAL\\Secretary\""},"eventdata":{"utcTime":"2026-02-04 03:40:01.400","processGuid":"{de7f78ee-be56-6982-9408-000000001e00}","processId":"2428","image":"C:\\\\Windows\\\\System32\\\\SearchProtocolHost.exe","user":"WINDEV2308EVAL\\\\Secretary"}}}
2026 Feb 03 20:43:10 (Secretary-Windows) any->EventChannel {"win":{"system":{"providerName":"Microsoft-Windows-Sysmon","providerGuid":"{5770385f-c22a-43e0-bf4c-06f5698ffbd9}","eventID":"5","version":"3","level":"4","task":"5","opcode":"0","keywords":"0x8000000000000000","systemTime":"2026-02-04T03:40:54.5277167Z","eventRecordID":"2803","processID":"2824","threadID":"3588","channel":"Microsoft-Windows-Sysmon/Operational","computer":"WinDev2308Eval","severityValue":"INFORMATION","message":"\"Process terminated:\r\nRuleName: -\r\nUtcTime: 2026-02-04 03:40:54.517\r\nProcessGuid: {de7f78ee-bbca-6982-3108-000000001e00}\r\nProcessId: 7204\r\nImage: C:\\Windows\\System32\\svchost.exe\r\nUser: NT AUTHORITY\\SYSTEM\""},"eventdata":{"utcTime":"2026-02-04 03:40:54.517","processGuid":"{de7f78ee-bbca-6982-3108-000000001e00}","processId":"7204","image":"C:\\\\Windows\\\\System32\\\\svchost.exe","user":"NT AUTHORITY\\\\SYSTEM"}}}
