2026 Feb 03 20:43:08 (OPNsense.localdomain) any->/var/ossec/logs/opnsense_syslog.log Feb  3 19:09:17 OPNsense.localdomain filterlog[44472]: 115,,,fae559338f65e11c53669fc3642c93c2,vlan0.99,match,pass,out,4,0x0,,127,1723,0,DF,6,tcp,52,10.0.40.13,10.0.99.14,59703,1514,0,S,243658896,,64240,,mss;nop;wscale;nop;nop;sackOK
2026 Feb 03 20:43:08 (OPNsense.localdomain) any->/var/ossec/logs/opnsense_syslog.log Feb  3 19:09:17 OPNsense.localdomain filterlog[44472]: 115,,,fae559338f65e11c53669fc3642c93c2,vlan0.99,match,pass,out,4,0x0,,127,1722,0,DF,6,tcp,52,10.0.40.13,10.0.99.14,59703,1514,0,S,243658896,,64240,,mss;nop;wscale;nop;nop;sackOK
2026 Feb 03 20:43:08 (OPNsense.localdomain) any->/var/ossec/logs/opnsense_syslog.log Feb  3 19:09:19 OPNsense.localdomain filterlog[44472]: 106,,,e82fe07001c1e2c3916575c986d6e466,vlan0.40,match,pass,in,4,0x0,,64,15272,0,DF,17,udp,328,10.0.40.11,10.0.40.1,68,67,308
2026 Feb 03 20:43:08 (OPNsense.localdomain) any->/var/ossec/logs/opnsense_syslog.log Feb  3 19:09:18 OPNsense.localdomain filterlog[44472]: 115,,,fae559338f65e11c53669fc3642c93c2,vlan0.99,match,pass,out,4,0x0,,127,1724,0,DF,6,tcp,52,10.0.40.13,10.0.99.14,59703,1514,0,S,243658896,,64240,,mss;nop;wscale;nop;nop;sackOK
2026 Feb 03 20:43:08 (OPNsense.localdomain) any->/var/ossec/logs/opnsense_syslog.log Feb  3 19:09:18 OPNsense.localdomain filterlog[44472]: 115,,,fae559338f65e11c53669fc3642c93c2,vlan0.99,match,pass,out,4,0x0,,127,1725,0,DF,6,tcp,52,10.0.40.13,10.0.99.14,59703,1514,0,S,243658896,,64240,,mss;nop;wscale;nop;nop;sackOK
2026 Feb 03 20:43:08 (OPNsense.localdomain) any->/var/ossec/logs/opnsense_syslog.log Feb  3 19:09:19 OPNsense.localdomain filterlog[44472]: 115,,,fae559338f65e11c53669fc3642c93c2,vlan0.99,match,pass,out,4,0x0,,127,1726,0,DF,6,tcp,52,10.0.40.13,10.0.99.14,59703,1514,0,S,243658896,,64240,,mss;nop;wscale;nop;nop;sackOK
2026 Feb 03 20:43:08 (OPNsense.localdomain) any->/var/ossec/logs/opnsense_syslog.log Feb  3 19:09:19 OPNsense.localdomain filterlog[44472]: 115,,,fae559338f65e11c53669fc3642c93c2,vlan0.99,match,pass,out,4,0x0,,64,0,0,DF,6,tcp,60,10.0.99.1,10.0.99.14,12836,1514,0,S,3208526513,,65228,,mss;nop;wscale;sackOK;TS
2026 Feb 03 20:43:08 (OPNsense.localdomain) any->/var/ossec/logs/opnsense_syslog.log Feb  3 19:09:19 OPNsense.localdomain filterlog[44472]: 115,,,fae559338f65e11c53669fc3642c93c2,vlan0.99,match,pass,out,4,0x0,,127,1727,0,DF,6,tcp,52,10.0.40.13,10.0.99.14,59704,1515,0,S,3902092421,,64240,,mss;nop;wscale;nop;nop;sackOK
2026 Feb 03 20:43:08 (OPNsense.localdomain) any->/var/ossec/logs/opnsense_syslog.log Feb  3 19:09:20 OPNsense.localdomain filterlog[44472]: 115,,,fae559338f65e11c53669fc3642c93c2,vlan0.99,match,pass,out,4,0x0,,127,1729,0,DF,6,tcp,52,10.0.40.13,10.0.99.14,59704,1515,0,S,3902092421,,64240,,mss;nop;wscale;nop;nop;sackOK
2026 Feb 03 20:43:08 (OPNsense.localdomain) any->/var/ossec/logs/opnsense_syslog.log Feb  3 19:09:20 OPNsense.localdomain filterlog[44472]: 115,,,fae559338f65e11c53669fc3642c93c2,vlan0.99,match,pass,out,4,0x0,,127,1730,0,DF,6,tcp,52,10.0.40.13,10.0.99.14,59704,1515,0,S,3902092421,,64240,,mss;nop;wscale;nop;nop;sackOK
2026 Feb 03 20:43:08 (OPNsense.localdomain) any->/var/ossec/logs/opnsense_syslog.log Feb  3 19:09:21 OPNsense.localdomain filterlog[44472]: 115,,,fae559338f65e11c53669fc3642c93c2,vlan0.99,match,pass,out,4,0x0,,127,1731,0,DF,6,tcp,52,10.0.40.13,10.0.99.14,59704,1515,0,S,3902092421,,64240,,mss;nop;wscale;nop;nop;sackOK
2026 Feb 03 20:43:08 (OPNsense.localdomain) any->/var/ossec/logs/opnsense_syslog.log Feb  3 19:09:19 OPNsense.localdomain filterlog[44472]: 115,,,fae559338f65e11c53669fc3642c93c2,vlan0.99,match,pass,out,4,0x0,,127,1728,0,DF,6,tcp,52,10.0.40.13,10.0.99.14,59704,1515,0,S,3902092421,,64240,,mss;nop;wscale;nop;nop;sackOK
2026 Feb 03 20:43:08 (OPNsense.localdomain) any->/var/ossec/logs/opnsense_syslog.log Feb  3 19:09:29 OPNsense.localdomain filterlog[44472]: 115,,,fae559338f65e11c53669fc3642c93c2,vlan0.99,match,pass,out,4,0x0,,64,0,0,DF,6,tcp,60,10.0.99.1,10.0.99.14,64050,1514,0,S,609067051,,65228,,mss;nop;wscale;sackOK;TS
2026 Feb 03 20:43:08 (OPNsense.localdomain) any->/var/ossec/logs/opnsense_syslog.log Feb  3 19:09:24 OPNsense.localdomain filterlog[44472]: 118,,,6125cb207f65033775d1069fdf6d0ccf,vtnet0,match,pass,out,4,0xb8,,64,8545,0,none,17,udp,76,203.0.213.2,5.249.149.252,123,123,56
2026 Feb 03 20:43:08 (Secretary-Windows) any->EventChannel {"win":{"system":{"providerName":"Microsoft-Windows-Security-Auditing","providerGuid":"{54849625-5478-4994-a5ba-3e3b0328c30d}","eventID":"4672","version":"0","level":"0","task":"12548","opcode":"0","keywords":"0x8020000000000000","systemTime":"2026-02-04T04:08:21.8823906Z","eventRecordID":"51994","processID":"764","threadID":"2164","channel":"Security","computer":"WinDev2308Eval","severityValue":"AUDIT_SUCCESS","message":"\"Special privileges assigned to new logon.\r\n\r\nSubject:\r\n\tSecurity ID:\t\tS-1-5-18\r\n\tAccount Name:\t\tSYSTEM\r\n\tAccount Domain:\t\tNT AUTHORITY\r\n\tLogon ID:\t\t0x3E7\r\n\r\nPrivileges:\t\tSeAssignPrimaryTokenPrivilege\r\n\t\t\tSeTcbPrivilege\r\n\t\t\tSeSecurityPrivilege\r\n\t\t\tSeTakeOwnershipPrivilege\r\n\t\t\tSeLoadDriverPrivilege\r\n\t\t\tSeBackupPrivilege\r\n\t\t\tSeRestorePrivilege\r\n\t\t\tSeDebugPrivilege\r\n\t\t\tSeAuditPrivilege\r\n\t\t\tSeSystemEnvironmentPrivilege\r\n\t\t\tSeImpersonatePrivilege\r\n\t\t\tSeDelegateSessionUserImpersonatePrivilege\""},"eventdata":{"subjectUserSid":"S-1-5-18","subjectUserName":"SYSTEM","subjectDomainName":"NT AUTHORITY","subjectLogonId":"0x3e7","privilegeList":"SeAssignPrimaryTokenPrivilege     SeTcbPrivilege     SeSecurityPrivilege     SeTakeOwnershipPrivilege     SeLoadDriverPrivilege     SeBackupPrivilege     SeRestorePrivilege     SeDebugPrivilege     SeAuditPrivilege     SeSystemEnvironmentPrivilege     SeImpersonatePrivilege     SeDelegateSessionUserImpersonatePrivilege"}}}
2026 Feb 03 20:43:08 (OPNsense.localdomain) any->syscollector {"data":{"board_serial":" ","checksum":"dbe9f55628b33c97e45112151d1d5c6ca1009dd2","cpu_cores":1,"cpu_mhz":3392.0,"cpu_name":"QEMU Virtual CPU version 2.5+","ram_free":699100,"ram_total":1011176,"ram_usage":31,"scan_time":"2026/02/03 19:12:07"},"operation":"MODIFIED","type":"dbsync_hwinfo"}
2026 Feb 03 20:43:08 (OPNsense.localdomain) any->/var/ossec/logs/opnsense_syslog.log Feb  3 19:09:31 OPNsense.localdomain filterlog[44472]: 115,,,fae559338f65e11c53669fc3642c93c2,vlan0.99,match,pass,out,4,0x0,,127,1733,0,DF,6,tcp,52,10.0.40.13,10.0.99.14,59705,1514,0,S,1344596174,,64240,,mss;nop;wscale;nop;nop;sackOK
2026 Feb 03 20:43:08 (OPNsense.localdomain) any->/var/ossec/logs/opnsense_syslog.log Feb  3 19:09:32 OPNsense.localdomain filterlog[44472]: 115,,,fae559338f65e11c53669fc3642c93c2,vlan0.99,match,pass,out,4,0x0,,127,1734,0,DF,6,tcp,52,10.0.40.13,10.0.99.14,59705,1514,0,S,1344596174,,64240,,mss;nop;wscale;nop;nop;sackOK
2026 Feb 03 20:43:08 (OPNsense.localdomain) any->/var/ossec/logs/opnsense_syslog.log Feb  3 19:09:32 OPNsense.localdomain filterlog[44472]: 115,,,fae559338f65e11c53669fc3642c93c2,vlan0.99,match,pass,out,4,0x0,,127,1735,0,DF,6,tcp,52,10.0.40.13,10.0.99.14,59705,1514,0,S,1344596174,,64240,,mss;nop;wscale;nop;nop;sackOK
2026 Feb 03 20:43:08 (OPNsense.localdomain) any->/var/ossec/logs/opnsense_syslog.log Feb  3 19:09:33 OPNsense.localdomain filterlog[44472]: 115,,,fae559338f65e11c53669fc3642c93c2,vlan0.99,match,pass,out,4,0x0,,127,1736,0,DF,6,tcp,52,10.0.40.13,10.0.99.14,59705,1514,0,S,1344596174,,64240,,mss;nop;wscale;nop;nop;sackOK
2026 Feb 03 20:43:08 (OPNsense.localdomain) any->/var/ossec/logs/opnsense_syslog.log Feb  3 19:09:31 OPNsense.localdomain filterlog[44472]: 115,,,fae559338f65e11c53669fc3642c93c2,vlan0.99,match,pass,out,4,0x0,,127,1732,0,DF,6,tcp,52,10.0.40.13,10.0.99.14,59705,1514,0,S,1344596174,,64240,,mss;nop;wscale;nop;nop;sackOK
2026 Feb 03 20:43:08 (OPNsense.localdomain) any->/var/ossec/logs/opnsense_syslog.log Feb  3 19:09:37 OPNsense.localdomain filterlog[44472]: 118,,,6125cb207f65033775d1069fdf6d0ccf,vtnet0,match,pass,out,4,0x0,,64,0,0,DF,17,udp,73,203.0.213.2,193.205.160.3,48107,53,53
2026 Feb 03 20:43:08 (OPNsense.localdomain) any->/var/ossec/logs/opnsense_syslog.log Feb  3 19:09:39 OPNsense.localdomain filterlog[44472]: 115,,,fae559338f65e11c53669fc3642c93c2,vlan0.99,match,pass,out,4,0x0,,64,0,0,DF,6,tcp,60,10.0.99.1,10.0.99.14,39122,1514,0,S,1295968719,,65228,,mss;nop;wscale;sackOK;TS
2026 Feb 03 20:43:08 (Secretary-Windows) any->EventChannel {"win":{"system":{"providerName":"Microsoft-Windows-Sysmon","providerGuid":"{5770385f-c22a-43e0-bf4c-06f5698ffbd9}","eventID":"5","version":"3","level":"4","task":"5","opcode":"0","keywords":"0x8000000000000000","systemTime":"2026-02-04T03:33:44.0943850Z","eventRecordID":"2727","processID":"2824","threadID":"3588","channel":"Microsoft-Windows-Sysmon/Operational","computer":"WinDev2308Eval","severityValue":"INFORMATION","message":"\"Process terminated:\r\nRuleName: -\r\nUtcTime: 2026-02-04 03:33:44.084\r\nProcessGuid: {de7f78ee-be17-6982-7e08-000000001e00}\r\nProcessId: 5684\r\nImage: C:\\Windows\\System32\\cmd.exe\r\nUser: WINDEV2308EVAL\\Secretary\""},"eventdata":{"utcTime":"2026-02-04 03:33:44.084","processGuid":"{de7f78ee-be17-6982-7e08-000000001e00}","processId":"5684","image":"C:\\\\Windows\\\\System32\\\\cmd.exe","user":"WINDEV2308EVAL\\\\Secretary"}}}
2026 Feb 03 20:43:08 (Secretary-Windows) any->EventChannel {"win":{"system":{"providerName":"Microsoft-Windows-Security-Auditing","providerGuid":"{54849625-5478-4994-a5ba-3e3b0328c30d}","eventID":"4798","version":"0","level":"0","task":"13824","opcode":"0","keywords":"0x8020000000000000","systemTime":"2026-02-04T04:08:35.8370213Z","eventRecordID":"51995","processID":"764","threadID":"7592","channel":"Security","computer":"WinDev2308Eval","severityValue":"AUDIT_SUCCESS","message":"\"A user's local group membership was enumerated.\r\n\r\nSubject:\r\n\tSecurity ID:\t\tS-1-5-21-3116511072-3024718013-308258476-1001\r\n\tAccount Name:\t\tSecretary\r\n\tAccount Domain:\t\tWINDEV2308EVAL\r\n\tLogon ID:\t\t0x3DF1F4\r\n\r\nUser:\r\n\tSecurity ID:\t\tS-1-5-21-3116511072-3024718013-308258476-1001\r\n\tAccount Name:\t\tSecretary\r\n\tAccount Domain:\t\tWINDEV2308EVAL\r\n\r\nProcess Information:\r\n\tProcess ID:\t\t0x618\r\n\tProcess Name:\t\tC:\\Windows\\explorer.exe\""},"eventdata":{"targetUserName":"Secretary","targetDomainName":"WINDEV2308EVAL","targetSid":"S-1-5-21-3116511072-3024718013-308258476-1001","subjectUserSid":"S-1-5-21-3116511072-3024718013-308258476-1001","subjectUserName":"Secretary","subjectDomainName":"WINDEV2308EVAL","subjectLogonId":"0x3df1f4","callerProcessId":"0x618","callerProcessName":"C:\\\\Windows\\\\explorer.exe"}}}
2026 Feb 03 20:43:08 (Secretary-Windows) any->EventChannel {"win":{"system":{"providerName":"Microsoft-Windows-Sysmon","providerGuid":"{5770385f-c22a-43e0-bf4c-06f5698ffbd9}","eventID":"1","version":"5","level":"4","task":"1","opcode":"0","keywords":"0x8000000000000000","systemTime":"2026-02-04T03:33:44.6115006Z","eventRecordID":"2728","processID":"2824","threadID":"3588","channel":"Microsoft-Windows-Sysmon/Operational","computer":"WinDev2308Eval","severityValue":"INFORMATION","message":"\"Process Create:\r\nRuleName: -\r\nUtcTime: 2026-02-04 03:33:44.501\r\nProcessGuid: {de7f78ee-be18-6982-8008-000000001e00}\r\nProcessId: 6216\r\nImage: C:\\Users\\Secretary\\user_behavior_generation\\worker\\msedgedriver.exe\r\nFileVersion: 143.0.3650.96\r\nDescription: Microsoft Edge WebDriver\r\nProduct: Microsoft Edge WebDriver\r\nCompany: Microsoft Corporation\r\nOriginalFileName: msedgedriver.exe\r\nCommandLine: C:\\Users\\Secretary\\user_behavior_generation\\worker\\msedgedriver.exe --port=53538\r\nCurrentDirectory: C:\\Users\\Secretary\\user_behavior_generation\\worker\\\r\nUser: WINDEV2308EVAL\\Secretary\r\nLogonGuid: {de7f78ee-4b47-6982-f4f1-3d0000000000}\r\nLogonId: 0x3DF1F4\r\nTerminalSessionId: 2\r\nIntegrityLevel: Medium\r\nHashes: SHA256=D73E2188332AA65C97352F88D3241576A5372E86214D128AB8EAF3D341127A39\r\nParentProcessGuid: {de7f78ee-be10-6982-5c08-000000001e00}\r\nParentProcessId: 7536\r\nParentImage: C:\\Users\\Secretary\\AppData\\Local\\Programs\\Python\\Python314\\python.exe\r\nParentCommandLine: .\\venv\\Scripts\\python.exe  smart_worker.py \"https://www.miur.gov.it/web/guest/notizie\" \"news\"\r\nParentUser: WINDEV2308EVAL\\Secretary\""},"eventdata":{"utcTime":"2026-02-04 03:33:44.501","processGuid":"{de7f78ee-be18-6982-8008-000000001e00}","processId":"6216","image":"C:\\\\Users\\\\Secretary\\\\user_behavior_generation\\\\worker\\\\msedgedriver.exe","fileVersion":"143.0.3650.96","description":"Microsoft Edge WebDriver","product":"Microsoft Edge WebDriver","company":"Microsoft Corporation","originalFileName":"msedgedriver.exe","commandLine":"C:\\\\Users\\\\Secretary\\\\user_behavior_generation\\\\worker\\\\msedgedriver.exe --port=53538","currentDirectory":"C:\\\\Users\\\\Secretary\\\\user_behavior_generation\\\\worker\\\\","user":"WINDEV2308EVAL\\\\Secretary","logonGuid":"{de7f78ee-4b47-6982-f4f1-3d0000000000}","logonId":"0x3df1f4","terminalSessionId":"2","integrityLevel":"Medium","hashes":"SHA256=D73E2188332AA65C97352F88D3241576A5372E86214D128AB8EAF3D341127A39","parentProcessGuid":"{de7f78ee-be10-6982-5c08-000000001e00}","parentProcessId":"7536","parentImage":"C:\\\\Users\\\\Secretary\\\\AppData\\\\Local\\\\Programs\\\\Python\\\\Python314\\\\python.exe","parentCommandLine":".\\\\venv\\\\Scripts\\\\python.exe  smart_worker.py \\\"https://www.miur.gov.it/web/guest/notizie\\\" \\\"news\\\"","parentUser":"WINDEV2308EVAL\\\\Secretary"}}}
2026 Feb 03 20:43:08 (OPNsense.localdomain) any->/var/ossec/logs/opnsense_syslog.log Feb  3 19:09:39 OPNsense.localdomain filterlog[44472]: 115,,,fae559338f65e11c53669fc3642c93c2,lo0,match,pass,out,4,0x0,,64,16680,0,none,17,udp,69,127.0.0.1,127.0.0.1,1967,53,49
2026 Feb 03 20:43:08 (OPNsense.localdomain) any->/var/ossec/logs/opnsense_syslog.log Feb  3 19:09:39 OPNsense.localdomain filterlog[44472]: 115,,,fae559338f65e11c53669fc3642c93c2,lo0,match,pass,out,4,0x0,,64,21155,0,none,17,udp,69,127.0.0.1,127.0.0.1,35363,53,49
2026 Feb 03 20:43:08 (OPNsense.localdomain) any->/var/ossec/logs/opnsense_syslog.log Feb  3 19:09:39 OPNsense.localdomain filterlog[44472]: 118,,,6125cb207f65033775d1069fdf6d0ccf,vtnet0,match,pass,out,4,0x0,,64,0,0,DF,17,udp,80,203.0.213.2,193.205.160.3,8962,53,60
2026 Feb 03 20:43:08 (OPNsense.localdomain) any->/var/ossec/logs/opnsense_syslog.log Feb  3 19:09:39 OPNsense.localdomain filterlog[44472]: 118,,,6125cb207f65033775d1069fdf6d0ccf,vtnet0,match,pass,out,4,0x0,,64,0,0,DF,17,udp,80,203.0.213.2,193.205.160.139,12271,53,60
2026 Feb 03 20:43:08 (OPNsense.localdomain) any->/var/ossec/logs/opnsense_syslog.log Feb  3 19:09:43 OPNsense.localdomain filterlog[44472]: 115,,,fae559338f65e11c53669fc3642c93c2,lo0,match,pass,out,4,0x0,,64,31432,0,none,17,udp,69,127.0.0.1,127.0.0.1,2676,53,49
2026 Feb 03 20:43:08 (OPNsense.localdomain) any->/var/ossec/logs/opnsense_syslog.log Feb  3 19:09:39 OPNsense.localdomain filterlog[44472]: 118,,,6125cb207f65033775d1069fdf6d0ccf,vtnet0,match,pass,out,4,0xb8,,64,42263,0,none,17,udp,76,203.0.213.2,85.199.214.99,123,123,56
2026 Feb 03 20:43:08 (OPNsense.localdomain) any->/var/ossec/logs/opnsense_syslog.log Feb  3 19:09:43 OPNsense.localdomain filterlog[44472]: 115,,,fae559338f65e11c53669fc3642c93c2,lo0,match,pass,out,4,0x0,,64,32798,0,none,17,udp,69,127.0.0.1,127.0.0.1,30703,53,49
2026 Feb 03 20:43:08 (OPNsense.localdomain) any->/var/ossec/logs/opnsense_syslog.log Feb  3 19:09:43 OPNsense.localdomain filterlog[44472]: 118,,,6125cb207f65033775d1069fdf6d0ccf,vtnet0,match,pass,out,4,0x0,,64,0,0,DF,17,udp,80,203.0.213.2,193.205.160.3,49115,53,60
2026 Feb 03 20:43:08 (Secretary-Windows) any->EventChannel {"win":{"system":{"providerName":"Microsoft-Windows-Security-Auditing","providerGuid":"{54849625-5478-4994-a5ba-3e3b0328c30d}","eventID":"4717","version":"0","level":"0","task":"13569","opcode":"0","keywords":"0x8020000000000000","systemTime":"2026-02-04T04:09:23.2628189Z","eventRecordID":"51996","processID":"764","threadID":"2164","channel":"Security","computer":"WinDev2308Eval","severityValue":"AUDIT_SUCCESS","message":"\"System security access was granted to an account.\r\n\r\nSubject:\r\n\tSecurity ID:\t\tS-1-5-18\r\n\tAccount Name:\t\tWINDEV2308EVAL$\r\n\tAccount Domain:\t\tWORKGROUP\r\n\tLogon ID:\t\t0x3E7\r\n\r\nAccount Modified:\r\n\tAccount Name:\t\tS-1-5-111-3847866527-469524349-687026318-516638107-1125189541-6736\r\n\r\nAccess Granted:\r\n\tAccess Right:\t\tSeServiceLogonRight\""},"eventdata":{"subjectUserSid":"S-1-5-18","subjectUserName":"WINDEV2308EVAL$","subjectDomainName":"WORKGROUP","subjectLogonId":"0x3e7","targetSid":"S-1-5-111-3847866527-469524349-687026318-516638107-1125189541-6736","accessGranted":"SeServiceLogonRight"}}}
2026 Feb 03 20:43:08 (OPNsense.localdomain) any->/var/ossec/logs/opnsense_syslog.log Feb  3 19:09:43 OPNsense.localdomain filterlog[44472]: 118,,,6125cb207f65033775d1069fdf6d0ccf,vtnet0,match,pass,out,4,0x0,,64,0,0,DF,17,udp,80,203.0.213.2,193.205.160.139,57325,53,60
2026 Feb 03 20:43:08 (OPNsense.localdomain) any->/var/ossec/logs/opnsense_syslog.log Feb  3 19:09:44 OPNsense.localdomain filterlog[44472]: 115,,,fae559338f65e11c53669fc3642c93c2,vlan0.99,match,pass,out,4,0x0,,127,1740,0,DF,6,tcp,52,10.0.40.13,10.0.99.14,59706,1514,0,S,2385887904,,64240,,mss;nop;wscale;nop;nop;sackOK
2026 Feb 03 20:43:08 (OPNsense.localdomain) any->/var/ossec/logs/opnsense_syslog.log Feb  3 19:09:43 OPNsense.localdomain filterlog[44472]: 115,,,fae559338f65e11c53669fc3642c93c2,vlan0.99,match,pass,out,4,0x0,,127,1737,0,DF,6,tcp,52,10.0.40.13,10.0.99.14,59706,1514,0,S,2385887904,,64240,,mss;nop;wscale;nop;nop;sackOK
2026 Feb 03 20:43:08 (OPNsense.localdomain) any->/var/ossec/logs/opnsense_syslog.log Feb  3 19:09:43 OPNsense.localdomain filterlog[44472]: 115,,,fae559338f65e11c53669fc3642c93c2,vlan0.99,match,pass,out,4,0x0,,127,1738,0,DF,6,tcp,52,10.0.40.13,10.0.99.14,59706,1514,0,S,2385887904,,64240,,mss;nop;wscale;nop;nop;sackOK
2026 Feb 03 20:43:08 (OPNsense.localdomain) any->/var/ossec/logs/opnsense_syslog.log Feb  3 19:09:44 OPNsense.localdomain filterlog[44472]: 115,,,fae559338f65e11c53669fc3642c93c2,vlan0.99,match,pass,out,4,0x0,,127,1739,0,DF,6,tcp,52,10.0.40.13,10.0.99.14,59706,1514,0,S,2385887904,,64240,,mss;nop;wscale;nop;nop;sackOK
2026 Feb 03 20:43:08 (Secretary-Windows) any->EventChannel {"win":{"system":{"providerName":"Microsoft-Windows-Sysmon","providerGuid":"{5770385f-c22a-43e0-bf4c-06f5698ffbd9}","eventID":"1","version":"5","level":"4","task":"1","opcode":"0","keywords":"0x8000000000000000","systemTime":"2026-02-04T03:33:45.2570884Z","eventRecordID":"2729","processID":"2824","threadID":"3588","channel":"Microsoft-Windows-Sysmon/Operational","computer":"WinDev2308Eval","severityValue":"INFORMATION","message":"\"Process Create:\r\nRuleName: -\r\nUtcTime: 2026-02-04 03:33:45.244\r\nProcessGuid: {de7f78ee-be19-6982-8108-000000001e00}\r\nProcessId: 1844\r\nImage: C:\\Program Files (x86)\\Microsoft\\Edge\\Application\\msedge.exe\r\nFileVersion: 144.0.3719.104\r\nDescription: Microsoft Edge\r\nProduct: Microsoft Edge\r\nCompany: Microsoft Corporation\r\nOriginalFileName: msedge.exe\r\nCommandLine: \"C:\\Program Files (x86)\\Microsoft\\Edge\\Application\\msedge.exe\" --allow-pre-commit-input --disable-background-networking --disable-backgrounding-occluded-windows --disable-client-side-phishing-detection --disable-default-apps --disable-features=IgnoreDuplicateNavs,Prewarm --disable-hang-monitor --disable-popup-blocking --disable-prompt-on-repost --disable-sync --edge-skip-compat-layer-relaunch --enable-automation --enable-logging --headless --log-level=0 --no-first-run --no-service-autorun --password-store=basic --remote-debugging-port=0 --start-maximized --test-type=webdriver --use-mock-keychain --user-data-dir=\"C:\\Users\\SECRET~1\\AppData\\Local\\Temp\\scoped_dir6216_650965905\" --window-size=1920,1080 data:,\r\nCurrentDirectory: C:\\Users\\Secretary\\user_behavior_generation\\worker\\\r\nUser: WINDEV2308EVAL\\Secretary\r\nLogonGuid: {de7f78ee-4b47-6982-f4f1-3d0000000000}\r\nLogonId: 0x3DF1F4\r\nTerminalSessionId: 2\r\nIntegrityLevel: Medium\r\nHashes: SHA256=C93DB508A45D9D394C38BA5BDC9A131C4CA09D4BF96EED2AD4794E10E359D2B8\r\nParentProcessGuid: {de7f78ee-be18-6982-8008-000000001e00}\r\nParentProcessId: 6216\r\nParentImage: C:\\Users\\Secretary\\user_behavior_generation\\worker\\msedgedriver.exe\r\nParentCommandLine: C:\\Users\\Secretary\\user_behavior_generation\\worker\\msedgedriver.exe --port=53538\r\nParentUser: WINDEV2308EVAL\\Secretary\""},"eventdata":{"utcTime":"2026-02-04 03:33:45.244","processGuid":"{de7f78ee-be19-6982-8108-000000001e00}","processId":"1844","image":"C:\\\\Program Files (x86)\\\\Microsoft\\\\Edge\\\\Application\\\\msedge.exe","fileVersion":"144.0.3719.104","description":"Microsoft Edge","product":"Microsoft Edge","company":"Microsoft Corporation","originalFileName":"msedge.exe","commandLine":"\\\"C:\\\\Program Files (x86)\\\\Microsoft\\\\Edge\\\\Application\\\\msedge.exe\\\" --allow-pre-commit-input --disable-background-networking --disable-backgrounding-occluded-windows --disable-client-side-phishing-detection --disable-default-apps --disable-features=IgnoreDuplicateNavs,Prewarm --disable-hang-monitor --disable-popup-blocking --disable-prompt-on-repost --disable-sync --edge-skip-compat-layer-relaunch --enable-automation --enable-logging --headless --log-level=0 --no-first-run --no-service-autorun --password-store=basic --remote-debugging-port=0 --start-maximized --test-type=webdriver --use-mock-keychain --user-data-dir=\\\"C:\\\\Users\\\\SECRET~1\\\\AppData\\\\Local\\\\Temp\\\\scoped_dir6216_650965905\\\" --window-size=1920,1080 data:,","currentDirectory":"C:\\\\Users\\\\Secretary\\\\user_behavior_generation\\\\worker\\\\","user":"WINDEV2308EVAL\\\\Secretary","logonGuid":"{de7f78ee-4b47-6982-f4f1-3d0000000000}","logonId":"0x3df1f4","terminalSessionId":"2","integrityLevel":"Medium","hashes":"SHA256=C93DB508A45D9D394C38BA5BDC9A131C4CA09D4BF96EED2AD4794E10E359D2B8","parentProcessGuid":"{de7f78ee-be18-6982-8008-000000001e00}","parentProcessId":"6216","parentImage":"C:\\\\Users\\\\Secretary\\\\user_behavior_generation\\\\worker\\\\msedgedriver.exe","parentCommandLine":"C:\\\\Users\\\\Secretary\\\\user_behavior_generation\\\\worker\\\\msedgedriver.exe --port=53538","parentUser":"WINDEV2308EVAL\\\\Secretary"}}}
2026 Feb 03 20:43:08 (OPNsense.localdomain) any->/var/ossec/logs/opnsense_syslog.log Feb  3 19:09:45 OPNsense.localdomain filterlog[44472]: 115,,,fae559338f65e11c53669fc3642c93c2,vlan0.99,match,pass,out,4,0x0,,127,1741,0,DF,6,tcp,52,10.0.40.13,10.0.99.14,59706,1514,0,S,2385887904,,64240,,mss;nop;wscale;nop;nop;sackOK
2026 Feb 03 20:43:08 (OPNsense.localdomain) any->/var/ossec/logs/opnsense_syslog.log Feb  3 19:09:57 OPNsense.localdomain filterlog[44472]: 115,,,fae559338f65e11c53669fc3642c93c2,vlan0.99,match,pass,out,4,0x0,,127,1745,0,DF,6,tcp,52,10.0.40.13,10.0.99.14,59707,1514,0,S,338596065,,64240,,mss;nop;wscale;nop;nop;sackOK
2026 Feb 03 20:43:08 (OPNsense.localdomain) any->/var/ossec/logs/opnsense_syslog.log Feb  3 19:09:49 OPNsense.localdomain filterlog[44472]: 115,,,fae559338f65e11c53669fc3642c93c2,vlan0.99,match,pass,out,4,0x0,,64,0,0,DF,6,tcp,60,10.0.99.1,10.0.99.14,47039,1514,0,S,1377107217,,65228,,mss;nop;wscale;sackOK;TS
2026 Feb 03 20:43:08 (OPNsense.localdomain) any->/var/ossec/logs/opnsense_syslog.log Feb  3 19:09:56 OPNsense.localdomain filterlog[44472]: 115,,,fae559338f65e11c53669fc3642c93c2,vlan0.99,match,pass,out,4,0x0,,127,1744,0,DF,6,tcp,52,10.0.40.13,10.0.99.14,59707,1514,0,S,338596065,,64240,,mss;nop;wscale;nop;nop;sackOK
2026 Feb 03 20:43:08 (OPNsense.localdomain) any->/var/ossec/logs/opnsense_syslog.log Feb  3 19:09:55 OPNsense.localdomain filterlog[44472]: 115,,,fae559338f65e11c53669fc3642c93c2,vlan0.99,match,pass,out,4,0x0,,127,1742,0,DF,6,tcp,52,10.0.40.13,10.0.99.14,59707,1514,0,S,338596065,,64240,,mss;nop;wscale;nop;nop;sackOK
2026 Feb 03 20:43:08 (OPNsense.localdomain) any->/var/ossec/logs/opnsense_syslog.log Feb  3 19:09:56 OPNsense.localdomain filterlog[44472]: 115,,,fae559338f65e11c53669fc3642c93c2,vlan0.99,match,pass,out,4,0x0,,127,1743,0,DF,6,tcp,52,10.0.40.13,10.0.99.14,59707,1514,0,S,338596065,,64240,,mss;nop;wscale;nop;nop;sackOK
2026 Feb 03 20:43:08 (OPNsense.localdomain) any->/var/ossec/logs/opnsense_syslog.log Feb  3 19:09:59 OPNsense.localdomain filterlog[44472]: 115,,,fae559338f65e11c53669fc3642c93c2,vlan0.99,match,pass,out,4,0x0,,64,0,0,DF,6,tcp,60,10.0.99.1,10.0.99.14,62140,1514,0,S,1176995852,,65228,,mss;nop;wscale;sackOK;TS
2026 Feb 03 20:43:08 (OPNsense.localdomain) any->/var/ossec/logs/opnsense_syslog.log Feb  3 19:09:57 OPNsense.localdomain filterlog[44472]: 115,,,fae559338f65e11c53669fc3642c93c2,vlan0.99,match,pass,out,4,0x0,,127,1746,0,DF,6,tcp,52,10.0.40.13,10.0.99.14,59707,1514,0,S,338596065,,64240,,mss;nop;wscale;nop;nop;sackOK
2026 Feb 03 20:43:08 (Secretary-Windows) any->EventChannel {"win":{"system":{"providerName":"Microsoft-Windows-Security-Auditing","providerGuid":"{54849625-5478-4994-a5ba-3e3b0328c30d}","eventID":"4648","version":"0","level":"0","task":"12544","opcode":"0","keywords":"0x8020000000000000","systemTime":"2026-02-04T04:09:23.2658942Z","eventRecordID":"51997","processID":"764","threadID":"2164","channel":"Security","computer":"WinDev2308Eval","severityValue":"AUDIT_SUCCESS","message":"\"A logon was attempted using explicit credentials.\r\n\r\nSubject:\r\n\tSecurity ID:\t\tS-1-5-18\r\n\tAccount Name:\t\tWINDEV2308EVAL$\r\n\tAccount Domain:\t\tWORKGROUP\r\n\tLogon ID:\t\t0x3E7\r\n\tLogon GUID:\t\t{00000000-0000-0000-0000-000000000000}\r\n\r\nAccount Whose Credentials Were Used:\r\n\tAccount Name:\t\tsshd_6736\r\n\tAccount Domain:\t\tVIRTUAL USERS\r\n\tLogon GUID:\t\t{00000000-0000-0000-0000-000000000000}\r\n\r\nTarget Server:\r\n\tTarget Server Name:\tlocalhost\r\n\tAdditional Information:\tlocalhost\r\n\r\nProcess Information:\r\n\tProcess ID:\t\t0x1a50\r\n\tProcess Name:\t\tC:\\Windows\\System32\\OpenSSH\\sshd.exe\r\n\r\nNetwork Information:\r\n\tNetwork Address:\t-\r\n\tPort:\t\t\t-\r\n\r\nThis event is generated when a process attempts to log on an account by explicitly specifying that account’s credentials.  This most commonly occurs in batch-type configurations such as scheduled tasks, or when using the RUNAS command.\""},"eventdata":{"subjectUserSid":"S-1-5-18","subjectUserName":"WINDEV2308EVAL$","subjectDomainName":"WORKGROUP","subjectLogonId":"0x3e7","logonGuid":"{00000000-0000-0000-0000-000000000000}","targetUserName":"sshd_6736","targetDomainName":"VIRTUAL USERS","targetLogonGuid":"{00000000-0000-0000-0000-000000000000}","targetServerName":"localhost","targetInfo":"localhost","processId":"0x1a50","processName":"C:\\\\Windows\\\\System32\\\\OpenSSH\\\\sshd.exe"}}}
2026 Feb 03 20:43:08 (OPNsense.localdomain) any->/var/ossec/logs/opnsense_syslog.log Feb  3 19:10:00 OPNsense.localdomain filterlog[44472]: 115,,,fae559338f65e11c53669fc3642c93c2,lo0,match,pass,out,4,0x0,,64,24212,0,none,17,udp,69,127.0.0.1,127.0.0.1,44950,53,49
2026 Feb 03 20:43:08 (OPNsense.localdomain) any->/var/ossec/logs/opnsense_syslog.log Feb  3 19:10:00 OPNsense.localdomain filterlog[44472]: 118,,,6125cb207f65033775d1069fdf6d0ccf,vtnet0,match,pass,out,4,0x0,,64,0,0,DF,17,udp,80,203.0.213.2,193.205.160.139,35824,53,60
2026 Feb 03 20:43:08 (OPNsense.localdomain) any->/var/ossec/logs/opnsense_syslog.log Feb  3 19:10:00 OPNsense.localdomain filterlog[44472]: 115,,,fae559338f65e11c53669fc3642c93c2,lo0,match,pass,out,4,0x0,,64,36492,0,none,17,udp,69,127.0.0.1,127.0.0.1,53630,53,49
2026 Feb 03 20:43:08 (OPNsense.localdomain) any->/var/ossec/logs/opnsense_syslog.log Feb  3 19:09:59 OPNsense.localdomain filterlog[44472]: 115,,,fae559338f65e11c53669fc3642c93c2,vlan0.99,match,pass,out,4,0x0,,64,0,0,DF,6,tcp,60,10.0.99.1,10.0.99.14,61720,1515,0,S,510775072,,65228,,mss;nop;wscale;sackOK;TS
2026 Feb 03 20:43:08 (OPNsense.localdomain) any->/var/ossec/logs/opnsense_syslog.log Feb  3 19:10:00 OPNsense.localdomain filterlog[44472]: 118,,,6125cb207f65033775d1069fdf6d0ccf,vtnet0,match,pass,out,4,0x0,,64,0,0,DF,17,udp,80,203.0.213.2,193.205.160.3,17214,53,60
2026 Feb 03 20:43:08 (OPNsense.localdomain) any->/var/ossec/logs/opnsense_syslog.log Feb  3 19:10:00 OPNsense.localdomain filterlog[44472]: 118,,,6125cb207f65033775d1069fdf6d0ccf,vtnet0,match,pass,out,4,0xb8,,64,9096,0,none,17,udp,76,203.0.213.2,93.94.88.50,123,123,56
2026 Feb 03 20:43:08 (OPNsense.localdomain) any->/var/ossec/logs/opnsense_syslog.log Feb  3 19:10:03 OPNsense.localdomain filterlog[44472]: 118,,,6125cb207f65033775d1069fdf6d0ccf,vtnet0,match,pass,out,4,0x0,,64,0,0,DF,17,udp,77,203.0.213.2,193.205.160.3,64496,53,57
2026 Feb 03 20:43:08 (Secretary-Windows) any->EventChannel {"win":{"system":{"providerName":"Microsoft-Windows-Sysmon","providerGuid":"{5770385f-c22a-43e0-bf4c-06f5698ffbd9}","eventID":"1","version":"5","level":"4","task":"1","opcode":"0","keywords":"0x8000000000000000","systemTime":"2026-02-04T03:33:45.3570588Z","eventRecordID":"2730","processID":"2824","threadID":"3588","channel":"Microsoft-Windows-Sysmon/Operational","computer":"WinDev2308Eval","severityValue":"INFORMATION","message":"\"Process Create:\r\nRuleName: -\r\nUtcTime: 2026-02-04 03:33:45.335\r\nProcessGuid: {de7f78ee-be19-6982-8208-000000001e00}\r\nProcessId: 4316\r\nImage: C:\\Program Files (x86)\\Microsoft\\Edge\\Application\\msedge.exe\r\nFileVersion: 144.0.3719.104\r\nDescription: Microsoft Edge\r\nProduct: Microsoft Edge\r\nCompany: Microsoft Corporation\r\nOriginalFileName: msedge.exe\r\nCommandLine: \"C:\\Program Files (x86)\\Microsoft\\Edge\\Application\\msedge.exe\" --type=crashpad-handler --user-data-dir=C:\\Users\\SECRET~1\\AppData\\Local\\Temp\\scoped_dir6216_650965905 /prefetch:4 --monitor-self-annotation=ptype=crashpad-handler --database=C:\\Users\\SECRET~1\\AppData\\Local\\Temp\\scoped_dir6216_650965905\\Crashpad --annotation=IsOfficialBuild=1 --annotation=channel= --annotation=chromium-version=144.0.7559.110 \"--annotation=exe=C:\\Program Files (x86)\\Microsoft\\Edge\\Application\\msedge.exe\" --annotation=plat=Win64 --annotation=prod=Edge --annotation=ver=144.0.3719.104 --initial-client-data=0x19c,0x1a0,0x1a4,0x178,0x1ac,0x7ffb785b2c98,0x7ffb785b2ca4,0x7ffb785b2cb0\r\nCurrentDirectory: C:\\Program Files (x86)\\Microsoft\\Edge\\Application\\\r\nUser: WINDEV2308EVAL\\Secretary\r\nLogonGuid: {de7f78ee-4b47-6982-f4f1-3d0000000000}\r\nLogonId: 0x3DF1F4\r\nTerminalSessionId: 2\r\nIntegrityLevel: Medium\r\nHashes: SHA256=C93DB508A45D9D394C38BA5BDC9A131C4CA09D4BF96EED2AD4794E10E359D2B8\r\nParentProcessGuid: {de7f78ee-be19-6982-8108-000000001e00}\r\nParentProcessId: 1844\r\nParentImage: C:\\Program Files (x86)\\Microsoft\\Edge\\Application\\msedge.exe\r\nParentCommandLine: \"C:\\Program Files (x86)\\Microsoft\\Edge\\Application\\msedge.exe\" --allow-pre-commit-input --disable-background-networking --disable-backgrounding-occluded-windows --disable-client-side-phishing-detection --disable-default-apps --disable-features=IgnoreDuplicateNavs,Prewarm --disable-hang-monitor --disable-popup-blocking --disable-prompt-on-repost --disable-sync --edge-skip-compat-layer-relaunch --enable-automation --enable-logging --headless --log-level=0 --no-first-run --no-service-autorun --password-store=basic --remote-debugging-port=0 --start-maximized --test-type=webdriver --use-mock-keychain --user-data-dir=\"C:\\Users\\SECRET~1\\AppData\\Local\\Temp\\scoped_dir6216_650965905\" --window-size=1920,1080 data:,\r\nParentUser: WINDEV2308EVAL\\Secretary\""},"eventdata":{"utcTime":"2026-02-04 03:33:45.335","processGuid":"{de7f78ee-be19-6982-8208-000000001e00}","processId":"4316","image":"C:\\\\Program Files (x86)\\\\Microsoft\\\\Edge\\\\Application\\\\msedge.exe","fileVersion":"144.0.3719.104","description":"Microsoft Edge","product":"Microsoft Edge","company":"Microsoft Corporation","originalFileName":"msedge.exe","commandLine":"\\\"C:\\\\Program Files (x86)\\\\Microsoft\\\\Edge\\\\Application\\\\msedge.exe\\\" --type=crashpad-handler --user-data-dir=C:\\\\Users\\\\SECRET~1\\\\AppData\\\\Local\\\\Temp\\\\scoped_dir6216_650965905 /prefetch:4 --monitor-self-annotation=ptype=crashpad-handler --database=C:\\\\Users\\\\SECRET~1\\\\AppData\\\\Local\\\\Temp\\\\scoped_dir6216_650965905\\\\Crashpad --annotation=IsOfficialBuild=1 --annotation=channel= --annotation=chromium-version=144.0.7559.110 \\\"--annotation=exe=C:\\\\Program Files (x86)\\\\Microsoft\\\\Edge\\\\Application\\\\msedge.exe\\\" --annotation=plat=Win64 --annotation=prod=Edge --annotation=ver=144.0.3719.104 --initial-client-data=0x19c,0x1a0,0x1a4,0x178,0x1ac,0x7ffb785b2c98,0x7ffb785b2ca4,0x7ffb785b2cb0","currentDirectory":"C:\\\\Program Files (x86)\\\\Microsoft\\\\Edge\\\\Application\\\\","user":"WINDEV2308EVAL\\\\Secretary","logonGuid":"{de7f78ee-4b47-6982-f4f1-3d0000000000}","logonId":"0x3df1f4","terminalSessionId":"2","integrityLevel":"Medium","hashes":"SHA256=C93DB508A45D9D394C38BA5BDC9A131C4CA09D4BF96EED2AD4794E10E359D2B8","parentProcessGuid":"{de7f78ee-be19-6982-8108-000000001e00}","parentProcessId":"1844","parentImage":"C:\\\\Program Files (x86)\\\\Microsoft\\\\Edge\\\\Application\\\\msedge.exe","parentCommandLine":"\\\"C:\\\\Program Files (x86)\\\\Microsoft\\\\Edge\\\\Application\\\\msedge.exe\\\" --allow-pre-commit-input --disable-background-networking --disable-backgrounding-occluded-windows --disable-client-side-phishing-detection --disable-default-apps --disable-features=IgnoreDuplicateNavs,Prewarm --disable-hang-monitor --disable-popup-blocking --disable-prompt-on-repost --disable-sync --edge-skip-compat-layer-relaunch --enable-automation --enable-logging --headless --log-level=0 --no-first-run --no-service-autorun --password-store=basic --remote-debugging-port=0 --start-maximized --test-type=webdriver --use-mock-keychain --user-data-dir=\\\"C:\\\\Users\\\\SECRET~1\\\\AppData\\\\Local\\\\Temp\\\\scoped_dir6216_650965905\\\" --window-size=1920,1080 data:,","parentUser":"WINDEV2308EVAL\\\\Secretary"}}}
2026 Feb 03 20:43:08 (OPNsense.localdomain) any->/var/ossec/logs/opnsense_syslog.log Feb  3 19:10:03 OPNsense.localdomain filterlog[44472]: 118,,,6125cb207f65033775d1069fdf6d0ccf,vtnet0,match,pass,out,4,0x0,,64,0,0,DF,17,udp,77,203.0.213.2,193.205.160.139,23871,53,57
2026 Feb 03 20:43:08 (OPNsense.localdomain) any->/var/ossec/logs/opnsense_syslog.log Feb  3 19:10:08 OPNsense.localdomain filterlog[44472]: 115,,,fae559338f65e11c53669fc3642c93c2,vlan0.99,match,pass,out,4,0x0,,127,1749,0,DF,6,tcp,52,10.0.40.13,10.0.99.14,59708,1514,0,S,182084832,,64240,,mss;nop;wscale;nop;nop;sackOK
2026 Feb 03 20:43:08 (OPNsense.localdomain) any->/var/ossec/logs/opnsense_syslog.log Feb  3 19:10:09 OPNsense.localdomain filterlog[44472]: 115,,,fae559338f65e11c53669fc3642c93c2,vlan0.99,match,pass,out,4,0x0,,127,1750,0,DF,6,tcp,52,10.0.40.13,10.0.99.14,59708,1514,0,S,182084832,,64240,,mss;nop;wscale;nop;nop;sackOK
2026 Feb 03 20:43:08 (OPNsense.localdomain) any->/var/ossec/logs/opnsense_syslog.log Feb  3 19:10:09 OPNsense.localdomain filterlog[44472]: 115,,,fae559338f65e11c53669fc3642c93c2,vlan0.99,match,pass,out,4,0x0,,64,0,0,DF,6,tcp,60,10.0.99.1,10.0.99.14,32864,1514,0,S,1111845282,,65228,,mss;nop;wscale;sackOK;TS
2026 Feb 03 20:43:08 (OPNsense.localdomain) any->/var/ossec/logs/opnsense_syslog.log Feb  3 19:10:09 OPNsense.localdomain filterlog[44472]: 115,,,fae559338f65e11c53669fc3642c93c2,vlan0.99,match,pass,out,4,0x0,,127,1751,0,DF,6,tcp,52,10.0.40.13,10.0.99.14,59708,1514,0,S,182084832,,64240,,mss;nop;wscale;nop;nop;sackOK
2026 Feb 03 20:43:08 (OPNsense.localdomain) any->/var/ossec/logs/opnsense_syslog.log Feb  3 19:10:07 OPNsense.localdomain filterlog[44472]: 115,,,fae559338f65e11c53669fc3642c93c2,vlan0.99,match,pass,out,4,0x0,,127,1747,0,DF,6,tcp,52,10.0.40.13,10.0.99.14,59708,1514,0,S,182084832,,64240,,mss;nop;wscale;nop;nop;sackOK
2026 Feb 03 20:43:08 (OPNsense.localdomain) any->/var/ossec/logs/opnsense_syslog.log Feb  3 19:10:08 OPNsense.localdomain filterlog[44472]: 115,,,fae559338f65e11c53669fc3642c93c2,vlan0.99,match,pass,out,4,0x0,,127,1748,0,DF,6,tcp,52,10.0.40.13,10.0.99.14,59708,1514,0,S,182084832,,64240,,mss;nop;wscale;nop;nop;sackOK
2026 Feb 03 20:43:08 (OPNsense.localdomain) any->/var/ossec/logs/opnsense_syslog.log Feb  3 19:10:20 OPNsense.localdomain filterlog[44472]: 115,,,fae559338f65e11c53669fc3642c93c2,vlan0.99,match,pass,out,4,0x0,,127,1753,0,DF,6,tcp,52,10.0.40.13,10.0.99.14,59709,1514,0,S,3015968271,,64240,,mss;nop;wscale;nop;nop;sackOK
2026 Feb 03 20:43:08 (OPNsense.localdomain) any->/var/ossec/logs/opnsense_syslog.log Feb  3 19:10:21 OPNsense.localdomain filterlog[44472]: 115,,,fae559338f65e11c53669fc3642c93c2,vlan0.99,match,pass,out,4,0x0,,127,1756,0,DF,6,tcp,52,10.0.40.13,10.0.99.14,59709,1514,0,S,3015968271,,64240,,mss;nop;wscale;nop;nop;sackOK
2026 Feb 03 20:43:08 (OPNsense.localdomain) any->/var/ossec/logs/opnsense_syslog.log Feb  3 19:10:21 OPNsense.localdomain filterlog[44472]: 115,,,fae559338f65e11c53669fc3642c93c2,vlan0.99,match,pass,out,4,0x0,,127,1757,0,DF,6,tcp,52,10.0.40.13,10.0.99.14,59710,1515,0,S,2136524009,,64240,,mss;nop;wscale;nop;nop;sackOK
2026 Feb 03 20:43:08 (OPNsense.localdomain) any->/var/ossec/logs/opnsense_syslog.log Feb  3 19:10:21 OPNsense.localdomain filterlog[44472]: 115,,,fae559338f65e11c53669fc3642c93c2,vlan0.99,match,pass,out,4,0x0,,127,1755,0,DF,6,tcp,52,10.0.40.13,10.0.99.14,59709,1514,0,S,3015968271,,64240,,mss;nop;wscale;nop;nop;sackOK
2026 Feb 03 20:43:08 (OPNsense.localdomain) any->/var/ossec/logs/opnsense_syslog.log Feb  3 19:10:20 OPNsense.localdomain filterlog[44472]: 115,,,fae559338f65e11c53669fc3642c93c2,vlan0.99,match,pass,out,4,0x0,,127,1754,0,DF,6,tcp,52,10.0.40.13,10.0.99.14,59709,1514,0,S,3015968271,,64240,,mss;nop;wscale;nop;nop;sackOK
2026 Feb 03 20:43:08 (OPNsense.localdomain) any->/var/ossec/logs/opnsense_syslog.log Feb  3 19:10:19 OPNsense.localdomain filterlog[44472]: 115,,,fae559338f65e11c53669fc3642c93c2,vlan0.99,match,pass,out,4,0x0,,127,1752,0,DF,6,tcp,52,10.0.40.13,10.0.99.14,59709,1514,0,S,3015968271,,64240,,mss;nop;wscale;nop;nop;sackOK
2026 Feb 03 20:43:08 (OPNsense.localdomain) any->/var/ossec/logs/opnsense_syslog.log Feb  3 19:10:19 OPNsense.localdomain filterlog[44472]: 115,,,fae559338f65e11c53669fc3642c93c2,vlan0.99,match,pass,out,4,0x0,,64,0,0,DF,6,tcp,60,10.0.99.1,10.0.99.14,54434,1514,0,S,2125698422,,65228,,mss;nop;wscale;sackOK;TS
2026 Feb 03 20:43:08 (Secretary-Windows) any->EventChannel {"win":{"system":{"providerName":"Microsoft-Windows-Security-Auditing","providerGuid":"{54849625-5478-4994-a5ba-3e3b0328c30d}","eventID":"4624","version":"3","level":"0","task":"12544","opcode":"0","keywords":"0x8020000000000000","systemTime":"2026-02-04T04:09:23.2659605Z","eventRecordID":"51998","processID":"764","threadID":"2164","channel":"Security","computer":"WinDev2308Eval","severityValue":"AUDIT_SUCCESS","message":"\"An account was successfully logged on.\r\n\r\nSubject:\r\n\tSecurity ID:\t\tS-1-5-18\r\n\tAccount Name:\t\tWINDEV2308EVAL$\r\n\tAccount Domain:\t\tWORKGROUP\r\n\tLogon ID:\t\t0x3E7\r\n\r\nLogon Information:\r\n\tLogon Type:\t\t5\r\n\tRestricted Admin Mode:\t-\r\n\tRemote Credential Guard:\t-\r\n\tVirtual Account:\t\tYes\r\n\tElevated Token:\t\tYes\r\n\r\nImpersonation Level:\t\tImpersonation\r\n\r\nNew Logon:\r\n\tSecurity ID:\t\tS-1-5-111-3847866527-469524349-687026318-516638107-1125189541-6736\r\n\tAccount Name:\t\tsshd_6736\r\n\tAccount Domain:\t\tVIRTUAL USERS\r\n\tLogon ID:\t\t0x103CDEB\r\n\tLinked Logon ID:\t\t0x0\r\n\tNetwork Account Name:\t-\r\n\tNetwork Account Domain:\t-\r\n\tLogon GUID:\t\t{00000000-0000-0000-0000-000000000000}\r\n\r\nProcess Information:\r\n\tProcess ID:\t\t0x1a50\r\n\tProcess Name:\t\tC:\\Windows\\System32\\OpenSSH\\sshd.exe\r\n\r\nNetwork Information:\r\n\tWorkstation Name:\t-\r\n\tSource Network Address:\t-\r\n\tSource Port:\t\t-\r\n\r\nDetailed Authentication Information:\r\n\tLogon Process:\t\tAdvapi  \r\n\tAuthentication Package:\tNegotiate\r\n\tTransited Services:\t-\r\n\tPackage Name (NTLM only):\t-\r\n\tKey Length:\t\t0\r\n\r\nThis event is generated when a logon session is created. It is generated on the computer that was accessed.\r\n\r\nThe subject fields indicate the account on the local system which requested the logon. This is most commonly a service such as the Server service, or a local process such as Winlogon.exe or Services.exe.\r\n\r\nThe logon type field indicates the kind of logon that occurred. The most common types are 2 (interactive) and 3 (network).\r\n\r\nThe New Logon fields indicate the account for whom the new logon was created, i.e. the account that was logged on.\r\n\r\nThe network fields indicate where a remote logon request originated. Workstation name is not always available and may be left blank in some cases.\r\n\r\nThe impersonation level field indicates the extent to which a process in the logon session can impersonate.\r\n\r\nThe authentication information fields provide detailed information about this specific logon request.\r\n\t- Logon GUID is a unique identifier that can be used to correlate this event with a KDC event.\r\n\t- Transited services indicate which intermediate services have participated in this logon request.\r\n\t- Package name indicates which sub-protocol was used among the NTLM protocols.\r\n\t- Key length indicates the length of the generated session key. This will be 0 if no session key was requested.\""},"eventdata":{"subjectUserSid":"S-1-5-18","subjectUserName":"WINDEV2308EVAL$","subjectDomainName":"WORKGROUP","subjectLogonId":"0x3e7","targetUserSid":"S-1-5-111-3847866527-469524349-687026318-516638107-1125189541-6736","targetUserName":"sshd_6736","targetDomainName":"VIRTUAL USERS","targetLogonId":"0x103cdeb","logonType":"5","logonProcessName":"Advapi","authenticationPackageName":"Negotiate","logonGuid":"{00000000-0000-0000-0000-000000000000}","keyLength":"0","processId":"0x1a50","processName":"C:\\\\Windows\\\\System32\\\\OpenSSH\\\\sshd.exe","impersonationLevel":"%%1833","virtualAccount":"%%1842","targetLinkedLogonId":"0x0","elevatedToken":"%%1842"}}}
2026 Feb 03 20:43:08 (OPNsense.localdomain) any->/var/ossec/logs/opnsense_syslog.log Feb  3 19:10:23 OPNsense.localdomain filterlog[44472]: 115,,,fae559338f65e11c53669fc3642c93c2,vlan0.99,match,pass,out,4,0x0,,127,1761,0,DF,6,tcp,52,10.0.40.13,10.0.99.14,59710,1515,0,S,2136524009,,64240,,mss;nop;wscale;nop;nop;sackOK
2026 Feb 03 20:43:08 (OPNsense.localdomain) any->/var/ossec/logs/opnsense_syslog.log Feb  3 19:10:27 OPNsense.localdomain filterlog[44472]: 118,,,6125cb207f65033775d1069fdf6d0ccf,vtnet0,match,pass,out,4,0x0,,64,0,0,DF,17,udp,86,203.0.213.2,193.205.160.139,36458,53,66
2026 Feb 03 20:43:08 (OPNsense.localdomain) any->/var/ossec/logs/opnsense_syslog.log Feb  3 19:10:22 OPNsense.localdomain filterlog[44472]: 115,,,fae559338f65e11c53669fc3642c93c2,vlan0.99,match,pass,out,4,0x0,,127,1759,0,DF,6,tcp,52,10.0.40.13,10.0.99.14,59710,1515,0,S,2136524009,,64240,,mss;nop;wscale;nop;nop;sackOK
2026 Feb 03 20:43:08 (OPNsense.localdomain) any->/var/ossec/logs/opnsense_syslog.log Feb  3 19:10:23 OPNsense.localdomain filterlog[44472]: 115,,,fae559338f65e11c53669fc3642c93c2,vlan0.99,match,pass,out,4,0x0,,127,1760,0,DF,6,tcp,52,10.0.40.13,10.0.99.14,59710,1515,0,S,2136524009,,64240,,mss;nop;wscale;nop;nop;sackOK
2026 Feb 03 20:43:08 (OPNsense.localdomain) any->/var/ossec/logs/opnsense_syslog.log Feb  3 19:10:22 OPNsense.localdomain filterlog[44472]: 115,,,fae559338f65e11c53669fc3642c93c2,vlan0.99,match,pass,out,4,0x0,,127,1758,0,DF,6,tcp,52,10.0.40.13,10.0.99.14,59710,1515,0,S,2136524009,,64240,,mss;nop;wscale;nop;nop;sackOK
2026 Feb 03 20:43:08 (Secretary-Windows) any->EventChannel {"win":{"system":{"providerName":"Microsoft-Windows-Security-Auditing","providerGuid":"{54849625-5478-4994-a5ba-3e3b0328c30d}","eventID":"4672","version":"0","level":"0","task":"12548","opcode":"0","keywords":"0x8020000000000000","systemTime":"2026-02-04T04:09:23.2659945Z","eventRecordID":"51999","processID":"764","threadID":"2164","channel":"Security","computer":"WinDev2308Eval","severityValue":"AUDIT_SUCCESS","message":"\"Special privileges assigned to new logon.\r\n\r\nSubject:\r\n\tSecurity ID:\t\tS-1-5-111-3847866527-469524349-687026318-516638107-1125189541-6736\r\n\tAccount Name:\t\tsshd_6736\r\n\tAccount Domain:\t\tVIRTUAL USERS\r\n\tLogon ID:\t\t0x103CDEB\r\n\r\nPrivileges:\t\tSeImpersonatePrivilege\""},"eventdata":{"subjectUserSid":"S-1-5-111-3847866527-469524349-687026318-516638107-1125189541-6736","subjectUserName":"sshd_6736","subjectDomainName":"VIRTUAL USERS","subjectLogonId":"0x103cdeb","privilegeList":"SeImpersonatePrivilege"}}}
