2026 Feb 03 20:43:06 (Secretary-Windows) any->EventChannel {"win":{"system":{"providerName":"Microsoft-Windows-Sysmon","providerGuid":"{5770385f-c22a-43e0-bf4c-06f5698ffbd9}","eventID":"5","version":"3","level":"4","task":"5","opcode":"0","keywords":"0x8000000000000000","systemTime":"2026-02-04T03:29:10.6352297Z","eventRecordID":"2627","processID":"2824","threadID":"3588","channel":"Microsoft-Windows-Sysmon/Operational","computer":"WinDev2308Eval","severityValue":"INFORMATION","message":"\"Process terminated:\r\nRuleName: -\r\nUtcTime: 2026-02-04 03:29:10.631\r\nProcessGuid: {de7f78ee-bcde-6982-4b08-000000001e00}\r\nProcessId: 3056\r\nImage: C:\\Windows\\System32\\RuntimeBroker.exe\r\nUser: WINDEV2308EVAL\\Secretary\""},"eventdata":{"utcTime":"2026-02-04 03:29:10.631","processGuid":"{de7f78ee-bcde-6982-4b08-000000001e00}","processId":"3056","image":"C:\\\\Windows\\\\System32\\\\RuntimeBroker.exe","user":"WINDEV2308EVAL\\\\Secretary"}}}
2026 Feb 03 20:43:06 (Secretary-Windows) any->EventChannel {"win":{"system":{"providerName":"Microsoft-Windows-Security-Auditing","providerGuid":"{54849625-5478-4994-a5ba-3e3b0328c30d}","eventID":"4648","version":"0","level":"0","task":"12544","opcode":"0","keywords":"0x8020000000000000","systemTime":"2026-02-04T03:33:33.8618919Z","eventRecordID":"51913","processID":"764","threadID":"2164","channel":"Security","computer":"WinDev2308Eval","severityValue":"AUDIT_SUCCESS","message":"\"A logon was attempted using explicit credentials.\r\n\r\nSubject:\r\n\tSecurity ID:\t\tS-1-5-18\r\n\tAccount Name:\t\tWINDEV2308EVAL$\r\n\tAccount Domain:\t\tWORKGROUP\r\n\tLogon ID:\t\t0x3E7\r\n\tLogon GUID:\t\t{00000000-0000-0000-0000-000000000000}\r\n\r\nAccount Whose Credentials Were Used:\r\n\tAccount Name:\t\tSecretary\r\n\tAccount Domain:\t\tWINDEV2308EVAL\r\n\tLogon GUID:\t\t{00000000-0000-0000-0000-000000000000}\r\n\r\nTarget Server:\r\n\tTarget Server Name:\tlocalhost\r\n\tAdditional Information:\tlocalhost\r\n\r\nProcess Information:\r\n\tProcess ID:\t\t0x1d50\r\n\tProcess Name:\t\tC:\\Windows\\System32\\OpenSSH\\sshd.exe\r\n\r\nNetwork Information:\r\n\tNetwork Address:\t-\r\n\tPort:\t\t\t-\r\n\r\nThis event is generated when a process attempts to log on an account by explicitly specifying that account’s credentials.  This most commonly occurs in batch-type configurations such as scheduled tasks, or when using the RUNAS command.\""},"eventdata":{"subjectUserSid":"S-1-5-18","subjectUserName":"WINDEV2308EVAL$","subjectDomainName":"WORKGROUP","subjectLogonId":"0x3e7","logonGuid":"{00000000-0000-0000-0000-000000000000}","targetUserName":"Secretary","targetDomainName":"WINDEV2308EVAL","targetLogonGuid":"{00000000-0000-0000-0000-000000000000}","targetServerName":"localhost","targetInfo":"localhost","processId":"0x1d50","processName":"C:\\\\Windows\\\\System32\\\\OpenSSH\\\\sshd.exe"}}}
2026 Feb 03 20:43:06 (Secretary-Windows) any->EventChannel {"win":{"system":{"providerName":"Microsoft-Windows-Sysmon","providerGuid":"{5770385f-c22a-43e0-bf4c-06f5698ffbd9}","eventID":"5","version":"3","level":"4","task":"5","opcode":"0","keywords":"0x8000000000000000","systemTime":"2026-02-04T03:29:31.5183513Z","eventRecordID":"2628","processID":"2824","threadID":"3588","channel":"Microsoft-Windows-Sysmon/Operational","computer":"WinDev2308Eval","severityValue":"INFORMATION","message":"\"Process terminated:\r\nRuleName: -\r\nUtcTime: 2026-02-04 03:29:31.509\r\nProcessGuid: {de7f78ee-bcdd-6982-4908-000000001e00}\r\nProcessId: 6544\r\nImage: C:\\Windows\\System32\\svchost.exe\r\nUser: NT AUTHORITY\\SYSTEM\""},"eventdata":{"utcTime":"2026-02-04 03:29:31.509","processGuid":"{de7f78ee-bcdd-6982-4908-000000001e00}","processId":"6544","image":"C:\\\\Windows\\\\System32\\\\svchost.exe","user":"NT AUTHORITY\\\\SYSTEM"}}}
2026 Feb 03 20:43:06 (Secretary-Windows) any->EventChannel {"win":{"system":{"providerName":"Microsoft-Windows-Security-Auditing","providerGuid":"{54849625-5478-4994-a5ba-3e3b0328c30d}","eventID":"4624","version":"3","level":"0","task":"12544","opcode":"0","keywords":"0x8020000000000000","systemTime":"2026-02-04T03:33:33.8620095Z","eventRecordID":"51914","processID":"764","threadID":"2164","channel":"Security","computer":"WinDev2308Eval","severityValue":"AUDIT_SUCCESS","message":"\"An account was successfully logged on.\r\n\r\nSubject:\r\n\tSecurity ID:\t\tS-1-5-18\r\n\tAccount Name:\t\tWINDEV2308EVAL$\r\n\tAccount Domain:\t\tWORKGROUP\r\n\tLogon ID:\t\t0x3E7\r\n\r\nLogon Information:\r\n\tLogon Type:\t\t3\r\n\tRestricted Admin Mode:\t-\r\n\tRemote Credential Guard:\t-\r\n\tVirtual Account:\t\tNo\r\n\tElevated Token:\t\tYes\r\n\r\nImpersonation Level:\t\tImpersonation\r\n\r\nNew Logon:\r\n\tSecurity ID:\t\tS-1-5-21-3116511072-3024718013-308258476-1001\r\n\tAccount Name:\t\tSecretary\r\n\tAccount Domain:\t\tWINDEV2308EVAL\r\n\tLogon ID:\t\t0xF55E16\r\n\tLinked Logon ID:\t\t0x0\r\n\tNetwork Account Name:\t-\r\n\tNetwork Account Domain:\t-\r\n\tLogon GUID:\t\t{00000000-0000-0000-0000-000000000000}\r\n\r\nProcess Information:\r\n\tProcess ID:\t\t0x1d50\r\n\tProcess Name:\t\tC:\\Windows\\System32\\OpenSSH\\sshd.exe\r\n\r\nNetwork Information:\r\n\tWorkstation Name:\t-\r\n\tSource Network Address:\t-\r\n\tSource Port:\t\t-\r\n\r\nDetailed Authentication Information:\r\n\tLogon Process:\t\tsshd\r\n\tAuthentication Package:\tMICROSOFT_AUTHENTICATION_PACKAGE_V1_0\r\n\tTransited Services:\t-\r\n\tPackage Name (NTLM only):\t-\r\n\tKey Length:\t\t0\r\n\r\nThis event is generated when a logon session is created. It is generated on the computer that was accessed.\r\n\r\nThe subject fields indicate the account on the local system which requested the logon. This is most commonly a service such as the Server service, or a local process such as Winlogon.exe or Services.exe.\r\n\r\nThe logon type field indicates the kind of logon that occurred. The most common types are 2 (interactive) and 3 (network).\r\n\r\nThe New Logon fields indicate the account for whom the new logon was created, i.e. the account that was logged on.\r\n\r\nThe network fields indicate where a remote logon request originated. Workstation name is not always available and may be left blank in some cases.\r\n\r\nThe impersonation level field indicates the extent to which a process in the logon session can impersonate.\r\n\r\nThe authentication information fields provide detailed information about this specific logon request.\r\n\t- Logon GUID is a unique identifier that can be used to correlate this event with a KDC event.\r\n\t- Transited services indicate which intermediate services have participated in this logon request.\r\n\t- Package name indicates which sub-protocol was used among the NTLM protocols.\r\n\t- Key length indicates the length of the generated session key. This will be 0 if no session key was requested.\""},"eventdata":{"subjectUserSid":"S-1-5-18","subjectUserName":"WINDEV2308EVAL$","subjectDomainName":"WORKGROUP","subjectLogonId":"0x3e7","targetUserSid":"S-1-5-21-3116511072-3024718013-308258476-1001","targetUserName":"Secretary","targetDomainName":"WINDEV2308EVAL","targetLogonId":"0xf55e16","logonType":"3","logonProcessName":"sshd","authenticationPackageName":"MICROSOFT_AUTHENTICATION_PACKAGE_V1_0","logonGuid":"{00000000-0000-0000-0000-000000000000}","keyLength":"0","processId":"0x1d50","processName":"C:\\\\Windows\\\\System32\\\\OpenSSH\\\\sshd.exe","impersonationLevel":"%%1833","virtualAccount":"%%1843","targetLinkedLogonId":"0x0","elevatedToken":"%%1842"}}}
2026 Feb 03 20:43:06 (Secretary-Windows) any->EventChannel {"win":{"system":{"providerName":"Microsoft-Windows-Security-Auditing","providerGuid":"{54849625-5478-4994-a5ba-3e3b0328c30d}","eventID":"4672","version":"0","level":"0","task":"12548","opcode":"0","keywords":"0x8020000000000000","systemTime":"2026-02-04T03:33:33.8621003Z","eventRecordID":"51915","processID":"764","threadID":"2164","channel":"Security","computer":"WinDev2308Eval","severityValue":"AUDIT_SUCCESS","message":"\"Special privileges assigned to new logon.\r\n\r\nSubject:\r\n\tSecurity ID:\t\tS-1-5-21-3116511072-3024718013-308258476-1001\r\n\tAccount Name:\t\tSecretary\r\n\tAccount Domain:\t\tWINDEV2308EVAL\r\n\tLogon ID:\t\t0xF55E16\r\n\r\nPrivileges:\t\tSeSecurityPrivilege\r\n\t\t\tSeTakeOwnershipPrivilege\r\n\t\t\tSeLoadDriverPrivilege\r\n\t\t\tSeBackupPrivilege\r\n\t\t\tSeRestorePrivilege\r\n\t\t\tSeDebugPrivilege\r\n\t\t\tSeSystemEnvironmentPrivilege\r\n\t\t\tSeImpersonatePrivilege\r\n\t\t\tSeDelegateSessionUserImpersonatePrivilege\""},"eventdata":{"subjectUserSid":"S-1-5-21-3116511072-3024718013-308258476-1001","subjectUserName":"Secretary","subjectDomainName":"WINDEV2308EVAL","subjectLogonId":"0xf55e16","privilegeList":"SeSecurityPrivilege     SeTakeOwnershipPrivilege     SeLoadDriverPrivilege     SeBackupPrivilege     SeRestorePrivilege     SeDebugPrivilege     SeSystemEnvironmentPrivilege     SeImpersonatePrivilege     SeDelegateSessionUserImpersonatePrivilege"}}}
2026 Feb 03 20:43:06 (Secretary-Windows) any->EventChannel {"win":{"system":{"providerName":"Microsoft-Windows-Sysmon","providerGuid":"{5770385f-c22a-43e0-bf4c-06f5698ffbd9}","eventID":"5","version":"3","level":"4","task":"5","opcode":"0","keywords":"0x8000000000000000","systemTime":"2026-02-04T03:29:32.2712726Z","eventRecordID":"2629","processID":"2824","threadID":"3588","channel":"Microsoft-Windows-Sysmon/Operational","computer":"WinDev2308Eval","severityValue":"INFORMATION","message":"\"Process terminated:\r\nRuleName: -\r\nUtcTime: 2026-02-04 03:29:32.259\r\nProcessGuid: {de7f78ee-bcdc-6982-4808-000000001e00}\r\nProcessId: 2856\r\nImage: C:\\Windows\\UUS\\Packages\\Preview\\amd64\\MoUsoCoreWorker.exe\r\nUser: NT AUTHORITY\\SYSTEM\""},"eventdata":{"utcTime":"2026-02-04 03:29:32.259","processGuid":"{de7f78ee-bcdc-6982-4808-000000001e00}","processId":"2856","image":"C:\\\\Windows\\\\UUS\\\\Packages\\\\Preview\\\\amd64\\\\MoUsoCoreWorker.exe","user":"NT AUTHORITY\\\\SYSTEM"}}}
2026 Feb 03 20:43:06 (Secretary-Windows) any->EventChannel {"win":{"system":{"providerName":"Microsoft-Windows-Sysmon","providerGuid":"{5770385f-c22a-43e0-bf4c-06f5698ffbd9}","eventID":"5","version":"3","level":"4","task":"5","opcode":"0","keywords":"0x8000000000000000","systemTime":"2026-02-04T03:30:03.3369620Z","eventRecordID":"2630","processID":"2824","threadID":"3588","channel":"Microsoft-Windows-Sysmon/Operational","computer":"WinDev2308Eval","severityValue":"INFORMATION","message":"\"Process terminated:\r\nRuleName: -\r\nUtcTime: 2026-02-04 03:30:03.331\r\nProcessGuid: {de7f78ee-b934-6982-0308-000000001e00}\r\nProcessId: 6656\r\nImage: C:\\Windows\\System32\\smartscreen.exe\r\nUser: WINDEV2308EVAL\\Secretary\""},"eventdata":{"utcTime":"2026-02-04 03:30:03.331","processGuid":"{de7f78ee-b934-6982-0308-000000001e00}","processId":"6656","image":"C:\\\\Windows\\\\System32\\\\smartscreen.exe","user":"WINDEV2308EVAL\\\\Secretary"}}}
2026 Feb 03 20:43:06 (Secretary-Windows) any->EventChannel {"win":{"system":{"providerName":"Microsoft-Windows-Sysmon","providerGuid":"{5770385f-c22a-43e0-bf4c-06f5698ffbd9}","eventID":"1","version":"5","level":"4","task":"1","opcode":"0","keywords":"0x8000000000000000","systemTime":"2026-02-04T03:30:12.6344078Z","eventRecordID":"2631","processID":"2824","threadID":"3588","channel":"Microsoft-Windows-Sysmon/Operational","computer":"WinDev2308Eval","severityValue":"INFORMATION","message":"\"Process Create:\r\nRuleName: -\r\nUtcTime: 2026-02-04 03:30:12.628\r\nProcessGuid: {de7f78ee-bd44-6982-4c08-000000001e00}\r\nProcessId: 7292\r\nImage: C:\\Program Files (x86)\\Microsoft\\EdgeUpdate\\MicrosoftEdgeUpdate.exe\r\nFileVersion: 1.3.215.9\r\nDescription: Microsoft Edge Update\r\nProduct: Microsoft Edge Update\r\nCompany: Microsoft Corporation\r\nOriginalFileName: msedgeupdate.dll\r\nCommandLine: \"C:\\Program Files (x86)\\Microsoft\\EdgeUpdate\\MicrosoftEdgeUpdate.exe\" /ua /installsource core\r\nCurrentDirectory: C:\\Program Files (x86)\\Microsoft\\EdgeUpdate\\1.3.217.3\\\r\nUser: NT AUTHORITY\\SYSTEM\r\nLogonGuid: {de7f78ee-0035-6980-e703-000000000000}\r\nLogonId: 0x3E7\r\nTerminalSessionId: 0\r\nIntegrityLevel: System\r\nHashes: SHA256=955B5950FD92E5C5EEC395B022566C9A2594CA3126D894408E2E29BA25D8B0DD\r\nParentProcessGuid: {de7f78ee-4b48-6982-4802-000000001e00}\r\nParentProcessId: 2152\r\nParentImage: C:\\Program Files (x86)\\Microsoft\\EdgeUpdate\\MicrosoftEdgeUpdate.exe\r\nParentCommandLine: \"C:\\Program Files (x86)\\Microsoft\\EdgeUpdate\\MicrosoftEdgeUpdate.exe\" /c\r\nParentUser: NT AUTHORITY\\SYSTEM\""},"eventdata":{"utcTime":"2026-02-04 03:30:12.628","processGuid":"{de7f78ee-bd44-6982-4c08-000000001e00}","processId":"7292","image":"C:\\\\Program Files (x86)\\\\Microsoft\\\\EdgeUpdate\\\\MicrosoftEdgeUpdate.exe","fileVersion":"1.3.215.9","description":"Microsoft Edge Update","product":"Microsoft Edge Update","company":"Microsoft Corporation","originalFileName":"msedgeupdate.dll","commandLine":"\\\"C:\\\\Program Files (x86)\\\\Microsoft\\\\EdgeUpdate\\\\MicrosoftEdgeUpdate.exe\\\" /ua /installsource core","currentDirectory":"C:\\\\Program Files (x86)\\\\Microsoft\\\\EdgeUpdate\\\\1.3.217.3\\\\","user":"NT AUTHORITY\\\\SYSTEM","logonGuid":"{de7f78ee-0035-6980-e703-000000000000}","logonId":"0x3e7","terminalSessionId":"0","integrityLevel":"System","hashes":"SHA256=955B5950FD92E5C5EEC395B022566C9A2594CA3126D894408E2E29BA25D8B0DD","parentProcessGuid":"{de7f78ee-4b48-6982-4802-000000001e00}","parentProcessId":"2152","parentImage":"C:\\\\Program Files (x86)\\\\Microsoft\\\\EdgeUpdate\\\\MicrosoftEdgeUpdate.exe","parentCommandLine":"\\\"C:\\\\Program Files (x86)\\\\Microsoft\\\\EdgeUpdate\\\\MicrosoftEdgeUpdate.exe\\\" /c","parentUser":"NT AUTHORITY\\\\SYSTEM"}}}
2026 Feb 03 20:43:06 (Secretary-Windows) any->EventChannel {"win":{"system":{"providerName":"Microsoft-Windows-Security-Auditing","providerGuid":"{54849625-5478-4994-a5ba-3e3b0328c30d}","eventID":"5379","version":"0","level":"0","task":"13824","opcode":"0","keywords":"0x8020000000000000","systemTime":"2026-02-04T03:33:47.7645874Z","eventRecordID":"51916","processID":"764","threadID":"4184","channel":"Security","computer":"WinDev2308Eval","severityValue":"AUDIT_SUCCESS","message":"\"Credential Manager credentials were read.\r\n\r\nSubject:\r\n\tSecurity ID:\t\tS-1-5-18\r\n\tAccount Name:\t\tWINDEV2308EVAL$\r\n\tAccount Domain:\t\tWORKGROUP\r\n\tLogon ID:\t\t0x3E7\r\n\tRead Operation:\t\tEnumerate Credentials\r\n\r\nThis event occurs when a user performs a read operation on stored credentials in Credential Manager.\""},"eventdata":{"subjectUserSid":"S-1-5-18","subjectUserName":"WINDEV2308EVAL$","subjectDomainName":"WORKGROUP","subjectLogonId":"0x3e7","targetName":"WindowsLive:(token):name=02bxbguxqhgunrlz;serviceuri=*","type":"0","countOfCredentialsReturned":"0","readOperation":"%%8100","returnCode":"3221226021","processCreationTime":"2026-02-02T01:39:02.4586029Z","clientProcessId":"1080"}}}
2026 Feb 03 20:43:06 (Secretary-Windows) any->EventChannel {"win":{"system":{"providerName":"Microsoft-Windows-Sysmon","providerGuid":"{5770385f-c22a-43e0-bf4c-06f5698ffbd9}","eventID":"5","version":"3","level":"4","task":"5","opcode":"0","keywords":"0x8000000000000000","systemTime":"2026-02-04T03:30:12.9578849Z","eventRecordID":"2632","processID":"2824","threadID":"3588","channel":"Microsoft-Windows-Sysmon/Operational","computer":"WinDev2308Eval","severityValue":"INFORMATION","message":"\"Process terminated:\r\nRuleName: -\r\nUtcTime: 2026-02-04 03:30:12.942\r\nProcessGuid: {de7f78ee-bd44-6982-4c08-000000001e00}\r\nProcessId: 7292\r\nImage: C:\\Program Files (x86)\\Microsoft\\EdgeUpdate\\MicrosoftEdgeUpdate.exe\r\nUser: NT AUTHORITY\\SYSTEM\""},"eventdata":{"utcTime":"2026-02-04 03:30:12.942","processGuid":"{de7f78ee-bd44-6982-4c08-000000001e00}","processId":"7292","image":"C:\\\\Program Files (x86)\\\\Microsoft\\\\EdgeUpdate\\\\MicrosoftEdgeUpdate.exe","user":"NT AUTHORITY\\\\SYSTEM"}}}
2026 Feb 03 20:43:06 (Secretary-Windows) any->EventChannel {"win":{"system":{"providerName":"Microsoft-Windows-Security-Auditing","providerGuid":"{54849625-5478-4994-a5ba-3e3b0328c30d}","eventID":"5379","version":"0","level":"0","task":"13824","opcode":"0","keywords":"0x8020000000000000","systemTime":"2026-02-04T03:33:47.7652285Z","eventRecordID":"51917","processID":"764","threadID":"4184","channel":"Security","computer":"WinDev2308Eval","severityValue":"AUDIT_SUCCESS","message":"\"Credential Manager credentials were read.\r\n\r\nSubject:\r\n\tSecurity ID:\t\tS-1-5-18\r\n\tAccount Name:\t\tWINDEV2308EVAL$\r\n\tAccount Domain:\t\tWORKGROUP\r\n\tLogon ID:\t\t0x3E7\r\n\tRead Operation:\t\tEnumerate Credentials\r\n\r\nThis event occurs when a user performs a read operation on stored credentials in Credential Manager.\""},"eventdata":{"subjectUserSid":"S-1-5-18","subjectUserName":"WINDEV2308EVAL$","subjectDomainName":"WORKGROUP","subjectLogonId":"0x3e7","targetName":"WindowsLive:(cert):name=02bxbguxqhgunrlz;serviceuri=*","type":"0","countOfCredentialsReturned":"0","readOperation":"%%8100","returnCode":"3221226021","processCreationTime":"2026-02-02T01:39:02.4586029Z","clientProcessId":"1080"}}}
2026 Feb 03 20:43:06 (Secretary-Windows) any->EventChannel {"win":{"system":{"providerName":"Microsoft-Windows-Sysmon","providerGuid":"{5770385f-c22a-43e0-bf4c-06f5698ffbd9}","eventID":"1","version":"5","level":"4","task":"1","opcode":"0","keywords":"0x8000000000000000","systemTime":"2026-02-04T03:33:33.4412417Z","eventRecordID":"2633","processID":"2824","threadID":"3588","channel":"Microsoft-Windows-Sysmon/Operational","computer":"WinDev2308Eval","severityValue":"INFORMATION","message":"\"Process Create:\r\nRuleName: -\r\nUtcTime: 2026-02-04 03:33:33.420\r\nProcessGuid: {de7f78ee-be0d-6982-4d08-000000001e00}\r\nProcessId: 7504\r\nImage: C:\\Windows\\System32\\OpenSSH\\sshd.exe\r\nFileVersion: 9.5.4.1\r\nDescription: -\r\nProduct: OpenSSH for Windows\r\nCompany: -\r\nOriginalFileName: -\r\nCommandLine: \"C:\\Windows\\System32\\OpenSSH\\sshd.exe\" -R\r\nCurrentDirectory: C:\\\r\nUser: NT AUTHORITY\\SYSTEM\r\nLogonGuid: {de7f78ee-0035-6980-e703-000000000000}\r\nLogonId: 0x3E7\r\nTerminalSessionId: 0\r\nIntegrityLevel: System\r\nHashes: SHA256=012EB7B5A26F0DF163CF9F8EB0EF68493AB8A8A941DB1ABE310314EC947C6945\r\nParentProcessGuid: {de7f78ee-0039-6980-2f00-000000001e00}\r\nParentProcessId: 2644\r\nParentImage: C:\\Windows\\System32\\OpenSSH\\sshd.exe\r\nParentCommandLine: C:\\Windows\\System32\\OpenSSH\\sshd.exe\r\nParentUser: NT AUTHORITY\\SYSTEM\""},"eventdata":{"utcTime":"2026-02-04 03:33:33.420","processGuid":"{de7f78ee-be0d-6982-4d08-000000001e00}","processId":"7504","image":"C:\\\\Windows\\\\System32\\\\OpenSSH\\\\sshd.exe","fileVersion":"9.5.4.1","product":"OpenSSH for Windows","commandLine":"\\\"C:\\\\Windows\\\\System32\\\\OpenSSH\\\\sshd.exe\\\" -R","currentDirectory":"C:\\\\","user":"NT AUTHORITY\\\\SYSTEM","logonGuid":"{de7f78ee-0035-6980-e703-000000000000}","logonId":"0x3e7","terminalSessionId":"0","integrityLevel":"System","hashes":"SHA256=012EB7B5A26F0DF163CF9F8EB0EF68493AB8A8A941DB1ABE310314EC947C6945","parentProcessGuid":"{de7f78ee-0039-6980-2f00-000000001e00}","parentProcessId":"2644","parentImage":"C:\\\\Windows\\\\System32\\\\OpenSSH\\\\sshd.exe","parentCommandLine":"C:\\\\Windows\\\\System32\\\\OpenSSH\\\\sshd.exe","parentUser":"NT AUTHORITY\\\\SYSTEM"}}}
2026 Feb 03 20:43:06 (Secretary-Windows) any->EventChannel {"win":{"system":{"providerName":"Microsoft-Windows-Sysmon","providerGuid":"{5770385f-c22a-43e0-bf4c-06f5698ffbd9}","eventID":"1","version":"5","level":"4","task":"1","opcode":"0","keywords":"0x8000000000000000","systemTime":"2026-02-04T03:33:33.6193044Z","eventRecordID":"2634","processID":"2824","threadID":"3588","channel":"Microsoft-Windows-Sysmon/Operational","computer":"WinDev2308Eval","severityValue":"INFORMATION","message":"\"Process Create:\r\nRuleName: -\r\nUtcTime: 2026-02-04 03:33:33.612\r\nProcessGuid: {de7f78ee-be0d-6982-4e08-000000001e00}\r\nProcessId: 640\r\nImage: C:\\Windows\\System32\\OpenSSH\\sshd.exe\r\nFileVersion: 9.5.4.1\r\nDescription: -\r\nProduct: OpenSSH for Windows\r\nCompany: -\r\nOriginalFileName: -\r\nCommandLine: \"C:\\Windows\\System32\\OpenSSH\\sshd.exe\" -y\r\nCurrentDirectory: C:\\\r\nUser: VIRTUAL USERS\\sshd_7504\r\nLogonGuid: {de7f78ee-be0d-6982-215a-f50000000000}\r\nLogonId: 0xF55A21\r\nTerminalSessionId: 0\r\nIntegrityLevel: High\r\nHashes: SHA256=012EB7B5A26F0DF163CF9F8EB0EF68493AB8A8A941DB1ABE310314EC947C6945\r\nParentProcessGuid: {de7f78ee-be0d-6982-4d08-000000001e00}\r\nParentProcessId: 7504\r\nParentImage: C:\\Windows\\System32\\OpenSSH\\sshd.exe\r\nParentCommandLine: \"C:\\Windows\\System32\\OpenSSH\\sshd.exe\" -R\r\nParentUser: NT AUTHORITY\\SYSTEM\""},"eventdata":{"utcTime":"2026-02-04 03:33:33.612","processGuid":"{de7f78ee-be0d-6982-4e08-000000001e00}","processId":"640","image":"C:\\\\Windows\\\\System32\\\\OpenSSH\\\\sshd.exe","fileVersion":"9.5.4.1","product":"OpenSSH for Windows","commandLine":"\\\"C:\\\\Windows\\\\System32\\\\OpenSSH\\\\sshd.exe\\\" -y","currentDirectory":"C:\\\\","user":"VIRTUAL USERS\\\\sshd_7504","logonGuid":"{de7f78ee-be0d-6982-215a-f50000000000}","logonId":"0xf55a21","terminalSessionId":"0","integrityLevel":"High","hashes":"SHA256=012EB7B5A26F0DF163CF9F8EB0EF68493AB8A8A941DB1ABE310314EC947C6945","parentProcessGuid":"{de7f78ee-be0d-6982-4d08-000000001e00}","parentProcessId":"7504","parentImage":"C:\\\\Windows\\\\System32\\\\OpenSSH\\\\sshd.exe","parentCommandLine":"\\\"C:\\\\Windows\\\\System32\\\\OpenSSH\\\\sshd.exe\\\" -R","parentUser":"NT AUTHORITY\\\\SYSTEM"}}}
2026 Feb 03 20:43:06 (Secretary-Windows) any->EventChannel {"win":{"system":{"providerName":"Microsoft-Windows-Security-Auditing","providerGuid":"{54849625-5478-4994-a5ba-3e3b0328c30d}","eventID":"5379","version":"0","level":"0","task":"13824","opcode":"0","keywords":"0x8020000000000000","systemTime":"2026-02-04T03:33:47.7654254Z","eventRecordID":"51918","processID":"764","threadID":"4184","channel":"Security","computer":"WinDev2308Eval","severityValue":"AUDIT_SUCCESS","message":"\"Credential Manager credentials were read.\r\n\r\nSubject:\r\n\tSecurity ID:\t\tS-1-5-18\r\n\tAccount Name:\t\tWINDEV2308EVAL$\r\n\tAccount Domain:\t\tWORKGROUP\r\n\tLogon ID:\t\t0x3E7\r\n\tRead Operation:\t\tEnumerate Credentials\r\n\r\nThis event occurs when a user performs a read operation on stored credentials in Credential Manager.\""},"eventdata":{"subjectUserSid":"S-1-5-18","subjectUserName":"WINDEV2308EVAL$","subjectDomainName":"WORKGROUP","subjectLogonId":"0x3e7","targetName":"WindowsLive:target=virtualapp/didlogical","type":"0","countOfCredentialsReturned":"1","readOperation":"%%8100","returnCode":"0","processCreationTime":"2026-02-02T01:39:02.4586029Z","clientProcessId":"1080"}}}
2026 Feb 03 20:43:06 (Secretary-Windows) any->EventChannel {"win":{"system":{"providerName":"Microsoft-Windows-Sysmon","providerGuid":"{5770385f-c22a-43e0-bf4c-06f5698ffbd9}","eventID":"5","version":"3","level":"4","task":"5","opcode":"0","keywords":"0x8000000000000000","systemTime":"2026-02-04T03:33:33.8472283Z","eventRecordID":"2635","processID":"2824","threadID":"3588","channel":"Microsoft-Windows-Sysmon/Operational","computer":"WinDev2308Eval","severityValue":"INFORMATION","message":"\"Process terminated:\r\nRuleName: -\r\nUtcTime: 2026-02-04 03:33:33.833\r\nProcessGuid: {de7f78ee-be0d-6982-4e08-000000001e00}\r\nProcessId: 640\r\nImage: C:\\Windows\\System32\\OpenSSH\\sshd.exe\r\nUser: VIRTUAL USERS\\sshd_7504\""},"eventdata":{"utcTime":"2026-02-04 03:33:33.833","processGuid":"{de7f78ee-be0d-6982-4e08-000000001e00}","processId":"640","image":"C:\\\\Windows\\\\System32\\\\OpenSSH\\\\sshd.exe","user":"VIRTUAL USERS\\\\sshd_7504"}}}
2026 Feb 03 20:43:06 (Secretary-Windows) any->EventChannel {"win":{"system":{"providerName":"Microsoft-Windows-Security-Auditing","providerGuid":"{54849625-5478-4994-a5ba-3e3b0328c30d}","eventID":"5379","version":"0","level":"0","task":"13824","opcode":"0","keywords":"0x8020000000000000","systemTime":"2026-02-04T03:33:47.7732989Z","eventRecordID":"51919","processID":"764","threadID":"4184","channel":"Security","computer":"WinDev2308Eval","severityValue":"AUDIT_SUCCESS","message":"\"Credential Manager credentials were read.\r\n\r\nSubject:\r\n\tSecurity ID:\t\tS-1-5-21-3116511072-3024718013-308258476-1001\r\n\tAccount Name:\t\tSecretary\r\n\tAccount Domain:\t\tWINDEV2308EVAL\r\n\tLogon ID:\t\t0x3DF1F4\r\n\tRead Operation:\t\tEnumerate Credentials\r\n\r\nThis event occurs when a user performs a read operation on stored credentials in Credential Manager.\""},"eventdata":{"subjectUserSid":"S-1-5-21-3116511072-3024718013-308258476-1001","subjectUserName":"Secretary","subjectDomainName":"WINDEV2308EVAL","subjectLogonId":"0x3df1f4","targetName":"WindowsLive:(token):name=02adfhietqpbykqa;serviceuri=*","type":"0","countOfCredentialsReturned":"0","readOperation":"%%8100","returnCode":"3221226021","processCreationTime":"2026-02-02T01:39:02.4586029Z","clientProcessId":"1080"}}}
2026 Feb 03 20:43:06 (Secretary-Windows) any->EventChannel {"win":{"system":{"providerName":"Microsoft-Windows-Sysmon","providerGuid":"{5770385f-c22a-43e0-bf4c-06f5698ffbd9}","eventID":"1","version":"5","level":"4","task":"1","opcode":"0","keywords":"0x8000000000000000","systemTime":"2026-02-04T03:33:33.9062212Z","eventRecordID":"2636","processID":"2824","threadID":"3588","channel":"Microsoft-Windows-Sysmon/Operational","computer":"WinDev2308Eval","severityValue":"INFORMATION","message":"\"Process Create:\r\nRuleName: -\r\nUtcTime: 2026-02-04 03:33:33.896\r\nProcessGuid: {de7f78ee-be0d-6982-4f08-000000001e00}\r\nProcessId: 4340\r\nImage: C:\\Windows\\System32\\OpenSSH\\sshd.exe\r\nFileVersion: 9.5.4.1\r\nDescription: -\r\nProduct: OpenSSH for Windows\r\nCompany: -\r\nOriginalFileName: -\r\nCommandLine: \"C:\\Windows\\System32\\OpenSSH\\sshd.exe\" -z\r\nCurrentDirectory: C:\\\r\nUser: WINDEV2308EVAL\\Secretary\r\nLogonGuid: {de7f78ee-be0d-6982-165e-f50000000000}\r\nLogonId: 0xF55E16\r\nTerminalSessionId: 0\r\nIntegrityLevel: High\r\nHashes: SHA256=012EB7B5A26F0DF163CF9F8EB0EF68493AB8A8A941DB1ABE310314EC947C6945\r\nParentProcessGuid: {de7f78ee-be0d-6982-4d08-000000001e00}\r\nParentProcessId: 7504\r\nParentImage: C:\\Windows\\System32\\OpenSSH\\sshd.exe\r\nParentCommandLine: \"C:\\Windows\\System32\\OpenSSH\\sshd.exe\" -R\r\nParentUser: NT AUTHORITY\\SYSTEM\""},"eventdata":{"utcTime":"2026-02-04 03:33:33.896","processGuid":"{de7f78ee-be0d-6982-4f08-000000001e00}","processId":"4340","image":"C:\\\\Windows\\\\System32\\\\OpenSSH\\\\sshd.exe","fileVersion":"9.5.4.1","product":"OpenSSH for Windows","commandLine":"\\\"C:\\\\Windows\\\\System32\\\\OpenSSH\\\\sshd.exe\\\" -z","currentDirectory":"C:\\\\","user":"WINDEV2308EVAL\\\\Secretary","logonGuid":"{de7f78ee-be0d-6982-165e-f50000000000}","logonId":"0xf55e16","terminalSessionId":"0","integrityLevel":"High","hashes":"SHA256=012EB7B5A26F0DF163CF9F8EB0EF68493AB8A8A941DB1ABE310314EC947C6945","parentProcessGuid":"{de7f78ee-be0d-6982-4d08-000000001e00}","parentProcessId":"7504","parentImage":"C:\\\\Windows\\\\System32\\\\OpenSSH\\\\sshd.exe","parentCommandLine":"\\\"C:\\\\Windows\\\\System32\\\\OpenSSH\\\\sshd.exe\\\" -R","parentUser":"NT AUTHORITY\\\\SYSTEM"}}}
2026 Feb 03 20:43:06 (Secretary-Windows) any->EventChannel {"win":{"system":{"providerName":"Microsoft-Windows-Security-Auditing","providerGuid":"{54849625-5478-4994-a5ba-3e3b0328c30d}","eventID":"5379","version":"0","level":"0","task":"13824","opcode":"0","keywords":"0x8020000000000000","systemTime":"2026-02-04T03:33:47.7740375Z","eventRecordID":"51920","processID":"764","threadID":"4184","channel":"Security","computer":"WinDev2308Eval","severityValue":"AUDIT_SUCCESS","message":"\"Credential Manager credentials were read.\r\n\r\nSubject:\r\n\tSecurity ID:\t\tS-1-5-21-3116511072-3024718013-308258476-1001\r\n\tAccount Name:\t\tSecretary\r\n\tAccount Domain:\t\tWINDEV2308EVAL\r\n\tLogon ID:\t\t0x3DF1F4\r\n\tRead Operation:\t\tEnumerate Credentials\r\n\r\nThis event occurs when a user performs a read operation on stored credentials in Credential Manager.\""},"eventdata":{"subjectUserSid":"S-1-5-21-3116511072-3024718013-308258476-1001","subjectUserName":"Secretary","subjectDomainName":"WINDEV2308EVAL","subjectLogonId":"0x3df1f4","targetName":"WindowsLive:(cert):name=02adfhietqpbykqa;serviceuri=*","type":"0","countOfCredentialsReturned":"0","readOperation":"%%8100","returnCode":"3221226021","processCreationTime":"2026-02-02T01:39:02.4586029Z","clientProcessId":"1080"}}}
2026 Feb 03 20:43:06 (Secretary-Windows) any->EventChannel {"win":{"system":{"providerName":"Microsoft-Windows-Security-Auditing","providerGuid":"{54849625-5478-4994-a5ba-3e3b0328c30d}","eventID":"5379","version":"0","level":"0","task":"13824","opcode":"0","keywords":"0x8020000000000000","systemTime":"2026-02-04T03:33:47.7741972Z","eventRecordID":"51921","processID":"764","threadID":"4184","channel":"Security","computer":"WinDev2308Eval","severityValue":"AUDIT_SUCCESS","message":"\"Credential Manager credentials were read.\r\n\r\nSubject:\r\n\tSecurity ID:\t\tS-1-5-21-3116511072-3024718013-308258476-1001\r\n\tAccount Name:\t\tSecretary\r\n\tAccount Domain:\t\tWINDEV2308EVAL\r\n\tLogon ID:\t\t0x3DF1F4\r\n\tRead Operation:\t\tEnumerate Credentials\r\n\r\nThis event occurs when a user performs a read operation on stored credentials in Credential Manager.\""},"eventdata":{"subjectUserSid":"S-1-5-21-3116511072-3024718013-308258476-1001","subjectUserName":"Secretary","subjectDomainName":"WINDEV2308EVAL","subjectLogonId":"0x3df1f4","targetName":"WindowsLive:target=virtualapp/didlogical","type":"0","countOfCredentialsReturned":"1","readOperation":"%%8100","returnCode":"0","processCreationTime":"2026-02-02T01:39:02.4586029Z","clientProcessId":"1080"}}}
2026 Feb 03 20:43:06 (Secretary-Windows) any->EventChannel {"win":{"system":{"providerName":"Microsoft-Windows-Sysmon","providerGuid":"{5770385f-c22a-43e0-bf4c-06f5698ffbd9}","eventID":"1","version":"5","level":"4","task":"1","opcode":"0","keywords":"0x8000000000000000","systemTime":"2026-02-04T03:33:34.1631321Z","eventRecordID":"2638","processID":"2824","threadID":"3588","channel":"Microsoft-Windows-Sysmon/Operational","computer":"WinDev2308Eval","severityValue":"INFORMATION","message":"\"Process Create:\r\nRuleName: -\r\nUtcTime: 2026-02-04 03:33:34.129\r\nProcessGuid: {de7f78ee-be0e-6982-5108-000000001e00}\r\nProcessId: 1868\r\nImage: C:\\Windows\\System32\\cmd.exe\r\nFileVersion: 10.0.22621.5840 (WinBuild.160101.0800)\r\nDescription: Windows Command Processor\r\nProduct: Microsoft® Windows® Operating System\r\nCompany: Microsoft Corporation\r\nOriginalFileName: Cmd.Exe\r\nCommandLine: c:\\windows\\system32\\cmd.exe /c C:\\Users\\Secretary\\user_behavior_generation\\worker\\browser_task.bat https://www.miur.gov.it/web/guest/notizie news\r\nCurrentDirectory: C:\\Users\\Secretary\\\r\nUser: WINDEV2308EVAL\\Secretary\r\nLogonGuid: {de7f78ee-be0d-6982-165e-f50000000000}\r\nLogonId: 0xF55E16\r\nTerminalSessionId: 0\r\nIntegrityLevel: High\r\nHashes: SHA256=ED1358CB5F7A7E4FA21E6B07EF1C6F664F0D363C60B4641AFF43F5602A0B3F6E\r\nParentProcessGuid: {de7f78ee-be0e-6982-5008-000000001e00}\r\nParentProcessId: 6600\r\nParentImage: C:\\Windows\\System32\\conhost.exe\r\nParentCommandLine: C:\\Windows\\system32\\conhost.exe --headless --width 0 --height 0 --signal 0x20c -- \"c:\\windows\\system32\\cmd.exe\" /c C:\\Users\\Secretary\\user_behavior_generation\\worker\\browser_task.bat https://www.miur.gov.it/web/guest/notizie news\r\nParentUser: WINDEV2308EVAL\\Secretary\""},"eventdata":{"utcTime":"2026-02-04 03:33:34.129","processGuid":"{de7f78ee-be0e-6982-5108-000000001e00}","processId":"1868","image":"C:\\\\Windows\\\\System32\\\\cmd.exe","fileVersion":"10.0.22621.5840 (WinBuild.160101.0800)","description":"Windows Command Processor","product":"Microsoft® Windows® Operating System","company":"Microsoft Corporation","originalFileName":"Cmd.Exe","commandLine":"c:\\\\windows\\\\system32\\\\cmd.exe /c C:\\\\Users\\\\Secretary\\\\user_behavior_generation\\\\worker\\\\browser_task.bat https://www.miur.gov.it/web/guest/notizie news","currentDirectory":"C:\\\\Users\\\\Secretary\\\\","user":"WINDEV2308EVAL\\\\Secretary","logonGuid":"{de7f78ee-be0d-6982-165e-f50000000000}","logonId":"0xf55e16","terminalSessionId":"0","integrityLevel":"High","hashes":"SHA256=ED1358CB5F7A7E4FA21E6B07EF1C6F664F0D363C60B4641AFF43F5602A0B3F6E","parentProcessGuid":"{de7f78ee-be0e-6982-5008-000000001e00}","parentProcessId":"6600","parentImage":"C:\\\\Windows\\\\System32\\\\conhost.exe","parentCommandLine":"C:\\\\Windows\\\\system32\\\\conhost.exe --headless --width 0 --height 0 --signal 0x20c -- \\\"c:\\\\windows\\\\system32\\\\cmd.exe\\\" /c C:\\\\Users\\\\Secretary\\\\user_behavior_generation\\\\worker\\\\browser_task.bat https://www.miur.gov.it/web/guest/notizie news","parentUser":"WINDEV2308EVAL\\\\Secretary"}}}
2026 Feb 03 20:43:06 (Secretary-Windows) any->EventChannel {"win":{"system":{"providerName":"Microsoft-Windows-Sysmon","providerGuid":"{5770385f-c22a-43e0-bf4c-06f5698ffbd9}","eventID":"1","version":"5","level":"4","task":"1","opcode":"0","keywords":"0x8000000000000000","systemTime":"2026-02-04T03:33:34.0891258Z","eventRecordID":"2637","processID":"2824","threadID":"3588","channel":"Microsoft-Windows-Sysmon/Operational","computer":"WinDev2308Eval","severityValue":"INFORMATION","message":"\"Process Create:\r\nRuleName: -\r\nUtcTime: 2026-02-04 03:33:34.057\r\nProcessGuid: {de7f78ee-be0e-6982-5008-000000001e00}\r\nProcessId: 6600\r\nImage: C:\\Windows\\System32\\conhost.exe\r\nFileVersion: 10.0.22621.5415 (WinBuild.160101.0800)\r\nDescription: Console Window Host\r\nProduct: Microsoft® Windows® Operating System\r\nCompany: Microsoft Corporation\r\nOriginalFileName: CONHOST.EXE\r\nCommandLine: C:\\Windows\\system32\\conhost.exe --headless --width 0 --height 0 --signal 0x20c -- \"c:\\windows\\system32\\cmd.exe\" /c C:\\Users\\Secretary\\user_behavior_generation\\worker\\browser_task.bat https://www.miur.gov.it/web/guest/notizie news\r\nCurrentDirectory: C:\\Users\\Secretary\\\r\nUser: WINDEV2308EVAL\\Secretary\r\nLogonGuid: {de7f78ee-be0d-6982-165e-f50000000000}\r\nLogonId: 0xF55E16\r\nTerminalSessionId: 0\r\nIntegrityLevel: High\r\nHashes: SHA256=2266B396EF92534A2A2844438DF043D4069A2EC47D4E464F55E8C1CD47124A98\r\nParentProcessGuid: {de7f78ee-be0d-6982-4f08-000000001e00}\r\nParentProcessId: 4340\r\nParentImage: C:\\Windows\\System32\\OpenSSH\\sshd.exe\r\nParentCommandLine: \"C:\\Windows\\System32\\OpenSSH\\sshd.exe\" -z\r\nParentUser: WINDEV2308EVAL\\Secretary\""},"eventdata":{"utcTime":"2026-02-04 03:33:34.057","processGuid":"{de7f78ee-be0e-6982-5008-000000001e00}","processId":"6600","image":"C:\\\\Windows\\\\System32\\\\conhost.exe","fileVersion":"10.0.22621.5415 (WinBuild.160101.0800)","description":"Console Window Host","product":"Microsoft® Windows® Operating System","company":"Microsoft Corporation","originalFileName":"CONHOST.EXE","commandLine":"C:\\\\Windows\\\\system32\\\\conhost.exe --headless --width 0 --height 0 --signal 0x20c -- \\\"c:\\\\windows\\\\system32\\\\cmd.exe\\\" /c C:\\\\Users\\\\Secretary\\\\user_behavior_generation\\\\worker\\\\browser_task.bat https://www.miur.gov.it/web/guest/notizie news","currentDirectory":"C:\\\\Users\\\\Secretary\\\\","user":"WINDEV2308EVAL\\\\Secretary","logonGuid":"{de7f78ee-be0d-6982-165e-f50000000000}","logonId":"0xf55e16","terminalSessionId":"0","integrityLevel":"High","hashes":"SHA256=2266B396EF92534A2A2844438DF043D4069A2EC47D4E464F55E8C1CD47124A98","parentProcessGuid":"{de7f78ee-be0d-6982-4f08-000000001e00}","parentProcessId":"4340","parentImage":"C:\\\\Windows\\\\System32\\\\OpenSSH\\\\sshd.exe","parentCommandLine":"\\\"C:\\\\Windows\\\\System32\\\\OpenSSH\\\\sshd.exe\\\" -z","parentUser":"WINDEV2308EVAL\\\\Secretary"}}}
2026 Feb 03 20:43:06 (Secretary-Windows) any->EventChannel {"win":{"system":{"providerName":"Microsoft-Windows-Sysmon","providerGuid":"{5770385f-c22a-43e0-bf4c-06f5698ffbd9}","eventID":"1","version":"5","level":"4","task":"1","opcode":"0","keywords":"0x8000000000000000","systemTime":"2026-02-04T03:33:34.2954911Z","eventRecordID":"2639","processID":"2824","threadID":"3588","channel":"Microsoft-Windows-Sysmon/Operational","computer":"WinDev2308Eval","severityValue":"INFORMATION","message":"\"Process Create:\r\nRuleName: -\r\nUtcTime: 2026-02-04 03:33:34.279\r\nProcessGuid: {de7f78ee-be0e-6982-5208-000000001e00}\r\nProcessId: 1380\r\nImage: C:\\Windows\\System32\\schtasks.exe\r\nFileVersion: 10.0.22621.5983 (WinBuild.160101.0800)\r\nDescription: Task Scheduler Configuration Tool\r\nProduct: Microsoft® Windows® Operating System\r\nCompany: Microsoft Corporation\r\nOriginalFileName: schtasks.exe\r\nCommandLine: schtasks  /run /tn OpenBrowser\r\nCurrentDirectory: C:\\Users\\Secretary\\\r\nUser: WINDEV2308EVAL\\Secretary\r\nLogonGuid: {de7f78ee-be0d-6982-165e-f50000000000}\r\nLogonId: 0xF55E16\r\nTerminalSessionId: 0\r\nIntegrityLevel: High\r\nHashes: SHA256=9A4E7E5B7DB54128308AF8CB5605DA371B460D092D49F10A735A2C67372A185A\r\nParentProcessGuid: {de7f78ee-be0e-6982-5108-000000001e00}\r\nParentProcessId: 1868\r\nParentImage: C:\\Windows\\System32\\cmd.exe\r\nParentCommandLine: c:\\windows\\system32\\cmd.exe /c C:\\Users\\Secretary\\user_behavior_generation\\worker\\browser_task.bat https://www.miur.gov.it/web/guest/notizie news\r\nParentUser: WINDEV2308EVAL\\Secretary\""},"eventdata":{"utcTime":"2026-02-04 03:33:34.279","processGuid":"{de7f78ee-be0e-6982-5208-000000001e00}","processId":"1380","image":"C:\\\\Windows\\\\System32\\\\schtasks.exe","fileVersion":"10.0.22621.5983 (WinBuild.160101.0800)","description":"Task Scheduler Configuration Tool","product":"Microsoft® Windows® Operating System","company":"Microsoft Corporation","originalFileName":"schtasks.exe","commandLine":"schtasks  /run /tn OpenBrowser","currentDirectory":"C:\\\\Users\\\\Secretary\\\\","user":"WINDEV2308EVAL\\\\Secretary","logonGuid":"{de7f78ee-be0d-6982-165e-f50000000000}","logonId":"0xf55e16","terminalSessionId":"0","integrityLevel":"High","hashes":"SHA256=9A4E7E5B7DB54128308AF8CB5605DA371B460D092D49F10A735A2C67372A185A","parentProcessGuid":"{de7f78ee-be0e-6982-5108-000000001e00}","parentProcessId":"1868","parentImage":"C:\\\\Windows\\\\System32\\\\cmd.exe","parentCommandLine":"c:\\\\windows\\\\system32\\\\cmd.exe /c C:\\\\Users\\\\Secretary\\\\user_behavior_generation\\\\worker\\\\browser_task.bat https://www.miur.gov.it/web/guest/notizie news","parentUser":"WINDEV2308EVAL\\\\Secretary"}}}
2026 Feb 03 20:43:06 (Secretary-Windows) any->EventChannel {"win":{"system":{"providerName":"Microsoft-Windows-Security-Auditing","providerGuid":"{54849625-5478-4994-a5ba-3e3b0328c30d}","eventID":"5381","version":"0","level":"0","task":"13824","opcode":"0","keywords":"0x8020000000000000","systemTime":"2026-02-04T03:33:58.0972521Z","eventRecordID":"51922","processID":"764","threadID":"4184","channel":"Security","computer":"WinDev2308Eval","severityValue":"AUDIT_SUCCESS","message":"\"Vault credentials were read.\r\n\r\nSubject:\r\n\tSecurity ID:\t\tS-1-5-21-3116511072-3024718013-308258476-1001\r\n\tAccount Name:\t\tSecretary\r\n\tAccount Domain:\t\tWINDEV2308EVAL\r\n\tLogon ID:\t\t0x3DF1F4\r\n\r\nThis event occurs when a user enumerates stored vault credentials.\""},"eventdata":{"subjectUserSid":"S-1-5-21-3116511072-3024718013-308258476-1001","subjectUserName":"Secretary","subjectDomainName":"WINDEV2308EVAL","subjectLogonId":"0x3df1f4","flags":"512","countOfCredentialsReturned":"2","processCreationTime":"2026-02-04T03:33:54.8601630Z","clientProcessId":"772"}}}
2026 Feb 03 20:43:06 (Secretary-Windows) any->EventChannel {"win":{"system":{"providerName":"Microsoft-Windows-Sysmon","providerGuid":"{5770385f-c22a-43e0-bf4c-06f5698ffbd9}","eventID":"5","version":"3","level":"4","task":"5","opcode":"0","keywords":"0x8000000000000000","systemTime":"2026-02-04T03:33:34.3452704Z","eventRecordID":"2640","processID":"2824","threadID":"3588","channel":"Microsoft-Windows-Sysmon/Operational","computer":"WinDev2308Eval","severityValue":"INFORMATION","message":"\"Process terminated:\r\nRuleName: -\r\nUtcTime: 2026-02-04 03:33:34.334\r\nProcessGuid: {de7f78ee-be0e-6982-5208-000000001e00}\r\nProcessId: 1380\r\nImage: C:\\Windows\\System32\\schtasks.exe\r\nUser: WINDEV2308EVAL\\Secretary\""},"eventdata":{"utcTime":"2026-02-04 03:33:34.334","processGuid":"{de7f78ee-be0e-6982-5208-000000001e00}","processId":"1380","image":"C:\\\\Windows\\\\System32\\\\schtasks.exe","user":"WINDEV2308EVAL\\\\Secretary"}}}
2026 Feb 03 20:43:06 (Secretary-Windows) any->EventChannel {"win":{"system":{"providerName":"Microsoft-Windows-Security-Auditing","providerGuid":"{54849625-5478-4994-a5ba-3e3b0328c30d}","eventID":"4634","version":"0","level":"0","task":"12545","opcode":"0","keywords":"0x8020000000000000","systemTime":"2026-02-04T03:34:34.1832234Z","eventRecordID":"51923","processID":"764","threadID":"4184","channel":"Security","computer":"WinDev2308Eval","severityValue":"AUDIT_SUCCESS","message":"\"An account was logged off.\r\n\r\nSubject:\r\n\tSecurity ID:\t\tS-1-5-21-3116511072-3024718013-308258476-1001\r\n\tAccount Name:\t\tSecretary\r\n\tAccount Domain:\t\tWINDEV2308EVAL\r\n\tLogon ID:\t\t0xF55E16\r\n\r\nLogon Type:\t\t\t3\r\n\r\nThis event is generated when a logon session is destroyed. It may be positively correlated with a logon event using the Logon ID value. Logon IDs are only unique between reboots on the same computer.\""},"eventdata":{"targetUserSid":"S-1-5-21-3116511072-3024718013-308258476-1001","targetUserName":"Secretary","targetDomainName":"WINDEV2308EVAL","targetLogonId":"0xf55e16","logonType":"3"}}}
2026 Feb 03 20:43:06 (Secretary-Windows) any->EventChannel {"win":{"system":{"providerName":"Microsoft-Windows-Sysmon","providerGuid":"{5770385f-c22a-43e0-bf4c-06f5698ffbd9}","eventID":"1","version":"5","level":"4","task":"1","opcode":"0","keywords":"0x8000000000000000","systemTime":"2026-02-04T03:33:34.3592829Z","eventRecordID":"2641","processID":"2824","threadID":"3588","channel":"Microsoft-Windows-Sysmon/Operational","computer":"WinDev2308Eval","severityValue":"INFORMATION","message":"\"Process Create:\r\nRuleName: -\r\nUtcTime: 2026-02-04 03:33:34.351\r\nProcessGuid: {de7f78ee-be0e-6982-5308-000000001e00}\r\nProcessId: 3740\r\nImage: C:\\Windows\\System32\\cmd.exe\r\nFileVersion: 10.0.22621.5840 (WinBuild.160101.0800)\r\nDescription: Windows Command Processor\r\nProduct: Microsoft® Windows® Operating System\r\nCompany: Microsoft Corporation\r\nOriginalFileName: Cmd.Exe\r\nCommandLine: C:\\Windows\\SYSTEM32\\cmd.exe /c \"\"C:\\Users\\Secretary\\user_behavior_generation\\worker\\browser_task.bat\"\"\r\nCurrentDirectory: C:\\Windows\\system32\\\r\nUser: WINDEV2308EVAL\\Secretary\r\nLogonGuid: {de7f78ee-4b47-6982-f4f1-3d0000000000}\r\nLogonId: 0x3DF1F4\r\nTerminalSessionId: 2\r\nIntegrityLevel: Medium\r\nHashes: SHA256=ED1358CB5F7A7E4FA21E6B07EF1C6F664F0D363C60B4641AFF43F5602A0B3F6E\r\nParentProcessGuid: {de7f78ee-0036-6980-1500-000000001e00}\r\nParentProcessId: 1080\r\nParentImage: C:\\Windows\\System32\\svchost.exe\r\nParentCommandLine: C:\\Windows\\system32\\svchost.exe -k netsvcs -p\r\nParentUser: NT AUTHORITY\\SYSTEM\""},"eventdata":{"utcTime":"2026-02-04 03:33:34.351","processGuid":"{de7f78ee-be0e-6982-5308-000000001e00}","processId":"3740","image":"C:\\\\Windows\\\\System32\\\\cmd.exe","fileVersion":"10.0.22621.5840 (WinBuild.160101.0800)","description":"Windows Command Processor","product":"Microsoft® Windows® Operating System","company":"Microsoft Corporation","originalFileName":"Cmd.Exe","commandLine":"C:\\\\Windows\\\\SYSTEM32\\\\cmd.exe /c \\\"\\\"C:\\\\Users\\\\Secretary\\\\user_behavior_generation\\\\worker\\\\browser_task.bat\\\"\\\"","currentDirectory":"C:\\\\Windows\\\\system32\\\\","user":"WINDEV2308EVAL\\\\Secretary","logonGuid":"{de7f78ee-4b47-6982-f4f1-3d0000000000}","logonId":"0x3df1f4","terminalSessionId":"2","integrityLevel":"Medium","hashes":"SHA256=ED1358CB5F7A7E4FA21E6B07EF1C6F664F0D363C60B4641AFF43F5602A0B3F6E","parentProcessGuid":"{de7f78ee-0036-6980-1500-000000001e00}","parentProcessId":"1080","parentImage":"C:\\\\Windows\\\\System32\\\\svchost.exe","parentCommandLine":"C:\\\\Windows\\\\system32\\\\svchost.exe -k netsvcs -p","parentUser":"NT AUTHORITY\\\\SYSTEM"}}}
2026 Feb 03 20:43:06 (Secretary-Windows) any->EventChannel {"win":{"system":{"providerName":"Microsoft-Windows-Sysmon","providerGuid":"{5770385f-c22a-43e0-bf4c-06f5698ffbd9}","eventID":"5","version":"3","level":"4","task":"5","opcode":"0","keywords":"0x8000000000000000","systemTime":"2026-02-04T03:33:34.3593589Z","eventRecordID":"2642","processID":"2824","threadID":"3588","channel":"Microsoft-Windows-Sysmon/Operational","computer":"WinDev2308Eval","severityValue":"INFORMATION","message":"\"Process terminated:\r\nRuleName: -\r\nUtcTime: 2026-02-04 03:33:34.349\r\nProcessGuid: {de7f78ee-be0e-6982-5108-000000001e00}\r\nProcessId: 1868\r\nImage: C:\\Windows\\System32\\cmd.exe\r\nUser: WINDEV2308EVAL\\Secretary\""},"eventdata":{"utcTime":"2026-02-04 03:33:34.349","processGuid":"{de7f78ee-be0e-6982-5108-000000001e00}","processId":"1868","image":"C:\\\\Windows\\\\System32\\\\cmd.exe","user":"WINDEV2308EVAL\\\\Secretary"}}}
2026 Feb 03 20:43:06 (Secretary-Windows) any->EventChannel {"win":{"system":{"providerName":"Microsoft-Windows-Security-Auditing","providerGuid":"{54849625-5478-4994-a5ba-3e3b0328c30d}","eventID":"4634","version":"0","level":"0","task":"12545","opcode":"0","keywords":"0x8020000000000000","systemTime":"2026-02-04T03:34:34.1837392Z","eventRecordID":"51924","processID":"764","threadID":"4184","channel":"Security","computer":"WinDev2308Eval","severityValue":"AUDIT_SUCCESS","message":"\"An account was logged off.\r\n\r\nSubject:\r\n\tSecurity ID:\t\tS-1-5-111-3847866527-469524349-687026318-516638107-1125189541-7504\r\n\tAccount Name:\t\tsshd_7504\r\n\tAccount Domain:\t\tVIRTUAL USERS\r\n\tLogon ID:\t\t0xF55A21\r\n\r\nLogon Type:\t\t\t5\r\n\r\nThis event is generated when a logon session is destroyed. It may be positively correlated with a logon event using the Logon ID value. Logon IDs are only unique between reboots on the same computer.\""},"eventdata":{"targetUserSid":"S-1-5-111-3847866527-469524349-687026318-516638107-1125189541-7504","targetUserName":"sshd_7504","targetDomainName":"VIRTUAL USERS","targetLogonId":"0xf55a21","logonType":"5"}}}
2026 Feb 03 20:43:06 (Secretary-Windows) any->EventChannel {"win":{"system":{"providerName":"Microsoft-Windows-Sysmon","providerGuid":"{5770385f-c22a-43e0-bf4c-06f5698ffbd9}","eventID":"5","version":"3","level":"4","task":"5","opcode":"0","keywords":"0x8000000000000000","systemTime":"2026-02-04T03:33:34.3672547Z","eventRecordID":"2643","processID":"2824","threadID":"3588","channel":"Microsoft-Windows-Sysmon/Operational","computer":"WinDev2308Eval","severityValue":"INFORMATION","message":"\"Process terminated:\r\nRuleName: -\r\nUtcTime: 2026-02-04 03:33:34.365\r\nProcessGuid: {de7f78ee-be0e-6982-5008-000000001e00}\r\nProcessId: 6600\r\nImage: C:\\Windows\\System32\\conhost.exe\r\nUser: WINDEV2308EVAL\\Secretary\""},"eventdata":{"utcTime":"2026-02-04 03:33:34.365","processGuid":"{de7f78ee-be0e-6982-5008-000000001e00}","processId":"6600","image":"C:\\\\Windows\\\\System32\\\\conhost.exe","user":"WINDEV2308EVAL\\\\Secretary"}}}
2026 Feb 03 20:43:06 (Secretary-Windows) any->EventChannel {"win":{"system":{"providerName":"Microsoft-Windows-Security-Auditing","providerGuid":"{54849625-5478-4994-a5ba-3e3b0328c30d}","eventID":"4799","version":"0","level":"0","task":"13826","opcode":"0","keywords":"0x8020000000000000","systemTime":"2026-02-04T03:34:51.9161183Z","eventRecordID":"51925","processID":"764","threadID":"4184","channel":"Security","computer":"WinDev2308Eval","severityValue":"AUDIT_SUCCESS","message":"\"A security-enabled local group membership was enumerated.\r\n\r\nSubject:\r\n\tSecurity ID:\t\tS-1-5-18\r\n\tAccount Name:\t\tWINDEV2308EVAL$\r\n\tAccount Domain:\t\tWORKGROUP\r\n\tLogon ID:\t\t0x3E7\r\n\r\nGroup:\r\n\tSecurity ID:\t\tS-1-5-32-544\r\n\tGroup Name:\t\tAdministrators\r\n\tGroup Domain:\t\tBuiltin\r\n\r\nProcess Information:\r\n\tProcess ID:\t\t0x438\r\n\tProcess Name:\t\tC:\\Windows\\System32\\svchost.exe\""},"eventdata":{"targetUserName":"Administrators","targetDomainName":"Builtin","targetSid":"S-1-5-32-544","subjectUserSid":"S-1-5-18","subjectUserName":"WINDEV2308EVAL$","subjectDomainName":"WORKGROUP","subjectLogonId":"0x3e7","callerProcessId":"0x438","callerProcessName":"C:\\\\Windows\\\\System32\\\\svchost.exe"}}}
