2026 Feb 03 20:43:12 (Secretary-Windows) any->EventChannel {"win":{"system":{"providerName":"Microsoft-Windows-Sysmon","providerGuid":"{5770385f-c22a-43e0-bf4c-06f5698ffbd9}","eventID":"1","version":"5","level":"4","task":"1","opcode":"0","keywords":"0x8000000000000000","systemTime":"2026-02-04T03:43:14.5774057Z","eventRecordID":"2938","processID":"2824","threadID":"3588","channel":"Microsoft-Windows-Sysmon/Operational","computer":"WinDev2308Eval","severityValue":"INFORMATION","message":"\"Process Create:\r\nRuleName: -\r\nUtcTime: 2026-02-04 03:43:14.569\r\nProcessGuid: {de7f78ee-c052-6982-ee08-000000001e00}\r\nProcessId: 6544\r\nImage: C:\\Program Files (x86)\\Microsoft\\Edge\\Application\\msedge.exe\r\nFileVersion: 144.0.3719.104\r\nDescription: Microsoft Edge\r\nProduct: Microsoft Edge\r\nCompany: Microsoft Corporation\r\nOriginalFileName: msedge.exe\r\nCommandLine: \"C:\\Program Files (x86)\\Microsoft\\Edge\\Application\\msedge.exe\" --type=utility --utility-sub-type=unzip.mojom.Unzipper --lang=en-US --service-sandbox-type=service --noerrdialogs --user-data-dir=\"C:\\Users\\SECRET~1\\AppData\\Local\\Temp\\scoped_dir3900_656265703\" --skip-read-main-dll --field-trial-handle=2604,i,6610243335601279478,16027879223574631205,262144 --enable-features=msMetricsLogFastStartup,msSendMetricsLogOnClose --disable-features=IgnoreDuplicateNavs,PaintHolding,Prewarm --variations-seed-version --trace-process-track-uuid=3190709003178624776 --enable-logging=handle --log-file=6580 --log-level=0 --mojo-platform-channel-handle=6568 /prefetch:14\r\nCurrentDirectory: C:\\Program Files (x86)\\Microsoft\\Edge\\Application\\144.0.3719.104\\\r\nUser: WINDEV2308EVAL\\Secretary\r\nLogonGuid: {de7f78ee-4b47-6982-f4f1-3d0000000000}\r\nLogonId: 0x3DF1F4\r\nTerminalSessionId: 2\r\nIntegrityLevel: Low\r\nHashes: SHA256=C93DB508A45D9D394C38BA5BDC9A131C4CA09D4BF96EED2AD4794E10E359D2B8\r\nParentProcessGuid: {de7f78ee-bffd-6982-d208-000000001e00}\r\nParentProcessId: 4868\r\nParentImage: C:\\Program Files (x86)\\Microsoft\\Edge\\Application\\msedge.exe\r\nParentCommandLine: \"C:\\Program Files (x86)\\Microsoft\\Edge\\Application\\msedge.exe\" --allow-pre-commit-input --disable-background-networking --disable-backgrounding-occluded-windows --disable-client-side-phishing-detection --disable-default-apps --disable-features=IgnoreDuplicateNavs,Prewarm --disable-hang-monitor --disable-popup-blocking --disable-prompt-on-repost --disable-sync --edge-skip-compat-layer-relaunch --enable-automation --enable-logging --headless --log-level=0 --no-first-run --no-service-autorun --password-store=basic --remote-debugging-port=0 --start-maximized --test-type=webdriver --use-mock-keychain --user-data-dir=\"C:\\Users\\SECRET~1\\AppData\\Local\\Temp\\scoped_dir3900_656265703\" --window-size=1920,1080 data:,\r\nParentUser: WINDEV2308EVAL\\Secretary\""},"eventdata":{"utcTime":"2026-02-04 03:43:14.569","processGuid":"{de7f78ee-c052-6982-ee08-000000001e00}","processId":"6544","image":"C:\\\\Program Files (x86)\\\\Microsoft\\\\Edge\\\\Application\\\\msedge.exe","fileVersion":"144.0.3719.104","description":"Microsoft Edge","product":"Microsoft Edge","company":"Microsoft Corporation","originalFileName":"msedge.exe","commandLine":"\\\"C:\\\\Program Files (x86)\\\\Microsoft\\\\Edge\\\\Application\\\\msedge.exe\\\" --type=utility --utility-sub-type=unzip.mojom.Unzipper --lang=en-US --service-sandbox-type=service --noerrdialogs --user-data-dir=\\\"C:\\\\Users\\\\SECRET~1\\\\AppData\\\\Local\\\\Temp\\\\scoped_dir3900_656265703\\\" --skip-read-main-dll --field-trial-handle=2604,i,6610243335601279478,16027879223574631205,262144 --enable-features=msMetricsLogFastStartup,msSendMetricsLogOnClose --disable-features=IgnoreDuplicateNavs,PaintHolding,Prewarm --variations-seed-version --trace-process-track-uuid=3190709003178624776 --enable-logging=handle --log-file=6580 --log-level=0 --mojo-platform-channel-handle=6568 /prefetch:14","currentDirectory":"C:\\\\Program Files (x86)\\\\Microsoft\\\\Edge\\\\Application\\\\144.0.3719.104\\\\","user":"WINDEV2308EVAL\\\\Secretary","logonGuid":"{de7f78ee-4b47-6982-f4f1-3d0000000000}","logonId":"0x3df1f4","terminalSessionId":"2","integrityLevel":"Low","hashes":"SHA256=C93DB508A45D9D394C38BA5BDC9A131C4CA09D4BF96EED2AD4794E10E359D2B8","parentProcessGuid":"{de7f78ee-bffd-6982-d208-000000001e00}","parentProcessId":"4868","parentImage":"C:\\\\Program Files (x86)\\\\Microsoft\\\\Edge\\\\Application\\\\msedge.exe","parentCommandLine":"\\\"C:\\\\Program Files (x86)\\\\Microsoft\\\\Edge\\\\Application\\\\msedge.exe\\\" --allow-pre-commit-input --disable-background-networking --disable-backgrounding-occluded-windows --disable-client-side-phishing-detection --disable-default-apps --disable-features=IgnoreDuplicateNavs,Prewarm --disable-hang-monitor --disable-popup-blocking --disable-prompt-on-repost --disable-sync --edge-skip-compat-layer-relaunch --enable-automation --enable-logging --headless --log-level=0 --no-first-run --no-service-autorun --password-store=basic --remote-debugging-port=0 --start-maximized --test-type=webdriver --use-mock-keychain --user-data-dir=\\\"C:\\\\Users\\\\SECRET~1\\\\AppData\\\\Local\\\\Temp\\\\scoped_dir3900_656265703\\\" --window-size=1920,1080 data:,","parentUser":"WINDEV2308EVAL\\\\Secretary"}}}
2026 Feb 03 20:43:12 (Secretary-Windows) any->EventChannel {"win":{"system":{"providerName":"Microsoft-Windows-Sysmon","providerGuid":"{5770385f-c22a-43e0-bf4c-06f5698ffbd9}","eventID":"5","version":"3","level":"4","task":"5","opcode":"0","keywords":"0x8000000000000000","systemTime":"2026-02-04T03:43:14.6949957Z","eventRecordID":"2939","processID":"2824","threadID":"3588","channel":"Microsoft-Windows-Sysmon/Operational","computer":"WinDev2308Eval","severityValue":"INFORMATION","message":"\"Process terminated:\r\nRuleName: -\r\nUtcTime: 2026-02-04 03:43:14.694\r\nProcessGuid: {de7f78ee-c052-6982-ee08-000000001e00}\r\nProcessId: 6544\r\nImage: C:\\Program Files (x86)\\Microsoft\\Edge\\Application\\msedge.exe\r\nUser: WINDEV2308EVAL\\Secretary\""},"eventdata":{"utcTime":"2026-02-04 03:43:14.694","processGuid":"{de7f78ee-c052-6982-ee08-000000001e00}","processId":"6544","image":"C:\\\\Program Files (x86)\\\\Microsoft\\\\Edge\\\\Application\\\\msedge.exe","user":"WINDEV2308EVAL\\\\Secretary"}}}
2026 Feb 03 20:43:12 (Secretary-Windows) any->EventChannel {"win":{"system":{"providerName":"Microsoft-Windows-Sysmon","providerGuid":"{5770385f-c22a-43e0-bf4c-06f5698ffbd9}","eventID":"5","version":"3","level":"4","task":"5","opcode":"0","keywords":"0x8000000000000000","systemTime":"2026-02-04T03:43:24.2339276Z","eventRecordID":"2940","processID":"2824","threadID":"3588","channel":"Microsoft-Windows-Sysmon/Operational","computer":"WinDev2308Eval","severityValue":"INFORMATION","message":"\"Process terminated:\r\nRuleName: -\r\nUtcTime: 2026-02-04 03:43:24.233\r\nProcessGuid: {de7f78ee-c01d-6982-e508-000000001e00}\r\nProcessId: 2140\r\nImage: C:\\Windows\\System32\\svchost.exe\r\nUser: NT AUTHORITY\\SYSTEM\""},"eventdata":{"utcTime":"2026-02-04 03:43:24.233","processGuid":"{de7f78ee-c01d-6982-e508-000000001e00}","processId":"2140","image":"C:\\\\Windows\\\\System32\\\\svchost.exe","user":"NT AUTHORITY\\\\SYSTEM"}}}
2026 Feb 03 20:43:12 (OPNsense.localdomain) any->/var/ossec/logs/opnsense_syslog.log Feb  3 20:43:12 OPNsense.localdomain filterlog[44472]: 118,,,6125cb207f65033775d1069fdf6d0ccf,vtnet0,match,pass,out,4,0x0,,64,0,0,DF,17,udp,88,203.0.213.2,193.205.160.3,10494,53,68
2026 Feb 03 20:43:12 (Secretary-Windows) any->EventChannel {"win":{"system":{"providerName":"Microsoft-Windows-Sysmon","providerGuid":"{5770385f-c22a-43e0-bf4c-06f5698ffbd9}","eventID":"5","version":"3","level":"4","task":"5","opcode":"0","keywords":"0x8000000000000000","systemTime":"2026-02-04T03:43:25.0256085Z","eventRecordID":"2941","processID":"2824","threadID":"3588","channel":"Microsoft-Windows-Sysmon/Operational","computer":"WinDev2308Eval","severityValue":"INFORMATION","message":"\"Process terminated:\r\nRuleName: -\r\nUtcTime: 2026-02-04 03:43:25.024\r\nProcessGuid: {de7f78ee-c01d-6982-e408-000000001e00}\r\nProcessId: 4252\r\nImage: C:\\Windows\\UUS\\Packages\\Preview\\amd64\\MoUsoCoreWorker.exe\r\nUser: NT AUTHORITY\\SYSTEM\""},"eventdata":{"utcTime":"2026-02-04 03:43:25.024","processGuid":"{de7f78ee-c01d-6982-e408-000000001e00}","processId":"4252","image":"C:\\\\Windows\\\\UUS\\\\Packages\\\\Preview\\\\amd64\\\\MoUsoCoreWorker.exe","user":"NT AUTHORITY\\\\SYSTEM"}}}
2026 Feb 03 20:43:12 (Secretary-Windows) any->EventChannel {"win":{"system":{"providerName":"Microsoft-Windows-Sysmon","providerGuid":"{5770385f-c22a-43e0-bf4c-06f5698ffbd9}","eventID":"1","version":"5","level":"4","task":"1","opcode":"0","keywords":"0x8000000000000000","systemTime":"2026-02-04T03:43:32.3459677Z","eventRecordID":"2942","processID":"2824","threadID":"3588","channel":"Microsoft-Windows-Sysmon/Operational","computer":"WinDev2308Eval","severityValue":"INFORMATION","message":"\"Process Create:\r\nRuleName: -\r\nUtcTime: 2026-02-04 03:43:32.337\r\nProcessGuid: {de7f78ee-c064-6982-ef08-000000001e00}\r\nProcessId: 5924\r\nImage: C:\\Program Files (x86)\\Microsoft\\Edge\\Application\\msedge.exe\r\nFileVersion: 144.0.3719.104\r\nDescription: Microsoft Edge\r\nProduct: Microsoft Edge\r\nCompany: Microsoft Corporation\r\nOriginalFileName: msedge.exe\r\nCommandLine: \"C:\\Program Files (x86)\\Microsoft\\Edge\\Application\\msedge.exe\" --type=utility --utility-sub-type=unzip.mojom.Unzipper --lang=en-US --service-sandbox-type=service --noerrdialogs --user-data-dir=\"C:\\Users\\SECRET~1\\AppData\\Local\\Temp\\scoped_dir3900_656265703\" --ram-no-pressure-read-main-dll --field-trial-handle=2604,i,6610243335601279478,16027879223574631205,262144 --enable-features=msMetricsLogFastStartup,msSendMetricsLogOnClose --disable-features=IgnoreDuplicateNavs,PaintHolding,Prewarm --variations-seed-version --trace-process-track-uuid=3190709004115666625 --enable-logging=handle --log-file=6440 --log-level=0 --mojo-platform-channel-handle=6436 /prefetch:14\r\nCurrentDirectory: C:\\Program Files (x86)\\Microsoft\\Edge\\Application\\144.0.3719.104\\\r\nUser: WINDEV2308EVAL\\Secretary\r\nLogonGuid: {de7f78ee-4b47-6982-f4f1-3d0000000000}\r\nLogonId: 0x3DF1F4\r\nTerminalSessionId: 2\r\nIntegrityLevel: Low\r\nHashes: SHA256=C93DB508A45D9D394C38BA5BDC9A131C4CA09D4BF96EED2AD4794E10E359D2B8\r\nParentProcessGuid: {de7f78ee-bffd-6982-d208-000000001e00}\r\nParentProcessId: 4868\r\nParentImage: C:\\Program Files (x86)\\Microsoft\\Edge\\Application\\msedge.exe\r\nParentCommandLine: \"C:\\Program Files (x86)\\Microsoft\\Edge\\Application\\msedge.exe\" --allow-pre-commit-input --disable-background-networking --disable-backgrounding-occluded-windows --disable-client-side-phishing-detection --disable-default-apps --disable-features=IgnoreDuplicateNavs,Prewarm --disable-hang-monitor --disable-popup-blocking --disable-prompt-on-repost --disable-sync --edge-skip-compat-layer-relaunch --enable-automation --enable-logging --headless --log-level=0 --no-first-run --no-service-autorun --password-store=basic --remote-debugging-port=0 --start-maximized --test-type=webdriver --use-mock-keychain --user-data-dir=\"C:\\Users\\SECRET~1\\AppData\\Local\\Temp\\scoped_dir3900_656265703\" --window-size=1920,1080 data:,\r\nParentUser: WINDEV2308EVAL\\Secretary\""},"eventdata":{"utcTime":"2026-02-04 03:43:32.337","processGuid":"{de7f78ee-c064-6982-ef08-000000001e00}","processId":"5924","image":"C:\\\\Program Files (x86)\\\\Microsoft\\\\Edge\\\\Application\\\\msedge.exe","fileVersion":"144.0.3719.104","description":"Microsoft Edge","product":"Microsoft Edge","company":"Microsoft Corporation","originalFileName":"msedge.exe","commandLine":"\\\"C:\\\\Program Files (x86)\\\\Microsoft\\\\Edge\\\\Application\\\\msedge.exe\\\" --type=utility --utility-sub-type=unzip.mojom.Unzipper --lang=en-US --service-sandbox-type=service --noerrdialogs --user-data-dir=\\\"C:\\\\Users\\\\SECRET~1\\\\AppData\\\\Local\\\\Temp\\\\scoped_dir3900_656265703\\\" --ram-no-pressure-read-main-dll --field-trial-handle=2604,i,6610243335601279478,16027879223574631205,262144 --enable-features=msMetricsLogFastStartup,msSendMetricsLogOnClose --disable-features=IgnoreDuplicateNavs,PaintHolding,Prewarm --variations-seed-version --trace-process-track-uuid=3190709004115666625 --enable-logging=handle --log-file=6440 --log-level=0 --mojo-platform-channel-handle=6436 /prefetch:14","currentDirectory":"C:\\\\Program Files (x86)\\\\Microsoft\\\\Edge\\\\Application\\\\144.0.3719.104\\\\","user":"WINDEV2308EVAL\\\\Secretary","logonGuid":"{de7f78ee-4b47-6982-f4f1-3d0000000000}","logonId":"0x3df1f4","terminalSessionId":"2","integrityLevel":"Low","hashes":"SHA256=C93DB508A45D9D394C38BA5BDC9A131C4CA09D4BF96EED2AD4794E10E359D2B8","parentProcessGuid":"{de7f78ee-bffd-6982-d208-000000001e00}","parentProcessId":"4868","parentImage":"C:\\\\Program Files (x86)\\\\Microsoft\\\\Edge\\\\Application\\\\msedge.exe","parentCommandLine":"\\\"C:\\\\Program Files (x86)\\\\Microsoft\\\\Edge\\\\Application\\\\msedge.exe\\\" --allow-pre-commit-input --disable-background-networking --disable-backgrounding-occluded-windows --disable-client-side-phishing-detection --disable-default-apps --disable-features=IgnoreDuplicateNavs,Prewarm --disable-hang-monitor --disable-popup-blocking --disable-prompt-on-repost --disable-sync --edge-skip-compat-layer-relaunch --enable-automation --enable-logging --headless --log-level=0 --no-first-run --no-service-autorun --password-store=basic --remote-debugging-port=0 --start-maximized --test-type=webdriver --use-mock-keychain --user-data-dir=\\\"C:\\\\Users\\\\SECRET~1\\\\AppData\\\\Local\\\\Temp\\\\scoped_dir3900_656265703\\\" --window-size=1920,1080 data:,","parentUser":"WINDEV2308EVAL\\\\Secretary"}}}
2026 Feb 03 20:43:12 (OPNsense.localdomain) any->/var/ossec/logs/opnsense_syslog.log Feb  3 20:43:12 OPNsense.localdomain filterlog[44472]: 118,,,6125cb207f65033775d1069fdf6d0ccf,vtnet0,match,pass,out,4,0x0,,64,0,0,DF,17,udp,88,203.0.213.2,193.205.160.3,62486,53,68
2026 Feb 03 20:43:12 (OPNsense.localdomain) any->/var/ossec/logs/opnsense_syslog.log Feb  3 20:43:12 OPNsense.localdomain filterlog[44472]: 115,,,fae559338f65e11c53669fc3642c93c2,vtnet0,match,pass,out,4,0x0,,127,6299,0,DF,6,tcp,52,10.0.40.13,142.251.141.234,58286,443,0,S,2347120003,,64240,,mss;nop;wscale;nop;nop;sackOK
2026 Feb 03 20:43:12 (OPNsense.localdomain) any->syscollector {"data":{"architecture":"amd64","checksum":"d008b3a9db823632efac0877e4b209b2a8c2c9ef","description":"International Components for Unicode (from IBM)","format":"pkg","groups":" ","install_time":"1721738636","item_id":"cad56bd8f310e26725b6005f4c071f3f010fad3b","location":" ","name":"icu","priority":" ","scan_time":"2026/02/03 19:12:07","size":"54588599","source":"OPNsense","vendor":"office@FreeBSD.org","version":"74.2_1,1"},"operation":"MODIFIED","type":"dbsync_packages"}
2026 Feb 03 20:43:12 (Secretary-Windows) any->EventChannel {"win":{"system":{"providerName":"Microsoft-Windows-Sysmon","providerGuid":"{5770385f-c22a-43e0-bf4c-06f5698ffbd9}","eventID":"5","version":"3","level":"4","task":"5","opcode":"0","keywords":"0x8000000000000000","systemTime":"2026-02-04T03:43:32.5123038Z","eventRecordID":"2943","processID":"2824","threadID":"3588","channel":"Microsoft-Windows-Sysmon/Operational","computer":"WinDev2308Eval","severityValue":"INFORMATION","message":"\"Process terminated:\r\nRuleName: -\r\nUtcTime: 2026-02-04 03:43:32.512\r\nProcessGuid: {de7f78ee-c064-6982-ef08-000000001e00}\r\nProcessId: 5924\r\nImage: C:\\Program Files (x86)\\Microsoft\\Edge\\Application\\msedge.exe\r\nUser: WINDEV2308EVAL\\Secretary\""},"eventdata":{"utcTime":"2026-02-04 03:43:32.512","processGuid":"{de7f78ee-c064-6982-ef08-000000001e00}","processId":"5924","image":"C:\\\\Program Files (x86)\\\\Microsoft\\\\Edge\\\\Application\\\\msedge.exe","user":"WINDEV2308EVAL\\\\Secretary"}}}
2026 Feb 03 20:43:12 (Secretary-Windows) any->EventChannel {"win":{"system":{"providerName":"Microsoft-Windows-Sysmon","providerGuid":"{5770385f-c22a-43e0-bf4c-06f5698ffbd9}","eventID":"1","version":"5","level":"4","task":"1","opcode":"0","keywords":"0x8000000000000000","systemTime":"2026-02-04T03:43:50.0417425Z","eventRecordID":"2944","processID":"2824","threadID":"3588","channel":"Microsoft-Windows-Sysmon/Operational","computer":"WinDev2308Eval","severityValue":"INFORMATION","message":"\"Process Create:\r\nRuleName: -\r\nUtcTime: 2026-02-04 03:43:50.034\r\nProcessGuid: {de7f78ee-c076-6982-f008-000000001e00}\r\nProcessId: 3704\r\nImage: C:\\Program Files (x86)\\Microsoft\\Edge\\Application\\msedge.exe\r\nFileVersion: 144.0.3719.104\r\nDescription: Microsoft Edge\r\nProduct: Microsoft Edge\r\nCompany: Microsoft Corporation\r\nOriginalFileName: msedge.exe\r\nCommandLine: \"C:\\Program Files (x86)\\Microsoft\\Edge\\Application\\msedge.exe\" --type=gpu-process --disable-gpu-sandbox --use-gl=disabled --gpu-vendor-id=5140 --gpu-device-id=140 --gpu-sub-system-id=0 --gpu-revision=0 --gpu-driver-version=10.0.22621.5415 --headless --noerrdialogs --user-data-dir=\"C:\\Users\\SECRET~1\\AppData\\Local\\Temp\\scoped_dir3900_656265703\" --gpu-preferences=SAAAAAAAAADoAAAEAAAAAAAAAAAAAGAAAQAAAAAAAAAAAAAAAAAAAEIAAAAAAAAAAAAAAAAAAAAQAAAAAAAAABAAAAAAAAAACAAAAAAAAAAIAAAAAAAAAA== --skip-read-main-dll --field-trial-handle=2604,i,6610243335601279478,16027879223574631205,262144 --enable-features=msMetricsLogFastStartup,msSendMetricsLogOnClose --disable-features=IgnoreDuplicateNavs,PaintHolding,Prewarm --variations-seed-version --trace-process-track-uuid=3190709005052708474 --enable-logging=handle --log-file=6308 --log-level=0 --mojo-platform-channel-handle=6592 /prefetch:10\r\nCurrentDirectory: C:\\Program Files (x86)\\Microsoft\\Edge\\Application\\144.0.3719.104\\\r\nUser: WINDEV2308EVAL\\Secretary\r\nLogonGuid: {de7f78ee-4b47-6982-f4f1-3d0000000000}\r\nLogonId: 0x3DF1F4\r\nTerminalSessionId: 2\r\nIntegrityLevel: Medium\r\nHashes: SHA256=C93DB508A45D9D394C38BA5BDC9A131C4CA09D4BF96EED2AD4794E10E359D2B8\r\nParentProcessGuid: {de7f78ee-bffd-6982-d208-000000001e00}\r\nParentProcessId: 4868\r\nParentImage: C:\\Program Files (x86)\\Microsoft\\Edge\\Application\\msedge.exe\r\nParentCommandLine: \"C:\\Program Files (x86)\\Microsoft\\Edge\\Application\\msedge.exe\" --allow-pre-commit-input --disable-background-networking --disable-backgrounding-occluded-windows --disable-client-side-phishing-detection --disable-default-apps --disable-features=IgnoreDuplicateNavs,Prewarm --disable-hang-monitor --disable-popup-blocking --disable-prompt-on-repost --disable-sync --edge-skip-compat-layer-relaunch --enable-automation --enable-logging --headless --log-level=0 --no-first-run --no-service-autorun --password-store=basic --remote-debugging-port=0 --start-maximized --test-type=webdriver --use-mock-keychain --user-data-dir=\"C:\\Users\\SECRET~1\\AppData\\Local\\Temp\\scoped_dir3900_656265703\" --window-size=1920,1080 data:,\r\nParentUser: WINDEV2308EVAL\\Secretary\""},"eventdata":{"utcTime":"2026-02-04 03:43:50.034","processGuid":"{de7f78ee-c076-6982-f008-000000001e00}","processId":"3704","image":"C:\\\\Program Files (x86)\\\\Microsoft\\\\Edge\\\\Application\\\\msedge.exe","fileVersion":"144.0.3719.104","description":"Microsoft Edge","product":"Microsoft Edge","company":"Microsoft Corporation","originalFileName":"msedge.exe","commandLine":"\\\"C:\\\\Program Files (x86)\\\\Microsoft\\\\Edge\\\\Application\\\\msedge.exe\\\" --type=gpu-process --disable-gpu-sandbox --use-gl=disabled --gpu-vendor-id=5140 --gpu-device-id=140 --gpu-sub-system-id=0 --gpu-revision=0 --gpu-driver-version=10.0.22621.5415 --headless --noerrdialogs --user-data-dir=\\\"C:\\\\Users\\\\SECRET~1\\\\AppData\\\\Local\\\\Temp\\\\scoped_dir3900_656265703\\\" --gpu-preferences=SAAAAAAAAADoAAAEAAAAAAAAAAAAAGAAAQAAAAAAAAAAAAAAAAAAAEIAAAAAAAAAAAAAAAAAAAAQAAAAAAAAABAAAAAAAAAACAAAAAAAAAAIAAAAAAAAAA== --skip-read-main-dll --field-trial-handle=2604,i,6610243335601279478,16027879223574631205,262144 --enable-features=msMetricsLogFastStartup,msSendMetricsLogOnClose --disable-features=IgnoreDuplicateNavs,PaintHolding,Prewarm --variations-seed-version --trace-process-track-uuid=3190709005052708474 --enable-logging=handle --log-file=6308 --log-level=0 --mojo-platform-channel-handle=6592 /prefetch:10","currentDirectory":"C:\\\\Program Files (x86)\\\\Microsoft\\\\Edge\\\\Application\\\\144.0.3719.104\\\\","user":"WINDEV2308EVAL\\\\Secretary","logonGuid":"{de7f78ee-4b47-6982-f4f1-3d0000000000}","logonId":"0x3df1f4","terminalSessionId":"2","integrityLevel":"Medium","hashes":"SHA256=C93DB508A45D9D394C38BA5BDC9A131C4CA09D4BF96EED2AD4794E10E359D2B8","parentProcessGuid":"{de7f78ee-bffd-6982-d208-000000001e00}","parentProcessId":"4868","parentImage":"C:\\\\Program Files (x86)\\\\Microsoft\\\\Edge\\\\Application\\\\msedge.exe","parentCommandLine":"\\\"C:\\\\Program Files (x86)\\\\Microsoft\\\\Edge\\\\Application\\\\msedge.exe\\\" --allow-pre-commit-input --disable-background-networking --disable-backgrounding-occluded-windows --disable-client-side-phishing-detection --disable-default-apps --disable-features=IgnoreDuplicateNavs,Prewarm --disable-hang-monitor --disable-popup-blocking --disable-prompt-on-repost --disable-sync --edge-skip-compat-layer-relaunch --enable-automation --enable-logging --headless --log-level=0 --no-first-run --no-service-autorun --password-store=basic --remote-debugging-port=0 --start-maximized --test-type=webdriver --use-mock-keychain --user-data-dir=\\\"C:\\\\Users\\\\SECRET~1\\\\AppData\\\\Local\\\\Temp\\\\scoped_dir3900_656265703\\\" --window-size=1920,1080 data:,","parentUser":"WINDEV2308EVAL\\\\Secretary"}}}
2026 Feb 03 20:43:12 (Secretary-Windows) any->EventChannel {"win":{"system":{"providerName":"Microsoft-Windows-Sysmon","providerGuid":"{5770385f-c22a-43e0-bf4c-06f5698ffbd9}","eventID":"5","version":"3","level":"4","task":"5","opcode":"0","keywords":"0x8000000000000000","systemTime":"2026-02-04T03:43:50.2588169Z","eventRecordID":"2945","processID":"2824","threadID":"3588","channel":"Microsoft-Windows-Sysmon/Operational","computer":"WinDev2308Eval","severityValue":"INFORMATION","message":"\"Process terminated:\r\nRuleName: -\r\nUtcTime: 2026-02-04 03:43:50.256\r\nProcessGuid: {de7f78ee-c076-6982-f008-000000001e00}\r\nProcessId: 3704\r\nImage: C:\\Program Files (x86)\\Microsoft\\Edge\\Application\\msedge.exe\r\nUser: WINDEV2308EVAL\\Secretary\""},"eventdata":{"utcTime":"2026-02-04 03:43:50.256","processGuid":"{de7f78ee-c076-6982-f008-000000001e00}","processId":"3704","image":"C:\\\\Program Files (x86)\\\\Microsoft\\\\Edge\\\\Application\\\\msedge.exe","user":"WINDEV2308EVAL\\\\Secretary"}}}
2026 Feb 03 20:43:12 (Secretary-Windows) any->EventChannel {"win":{"system":{"providerName":"Microsoft-Windows-Sysmon","providerGuid":"{5770385f-c22a-43e0-bf4c-06f5698ffbd9}","eventID":"1","version":"5","level":"4","task":"1","opcode":"0","keywords":"0x8000000000000000","systemTime":"2026-02-04T03:43:54.4061994Z","eventRecordID":"2946","processID":"2824","threadID":"3588","channel":"Microsoft-Windows-Sysmon/Operational","computer":"WinDev2308Eval","severityValue":"INFORMATION","message":"\"Process Create:\r\nRuleName: -\r\nUtcTime: 2026-02-04 03:43:54.397\r\nProcessGuid: {de7f78ee-c07a-6982-f108-000000001e00}\r\nProcessId: 3364\r\nImage: C:\\Program Files (x86)\\Microsoft\\Edge\\Application\\msedge.exe\r\nFileVersion: 144.0.3719.104\r\nDescription: Microsoft Edge\r\nProduct: Microsoft Edge\r\nCompany: Microsoft Corporation\r\nOriginalFileName: msedge.exe\r\nCommandLine: \"C:\\Program Files (x86)\\Microsoft\\Edge\\Application\\msedge.exe\" --type=utility --utility-sub-type=unzip.mojom.Unzipper --lang=en-US --service-sandbox-type=service --noerrdialogs --user-data-dir=\"C:\\Users\\SECRET~1\\AppData\\Local\\Temp\\scoped_dir3900_656265703\" --skip-read-main-dll --field-trial-handle=2604,i,6610243335601279478,16027879223574631205,262144 --enable-features=msMetricsLogFastStartup,msSendMetricsLogOnClose --disable-features=IgnoreDuplicateNavs,PaintHolding,Prewarm --variations-seed-version --trace-process-track-uuid=3190709005989750323 --enable-logging=handle --log-file=6484 --log-level=0 --mojo-platform-channel-handle=6604 /prefetch:14\r\nCurrentDirectory: C:\\Program Files (x86)\\Microsoft\\Edge\\Application\\144.0.3719.104\\\r\nUser: WINDEV2308EVAL\\Secretary\r\nLogonGuid: {de7f78ee-4b47-6982-f4f1-3d0000000000}\r\nLogonId: 0x3DF1F4\r\nTerminalSessionId: 2\r\nIntegrityLevel: Low\r\nHashes: SHA256=C93DB508A45D9D394C38BA5BDC9A131C4CA09D4BF96EED2AD4794E10E359D2B8\r\nParentProcessGuid: {de7f78ee-bffd-6982-d208-000000001e00}\r\nParentProcessId: 4868\r\nParentImage: C:\\Program Files (x86)\\Microsoft\\Edge\\Application\\msedge.exe\r\nParentCommandLine: \"C:\\Program Files (x86)\\Microsoft\\Edge\\Application\\msedge.exe\" --allow-pre-commit-input --disable-background-networking --disable-backgrounding-occluded-windows --disable-client-side-phishing-detection --disable-default-apps --disable-features=IgnoreDuplicateNavs,Prewarm --disable-hang-monitor --disable-popup-blocking --disable-prompt-on-repost --disable-sync --edge-skip-compat-layer-relaunch --enable-automation --enable-logging --headless --log-level=0 --no-first-run --no-service-autorun --password-store=basic --remote-debugging-port=0 --start-maximized --test-type=webdriver --use-mock-keychain --user-data-dir=\"C:\\Users\\SECRET~1\\AppData\\Local\\Temp\\scoped_dir3900_656265703\" --window-size=1920,1080 data:,\r\nParentUser: WINDEV2308EVAL\\Secretary\""},"eventdata":{"utcTime":"2026-02-04 03:43:54.397","processGuid":"{de7f78ee-c07a-6982-f108-000000001e00}","processId":"3364","image":"C:\\\\Program Files (x86)\\\\Microsoft\\\\Edge\\\\Application\\\\msedge.exe","fileVersion":"144.0.3719.104","description":"Microsoft Edge","product":"Microsoft Edge","company":"Microsoft Corporation","originalFileName":"msedge.exe","commandLine":"\\\"C:\\\\Program Files (x86)\\\\Microsoft\\\\Edge\\\\Application\\\\msedge.exe\\\" --type=utility --utility-sub-type=unzip.mojom.Unzipper --lang=en-US --service-sandbox-type=service --noerrdialogs --user-data-dir=\\\"C:\\\\Users\\\\SECRET~1\\\\AppData\\\\Local\\\\Temp\\\\scoped_dir3900_656265703\\\" --skip-read-main-dll --field-trial-handle=2604,i,6610243335601279478,16027879223574631205,262144 --enable-features=msMetricsLogFastStartup,msSendMetricsLogOnClose --disable-features=IgnoreDuplicateNavs,PaintHolding,Prewarm --variations-seed-version --trace-process-track-uuid=3190709005989750323 --enable-logging=handle --log-file=6484 --log-level=0 --mojo-platform-channel-handle=6604 /prefetch:14","currentDirectory":"C:\\\\Program Files (x86)\\\\Microsoft\\\\Edge\\\\Application\\\\144.0.3719.104\\\\","user":"WINDEV2308EVAL\\\\Secretary","logonGuid":"{de7f78ee-4b47-6982-f4f1-3d0000000000}","logonId":"0x3df1f4","terminalSessionId":"2","integrityLevel":"Low","hashes":"SHA256=C93DB508A45D9D394C38BA5BDC9A131C4CA09D4BF96EED2AD4794E10E359D2B8","parentProcessGuid":"{de7f78ee-bffd-6982-d208-000000001e00}","parentProcessId":"4868","parentImage":"C:\\\\Program Files (x86)\\\\Microsoft\\\\Edge\\\\Application\\\\msedge.exe","parentCommandLine":"\\\"C:\\\\Program Files (x86)\\\\Microsoft\\\\Edge\\\\Application\\\\msedge.exe\\\" --allow-pre-commit-input --disable-background-networking --disable-backgrounding-occluded-windows --disable-client-side-phishing-detection --disable-default-apps --disable-features=IgnoreDuplicateNavs,Prewarm --disable-hang-monitor --disable-popup-blocking --disable-prompt-on-repost --disable-sync --edge-skip-compat-layer-relaunch --enable-automation --enable-logging --headless --log-level=0 --no-first-run --no-service-autorun --password-store=basic --remote-debugging-port=0 --start-maximized --test-type=webdriver --use-mock-keychain --user-data-dir=\\\"C:\\\\Users\\\\SECRET~1\\\\AppData\\\\Local\\\\Temp\\\\scoped_dir3900_656265703\\\" --window-size=1920,1080 data:,","parentUser":"WINDEV2308EVAL\\\\Secretary"}}}
2026 Feb 03 20:43:12 (Secretary-Windows) any->EventChannel {"win":{"system":{"providerName":"Microsoft-Windows-Sysmon","providerGuid":"{5770385f-c22a-43e0-bf4c-06f5698ffbd9}","eventID":"5","version":"3","level":"4","task":"5","opcode":"0","keywords":"0x8000000000000000","systemTime":"2026-02-04T03:43:54.5477311Z","eventRecordID":"2947","processID":"2824","threadID":"3588","channel":"Microsoft-Windows-Sysmon/Operational","computer":"WinDev2308Eval","severityValue":"INFORMATION","message":"\"Process terminated:\r\nRuleName: -\r\nUtcTime: 2026-02-04 03:43:54.547\r\nProcessGuid: {de7f78ee-c07a-6982-f108-000000001e00}\r\nProcessId: 3364\r\nImage: C:\\Program Files (x86)\\Microsoft\\Edge\\Application\\msedge.exe\r\nUser: WINDEV2308EVAL\\Secretary\""},"eventdata":{"utcTime":"2026-02-04 03:43:54.547","processGuid":"{de7f78ee-c07a-6982-f108-000000001e00}","processId":"3364","image":"C:\\\\Program Files (x86)\\\\Microsoft\\\\Edge\\\\Application\\\\msedge.exe","user":"WINDEV2308EVAL\\\\Secretary"}}}
2026 Feb 03 20:43:12 (Secretary-Windows) any->EventChannel {"win":{"system":{"providerName":"Microsoft-Windows-Sysmon","providerGuid":"{5770385f-c22a-43e0-bf4c-06f5698ffbd9}","eventID":"5","version":"3","level":"4","task":"5","opcode":"0","keywords":"0x8000000000000000","systemTime":"2026-02-04T03:44:05.6515488Z","eventRecordID":"2948","processID":"2824","threadID":"3588","channel":"Microsoft-Windows-Sysmon/Operational","computer":"WinDev2308Eval","severityValue":"INFORMATION","message":"\"Process terminated:\r\nRuleName: -\r\nUtcTime: 2026-02-04 03:44:05.650\r\nProcessGuid: {de7f78ee-bff5-6982-a808-000000001e00}\r\nProcessId: 3700\r\nImage: C:\\Windows\\System32\\SearchProtocolHost.exe\r\nUser: NT AUTHORITY\\SYSTEM\""},"eventdata":{"utcTime":"2026-02-04 03:44:05.650","processGuid":"{de7f78ee-bff5-6982-a808-000000001e00}","processId":"3700","image":"C:\\\\Windows\\\\System32\\\\SearchProtocolHost.exe","user":"NT AUTHORITY\\\\SYSTEM"}}}
2026 Feb 03 20:43:12 (OPNsense.localdomain) any->syscollector {"data":{"architecture":"amd64","checksum":"ab292ad898f51d4f2b241747547a0f23bfdd89f2","description":"Interface statistics reader","format":"pkg","groups":" ","install_time":"1721738636","item_id":"5e909547729cec34e76455c736fc1713fee0f13f","location":" ","name":"ifinfo","priority":" ","scan_time":"2026/02/03 19:12:07","size":"13723","source":"OPNsense","vendor":"franco@opnsense.org","version":"13.0_1"},"operation":"MODIFIED","type":"dbsync_packages"}
2026 Feb 03 20:43:12 (Secretary-Windows) any->EventChannel {"win":{"system":{"providerName":"Microsoft-Windows-Sysmon","providerGuid":"{5770385f-c22a-43e0-bf4c-06f5698ffbd9}","eventID":"1","version":"5","level":"4","task":"1","opcode":"0","keywords":"0x8000000000000000","systemTime":"2026-02-04T03:44:20.7041517Z","eventRecordID":"2949","processID":"2824","threadID":"3588","channel":"Microsoft-Windows-Sysmon/Operational","computer":"WinDev2308Eval","severityValue":"INFORMATION","message":"\"Process Create:\r\nRuleName: -\r\nUtcTime: 2026-02-04 03:44:20.641\r\nProcessGuid: {de7f78ee-c094-6982-f208-000000001e00}\r\nProcessId: 3824\r\nImage: C:\\Program Files (x86)\\Microsoft\\Edge\\Application\\msedge.exe\r\nFileVersion: 144.0.3719.104\r\nDescription: Microsoft Edge\r\nProduct: Microsoft Edge\r\nCompany: Microsoft Corporation\r\nOriginalFileName: msedge.exe\r\nCommandLine: \"C:\\Program Files (x86)\\Microsoft\\Edge\\Application\\msedge.exe\" --type=utility --utility-sub-type=unzip.mojom.Unzipper --lang=en-US --service-sandbox-type=service --noerrdialogs --user-data-dir=\"C:\\Users\\SECRET~1\\AppData\\Local\\Temp\\scoped_dir3900_656265703\" --ram-no-pressure-read-main-dll --field-trial-handle=2604,i,6610243335601279478,16027879223574631205,262144 --enable-features=msMetricsLogFastStartup,msSendMetricsLogOnClose --disable-features=IgnoreDuplicateNavs,PaintHolding,Prewarm --variations-seed-version --trace-process-track-uuid=3190709006926792172 --enable-logging=handle --log-file=5076 --log-level=0 --mojo-platform-channel-handle=6564 /prefetch:14\r\nCurrentDirectory: C:\\Program Files (x86)\\Microsoft\\Edge\\Application\\144.0.3719.104\\\r\nUser: WINDEV2308EVAL\\Secretary\r\nLogonGuid: {de7f78ee-4b47-6982-f4f1-3d0000000000}\r\nLogonId: 0x3DF1F4\r\nTerminalSessionId: 2\r\nIntegrityLevel: Low\r\nHashes: SHA256=C93DB508A45D9D394C38BA5BDC9A131C4CA09D4BF96EED2AD4794E10E359D2B8\r\nParentProcessGuid: {de7f78ee-bffd-6982-d208-000000001e00}\r\nParentProcessId: 4868\r\nParentImage: C:\\Program Files (x86)\\Microsoft\\Edge\\Application\\msedge.exe\r\nParentCommandLine: \"C:\\Program Files (x86)\\Microsoft\\Edge\\Application\\msedge.exe\" --allow-pre-commit-input --disable-background-networking --disable-backgrounding-occluded-windows --disable-client-side-phishing-detection --disable-default-apps --disable-features=IgnoreDuplicateNavs,Prewarm --disable-hang-monitor --disable-popup-blocking --disable-prompt-on-repost --disable-sync --edge-skip-compat-layer-relaunch --enable-automation --enable-logging --headless --log-level=0 --no-first-run --no-service-autorun --password-store=basic --remote-debugging-port=0 --start-maximized --test-type=webdriver --use-mock-keychain --user-data-dir=\"C:\\Users\\SECRET~1\\AppData\\Local\\Temp\\scoped_dir3900_656265703\" --window-size=1920,1080 data:,\r\nParentUser: WINDEV2308EVAL\\Secretary\""},"eventdata":{"utcTime":"2026-02-04 03:44:20.641","processGuid":"{de7f78ee-c094-6982-f208-000000001e00}","processId":"3824","image":"C:\\\\Program Files (x86)\\\\Microsoft\\\\Edge\\\\Application\\\\msedge.exe","fileVersion":"144.0.3719.104","description":"Microsoft Edge","product":"Microsoft Edge","company":"Microsoft Corporation","originalFileName":"msedge.exe","commandLine":"\\\"C:\\\\Program Files (x86)\\\\Microsoft\\\\Edge\\\\Application\\\\msedge.exe\\\" --type=utility --utility-sub-type=unzip.mojom.Unzipper --lang=en-US --service-sandbox-type=service --noerrdialogs --user-data-dir=\\\"C:\\\\Users\\\\SECRET~1\\\\AppData\\\\Local\\\\Temp\\\\scoped_dir3900_656265703\\\" --ram-no-pressure-read-main-dll --field-trial-handle=2604,i,6610243335601279478,16027879223574631205,262144 --enable-features=msMetricsLogFastStartup,msSendMetricsLogOnClose --disable-features=IgnoreDuplicateNavs,PaintHolding,Prewarm --variations-seed-version --trace-process-track-uuid=3190709006926792172 --enable-logging=handle --log-file=5076 --log-level=0 --mojo-platform-channel-handle=6564 /prefetch:14","currentDirectory":"C:\\\\Program Files (x86)\\\\Microsoft\\\\Edge\\\\Application\\\\144.0.3719.104\\\\","user":"WINDEV2308EVAL\\\\Secretary","logonGuid":"{de7f78ee-4b47-6982-f4f1-3d0000000000}","logonId":"0x3df1f4","terminalSessionId":"2","integrityLevel":"Low","hashes":"SHA256=C93DB508A45D9D394C38BA5BDC9A131C4CA09D4BF96EED2AD4794E10E359D2B8","parentProcessGuid":"{de7f78ee-bffd-6982-d208-000000001e00}","parentProcessId":"4868","parentImage":"C:\\\\Program Files (x86)\\\\Microsoft\\\\Edge\\\\Application\\\\msedge.exe","parentCommandLine":"\\\"C:\\\\Program Files (x86)\\\\Microsoft\\\\Edge\\\\Application\\\\msedge.exe\\\" --allow-pre-commit-input --disable-background-networking --disable-backgrounding-occluded-windows --disable-client-side-phishing-detection --disable-default-apps --disable-features=IgnoreDuplicateNavs,Prewarm --disable-hang-monitor --disable-popup-blocking --disable-prompt-on-repost --disable-sync --edge-skip-compat-layer-relaunch --enable-automation --enable-logging --headless --log-level=0 --no-first-run --no-service-autorun --password-store=basic --remote-debugging-port=0 --start-maximized --test-type=webdriver --use-mock-keychain --user-data-dir=\\\"C:\\\\Users\\\\SECRET~1\\\\AppData\\\\Local\\\\Temp\\\\scoped_dir3900_656265703\\\" --window-size=1920,1080 data:,","parentUser":"WINDEV2308EVAL\\\\Secretary"}}}
2026 Feb 03 20:43:12 (Secretary-Windows) any->EventChannel {"win":{"system":{"providerName":"Microsoft-Windows-Sysmon","providerGuid":"{5770385f-c22a-43e0-bf4c-06f5698ffbd9}","eventID":"5","version":"3","level":"4","task":"5","opcode":"0","keywords":"0x8000000000000000","systemTime":"2026-02-04T03:44:20.8642248Z","eventRecordID":"2950","processID":"2824","threadID":"3588","channel":"Microsoft-Windows-Sysmon/Operational","computer":"WinDev2308Eval","severityValue":"INFORMATION","message":"\"Process terminated:\r\nRuleName: -\r\nUtcTime: 2026-02-04 03:44:20.864\r\nProcessGuid: {de7f78ee-c094-6982-f208-000000001e00}\r\nProcessId: 3824\r\nImage: C:\\Program Files (x86)\\Microsoft\\Edge\\Application\\msedge.exe\r\nUser: WINDEV2308EVAL\\Secretary\""},"eventdata":{"utcTime":"2026-02-04 03:44:20.864","processGuid":"{de7f78ee-c094-6982-f208-000000001e00}","processId":"3824","image":"C:\\\\Program Files (x86)\\\\Microsoft\\\\Edge\\\\Application\\\\msedge.exe","user":"WINDEV2308EVAL\\\\Secretary"}}}
2026 Feb 03 20:43:12 wazuh-server->journald Feb 03 20:43:11 wazuh-server snapd[1942]: overlord.go:532: Released state lock file
2026 Feb 03 20:43:12 wazuh-server->journald Feb 03 20:43:11 wazuh-server snapd[1942]: daemon stop requested to wait for socket activation
2026 Feb 03 20:43:12 wazuh-server->journald Feb 03 20:43:11 wazuh-server systemd[1]: snapd.service: Deactivated successfully.
2026 Feb 03 20:43:12 (Secretary-Windows) any->EventChannel {"win":{"system":{"providerName":"Microsoft-Windows-Sysmon","providerGuid":"{5770385f-c22a-43e0-bf4c-06f5698ffbd9}","eventID":"1","version":"5","level":"4","task":"1","opcode":"0","keywords":"0x8000000000000000","systemTime":"2026-02-04T03:44:50.2555814Z","eventRecordID":"2951","processID":"2824","threadID":"3588","channel":"Microsoft-Windows-Sysmon/Operational","computer":"WinDev2308Eval","severityValue":"INFORMATION","message":"\"Process Create:\r\nRuleName: -\r\nUtcTime: 2026-02-04 03:44:50.242\r\nProcessGuid: {de7f78ee-c0b2-6982-f308-000000001e00}\r\nProcessId: 5900\r\nImage: C:\\Program Files (x86)\\Microsoft\\Edge\\Application\\msedge.exe\r\nFileVersion: 144.0.3719.104\r\nDescription: Microsoft Edge\r\nProduct: Microsoft Edge\r\nCompany: Microsoft Corporation\r\nOriginalFileName: msedge.exe\r\nCommandLine: \"C:\\Program Files (x86)\\Microsoft\\Edge\\Application\\msedge.exe\" --type=utility --utility-sub-type=on_device_model.mojom.OnDeviceModelService --lang=en-US --service-sandbox-type=on_device_model_execution --noerrdialogs --user-data-dir=\"C:\\Users\\SECRET~1\\AppData\\Local\\Temp\\scoped_dir3900_656265703\" --skip-read-main-dll --field-trial-handle=2604,i,6610243335601279478,16027879223574631205,262144 --enable-features=msMetricsLogFastStartup,msSendMetricsLogOnClose --disable-features=IgnoreDuplicateNavs,PaintHolding,Prewarm --variations-seed-version --trace-process-track-uuid=3190709007863834021 --enable-logging=handle --log-file=3752 --log-level=0 --mojo-platform-channel-handle=5276 /prefetch:14\r\nCurrentDirectory: C:\\Program Files (x86)\\Microsoft\\Edge\\Application\\144.0.3719.104\\\r\nUser: WINDEV2308EVAL\\Secretary\r\nLogonGuid: {de7f78ee-4b47-6982-f4f1-3d0000000000}\r\nLogonId: 0x3DF1F4\r\nTerminalSessionId: 2\r\nIntegrityLevel: AppContainer\r\nHashes: SHA256=C93DB508A45D9D394C38BA5BDC9A131C4CA09D4BF96EED2AD4794E10E359D2B8\r\nParentProcessGuid: {de7f78ee-bffd-6982-d208-000000001e00}\r\nParentProcessId: 4868\r\nParentImage: C:\\Program Files (x86)\\Microsoft\\Edge\\Application\\msedge.exe\r\nParentCommandLine: \"C:\\Program Files (x86)\\Microsoft\\Edge\\Application\\msedge.exe\" --allow-pre-commit-input --disable-background-networking --disable-backgrounding-occluded-windows --disable-client-side-phishing-detection --disable-default-apps --disable-features=IgnoreDuplicateNavs,Prewarm --disable-hang-monitor --disable-popup-blocking --disable-prompt-on-repost --disable-sync --edge-skip-compat-layer-relaunch --enable-automation --enable-logging --headless --log-level=0 --no-first-run --no-service-autorun --password-store=basic --remote-debugging-port=0 --start-maximized --test-type=webdriver --use-mock-keychain --user-data-dir=\"C:\\Users\\SECRET~1\\AppData\\Local\\Temp\\scoped_dir3900_656265703\" --window-size=1920,1080 data:,\r\nParentUser: WINDEV2308EVAL\\Secretary\""},"eventdata":{"utcTime":"2026-02-04 03:44:50.242","processGuid":"{de7f78ee-c0b2-6982-f308-000000001e00}","processId":"5900","image":"C:\\\\Program Files (x86)\\\\Microsoft\\\\Edge\\\\Application\\\\msedge.exe","fileVersion":"144.0.3719.104","description":"Microsoft Edge","product":"Microsoft Edge","company":"Microsoft Corporation","originalFileName":"msedge.exe","commandLine":"\\\"C:\\\\Program Files (x86)\\\\Microsoft\\\\Edge\\\\Application\\\\msedge.exe\\\" --type=utility --utility-sub-type=on_device_model.mojom.OnDeviceModelService --lang=en-US --service-sandbox-type=on_device_model_execution --noerrdialogs --user-data-dir=\\\"C:\\\\Users\\\\SECRET~1\\\\AppData\\\\Local\\\\Temp\\\\scoped_dir3900_656265703\\\" --skip-read-main-dll --field-trial-handle=2604,i,6610243335601279478,16027879223574631205,262144 --enable-features=msMetricsLogFastStartup,msSendMetricsLogOnClose --disable-features=IgnoreDuplicateNavs,PaintHolding,Prewarm --variations-seed-version --trace-process-track-uuid=3190709007863834021 --enable-logging=handle --log-file=3752 --log-level=0 --mojo-platform-channel-handle=5276 /prefetch:14","currentDirectory":"C:\\\\Program Files (x86)\\\\Microsoft\\\\Edge\\\\Application\\\\144.0.3719.104\\\\","user":"WINDEV2308EVAL\\\\Secretary","logonGuid":"{de7f78ee-4b47-6982-f4f1-3d0000000000}","logonId":"0x3df1f4","terminalSessionId":"2","integrityLevel":"AppContainer","hashes":"SHA256=C93DB508A45D9D394C38BA5BDC9A131C4CA09D4BF96EED2AD4794E10E359D2B8","parentProcessGuid":"{de7f78ee-bffd-6982-d208-000000001e00}","parentProcessId":"4868","parentImage":"C:\\\\Program Files (x86)\\\\Microsoft\\\\Edge\\\\Application\\\\msedge.exe","parentCommandLine":"\\\"C:\\\\Program Files (x86)\\\\Microsoft\\\\Edge\\\\Application\\\\msedge.exe\\\" --allow-pre-commit-input --disable-background-networking --disable-backgrounding-occluded-windows --disable-client-side-phishing-detection --disable-default-apps --disable-features=IgnoreDuplicateNavs,Prewarm --disable-hang-monitor --disable-popup-blocking --disable-prompt-on-repost --disable-sync --edge-skip-compat-layer-relaunch --enable-automation --enable-logging --headless --log-level=0 --no-first-run --no-service-autorun --password-store=basic --remote-debugging-port=0 --start-maximized --test-type=webdriver --use-mock-keychain --user-data-dir=\\\"C:\\\\Users\\\\SECRET~1\\\\AppData\\\\Local\\\\Temp\\\\scoped_dir3900_656265703\\\" --window-size=1920,1080 data:,","parentUser":"WINDEV2308EVAL\\\\Secretary"}}}
2026 Feb 03 20:43:12 (Secretary-Windows) any->EventChannel {"win":{"system":{"providerName":"Microsoft-Windows-Sysmon","providerGuid":"{5770385f-c22a-43e0-bf4c-06f5698ffbd9}","eventID":"1","version":"5","level":"4","task":"1","opcode":"0","keywords":"0x8000000000000000","systemTime":"2026-02-04T03:44:51.4640072Z","eventRecordID":"2952","processID":"2824","threadID":"3588","channel":"Microsoft-Windows-Sysmon/Operational","computer":"WinDev2308Eval","severityValue":"INFORMATION","message":"\"Process Create:\r\nRuleName: -\r\nUtcTime: 2026-02-04 03:44:51.373\r\nProcessGuid: {de7f78ee-c0b3-6982-f408-000000001e00}\r\nProcessId: 1160\r\nImage: C:\\Program Files (x86)\\Microsoft\\Edge\\Application\\msedge.exe\r\nFileVersion: 144.0.3719.104\r\nDescription: Microsoft Edge\r\nProduct: Microsoft Edge\r\nCompany: Microsoft Corporation\r\nOriginalFileName: msedge.exe\r\nCommandLine: \"C:\\Program Files (x86)\\Microsoft\\Edge\\Application\\msedge.exe\" --type=utility --utility-sub-type=unzip.mojom.Unzipper --lang=en-US --service-sandbox-type=service --noerrdialogs --user-data-dir=\"C:\\Users\\SECRET~1\\AppData\\Local\\Temp\\scoped_dir3900_656265703\" --ram-no-pressure-read-main-dll --field-trial-handle=2604,i,6610243335601279478,16027879223574631205,262144 --enable-features=msMetricsLogFastStartup,msSendMetricsLogOnClose --disable-features=IgnoreDuplicateNavs,PaintHolding,Prewarm --variations-seed-version --trace-process-track-uuid=3190709008800875870 --enable-logging=handle --log-file=6580 --log-level=0 --mojo-platform-channel-handle=6608 /prefetch:14\r\nCurrentDirectory: C:\\Program Files (x86)\\Microsoft\\Edge\\Application\\144.0.3719.104\\\r\nUser: WINDEV2308EVAL\\Secretary\r\nLogonGuid: {de7f78ee-4b47-6982-f4f1-3d0000000000}\r\nLogonId: 0x3DF1F4\r\nTerminalSessionId: 2\r\nIntegrityLevel: Low\r\nHashes: SHA256=C93DB508A45D9D394C38BA5BDC9A131C4CA09D4BF96EED2AD4794E10E359D2B8\r\nParentProcessGuid: {de7f78ee-bffd-6982-d208-000000001e00}\r\nParentProcessId: 4868\r\nParentImage: C:\\Program Files (x86)\\Microsoft\\Edge\\Application\\msedge.exe\r\nParentCommandLine: \"C:\\Program Files (x86)\\Microsoft\\Edge\\Application\\msedge.exe\" --allow-pre-commit-input --disable-background-networking --disable-backgrounding-occluded-windows --disable-client-side-phishing-detection --disable-default-apps --disable-features=IgnoreDuplicateNavs,Prewarm --disable-hang-monitor --disable-popup-blocking --disable-prompt-on-repost --disable-sync --edge-skip-compat-layer-relaunch --enable-automation --enable-logging --headless --log-level=0 --no-first-run --no-service-autorun --password-store=basic --remote-debugging-port=0 --start-maximized --test-type=webdriver --use-mock-keychain --user-data-dir=\"C:\\Users\\SECRET~1\\AppData\\Local\\Temp\\scoped_dir3900_656265703\" --window-size=1920,1080 data:,\r\nParentUser: WINDEV2308EVAL\\Secretary\""},"eventdata":{"utcTime":"2026-02-04 03:44:51.373","processGuid":"{de7f78ee-c0b3-6982-f408-000000001e00}","processId":"1160","image":"C:\\\\Program Files (x86)\\\\Microsoft\\\\Edge\\\\Application\\\\msedge.exe","fileVersion":"144.0.3719.104","description":"Microsoft Edge","product":"Microsoft Edge","company":"Microsoft Corporation","originalFileName":"msedge.exe","commandLine":"\\\"C:\\\\Program Files (x86)\\\\Microsoft\\\\Edge\\\\Application\\\\msedge.exe\\\" --type=utility --utility-sub-type=unzip.mojom.Unzipper --lang=en-US --service-sandbox-type=service --noerrdialogs --user-data-dir=\\\"C:\\\\Users\\\\SECRET~1\\\\AppData\\\\Local\\\\Temp\\\\scoped_dir3900_656265703\\\" --ram-no-pressure-read-main-dll --field-trial-handle=2604,i,6610243335601279478,16027879223574631205,262144 --enable-features=msMetricsLogFastStartup,msSendMetricsLogOnClose --disable-features=IgnoreDuplicateNavs,PaintHolding,Prewarm --variations-seed-version --trace-process-track-uuid=3190709008800875870 --enable-logging=handle --log-file=6580 --log-level=0 --mojo-platform-channel-handle=6608 /prefetch:14","currentDirectory":"C:\\\\Program Files (x86)\\\\Microsoft\\\\Edge\\\\Application\\\\144.0.3719.104\\\\","user":"WINDEV2308EVAL\\\\Secretary","logonGuid":"{de7f78ee-4b47-6982-f4f1-3d0000000000}","logonId":"0x3df1f4","terminalSessionId":"2","integrityLevel":"Low","hashes":"SHA256=C93DB508A45D9D394C38BA5BDC9A131C4CA09D4BF96EED2AD4794E10E359D2B8","parentProcessGuid":"{de7f78ee-bffd-6982-d208-000000001e00}","parentProcessId":"4868","parentImage":"C:\\\\Program Files (x86)\\\\Microsoft\\\\Edge\\\\Application\\\\msedge.exe","parentCommandLine":"\\\"C:\\\\Program Files (x86)\\\\Microsoft\\\\Edge\\\\Application\\\\msedge.exe\\\" --allow-pre-commit-input --disable-background-networking --disable-backgrounding-occluded-windows --disable-client-side-phishing-detection --disable-default-apps --disable-features=IgnoreDuplicateNavs,Prewarm --disable-hang-monitor --disable-popup-blocking --disable-prompt-on-repost --disable-sync --edge-skip-compat-layer-relaunch --enable-automation --enable-logging --headless --log-level=0 --no-first-run --no-service-autorun --password-store=basic --remote-debugging-port=0 --start-maximized --test-type=webdriver --use-mock-keychain --user-data-dir=\\\"C:\\\\Users\\\\SECRET~1\\\\AppData\\\\Local\\\\Temp\\\\scoped_dir3900_656265703\\\" --window-size=1920,1080 data:,","parentUser":"WINDEV2308EVAL\\\\Secretary"}}}
2026 Feb 03 20:43:12 (Secretary-Windows) any->EventChannel {"win":{"system":{"providerName":"Microsoft-Windows-Sysmon","providerGuid":"{5770385f-c22a-43e0-bf4c-06f5698ffbd9}","eventID":"5","version":"3","level":"4","task":"5","opcode":"0","keywords":"0x8000000000000000","systemTime":"2026-02-04T03:44:51.8189013Z","eventRecordID":"2953","processID":"2824","threadID":"3588","channel":"Microsoft-Windows-Sysmon/Operational","computer":"WinDev2308Eval","severityValue":"INFORMATION","message":"\"Process terminated:\r\nRuleName: -\r\nUtcTime: 2026-02-04 03:44:51.816\r\nProcessGuid: {de7f78ee-c0b3-6982-f408-000000001e00}\r\nProcessId: 1160\r\nImage: C:\\Program Files (x86)\\Microsoft\\Edge\\Application\\msedge.exe\r\nUser: WINDEV2308EVAL\\Secretary\""},"eventdata":{"utcTime":"2026-02-04 03:44:51.816","processGuid":"{de7f78ee-c0b3-6982-f408-000000001e00}","processId":"1160","image":"C:\\\\Program Files (x86)\\\\Microsoft\\\\Edge\\\\Application\\\\msedge.exe","user":"WINDEV2308EVAL\\\\Secretary"}}}
