2026 Feb 03 20:43:14 (OPNsense.localdomain) any->syscollector {"data":{"architecture":"amd64","checksum":"546f46b666f7b805a9a517c6f9476d1cc8a19672","description":"Multi-cipher cryptographic library (used in PHP)","format":"pkg","groups":" ","install_time":"1721738658","item_id":"3e5b6ac3499c86334bfbe9f5a2b8a0c8ccf192d0","location":" ","name":"libmcrypt","priority":" ","scan_time":"2026/02/03 19:12:07","size":"695609","source":"OPNsense","vendor":"john@essenz.com","version":"2.5.8_4"},"operation":"MODIFIED","type":"dbsync_packages"}
2026 Feb 03 20:43:14 (Secretary-Windows) any->EventChannel {"win":{"system":{"providerName":"Microsoft-Windows-Sysmon","providerGuid":"{5770385f-c22a-43e0-bf4c-06f5698ffbd9}","eventID":"1","version":"5","level":"4","task":"1","opcode":"0","keywords":"0x8000000000000000","systemTime":"2026-02-04T03:59:35.3030023Z","eventRecordID":"3116","processID":"2824","threadID":"3588","channel":"Microsoft-Windows-Sysmon/Operational","computer":"WinDev2308Eval","severityValue":"INFORMATION","message":"\"Process Create:\r\nRuleName: -\r\nUtcTime: 2026-02-04 03:59:35.286\r\nProcessGuid: {de7f78ee-c427-6982-4109-000000001e00}\r\nProcessId: 3312\r\nImage: C:\\Windows\\System32\\WindowsPowerShell\\v1.0\\powershell.exe\r\nFileVersion: 10.0.22621.3085 (WinBuild.160101.0800)\r\nDescription: Windows PowerShell\r\nProduct: Microsoft® Windows® Operating System\r\nCompany: Microsoft Corporation\r\nOriginalFileName: PowerShell.EXE\r\nCommandLine: powershell  -NoProfile \"$ErrorActionPreference='silentlycontinue'; $tmp = (Get-Item -Path \"$env:PROGRAMFILES\\Microsoft\\Edge\\Application\\msedge.exe\").VersionInfo.FileVersion; if ($tmp) {echo $tmp; Exit;}; $tmp = (Get-Item -Path \"$env:PROGRAMFILES (x86)\\Microsoft\\Edge\\Application\\msedge.exe\").VersionInfo.FileVersion; if ($tmp) {echo $tmp; Exit;}; $tmp = (Get-ItemProperty -Path Registry::\"HKCU\\SOFTWARE\\Microsoft\\Edge\\BLBeacon\").version; if ($tmp) {echo $tmp; Exit;}; $tmp = (Get-ItemProperty -Path Registry::\"HKLM\\SOFTWARE\\Microsoft\\EdgeUpdate\\Clients\\{56EB18F8-8008-4CBD-B6D2-8C97FE7E9062}\").pv; if ($tmp) {echo $tmp; Exit;}; $tmp = (Get-Item -Path \"$env:LOCALAPPDATA\\Microsoft\\Edge Beta\\Application\\msedge.exe\").VersionInfo.FileVersion; if ($tmp) {echo $tmp; Exit;}; $tmp = (Get-Item -Path \"$env:PROGRAMFILES\\Microsoft\\Edge Beta\\Application\\msedge.exe\").VersionInfo.FileVersion; if ($tmp) {echo $tmp; Exit;}; $tmp = (Get-Item -Path \"$env:PROGRAMFILES (x86)\\Microsoft\\Edge Beta\\Application\\msedge.exe\").VersionInfo.FileVersion; if ($tmp) {echo $tmp; Exit;}; $tmp = (Get-ItemProperty -Path Registry::\"HKCU\\SOFTWARE\\Microsoft\\Edge Beta\\BLBeacon\").version; if ($tmp) {echo $tmp; Exit;}; $tmp = (Get-Item -Path \"$env:LOCALAPPDATA\\Microsoft\\Edge Dev\\Application\\msedge.exe\").VersionInfo.FileVersion; if ($tmp) {echo $tmp; Exit;}; $tmp = (Get-Item -Path \"$env:PROGRAMFILES\\Microsoft\\Edge Dev\\Application\\msedge.exe\").VersionInfo.FileVersion; if ($tmp) {echo $tmp; Exit;}; $tmp = (Get-Item -Path \"$env:PROGRAMFILES (x86)\\Microsoft\\Edge Dev\\Application\\msedge.exe\").VersionInfo.FileVersion; if ($tmp) {echo $tmp; Exit;}; $tmp = (Get-ItemProperty -Path Registry::\"HKCU\\SOFTWARE\\Microsoft\\Edge Dev\\BLBeacon\").version; if ($tmp) {echo $tmp; Exit;}; $tmp = (Get-Item -Path \"$env:LOCALAPPDATA\\Microsoft\\Edge SxS\\Application\\msedge.exe\").VersionInfo.FileVersion; if ($tmp) {echo $tmp; Exit;}; $tmp = (Get-ItemProperty -Path Registry::\"HKCU\\SOFTWARE\\Microsoft\\Edge SxS\\BLBeacon\").version; if ($tmp) {echo $tmp; Exit;}; $tmp = (Get-Item (Get-ItemProperty 'HKLM:\\SOFTWARE\\Microsoft\\Windows\\CurrentVersion\\App Paths\\msedge.exe').'(Default)').VersionInfo.ProductVersion; if ($tmp) {echo $tmp; Exit;}; $tmp = [System.Diagnostics.FileVersionInfo]::GetVersionInfo((Get-ItemProperty 'HKLM:\\SOFTWARE\\Microsoft\\Windows\\CurrentVersion\\App Paths\\msedge.exe').'(Default)').ProductVersion; if ($tmp) {echo $tmp; Exit;}; $tmp = Get-AppxPackage -Name *MicrosoftEdge.* | Foreach Version; if ($tmp) {echo $tmp; Exit;}; $tmp = (Get-ItemProperty -Path Registry::\"HKLM\\SOFTWARE\\Wow6432Node\\Microsoft\\Windows\\CurrentVersion\\Uninstall\\Microsoft Edge\").version; if ($tmp) {echo $tmp; Exit;};\"\r\nCurrentDirectory: C:\\Users\\Secretary\\user_behavior_generation\\worker\\\r\nUser: WINDEV2308EVAL\\Secretary\r\nLogonGuid: {de7f78ee-4b47-6982-f4f1-3d0000000000}\r\nLogonId: 0x3DF1F4\r\nTerminalSessionId: 2\r\nIntegrityLevel: Medium\r\nHashes: SHA256=3247BCFD60F6DD25F34CB74B5889AB10EF1B3EC72B4D4B3D95B5B25B534560B8\r\nParentProcessGuid: {de7f78ee-c427-6982-4009-000000001e00}\r\nParentProcessId: 4860\r\nParentImage: C:\\Windows\\System32\\cmd.exe\r\nParentCommandLine: C:\\Windows\\system32\\cmd.exe /c \"powershell -NoProfile \"$ErrorActionPreference='silentlycontinue'; $tmp = (Get-Item -Path \"$env:PROGRAMFILES\\Microsoft\\Edge\\Application\\msedge.exe\").VersionInfo.FileVersion; if ($tmp) {echo $tmp; Exit;}; $tmp = (Get-Item -Path \"$env:PROGRAMFILES (x86)\\Microsoft\\Edge\\Application\\msedge.exe\").VersionInfo.FileVersion; if ($tmp) {echo $tmp; Exit;}; $tmp = (Get-ItemProperty -Path Registry::\"HKCU\\SOFTWARE\\Microsoft\\Edge\\BLBeacon\").version; if ($tmp) {echo $tmp; Exit;}; $tmp = (Get-ItemProperty -Path Registry::\"HKLM\\SOFTWARE\\Microsoft\\EdgeUpdate\\Clients\\{56EB18F8-8008-4CBD-B6D2-8C97FE7E9062}\").pv; if ($tmp) {echo $tmp; Exit;}; $tmp = (Get-Item -Path \"$env:LOCALAPPDATA\\Microsoft\\Edge Beta\\Application\\msedge.exe\").VersionInfo.FileVersion; if ($tmp) {echo $tmp; Exit;}; $tmp = (Get-Item -Path \"$env:PROGRAMFILES\\Microsoft\\Edge Beta\\Application\\msedge.exe\").VersionInfo.FileVersion; if ($tmp) {echo $tmp; Exit;}; $tmp = (Get-Item -Path \"$env:PROGRAMFILES (x86)\\Microsoft\\Edge Beta\\Application\\msedge.exe\").VersionInfo.FileVersion; if ($tmp) {echo $tmp; Exit;}; $tmp = (Get-ItemProperty -Path Registry::\"HKCU\\SOFTWARE\\Microsoft\\Edge Beta\\BLBeacon\").version; if ($tmp) {echo $tmp; Exit;}; $tmp = (Get-Item -Path \"$env:LOCALAPPDATA\\Microsoft\\Edge Dev\\Application\\msedge.exe\").VersionInfo.FileVersion; if ($tmp) {echo $tmp; Exit;}; $tmp = (Get-Item -Path \"$env:PROGRAMFILES\\Microsoft\\Edge Dev\\Application\\msedge.exe\").VersionInfo.FileVersion; if ($tmp) {echo $tmp; Exit;}; $tmp = (Get-Item -Path \"$env:PROGRAMFILES (x86)\\Microsoft\\Edge Dev\\Application\\msedge.exe\").VersionInfo.FileVersion; if ($tmp) {echo $tmp; Exit;}; $tmp = (Get-ItemProperty -Path Registry::\"HKCU\\SOFTWARE\\Microsoft\\Edge Dev\\BLBeacon\").version; if ($tmp) {echo $tmp; Exit;}; $tmp = (Get-Item -Path \"$env:LOCALAPPDATA\\Microsoft\\Edge SxS\\Application\\msedge.exe\").VersionInfo.FileVersion; if ($tmp) {echo $tmp; Exit;}; $tmp = (Get-ItemProperty -Path Registry::\"HKCU\\SOFTWARE\\Microsoft\\Edge SxS\\BLBeacon\").version; if ($tmp) {echo $tmp; Exit;}; $tmp = (Get-Item (Get-ItemProperty 'HKLM:\\SOFTWARE\\Microsoft\\Windows\\CurrentVersion\\App Paths\\msedge.exe').'(Default)').VersionInfo.ProductVersion; if ($tmp) {echo $tmp; Exit;}; $tmp = [System.Diagnostics.FileVersionInfo]::GetVersionInfo((Get-ItemProperty 'HKLM:\\SOFTWARE\\Microsoft\\Windows\\CurrentVersion\\App Paths\\msedge.exe').'(Default)').ProductVersion; if ($tmp) {echo $tmp; Exit;}; $tmp = Get-AppxPackage -Name *MicrosoftEdge.* | Foreach Version; if ($tmp) {echo $tmp; Exit;}; $tmp = (Get-ItemProperty -Path Registry::\"HKLM\\SOFTWARE\\Wow6432Node\\Microsoft\\Windows\\CurrentVersion\\Uninstall\\Microsoft Edge\").version; if ($tmp) {echo $tmp; Exit;};\"\"\r\nParentUser: WINDEV2308EVAL\\Secretary\""},"eventdata":{"utcTime":"2026-02-04 03:59:35.286","processGuid":"{de7f78ee-c427-6982-4109-000000001e00}","processId":"3312","image":"C:\\\\Windows\\\\System32\\\\WindowsPowerShell\\\\v1.0\\\\powershell.exe","fileVersion":"10.0.22621.3085 (WinBuild.160101.0800)","description":"Windows PowerShell","product":"Microsoft® Windows® Operating System","company":"Microsoft Corporation","originalFileName":"PowerShell.EXE","commandLine":"powershell  -NoProfile \\\"$ErrorActionPreference='silentlycontinue'; $tmp = (Get-Item -Path \\\"$env:PROGRAMFILES\\\\Microsoft\\\\Edge\\\\Application\\\\msedge.exe\\\").VersionInfo.FileVersion; if ($tmp) {echo $tmp; Exit;}; $tmp = (Get-Item -Path \\\"$env:PROGRAMFILES (x86)\\\\Microsoft\\\\Edge\\\\Application\\\\msedge.exe\\\").VersionInfo.FileVersion; if ($tmp) {echo $tmp; Exit;}; $tmp = (Get-ItemProperty -Path Registry::\\\"HKCU\\\\SOFTWARE\\\\Microsoft\\\\Edge\\\\BLBeacon\\\").version; if ($tmp) {echo $tmp; Exit;}; $tmp = (Get-ItemProperty -Path Registry::\\\"HKLM\\\\SOFTWARE\\\\Microsoft\\\\EdgeUpdate\\\\Clients\\\\{56EB18F8-8008-4CBD-B6D2-8C97FE7E9062}\\\").pv; if ($tmp) {echo $tmp; Exit;}; $tmp = (Get-Item -Path \\\"$env:LOCALAPPDATA\\\\Microsoft\\\\Edge Beta\\\\Application\\\\msedge.exe\\\").VersionInfo.FileVersion; if ($tmp) {echo $tmp; Exit;}; $tmp = (Get-Item -Path \\\"$env:PROGRAMFILES\\\\Microsoft\\\\Edge Beta\\\\Application\\\\msedge.exe\\\").VersionInfo.FileVersion; if ($tmp) {echo $tmp; Exit;}; $tmp = (Get-Item -Path \\\"$env:PROGRAMFILES (x86)\\\\Microsoft\\\\Edge Beta\\\\Application\\\\msedge.exe\\\").VersionInfo.FileVersion; if ($tmp) {echo $tmp; Exit;}; $tmp = (Get-ItemProperty -Path Registry::\\\"HKCU\\\\SOFTWARE\\\\Microsoft\\\\Edge Beta\\\\BLBeacon\\\").version; if ($tmp) {echo $tmp; Exit;}; $tmp = (Get-Item -Path \\\"$env:LOCALAPPDATA\\\\Microsoft\\\\Edge Dev\\\\Application\\\\msedge.exe\\\").VersionInfo.FileVersion; if ($tmp) {echo $tmp; Exit;}; $tmp = (Get-Item -Path \\\"$env:PROGRAMFILES\\\\Microsoft\\\\Edge Dev\\\\Application\\\\msedge.exe\\\").VersionInfo.FileVersion; if ($tmp) {echo $tmp; Exit;}; $tmp = (Get-Item -Path \\\"$env:PROGRAMFILES (x86)\\\\Microsoft\\\\Edge Dev\\\\Application\\\\msedge.exe\\\").VersionInfo.FileVersion; if ($tmp) {echo $tmp; Exit;}; $tmp = (Get-ItemProperty -Path Registry::\\\"HKCU\\\\SOFTWARE\\\\Microsoft\\\\Edge Dev\\\\BLBeacon\\\").version; if ($tmp) {echo $tmp; Exit;}; $tmp = (Get-Item -Path \\\"$env:LOCALAPPDATA\\\\Microsoft\\\\Edge SxS\\\\Application\\\\msedge.exe\\\").VersionInfo.FileVersion; if ($tmp) {echo $tmp; Exit;}; $tmp = (Get-ItemProperty -Path Registry::\\\"HKCU\\\\SOFTWARE\\\\Microsoft\\\\Edge SxS\\\\BLBeacon\\\").version; if ($tmp) {echo $tmp; Exit;}; $tmp = (Get-Item (Get-ItemProperty 'HKLM:\\\\SOFTWARE\\\\Microsoft\\\\Windows\\\\CurrentVersion\\\\App Paths\\\\msedge.exe').'(Default)').VersionInfo.ProductVersion; if ($tmp) {echo $tmp; Exit;}; $tmp = [System.Diagnostics.FileVersionInfo]::GetVersionInfo((Get-ItemProperty 'HKLM:\\\\SOFTWARE\\\\Microsoft\\\\Windows\\\\CurrentVersion\\\\App Paths\\\\msedge.exe').'(Default)').ProductVersion; if ($tmp) {echo $tmp; Exit;}; $tmp = Get-AppxPackage -Name *MicrosoftEdge.* | Foreach Version; if ($tmp) {echo $tmp; Exit;}; $tmp = (Get-ItemProperty -Path Registry::\\\"HKLM\\\\SOFTWARE\\\\Wow6432Node\\\\Microsoft\\\\Windows\\\\CurrentVersion\\\\Uninstall\\\\Microsoft Edge\\\").version; if ($tmp) {echo $tmp; Exit;};\\\"","currentDirectory":"C:\\\\Users\\\\Secretary\\\\user_behavior_generation\\\\worker\\\\","user":"WINDEV2308EVAL\\\\Secretary","logonGuid":"{de7f78ee-4b47-6982-f4f1-3d0000000000}","logonId":"0x3df1f4","terminalSessionId":"2","integrityLevel":"Medium","hashes":"SHA256=3247BCFD60F6DD25F34CB74B5889AB10EF1B3EC72B4D4B3D95B5B25B534560B8","parentProcessGuid":"{de7f78ee-c427-6982-4009-000000001e00}","parentProcessId":"4860","parentImage":"C:\\\\Windows\\\\System32\\\\cmd.exe","parentCommandLine":"C:\\\\Windows\\\\system32\\\\cmd.exe /c \\\"powershell -NoProfile \\\"$ErrorActionPreference='silentlycontinue'; $tmp = (Get-Item -Path \\\"$env:PROGRAMFILES\\\\Microsoft\\\\Edge\\\\Application\\\\msedge.exe\\\").VersionInfo.FileVersion; if ($tmp) {echo $tmp; Exit;}; $tmp = (Get-Item -Path \\\"$env:PROGRAMFILES (x86)\\\\Microsoft\\\\Edge\\\\Application\\\\msedge.exe\\\").VersionInfo.FileVersion; if ($tmp) {echo $tmp; Exit;}; $tmp = (Get-ItemProperty -Path Registry::\\\"HKCU\\\\SOFTWARE\\\\Microsoft\\\\Edge\\\\BLBeacon\\\").version; if ($tmp) {echo $tmp; Exit;}; $tmp = (Get-ItemProperty -Path Registry::\\\"HKLM\\\\SOFTWARE\\\\Microsoft\\\\EdgeUpdate\\\\Clients\\\\{56EB18F8-8008-4CBD-B6D2-8C97FE7E9062}\\\").pv; if ($tmp) {echo $tmp; Exit;}; $tmp = (Get-Item -Path \\\"$env:LOCALAPPDATA\\\\Microsoft\\\\Edge Beta\\\\Application\\\\msedge.exe\\\").VersionInfo.FileVersion; if ($tmp) {echo $tmp; Exit;}; $tmp = (Get-Item -Path \\\"$env:PROGRAMFILES\\\\Microsoft\\\\Edge Beta\\\\Application\\\\msedge.exe\\\").VersionInfo.FileVersion; if ($tmp) {echo $tmp; Exit;}; $tmp = (Get-Item -Path \\\"$env:PROGRAMFILES (x86)\\\\Microsoft\\\\Edge Beta\\\\Application\\\\msedge.exe\\\").VersionInfo.FileVersion; if ($tmp) {echo $tmp; Exit;}; $tmp = (Get-ItemProperty -Path Registry::\\\"HKCU\\\\SOFTWARE\\\\Microsoft\\\\Edge Beta\\\\BLBeacon\\\").version; if ($tmp) {echo $tmp; Exit;}; $tmp = (Get-Item -Path \\\"$env:LOCALAPPDATA\\\\Microsoft\\\\Edge Dev\\\\Application\\\\msedge.exe\\\").VersionInfo.FileVersion; if ($tmp) {echo $tmp; Exit;}; $tmp = (Get-Item -Path \\\"$env:PROGRAMFILES\\\\Microsoft\\\\Edge Dev\\\\Application\\\\msedge.exe\\\").VersionInfo.FileVersion; if ($tmp) {echo $tmp; Exit;}; $tmp = (Get-Item -Path \\\"$env:PROGRAMFILES (x86)\\\\Microsoft\\\\Edge Dev\\\\Application\\\\msedge.exe\\\").VersionInfo.FileVersion; if ($tmp) {echo $tmp; Exit;}; $tmp = (Get-ItemProperty -Path Registry::\\\"HKCU\\\\SOFTWARE\\\\Microsoft\\\\Edge Dev\\\\BLBeacon\\\").version; if ($tmp) {echo $tmp; Exit;}; $tmp = (Get-Item -Path \\\"$env:LOCALAPPDATA\\\\Microsoft\\\\Edge SxS\\\\Application\\\\msedge.exe\\\").VersionInfo.FileVersion; if ($tmp) {echo $tmp; Exit;}; $tmp = (Get-ItemProperty -Path Registry::\\\"HKCU\\\\SOFTWARE\\\\Microsoft\\\\Edge SxS\\\\BLBeacon\\\").version; if ($tmp) {echo $tmp; Exit;}; $tmp = (Get-Item (Get-ItemProperty 'HKLM:\\\\SOFTWARE\\\\Microsoft\\\\Windows\\\\CurrentVersion\\\\App Paths\\\\msedge.exe').'(Default)').VersionInfo.ProductVersion; if ($tmp) {echo $tmp; Exit;}; $tmp = [System.Diagnostics.FileVersionInfo]::GetVersionInfo((Get-ItemProperty 'HKLM:\\\\SOFTWARE\\\\Microsoft\\\\Windows\\\\CurrentVersion\\\\App Paths\\\\msedge.exe').'(Default)').ProductVersion; if ($tmp) {echo $tmp; Exit;}; $tmp = Get-AppxPackage -Name *MicrosoftEdge.* | Foreach Version; if ($tmp) {echo $tmp; Exit;}; $tmp = (Get-ItemProperty -Path Registry::\\\"HKLM\\\\SOFTWARE\\\\Wow6432Node\\\\Microsoft\\\\Windows\\\\CurrentVersion\\\\Uninstall\\\\Microsoft Edge\\\").version; if ($tmp) {echo $tmp; Exit;};\\\"\\\"","parentUser":"WINDEV2308EVAL\\\\Secretary"}}}
2026 Feb 03 20:43:14 (Secretary-Windows) any->EventChannel {"win":{"system":{"providerName":"Microsoft-Windows-Sysmon","providerGuid":"{5770385f-c22a-43e0-bf4c-06f5698ffbd9}","eventID":"5","version":"3","level":"4","task":"5","opcode":"0","keywords":"0x8000000000000000","systemTime":"2026-02-04T03:59:36.3716716Z","eventRecordID":"3117","processID":"2824","threadID":"3588","channel":"Microsoft-Windows-Sysmon/Operational","computer":"WinDev2308Eval","severityValue":"INFORMATION","message":"\"Process terminated:\r\nRuleName: -\r\nUtcTime: 2026-02-04 03:59:36.359\r\nProcessGuid: {de7f78ee-c427-6982-4109-000000001e00}\r\nProcessId: 3312\r\nImage: C:\\Windows\\System32\\WindowsPowerShell\\v1.0\\powershell.exe\r\nUser: WINDEV2308EVAL\\Secretary\""},"eventdata":{"utcTime":"2026-02-04 03:59:36.359","processGuid":"{de7f78ee-c427-6982-4109-000000001e00}","processId":"3312","image":"C:\\\\Windows\\\\System32\\\\WindowsPowerShell\\\\v1.0\\\\powershell.exe","user":"WINDEV2308EVAL\\\\Secretary"}}}
2026 Feb 03 20:43:14 (Secretary-Windows) any->EventChannel {"win":{"system":{"providerName":"Microsoft-Windows-Sysmon","providerGuid":"{5770385f-c22a-43e0-bf4c-06f5698ffbd9}","eventID":"5","version":"3","level":"4","task":"5","opcode":"0","keywords":"0x8000000000000000","systemTime":"2026-02-04T03:59:36.3878536Z","eventRecordID":"3118","processID":"2824","threadID":"3588","channel":"Microsoft-Windows-Sysmon/Operational","computer":"WinDev2308Eval","severityValue":"INFORMATION","message":"\"Process terminated:\r\nRuleName: -\r\nUtcTime: 2026-02-04 03:59:36.374\r\nProcessGuid: {de7f78ee-c427-6982-4009-000000001e00}\r\nProcessId: 4860\r\nImage: C:\\Windows\\System32\\cmd.exe\r\nUser: WINDEV2308EVAL\\Secretary\""},"eventdata":{"utcTime":"2026-02-04 03:59:36.374","processGuid":"{de7f78ee-c427-6982-4009-000000001e00}","processId":"4860","image":"C:\\\\Windows\\\\System32\\\\cmd.exe","user":"WINDEV2308EVAL\\\\Secretary"}}}
2026 Feb 03 20:43:14 (Secretary-Windows) any->EventChannel {"win":{"system":{"providerName":"Microsoft-Windows-Sysmon","providerGuid":"{5770385f-c22a-43e0-bf4c-06f5698ffbd9}","eventID":"1","version":"5","level":"4","task":"1","opcode":"0","keywords":"0x8000000000000000","systemTime":"2026-02-04T03:59:36.4633337Z","eventRecordID":"3119","processID":"2824","threadID":"3588","channel":"Microsoft-Windows-Sysmon/Operational","computer":"WinDev2308Eval","severityValue":"INFORMATION","message":"\"Process Create:\r\nRuleName: -\r\nUtcTime: 2026-02-04 03:59:36.449\r\nProcessGuid: {de7f78ee-c428-6982-4209-000000001e00}\r\nProcessId: 7424\r\nImage: C:\\Users\\Secretary\\user_behavior_generation\\worker\\msedgedriver.exe\r\nFileVersion: 143.0.3650.96\r\nDescription: Microsoft Edge WebDriver\r\nProduct: Microsoft Edge WebDriver\r\nCompany: Microsoft Corporation\r\nOriginalFileName: msedgedriver.exe\r\nCommandLine: C:\\Users\\Secretary\\user_behavior_generation\\worker\\msedgedriver.exe --port=51763\r\nCurrentDirectory: C:\\Users\\Secretary\\user_behavior_generation\\worker\\\r\nUser: WINDEV2308EVAL\\Secretary\r\nLogonGuid: {de7f78ee-4b47-6982-f4f1-3d0000000000}\r\nLogonId: 0x3DF1F4\r\nTerminalSessionId: 2\r\nIntegrityLevel: Medium\r\nHashes: SHA256=D73E2188332AA65C97352F88D3241576A5372E86214D128AB8EAF3D341127A39\r\nParentProcessGuid: {de7f78ee-c422-6982-1f09-000000001e00}\r\nParentProcessId: 5924\r\nParentImage: C:\\Users\\Secretary\\AppData\\Local\\Programs\\Python\\Python314\\python.exe\r\nParentCommandLine: .\\venv\\Scripts\\python.exe  smart_worker.py \"https://www.google.com\" \"generic\"\r\nParentUser: WINDEV2308EVAL\\Secretary\""},"eventdata":{"utcTime":"2026-02-04 03:59:36.449","processGuid":"{de7f78ee-c428-6982-4209-000000001e00}","processId":"7424","image":"C:\\\\Users\\\\Secretary\\\\user_behavior_generation\\\\worker\\\\msedgedriver.exe","fileVersion":"143.0.3650.96","description":"Microsoft Edge WebDriver","product":"Microsoft Edge WebDriver","company":"Microsoft Corporation","originalFileName":"msedgedriver.exe","commandLine":"C:\\\\Users\\\\Secretary\\\\user_behavior_generation\\\\worker\\\\msedgedriver.exe --port=51763","currentDirectory":"C:\\\\Users\\\\Secretary\\\\user_behavior_generation\\\\worker\\\\","user":"WINDEV2308EVAL\\\\Secretary","logonGuid":"{de7f78ee-4b47-6982-f4f1-3d0000000000}","logonId":"0x3df1f4","terminalSessionId":"2","integrityLevel":"Medium","hashes":"SHA256=D73E2188332AA65C97352F88D3241576A5372E86214D128AB8EAF3D341127A39","parentProcessGuid":"{de7f78ee-c422-6982-1f09-000000001e00}","parentProcessId":"5924","parentImage":"C:\\\\Users\\\\Secretary\\\\AppData\\\\Local\\\\Programs\\\\Python\\\\Python314\\\\python.exe","parentCommandLine":".\\\\venv\\\\Scripts\\\\python.exe  smart_worker.py \\\"https://www.google.com\\\" \\\"generic\\\"","parentUser":"WINDEV2308EVAL\\\\Secretary"}}}
2026 Feb 03 20:43:14 (Secretary-Windows) any->EventChannel {"win":{"system":{"providerName":"Microsoft-Windows-Sysmon","providerGuid":"{5770385f-c22a-43e0-bf4c-06f5698ffbd9}","eventID":"1","version":"5","level":"4","task":"1","opcode":"0","keywords":"0x8000000000000000","systemTime":"2026-02-04T03:59:37.1521165Z","eventRecordID":"3121","processID":"2824","threadID":"3588","channel":"Microsoft-Windows-Sysmon/Operational","computer":"WinDev2308Eval","severityValue":"INFORMATION","message":"\"Process Create:\r\nRuleName: -\r\nUtcTime: 2026-02-04 03:59:37.090\r\nProcessGuid: {de7f78ee-c429-6982-4409-000000001e00}\r\nProcessId: 1924\r\nImage: C:\\Program Files (x86)\\Microsoft\\Edge\\Application\\msedge.exe\r\nFileVersion: 144.0.3719.104\r\nDescription: Microsoft Edge\r\nProduct: Microsoft Edge\r\nCompany: Microsoft Corporation\r\nOriginalFileName: msedge.exe\r\nCommandLine: \"C:\\Program Files (x86)\\Microsoft\\Edge\\Application\\msedge.exe\" --type=crashpad-handler --user-data-dir=C:\\Users\\SECRET~1\\AppData\\Local\\Temp\\scoped_dir7424_1597806117 /prefetch:4 --monitor-self-annotation=ptype=crashpad-handler --database=C:\\Users\\SECRET~1\\AppData\\Local\\Temp\\scoped_dir7424_1597806117\\Crashpad --annotation=IsOfficialBuild=1 --annotation=channel= --annotation=chromium-version=144.0.7559.110 \"--annotation=exe=C:\\Program Files (x86)\\Microsoft\\Edge\\Application\\msedge.exe\" --annotation=plat=Win64 --annotation=prod=Edge --annotation=ver=144.0.3719.104 --initial-client-data=0x19c,0x1a0,0x1a4,0x178,0x1ac,0x7ffb71c02c98,0x7ffb71c02ca4,0x7ffb71c02cb0\r\nCurrentDirectory: C:\\Program Files (x86)\\Microsoft\\Edge\\Application\\\r\nUser: WINDEV2308EVAL\\Secretary\r\nLogonGuid: {de7f78ee-4b47-6982-f4f1-3d0000000000}\r\nLogonId: 0x3DF1F4\r\nTerminalSessionId: 2\r\nIntegrityLevel: Medium\r\nHashes: SHA256=C93DB508A45D9D394C38BA5BDC9A131C4CA09D4BF96EED2AD4794E10E359D2B8\r\nParentProcessGuid: {de7f78ee-c429-6982-4309-000000001e00}\r\nParentProcessId: 7184\r\nParentImage: C:\\Program Files (x86)\\Microsoft\\Edge\\Application\\msedge.exe\r\nParentCommandLine: \"C:\\Program Files (x86)\\Microsoft\\Edge\\Application\\msedge.exe\" --allow-pre-commit-input --disable-background-networking --disable-backgrounding-occluded-windows --disable-client-side-phishing-detection --disable-default-apps --disable-features=IgnoreDuplicateNavs,Prewarm --disable-hang-monitor --disable-popup-blocking --disable-prompt-on-repost --disable-sync --edge-skip-compat-layer-relaunch --enable-automation --enable-logging --headless --log-level=0 --no-first-run --no-service-autorun --password-store=basic --remote-debugging-port=0 --start-maximized --test-type=webdriver --use-mock-keychain --user-data-dir=\"C:\\Users\\SECRET~1\\AppData\\Local\\Temp\\scoped_dir7424_1597806117\" --window-size=1920,1080 data:,\r\nParentUser: WINDEV2308EVAL\\Secretary\""},"eventdata":{"utcTime":"2026-02-04 03:59:37.090","processGuid":"{de7f78ee-c429-6982-4409-000000001e00}","processId":"1924","image":"C:\\\\Program Files (x86)\\\\Microsoft\\\\Edge\\\\Application\\\\msedge.exe","fileVersion":"144.0.3719.104","description":"Microsoft Edge","product":"Microsoft Edge","company":"Microsoft Corporation","originalFileName":"msedge.exe","commandLine":"\\\"C:\\\\Program Files (x86)\\\\Microsoft\\\\Edge\\\\Application\\\\msedge.exe\\\" --type=crashpad-handler --user-data-dir=C:\\\\Users\\\\SECRET~1\\\\AppData\\\\Local\\\\Temp\\\\scoped_dir7424_1597806117 /prefetch:4 --monitor-self-annotation=ptype=crashpad-handler --database=C:\\\\Users\\\\SECRET~1\\\\AppData\\\\Local\\\\Temp\\\\scoped_dir7424_1597806117\\\\Crashpad --annotation=IsOfficialBuild=1 --annotation=channel= --annotation=chromium-version=144.0.7559.110 \\\"--annotation=exe=C:\\\\Program Files (x86)\\\\Microsoft\\\\Edge\\\\Application\\\\msedge.exe\\\" --annotation=plat=Win64 --annotation=prod=Edge --annotation=ver=144.0.3719.104 --initial-client-data=0x19c,0x1a0,0x1a4,0x178,0x1ac,0x7ffb71c02c98,0x7ffb71c02ca4,0x7ffb71c02cb0","currentDirectory":"C:\\\\Program Files (x86)\\\\Microsoft\\\\Edge\\\\Application\\\\","user":"WINDEV2308EVAL\\\\Secretary","logonGuid":"{de7f78ee-4b47-6982-f4f1-3d0000000000}","logonId":"0x3df1f4","terminalSessionId":"2","integrityLevel":"Medium","hashes":"SHA256=C93DB508A45D9D394C38BA5BDC9A131C4CA09D4BF96EED2AD4794E10E359D2B8","parentProcessGuid":"{de7f78ee-c429-6982-4309-000000001e00}","parentProcessId":"7184","parentImage":"C:\\\\Program Files (x86)\\\\Microsoft\\\\Edge\\\\Application\\\\msedge.exe","parentCommandLine":"\\\"C:\\\\Program Files (x86)\\\\Microsoft\\\\Edge\\\\Application\\\\msedge.exe\\\" --allow-pre-commit-input --disable-background-networking --disable-backgrounding-occluded-windows --disable-client-side-phishing-detection --disable-default-apps --disable-features=IgnoreDuplicateNavs,Prewarm --disable-hang-monitor --disable-popup-blocking --disable-prompt-on-repost --disable-sync --edge-skip-compat-layer-relaunch --enable-automation --enable-logging --headless --log-level=0 --no-first-run --no-service-autorun --password-store=basic --remote-debugging-port=0 --start-maximized --test-type=webdriver --use-mock-keychain --user-data-dir=\\\"C:\\\\Users\\\\SECRET~1\\\\AppData\\\\Local\\\\Temp\\\\scoped_dir7424_1597806117\\\" --window-size=1920,1080 data:,","parentUser":"WINDEV2308EVAL\\\\Secretary"}}}
2026 Feb 03 20:43:14 (Secretary-Windows) any->EventChannel {"win":{"system":{"providerName":"Microsoft-Windows-Sysmon","providerGuid":"{5770385f-c22a-43e0-bf4c-06f5698ffbd9}","eventID":"1","version":"5","level":"4","task":"1","opcode":"0","keywords":"0x8000000000000000","systemTime":"2026-02-04T03:59:37.0363519Z","eventRecordID":"3120","processID":"2824","threadID":"3588","channel":"Microsoft-Windows-Sysmon/Operational","computer":"WinDev2308Eval","severityValue":"INFORMATION","message":"\"Process Create:\r\nRuleName: -\r\nUtcTime: 2026-02-04 03:59:37.029\r\nProcessGuid: {de7f78ee-c429-6982-4309-000000001e00}\r\nProcessId: 7184\r\nImage: C:\\Program Files (x86)\\Microsoft\\Edge\\Application\\msedge.exe\r\nFileVersion: 144.0.3719.104\r\nDescription: Microsoft Edge\r\nProduct: Microsoft Edge\r\nCompany: Microsoft Corporation\r\nOriginalFileName: msedge.exe\r\nCommandLine: \"C:\\Program Files (x86)\\Microsoft\\Edge\\Application\\msedge.exe\" --allow-pre-commit-input --disable-background-networking --disable-backgrounding-occluded-windows --disable-client-side-phishing-detection --disable-default-apps --disable-features=IgnoreDuplicateNavs,Prewarm --disable-hang-monitor --disable-popup-blocking --disable-prompt-on-repost --disable-sync --edge-skip-compat-layer-relaunch --enable-automation --enable-logging --headless --log-level=0 --no-first-run --no-service-autorun --password-store=basic --remote-debugging-port=0 --start-maximized --test-type=webdriver --use-mock-keychain --user-data-dir=\"C:\\Users\\SECRET~1\\AppData\\Local\\Temp\\scoped_dir7424_1597806117\" --window-size=1920,1080 data:,\r\nCurrentDirectory: C:\\Users\\Secretary\\user_behavior_generation\\worker\\\r\nUser: WINDEV2308EVAL\\Secretary\r\nLogonGuid: {de7f78ee-4b47-6982-f4f1-3d0000000000}\r\nLogonId: 0x3DF1F4\r\nTerminalSessionId: 2\r\nIntegrityLevel: Medium\r\nHashes: SHA256=C93DB508A45D9D394C38BA5BDC9A131C4CA09D4BF96EED2AD4794E10E359D2B8\r\nParentProcessGuid: {de7f78ee-c428-6982-4209-000000001e00}\r\nParentProcessId: 7424\r\nParentImage: C:\\Users\\Secretary\\user_behavior_generation\\worker\\msedgedriver.exe\r\nParentCommandLine: C:\\Users\\Secretary\\user_behavior_generation\\worker\\msedgedriver.exe --port=51763\r\nParentUser: WINDEV2308EVAL\\Secretary\""},"eventdata":{"utcTime":"2026-02-04 03:59:37.029","processGuid":"{de7f78ee-c429-6982-4309-000000001e00}","processId":"7184","image":"C:\\\\Program Files (x86)\\\\Microsoft\\\\Edge\\\\Application\\\\msedge.exe","fileVersion":"144.0.3719.104","description":"Microsoft Edge","product":"Microsoft Edge","company":"Microsoft Corporation","originalFileName":"msedge.exe","commandLine":"\\\"C:\\\\Program Files (x86)\\\\Microsoft\\\\Edge\\\\Application\\\\msedge.exe\\\" --allow-pre-commit-input --disable-background-networking --disable-backgrounding-occluded-windows --disable-client-side-phishing-detection --disable-default-apps --disable-features=IgnoreDuplicateNavs,Prewarm --disable-hang-monitor --disable-popup-blocking --disable-prompt-on-repost --disable-sync --edge-skip-compat-layer-relaunch --enable-automation --enable-logging --headless --log-level=0 --no-first-run --no-service-autorun --password-store=basic --remote-debugging-port=0 --start-maximized --test-type=webdriver --use-mock-keychain --user-data-dir=\\\"C:\\\\Users\\\\SECRET~1\\\\AppData\\\\Local\\\\Temp\\\\scoped_dir7424_1597806117\\\" --window-size=1920,1080 data:,","currentDirectory":"C:\\\\Users\\\\Secretary\\\\user_behavior_generation\\\\worker\\\\","user":"WINDEV2308EVAL\\\\Secretary","logonGuid":"{de7f78ee-4b47-6982-f4f1-3d0000000000}","logonId":"0x3df1f4","terminalSessionId":"2","integrityLevel":"Medium","hashes":"SHA256=C93DB508A45D9D394C38BA5BDC9A131C4CA09D4BF96EED2AD4794E10E359D2B8","parentProcessGuid":"{de7f78ee-c428-6982-4209-000000001e00}","parentProcessId":"7424","parentImage":"C:\\\\Users\\\\Secretary\\\\user_behavior_generation\\\\worker\\\\msedgedriver.exe","parentCommandLine":"C:\\\\Users\\\\Secretary\\\\user_behavior_generation\\\\worker\\\\msedgedriver.exe --port=51763","parentUser":"WINDEV2308EVAL\\\\Secretary"}}}
2026 Feb 03 20:43:14 (Secretary-Windows) any->EventChannel {"win":{"system":{"providerName":"Microsoft-Windows-Sysmon","providerGuid":"{5770385f-c22a-43e0-bf4c-06f5698ffbd9}","eventID":"1","version":"5","level":"4","task":"1","opcode":"0","keywords":"0x8000000000000000","systemTime":"2026-02-04T03:59:38.1311741Z","eventRecordID":"3122","processID":"2824","threadID":"3588","channel":"Microsoft-Windows-Sysmon/Operational","computer":"WinDev2308Eval","severityValue":"INFORMATION","message":"\"Process Create:\r\nRuleName: -\r\nUtcTime: 2026-02-04 03:59:38.126\r\nProcessGuid: {de7f78ee-c42a-6982-4509-000000001e00}\r\nProcessId: 7936\r\nImage: C:\\Windows\\System32\\smartscreen.exe\r\nFileVersion: 10.0.22621.5331 (WinBuild.160101.0800)\r\nDescription: Windows Defender SmartScreen\r\nProduct: Microsoft® Windows® Operating System\r\nCompany: Microsoft Corporation\r\nOriginalFileName: smartscreen.exe\r\nCommandLine: C:\\Windows\\System32\\smartscreen.exe -Embedding\r\nCurrentDirectory: C:\\Windows\\system32\\\r\nUser: WINDEV2308EVAL\\Secretary\r\nLogonGuid: {de7f78ee-4b47-6982-f4f1-3d0000000000}\r\nLogonId: 0x3DF1F4\r\nTerminalSessionId: 2\r\nIntegrityLevel: Medium\r\nHashes: SHA256=29417F2A991E0B3A3B7F5B7953BE132761C810831FECF368E9F660FA40997B9A\r\nParentProcessGuid: {de7f78ee-0035-6980-0f00-000000001e00}\r\nParentProcessId: 896\r\nParentImage: C:\\Windows\\System32\\svchost.exe\r\nParentCommandLine: C:\\Windows\\system32\\svchost.exe -k DcomLaunch -p\r\nParentUser: NT AUTHORITY\\SYSTEM\""},"eventdata":{"utcTime":"2026-02-04 03:59:38.126","processGuid":"{de7f78ee-c42a-6982-4509-000000001e00}","processId":"7936","image":"C:\\\\Windows\\\\System32\\\\smartscreen.exe","fileVersion":"10.0.22621.5331 (WinBuild.160101.0800)","description":"Windows Defender SmartScreen","product":"Microsoft® Windows® Operating System","company":"Microsoft Corporation","originalFileName":"smartscreen.exe","commandLine":"C:\\\\Windows\\\\System32\\\\smartscreen.exe -Embedding","currentDirectory":"C:\\\\Windows\\\\system32\\\\","user":"WINDEV2308EVAL\\\\Secretary","logonGuid":"{de7f78ee-4b47-6982-f4f1-3d0000000000}","logonId":"0x3df1f4","terminalSessionId":"2","integrityLevel":"Medium","hashes":"SHA256=29417F2A991E0B3A3B7F5B7953BE132761C810831FECF368E9F660FA40997B9A","parentProcessGuid":"{de7f78ee-0035-6980-0f00-000000001e00}","parentProcessId":"896","parentImage":"C:\\\\Windows\\\\System32\\\\svchost.exe","parentCommandLine":"C:\\\\Windows\\\\system32\\\\svchost.exe -k DcomLaunch -p","parentUser":"NT AUTHORITY\\\\SYSTEM"}}}
2026 Feb 03 20:43:14 (Secretary-Windows) any->EventChannel {"win":{"system":{"providerName":"Microsoft-Windows-Sysmon","providerGuid":"{5770385f-c22a-43e0-bf4c-06f5698ffbd9}","eventID":"1","version":"5","level":"4","task":"1","opcode":"0","keywords":"0x8000000000000000","systemTime":"2026-02-04T03:59:38.3714778Z","eventRecordID":"3123","processID":"2824","threadID":"3588","channel":"Microsoft-Windows-Sysmon/Operational","computer":"WinDev2308Eval","severityValue":"INFORMATION","message":"\"Process Create:\r\nRuleName: -\r\nUtcTime: 2026-02-04 03:59:38.368\r\nProcessGuid: {de7f78ee-c42a-6982-4609-000000001e00}\r\nProcessId: 4464\r\nImage: C:\\Program Files (x86)\\Microsoft\\Edge\\Application\\msedge.exe\r\nFileVersion: 144.0.3719.104\r\nDescription: Microsoft Edge\r\nProduct: Microsoft Edge\r\nCompany: Microsoft Corporation\r\nOriginalFileName: msedge.exe\r\nCommandLine: \"C:\\Program Files (x86)\\Microsoft\\Edge\\Application\\msedge.exe\" --type=gpu-process --headless --noerrdialogs --user-data-dir=\"C:\\Users\\SECRET~1\\AppData\\Local\\Temp\\scoped_dir7424_1597806117\" --gpu-preferences=SAAAAAAAAADgAAAEAAAAAAAAAAAAAGAAAQAAAAAAAAAAAAAAAAAAAAIAAAAAAAAAAAAAAAAAAAAQAAAAAAAAABAAAAAAAAAACAAAAAAAAAAIAAAAAAAAAA== --startup-read-main-dll --field-trial-handle=3088,i,17355320901321238512,5850636539293107254,262144 --enable-features=msMetricsLogFastStartup,msSendMetricsLogOnClose --disable-features=IgnoreDuplicateNavs,PaintHolding,Prewarm --variations-seed-version --trace-process-track-uuid=3190708988185955192 --enable-logging=handle --log-file=3268 --log-level=0 --mojo-platform-channel-handle=3084 /prefetch:2\r\nCurrentDirectory: C:\\Program Files (x86)\\Microsoft\\Edge\\Application\\144.0.3719.104\\\r\nUser: WINDEV2308EVAL\\Secretary\r\nLogonGuid: {de7f78ee-4b47-6982-f4f1-3d0000000000}\r\nLogonId: 0x3DF1F4\r\nTerminalSessionId: 2\r\nIntegrityLevel: Low\r\nHashes: SHA256=C93DB508A45D9D394C38BA5BDC9A131C4CA09D4BF96EED2AD4794E10E359D2B8\r\nParentProcessGuid: {de7f78ee-c429-6982-4309-000000001e00}\r\nParentProcessId: 7184\r\nParentImage: C:\\Program Files (x86)\\Microsoft\\Edge\\Application\\msedge.exe\r\nParentCommandLine: \"C:\\Program Files (x86)\\Microsoft\\Edge\\Application\\msedge.exe\" --allow-pre-commit-input --disable-background-networking --disable-backgrounding-occluded-windows --disable-client-side-phishing-detection --disable-default-apps --disable-features=IgnoreDuplicateNavs,Prewarm --disable-hang-monitor --disable-popup-blocking --disable-prompt-on-repost --disable-sync --edge-skip-compat-layer-relaunch --enable-automation --enable-logging --headless --log-level=0 --no-first-run --no-service-autorun --password-store=basic --remote-debugging-port=0 --start-maximized --test-type=webdriver --use-mock-keychain --user-data-dir=\"C:\\Users\\SECRET~1\\AppData\\Local\\Temp\\scoped_dir7424_1597806117\" --window-size=1920,1080 data:,\r\nParentUser: WINDEV2308EVAL\\Secretary\""},"eventdata":{"utcTime":"2026-02-04 03:59:38.368","processGuid":"{de7f78ee-c42a-6982-4609-000000001e00}","processId":"4464","image":"C:\\\\Program Files (x86)\\\\Microsoft\\\\Edge\\\\Application\\\\msedge.exe","fileVersion":"144.0.3719.104","description":"Microsoft Edge","product":"Microsoft Edge","company":"Microsoft Corporation","originalFileName":"msedge.exe","commandLine":"\\\"C:\\\\Program Files (x86)\\\\Microsoft\\\\Edge\\\\Application\\\\msedge.exe\\\" --type=gpu-process --headless --noerrdialogs --user-data-dir=\\\"C:\\\\Users\\\\SECRET~1\\\\AppData\\\\Local\\\\Temp\\\\scoped_dir7424_1597806117\\\" --gpu-preferences=SAAAAAAAAADgAAAEAAAAAAAAAAAAAGAAAQAAAAAAAAAAAAAAAAAAAAIAAAAAAAAAAAAAAAAAAAAQAAAAAAAAABAAAAAAAAAACAAAAAAAAAAIAAAAAAAAAA== --startup-read-main-dll --field-trial-handle=3088,i,17355320901321238512,5850636539293107254,262144 --enable-features=msMetricsLogFastStartup,msSendMetricsLogOnClose --disable-features=IgnoreDuplicateNavs,PaintHolding,Prewarm --variations-seed-version --trace-process-track-uuid=3190708988185955192 --enable-logging=handle --log-file=3268 --log-level=0 --mojo-platform-channel-handle=3084 /prefetch:2","currentDirectory":"C:\\\\Program Files (x86)\\\\Microsoft\\\\Edge\\\\Application\\\\144.0.3719.104\\\\","user":"WINDEV2308EVAL\\\\Secretary","logonGuid":"{de7f78ee-4b47-6982-f4f1-3d0000000000}","logonId":"0x3df1f4","terminalSessionId":"2","integrityLevel":"Low","hashes":"SHA256=C93DB508A45D9D394C38BA5BDC9A131C4CA09D4BF96EED2AD4794E10E359D2B8","parentProcessGuid":"{de7f78ee-c429-6982-4309-000000001e00}","parentProcessId":"7184","parentImage":"C:\\\\Program Files (x86)\\\\Microsoft\\\\Edge\\\\Application\\\\msedge.exe","parentCommandLine":"\\\"C:\\\\Program Files (x86)\\\\Microsoft\\\\Edge\\\\Application\\\\msedge.exe\\\" --allow-pre-commit-input --disable-background-networking --disable-backgrounding-occluded-windows --disable-client-side-phishing-detection --disable-default-apps --disable-features=IgnoreDuplicateNavs,Prewarm --disable-hang-monitor --disable-popup-blocking --disable-prompt-on-repost --disable-sync --edge-skip-compat-layer-relaunch --enable-automation --enable-logging --headless --log-level=0 --no-first-run --no-service-autorun --password-store=basic --remote-debugging-port=0 --start-maximized --test-type=webdriver --use-mock-keychain --user-data-dir=\\\"C:\\\\Users\\\\SECRET~1\\\\AppData\\\\Local\\\\Temp\\\\scoped_dir7424_1597806117\\\" --window-size=1920,1080 data:,","parentUser":"WINDEV2308EVAL\\\\Secretary"}}}
2026 Feb 03 20:43:14 (Secretary-Windows) any->EventChannel {"win":{"system":{"providerName":"Microsoft-Windows-Sysmon","providerGuid":"{5770385f-c22a-43e0-bf4c-06f5698ffbd9}","eventID":"1","version":"5","level":"4","task":"1","opcode":"0","keywords":"0x8000000000000000","systemTime":"2026-02-04T03:59:38.3841320Z","eventRecordID":"3124","processID":"2824","threadID":"3588","channel":"Microsoft-Windows-Sysmon/Operational","computer":"WinDev2308Eval","severityValue":"INFORMATION","message":"\"Process Create:\r\nRuleName: -\r\nUtcTime: 2026-02-04 03:59:38.371\r\nProcessGuid: {de7f78ee-c42a-6982-4709-000000001e00}\r\nProcessId: 4260\r\nImage: C:\\Program Files (x86)\\Microsoft\\Edge\\Application\\msedge.exe\r\nFileVersion: 144.0.3719.104\r\nDescription: Microsoft Edge\r\nProduct: Microsoft Edge\r\nCompany: Microsoft Corporation\r\nOriginalFileName: msedge.exe\r\nCommandLine: \"C:\\Program Files (x86)\\Microsoft\\Edge\\Application\\msedge.exe\" --type=utility --utility-sub-type=network.mojom.NetworkService --lang=en-US --service-sandbox-type=none --noerrdialogs --user-data-dir=\"C:\\Users\\SECRET~1\\AppData\\Local\\Temp\\scoped_dir7424_1597806117\" --startup-read-main-dll --field-trial-handle=3088,i,17355320901321238512,5850636539293107254,262144 --enable-features=msMetricsLogFastStartup,msSendMetricsLogOnClose --disable-features=IgnoreDuplicateNavs,PaintHolding,Prewarm --variations-seed-version --trace-process-track-uuid=3190708989122997041 --enable-logging=handle --log-file=3344 --log-level=0 --mojo-platform-channel-handle=3280 /prefetch:11\r\nCurrentDirectory: C:\\Program Files (x86)\\Microsoft\\Edge\\Application\\144.0.3719.104\\\r\nUser: WINDEV2308EVAL\\Secretary\r\nLogonGuid: {de7f78ee-4b47-6982-f4f1-3d0000000000}\r\nLogonId: 0x3DF1F4\r\nTerminalSessionId: 2\r\nIntegrityLevel: Medium\r\nHashes: SHA256=C93DB508A45D9D394C38BA5BDC9A131C4CA09D4BF96EED2AD4794E10E359D2B8\r\nParentProcessGuid: {de7f78ee-c429-6982-4309-000000001e00}\r\nParentProcessId: 7184\r\nParentImage: C:\\Program Files (x86)\\Microsoft\\Edge\\Application\\msedge.exe\r\nParentCommandLine: \"C:\\Program Files (x86)\\Microsoft\\Edge\\Application\\msedge.exe\" --allow-pre-commit-input --disable-background-networking --disable-backgrounding-occluded-windows --disable-client-side-phishing-detection --disable-default-apps --disable-features=IgnoreDuplicateNavs,Prewarm --disable-hang-monitor --disable-popup-blocking --disable-prompt-on-repost --disable-sync --edge-skip-compat-layer-relaunch --enable-automation --enable-logging --headless --log-level=0 --no-first-run --no-service-autorun --password-store=basic --remote-debugging-port=0 --start-maximized --test-type=webdriver --use-mock-keychain --user-data-dir=\"C:\\Users\\SECRET~1\\AppData\\Local\\Temp\\scoped_dir7424_1597806117\" --window-size=1920,1080 data:,\r\nParentUser: WINDEV2308EVAL\\Secretary\""},"eventdata":{"utcTime":"2026-02-04 03:59:38.371","processGuid":"{de7f78ee-c42a-6982-4709-000000001e00}","processId":"4260","image":"C:\\\\Program Files (x86)\\\\Microsoft\\\\Edge\\\\Application\\\\msedge.exe","fileVersion":"144.0.3719.104","description":"Microsoft Edge","product":"Microsoft Edge","company":"Microsoft Corporation","originalFileName":"msedge.exe","commandLine":"\\\"C:\\\\Program Files (x86)\\\\Microsoft\\\\Edge\\\\Application\\\\msedge.exe\\\" --type=utility --utility-sub-type=network.mojom.NetworkService --lang=en-US --service-sandbox-type=none --noerrdialogs --user-data-dir=\\\"C:\\\\Users\\\\SECRET~1\\\\AppData\\\\Local\\\\Temp\\\\scoped_dir7424_1597806117\\\" --startup-read-main-dll --field-trial-handle=3088,i,17355320901321238512,5850636539293107254,262144 --enable-features=msMetricsLogFastStartup,msSendMetricsLogOnClose --disable-features=IgnoreDuplicateNavs,PaintHolding,Prewarm --variations-seed-version --trace-process-track-uuid=3190708989122997041 --enable-logging=handle --log-file=3344 --log-level=0 --mojo-platform-channel-handle=3280 /prefetch:11","currentDirectory":"C:\\\\Program Files (x86)\\\\Microsoft\\\\Edge\\\\Application\\\\144.0.3719.104\\\\","user":"WINDEV2308EVAL\\\\Secretary","logonGuid":"{de7f78ee-4b47-6982-f4f1-3d0000000000}","logonId":"0x3df1f4","terminalSessionId":"2","integrityLevel":"Medium","hashes":"SHA256=C93DB508A45D9D394C38BA5BDC9A131C4CA09D4BF96EED2AD4794E10E359D2B8","parentProcessGuid":"{de7f78ee-c429-6982-4309-000000001e00}","parentProcessId":"7184","parentImage":"C:\\\\Program Files (x86)\\\\Microsoft\\\\Edge\\\\Application\\\\msedge.exe","parentCommandLine":"\\\"C:\\\\Program Files (x86)\\\\Microsoft\\\\Edge\\\\Application\\\\msedge.exe\\\" --allow-pre-commit-input --disable-background-networking --disable-backgrounding-occluded-windows --disable-client-side-phishing-detection --disable-default-apps --disable-features=IgnoreDuplicateNavs,Prewarm --disable-hang-monitor --disable-popup-blocking --disable-prompt-on-repost --disable-sync --edge-skip-compat-layer-relaunch --enable-automation --enable-logging --headless --log-level=0 --no-first-run --no-service-autorun --password-store=basic --remote-debugging-port=0 --start-maximized --test-type=webdriver --use-mock-keychain --user-data-dir=\\\"C:\\\\Users\\\\SECRET~1\\\\AppData\\\\Local\\\\Temp\\\\scoped_dir7424_1597806117\\\" --window-size=1920,1080 data:,","parentUser":"WINDEV2308EVAL\\\\Secretary"}}}
2026 Feb 03 20:43:14 (OPNsense.localdomain) any->syscollector {"data":{"architecture":"amd64","checksum":"b30c2aac0bd9ced304137b8f0c9c401cde416065","description":"C library for creating IP packets","format":"pkg","groups":" ","install_time":"1721738679","item_id":"5ca00623f6c6b07daf83722fe06c15baa1426583","location":" ","name":"libnet","priority":" ","scan_time":"2026/02/03 19:12:07","size":"551940","source":"OPNsense","vendor":"sunpoet@FreeBSD.org","version":"1.3,1"},"operation":"MODIFIED","type":"dbsync_packages"}
2026 Feb 03 20:43:15 (Secretary-Windows) any->EventChannel {"win":{"system":{"providerName":"Microsoft-Windows-Sysmon","providerGuid":"{5770385f-c22a-43e0-bf4c-06f5698ffbd9}","eventID":"1","version":"5","level":"4","task":"1","opcode":"0","keywords":"0x8000000000000000","systemTime":"2026-02-04T03:59:38.4696659Z","eventRecordID":"3125","processID":"2824","threadID":"3588","channel":"Microsoft-Windows-Sysmon/Operational","computer":"WinDev2308Eval","severityValue":"INFORMATION","message":"\"Process Create:\r\nRuleName: -\r\nUtcTime: 2026-02-04 03:59:38.452\r\nProcessGuid: {de7f78ee-c42a-6982-4909-000000001e00}\r\nProcessId: 4940\r\nImage: C:\\Program Files (x86)\\Microsoft\\Edge\\Application\\msedge.exe\r\nFileVersion: 144.0.3719.104\r\nDescription: Microsoft Edge\r\nProduct: Microsoft Edge\r\nCompany: Microsoft Corporation\r\nOriginalFileName: msedge.exe\r\nCommandLine: \"C:\\Program Files (x86)\\Microsoft\\Edge\\Application\\msedge.exe\" --type=renderer --noerrdialogs --user-data-dir=\"C:\\Users\\SECRET~1\\AppData\\Local\\Temp\\scoped_dir7424_1597806117\" --pdf-upsell-enabled --enable-automation --remote-debugging-port=0 --test-type=webdriver --allow-pre-commit-input --video-capture-use-gpu-memory-buffer --lang=en-US --js-flags --device-scale-factor=1 --num-raster-threads=1 --renderer-client-id=6 --ram-no-pressure-read-main-dll --field-trial-handle=3088,i,17355320901321238512,5850636539293107254,262144 --enable-features=msMetricsLogFastStartup,msSendMetricsLogOnClose --disable-features=IgnoreDuplicateNavs,PaintHolding,Prewarm --variations-seed-version --trace-process-track-uuid=3190708991934122588 --enable-logging=handle --log-file=3416 --log-level=0 --mojo-platform-channel-handle=3412 /prefetch:1\r\nCurrentDirectory: C:\\Program Files (x86)\\Microsoft\\Edge\\Application\\144.0.3719.104\\\r\nUser: WINDEV2308EVAL\\Secretary\r\nLogonGuid: {de7f78ee-4b47-6982-f4f1-3d0000000000}\r\nLogonId: 0x3DF1F4\r\nTerminalSessionId: 2\r\nIntegrityLevel: AppContainer\r\nHashes: SHA256=C93DB508A45D9D394C38BA5BDC9A131C4CA09D4BF96EED2AD4794E10E359D2B8\r\nParentProcessGuid: {de7f78ee-c429-6982-4309-000000001e00}\r\nParentProcessId: 7184\r\nParentImage: C:\\Program Files (x86)\\Microsoft\\Edge\\Application\\msedge.exe\r\nParentCommandLine: \"C:\\Program Files (x86)\\Microsoft\\Edge\\Application\\msedge.exe\" --allow-pre-commit-input --disable-background-networking --disable-backgrounding-occluded-windows --disable-client-side-phishing-detection --disable-default-apps --disable-features=IgnoreDuplicateNavs,Prewarm --disable-hang-monitor --disable-popup-blocking --disable-prompt-on-repost --disable-sync --edge-skip-compat-layer-relaunch --enable-automation --enable-logging --headless --log-level=0 --no-first-run --no-service-autorun --password-store=basic --remote-debugging-port=0 --start-maximized --test-type=webdriver --use-mock-keychain --user-data-dir=\"C:\\Users\\SECRET~1\\AppData\\Local\\Temp\\scoped_dir7424_1597806117\" --window-size=1920,1080 data:,\r\nParentUser: WINDEV2308EVAL\\Secretary\""},"eventdata":{"utcTime":"2026-02-04 03:59:38.452","processGuid":"{de7f78ee-c42a-6982-4909-000000001e00}","processId":"4940","image":"C:\\\\Program Files (x86)\\\\Microsoft\\\\Edge\\\\Application\\\\msedge.exe","fileVersion":"144.0.3719.104","description":"Microsoft Edge","product":"Microsoft Edge","company":"Microsoft Corporation","originalFileName":"msedge.exe","commandLine":"\\\"C:\\\\Program Files (x86)\\\\Microsoft\\\\Edge\\\\Application\\\\msedge.exe\\\" --type=renderer --noerrdialogs --user-data-dir=\\\"C:\\\\Users\\\\SECRET~1\\\\AppData\\\\Local\\\\Temp\\\\scoped_dir7424_1597806117\\\" --pdf-upsell-enabled --enable-automation --remote-debugging-port=0 --test-type=webdriver --allow-pre-commit-input --video-capture-use-gpu-memory-buffer --lang=en-US --js-flags --device-scale-factor=1 --num-raster-threads=1 --renderer-client-id=6 --ram-no-pressure-read-main-dll --field-trial-handle=3088,i,17355320901321238512,5850636539293107254,262144 --enable-features=msMetricsLogFastStartup,msSendMetricsLogOnClose --disable-features=IgnoreDuplicateNavs,PaintHolding,Prewarm --variations-seed-version --trace-process-track-uuid=3190708991934122588 --enable-logging=handle --log-file=3416 --log-level=0 --mojo-platform-channel-handle=3412 /prefetch:1","currentDirectory":"C:\\\\Program Files (x86)\\\\Microsoft\\\\Edge\\\\Application\\\\144.0.3719.104\\\\","user":"WINDEV2308EVAL\\\\Secretary","logonGuid":"{de7f78ee-4b47-6982-f4f1-3d0000000000}","logonId":"0x3df1f4","terminalSessionId":"2","integrityLevel":"AppContainer","hashes":"SHA256=C93DB508A45D9D394C38BA5BDC9A131C4CA09D4BF96EED2AD4794E10E359D2B8","parentProcessGuid":"{de7f78ee-c429-6982-4309-000000001e00}","parentProcessId":"7184","parentImage":"C:\\\\Program Files (x86)\\\\Microsoft\\\\Edge\\\\Application\\\\msedge.exe","parentCommandLine":"\\\"C:\\\\Program Files (x86)\\\\Microsoft\\\\Edge\\\\Application\\\\msedge.exe\\\" --allow-pre-commit-input --disable-background-networking --disable-backgrounding-occluded-windows --disable-client-side-phishing-detection --disable-default-apps --disable-features=IgnoreDuplicateNavs,Prewarm --disable-hang-monitor --disable-popup-blocking --disable-prompt-on-repost --disable-sync --edge-skip-compat-layer-relaunch --enable-automation --enable-logging --headless --log-level=0 --no-first-run --no-service-autorun --password-store=basic --remote-debugging-port=0 --start-maximized --test-type=webdriver --use-mock-keychain --user-data-dir=\\\"C:\\\\Users\\\\SECRET~1\\\\AppData\\\\Local\\\\Temp\\\\scoped_dir7424_1597806117\\\" --window-size=1920,1080 data:,","parentUser":"WINDEV2308EVAL\\\\Secretary"}}}
