2026 Feb 03 20:43:08 (OPNsense.localdomain) any->/var/ossec/logs/opnsense_syslog.log Feb  3 19:13:01 OPNsense.localdomain filterlog[44472]: 115,,,fae559338f65e11c53669fc3642c93c2,vtnet0,match,pass,out,4,0x0,,127,2736,0,DF,6,tcp,52,10.0.40.13,20.189.173.5,57991,443,0,S,2137416562,,64240,,mss;nop;wscale;nop;nop;sackOK
2026 Feb 03 20:43:08 (OPNsense.localdomain) any->/var/ossec/logs/opnsense_syslog.log Feb  3 19:13:01 OPNsense.localdomain filterlog[44472]: 118,,,6125cb207f65033775d1069fdf6d0ccf,vtnet0,match,pass,out,4,0x0,,64,0,0,DF,17,udp,99,203.0.213.2,193.205.160.3,40091,53,79
2026 Feb 03 20:43:08 (OPNsense.localdomain) any->/var/ossec/logs/opnsense_syslog.log Feb  3 19:13:01 OPNsense.localdomain filterlog[44472]: 118,,,6125cb207f65033775d1069fdf6d0ccf,vtnet0,match,pass,out,4,0x0,,64,0,0,DF,17,udp,99,203.0.213.2,193.205.160.139,5285,53,79
2026 Feb 03 20:43:08 (OPNsense.localdomain) any->/var/ossec/logs/opnsense_syslog.log Feb  3 19:13:05 OPNsense.localdomain filterlog[44472]: 118,,,6125cb207f65033775d1069fdf6d0ccf,vtnet0,match,pass,out,4,0x0,,64,0,0,DF,17,udp,78,203.0.213.2,193.205.160.139,29147,53,58
2026 Feb 03 20:43:08 (OPNsense.localdomain) any->/var/ossec/logs/opnsense_syslog.log Feb  3 19:13:05 OPNsense.localdomain filterlog[44472]: 115,,,fae559338f65e11c53669fc3642c93c2,vtnet0,match,pass,out,4,0xb8,,63,51280,0,DF,17,udp,76,10.0.99.12,129.152.16.145,59657,123,56
2026 Feb 03 20:43:08 (OPNsense.localdomain) any->/var/ossec/logs/opnsense_syslog.log Feb  3 19:13:08 OPNsense.localdomain filterlog[44472]: 115,,,fae559338f65e11c53669fc3642c93c2,vtnet0,match,pass,out,4,0x0,,127,2751,0,DF,6,tcp,52,10.0.40.13,20.189.173.5,55803,443,0,S,3066793854,,64240,,mss;nop;wscale;nop;nop;sackOK
2026 Feb 03 20:43:08 (OPNsense.localdomain) any->/var/ossec/logs/opnsense_syslog.log Feb  3 19:13:09 OPNsense.localdomain filterlog[44472]: 115,,,fae559338f65e11c53669fc3642c93c2,vlan0.99,match,pass,out,4,0x0,,64,0,0,DF,6,tcp,60,10.0.99.1,10.0.99.14,22557,1514,0,S,3985137035,,65228,,mss;nop;wscale;sackOK;TS
2026 Feb 03 20:43:08 (OPNsense.localdomain) any->/var/ossec/logs/opnsense_syslog.log Feb  3 19:13:14 OPNsense.localdomain filterlog[44472]: 115,,,fae559338f65e11c53669fc3642c93c2,vtnet0,match,pass,out,4,0x0,,127,16131,0,DF,6,tcp,52,10.0.40.13,140.82.113.21,55960,443,0,S,571285143,,64240,,mss;nop;wscale;nop;nop;sackOK
2026 Feb 03 20:43:08 (OPNsense.localdomain) any->/var/ossec/logs/opnsense_syslog.log Feb  3 19:13:12 OPNsense.localdomain filterlog[44472]: 115,,,fae559338f65e11c53669fc3642c93c2,vlan0.99,match,pass,out,4,0x0,,127,1792,0,DF,6,tcp,52,10.0.40.13,10.0.99.14,56899,1514,0,S,2933527579,,64240,,mss;nop;wscale;nop;nop;sackOK
2026 Feb 03 20:43:08 (OPNsense.localdomain) any->/var/ossec/logs/opnsense_syslog.log Feb  3 19:13:14 OPNsense.localdomain filterlog[44472]: 115,,,fae559338f65e11c53669fc3642c93c2,vtnet0,match,pass,out,4,0x0,,127,22900,0,DF,6,tcp,52,10.0.40.13,23.216.150.154,60565,443,0,S,6124513,,64240,,mss;nop;wscale;nop;nop;sackOK
2026 Feb 03 20:43:08 (OPNsense.localdomain) any->/var/ossec/logs/opnsense_syslog.log Feb  3 19:13:11 OPNsense.localdomain filterlog[44472]: 115,,,fae559338f65e11c53669fc3642c93c2,vtnet0,match,pass,out,4,0x0,,127,49158,0,DF,6,tcp,52,10.0.40.13,140.82.121.6,56898,443,0,S,101925555,,64240,,mss;nop;wscale;nop;nop;sackOK
2026 Feb 03 20:43:08 (OPNsense.localdomain) any->/var/ossec/logs/opnsense_syslog.log Feb  3 19:13:14 OPNsense.localdomain filterlog[44472]: 118,,,6125cb207f65033775d1069fdf6d0ccf,vtnet0,match,pass,out,4,0x0,,64,0,0,DF,17,udp,67,203.0.213.2,193.205.160.3,16328,53,47
2026 Feb 03 20:43:08 (OPNsense.localdomain) any->/var/ossec/logs/opnsense_syslog.log Feb  3 19:13:14 OPNsense.localdomain filterlog[44472]: 115,,,fae559338f65e11c53669fc3642c93c2,vtnet0,match,pass,out,4,0x0,,127,20736,0,DF,6,tcp,52,10.0.40.13,140.82.121.4,59267,443,0,S,3529473479,,64240,,mss;nop;wscale;nop;nop;sackOK
2026 Feb 03 20:43:08 (OPNsense.localdomain) any->/var/ossec/logs/opnsense_syslog.log Feb  3 19:13:15 OPNsense.localdomain filterlog[44472]: 115,,,fae559338f65e11c53669fc3642c93c2,vtnet0,match,pass,out,4,0xb8,,63,34964,0,DF,17,udp,76,10.0.99.12,195.32.70.195,43929,123,56
2026 Feb 03 20:43:08 (OPNsense.localdomain) any->/var/ossec/logs/opnsense_syslog.log Feb  3 19:13:16 OPNsense.localdomain filterlog[44472]: 115,,,fae559338f65e11c53669fc3642c93c2,vtnet0,match,pass,out,4,0x0,,127,2767,0,DF,6,tcp,52,10.0.40.13,20.189.173.5,64726,443,0,S,3695285880,,64240,,mss;nop;wscale;nop;nop;sackOK
2026 Feb 03 20:43:08 (OPNsense.localdomain) any->/var/ossec/logs/opnsense_syslog.log Feb  3 19:13:20 OPNsense.localdomain filterlog[44472]: 115,,,fae559338f65e11c53669fc3642c93c2,vtnet0,match,pass,out,4,0x0,,127,49173,0,DF,6,tcp,52,10.0.40.13,140.82.121.6,50259,443,0,S,4138275380,,64240,,mss;nop;wscale;nop;nop;sackOK
2026 Feb 03 20:43:08 (OPNsense.localdomain) any->/var/ossec/logs/opnsense_syslog.log Feb  3 19:13:20 OPNsense.localdomain filterlog[44472]: 115,,,fae559338f65e11c53669fc3642c93c2,vlan0.99,match,pass,out,4,0x0,,64,0,0,DF,6,tcp,60,10.0.99.1,10.0.99.14,8724,1515,0,S,1144959148,,65228,,mss;nop;wscale;sackOK;TS
2026 Feb 03 20:43:08 (OPNsense.localdomain) any->/var/ossec/logs/opnsense_syslog.log Feb  3 19:13:15 OPNsense.localdomain filterlog[44472]: 118,,,6125cb207f65033775d1069fdf6d0ccf,vtnet0,match,pass,out,4,0xb8,,64,41649,0,none,17,udp,76,203.0.213.2,81.56.230.156,123,123,56
2026 Feb 03 20:43:08 (OPNsense.localdomain) any->/var/ossec/logs/opnsense_syslog.log Feb  3 19:13:25 OPNsense.localdomain filterlog[44472]: 115,,,fae559338f65e11c53669fc3642c93c2,vtnet0,match,pass,out,4,0x0,,127,49190,0,DF,6,tcp,52,10.0.40.13,140.82.121.6,57454,443,0,S,2534214799,,64240,,mss;nop;wscale;nop;nop;sackOK
2026 Feb 03 20:43:08 (Secretary-Windows) any->EventChannel {"win":{"system":{"providerName":"Microsoft-Windows-Security-Auditing","providerGuid":"{54849625-5478-4994-a5ba-3e3b0328c30d}","eventID":"5379","version":"0","level":"0","task":"13824","opcode":"0","keywords":"0x8020000000000000","systemTime":"2026-02-04T04:09:30.3791745Z","eventRecordID":"52011","processID":"764","threadID":"7592","channel":"Security","computer":"WinDev2308Eval","severityValue":"AUDIT_SUCCESS","message":"\"Credential Manager credentials were read.\r\n\r\nSubject:\r\n\tSecurity ID:\t\tS-1-5-21-3116511072-3024718013-308258476-1001\r\n\tAccount Name:\t\tSecretary\r\n\tAccount Domain:\t\tWINDEV2308EVAL\r\n\tLogon ID:\t\t0x3DF1F4\r\n\tRead Operation:\t\tEnumerate Credentials\r\n\r\nThis event occurs when a user performs a read operation on stored credentials in Credential Manager.\""},"eventdata":{"subjectUserSid":"S-1-5-21-3116511072-3024718013-308258476-1001","subjectUserName":"Secretary","subjectDomainName":"WINDEV2308EVAL","subjectLogonId":"0x3df1f4","targetName":"WindowsLive:(token):name=02adfhietqpbykqa;serviceuri=*","type":"0","countOfCredentialsReturned":"0","readOperation":"%%8100","returnCode":"3221226021","processCreationTime":"2026-02-02T01:39:02.4586029Z","clientProcessId":"1080"}}}
2026 Feb 03 20:43:08 (Secretary-Windows) any->EventChannel {"win":{"system":{"providerName":"Microsoft-Windows-Sysmon","providerGuid":"{5770385f-c22a-43e0-bf4c-06f5698ffbd9}","eventID":"5","version":"3","level":"4","task":"5","opcode":"0","keywords":"0x8000000000000000","systemTime":"2026-02-04T03:33:49.0602479Z","eventRecordID":"2743","processID":"2824","threadID":"3588","channel":"Microsoft-Windows-Sysmon/Operational","computer":"WinDev2308Eval","severityValue":"INFORMATION","message":"\"Process terminated:\r\nRuleName: -\r\nUtcTime: 2026-02-04 03:33:49.060\r\nProcessGuid: {de7f78ee-be1b-6982-8808-000000001e00}\r\nProcessId: 8084\r\nImage: C:\\Program Files (x86)\\Microsoft\\Edge\\Application\\msedge.exe\r\nUser: WINDEV2308EVAL\\Secretary\""},"eventdata":{"utcTime":"2026-02-04 03:33:49.060","processGuid":"{de7f78ee-be1b-6982-8808-000000001e00}","processId":"8084","image":"C:\\\\Program Files (x86)\\\\Microsoft\\\\Edge\\\\Application\\\\msedge.exe","user":"WINDEV2308EVAL\\\\Secretary"}}}
2026 Feb 03 20:43:08 (OPNsense.localdomain) any->/var/ossec/logs/opnsense_syslog.log Feb  3 19:13:26 OPNsense.localdomain filterlog[44472]: 115,,,fae559338f65e11c53669fc3642c93c2,vtnet0,match,pass,out,4,0x0,,127,16173,0,DF,6,tcp,52,10.0.40.13,140.82.113.21,65167,443,0,S,3854855866,,64240,,mss;nop;wscale;nop;nop;sackOK
2026 Feb 03 20:43:08 (OPNsense.localdomain) any->/var/ossec/logs/opnsense_syslog.log Feb  3 19:13:25 OPNsense.localdomain filterlog[44472]: 115,,,fae559338f65e11c53669fc3642c93c2,vtnet0,match,pass,out,4,0xb8,,63,37668,0,DF,17,udp,76,10.0.99.12,37.247.53.178,57055,123,56
2026 Feb 03 20:43:08 (OPNsense.localdomain) any->/var/ossec/logs/opnsense_syslog.log Feb  3 19:13:26 OPNsense.localdomain filterlog[44472]: 115,,,fae559338f65e11c53669fc3642c93c2,vtnet0,match,pass,out,4,0x0,,127,22910,0,DF,6,tcp,52,10.0.40.13,23.216.150.154,58913,443,0,S,883214129,,64240,,mss;nop;wscale;nop;nop;sackOK
2026 Feb 03 20:43:08 (OPNsense.localdomain) any->/var/ossec/logs/opnsense_syslog.log Feb  3 19:13:35 OPNsense.localdomain filterlog[44472]: 115,,,fae559338f65e11c53669fc3642c93c2,vtnet0,match,pass,out,4,0xb8,,63,19143,0,DF,17,udp,76,10.0.99.12,93.94.88.50,47225,123,56
2026 Feb 03 20:43:08 (OPNsense.localdomain) any->/var/ossec/logs/opnsense_syslog.log Feb  3 19:13:29 OPNsense.localdomain filterlog[44472]: 115,,,fae559338f65e11c53669fc3642c93c2,vtnet0,match,pass,out,4,0x0,,127,2782,0,DF,6,tcp,52,10.0.40.13,20.189.173.5,58914,443,0,S,2509927740,,64240,,mss;nop;wscale;nop;nop;sackOK
2026 Feb 03 20:43:08 (OPNsense.localdomain) any->/var/ossec/logs/opnsense_syslog.log Feb  3 19:13:43 OPNsense.localdomain filterlog[44472]: 115,,,fae559338f65e11c53669fc3642c93c2,vlan0.99,match,pass,out,4,0x0,,127,1797,0,DF,6,tcp,52,10.0.40.13,10.0.99.14,58915,1514,0,S,570348352,,64240,,mss;nop;wscale;nop;nop;sackOK
2026 Feb 03 20:43:08 (OPNsense.localdomain) any->/var/ossec/logs/opnsense_syslog.log Feb  3 19:13:49 OPNsense.localdomain filterlog[44472]: 118,,,6125cb207f65033775d1069fdf6d0ccf,vtnet0,match,pass,out,4,0xb8,,64,63726,0,none,17,udp,76,203.0.213.2,185.157.229.254,123,123,56
2026 Feb 03 20:43:08 (Secretary-Windows) any->EventChannel {"win":{"system":{"providerName":"Microsoft-Windows-Sysmon","providerGuid":"{5770385f-c22a-43e0-bf4c-06f5698ffbd9}","eventID":"1","version":"5","level":"4","task":"1","opcode":"0","keywords":"0x8000000000000000","systemTime":"2026-02-04T03:33:49.1512726Z","eventRecordID":"2744","processID":"2824","threadID":"3588","channel":"Microsoft-Windows-Sysmon/Operational","computer":"WinDev2308Eval","severityValue":"INFORMATION","message":"\"Process Create:\r\nRuleName: -\r\nUtcTime: 2026-02-04 03:33:49.132\r\nProcessGuid: {de7f78ee-be1d-6982-8d08-000000001e00}\r\nProcessId: 4552\r\nImage: C:\\Program Files (x86)\\Microsoft\\Edge\\Application\\msedge.exe\r\nFileVersion: 144.0.3719.104\r\nDescription: Microsoft Edge\r\nProduct: Microsoft Edge\r\nCompany: Microsoft Corporation\r\nOriginalFileName: msedge.exe\r\nCommandLine: \"C:\\Program Files (x86)\\Microsoft\\Edge\\Application\\msedge.exe\" --type=renderer --noerrdialogs --user-data-dir=\"C:\\Users\\SECRET~1\\AppData\\Local\\Temp\\scoped_dir6216_650965905\" --pdf-upsell-enabled --enable-automation --remote-debugging-port=0 --test-type=webdriver --allow-pre-commit-input --disable-gpu-compositing --video-capture-use-gpu-memory-buffer --lang=en-US --js-flags --device-scale-factor=1 --num-raster-threads=1 --renderer-client-id=12 --skip-read-main-dll --field-trial-handle=2436,i,14337498407806940781,10433881642979078379,262144 --enable-features=msMetricsLogFastStartup,msSendMetricsLogOnClose --disable-features=IgnoreDuplicateNavs,PaintHolding,Prewarm --variations-seed-version --trace-process-track-uuid=3190708997556373682 --enable-logging=handle --log-file=5028 --log-level=0 --mojo-platform-channel-handle=5108 /prefetch:1\r\nCurrentDirectory: C:\\Program Files (x86)\\Microsoft\\Edge\\Application\\144.0.3719.104\\\r\nUser: WINDEV2308EVAL\\Secretary\r\nLogonGuid: {de7f78ee-4b47-6982-f4f1-3d0000000000}\r\nLogonId: 0x3DF1F4\r\nTerminalSessionId: 2\r\nIntegrityLevel: AppContainer\r\nHashes: SHA256=C93DB508A45D9D394C38BA5BDC9A131C4CA09D4BF96EED2AD4794E10E359D2B8\r\nParentProcessGuid: {de7f78ee-be19-6982-8108-000000001e00}\r\nParentProcessId: 1844\r\nParentImage: C:\\Program Files (x86)\\Microsoft\\Edge\\Application\\msedge.exe\r\nParentCommandLine: \"C:\\Program Files (x86)\\Microsoft\\Edge\\Application\\msedge.exe\" --allow-pre-commit-input --disable-background-networking --disable-backgrounding-occluded-windows --disable-client-side-phishing-detection --disable-default-apps --disable-features=IgnoreDuplicateNavs,Prewarm --disable-hang-monitor --disable-popup-blocking --disable-prompt-on-repost --disable-sync --edge-skip-compat-layer-relaunch --enable-automation --enable-logging --headless --log-level=0 --no-first-run --no-service-autorun --password-store=basic --remote-debugging-port=0 --start-maximized --test-type=webdriver --use-mock-keychain --user-data-dir=\"C:\\Users\\SECRET~1\\AppData\\Local\\Temp\\scoped_dir6216_650965905\" --window-size=1920,1080 data:,\r\nParentUser: WINDEV2308EVAL\\Secretary\""},"eventdata":{"utcTime":"2026-02-04 03:33:49.132","processGuid":"{de7f78ee-be1d-6982-8d08-000000001e00}","processId":"4552","image":"C:\\\\Program Files (x86)\\\\Microsoft\\\\Edge\\\\Application\\\\msedge.exe","fileVersion":"144.0.3719.104","description":"Microsoft Edge","product":"Microsoft Edge","company":"Microsoft Corporation","originalFileName":"msedge.exe","commandLine":"\\\"C:\\\\Program Files (x86)\\\\Microsoft\\\\Edge\\\\Application\\\\msedge.exe\\\" --type=renderer --noerrdialogs --user-data-dir=\\\"C:\\\\Users\\\\SECRET~1\\\\AppData\\\\Local\\\\Temp\\\\scoped_dir6216_650965905\\\" --pdf-upsell-enabled --enable-automation --remote-debugging-port=0 --test-type=webdriver --allow-pre-commit-input --disable-gpu-compositing --video-capture-use-gpu-memory-buffer --lang=en-US --js-flags --device-scale-factor=1 --num-raster-threads=1 --renderer-client-id=12 --skip-read-main-dll --field-trial-handle=2436,i,14337498407806940781,10433881642979078379,262144 --enable-features=msMetricsLogFastStartup,msSendMetricsLogOnClose --disable-features=IgnoreDuplicateNavs,PaintHolding,Prewarm --variations-seed-version --trace-process-track-uuid=3190708997556373682 --enable-logging=handle --log-file=5028 --log-level=0 --mojo-platform-channel-handle=5108 /prefetch:1","currentDirectory":"C:\\\\Program Files (x86)\\\\Microsoft\\\\Edge\\\\Application\\\\144.0.3719.104\\\\","user":"WINDEV2308EVAL\\\\Secretary","logonGuid":"{de7f78ee-4b47-6982-f4f1-3d0000000000}","logonId":"0x3df1f4","terminalSessionId":"2","integrityLevel":"AppContainer","hashes":"SHA256=C93DB508A45D9D394C38BA5BDC9A131C4CA09D4BF96EED2AD4794E10E359D2B8","parentProcessGuid":"{de7f78ee-be19-6982-8108-000000001e00}","parentProcessId":"1844","parentImage":"C:\\\\Program Files (x86)\\\\Microsoft\\\\Edge\\\\Application\\\\msedge.exe","parentCommandLine":"\\\"C:\\\\Program Files (x86)\\\\Microsoft\\\\Edge\\\\Application\\\\msedge.exe\\\" --allow-pre-commit-input --disable-background-networking --disable-backgrounding-occluded-windows --disable-client-side-phishing-detection --disable-default-apps --disable-features=IgnoreDuplicateNavs,Prewarm --disable-hang-monitor --disable-popup-blocking --disable-prompt-on-repost --disable-sync --edge-skip-compat-layer-relaunch --enable-automation --enable-logging --headless --log-level=0 --no-first-run --no-service-autorun --password-store=basic --remote-debugging-port=0 --start-maximized --test-type=webdriver --use-mock-keychain --user-data-dir=\\\"C:\\\\Users\\\\SECRET~1\\\\AppData\\\\Local\\\\Temp\\\\scoped_dir6216_650965905\\\" --window-size=1920,1080 data:,","parentUser":"WINDEV2308EVAL\\\\Secretary"}}}
2026 Feb 03 20:43:08 (OPNsense.localdomain) any->/var/ossec/logs/opnsense_syslog.log Feb  3 19:14:06 OPNsense.localdomain filterlog[44472]: 115,,,fae559338f65e11c53669fc3642c93c2,lo0,match,pass,out,4,0x0,,64,55516,0,none,17,udp,69,127.0.0.1,127.0.0.1,18613,53,49
2026 Feb 03 20:43:08 (OPNsense.localdomain) any->/var/ossec/logs/opnsense_syslog.log Feb  3 19:14:06 OPNsense.localdomain filterlog[44472]: 118,,,6125cb207f65033775d1069fdf6d0ccf,vtnet0,match,pass,out,4,0x0,,64,0,0,DF,17,udp,80,203.0.213.2,193.205.160.139,39658,53,60
2026 Feb 03 20:43:08 (OPNsense.localdomain) any->/var/ossec/logs/opnsense_syslog.log Feb  3 19:14:06 OPNsense.localdomain filterlog[44472]: 115,,,fae559338f65e11c53669fc3642c93c2,lo0,match,pass,out,4,0x0,,64,37097,0,none,17,udp,69,127.0.0.1,127.0.0.1,15251,53,49
2026 Feb 03 20:43:08 (OPNsense.localdomain) any->/var/ossec/logs/opnsense_syslog.log Feb  3 19:14:14 OPNsense.localdomain filterlog[44472]: 115,,,fae559338f65e11c53669fc3642c93c2,vlan0.99,match,pass,out,4,0x0,,127,1802,0,DF,6,tcp,52,10.0.40.13,10.0.99.14,58916,1514,0,S,549927825,,64240,,mss;nop;wscale;nop;nop;sackOK
2026 Feb 03 20:43:08 (OPNsense.localdomain) any->/var/ossec/logs/opnsense_syslog.log Feb  3 19:14:06 OPNsense.localdomain filterlog[44472]: 118,,,6125cb207f65033775d1069fdf6d0ccf,vtnet0,match,pass,out,4,0xb8,,64,12434,0,none,17,udp,76,203.0.213.2,31.207.113.74,123,123,56
2026 Feb 03 20:43:08 (OPNsense.localdomain) any->/var/ossec/logs/opnsense_syslog.log Feb  3 19:14:19 OPNsense.localdomain filterlog[44472]: 115,,,fae559338f65e11c53669fc3642c93c2,lo0,match,pass,out,4,0x0,,64,43004,0,none,17,udp,69,127.0.0.1,127.0.0.1,5175,53,49
2026 Feb 03 20:43:08 (Secretary-Windows) any->EventChannel {"win":{"system":{"providerName":"Microsoft-Windows-Sysmon","providerGuid":"{5770385f-c22a-43e0-bf4c-06f5698ffbd9}","eventID":"5","version":"3","level":"4","task":"5","opcode":"0","keywords":"0x8000000000000000","systemTime":"2026-02-04T03:33:49.3261614Z","eventRecordID":"2745","processID":"2824","threadID":"3588","channel":"Microsoft-Windows-Sysmon/Operational","computer":"WinDev2308Eval","severityValue":"INFORMATION","message":"\"Process terminated:\r\nRuleName: -\r\nUtcTime: 2026-02-04 03:33:49.325\r\nProcessGuid: {de7f78ee-be1b-6982-8b08-000000001e00}\r\nProcessId: 5680\r\nImage: C:\\Program Files (x86)\\Microsoft\\Edge\\Application\\msedge.exe\r\nUser: WINDEV2308EVAL\\Secretary\""},"eventdata":{"utcTime":"2026-02-04 03:33:49.325","processGuid":"{de7f78ee-be1b-6982-8b08-000000001e00}","processId":"5680","image":"C:\\\\Program Files (x86)\\\\Microsoft\\\\Edge\\\\Application\\\\msedge.exe","user":"WINDEV2308EVAL\\\\Secretary"}}}
2026 Feb 03 20:43:08 (OPNsense.localdomain) any->/var/ossec/logs/opnsense_syslog.log Feb  3 19:20:19 OPNsense.localdomain filterlog[44472]: 118,,,6125cb207f65033775d1069fdf6d0ccf,vtnet0,match,pass,out,4,0xb8,,64,45350,0,none,17,udp,76,203.0.213.2,185.19.184.35,123,123,56
2026 Feb 03 20:43:08 (OPNsense.localdomain) any->/var/ossec/logs/opnsense_syslog.log Feb  3 19:14:19 OPNsense.localdomain filterlog[44472]: 118,,,6125cb207f65033775d1069fdf6d0ccf,vtnet0,match,pass,out,4,0x0,,64,0,0,DF,17,udp,80,203.0.213.2,193.205.160.3,57452,53,60
2026 Feb 03 20:43:08 (OPNsense.localdomain) any->/var/ossec/logs/opnsense_syslog.log Feb  3 19:20:19 OPNsense.localdomain filterlog[44472]: 118,,,6125cb207f65033775d1069fdf6d0ccf,vtnet0,match,pass,out,4,0x0,,64,0,0,DF,17,udp,83,203.0.213.2,193.205.160.3,7569,53,63
2026 Feb 03 20:43:08 (OPNsense.localdomain) any->/var/ossec/logs/opnsense_syslog.log Feb  3 19:20:19 OPNsense.localdomain filterlog[44472]: 118,,,6125cb207f65033775d1069fdf6d0ccf,vtnet0,match,pass,out,4,0x0,,64,0,0,DF,17,udp,92,203.0.213.2,193.205.160.139,53400,53,72
2026 Feb 03 20:43:08 (OPNsense.localdomain) any->/var/ossec/logs/opnsense_syslog.log Feb  3 19:20:19 OPNsense.localdomain filterlog[44472]: 118,,,6125cb207f65033775d1069fdf6d0ccf,vtnet0,match,pass,out,4,0x0,,64,0,0,DF,17,udp,92,203.0.213.2,193.205.160.139,18226,53,72
2026 Feb 03 20:43:08 (OPNsense.localdomain) any->/var/ossec/logs/opnsense_syslog.log Feb  3 19:20:19 OPNsense.localdomain filterlog[44472]: 115,,,fae559338f65e11c53669fc3642c93c2,vtnet0,match,pass,out,4,0x0,,127,6868,0,DF,6,tcp,52,10.0.40.13,23.216.150.165,51248,443,0,S,683293265,,64240,,mss;nop;wscale;nop;nop;sackOK
2026 Feb 03 20:43:08 (OPNsense.localdomain) any->/var/ossec/logs/opnsense_syslog.log Feb  3 19:20:21 OPNsense.localdomain filterlog[44472]: 118,,,6125cb207f65033775d1069fdf6d0ccf,vtnet0,match,pass,out,4,0x0,,64,0,0,DF,17,udp,67,203.0.213.2,193.205.160.139,9030,53,47
2026 Feb 03 20:43:08 (Secretary-Windows) any->EventChannel {"win":{"system":{"providerName":"Microsoft-Windows-Security-Auditing","providerGuid":"{54849625-5478-4994-a5ba-3e3b0328c30d}","eventID":"5379","version":"0","level":"0","task":"13824","opcode":"0","keywords":"0x8020000000000000","systemTime":"2026-02-04T04:09:30.3798938Z","eventRecordID":"52012","processID":"764","threadID":"7592","channel":"Security","computer":"WinDev2308Eval","severityValue":"AUDIT_SUCCESS","message":"\"Credential Manager credentials were read.\r\n\r\nSubject:\r\n\tSecurity ID:\t\tS-1-5-21-3116511072-3024718013-308258476-1001\r\n\tAccount Name:\t\tSecretary\r\n\tAccount Domain:\t\tWINDEV2308EVAL\r\n\tLogon ID:\t\t0x3DF1F4\r\n\tRead Operation:\t\tEnumerate Credentials\r\n\r\nThis event occurs when a user performs a read operation on stored credentials in Credential Manager.\""},"eventdata":{"subjectUserSid":"S-1-5-21-3116511072-3024718013-308258476-1001","subjectUserName":"Secretary","subjectDomainName":"WINDEV2308EVAL","subjectLogonId":"0x3df1f4","targetName":"WindowsLive:(cert):name=02adfhietqpbykqa;serviceuri=*","type":"0","countOfCredentialsReturned":"0","readOperation":"%%8100","returnCode":"3221226021","processCreationTime":"2026-02-02T01:39:02.4586029Z","clientProcessId":"1080"}}}
2026 Feb 03 20:43:08 (OPNsense.localdomain) any->/var/ossec/logs/opnsense_syslog.log Feb  3 19:20:21 OPNsense.localdomain filterlog[44472]: 115,,,fae559338f65e11c53669fc3642c93c2,vtnet0,match,pass,out,4,0x0,,127,30485,0,DF,6,tcp,52,10.0.40.13,140.82.121.3,50944,443,0,S,4260682309,,64240,,mss;nop;wscale;nop;nop;sackOK
2026 Feb 03 20:43:08 (OPNsense.localdomain) any->/var/ossec/logs/opnsense_syslog.log Feb  3 19:20:21 OPNsense.localdomain filterlog[44472]: 115,,,fae559338f65e11c53669fc3642c93c2,vtnet0,match,pass,out,4,0x0,,127,59022,0,DF,6,tcp,52,10.0.40.13,140.82.121.5,53591,443,0,S,487283680,,64240,,mss;nop;wscale;nop;nop;sackOK
2026 Feb 03 20:43:08 (OPNsense.localdomain) any->/var/ossec/logs/opnsense_syslog.log Feb  3 19:20:21 OPNsense.localdomain filterlog[44472]: 118,,,6125cb207f65033775d1069fdf6d0ccf,vtnet0,match,pass,out,4,0x0,,64,0,0,DF,17,udp,71,203.0.213.2,193.205.160.139,51497,53,51
2026 Feb 03 20:43:08 (OPNsense.localdomain) any->/var/ossec/logs/opnsense_syslog.log Feb  3 19:20:21 OPNsense.localdomain filterlog[44472]: 115,,,fae559338f65e11c53669fc3642c93c2,vtnet0,match,pass,out,4,0x0,,127,64608,0,DF,6,tcp,52,10.0.40.13,140.82.114.22,64488,443,0,S,3616178605,,64240,,mss;nop;wscale;nop;nop;sackOK
2026 Feb 03 20:43:08 (OPNsense.localdomain) any->/var/ossec/logs/opnsense_syslog.log Feb  3 19:20:21 OPNsense.localdomain filterlog[44472]: 118,,,6125cb207f65033775d1069fdf6d0ccf,vtnet0,match,pass,out,4,0x0,,64,0,0,DF,17,udp,86,203.0.213.2,193.205.160.139,63267,53,66
2026 Feb 03 20:43:08 (OPNsense.localdomain) any->/var/ossec/logs/opnsense_syslog.log Feb  3 19:20:21 OPNsense.localdomain filterlog[44472]: 118,,,6125cb207f65033775d1069fdf6d0ccf,vtnet0,match,pass,out,4,0x0,,64,0,0,DF,17,udp,93,203.0.213.2,193.205.160.3,15762,53,73
2026 Feb 03 20:43:08 (OPNsense.localdomain) any->/var/ossec/logs/opnsense_syslog.log Feb  3 19:20:21 OPNsense.localdomain filterlog[44472]: 118,,,6125cb207f65033775d1069fdf6d0ccf,vtnet0,match,pass,out,4,0x0,,64,0,0,DF,17,udp,93,203.0.213.2,193.205.160.3,55647,53,73
2026 Feb 03 20:43:08 (Secretary-Windows) any->EventChannel {"win":{"system":{"providerName":"Microsoft-Windows-Sysmon","providerGuid":"{5770385f-c22a-43e0-bf4c-06f5698ffbd9}","eventID":"5","version":"3","level":"4","task":"5","opcode":"0","keywords":"0x8000000000000000","systemTime":"2026-02-04T03:33:49.3278320Z","eventRecordID":"2746","processID":"2824","threadID":"3588","channel":"Microsoft-Windows-Sysmon/Operational","computer":"WinDev2308Eval","severityValue":"INFORMATION","message":"\"Process terminated:\r\nRuleName: -\r\nUtcTime: 2026-02-04 03:33:49.326\r\nProcessGuid: {de7f78ee-be1a-6982-8608-000000001e00}\r\nProcessId: 4396\r\nImage: C:\\Program Files (x86)\\Microsoft\\Edge\\Application\\msedge.exe\r\nUser: WINDEV2308EVAL\\Secretary\""},"eventdata":{"utcTime":"2026-02-04 03:33:49.326","processGuid":"{de7f78ee-be1a-6982-8608-000000001e00}","processId":"4396","image":"C:\\\\Program Files (x86)\\\\Microsoft\\\\Edge\\\\Application\\\\msedge.exe","user":"WINDEV2308EVAL\\\\Secretary"}}}
2026 Feb 03 20:43:08 (OPNsense.localdomain) any->/var/ossec/logs/opnsense_syslog.log Feb  3 19:20:21 OPNsense.localdomain filterlog[44472]: 118,,,6125cb207f65033775d1069fdf6d0ccf,vtnet0,match,pass,out,4,0x0,,64,0,0,DF,17,udp,101,203.0.213.2,193.205.160.139,18725,53,81
2026 Feb 03 20:43:08 (OPNsense.localdomain) any->/var/ossec/logs/opnsense_syslog.log Feb  3 19:20:21 OPNsense.localdomain filterlog[44472]: 118,,,6125cb207f65033775d1069fdf6d0ccf,vtnet0,match,pass,out,4,0x0,,64,0,0,DF,17,udp,101,203.0.213.2,193.205.160.3,34252,53,81
2026 Feb 03 20:43:08 (OPNsense.localdomain) any->/var/ossec/logs/opnsense_syslog.log Feb  3 19:20:21 OPNsense.localdomain filterlog[44472]: 118,,,6125cb207f65033775d1069fdf6d0ccf,vtnet0,match,pass,out,4,0x0,,64,0,0,DF,17,udp,99,203.0.213.2,193.205.160.3,61362,53,79
2026 Feb 03 20:43:08 (OPNsense.localdomain) any->/var/ossec/logs/opnsense_syslog.log Feb  3 19:20:21 OPNsense.localdomain filterlog[44472]: 118,,,6125cb207f65033775d1069fdf6d0ccf,vtnet0,match,pass,out,4,0x0,,64,0,0,DF,17,udp,102,203.0.213.2,193.205.160.3,39634,53,82
2026 Feb 03 20:43:08 (OPNsense.localdomain) any->/var/ossec/logs/opnsense_syslog.log Feb  3 19:20:21 OPNsense.localdomain filterlog[44472]: 115,,,fae559338f65e11c53669fc3642c93c2,vtnet0,match,pass,out,4,0x0,,127,20852,0,DF,6,tcp,52,10.0.40.13,52.182.141.63,57884,443,0,S,666560302,,64240,,mss;nop;wscale;nop;nop;sackOK
2026 Feb 03 20:43:08 (OPNsense.localdomain) any->/var/ossec/logs/opnsense_syslog.log Feb  3 19:20:22 OPNsense.localdomain filterlog[44472]: 115,,,fae559338f65e11c53669fc3642c93c2,vtnet0,match,pass,out,4,0x0,,127,12540,0,DF,6,tcp,52,10.0.40.13,185.199.109.133,55825,443,0,S,1059529435,,64240,,mss;nop;wscale;nop;nop;sackOK
2026 Feb 03 20:43:08 (Secretary-Windows) any->EventChannel {"win":{"system":{"providerName":"Microsoft-Windows-Security-Auditing","providerGuid":"{54849625-5478-4994-a5ba-3e3b0328c30d}","eventID":"5379","version":"0","level":"0","task":"13824","opcode":"0","keywords":"0x8020000000000000","systemTime":"2026-02-04T04:09:30.3800345Z","eventRecordID":"52013","processID":"764","threadID":"7592","channel":"Security","computer":"WinDev2308Eval","severityValue":"AUDIT_SUCCESS","message":"\"Credential Manager credentials were read.\r\n\r\nSubject:\r\n\tSecurity ID:\t\tS-1-5-21-3116511072-3024718013-308258476-1001\r\n\tAccount Name:\t\tSecretary\r\n\tAccount Domain:\t\tWINDEV2308EVAL\r\n\tLogon ID:\t\t0x3DF1F4\r\n\tRead Operation:\t\tEnumerate Credentials\r\n\r\nThis event occurs when a user performs a read operation on stored credentials in Credential Manager.\""},"eventdata":{"subjectUserSid":"S-1-5-21-3116511072-3024718013-308258476-1001","subjectUserName":"Secretary","subjectDomainName":"WINDEV2308EVAL","subjectLogonId":"0x3df1f4","targetName":"WindowsLive:target=virtualapp/didlogical","type":"0","countOfCredentialsReturned":"1","readOperation":"%%8100","returnCode":"0","processCreationTime":"2026-02-02T01:39:02.4586029Z","clientProcessId":"1080"}}}
2026 Feb 03 20:43:08 (OPNsense.localdomain) any->/var/ossec/logs/opnsense_syslog.log Feb  3 19:20:24 OPNsense.localdomain filterlog[44472]: 118,,,6125cb207f65033775d1069fdf6d0ccf,vtnet0,match,pass,out,4,0x0,,64,0,0,DF,17,udp,82,203.0.213.2,193.205.160.139,36485,53,62
2026 Feb 03 20:43:08 (OPNsense.localdomain) any->/var/ossec/logs/opnsense_syslog.log Feb  3 19:20:26 OPNsense.localdomain filterlog[44472]: 115,,,fae559338f65e11c53669fc3642c93c2,vlan0.99,match,pass,out,4,0x0,,64,0,0,DF,6,tcp,60,10.0.99.1,10.0.99.14,4873,1514,0,S,1089188706,,65228,,mss;nop;wscale;sackOK;TS
2026 Feb 03 20:43:08 (OPNsense.localdomain) any->/var/ossec/logs/opnsense_syslog.log Feb  3 19:20:28 OPNsense.localdomain filterlog[44472]: 115,,,fae559338f65e11c53669fc3642c93c2,vtnet0,match,pass,out,4,0x0,,127,59038,0,DF,6,tcp,52,10.0.40.13,140.82.121.5,51598,443,0,S,2104737807,,64240,,mss;nop;wscale;nop;nop;sackOK
2026 Feb 03 20:43:08 (OPNsense.localdomain) any->/var/ossec/logs/opnsense_syslog.log Feb  3 19:20:24 OPNsense.localdomain filterlog[44472]: 115,,,fae559338f65e11c53669fc3642c93c2,vtnet0,match,pass,out,4,0x0,,127,12550,0,DF,6,tcp,52,10.0.40.13,185.199.109.133,55219,443,0,S,1127007727,,64240,,mss;nop;wscale;nop;nop;sackOK
2026 Feb 03 20:43:08 (OPNsense.localdomain) any->/var/ossec/logs/opnsense_syslog.log Feb  3 19:20:27 OPNsense.localdomain filterlog[44472]: 115,,,fae559338f65e11c53669fc3642c93c2,vtnet0,match,pass,out,4,0x0,,127,20871,0,DF,6,tcp,52,10.0.40.13,52.182.141.63,49838,443,0,S,920311962,,64240,,mss;nop;wscale;nop;nop;sackOK
2026 Feb 03 20:43:08 (OPNsense.localdomain) any->/var/ossec/logs/opnsense_syslog.log Feb  3 19:20:34 OPNsense.localdomain filterlog[44472]: 115,,,fae559338f65e11c53669fc3642c93c2,vtnet0,match,pass,out,4,0x0,,127,64651,0,DF,6,tcp,52,10.0.40.13,140.82.114.22,52336,443,0,S,742555030,,64240,,mss;nop;wscale;nop;nop;sackOK
2026 Feb 03 20:43:08 (OPNsense.localdomain) any->/var/ossec/logs/opnsense_syslog.log Feb  3 19:20:34 OPNsense.localdomain filterlog[44472]: 115,,,fae559338f65e11c53669fc3642c93c2,vtnet0,match,pass,out,4,0x0,,127,6877,0,DF,6,tcp,52,10.0.40.13,23.216.150.165,49597,443,0,S,998658538,,64240,,mss;nop;wscale;nop;nop;sackOK
2026 Feb 03 20:43:08 (OPNsense.localdomain) any->/var/ossec/logs/opnsense_syslog.log Feb  3 19:20:38 OPNsense.localdomain filterlog[44472]: 24,,,02f4bab031b57d1e30553ce08e0ec131,vlan0.40,match,block,in,4,0x0,,128,23911,0,none,17,udp,78,10.0.40.13,10.0.40.255,137,137,58
2026 Feb 03 20:43:08 (OPNsense.localdomain) any->/var/ossec/logs/opnsense_syslog.log Feb  3 19:20:38 OPNsense.localdomain filterlog[44472]: 118,,,6125cb207f65033775d1069fdf6d0ccf,vtnet0,match,pass,out,4,0x0,,64,0,0,DF,17,udp,80,203.0.213.2,193.205.160.3,54722,53,60
2026 Feb 03 20:43:08 (OPNsense.localdomain) any->/var/ossec/logs/opnsense_syslog.log Feb  3 19:20:38 OPNsense.localdomain filterlog[44472]: 115,,,fae559338f65e11c53669fc3642c93c2,lo0,match,pass,out,4,0x0,,64,20275,0,none,17,udp,69,127.0.0.1,127.0.0.1,39179,53,49
2026 Feb 03 20:43:08 (OPNsense.localdomain) any->/var/ossec/logs/opnsense_syslog.log Feb  3 19:20:38 OPNsense.localdomain filterlog[44472]: 115,,,fae559338f65e11c53669fc3642c93c2,lo0,match,pass,out,4,0x0,,64,52158,0,none,17,udp,69,127.0.0.1,127.0.0.1,37144,53,49
2026 Feb 03 20:43:08 (OPNsense.localdomain) any->/var/ossec/logs/opnsense_syslog.log Feb  3 19:20:38 OPNsense.localdomain filterlog[44472]: 115,,,fae559338f65e11c53669fc3642c93c2,vlan0.99,match,pass,out,4,0x0,,127,1867,0,DF,6,tcp,52,10.0.40.13,10.0.99.14,52337,1514,0,S,3045858678,,64240,,mss;nop;wscale;nop;nop;sackOK
2026 Feb 03 20:43:08 (OPNsense.localdomain) any->/var/ossec/logs/opnsense_syslog.log Feb  3 19:20:38 OPNsense.localdomain filterlog[44472]: 24,,,02f4bab031b57d1e30553ce08e0ec131,vlan0.40,match,block,in,4,0x0,,128,23911,0,none,17,udp,78,10.0.40.13,10.0.40.255,137,137,58
2026 Feb 03 20:43:08 (Secretary-Windows) any->EventChannel {"win":{"system":{"providerName":"Microsoft-Windows-Sysmon","providerGuid":"{5770385f-c22a-43e0-bf4c-06f5698ffbd9}","eventID":"1","version":"5","level":"4","task":"1","opcode":"0","keywords":"0x8000000000000000","systemTime":"2026-02-04T03:33:54.2461501Z","eventRecordID":"2747","processID":"2824","threadID":"3588","channel":"Microsoft-Windows-Sysmon/Operational","computer":"WinDev2308Eval","severityValue":"INFORMATION","message":"\"Process Create:\r\nRuleName: -\r\nUtcTime: 2026-02-04 03:33:54.237\r\nProcessGuid: {de7f78ee-be22-6982-8f08-000000001e00}\r\nProcessId: 724\r\nImage: C:\\Program Files (x86)\\Microsoft\\Edge\\Application\\msedge.exe\r\nFileVersion: 144.0.3719.104\r\nDescription: Microsoft Edge\r\nProduct: Microsoft Edge\r\nCompany: Microsoft Corporation\r\nOriginalFileName: msedge.exe\r\nCommandLine: \"C:\\Program Files (x86)\\Microsoft\\Edge\\Application\\msedge.exe\" --type=utility --utility-sub-type=entity_extraction_service.mojom.Extractor --lang=en-US --service-sandbox-type=entity_extraction --onnx-enabled-for-ee --noerrdialogs --user-data-dir=\"C:\\Users\\SECRET~1\\AppData\\Local\\Temp\\scoped_dir6216_650965905\" --skip-read-main-dll --field-trial-handle=2436,i,14337498407806940781,10433881642979078379,262144 --enable-features=msMetricsLogFastStartup,msSendMetricsLogOnClose --disable-features=IgnoreDuplicateNavs,PaintHolding,Prewarm --variations-seed-version --trace-process-track-uuid=3190708999430457380 --enable-logging=handle --log-file=5704 --log-level=0 --mojo-platform-channel-handle=4136 /prefetch:14\r\nCurrentDirectory: C:\\Program Files (x86)\\Microsoft\\Edge\\Application\\144.0.3719.104\\\r\nUser: WINDEV2308EVAL\\Secretary\r\nLogonGuid: {de7f78ee-4b47-6982-f4f1-3d0000000000}\r\nLogonId: 0x3DF1F4\r\nTerminalSessionId: 2\r\nIntegrityLevel: Low\r\nHashes: SHA256=C93DB508A45D9D394C38BA5BDC9A131C4CA09D4BF96EED2AD4794E10E359D2B8\r\nParentProcessGuid: {de7f78ee-be19-6982-8108-000000001e00}\r\nParentProcessId: 1844\r\nParentImage: C:\\Program Files (x86)\\Microsoft\\Edge\\Application\\msedge.exe\r\nParentCommandLine: \"C:\\Program Files (x86)\\Microsoft\\Edge\\Application\\msedge.exe\" --allow-pre-commit-input --disable-background-networking --disable-backgrounding-occluded-windows --disable-client-side-phishing-detection --disable-default-apps --disable-features=IgnoreDuplicateNavs,Prewarm --disable-hang-monitor --disable-popup-blocking --disable-prompt-on-repost --disable-sync --edge-skip-compat-layer-relaunch --enable-automation --enable-logging --headless --log-level=0 --no-first-run --no-service-autorun --password-store=basic --remote-debugging-port=0 --start-maximized --test-type=webdriver --use-mock-keychain --user-data-dir=\"C:\\Users\\SECRET~1\\AppData\\Local\\Temp\\scoped_dir6216_650965905\" --window-size=1920,1080 data:,\r\nParentUser: WINDEV2308EVAL\\Secretary\""},"eventdata":{"utcTime":"2026-02-04 03:33:54.237","processGuid":"{de7f78ee-be22-6982-8f08-000000001e00}","processId":"724","image":"C:\\\\Program Files (x86)\\\\Microsoft\\\\Edge\\\\Application\\\\msedge.exe","fileVersion":"144.0.3719.104","description":"Microsoft Edge","product":"Microsoft Edge","company":"Microsoft Corporation","originalFileName":"msedge.exe","commandLine":"\\\"C:\\\\Program Files (x86)\\\\Microsoft\\\\Edge\\\\Application\\\\msedge.exe\\\" --type=utility --utility-sub-type=entity_extraction_service.mojom.Extractor --lang=en-US --service-sandbox-type=entity_extraction --onnx-enabled-for-ee --noerrdialogs --user-data-dir=\\\"C:\\\\Users\\\\SECRET~1\\\\AppData\\\\Local\\\\Temp\\\\scoped_dir6216_650965905\\\" --skip-read-main-dll --field-trial-handle=2436,i,14337498407806940781,10433881642979078379,262144 --enable-features=msMetricsLogFastStartup,msSendMetricsLogOnClose --disable-features=IgnoreDuplicateNavs,PaintHolding,Prewarm --variations-seed-version --trace-process-track-uuid=3190708999430457380 --enable-logging=handle --log-file=5704 --log-level=0 --mojo-platform-channel-handle=4136 /prefetch:14","currentDirectory":"C:\\\\Program Files (x86)\\\\Microsoft\\\\Edge\\\\Application\\\\144.0.3719.104\\\\","user":"WINDEV2308EVAL\\\\Secretary","logonGuid":"{de7f78ee-4b47-6982-f4f1-3d0000000000}","logonId":"0x3df1f4","terminalSessionId":"2","integrityLevel":"Low","hashes":"SHA256=C93DB508A45D9D394C38BA5BDC9A131C4CA09D4BF96EED2AD4794E10E359D2B8","parentProcessGuid":"{de7f78ee-be19-6982-8108-000000001e00}","parentProcessId":"1844","parentImage":"C:\\\\Program Files (x86)\\\\Microsoft\\\\Edge\\\\Application\\\\msedge.exe","parentCommandLine":"\\\"C:\\\\Program Files (x86)\\\\Microsoft\\\\Edge\\\\Application\\\\msedge.exe\\\" --allow-pre-commit-input --disable-background-networking --disable-backgrounding-occluded-windows --disable-client-side-phishing-detection --disable-default-apps --disable-features=IgnoreDuplicateNavs,Prewarm --disable-hang-monitor --disable-popup-blocking --disable-prompt-on-repost --disable-sync --edge-skip-compat-layer-relaunch --enable-automation --enable-logging --headless --log-level=0 --no-first-run --no-service-autorun --password-store=basic --remote-debugging-port=0 --start-maximized --test-type=webdriver --use-mock-keychain --user-data-dir=\\\"C:\\\\Users\\\\SECRET~1\\\\AppData\\\\Local\\\\Temp\\\\scoped_dir6216_650965905\\\" --window-size=1920,1080 data:,","parentUser":"WINDEV2308EVAL\\\\Secretary"}}}
2026 Feb 03 20:43:08 (OPNsense.localdomain) any->/var/ossec/logs/opnsense_syslog.log Feb  3 19:20:38 OPNsense.localdomain filterlog[44472]: 118,,,6125cb207f65033775d1069fdf6d0ccf,vtnet0,match,pass,out,4,0x0,,64,0,0,DF,17,udp,80,203.0.213.2,193.205.160.139,34768,53,60
2026 Feb 03 20:43:08 (Secretary-Windows) any->EventChannel {"win":{"system":{"providerName":"Microsoft-Windows-Security-Auditing","providerGuid":"{54849625-5478-4994-a5ba-3e3b0328c30d}","eventID":"5381","version":"0","level":"0","task":"13824","opcode":"0","keywords":"0x8020000000000000","systemTime":"2026-02-04T04:09:39.4259427Z","eventRecordID":"52014","processID":"764","threadID":"5740","channel":"Security","computer":"WinDev2308Eval","severityValue":"AUDIT_SUCCESS","message":"\"Vault credentials were read.\r\n\r\nSubject:\r\n\tSecurity ID:\t\tS-1-5-21-3116511072-3024718013-308258476-1001\r\n\tAccount Name:\t\tSecretary\r\n\tAccount Domain:\t\tWINDEV2308EVAL\r\n\tLogon ID:\t\t0x3DF1F4\r\n\r\nThis event occurs when a user enumerates stored vault credentials.\""},"eventdata":{"subjectUserSid":"S-1-5-21-3116511072-3024718013-308258476-1001","subjectUserName":"Secretary","subjectDomainName":"WINDEV2308EVAL","subjectLogonId":"0x3df1f4","flags":"512","countOfCredentialsReturned":"2","processCreationTime":"2026-02-04T04:09:38.9266796Z","clientProcessId":"1480"}}}
2026 Feb 03 20:43:08 (OPNsense.localdomain) any->/var/ossec/logs/opnsense_syslog.log Feb  3 19:20:38 OPNsense.localdomain filterlog[44472]: 118,,,6125cb207f65033775d1069fdf6d0ccf,vtnet0,match,pass,out,4,0x0,,64,0,0,DF,17,udp,80,203.0.213.2,193.205.160.139,34760,53,60
2026 Feb 03 20:43:08 (OPNsense.localdomain) any->/var/ossec/logs/opnsense_syslog.log Feb  3 19:20:38 OPNsense.localdomain filterlog[44472]: 118,,,6125cb207f65033775d1069fdf6d0ccf,vtnet0,match,pass,out,4,0xb8,,64,17607,0,none,17,udp,76,203.0.213.2,162.159.200.123,123,123,56
2026 Feb 03 20:43:08 (OPNsense.localdomain) any->/var/ossec/logs/opnsense_syslog.log Feb  3 19:20:38 OPNsense.localdomain filterlog[44472]: 24,,,02f4bab031b57d1e30553ce08e0ec131,vlan0.40,match,block,in,4,0x0,,128,23912,0,none,17,udp,78,10.0.40.13,10.0.40.255,137,137,58
2026 Feb 03 20:43:08 (OPNsense.localdomain) any->/var/ossec/logs/opnsense_syslog.log Feb  3 19:20:39 OPNsense.localdomain filterlog[44472]: 24,,,02f4bab031b57d1e30553ce08e0ec131,vlan0.40,match,block,in,4,0x0,,128,23913,0,none,17,udp,78,10.0.40.13,10.0.40.255,137,137,58
2026 Feb 03 20:43:08 (OPNsense.localdomain) any->/var/ossec/logs/opnsense_syslog.log Feb  3 19:20:40 OPNsense.localdomain filterlog[44472]: 118,,,6125cb207f65033775d1069fdf6d0ccf,vtnet0,match,pass,out,4,0xb8,,64,55386,0,none,17,udp,76,203.0.213.2,5.249.149.252,123,123,56
2026 Feb 03 20:43:08 (OPNsense.localdomain) any->/var/ossec/logs/opnsense_syslog.log Feb  3 19:20:41 OPNsense.localdomain filterlog[44472]: 24,,,02f4bab031b57d1e30553ce08e0ec131,vlan0.40,match,block,in,4,0x0,,128,23914,0,none,17,udp,78,10.0.40.13,10.0.40.255,137,137,58
2026 Feb 03 20:43:08 (OPNsense.localdomain) any->/var/ossec/logs/opnsense_syslog.log Feb  3 19:20:39 OPNsense.localdomain filterlog[44472]: 24,,,02f4bab031b57d1e30553ce08e0ec131,vlan0.40,match,block,in,4,0x0,,128,23913,0,none,17,udp,78,10.0.40.13,10.0.40.255,137,137,58
2026 Feb 03 20:43:08 (OPNsense.localdomain) any->/var/ossec/logs/opnsense_syslog.log Feb  3 19:20:38 OPNsense.localdomain filterlog[44472]: 24,,,02f4bab031b57d1e30553ce08e0ec131,vlan0.40,match,block,in,4,0x0,,128,23912,0,none,17,udp,78,10.0.40.13,10.0.40.255,137,137,58
2026 Feb 03 20:43:08 (Secretary-Windows) any->EventChannel {"win":{"system":{"providerName":"Microsoft-Windows-Security-Auditing","providerGuid":"{54849625-5478-4994-a5ba-3e3b0328c30d}","eventID":"4634","version":"0","level":"0","task":"12545","opcode":"0","keywords":"0x8020000000000000","systemTime":"2026-02-04T04:10:23.1838335Z","eventRecordID":"52015","processID":"764","threadID":"5740","channel":"Security","computer":"WinDev2308Eval","severityValue":"AUDIT_SUCCESS","message":"\"An account was logged off.\r\n\r\nSubject:\r\n\tSecurity ID:\t\tS-1-5-111-3847866527-469524349-687026318-516638107-1125189541-6736\r\n\tAccount Name:\t\tsshd_6736\r\n\tAccount Domain:\t\tVIRTUAL USERS\r\n\tLogon ID:\t\t0x103CDEB\r\n\r\nLogon Type:\t\t\t5\r\n\r\nThis event is generated when a logon session is destroyed. It may be positively correlated with a logon event using the Logon ID value. Logon IDs are only unique between reboots on the same computer.\""},"eventdata":{"targetUserSid":"S-1-5-111-3847866527-469524349-687026318-516638107-1125189541-6736","targetUserName":"sshd_6736","targetDomainName":"VIRTUAL USERS","targetLogonId":"0x103cdeb","logonType":"5"}}}
2026 Feb 03 20:43:08 (Secretary-Windows) any->EventChannel {"win":{"system":{"providerName":"Microsoft-Windows-Security-Auditing","providerGuid":"{54849625-5478-4994-a5ba-3e3b0328c30d}","eventID":"4634","version":"0","level":"0","task":"12545","opcode":"0","keywords":"0x8020000000000000","systemTime":"2026-02-04T04:10:23.1845499Z","eventRecordID":"52016","processID":"764","threadID":"7592","channel":"Security","computer":"WinDev2308Eval","severityValue":"AUDIT_SUCCESS","message":"\"An account was logged off.\r\n\r\nSubject:\r\n\tSecurity ID:\t\tS-1-5-21-3116511072-3024718013-308258476-1001\r\n\tAccount Name:\t\tSecretary\r\n\tAccount Domain:\t\tWINDEV2308EVAL\r\n\tLogon ID:\t\t0x103D122\r\n\r\nLogon Type:\t\t\t3\r\n\r\nThis event is generated when a logon session is destroyed. It may be positively correlated with a logon event using the Logon ID value. Logon IDs are only unique between reboots on the same computer.\""},"eventdata":{"targetUserSid":"S-1-5-21-3116511072-3024718013-308258476-1001","targetUserName":"Secretary","targetDomainName":"WINDEV2308EVAL","targetLogonId":"0x103d122","logonType":"3"}}}
