2026 Feb 03 20:43:13 (Secretary-Windows) any->EventChannel {"win":{"system":{"providerName":"Microsoft-Windows-Sysmon","providerGuid":"{5770385f-c22a-43e0-bf4c-06f5698ffbd9}","eventID":"1","version":"5","level":"4","task":"1","opcode":"0","keywords":"0x8000000000000000","systemTime":"2026-02-04T03:53:12.1627868Z","eventRecordID":"3006","processID":"2824","threadID":"3588","channel":"Microsoft-Windows-Sysmon/Operational","computer":"WinDev2308Eval","severityValue":"INFORMATION","message":"\"Process Create:\r\nRuleName: -\r\nUtcTime: 2026-02-04 03:53:12.147\r\nProcessGuid: {de7f78ee-c2a8-6982-0909-000000001e00}\r\nProcessId: 4580\r\nImage: C:\\Windows\\System32\\taskkill.exe\r\nFileVersion: 10.0.22621.1 (WinBuild.160101.0800)\r\nDescription: Terminates Processes\r\nProduct: Microsoft® Windows® Operating System\r\nCompany: Microsoft Corporation\r\nOriginalFileName: taskkill.exe\r\nCommandLine: taskkill  /IM AcroRd32.exe /F /T \r\nCurrentDirectory: C:\\Users\\Secretary\\user_behavior_generation\\worker\\\r\nUser: WINDEV2308EVAL\\Secretary\r\nLogonGuid: {de7f78ee-4b47-6982-f4f1-3d0000000000}\r\nLogonId: 0x3DF1F4\r\nTerminalSessionId: 2\r\nIntegrityLevel: Medium\r\nHashes: SHA256=75F4AED9BF21D8F9B2B1A2DDBC1F2C7E4E0AEF8B3B94BD5EDA02D9D84C34F33F\r\nParentProcessGuid: {de7f78ee-c288-6982-fd08-000000001e00}\r\nParentProcessId: 4456\r\nParentImage: C:\\Windows\\System32\\cmd.exe\r\nParentCommandLine: C:\\Windows\\SYSTEM32\\cmd.exe /c \"\"C:\\Users\\Secretary\\user_behavior_generation\\worker\\browser_task.bat\"\"\r\nParentUser: WINDEV2308EVAL\\Secretary\""},"eventdata":{"utcTime":"2026-02-04 03:53:12.147","processGuid":"{de7f78ee-c2a8-6982-0909-000000001e00}","processId":"4580","image":"C:\\\\Windows\\\\System32\\\\taskkill.exe","fileVersion":"10.0.22621.1 (WinBuild.160101.0800)","description":"Terminates Processes","product":"Microsoft® Windows® Operating System","company":"Microsoft Corporation","originalFileName":"taskkill.exe","commandLine":"taskkill  /IM AcroRd32.exe /F /T","currentDirectory":"C:\\\\Users\\\\Secretary\\\\user_behavior_generation\\\\worker\\\\","user":"WINDEV2308EVAL\\\\Secretary","logonGuid":"{de7f78ee-4b47-6982-f4f1-3d0000000000}","logonId":"0x3df1f4","terminalSessionId":"2","integrityLevel":"Medium","hashes":"SHA256=75F4AED9BF21D8F9B2B1A2DDBC1F2C7E4E0AEF8B3B94BD5EDA02D9D84C34F33F","parentProcessGuid":"{de7f78ee-c288-6982-fd08-000000001e00}","parentProcessId":"4456","parentImage":"C:\\\\Windows\\\\System32\\\\cmd.exe","parentCommandLine":"C:\\\\Windows\\\\SYSTEM32\\\\cmd.exe /c \\\"\\\"C:\\\\Users\\\\Secretary\\\\user_behavior_generation\\\\worker\\\\browser_task.bat\\\"\\\"","parentUser":"WINDEV2308EVAL\\\\Secretary"}}}
2026 Feb 03 20:43:13 (Secretary-Windows) any->EventChannel {"win":{"system":{"providerName":"Microsoft-Windows-Sysmon","providerGuid":"{5770385f-c22a-43e0-bf4c-06f5698ffbd9}","eventID":"1","version":"5","level":"4","task":"1","opcode":"0","keywords":"0x8000000000000000","systemTime":"2026-02-04T03:53:12.3429562Z","eventRecordID":"3007","processID":"2824","threadID":"3588","channel":"Microsoft-Windows-Sysmon/Operational","computer":"WinDev2308Eval","severityValue":"INFORMATION","message":"\"Process Create:\r\nRuleName: -\r\nUtcTime: 2026-02-04 03:53:12.335\r\nProcessGuid: {de7f78ee-c2a8-6982-0a09-000000001e00}\r\nProcessId: 8012\r\nImage: C:\\Windows\\System32\\wbem\\WmiPrvSE.exe\r\nFileVersion: 10.0.22621.1 (WinBuild.160101.0800)\r\nDescription: WMI Provider Host\r\nProduct: Microsoft® Windows® Operating System\r\nCompany: Microsoft Corporation\r\nOriginalFileName: Wmiprvse.exe\r\nCommandLine: C:\\Windows\\system32\\wbem\\wmiprvse.exe -secured -Embedding\r\nCurrentDirectory: C:\\Windows\\system32\\\r\nUser: NT AUTHORITY\\NETWORK SERVICE\r\nLogonGuid: {de7f78ee-0036-6980-e403-000000000000}\r\nLogonId: 0x3E4\r\nTerminalSessionId: 0\r\nIntegrityLevel: System\r\nHashes: SHA256=196CABED59111B6C4BBF78C84A56846D96CBBC4F06935A4FD4E6432EF0AE4083\r\nParentProcessGuid: {de7f78ee-0035-6980-0f00-000000001e00}\r\nParentProcessId: 896\r\nParentImage: C:\\Windows\\System32\\svchost.exe\r\nParentCommandLine: C:\\Windows\\system32\\svchost.exe -k DcomLaunch -p\r\nParentUser: NT AUTHORITY\\SYSTEM\""},"eventdata":{"utcTime":"2026-02-04 03:53:12.335","processGuid":"{de7f78ee-c2a8-6982-0a09-000000001e00}","processId":"8012","image":"C:\\\\Windows\\\\System32\\\\wbem\\\\WmiPrvSE.exe","fileVersion":"10.0.22621.1 (WinBuild.160101.0800)","description":"WMI Provider Host","product":"Microsoft® Windows® Operating System","company":"Microsoft Corporation","originalFileName":"Wmiprvse.exe","commandLine":"C:\\\\Windows\\\\system32\\\\wbem\\\\wmiprvse.exe -secured -Embedding","currentDirectory":"C:\\\\Windows\\\\system32\\\\","user":"NT AUTHORITY\\\\NETWORK SERVICE","logonGuid":"{de7f78ee-0036-6980-e403-000000000000}","logonId":"0x3e4","terminalSessionId":"0","integrityLevel":"System","hashes":"SHA256=196CABED59111B6C4BBF78C84A56846D96CBBC4F06935A4FD4E6432EF0AE4083","parentProcessGuid":"{de7f78ee-0035-6980-0f00-000000001e00}","parentProcessId":"896","parentImage":"C:\\\\Windows\\\\System32\\\\svchost.exe","parentCommandLine":"C:\\\\Windows\\\\system32\\\\svchost.exe -k DcomLaunch -p","parentUser":"NT AUTHORITY\\\\SYSTEM"}}}
2026 Feb 03 20:43:13 (Secretary-Windows) any->EventChannel {"win":{"system":{"providerName":"Microsoft-Windows-Sysmon","providerGuid":"{5770385f-c22a-43e0-bf4c-06f5698ffbd9}","eventID":"5","version":"3","level":"4","task":"5","opcode":"0","keywords":"0x8000000000000000","systemTime":"2026-02-04T03:53:12.5008969Z","eventRecordID":"3008","processID":"2824","threadID":"3588","channel":"Microsoft-Windows-Sysmon/Operational","computer":"WinDev2308Eval","severityValue":"INFORMATION","message":"\"Process terminated:\r\nRuleName: -\r\nUtcTime: 2026-02-04 03:53:12.497\r\nProcessGuid: {de7f78ee-c2a8-6982-0909-000000001e00}\r\nProcessId: 4580\r\nImage: C:\\Windows\\System32\\taskkill.exe\r\nUser: WINDEV2308EVAL\\Secretary\""},"eventdata":{"utcTime":"2026-02-04 03:53:12.497","processGuid":"{de7f78ee-c2a8-6982-0909-000000001e00}","processId":"4580","image":"C:\\\\Windows\\\\System32\\\\taskkill.exe","user":"WINDEV2308EVAL\\\\Secretary"}}}
2026 Feb 03 20:43:13 (OPNsense.localdomain) any->syscollector {"data":{"architecture":"amd64","checksum":"2a9326d09620070b411ce2cfb94886f402c421b9","description":"MIT implementation of RFC 4120 network authentication service","format":"pkg","groups":" ","install_time":"1721738657","item_id":"b2ffcb833c7068169d7624baf1626e72652c2a50","location":" ","name":"krb5","priority":" ","scan_time":"2026/02/03 19:12:07","size":"4054118","source":"OPNsense","vendor":"cy@FreeBSD.org","version":"1.21.3"},"operation":"MODIFIED","type":"dbsync_packages"}
2026 Feb 03 20:43:13 (Secretary-Windows) any->EventChannel {"win":{"system":{"providerName":"Microsoft-Windows-Sysmon","providerGuid":"{5770385f-c22a-43e0-bf4c-06f5698ffbd9}","eventID":"1","version":"5","level":"4","task":"1","opcode":"0","keywords":"0x8000000000000000","systemTime":"2026-02-04T03:53:12.5121086Z","eventRecordID":"3009","processID":"2824","threadID":"3588","channel":"Microsoft-Windows-Sysmon/Operational","computer":"WinDev2308Eval","severityValue":"INFORMATION","message":"\"Process Create:\r\nRuleName: -\r\nUtcTime: 2026-02-04 03:53:12.506\r\nProcessGuid: {de7f78ee-c2a8-6982-0b09-000000001e00}\r\nProcessId: 3304\r\nImage: C:\\Windows\\System32\\taskkill.exe\r\nFileVersion: 10.0.22621.1 (WinBuild.160101.0800)\r\nDescription: Terminates Processes\r\nProduct: Microsoft® Windows® Operating System\r\nCompany: Microsoft Corporation\r\nOriginalFileName: taskkill.exe\r\nCommandLine: taskkill  /IM msedge.exe /F /T \r\nCurrentDirectory: C:\\Users\\Secretary\\user_behavior_generation\\worker\\\r\nUser: WINDEV2308EVAL\\Secretary\r\nLogonGuid: {de7f78ee-4b47-6982-f4f1-3d0000000000}\r\nLogonId: 0x3DF1F4\r\nTerminalSessionId: 2\r\nIntegrityLevel: Medium\r\nHashes: SHA256=75F4AED9BF21D8F9B2B1A2DDBC1F2C7E4E0AEF8B3B94BD5EDA02D9D84C34F33F\r\nParentProcessGuid: {de7f78ee-c288-6982-fd08-000000001e00}\r\nParentProcessId: 4456\r\nParentImage: C:\\Windows\\System32\\cmd.exe\r\nParentCommandLine: C:\\Windows\\SYSTEM32\\cmd.exe /c \"\"C:\\Users\\Secretary\\user_behavior_generation\\worker\\browser_task.bat\"\"\r\nParentUser: WINDEV2308EVAL\\Secretary\""},"eventdata":{"utcTime":"2026-02-04 03:53:12.506","processGuid":"{de7f78ee-c2a8-6982-0b09-000000001e00}","processId":"3304","image":"C:\\\\Windows\\\\System32\\\\taskkill.exe","fileVersion":"10.0.22621.1 (WinBuild.160101.0800)","description":"Terminates Processes","product":"Microsoft® Windows® Operating System","company":"Microsoft Corporation","originalFileName":"taskkill.exe","commandLine":"taskkill  /IM msedge.exe /F /T","currentDirectory":"C:\\\\Users\\\\Secretary\\\\user_behavior_generation\\\\worker\\\\","user":"WINDEV2308EVAL\\\\Secretary","logonGuid":"{de7f78ee-4b47-6982-f4f1-3d0000000000}","logonId":"0x3df1f4","terminalSessionId":"2","integrityLevel":"Medium","hashes":"SHA256=75F4AED9BF21D8F9B2B1A2DDBC1F2C7E4E0AEF8B3B94BD5EDA02D9D84C34F33F","parentProcessGuid":"{de7f78ee-c288-6982-fd08-000000001e00}","parentProcessId":"4456","parentImage":"C:\\\\Windows\\\\System32\\\\cmd.exe","parentCommandLine":"C:\\\\Windows\\\\SYSTEM32\\\\cmd.exe /c \\\"\\\"C:\\\\Users\\\\Secretary\\\\user_behavior_generation\\\\worker\\\\browser_task.bat\\\"\\\"","parentUser":"WINDEV2308EVAL\\\\Secretary"}}}
2026 Feb 03 20:43:13 (Secretary-Windows) any->EventChannel {"win":{"system":{"providerName":"Microsoft-Windows-Sysmon","providerGuid":"{5770385f-c22a-43e0-bf4c-06f5698ffbd9}","eventID":"5","version":"3","level":"4","task":"5","opcode":"0","keywords":"0x8000000000000000","systemTime":"2026-02-04T03:53:12.6479289Z","eventRecordID":"3010","processID":"2824","threadID":"3588","channel":"Microsoft-Windows-Sysmon/Operational","computer":"WinDev2308Eval","severityValue":"INFORMATION","message":"\"Process terminated:\r\nRuleName: -\r\nUtcTime: 2026-02-04 03:53:12.638\r\nProcessGuid: {de7f78ee-c2a8-6982-0b09-000000001e00}\r\nProcessId: 3304\r\nImage: C:\\Windows\\System32\\taskkill.exe\r\nUser: WINDEV2308EVAL\\Secretary\""},"eventdata":{"utcTime":"2026-02-04 03:53:12.638","processGuid":"{de7f78ee-c2a8-6982-0b09-000000001e00}","processId":"3304","image":"C:\\\\Windows\\\\System32\\\\taskkill.exe","user":"WINDEV2308EVAL\\\\Secretary"}}}
2026 Feb 03 20:43:13 (Secretary-Windows) any->EventChannel {"win":{"system":{"providerName":"Microsoft-Windows-Sysmon","providerGuid":"{5770385f-c22a-43e0-bf4c-06f5698ffbd9}","eventID":"5","version":"3","level":"4","task":"5","opcode":"0","keywords":"0x8000000000000000","systemTime":"2026-02-04T03:53:12.6583716Z","eventRecordID":"3011","processID":"2824","threadID":"3588","channel":"Microsoft-Windows-Sysmon/Operational","computer":"WinDev2308Eval","severityValue":"INFORMATION","message":"\"Process terminated:\r\nRuleName: -\r\nUtcTime: 2026-02-04 03:53:12.654\r\nProcessGuid: {de7f78ee-c288-6982-fd08-000000001e00}\r\nProcessId: 4456\r\nImage: C:\\Windows\\System32\\cmd.exe\r\nUser: WINDEV2308EVAL\\Secretary\""},"eventdata":{"utcTime":"2026-02-04 03:53:12.654","processGuid":"{de7f78ee-c288-6982-fd08-000000001e00}","processId":"4456","image":"C:\\\\Windows\\\\System32\\\\cmd.exe","user":"WINDEV2308EVAL\\\\Secretary"}}}
2026 Feb 03 20:43:13 (Secretary-Windows) any->EventChannel {"win":{"system":{"providerName":"Microsoft-Windows-Sysmon","providerGuid":"{5770385f-c22a-43e0-bf4c-06f5698ffbd9}","eventID":"5","version":"3","level":"4","task":"5","opcode":"0","keywords":"0x8000000000000000","systemTime":"2026-02-04T03:53:12.6658755Z","eventRecordID":"3012","processID":"2824","threadID":"3588","channel":"Microsoft-Windows-Sysmon/Operational","computer":"WinDev2308Eval","severityValue":"INFORMATION","message":"\"Process terminated:\r\nRuleName: -\r\nUtcTime: 2026-02-04 03:53:12.654\r\nProcessGuid: {de7f78ee-c288-6982-ff08-000000001e00}\r\nProcessId: 5832\r\nImage: C:\\Program Files\\WindowsApps\\Microsoft.WindowsTerminal_1.23.20211.0_x64__8wekyb3d8bbwe\\OpenConsole.exe\r\nUser: WINDEV2308EVAL\\Secretary\""},"eventdata":{"utcTime":"2026-02-04 03:53:12.654","processGuid":"{de7f78ee-c288-6982-ff08-000000001e00}","processId":"5832","image":"C:\\\\Program Files\\\\WindowsApps\\\\Microsoft.WindowsTerminal_1.23.20211.0_x64__8wekyb3d8bbwe\\\\OpenConsole.exe","user":"WINDEV2308EVAL\\\\Secretary"}}}
2026 Feb 03 20:43:13 (Secretary-Windows) any->EventChannel {"win":{"system":{"providerName":"Microsoft-Windows-Sysmon","providerGuid":"{5770385f-c22a-43e0-bf4c-06f5698ffbd9}","eventID":"5","version":"3","level":"4","task":"5","opcode":"0","keywords":"0x8000000000000000","systemTime":"2026-02-04T03:53:12.6844650Z","eventRecordID":"3013","processID":"2824","threadID":"3588","channel":"Microsoft-Windows-Sysmon/Operational","computer":"WinDev2308Eval","severityValue":"INFORMATION","message":"\"Process terminated:\r\nRuleName: -\r\nUtcTime: 2026-02-04 03:53:12.669\r\nProcessGuid: {de7f78ee-c288-6982-fe08-000000001e00}\r\nProcessId: 1404\r\nImage: C:\\Windows\\System32\\conhost.exe\r\nUser: WINDEV2308EVAL\\Secretary\""},"eventdata":{"utcTime":"2026-02-04 03:53:12.669","processGuid":"{de7f78ee-c288-6982-fe08-000000001e00}","processId":"1404","image":"C:\\\\Windows\\\\System32\\\\conhost.exe","user":"WINDEV2308EVAL\\\\Secretary"}}}
2026 Feb 03 20:43:13 (Secretary-Windows) any->EventChannel {"win":{"system":{"providerName":"Microsoft-Windows-Sysmon","providerGuid":"{5770385f-c22a-43e0-bf4c-06f5698ffbd9}","eventID":"5","version":"3","level":"4","task":"5","opcode":"0","keywords":"0x8000000000000000","systemTime":"2026-02-04T03:53:12.8156773Z","eventRecordID":"3014","processID":"2824","threadID":"3588","channel":"Microsoft-Windows-Sysmon/Operational","computer":"WinDev2308Eval","severityValue":"INFORMATION","message":"\"Process terminated:\r\nRuleName: -\r\nUtcTime: 2026-02-04 03:53:12.810\r\nProcessGuid: {de7f78ee-c289-6982-0209-000000001e00}\r\nProcessId: 7988\r\nImage: C:\\Program Files\\WindowsApps\\Microsoft.WindowsTerminal_1.23.20211.0_x64__8wekyb3d8bbwe\\WindowsTerminal.exe\r\nUser: WINDEV2308EVAL\\Secretary\""},"eventdata":{"utcTime":"2026-02-04 03:53:12.810","processGuid":"{de7f78ee-c289-6982-0209-000000001e00}","processId":"7988","image":"C:\\\\Program Files\\\\WindowsApps\\\\Microsoft.WindowsTerminal_1.23.20211.0_x64__8wekyb3d8bbwe\\\\WindowsTerminal.exe","user":"WINDEV2308EVAL\\\\Secretary"}}}
2026 Feb 03 20:43:13 (Secretary-Windows) any->EventChannel {"win":{"system":{"providerName":"Microsoft-Windows-Sysmon","providerGuid":"{5770385f-c22a-43e0-bf4c-06f5698ffbd9}","eventID":"5","version":"3","level":"4","task":"5","opcode":"0","keywords":"0x8000000000000000","systemTime":"2026-02-04T03:53:40.1812975Z","eventRecordID":"3015","processID":"2824","threadID":"3588","channel":"Microsoft-Windows-Sysmon/Operational","computer":"WinDev2308Eval","severityValue":"INFORMATION","message":"\"Process terminated:\r\nRuleName: -\r\nUtcTime: 2026-02-04 03:53:40.179\r\nProcessGuid: {de7f78ee-c287-6982-f908-000000001e00}\r\nProcessId: 4916\r\nImage: C:\\Windows\\System32\\OpenSSH\\sshd.exe\r\nUser: WINDEV2308EVAL\\Secretary\""},"eventdata":{"utcTime":"2026-02-04 03:53:40.179","processGuid":"{de7f78ee-c287-6982-f908-000000001e00}","processId":"4916","image":"C:\\\\Windows\\\\System32\\\\OpenSSH\\\\sshd.exe","user":"WINDEV2308EVAL\\\\Secretary"}}}
2026 Feb 03 20:43:13 (Secretary-Windows) any->EventChannel {"win":{"system":{"providerName":"Microsoft-Windows-Sysmon","providerGuid":"{5770385f-c22a-43e0-bf4c-06f5698ffbd9}","eventID":"5","version":"3","level":"4","task":"5","opcode":"0","keywords":"0x8000000000000000","systemTime":"2026-02-04T03:53:40.1872551Z","eventRecordID":"3016","processID":"2824","threadID":"3588","channel":"Microsoft-Windows-Sysmon/Operational","computer":"WinDev2308Eval","severityValue":"INFORMATION","message":"\"Process terminated:\r\nRuleName: -\r\nUtcTime: 2026-02-04 03:53:40.179\r\nProcessGuid: {de7f78ee-c287-6982-f708-000000001e00}\r\nProcessId: 7632\r\nImage: C:\\Windows\\System32\\OpenSSH\\sshd.exe\r\nUser: NT AUTHORITY\\SYSTEM\""},"eventdata":{"utcTime":"2026-02-04 03:53:40.179","processGuid":"{de7f78ee-c287-6982-f708-000000001e00}","processId":"7632","image":"C:\\\\Windows\\\\System32\\\\OpenSSH\\\\sshd.exe","user":"NT AUTHORITY\\\\SYSTEM"}}}
2026 Feb 03 20:43:13 (Secretary-Windows) any->EventChannel {"win":{"system":{"providerName":"Microsoft-Windows-Sysmon","providerGuid":"{5770385f-c22a-43e0-bf4c-06f5698ffbd9}","eventID":"5","version":"3","level":"4","task":"5","opcode":"0","keywords":"0x8000000000000000","systemTime":"2026-02-04T03:53:53.5981488Z","eventRecordID":"3017","processID":"2824","threadID":"3588","channel":"Microsoft-Windows-Sysmon/Operational","computer":"WinDev2308Eval","severityValue":"INFORMATION","message":"\"Process terminated:\r\nRuleName: -\r\nUtcTime: 2026-02-04 03:53:53.588\r\nProcessGuid: {de7f78ee-c288-6982-0109-000000001e00}\r\nProcessId: 4724\r\nImage: C:\\Windows\\System32\\SearchFilterHost.exe\r\nUser: NT AUTHORITY\\SYSTEM\""},"eventdata":{"utcTime":"2026-02-04 03:53:53.588","processGuid":"{de7f78ee-c288-6982-0109-000000001e00}","processId":"4724","image":"C:\\\\Windows\\\\System32\\\\SearchFilterHost.exe","user":"NT AUTHORITY\\\\SYSTEM"}}}
2026 Feb 03 20:43:13 (OPNsense.localdomain) any->syscollector {"data":{"architecture":"amd64","checksum":"d4a58b0f8f7b7937030a036ef322c2962c3ed632","description":"Library for programs conforming to DNS RFCs and drafts","format":"pkg","groups":" ","install_time":"1767391942","item_id":"271e809cc02fa4641f0cf283e7c2ae2887f3c6fe","location":" ","name":"ldns","priority":" ","scan_time":"2026/02/03 19:12:07","size":"2152407","source":"OPNsense","vendor":"jaap@NLnetLabs.nl","version":"1.8.4"},"operation":"MODIFIED","type":"dbsync_packages"}
2026 Feb 03 20:43:13 (Secretary-Windows) any->syscollector {"data":{"architecture":"x86_64","checksum":"1770180187174646700","hostname":"WINDEV2308EVAL","os_build":"22621.6060","os_display_version":"22H2","os_major":"10","os_minor":"0","os_name":"Microsoft Windows 11 Enterprise Evaluation","os_platform":"windows","os_release":"2009","os_version":"10.0.22621.6060","release":"10.0.22621.6060","scan_time":"2026/02/04 03:12:06"},"operation":"MODIFIED","type":"dbsync_osinfo"}
2026 Feb 03 20:43:13 (Secretary-Windows) any->EventChannel {"win":{"system":{"providerName":"Microsoft-Windows-Sysmon","providerGuid":"{5770385f-c22a-43e0-bf4c-06f5698ffbd9}","eventID":"5","version":"3","level":"4","task":"5","opcode":"0","keywords":"0x8000000000000000","systemTime":"2026-02-04T03:54:00.0333258Z","eventRecordID":"3018","processID":"2824","threadID":"3588","channel":"Microsoft-Windows-Sysmon/Operational","computer":"WinDev2308Eval","severityValue":"INFORMATION","message":"\"Process terminated:\r\nRuleName: -\r\nUtcTime: 2026-02-04 03:54:00.025\r\nProcessGuid: {de7f78ee-c299-6982-0709-000000001e00}\r\nProcessId: 6000\r\nImage: C:\\Windows\\System32\\printfilterpipelinesvc.exe\r\nUser: NT AUTHORITY\\LOCAL SERVICE\""},"eventdata":{"utcTime":"2026-02-04 03:54:00.025","processGuid":"{de7f78ee-c299-6982-0709-000000001e00}","processId":"6000","image":"C:\\\\Windows\\\\System32\\\\printfilterpipelinesvc.exe","user":"NT AUTHORITY\\\\LOCAL SERVICE"}}}
2026 Feb 03 20:43:13 (Secretary-Windows) any->EventChannel {"win":{"system":{"providerName":"Microsoft-Windows-Sysmon","providerGuid":"{5770385f-c22a-43e0-bf4c-06f5698ffbd9}","eventID":"5","version":"3","level":"4","task":"5","opcode":"0","keywords":"0x8000000000000000","systemTime":"2026-02-04T03:54:07.2215144Z","eventRecordID":"3019","processID":"2824","threadID":"3588","channel":"Microsoft-Windows-Sysmon/Operational","computer":"WinDev2308Eval","severityValue":"INFORMATION","message":"\"Process terminated:\r\nRuleName: -\r\nUtcTime: 2026-02-04 03:54:07.213\r\nProcessGuid: {de7f78ee-c288-6982-0009-000000001e00}\r\nProcessId: 7724\r\nImage: C:\\Windows\\System32\\SearchProtocolHost.exe\r\nUser: NT AUTHORITY\\SYSTEM\""},"eventdata":{"utcTime":"2026-02-04 03:54:07.213","processGuid":"{de7f78ee-c288-6982-0009-000000001e00}","processId":"7724","image":"C:\\\\Windows\\\\System32\\\\SearchProtocolHost.exe","user":"NT AUTHORITY\\\\SYSTEM"}}}
2026 Feb 03 20:43:13 (Secretary-Windows) any->EventChannel {"win":{"system":{"providerName":"Microsoft-Windows-Sysmon","providerGuid":"{5770385f-c22a-43e0-bf4c-06f5698ffbd9}","eventID":"5","version":"3","level":"4","task":"5","opcode":"0","keywords":"0x8000000000000000","systemTime":"2026-02-04T03:54:42.3325794Z","eventRecordID":"3020","processID":"2824","threadID":"3588","channel":"Microsoft-Windows-Sysmon/Operational","computer":"WinDev2308Eval","severityValue":"INFORMATION","message":"\"Process terminated:\r\nRuleName: -\r\nUtcTime: 2026-02-04 03:54:42.327\r\nProcessGuid: {de7f78ee-c2a8-6982-0a09-000000001e00}\r\nProcessId: 8012\r\nImage: C:\\Windows\\System32\\wbem\\WmiPrvSE.exe\r\nUser: NT AUTHORITY\\NETWORK SERVICE\""},"eventdata":{"utcTime":"2026-02-04 03:54:42.327","processGuid":"{de7f78ee-c2a8-6982-0a09-000000001e00}","processId":"8012","image":"C:\\\\Windows\\\\System32\\\\wbem\\\\WmiPrvSE.exe","user":"NT AUTHORITY\\\\NETWORK SERVICE"}}}
2026 Feb 03 20:43:13 (Secretary-Windows) any->EventChannel {"win":{"system":{"providerName":"Microsoft-Windows-Sysmon","providerGuid":"{5770385f-c22a-43e0-bf4c-06f5698ffbd9}","eventID":"1","version":"5","level":"4","task":"1","opcode":"0","keywords":"0x8000000000000000","systemTime":"2026-02-04T03:55:09.9467701Z","eventRecordID":"3021","processID":"2824","threadID":"3588","channel":"Microsoft-Windows-Sysmon/Operational","computer":"WinDev2308Eval","severityValue":"INFORMATION","message":"\"Process Create:\r\nRuleName: -\r\nUtcTime: 2026-02-04 03:55:09.940\r\nProcessGuid: {de7f78ee-c31d-6982-0c09-000000001e00}\r\nProcessId: 4200\r\nImage: C:\\Windows\\System32\\backgroundTaskHost.exe\r\nFileVersion: 10.0.22621.1 (WinBuild.160101.0800)\r\nDescription: Background Task Host\r\nProduct: Microsoft® Windows® Operating System\r\nCompany: Microsoft Corporation\r\nOriginalFileName: backgroundTaskHost.exe\r\nCommandLine: \"C:\\Windows\\system32\\backgroundTaskHost.exe\" -ServerName:Global.DesktopSpotlight.AppXz2j21w56bgxkgsjhtn7zkjsepq96erz2.mca\r\nCurrentDirectory: C:\\Windows\\SystemApps\\MicrosoftWindows.Client.CBS_cw5n1h2txyewy\\\r\nUser: WINDEV2308EVAL\\Secretary\r\nLogonGuid: {de7f78ee-4b47-6982-f4f1-3d0000000000}\r\nLogonId: 0x3DF1F4\r\nTerminalSessionId: 2\r\nIntegrityLevel: AppContainer\r\nHashes: SHA256=4C8915E07BE1904A3BC02E4F8DB0A80BB932CE610D97EABB9151B4E51F449980\r\nParentProcessGuid: {de7f78ee-0035-6980-0f00-000000001e00}\r\nParentProcessId: 896\r\nParentImage: C:\\Windows\\System32\\svchost.exe\r\nParentCommandLine: C:\\Windows\\system32\\svchost.exe -k DcomLaunch -p\r\nParentUser: NT AUTHORITY\\SYSTEM\""},"eventdata":{"utcTime":"2026-02-04 03:55:09.940","processGuid":"{de7f78ee-c31d-6982-0c09-000000001e00}","processId":"4200","image":"C:\\\\Windows\\\\System32\\\\backgroundTaskHost.exe","fileVersion":"10.0.22621.1 (WinBuild.160101.0800)","description":"Background Task Host","product":"Microsoft® Windows® Operating System","company":"Microsoft Corporation","originalFileName":"backgroundTaskHost.exe","commandLine":"\\\"C:\\\\Windows\\\\system32\\\\backgroundTaskHost.exe\\\" -ServerName:Global.DesktopSpotlight.AppXz2j21w56bgxkgsjhtn7zkjsepq96erz2.mca","currentDirectory":"C:\\\\Windows\\\\SystemApps\\\\MicrosoftWindows.Client.CBS_cw5n1h2txyewy\\\\","user":"WINDEV2308EVAL\\\\Secretary","logonGuid":"{de7f78ee-4b47-6982-f4f1-3d0000000000}","logonId":"0x3df1f4","terminalSessionId":"2","integrityLevel":"AppContainer","hashes":"SHA256=4C8915E07BE1904A3BC02E4F8DB0A80BB932CE610D97EABB9151B4E51F449980","parentProcessGuid":"{de7f78ee-0035-6980-0f00-000000001e00}","parentProcessId":"896","parentImage":"C:\\\\Windows\\\\System32\\\\svchost.exe","parentCommandLine":"C:\\\\Windows\\\\system32\\\\svchost.exe -k DcomLaunch -p","parentUser":"NT AUTHORITY\\\\SYSTEM"}}}
2026 Feb 03 20:43:13 (Secretary-Windows) any->EventChannel {"win":{"system":{"providerName":"Microsoft-Windows-Sysmon","providerGuid":"{5770385f-c22a-43e0-bf4c-06f5698ffbd9}","eventID":"1","version":"5","level":"4","task":"1","opcode":"0","keywords":"0x8000000000000000","systemTime":"2026-02-04T03:55:33.8634414Z","eventRecordID":"3022","processID":"2824","threadID":"3588","channel":"Microsoft-Windows-Sysmon/Operational","computer":"WinDev2308Eval","severityValue":"INFORMATION","message":"\"Process Create:\r\nRuleName: -\r\nUtcTime: 2026-02-04 03:55:33.856\r\nProcessGuid: {de7f78ee-c335-6982-0d09-000000001e00}\r\nProcessId: 7268\r\nImage: C:\\Windows\\System32\\sppsvc.exe\r\nFileVersion: 10.0.22621.6060 (WinBuild.160101.0800)\r\nDescription: Microsoft Software Protection Platform Service\r\nProduct: Microsoft® Windows® Operating System\r\nCompany: Microsoft Corporation\r\nOriginalFileName: sppsvc.exe\r\nCommandLine: C:\\Windows\\system32\\sppsvc.exe\r\nCurrentDirectory: C:\\Windows\r\nUser: NT AUTHORITY\\NETWORK SERVICE\r\nLogonGuid: {de7f78ee-0036-6980-e403-000000000000}\r\nLogonId: 0x3E4\r\nTerminalSessionId: 0\r\nIntegrityLevel: System\r\nHashes: SHA256=C1299A5A878871B0DA32BBC89239307054DD1B55092CFA53523CEA3041903FCA\r\nParentProcessGuid: {de7f78ee-0035-6980-0b00-000000001e00}\r\nParentProcessId: 748\r\nParentImage: C:\\Windows\\System32\\services.exe\r\nParentCommandLine: C:\\Windows\\system32\\services.exe\r\nParentUser: NT AUTHORITY\\SYSTEM\""},"eventdata":{"utcTime":"2026-02-04 03:55:33.856","processGuid":"{de7f78ee-c335-6982-0d09-000000001e00}","processId":"7268","image":"C:\\\\Windows\\\\System32\\\\sppsvc.exe","fileVersion":"10.0.22621.6060 (WinBuild.160101.0800)","description":"Microsoft Software Protection Platform Service","product":"Microsoft® Windows® Operating System","company":"Microsoft Corporation","originalFileName":"sppsvc.exe","commandLine":"C:\\\\Windows\\\\system32\\\\sppsvc.exe","currentDirectory":"C:\\\\Windows","user":"NT AUTHORITY\\\\NETWORK SERVICE","logonGuid":"{de7f78ee-0036-6980-e403-000000000000}","logonId":"0x3e4","terminalSessionId":"0","integrityLevel":"System","hashes":"SHA256=C1299A5A878871B0DA32BBC89239307054DD1B55092CFA53523CEA3041903FCA","parentProcessGuid":"{de7f78ee-0035-6980-0b00-000000001e00}","parentProcessId":"748","parentImage":"C:\\\\Windows\\\\System32\\\\services.exe","parentCommandLine":"C:\\\\Windows\\\\system32\\\\services.exe","parentUser":"NT AUTHORITY\\\\SYSTEM"}}}
2026 Feb 03 20:43:13 (Secretary-Windows) any->EventChannel {"win":{"system":{"providerName":"Microsoft-Windows-Sysmon","providerGuid":"{5770385f-c22a-43e0-bf4c-06f5698ffbd9}","eventID":"5","version":"3","level":"4","task":"5","opcode":"0","keywords":"0x8000000000000000","systemTime":"2026-02-04T03:56:04.5402892Z","eventRecordID":"3023","processID":"2824","threadID":"3588","channel":"Microsoft-Windows-Sysmon/Operational","computer":"WinDev2308Eval","severityValue":"INFORMATION","message":"\"Process terminated:\r\nRuleName: -\r\nUtcTime: 2026-02-04 03:56:04.531\r\nProcessGuid: {de7f78ee-c335-6982-0d09-000000001e00}\r\nProcessId: 7268\r\nImage: C:\\Windows\\System32\\sppsvc.exe\r\nUser: NT AUTHORITY\\NETWORK SERVICE\""},"eventdata":{"utcTime":"2026-02-04 03:56:04.531","processGuid":"{de7f78ee-c335-6982-0d09-000000001e00}","processId":"7268","image":"C:\\\\Windows\\\\System32\\\\sppsvc.exe","user":"NT AUTHORITY\\\\NETWORK SERVICE"}}}
2026 Feb 03 20:43:13 (OPNsense.localdomain) any->syscollector {"data":{"architecture":"amd64","checksum":"afbb9bc03243e8cad403f12b65828805f35f703c","description":"Memory hard password hashing program and library","format":"pkg","groups":" ","install_time":"1721738651","item_id":"6e1d3168908a6d46395a93eec7215e03ddbc8830","location":" ","name":"libargon2","priority":" ","scan_time":"2026/02/03 19:12:07","size":"309863","source":"OPNsense","vendor":"hsw@bitmark.com","version":"20190702_1"},"operation":"MODIFIED","type":"dbsync_packages"}
2026 Feb 03 20:43:13 (Secretary-Windows) any->EventChannel {"win":{"system":{"providerName":"Microsoft-Windows-Sysmon","providerGuid":"{5770385f-c22a-43e0-bf4c-06f5698ffbd9}","eventID":"5","version":"3","level":"4","task":"5","opcode":"0","keywords":"0x8000000000000000","systemTime":"2026-02-04T03:56:11.8315693Z","eventRecordID":"3024","processID":"2824","threadID":"3588","channel":"Microsoft-Windows-Sysmon/Operational","computer":"WinDev2308Eval","severityValue":"INFORMATION","message":"\"Process terminated:\r\nRuleName: -\r\nUtcTime: 2026-02-04 03:56:11.827\r\nProcessGuid: {de7f78ee-c31d-6982-0c09-000000001e00}\r\nProcessId: 4200\r\nImage: C:\\Windows\\System32\\backgroundTaskHost.exe\r\nUser: WINDEV2308EVAL\\Secretary\""},"eventdata":{"utcTime":"2026-02-04 03:56:11.827","processGuid":"{de7f78ee-c31d-6982-0c09-000000001e00}","processId":"4200","image":"C:\\\\Windows\\\\System32\\\\backgroundTaskHost.exe","user":"WINDEV2308EVAL\\\\Secretary"}}}
2026 Feb 03 20:43:13 (Secretary-Windows) any->EventChannel {"win":{"system":{"providerName":"Microsoft-Windows-Sysmon","providerGuid":"{5770385f-c22a-43e0-bf4c-06f5698ffbd9}","eventID":"1","version":"5","level":"4","task":"1","opcode":"0","keywords":"0x8000000000000000","systemTime":"2026-02-04T03:56:43.8572451Z","eventRecordID":"3025","processID":"2824","threadID":"3588","channel":"Microsoft-Windows-Sysmon/Operational","computer":"WinDev2308Eval","severityValue":"INFORMATION","message":"\"Process Create:\r\nRuleName: -\r\nUtcTime: 2026-02-04 03:56:43.850\r\nProcessGuid: {de7f78ee-c37b-6982-0e09-000000001e00}\r\nProcessId: 1120\r\nImage: C:\\Windows\\System32\\sdbinst.exe\r\nFileVersion: 10.0.22621.3527 (WinBuild.160101.0800)\r\nDescription: Application Compatibility Database Installer\r\nProduct: Microsoft® Windows® Operating System\r\nCompany: Microsoft Corporation\r\nOriginalFileName: sdbinst.exe\r\nCommandLine: C:\\Windows\\System32\\sdbinst.exe -m -bg\r\nCurrentDirectory: C:\\Windows\\system32\\\r\nUser: NT AUTHORITY\\SYSTEM\r\nLogonGuid: {de7f78ee-0035-6980-e703-000000000000}\r\nLogonId: 0x3E7\r\nTerminalSessionId: 0\r\nIntegrityLevel: System\r\nHashes: SHA256=7E6B42AF9D8B1E1A4EFDEEB152997C7C9BBFA010B2FCE65BEF29A2903819E0E5\r\nParentProcessGuid: {de7f78ee-0036-6980-1200-000000001e00}\r\nParentProcessId: 996\r\nParentImage: C:\\Windows\\System32\\svchost.exe\r\nParentCommandLine: C:\\Windows\\System32\\svchost.exe -k LocalSystemNetworkRestricted -p\r\nParentUser: NT AUTHORITY\\SYSTEM\""},"eventdata":{"utcTime":"2026-02-04 03:56:43.850","processGuid":"{de7f78ee-c37b-6982-0e09-000000001e00}","processId":"1120","image":"C:\\\\Windows\\\\System32\\\\sdbinst.exe","fileVersion":"10.0.22621.3527 (WinBuild.160101.0800)","description":"Application Compatibility Database Installer","product":"Microsoft® Windows® Operating System","company":"Microsoft Corporation","originalFileName":"sdbinst.exe","commandLine":"C:\\\\Windows\\\\System32\\\\sdbinst.exe -m -bg","currentDirectory":"C:\\\\Windows\\\\system32\\\\","user":"NT AUTHORITY\\\\SYSTEM","logonGuid":"{de7f78ee-0035-6980-e703-000000000000}","logonId":"0x3e7","terminalSessionId":"0","integrityLevel":"System","hashes":"SHA256=7E6B42AF9D8B1E1A4EFDEEB152997C7C9BBFA010B2FCE65BEF29A2903819E0E5","parentProcessGuid":"{de7f78ee-0036-6980-1200-000000001e00}","parentProcessId":"996","parentImage":"C:\\\\Windows\\\\System32\\\\svchost.exe","parentCommandLine":"C:\\\\Windows\\\\System32\\\\svchost.exe -k LocalSystemNetworkRestricted -p","parentUser":"NT AUTHORITY\\\\SYSTEM"}}}
2026 Feb 03 20:43:13 (Secretary-Windows) any->EventChannel {"win":{"system":{"providerName":"Microsoft-Windows-Sysmon","providerGuid":"{5770385f-c22a-43e0-bf4c-06f5698ffbd9}","eventID":"1","version":"5","level":"4","task":"1","opcode":"0","keywords":"0x8000000000000000","systemTime":"2026-02-04T03:56:43.8751507Z","eventRecordID":"3026","processID":"2824","threadID":"3588","channel":"Microsoft-Windows-Sysmon/Operational","computer":"WinDev2308Eval","severityValue":"INFORMATION","message":"\"Process Create:\r\nRuleName: -\r\nUtcTime: 2026-02-04 03:56:43.869\r\nProcessGuid: {de7f78ee-c37b-6982-0f09-000000001e00}\r\nProcessId: 7820\r\nImage: C:\\Windows\\System32\\conhost.exe\r\nFileVersion: 10.0.22621.5415 (WinBuild.160101.0800)\r\nDescription: Console Window Host\r\nProduct: Microsoft® Windows® Operating System\r\nCompany: Microsoft Corporation\r\nOriginalFileName: CONHOST.EXE\r\nCommandLine: \\??\\C:\\Windows\\system32\\conhost.exe 0xffffffff -ForceV1\r\nCurrentDirectory: C:\\Windows\r\nUser: NT AUTHORITY\\SYSTEM\r\nLogonGuid: {de7f78ee-0035-6980-e703-000000000000}\r\nLogonId: 0x3E7\r\nTerminalSessionId: 0\r\nIntegrityLevel: System\r\nHashes: SHA256=2266B396EF92534A2A2844438DF043D4069A2EC47D4E464F55E8C1CD47124A98\r\nParentProcessGuid: {de7f78ee-c37b-6982-0e09-000000001e00}\r\nParentProcessId: 1120\r\nParentImage: C:\\Windows\\System32\\sdbinst.exe\r\nParentCommandLine: C:\\Windows\\System32\\sdbinst.exe -m -bg\r\nParentUser: NT AUTHORITY\\SYSTEM\""},"eventdata":{"utcTime":"2026-02-04 03:56:43.869","processGuid":"{de7f78ee-c37b-6982-0f09-000000001e00}","processId":"7820","image":"C:\\\\Windows\\\\System32\\\\conhost.exe","fileVersion":"10.0.22621.5415 (WinBuild.160101.0800)","description":"Console Window Host","product":"Microsoft® Windows® Operating System","company":"Microsoft Corporation","originalFileName":"CONHOST.EXE","commandLine":"\\\\??\\\\C:\\\\Windows\\\\system32\\\\conhost.exe 0xffffffff -ForceV1","currentDirectory":"C:\\\\Windows","user":"NT AUTHORITY\\\\SYSTEM","logonGuid":"{de7f78ee-0035-6980-e703-000000000000}","logonId":"0x3e7","terminalSessionId":"0","integrityLevel":"System","hashes":"SHA256=2266B396EF92534A2A2844438DF043D4069A2EC47D4E464F55E8C1CD47124A98","parentProcessGuid":"{de7f78ee-c37b-6982-0e09-000000001e00}","parentProcessId":"1120","parentImage":"C:\\\\Windows\\\\System32\\\\sdbinst.exe","parentCommandLine":"C:\\\\Windows\\\\System32\\\\sdbinst.exe -m -bg","parentUser":"NT AUTHORITY\\\\SYSTEM"}}}
2026 Feb 03 20:43:13 (Secretary-Windows) any->EventChannel {"win":{"system":{"providerName":"Microsoft-Windows-Sysmon","providerGuid":"{5770385f-c22a-43e0-bf4c-06f5698ffbd9}","eventID":"5","version":"3","level":"4","task":"5","opcode":"0","keywords":"0x8000000000000000","systemTime":"2026-02-04T03:56:43.9978954Z","eventRecordID":"3027","processID":"2824","threadID":"3588","channel":"Microsoft-Windows-Sysmon/Operational","computer":"WinDev2308Eval","severityValue":"INFORMATION","message":"\"Process terminated:\r\nRuleName: -\r\nUtcTime: 2026-02-04 03:56:43.984\r\nProcessGuid: {de7f78ee-c37b-6982-0e09-000000001e00}\r\nProcessId: 1120\r\nImage: C:\\Windows\\System32\\sdbinst.exe\r\nUser: NT AUTHORITY\\SYSTEM\""},"eventdata":{"utcTime":"2026-02-04 03:56:43.984","processGuid":"{de7f78ee-c37b-6982-0e09-000000001e00}","processId":"1120","image":"C:\\\\Windows\\\\System32\\\\sdbinst.exe","user":"NT AUTHORITY\\\\SYSTEM"}}}
2026 Feb 03 20:43:13 (Secretary-Windows) any->EventChannel {"win":{"system":{"providerName":"Microsoft-Windows-Sysmon","providerGuid":"{5770385f-c22a-43e0-bf4c-06f5698ffbd9}","eventID":"5","version":"3","level":"4","task":"5","opcode":"0","keywords":"0x8000000000000000","systemTime":"2026-02-04T03:56:44.0014351Z","eventRecordID":"3028","processID":"2824","threadID":"3588","channel":"Microsoft-Windows-Sysmon/Operational","computer":"WinDev2308Eval","severityValue":"INFORMATION","message":"\"Process terminated:\r\nRuleName: -\r\nUtcTime: 2026-02-04 03:56:43.999\r\nProcessGuid: {de7f78ee-c37b-6982-0f09-000000001e00}\r\nProcessId: 7820\r\nImage: C:\\Windows\\System32\\conhost.exe\r\nUser: NT AUTHORITY\\SYSTEM\""},"eventdata":{"utcTime":"2026-02-04 03:56:43.999","processGuid":"{de7f78ee-c37b-6982-0f09-000000001e00}","processId":"7820","image":"C:\\\\Windows\\\\System32\\\\conhost.exe","user":"NT AUTHORITY\\\\SYSTEM"}}}
2026 Feb 03 20:43:13 (Secretary-Windows) any->EventChannel {"win":{"system":{"providerName":"Microsoft-Windows-Sysmon","providerGuid":"{5770385f-c22a-43e0-bf4c-06f5698ffbd9}","eventID":"5","version":"3","level":"4","task":"5","opcode":"0","keywords":"0x8000000000000000","systemTime":"2026-02-04T03:56:52.4369216Z","eventRecordID":"3029","processID":"2824","threadID":"3588","channel":"Microsoft-Windows-Sysmon/Operational","computer":"WinDev2308Eval","severityValue":"INFORMATION","message":"\"Process terminated:\r\nRuleName: -\r\nUtcTime: 2026-02-04 03:56:52.421\r\nProcessGuid: {de7f78ee-c294-6982-0609-000000001e00}\r\nProcessId: 7204\r\nImage: C:\\Windows\\splwow64.exe\r\nUser: WINDEV2308EVAL\\Secretary\""},"eventdata":{"utcTime":"2026-02-04 03:56:52.421","processGuid":"{de7f78ee-c294-6982-0609-000000001e00}","processId":"7204","image":"C:\\\\Windows\\\\splwow64.exe","user":"WINDEV2308EVAL\\\\Secretary"}}}
2026 Feb 03 20:43:13 (Secretary-Windows) any->EventChannel {"win":{"system":{"providerName":"Microsoft-Windows-Sysmon","providerGuid":"{5770385f-c22a-43e0-bf4c-06f5698ffbd9}","eventID":"5","version":"3","level":"4","task":"5","opcode":"0","keywords":"0x8000000000000000","systemTime":"2026-02-04T03:59:28.2736924Z","eventRecordID":"3032","processID":"2824","threadID":"3588","channel":"Microsoft-Windows-Sysmon/Operational","computer":"WinDev2308Eval","severityValue":"INFORMATION","message":"\"Process terminated:\r\nRuleName: -\r\nUtcTime: 2026-02-04 03:59:28.267\r\nProcessGuid: {de7f78ee-c420-6982-1109-000000001e00}\r\nProcessId: 3368\r\nImage: C:\\Windows\\System32\\OpenSSH\\sshd.exe\r\nUser: VIRTUAL USERS\\sshd_7368\""},"eventdata":{"utcTime":"2026-02-04 03:59:28.267","processGuid":"{de7f78ee-c420-6982-1109-000000001e00}","processId":"3368","image":"C:\\\\Windows\\\\System32\\\\OpenSSH\\\\sshd.exe","user":"VIRTUAL USERS\\\\sshd_7368"}}}
2026 Feb 03 20:43:13 (Secretary-Windows) any->EventChannel {"win":{"system":{"providerName":"Microsoft-Windows-Sysmon","providerGuid":"{5770385f-c22a-43e0-bf4c-06f5698ffbd9}","eventID":"1","version":"5","level":"4","task":"1","opcode":"0","keywords":"0x8000000000000000","systemTime":"2026-02-04T03:59:28.0089951Z","eventRecordID":"3030","processID":"2824","threadID":"3588","channel":"Microsoft-Windows-Sysmon/Operational","computer":"WinDev2308Eval","severityValue":"INFORMATION","message":"\"Process Create:\r\nRuleName: -\r\nUtcTime: 2026-02-04 03:59:28.003\r\nProcessGuid: {de7f78ee-c420-6982-1009-000000001e00}\r\nProcessId: 7368\r\nImage: C:\\Windows\\System32\\OpenSSH\\sshd.exe\r\nFileVersion: 9.5.4.1\r\nDescription: -\r\nProduct: OpenSSH for Windows\r\nCompany: -\r\nOriginalFileName: -\r\nCommandLine: \"C:\\Windows\\System32\\OpenSSH\\sshd.exe\" -R\r\nCurrentDirectory: C:\\\r\nUser: NT AUTHORITY\\SYSTEM\r\nLogonGuid: {de7f78ee-0035-6980-e703-000000000000}\r\nLogonId: 0x3E7\r\nTerminalSessionId: 0\r\nIntegrityLevel: System\r\nHashes: SHA256=012EB7B5A26F0DF163CF9F8EB0EF68493AB8A8A941DB1ABE310314EC947C6945\r\nParentProcessGuid: {de7f78ee-0039-6980-2f00-000000001e00}\r\nParentProcessId: 2644\r\nParentImage: C:\\Windows\\System32\\OpenSSH\\sshd.exe\r\nParentCommandLine: C:\\Windows\\System32\\OpenSSH\\sshd.exe\r\nParentUser: NT AUTHORITY\\SYSTEM\""},"eventdata":{"utcTime":"2026-02-04 03:59:28.003","processGuid":"{de7f78ee-c420-6982-1009-000000001e00}","processId":"7368","image":"C:\\\\Windows\\\\System32\\\\OpenSSH\\\\sshd.exe","fileVersion":"9.5.4.1","product":"OpenSSH for Windows","commandLine":"\\\"C:\\\\Windows\\\\System32\\\\OpenSSH\\\\sshd.exe\\\" -R","currentDirectory":"C:\\\\","user":"NT AUTHORITY\\\\SYSTEM","logonGuid":"{de7f78ee-0035-6980-e703-000000000000}","logonId":"0x3e7","terminalSessionId":"0","integrityLevel":"System","hashes":"SHA256=012EB7B5A26F0DF163CF9F8EB0EF68493AB8A8A941DB1ABE310314EC947C6945","parentProcessGuid":"{de7f78ee-0039-6980-2f00-000000001e00}","parentProcessId":"2644","parentImage":"C:\\\\Windows\\\\System32\\\\OpenSSH\\\\sshd.exe","parentCommandLine":"C:\\\\Windows\\\\System32\\\\OpenSSH\\\\sshd.exe","parentUser":"NT AUTHORITY\\\\SYSTEM"}}}
2026 Feb 03 20:43:13 (Secretary-Windows) any->EventChannel {"win":{"system":{"providerName":"Microsoft-Windows-Sysmon","providerGuid":"{5770385f-c22a-43e0-bf4c-06f5698ffbd9}","eventID":"1","version":"5","level":"4","task":"1","opcode":"0","keywords":"0x8000000000000000","systemTime":"2026-02-04T03:59:28.1092589Z","eventRecordID":"3031","processID":"2824","threadID":"3588","channel":"Microsoft-Windows-Sysmon/Operational","computer":"WinDev2308Eval","severityValue":"INFORMATION","message":"\"Process Create:\r\nRuleName: -\r\nUtcTime: 2026-02-04 03:59:28.102\r\nProcessGuid: {de7f78ee-c420-6982-1109-000000001e00}\r\nProcessId: 3368\r\nImage: C:\\Windows\\System32\\OpenSSH\\sshd.exe\r\nFileVersion: 9.5.4.1\r\nDescription: -\r\nProduct: OpenSSH for Windows\r\nCompany: -\r\nOriginalFileName: -\r\nCommandLine: \"C:\\Windows\\System32\\OpenSSH\\sshd.exe\" -y\r\nCurrentDirectory: C:\\\r\nUser: VIRTUAL USERS\\sshd_7368\r\nLogonGuid: {de7f78ee-c420-6982-c4ea-fe0000000000}\r\nLogonId: 0xFEEAC4\r\nTerminalSessionId: 0\r\nIntegrityLevel: High\r\nHashes: SHA256=012EB7B5A26F0DF163CF9F8EB0EF68493AB8A8A941DB1ABE310314EC947C6945\r\nParentProcessGuid: {de7f78ee-c420-6982-1009-000000001e00}\r\nParentProcessId: 7368\r\nParentImage: C:\\Windows\\System32\\OpenSSH\\sshd.exe\r\nParentCommandLine: \"C:\\Windows\\System32\\OpenSSH\\sshd.exe\" -R\r\nParentUser: NT AUTHORITY\\SYSTEM\""},"eventdata":{"utcTime":"2026-02-04 03:59:28.102","processGuid":"{de7f78ee-c420-6982-1109-000000001e00}","processId":"3368","image":"C:\\\\Windows\\\\System32\\\\OpenSSH\\\\sshd.exe","fileVersion":"9.5.4.1","product":"OpenSSH for Windows","commandLine":"\\\"C:\\\\Windows\\\\System32\\\\OpenSSH\\\\sshd.exe\\\" -y","currentDirectory":"C:\\\\","user":"VIRTUAL USERS\\\\sshd_7368","logonGuid":"{de7f78ee-c420-6982-c4ea-fe0000000000}","logonId":"0xfeeac4","terminalSessionId":"0","integrityLevel":"High","hashes":"SHA256=012EB7B5A26F0DF163CF9F8EB0EF68493AB8A8A941DB1ABE310314EC947C6945","parentProcessGuid":"{de7f78ee-c420-6982-1009-000000001e00}","parentProcessId":"7368","parentImage":"C:\\\\Windows\\\\System32\\\\OpenSSH\\\\sshd.exe","parentCommandLine":"\\\"C:\\\\Windows\\\\System32\\\\OpenSSH\\\\sshd.exe\\\" -R","parentUser":"NT AUTHORITY\\\\SYSTEM"}}}
2026 Feb 03 20:43:13 (Secretary-Windows) any->EventChannel {"win":{"system":{"providerName":"Microsoft-Windows-Sysmon","providerGuid":"{5770385f-c22a-43e0-bf4c-06f5698ffbd9}","eventID":"1","version":"5","level":"4","task":"1","opcode":"0","keywords":"0x8000000000000000","systemTime":"2026-02-04T03:59:28.3001716Z","eventRecordID":"3033","processID":"2824","threadID":"3588","channel":"Microsoft-Windows-Sysmon/Operational","computer":"WinDev2308Eval","severityValue":"INFORMATION","message":"\"Process Create:\r\nRuleName: -\r\nUtcTime: 2026-02-04 03:59:28.294\r\nProcessGuid: {de7f78ee-c420-6982-1209-000000001e00}\r\nProcessId: 2352\r\nImage: C:\\Windows\\System32\\OpenSSH\\sshd.exe\r\nFileVersion: 9.5.4.1\r\nDescription: -\r\nProduct: OpenSSH for Windows\r\nCompany: -\r\nOriginalFileName: -\r\nCommandLine: \"C:\\Windows\\System32\\OpenSSH\\sshd.exe\" -z\r\nCurrentDirectory: C:\\\r\nUser: WINDEV2308EVAL\\Secretary\r\nLogonGuid: {de7f78ee-c420-6982-e9ed-fe0000000000}\r\nLogonId: 0xFEEDE9\r\nTerminalSessionId: 0\r\nIntegrityLevel: High\r\nHashes: SHA256=012EB7B5A26F0DF163CF9F8EB0EF68493AB8A8A941DB1ABE310314EC947C6945\r\nParentProcessGuid: {de7f78ee-c420-6982-1009-000000001e00}\r\nParentProcessId: 7368\r\nParentImage: C:\\Windows\\System32\\OpenSSH\\sshd.exe\r\nParentCommandLine: \"C:\\Windows\\System32\\OpenSSH\\sshd.exe\" -R\r\nParentUser: NT AUTHORITY\\SYSTEM\""},"eventdata":{"utcTime":"2026-02-04 03:59:28.294","processGuid":"{de7f78ee-c420-6982-1209-000000001e00}","processId":"2352","image":"C:\\\\Windows\\\\System32\\\\OpenSSH\\\\sshd.exe","fileVersion":"9.5.4.1","product":"OpenSSH for Windows","commandLine":"\\\"C:\\\\Windows\\\\System32\\\\OpenSSH\\\\sshd.exe\\\" -z","currentDirectory":"C:\\\\","user":"WINDEV2308EVAL\\\\Secretary","logonGuid":"{de7f78ee-c420-6982-e9ed-fe0000000000}","logonId":"0xfeede9","terminalSessionId":"0","integrityLevel":"High","hashes":"SHA256=012EB7B5A26F0DF163CF9F8EB0EF68493AB8A8A941DB1ABE310314EC947C6945","parentProcessGuid":"{de7f78ee-c420-6982-1009-000000001e00}","parentProcessId":"7368","parentImage":"C:\\\\Windows\\\\System32\\\\OpenSSH\\\\sshd.exe","parentCommandLine":"\\\"C:\\\\Windows\\\\System32\\\\OpenSSH\\\\sshd.exe\\\" -R","parentUser":"NT AUTHORITY\\\\SYSTEM"}}}
2026 Feb 03 20:43:13 (Secretary-Windows) any->EventChannel {"win":{"system":{"providerName":"Microsoft-Windows-Sysmon","providerGuid":"{5770385f-c22a-43e0-bf4c-06f5698ffbd9}","eventID":"1","version":"5","level":"4","task":"1","opcode":"0","keywords":"0x8000000000000000","systemTime":"2026-02-04T03:59:28.4372255Z","eventRecordID":"3034","processID":"2824","threadID":"3588","channel":"Microsoft-Windows-Sysmon/Operational","computer":"WinDev2308Eval","severityValue":"INFORMATION","message":"\"Process Create:\r\nRuleName: -\r\nUtcTime: 2026-02-04 03:59:28.415\r\nProcessGuid: {de7f78ee-c420-6982-1309-000000001e00}\r\nProcessId: 7980\r\nImage: C:\\Windows\\System32\\conhost.exe\r\nFileVersion: 10.0.22621.5415 (WinBuild.160101.0800)\r\nDescription: Console Window Host\r\nProduct: Microsoft® Windows® Operating System\r\nCompany: Microsoft Corporation\r\nOriginalFileName: CONHOST.EXE\r\nCommandLine: C:\\Windows\\system32\\conhost.exe --headless --width 0 --height 0 --signal 0x1f4 -- \"c:\\windows\\system32\\cmd.exe\" /c C:\\Users\\Secretary\\user_behavior_generation\\worker\\browser_task.bat https://www.google.com generic\r\nCurrentDirectory: C:\\Users\\Secretary\\\r\nUser: WINDEV2308EVAL\\Secretary\r\nLogonGuid: {de7f78ee-c420-6982-e9ed-fe0000000000}\r\nLogonId: 0xFEEDE9\r\nTerminalSessionId: 0\r\nIntegrityLevel: High\r\nHashes: SHA256=2266B396EF92534A2A2844438DF043D4069A2EC47D4E464F55E8C1CD47124A98\r\nParentProcessGuid: {de7f78ee-c420-6982-1209-000000001e00}\r\nParentProcessId: 2352\r\nParentImage: C:\\Windows\\System32\\OpenSSH\\sshd.exe\r\nParentCommandLine: \"C:\\Windows\\System32\\OpenSSH\\sshd.exe\" -z\r\nParentUser: WINDEV2308EVAL\\Secretary\""},"eventdata":{"utcTime":"2026-02-04 03:59:28.415","processGuid":"{de7f78ee-c420-6982-1309-000000001e00}","processId":"7980","image":"C:\\\\Windows\\\\System32\\\\conhost.exe","fileVersion":"10.0.22621.5415 (WinBuild.160101.0800)","description":"Console Window Host","product":"Microsoft® Windows® Operating System","company":"Microsoft Corporation","originalFileName":"CONHOST.EXE","commandLine":"C:\\\\Windows\\\\system32\\\\conhost.exe --headless --width 0 --height 0 --signal 0x1f4 -- \\\"c:\\\\windows\\\\system32\\\\cmd.exe\\\" /c C:\\\\Users\\\\Secretary\\\\user_behavior_generation\\\\worker\\\\browser_task.bat https://www.google.com generic","currentDirectory":"C:\\\\Users\\\\Secretary\\\\","user":"WINDEV2308EVAL\\\\Secretary","logonGuid":"{de7f78ee-c420-6982-e9ed-fe0000000000}","logonId":"0xfeede9","terminalSessionId":"0","integrityLevel":"High","hashes":"SHA256=2266B396EF92534A2A2844438DF043D4069A2EC47D4E464F55E8C1CD47124A98","parentProcessGuid":"{de7f78ee-c420-6982-1209-000000001e00}","parentProcessId":"2352","parentImage":"C:\\\\Windows\\\\System32\\\\OpenSSH\\\\sshd.exe","parentCommandLine":"\\\"C:\\\\Windows\\\\System32\\\\OpenSSH\\\\sshd.exe\\\" -z","parentUser":"WINDEV2308EVAL\\\\Secretary"}}}
