2026 Feb 03 20:43:12 (Secretary-Windows) any->EventChannel {"win":{"system":{"providerName":"Microsoft-Windows-Sysmon","providerGuid":"{5770385f-c22a-43e0-bf4c-06f5698ffbd9}","eventID":"1","version":"5","level":"4","task":"1","opcode":"0","keywords":"0x8000000000000000","systemTime":"2026-02-04T03:42:02.1150536Z","eventRecordID":"2916","processID":"2824","threadID":"3588","channel":"Microsoft-Windows-Sysmon/Operational","computer":"WinDev2308Eval","severityValue":"INFORMATION","message":"\"Process Create:\r\nRuleName: -\r\nUtcTime: 2026-02-04 03:42:02.106\r\nProcessGuid: {de7f78ee-c00a-6982-e308-000000001e00}\r\nProcessId: 5476\r\nImage: C:\\Windows\\System32\\svchost.exe\r\nFileVersion: 10.0.22621.1 (WinBuild.160101.0800)\r\nDescription: Host Process for Windows Services\r\nProduct: Microsoft® Windows® Operating System\r\nCompany: Microsoft Corporation\r\nOriginalFileName: svchost.exe\r\nCommandLine: C:\\Windows\\system32\\svchost.exe -k wsappx -p\r\nCurrentDirectory: C:\\Windows\\system32\\\r\nUser: NT AUTHORITY\\SYSTEM\r\nLogonGuid: {de7f78ee-0035-6980-e703-000000000000}\r\nLogonId: 0x3E7\r\nTerminalSessionId: 0\r\nIntegrityLevel: System\r\nHashes: SHA256=949BFB5B4C7D58D92F3F9C5F8EC7CA4CEAFFD10EC5F0020F0A987C472D61C54B\r\nParentProcessGuid: {de7f78ee-0035-6980-0b00-000000001e00}\r\nParentProcessId: 748\r\nParentImage: C:\\Windows\\System32\\services.exe\r\nParentCommandLine: C:\\Windows\\system32\\services.exe\r\nParentUser: NT AUTHORITY\\SYSTEM\""},"eventdata":{"utcTime":"2026-02-04 03:42:02.106","processGuid":"{de7f78ee-c00a-6982-e308-000000001e00}","processId":"5476","image":"C:\\\\Windows\\\\System32\\\\svchost.exe","fileVersion":"10.0.22621.1 (WinBuild.160101.0800)","description":"Host Process for Windows Services","product":"Microsoft® Windows® Operating System","company":"Microsoft Corporation","originalFileName":"svchost.exe","commandLine":"C:\\\\Windows\\\\system32\\\\svchost.exe -k wsappx -p","currentDirectory":"C:\\\\Windows\\\\system32\\\\","user":"NT AUTHORITY\\\\SYSTEM","logonGuid":"{de7f78ee-0035-6980-e703-000000000000}","logonId":"0x3e7","terminalSessionId":"0","integrityLevel":"System","hashes":"SHA256=949BFB5B4C7D58D92F3F9C5F8EC7CA4CEAFFD10EC5F0020F0A987C472D61C54B","parentProcessGuid":"{de7f78ee-0035-6980-0b00-000000001e00}","parentProcessId":"748","parentImage":"C:\\\\Windows\\\\System32\\\\services.exe","parentCommandLine":"C:\\\\Windows\\\\system32\\\\services.exe","parentUser":"NT AUTHORITY\\\\SYSTEM"}}}
2026 Feb 03 20:43:12 (Secretary-Windows) any->EventChannel {"win":{"system":{"providerName":"Microsoft-Windows-Sysmon","providerGuid":"{5770385f-c22a-43e0-bf4c-06f5698ffbd9}","eventID":"5","version":"3","level":"4","task":"5","opcode":"0","keywords":"0x8000000000000000","systemTime":"2026-02-04T03:42:02.5780629Z","eventRecordID":"2917","processID":"2824","threadID":"3588","channel":"Microsoft-Windows-Sysmon/Operational","computer":"WinDev2308Eval","severityValue":"INFORMATION","message":"\"Process terminated:\r\nRuleName: -\r\nUtcTime: 2026-02-04 03:42:02.577\r\nProcessGuid: {de7f78ee-c009-6982-e208-000000001e00}\r\nProcessId: 7460\r\nImage: C:\\Program Files (x86)\\Microsoft\\Edge\\Application\\144.0.3719.104\\cookie_exporter.exe\r\nUser: WINDEV2308EVAL\\Secretary\""},"eventdata":{"utcTime":"2026-02-04 03:42:02.577","processGuid":"{de7f78ee-c009-6982-e208-000000001e00}","processId":"7460","image":"C:\\\\Program Files (x86)\\\\Microsoft\\\\Edge\\\\Application\\\\144.0.3719.104\\\\cookie_exporter.exe","user":"WINDEV2308EVAL\\\\Secretary"}}}
2026 Feb 03 20:43:12 (Secretary-Windows) any->EventChannel {"win":{"system":{"providerName":"Microsoft-Windows-Sysmon","providerGuid":"{5770385f-c22a-43e0-bf4c-06f5698ffbd9}","eventID":"5","version":"3","level":"4","task":"5","opcode":"0","keywords":"0x8000000000000000","systemTime":"2026-02-04T03:42:02.7080682Z","eventRecordID":"2918","processID":"2824","threadID":"3588","channel":"Microsoft-Windows-Sysmon/Operational","computer":"WinDev2308Eval","severityValue":"INFORMATION","message":"\"Process terminated:\r\nRuleName: -\r\nUtcTime: 2026-02-04 03:42:02.707\r\nProcessGuid: {de7f78ee-c008-6982-e108-000000001e00}\r\nProcessId: 732\r\nImage: C:\\Program Files (x86)\\Microsoft\\Edge\\Application\\msedge.exe\r\nUser: WINDEV2308EVAL\\Secretary\""},"eventdata":{"utcTime":"2026-02-04 03:42:02.707","processGuid":"{de7f78ee-c008-6982-e108-000000001e00}","processId":"732","image":"C:\\\\Program Files (x86)\\\\Microsoft\\\\Edge\\\\Application\\\\msedge.exe","user":"WINDEV2308EVAL\\\\Secretary"}}}
2026 Feb 03 20:43:12 (Secretary-Windows) any->EventChannel {"win":{"system":{"providerName":"Microsoft-Windows-Sysmon","providerGuid":"{5770385f-c22a-43e0-bf4c-06f5698ffbd9}","eventID":"1","version":"5","level":"4","task":"1","opcode":"0","keywords":"0x8000000000000000","systemTime":"2026-02-04T03:42:21.5398306Z","eventRecordID":"2919","processID":"2824","threadID":"3588","channel":"Microsoft-Windows-Sysmon/Operational","computer":"WinDev2308Eval","severityValue":"INFORMATION","message":"\"Process Create:\r\nRuleName: -\r\nUtcTime: 2026-02-04 03:42:21.532\r\nProcessGuid: {de7f78ee-c01d-6982-e408-000000001e00}\r\nProcessId: 4252\r\nImage: C:\\Windows\\UUS\\Packages\\Preview\\amd64\\MoUsoCoreWorker.exe\r\nFileVersion: 1407.2508.19012.0\r\nDescription: MoUSO Core Worker Process\r\nProduct: Microsoft® Windows® Operating System\r\nCompany: Microsoft Corporation\r\nOriginalFileName: MoUSOCoreWorker.exe\r\nCommandLine: \"C:\\Windows\\uus\\packages\\preview\\AMD64\\MoUsoCoreWorker.exe\" useprivatenamespaces\r\nCurrentDirectory: C:\\Windows\\system32\\\r\nUser: NT AUTHORITY\\SYSTEM\r\nLogonGuid: {de7f78ee-0035-6980-e703-000000000000}\r\nLogonId: 0x3E7\r\nTerminalSessionId: 0\r\nIntegrityLevel: System\r\nHashes: SHA256=273465BF80F67D6484E7F753A1724CABE9468E6AC075946BE29BB33A6E8E311F\r\nParentProcessGuid: {de7f78ee-0036-6980-1500-000000001e00}\r\nParentProcessId: 1080\r\nParentImage: C:\\Windows\\System32\\svchost.exe\r\nParentCommandLine: C:\\Windows\\system32\\svchost.exe -k netsvcs -p\r\nParentUser: NT AUTHORITY\\SYSTEM\""},"eventdata":{"utcTime":"2026-02-04 03:42:21.532","processGuid":"{de7f78ee-c01d-6982-e408-000000001e00}","processId":"4252","image":"C:\\\\Windows\\\\UUS\\\\Packages\\\\Preview\\\\amd64\\\\MoUsoCoreWorker.exe","fileVersion":"1407.2508.19012.0","description":"MoUSO Core Worker Process","product":"Microsoft® Windows® Operating System","company":"Microsoft Corporation","originalFileName":"MoUSOCoreWorker.exe","commandLine":"\\\"C:\\\\Windows\\\\uus\\\\packages\\\\preview\\\\AMD64\\\\MoUsoCoreWorker.exe\\\" useprivatenamespaces","currentDirectory":"C:\\\\Windows\\\\system32\\\\","user":"NT AUTHORITY\\\\SYSTEM","logonGuid":"{de7f78ee-0035-6980-e703-000000000000}","logonId":"0x3e7","terminalSessionId":"0","integrityLevel":"System","hashes":"SHA256=273465BF80F67D6484E7F753A1724CABE9468E6AC075946BE29BB33A6E8E311F","parentProcessGuid":"{de7f78ee-0036-6980-1500-000000001e00}","parentProcessId":"1080","parentImage":"C:\\\\Windows\\\\System32\\\\svchost.exe","parentCommandLine":"C:\\\\Windows\\\\system32\\\\svchost.exe -k netsvcs -p","parentUser":"NT AUTHORITY\\\\SYSTEM"}}}
2026 Feb 03 20:43:12 (Secretary-Windows) any->EventChannel {"win":{"system":{"providerName":"Microsoft-Windows-Sysmon","providerGuid":"{5770385f-c22a-43e0-bf4c-06f5698ffbd9}","eventID":"1","version":"5","level":"4","task":"1","opcode":"0","keywords":"0x8000000000000000","systemTime":"2026-02-04T03:42:21.9662902Z","eventRecordID":"2920","processID":"2824","threadID":"3588","channel":"Microsoft-Windows-Sysmon/Operational","computer":"WinDev2308Eval","severityValue":"INFORMATION","message":"\"Process Create:\r\nRuleName: -\r\nUtcTime: 2026-02-04 03:42:21.958\r\nProcessGuid: {de7f78ee-c01d-6982-e508-000000001e00}\r\nProcessId: 2140\r\nImage: C:\\Windows\\System32\\svchost.exe\r\nFileVersion: 10.0.22621.1 (WinBuild.160101.0800)\r\nDescription: Host Process for Windows Services\r\nProduct: Microsoft® Windows® Operating System\r\nCompany: Microsoft Corporation\r\nOriginalFileName: svchost.exe\r\nCommandLine: C:\\Windows\\system32\\svchost.exe -k wusvcs -p\r\nCurrentDirectory: C:\\Windows\\system32\\\r\nUser: NT AUTHORITY\\SYSTEM\r\nLogonGuid: {de7f78ee-0035-6980-e703-000000000000}\r\nLogonId: 0x3E7\r\nTerminalSessionId: 0\r\nIntegrityLevel: System\r\nHashes: SHA256=949BFB5B4C7D58D92F3F9C5F8EC7CA4CEAFFD10EC5F0020F0A987C472D61C54B\r\nParentProcessGuid: {de7f78ee-0035-6980-0b00-000000001e00}\r\nParentProcessId: 748\r\nParentImage: C:\\Windows\\System32\\services.exe\r\nParentCommandLine: C:\\Windows\\system32\\services.exe\r\nParentUser: NT AUTHORITY\\SYSTEM\""},"eventdata":{"utcTime":"2026-02-04 03:42:21.958","processGuid":"{de7f78ee-c01d-6982-e508-000000001e00}","processId":"2140","image":"C:\\\\Windows\\\\System32\\\\svchost.exe","fileVersion":"10.0.22621.1 (WinBuild.160101.0800)","description":"Host Process for Windows Services","product":"Microsoft® Windows® Operating System","company":"Microsoft Corporation","originalFileName":"svchost.exe","commandLine":"C:\\\\Windows\\\\system32\\\\svchost.exe -k wusvcs -p","currentDirectory":"C:\\\\Windows\\\\system32\\\\","user":"NT AUTHORITY\\\\SYSTEM","logonGuid":"{de7f78ee-0035-6980-e703-000000000000}","logonId":"0x3e7","terminalSessionId":"0","integrityLevel":"System","hashes":"SHA256=949BFB5B4C7D58D92F3F9C5F8EC7CA4CEAFFD10EC5F0020F0A987C472D61C54B","parentProcessGuid":"{de7f78ee-0035-6980-0b00-000000001e00}","parentProcessId":"748","parentImage":"C:\\\\Windows\\\\System32\\\\services.exe","parentCommandLine":"C:\\\\Windows\\\\system32\\\\services.exe","parentUser":"NT AUTHORITY\\\\SYSTEM"}}}
2026 Feb 03 20:43:12 (Secretary-Windows) any->EventChannel {"win":{"system":{"providerName":"Microsoft-Windows-Sysmon","providerGuid":"{5770385f-c22a-43e0-bf4c-06f5698ffbd9}","eventID":"1","version":"5","level":"4","task":"1","opcode":"0","keywords":"0x8000000000000000","systemTime":"2026-02-04T03:42:22.9853125Z","eventRecordID":"2921","processID":"2824","threadID":"3588","channel":"Microsoft-Windows-Sysmon/Operational","computer":"WinDev2308Eval","severityValue":"INFORMATION","message":"\"Process Create:\r\nRuleName: -\r\nUtcTime: 2026-02-04 03:42:22.976\r\nProcessGuid: {de7f78ee-c01e-6982-e608-000000001e00}\r\nProcessId: 7280\r\nImage: C:\\Windows\\System32\\backgroundTaskHost.exe\r\nFileVersion: 10.0.22621.1 (WinBuild.160101.0800)\r\nDescription: Background Task Host\r\nProduct: Microsoft® Windows® Operating System\r\nCompany: Microsoft Corporation\r\nOriginalFileName: backgroundTaskHost.exe\r\nCommandLine: \"C:\\Windows\\system32\\BackgroundTaskHost.exe\" -ServerName:BackgroundTaskHost.WebAccountProvider\r\nCurrentDirectory: C:\\Windows\\SystemApps\\Microsoft.AAD.BrokerPlugin_cw5n1h2txyewy\\\r\nUser: WINDEV2308EVAL\\Secretary\r\nLogonGuid: {de7f78ee-4b47-6982-f4f1-3d0000000000}\r\nLogonId: 0x3DF1F4\r\nTerminalSessionId: 2\r\nIntegrityLevel: AppContainer\r\nHashes: SHA256=4C8915E07BE1904A3BC02E4F8DB0A80BB932CE610D97EABB9151B4E51F449980\r\nParentProcessGuid: {de7f78ee-0035-6980-0f00-000000001e00}\r\nParentProcessId: 896\r\nParentImage: C:\\Windows\\System32\\svchost.exe\r\nParentCommandLine: C:\\Windows\\system32\\svchost.exe -k DcomLaunch -p\r\nParentUser: NT AUTHORITY\\SYSTEM\""},"eventdata":{"utcTime":"2026-02-04 03:42:22.976","processGuid":"{de7f78ee-c01e-6982-e608-000000001e00}","processId":"7280","image":"C:\\\\Windows\\\\System32\\\\backgroundTaskHost.exe","fileVersion":"10.0.22621.1 (WinBuild.160101.0800)","description":"Background Task Host","product":"Microsoft® Windows® Operating System","company":"Microsoft Corporation","originalFileName":"backgroundTaskHost.exe","commandLine":"\\\"C:\\\\Windows\\\\system32\\\\BackgroundTaskHost.exe\\\" -ServerName:BackgroundTaskHost.WebAccountProvider","currentDirectory":"C:\\\\Windows\\\\SystemApps\\\\Microsoft.AAD.BrokerPlugin_cw5n1h2txyewy\\\\","user":"WINDEV2308EVAL\\\\Secretary","logonGuid":"{de7f78ee-4b47-6982-f4f1-3d0000000000}","logonId":"0x3df1f4","terminalSessionId":"2","integrityLevel":"AppContainer","hashes":"SHA256=4C8915E07BE1904A3BC02E4F8DB0A80BB932CE610D97EABB9151B4E51F449980","parentProcessGuid":"{de7f78ee-0035-6980-0f00-000000001e00}","parentProcessId":"896","parentImage":"C:\\\\Windows\\\\System32\\\\svchost.exe","parentCommandLine":"C:\\\\Windows\\\\system32\\\\svchost.exe -k DcomLaunch -p","parentUser":"NT AUTHORITY\\\\SYSTEM"}}}
2026 Feb 03 20:43:12 (OPNsense.localdomain) any->syscollector {"data":{"architecture":"amd64","checksum":"87357e307096c41d3cb2a87ecda7740dacb7ad58","description":"Free library for arbitrary precision arithmetic","format":"pkg","groups":" ","install_time":"1721738635","item_id":"da06c70aaff85d3dabb31abeb03f2611e90118e0","location":" ","name":"gmp","priority":" ","scan_time":"2026/02/03 19:12:07","size":"2661633","source":"OPNsense","vendor":"ale@FreeBSD.org","version":"6.3.0"},"operation":"MODIFIED","type":"dbsync_packages"}
2026 Feb 03 20:43:12 (Secretary-Windows) any->EventChannel {"win":{"system":{"providerName":"Microsoft-Windows-Sysmon","providerGuid":"{5770385f-c22a-43e0-bf4c-06f5698ffbd9}","eventID":"1","version":"5","level":"4","task":"1","opcode":"0","keywords":"0x8000000000000000","systemTime":"2026-02-04T03:42:23.2706519Z","eventRecordID":"2922","processID":"2824","threadID":"3588","channel":"Microsoft-Windows-Sysmon/Operational","computer":"WinDev2308Eval","severityValue":"INFORMATION","message":"\"Process Create:\r\nRuleName: -\r\nUtcTime: 2026-02-04 03:42:23.265\r\nProcessGuid: {de7f78ee-c01f-6982-e708-000000001e00}\r\nProcessId: 6772\r\nImage: C:\\Windows\\System32\\RuntimeBroker.exe\r\nFileVersion: 10.0.22621.5415 (WinBuild.160101.0800)\r\nDescription: Runtime Broker\r\nProduct: Microsoft® Windows® Operating System\r\nCompany: Microsoft Corporation\r\nOriginalFileName: RuntimeBroker.exe\r\nCommandLine: C:\\Windows\\System32\\RuntimeBroker.exe -Embedding\r\nCurrentDirectory: C:\\Windows\\system32\\\r\nUser: WINDEV2308EVAL\\Secretary\r\nLogonGuid: {de7f78ee-4b47-6982-f4f1-3d0000000000}\r\nLogonId: 0x3DF1F4\r\nTerminalSessionId: 2\r\nIntegrityLevel: Medium\r\nHashes: SHA256=5F40EEC9673436AE1EA4DD3770F773C26B3D035A6A4DECFC981571168193B904\r\nParentProcessGuid: {de7f78ee-0035-6980-0f00-000000001e00}\r\nParentProcessId: 896\r\nParentImage: C:\\Windows\\System32\\svchost.exe\r\nParentCommandLine: C:\\Windows\\system32\\svchost.exe -k DcomLaunch -p\r\nParentUser: NT AUTHORITY\\SYSTEM\""},"eventdata":{"utcTime":"2026-02-04 03:42:23.265","processGuid":"{de7f78ee-c01f-6982-e708-000000001e00}","processId":"6772","image":"C:\\\\Windows\\\\System32\\\\RuntimeBroker.exe","fileVersion":"10.0.22621.5415 (WinBuild.160101.0800)","description":"Runtime Broker","product":"Microsoft® Windows® Operating System","company":"Microsoft Corporation","originalFileName":"RuntimeBroker.exe","commandLine":"C:\\\\Windows\\\\System32\\\\RuntimeBroker.exe -Embedding","currentDirectory":"C:\\\\Windows\\\\system32\\\\","user":"WINDEV2308EVAL\\\\Secretary","logonGuid":"{de7f78ee-4b47-6982-f4f1-3d0000000000}","logonId":"0x3df1f4","terminalSessionId":"2","integrityLevel":"Medium","hashes":"SHA256=5F40EEC9673436AE1EA4DD3770F773C26B3D035A6A4DECFC981571168193B904","parentProcessGuid":"{de7f78ee-0035-6980-0f00-000000001e00}","parentProcessId":"896","parentImage":"C:\\\\Windows\\\\System32\\\\svchost.exe","parentCommandLine":"C:\\\\Windows\\\\system32\\\\svchost.exe -k DcomLaunch -p","parentUser":"NT AUTHORITY\\\\SYSTEM"}}}
2026 Feb 03 20:43:12 (Secretary-Windows) any->EventChannel {"win":{"system":{"providerName":"Microsoft-Windows-Sysmon","providerGuid":"{5770385f-c22a-43e0-bf4c-06f5698ffbd9}","eventID":"5","version":"3","level":"4","task":"5","opcode":"0","keywords":"0x8000000000000000","systemTime":"2026-02-04T03:42:23.4900779Z","eventRecordID":"2923","processID":"2824","threadID":"3588","channel":"Microsoft-Windows-Sysmon/Operational","computer":"WinDev2308Eval","severityValue":"INFORMATION","message":"\"Process terminated:\r\nRuleName: -\r\nUtcTime: 2026-02-04 03:42:23.487\r\nProcessGuid: {de7f78ee-c01e-6982-e608-000000001e00}\r\nProcessId: 7280\r\nImage: C:\\Windows\\System32\\backgroundTaskHost.exe\r\nUser: WINDEV2308EVAL\\Secretary\""},"eventdata":{"utcTime":"2026-02-04 03:42:23.487","processGuid":"{de7f78ee-c01e-6982-e608-000000001e00}","processId":"7280","image":"C:\\\\Windows\\\\System32\\\\backgroundTaskHost.exe","user":"WINDEV2308EVAL\\\\Secretary"}}}
2026 Feb 03 20:43:12 (Secretary-Windows) any->EventChannel {"win":{"system":{"providerName":"Microsoft-Windows-Sysmon","providerGuid":"{5770385f-c22a-43e0-bf4c-06f5698ffbd9}","eventID":"5","version":"3","level":"4","task":"5","opcode":"0","keywords":"0x8000000000000000","systemTime":"2026-02-04T03:42:31.5601285Z","eventRecordID":"2924","processID":"2824","threadID":"3588","channel":"Microsoft-Windows-Sysmon/Operational","computer":"WinDev2308Eval","severityValue":"INFORMATION","message":"\"Process terminated:\r\nRuleName: -\r\nUtcTime: 2026-02-04 03:42:31.559\r\nProcessGuid: {de7f78ee-c007-6982-df08-000000001e00}\r\nProcessId: 4144\r\nImage: C:\\Program Files (x86)\\Microsoft\\Edge\\Application\\msedge.exe\r\nUser: WINDEV2308EVAL\\Secretary\""},"eventdata":{"utcTime":"2026-02-04 03:42:31.559","processGuid":"{de7f78ee-c007-6982-df08-000000001e00}","processId":"4144","image":"C:\\\\Program Files (x86)\\\\Microsoft\\\\Edge\\\\Application\\\\msedge.exe","user":"WINDEV2308EVAL\\\\Secretary"}}}
2026 Feb 03 20:43:12 (Secretary-Windows) any->EventChannel {"win":{"system":{"providerName":"Microsoft-Windows-Sysmon","providerGuid":"{5770385f-c22a-43e0-bf4c-06f5698ffbd9}","eventID":"5","version":"3","level":"4","task":"5","opcode":"0","keywords":"0x8000000000000000","systemTime":"2026-02-04T03:42:40.1427499Z","eventRecordID":"2925","processID":"2824","threadID":"3588","channel":"Microsoft-Windows-Sysmon/Operational","computer":"WinDev2308Eval","severityValue":"INFORMATION","message":"\"Process terminated:\r\nRuleName: -\r\nUtcTime: 2026-02-04 03:42:40.142\r\nProcessGuid: {de7f78ee-bff4-6982-a108-000000001e00}\r\nProcessId: 7488\r\nImage: C:\\Windows\\System32\\OpenSSH\\sshd.exe\r\nUser: WINDEV2308EVAL\\Secretary\""},"eventdata":{"utcTime":"2026-02-04 03:42:40.142","processGuid":"{de7f78ee-bff4-6982-a108-000000001e00}","processId":"7488","image":"C:\\\\Windows\\\\System32\\\\OpenSSH\\\\sshd.exe","user":"WINDEV2308EVAL\\\\Secretary"}}}
2026 Feb 03 20:43:12 (Secretary-Windows) any->EventChannel {"win":{"system":{"providerName":"Microsoft-Windows-Sysmon","providerGuid":"{5770385f-c22a-43e0-bf4c-06f5698ffbd9}","eventID":"5","version":"3","level":"4","task":"5","opcode":"0","keywords":"0x8000000000000000","systemTime":"2026-02-04T03:42:40.1483793Z","eventRecordID":"2926","processID":"2824","threadID":"3588","channel":"Microsoft-Windows-Sysmon/Operational","computer":"WinDev2308Eval","severityValue":"INFORMATION","message":"\"Process terminated:\r\nRuleName: -\r\nUtcTime: 2026-02-04 03:42:40.148\r\nProcessGuid: {de7f78ee-bff4-6982-9f08-000000001e00}\r\nProcessId: 5096\r\nImage: C:\\Windows\\System32\\OpenSSH\\sshd.exe\r\nUser: NT AUTHORITY\\SYSTEM\""},"eventdata":{"utcTime":"2026-02-04 03:42:40.148","processGuid":"{de7f78ee-bff4-6982-9f08-000000001e00}","processId":"5096","image":"C:\\\\Windows\\\\System32\\\\OpenSSH\\\\sshd.exe","user":"NT AUTHORITY\\\\SYSTEM"}}}
2026 Feb 03 20:43:12 (Secretary-Windows) any->EventChannel {"win":{"system":{"providerName":"Microsoft-Windows-Sysmon","providerGuid":"{5770385f-c22a-43e0-bf4c-06f5698ffbd9}","eventID":"1","version":"5","level":"4","task":"1","opcode":"0","keywords":"0x8000000000000000","systemTime":"2026-02-04T03:42:50.2594114Z","eventRecordID":"2927","processID":"2824","threadID":"3588","channel":"Microsoft-Windows-Sysmon/Operational","computer":"WinDev2308Eval","severityValue":"INFORMATION","message":"\"Process Create:\r\nRuleName: -\r\nUtcTime: 2026-02-04 03:42:50.248\r\nProcessGuid: {de7f78ee-c03a-6982-e808-000000001e00}\r\nProcessId: 952\r\nImage: C:\\Program Files (x86)\\Microsoft\\Edge\\Application\\msedge.exe\r\nFileVersion: 144.0.3719.104\r\nDescription: Microsoft Edge\r\nProduct: Microsoft Edge\r\nCompany: Microsoft Corporation\r\nOriginalFileName: msedge.exe\r\nCommandLine: \"C:\\Program Files (x86)\\Microsoft\\Edge\\Application\\msedge.exe\" --type=utility --utility-sub-type=edge_search_indexer.mojom.SearchIndexerInterfaceBroker --lang=en-US --service-sandbox-type=search_indexer --message-loop-type-ui --noerrdialogs --user-data-dir=\"C:\\Users\\SECRET~1\\AppData\\Local\\Temp\\scoped_dir3900_656265703\" --ram-no-pressure-read-main-dll --field-trial-handle=2604,i,6610243335601279478,16027879223574631205,262144 --enable-features=msMetricsLogFastStartup,msSendMetricsLogOnClose --disable-features=IgnoreDuplicateNavs,PaintHolding,Prewarm --variations-seed-version --trace-process-track-uuid=3190709001304541078 --enable-logging=handle --log-file=5272 --log-level=0 --mojo-platform-channel-handle=4668 /prefetch:14\r\nCurrentDirectory: C:\\Program Files (x86)\\Microsoft\\Edge\\Application\\144.0.3719.104\\\r\nUser: WINDEV2308EVAL\\Secretary\r\nLogonGuid: {de7f78ee-4b47-6982-f4f1-3d0000000000}\r\nLogonId: 0x3DF1F4\r\nTerminalSessionId: 2\r\nIntegrityLevel: Low\r\nHashes: SHA256=C93DB508A45D9D394C38BA5BDC9A131C4CA09D4BF96EED2AD4794E10E359D2B8\r\nParentProcessGuid: {de7f78ee-bffd-6982-d208-000000001e00}\r\nParentProcessId: 4868\r\nParentImage: C:\\Program Files (x86)\\Microsoft\\Edge\\Application\\msedge.exe\r\nParentCommandLine: \"C:\\Program Files (x86)\\Microsoft\\Edge\\Application\\msedge.exe\" --allow-pre-commit-input --disable-background-networking --disable-backgrounding-occluded-windows --disable-client-side-phishing-detection --disable-default-apps --disable-features=IgnoreDuplicateNavs,Prewarm --disable-hang-monitor --disable-popup-blocking --disable-prompt-on-repost --disable-sync --edge-skip-compat-layer-relaunch --enable-automation --enable-logging --headless --log-level=0 --no-first-run --no-service-autorun --password-store=basic --remote-debugging-port=0 --start-maximized --test-type=webdriver --use-mock-keychain --user-data-dir=\"C:\\Users\\SECRET~1\\AppData\\Local\\Temp\\scoped_dir3900_656265703\" --window-size=1920,1080 data:,\r\nParentUser: WINDEV2308EVAL\\Secretary\""},"eventdata":{"utcTime":"2026-02-04 03:42:50.248","processGuid":"{de7f78ee-c03a-6982-e808-000000001e00}","processId":"952","image":"C:\\\\Program Files (x86)\\\\Microsoft\\\\Edge\\\\Application\\\\msedge.exe","fileVersion":"144.0.3719.104","description":"Microsoft Edge","product":"Microsoft Edge","company":"Microsoft Corporation","originalFileName":"msedge.exe","commandLine":"\\\"C:\\\\Program Files (x86)\\\\Microsoft\\\\Edge\\\\Application\\\\msedge.exe\\\" --type=utility --utility-sub-type=edge_search_indexer.mojom.SearchIndexerInterfaceBroker --lang=en-US --service-sandbox-type=search_indexer --message-loop-type-ui --noerrdialogs --user-data-dir=\\\"C:\\\\Users\\\\SECRET~1\\\\AppData\\\\Local\\\\Temp\\\\scoped_dir3900_656265703\\\" --ram-no-pressure-read-main-dll --field-trial-handle=2604,i,6610243335601279478,16027879223574631205,262144 --enable-features=msMetricsLogFastStartup,msSendMetricsLogOnClose --disable-features=IgnoreDuplicateNavs,PaintHolding,Prewarm --variations-seed-version --trace-process-track-uuid=3190709001304541078 --enable-logging=handle --log-file=5272 --log-level=0 --mojo-platform-channel-handle=4668 /prefetch:14","currentDirectory":"C:\\\\Program Files (x86)\\\\Microsoft\\\\Edge\\\\Application\\\\144.0.3719.104\\\\","user":"WINDEV2308EVAL\\\\Secretary","logonGuid":"{de7f78ee-4b47-6982-f4f1-3d0000000000}","logonId":"0x3df1f4","terminalSessionId":"2","integrityLevel":"Low","hashes":"SHA256=C93DB508A45D9D394C38BA5BDC9A131C4CA09D4BF96EED2AD4794E10E359D2B8","parentProcessGuid":"{de7f78ee-bffd-6982-d208-000000001e00}","parentProcessId":"4868","parentImage":"C:\\\\Program Files (x86)\\\\Microsoft\\\\Edge\\\\Application\\\\msedge.exe","parentCommandLine":"\\\"C:\\\\Program Files (x86)\\\\Microsoft\\\\Edge\\\\Application\\\\msedge.exe\\\" --allow-pre-commit-input --disable-background-networking --disable-backgrounding-occluded-windows --disable-client-side-phishing-detection --disable-default-apps --disable-features=IgnoreDuplicateNavs,Prewarm --disable-hang-monitor --disable-popup-blocking --disable-prompt-on-repost --disable-sync --edge-skip-compat-layer-relaunch --enable-automation --enable-logging --headless --log-level=0 --no-first-run --no-service-autorun --password-store=basic --remote-debugging-port=0 --start-maximized --test-type=webdriver --use-mock-keychain --user-data-dir=\\\"C:\\\\Users\\\\SECRET~1\\\\AppData\\\\Local\\\\Temp\\\\scoped_dir3900_656265703\\\" --window-size=1920,1080 data:,","parentUser":"WINDEV2308EVAL\\\\Secretary"}}}
2026 Feb 03 20:43:12 (Secretary-Windows) any->EventChannel {"win":{"system":{"providerName":"Microsoft-Windows-Sysmon","providerGuid":"{5770385f-c22a-43e0-bf4c-06f5698ffbd9}","eventID":"1","version":"5","level":"4","task":"1","opcode":"0","keywords":"0x8000000000000000","systemTime":"2026-02-04T03:42:50.8280084Z","eventRecordID":"2928","processID":"2824","threadID":"3588","channel":"Microsoft-Windows-Sysmon/Operational","computer":"WinDev2308Eval","severityValue":"INFORMATION","message":"\"Process Create:\r\nRuleName: -\r\nUtcTime: 2026-02-04 03:42:50.816\r\nProcessGuid: {de7f78ee-c03a-6982-e908-000000001e00}\r\nProcessId: 7216\r\nImage: C:\\Windows\\System32\\RuntimeBroker.exe\r\nFileVersion: 10.0.22621.5415 (WinBuild.160101.0800)\r\nDescription: Runtime Broker\r\nProduct: Microsoft® Windows® Operating System\r\nCompany: Microsoft Corporation\r\nOriginalFileName: RuntimeBroker.exe\r\nCommandLine: C:\\Windows\\System32\\RuntimeBroker.exe -Embedding\r\nCurrentDirectory: C:\\Windows\\system32\\\r\nUser: WINDEV2308EVAL\\Secretary\r\nLogonGuid: {de7f78ee-4b47-6982-f4f1-3d0000000000}\r\nLogonId: 0x3DF1F4\r\nTerminalSessionId: 2\r\nIntegrityLevel: Medium\r\nHashes: SHA256=5F40EEC9673436AE1EA4DD3770F773C26B3D035A6A4DECFC981571168193B904\r\nParentProcessGuid: {de7f78ee-0035-6980-0f00-000000001e00}\r\nParentProcessId: 896\r\nParentImage: C:\\Windows\\System32\\svchost.exe\r\nParentCommandLine: C:\\Windows\\system32\\svchost.exe -k DcomLaunch -p\r\nParentUser: NT AUTHORITY\\SYSTEM\""},"eventdata":{"utcTime":"2026-02-04 03:42:50.816","processGuid":"{de7f78ee-c03a-6982-e908-000000001e00}","processId":"7216","image":"C:\\\\Windows\\\\System32\\\\RuntimeBroker.exe","fileVersion":"10.0.22621.5415 (WinBuild.160101.0800)","description":"Runtime Broker","product":"Microsoft® Windows® Operating System","company":"Microsoft Corporation","originalFileName":"RuntimeBroker.exe","commandLine":"C:\\\\Windows\\\\System32\\\\RuntimeBroker.exe -Embedding","currentDirectory":"C:\\\\Windows\\\\system32\\\\","user":"WINDEV2308EVAL\\\\Secretary","logonGuid":"{de7f78ee-4b47-6982-f4f1-3d0000000000}","logonId":"0x3df1f4","terminalSessionId":"2","integrityLevel":"Medium","hashes":"SHA256=5F40EEC9673436AE1EA4DD3770F773C26B3D035A6A4DECFC981571168193B904","parentProcessGuid":"{de7f78ee-0035-6980-0f00-000000001e00}","parentProcessId":"896","parentImage":"C:\\\\Windows\\\\System32\\\\svchost.exe","parentCommandLine":"C:\\\\Windows\\\\system32\\\\svchost.exe -k DcomLaunch -p","parentUser":"NT AUTHORITY\\\\SYSTEM"}}}
2026 Feb 03 20:43:12 (OPNsense.localdomain) any->syscollector {"data":{"architecture":"amd64","checksum":"36d6cc7889a8869f4416b617ea30e4875bcd465b","description":"IEEE 802.11 AP, IEEE 802.1X/WPA/WPA2/EAP/RADIUS Authenticator","format":"pkg","groups":" ","install_time":"1767391949","item_id":"2ed9ac85fd6114d53de7da3453bb901c451a190c","location":" ","name":"hostapd","priority":" ","scan_time":"2026/02/03 19:12:07","size":"702453","source":"OPNsense","vendor":"cy@FreeBSD.org","version":"2.11_1"},"operation":"MODIFIED","type":"dbsync_packages"}
2026 Feb 03 20:43:12 (Secretary-Windows) any->EventChannel {"win":{"system":{"providerName":"Microsoft-Windows-Sysmon","providerGuid":"{5770385f-c22a-43e0-bf4c-06f5698ffbd9}","eventID":"1","version":"5","level":"4","task":"1","opcode":"0","keywords":"0x8000000000000000","systemTime":"2026-02-04T03:42:52.0344935Z","eventRecordID":"2929","processID":"2824","threadID":"3588","channel":"Microsoft-Windows-Sysmon/Operational","computer":"WinDev2308Eval","severityValue":"INFORMATION","message":"\"Process Create:\r\nRuleName: -\r\nUtcTime: 2026-02-04 03:42:52.023\r\nProcessGuid: {de7f78ee-c03c-6982-ea08-000000001e00}\r\nProcessId: 3904\r\nImage: C:\\Windows\\System32\\SearchProtocolHost.exe\r\nFileVersion: 7.0.22621.6060 (WinBuild.160101.0800)\r\nDescription: Microsoft Windows Search Protocol Host\r\nProduct: Windows® Search\r\nCompany: Microsoft Corporation\r\nOriginalFileName: SearchProtocolHost.exe\r\nCommandLine: \"C:\\Windows\\System32\\SearchProtocolHost.exe\" Global\\UsGthrFltPipeMssGthrPipe_S-1-5-21-3116511072-3024718013-308258476-100141_ Global\\UsGthrCtrlFltPipeMssGthrPipe_S-1-5-21-3116511072-3024718013-308258476-100141 1 -2147483646 \"Software\\Microsoft\\Windows Search\" \"Mozilla/4.0 (compatible; MSIE 6.0; Windows NT; MS Search 4.0 Robot)\" \"C:\\ProgramData\\Microsoft\\Search\\Data\\Temp\\usgthrsvc\" \"DownLevelDaemon\"  \"1\"\r\nCurrentDirectory: C:\\Windows\\system32\\\r\nUser: WINDEV2308EVAL\\Secretary\r\nLogonGuid: {de7f78ee-4b47-6982-f4f1-3d0000000000}\r\nLogonId: 0x3DF1F4\r\nTerminalSessionId: 2\r\nIntegrityLevel: Medium\r\nHashes: SHA256=F15422BCCDDB3D2BD96C3FC408E8112367A6692E29730CF04894210C0894C4E2\r\nParentProcessGuid: {de7f78ee-0060-6980-9c00-000000001e00}\r\nParentProcessId: 5064\r\nParentImage: C:\\Windows\\System32\\SearchIndexer.exe\r\nParentCommandLine: C:\\Windows\\system32\\SearchIndexer.exe /Embedding\r\nParentUser: NT AUTHORITY\\SYSTEM\""},"eventdata":{"utcTime":"2026-02-04 03:42:52.023","processGuid":"{de7f78ee-c03c-6982-ea08-000000001e00}","processId":"3904","image":"C:\\\\Windows\\\\System32\\\\SearchProtocolHost.exe","fileVersion":"7.0.22621.6060 (WinBuild.160101.0800)","description":"Microsoft Windows Search Protocol Host","product":"Windows® Search","company":"Microsoft Corporation","originalFileName":"SearchProtocolHost.exe","commandLine":"\\\"C:\\\\Windows\\\\System32\\\\SearchProtocolHost.exe\\\" Global\\\\UsGthrFltPipeMssGthrPipe_S-1-5-21-3116511072-3024718013-308258476-100141_ Global\\\\UsGthrCtrlFltPipeMssGthrPipe_S-1-5-21-3116511072-3024718013-308258476-100141 1 -2147483646 \\\"Software\\\\Microsoft\\\\Windows Search\\\" \\\"Mozilla/4.0 (compatible; MSIE 6.0; Windows NT; MS Search 4.0 Robot)\\\" \\\"C:\\\\ProgramData\\\\Microsoft\\\\Search\\\\Data\\\\Temp\\\\usgthrsvc\\\" \\\"DownLevelDaemon\\\"  \\\"1\\\"","currentDirectory":"C:\\\\Windows\\\\system32\\\\","user":"WINDEV2308EVAL\\\\Secretary","logonGuid":"{de7f78ee-4b47-6982-f4f1-3d0000000000}","logonId":"0x3df1f4","terminalSessionId":"2","integrityLevel":"Medium","hashes":"SHA256=F15422BCCDDB3D2BD96C3FC408E8112367A6692E29730CF04894210C0894C4E2","parentProcessGuid":"{de7f78ee-0060-6980-9c00-000000001e00}","parentProcessId":"5064","parentImage":"C:\\\\Windows\\\\System32\\\\SearchIndexer.exe","parentCommandLine":"C:\\\\Windows\\\\system32\\\\SearchIndexer.exe /Embedding","parentUser":"NT AUTHORITY\\\\SYSTEM"}}}
2026 Feb 03 20:43:12 (Secretary-Windows) any->EventChannel {"win":{"system":{"providerName":"Microsoft-Windows-Sysmon","providerGuid":"{5770385f-c22a-43e0-bf4c-06f5698ffbd9}","eventID":"1","version":"5","level":"4","task":"1","opcode":"0","keywords":"0x8000000000000000","systemTime":"2026-02-04T03:43:00.9767366Z","eventRecordID":"2930","processID":"2824","threadID":"3588","channel":"Microsoft-Windows-Sysmon/Operational","computer":"WinDev2308Eval","severityValue":"INFORMATION","message":"\"Process Create:\r\nRuleName: -\r\nUtcTime: 2026-02-04 03:43:00.969\r\nProcessGuid: {de7f78ee-c044-6982-eb08-000000001e00}\r\nProcessId: 4328\r\nImage: C:\\Program Files (x86)\\Microsoft\\Edge\\Application\\msedge.exe\r\nFileVersion: 144.0.3719.104\r\nDescription: Microsoft Edge\r\nProduct: Microsoft Edge\r\nCompany: Microsoft Corporation\r\nOriginalFileName: msedge.exe\r\nCommandLine: \"C:\\Program Files (x86)\\Microsoft\\Edge\\Application\\msedge.exe\" --type=utility --utility-sub-type=unzip.mojom.Unzipper --lang=en-US --service-sandbox-type=service --noerrdialogs --user-data-dir=\"C:\\Users\\SECRET~1\\AppData\\Local\\Temp\\scoped_dir3900_656265703\" --skip-read-main-dll --field-trial-handle=2604,i,6610243335601279478,16027879223574631205,262144 --enable-features=msMetricsLogFastStartup,msSendMetricsLogOnClose --disable-features=IgnoreDuplicateNavs,PaintHolding,Prewarm --variations-seed-version --trace-process-track-uuid=3190709002241582927 --enable-logging=handle --log-file=5828 --log-level=0 --mojo-platform-channel-handle=1944 /prefetch:14\r\nCurrentDirectory: C:\\Program Files (x86)\\Microsoft\\Edge\\Application\\144.0.3719.104\\\r\nUser: WINDEV2308EVAL\\Secretary\r\nLogonGuid: {de7f78ee-4b47-6982-f4f1-3d0000000000}\r\nLogonId: 0x3DF1F4\r\nTerminalSessionId: 2\r\nIntegrityLevel: Low\r\nHashes: SHA256=C93DB508A45D9D394C38BA5BDC9A131C4CA09D4BF96EED2AD4794E10E359D2B8\r\nParentProcessGuid: {de7f78ee-bffd-6982-d208-000000001e00}\r\nParentProcessId: 4868\r\nParentImage: C:\\Program Files (x86)\\Microsoft\\Edge\\Application\\msedge.exe\r\nParentCommandLine: \"C:\\Program Files (x86)\\Microsoft\\Edge\\Application\\msedge.exe\" --allow-pre-commit-input --disable-background-networking --disable-backgrounding-occluded-windows --disable-client-side-phishing-detection --disable-default-apps --disable-features=IgnoreDuplicateNavs,Prewarm --disable-hang-monitor --disable-popup-blocking --disable-prompt-on-repost --disable-sync --edge-skip-compat-layer-relaunch --enable-automation --enable-logging --headless --log-level=0 --no-first-run --no-service-autorun --password-store=basic --remote-debugging-port=0 --start-maximized --test-type=webdriver --use-mock-keychain --user-data-dir=\"C:\\Users\\SECRET~1\\AppData\\Local\\Temp\\scoped_dir3900_656265703\" --window-size=1920,1080 data:,\r\nParentUser: WINDEV2308EVAL\\Secretary\""},"eventdata":{"utcTime":"2026-02-04 03:43:00.969","processGuid":"{de7f78ee-c044-6982-eb08-000000001e00}","processId":"4328","image":"C:\\\\Program Files (x86)\\\\Microsoft\\\\Edge\\\\Application\\\\msedge.exe","fileVersion":"144.0.3719.104","description":"Microsoft Edge","product":"Microsoft Edge","company":"Microsoft Corporation","originalFileName":"msedge.exe","commandLine":"\\\"C:\\\\Program Files (x86)\\\\Microsoft\\\\Edge\\\\Application\\\\msedge.exe\\\" --type=utility --utility-sub-type=unzip.mojom.Unzipper --lang=en-US --service-sandbox-type=service --noerrdialogs --user-data-dir=\\\"C:\\\\Users\\\\SECRET~1\\\\AppData\\\\Local\\\\Temp\\\\scoped_dir3900_656265703\\\" --skip-read-main-dll --field-trial-handle=2604,i,6610243335601279478,16027879223574631205,262144 --enable-features=msMetricsLogFastStartup,msSendMetricsLogOnClose --disable-features=IgnoreDuplicateNavs,PaintHolding,Prewarm --variations-seed-version --trace-process-track-uuid=3190709002241582927 --enable-logging=handle --log-file=5828 --log-level=0 --mojo-platform-channel-handle=1944 /prefetch:14","currentDirectory":"C:\\\\Program Files (x86)\\\\Microsoft\\\\Edge\\\\Application\\\\144.0.3719.104\\\\","user":"WINDEV2308EVAL\\\\Secretary","logonGuid":"{de7f78ee-4b47-6982-f4f1-3d0000000000}","logonId":"0x3df1f4","terminalSessionId":"2","integrityLevel":"Low","hashes":"SHA256=C93DB508A45D9D394C38BA5BDC9A131C4CA09D4BF96EED2AD4794E10E359D2B8","parentProcessGuid":"{de7f78ee-bffd-6982-d208-000000001e00}","parentProcessId":"4868","parentImage":"C:\\\\Program Files (x86)\\\\Microsoft\\\\Edge\\\\Application\\\\msedge.exe","parentCommandLine":"\\\"C:\\\\Program Files (x86)\\\\Microsoft\\\\Edge\\\\Application\\\\msedge.exe\\\" --allow-pre-commit-input --disable-background-networking --disable-backgrounding-occluded-windows --disable-client-side-phishing-detection --disable-default-apps --disable-features=IgnoreDuplicateNavs,Prewarm --disable-hang-monitor --disable-popup-blocking --disable-prompt-on-repost --disable-sync --edge-skip-compat-layer-relaunch --enable-automation --enable-logging --headless --log-level=0 --no-first-run --no-service-autorun --password-store=basic --remote-debugging-port=0 --start-maximized --test-type=webdriver --use-mock-keychain --user-data-dir=\\\"C:\\\\Users\\\\SECRET~1\\\\AppData\\\\Local\\\\Temp\\\\scoped_dir3900_656265703\\\" --window-size=1920,1080 data:,","parentUser":"WINDEV2308EVAL\\\\Secretary"}}}
2026 Feb 03 20:43:12 (Secretary-Windows) any->EventChannel {"win":{"system":{"providerName":"Microsoft-Windows-Sysmon","providerGuid":"{5770385f-c22a-43e0-bf4c-06f5698ffbd9}","eventID":"5","version":"3","level":"4","task":"5","opcode":"0","keywords":"0x8000000000000000","systemTime":"2026-02-04T03:43:01.0908850Z","eventRecordID":"2931","processID":"2824","threadID":"3588","channel":"Microsoft-Windows-Sysmon/Operational","computer":"WinDev2308Eval","severityValue":"INFORMATION","message":"\"Process terminated:\r\nRuleName: -\r\nUtcTime: 2026-02-04 03:43:01.090\r\nProcessGuid: {de7f78ee-c044-6982-eb08-000000001e00}\r\nProcessId: 4328\r\nImage: C:\\Program Files (x86)\\Microsoft\\Edge\\Application\\msedge.exe\r\nUser: WINDEV2308EVAL\\Secretary\""},"eventdata":{"utcTime":"2026-02-04 03:43:01.090","processGuid":"{de7f78ee-c044-6982-eb08-000000001e00}","processId":"4328","image":"C:\\\\Program Files (x86)\\\\Microsoft\\\\Edge\\\\Application\\\\msedge.exe","user":"WINDEV2308EVAL\\\\Secretary"}}}
2026 Feb 03 20:43:12 (Secretary-Windows) any->EventChannel {"win":{"system":{"providerName":"Microsoft-Windows-Sysmon","providerGuid":"{5770385f-c22a-43e0-bf4c-06f5698ffbd9}","eventID":"5","version":"3","level":"4","task":"5","opcode":"0","keywords":"0x8000000000000000","systemTime":"2026-02-04T03:43:03.5185293Z","eventRecordID":"2932","processID":"2824","threadID":"3588","channel":"Microsoft-Windows-Sysmon/Operational","computer":"WinDev2308Eval","severityValue":"INFORMATION","message":"\"Process terminated:\r\nRuleName: -\r\nUtcTime: 2026-02-04 03:43:03.514\r\nProcessGuid: {de7f78ee-c01f-6982-e708-000000001e00}\r\nProcessId: 6772\r\nImage: C:\\Windows\\System32\\RuntimeBroker.exe\r\nUser: WINDEV2308EVAL\\Secretary\""},"eventdata":{"utcTime":"2026-02-04 03:43:03.514","processGuid":"{de7f78ee-c01f-6982-e708-000000001e00}","processId":"6772","image":"C:\\\\Windows\\\\System32\\\\RuntimeBroker.exe","user":"WINDEV2308EVAL\\\\Secretary"}}}
2026 Feb 03 20:43:12 (Secretary-Windows) any->EventChannel {"win":{"system":{"providerName":"Microsoft-Windows-Sysmon","providerGuid":"{5770385f-c22a-43e0-bf4c-06f5698ffbd9}","eventID":"1","version":"5","level":"4","task":"1","opcode":"0","keywords":"0x8000000000000000","systemTime":"2026-02-04T03:43:12.9299194Z","eventRecordID":"2933","processID":"2824","threadID":"3588","channel":"Microsoft-Windows-Sysmon/Operational","computer":"WinDev2308Eval","severityValue":"INFORMATION","message":"\"Process Create:\r\nRuleName: -\r\nUtcTime: 2026-02-04 03:43:12.920\r\nProcessGuid: {de7f78ee-c050-6982-ec08-000000001e00}\r\nProcessId: 2944\r\nImage: C:\\Windows\\System32\\appidcertstorecheck.exe\r\nFileVersion: 10.0.22621.5415 (WinBuild.160101.0800)\r\nDescription: AppID Certificate Store Verification Task\r\nProduct: Microsoft® Windows® Operating System\r\nCompany: Microsoft Corporation\r\nOriginalFileName: AppIDCertstoreCheck.exe\r\nCommandLine: \"C:\\Windows\\system32\\appidcertstorecheck.exe\"\r\nCurrentDirectory: C:\\Windows\\system32\\\r\nUser: NT AUTHORITY\\LOCAL SERVICE\r\nLogonGuid: {de7f78ee-0036-6980-e503-000000000000}\r\nLogonId: 0x3E5\r\nTerminalSessionId: 0\r\nIntegrityLevel: System\r\nHashes: SHA256=CB79CA1E702F578EB9B42B7298B613D46B958CF11EA624D84E14B52D8C5CA840\r\nParentProcessGuid: {de7f78ee-0036-6980-1500-000000001e00}\r\nParentProcessId: 1080\r\nParentImage: C:\\Windows\\System32\\svchost.exe\r\nParentCommandLine: C:\\Windows\\system32\\svchost.exe -k netsvcs -p\r\nParentUser: NT AUTHORITY\\SYSTEM\""},"eventdata":{"utcTime":"2026-02-04 03:43:12.920","processGuid":"{de7f78ee-c050-6982-ec08-000000001e00}","processId":"2944","image":"C:\\\\Windows\\\\System32\\\\appidcertstorecheck.exe","fileVersion":"10.0.22621.5415 (WinBuild.160101.0800)","description":"AppID Certificate Store Verification Task","product":"Microsoft® Windows® Operating System","company":"Microsoft Corporation","originalFileName":"AppIDCertstoreCheck.exe","commandLine":"\\\"C:\\\\Windows\\\\system32\\\\appidcertstorecheck.exe\\\"","currentDirectory":"C:\\\\Windows\\\\system32\\\\","user":"NT AUTHORITY\\\\LOCAL SERVICE","logonGuid":"{de7f78ee-0036-6980-e503-000000000000}","logonId":"0x3e5","terminalSessionId":"0","integrityLevel":"System","hashes":"SHA256=CB79CA1E702F578EB9B42B7298B613D46B958CF11EA624D84E14B52D8C5CA840","parentProcessGuid":"{de7f78ee-0036-6980-1500-000000001e00}","parentProcessId":"1080","parentImage":"C:\\\\Windows\\\\System32\\\\svchost.exe","parentCommandLine":"C:\\\\Windows\\\\system32\\\\svchost.exe -k netsvcs -p","parentUser":"NT AUTHORITY\\\\SYSTEM"}}}
2026 Feb 03 20:43:12 (Secretary-Windows) any->EventChannel {"win":{"system":{"providerName":"Microsoft-Windows-Sysmon","providerGuid":"{5770385f-c22a-43e0-bf4c-06f5698ffbd9}","eventID":"1","version":"5","level":"4","task":"1","opcode":"0","keywords":"0x8000000000000000","systemTime":"2026-02-04T03:43:12.9802067Z","eventRecordID":"2934","processID":"2824","threadID":"3588","channel":"Microsoft-Windows-Sysmon/Operational","computer":"WinDev2308Eval","severityValue":"INFORMATION","message":"\"Process Create:\r\nRuleName: -\r\nUtcTime: 2026-02-04 03:43:12.965\r\nProcessGuid: {de7f78ee-c050-6982-ed08-000000001e00}\r\nProcessId: 7844\r\nImage: C:\\Windows\\System32\\conhost.exe\r\nFileVersion: 10.0.22621.5415 (WinBuild.160101.0800)\r\nDescription: Console Window Host\r\nProduct: Microsoft® Windows® Operating System\r\nCompany: Microsoft Corporation\r\nOriginalFileName: CONHOST.EXE\r\nCommandLine: \\??\\C:\\Windows\\system32\\conhost.exe 0xffffffff -ForceV1\r\nCurrentDirectory: C:\\Windows\r\nUser: NT AUTHORITY\\LOCAL SERVICE\r\nLogonGuid: {de7f78ee-0036-6980-e503-000000000000}\r\nLogonId: 0x3E5\r\nTerminalSessionId: 0\r\nIntegrityLevel: System\r\nHashes: SHA256=2266B396EF92534A2A2844438DF043D4069A2EC47D4E464F55E8C1CD47124A98\r\nParentProcessGuid: {de7f78ee-c050-6982-ec08-000000001e00}\r\nParentProcessId: 2944\r\nParentImage: C:\\Windows\\System32\\appidcertstorecheck.exe\r\nParentCommandLine: \"C:\\Windows\\system32\\appidcertstorecheck.exe\"\r\nParentUser: NT AUTHORITY\\LOCAL SERVICE\""},"eventdata":{"utcTime":"2026-02-04 03:43:12.965","processGuid":"{de7f78ee-c050-6982-ed08-000000001e00}","processId":"7844","image":"C:\\\\Windows\\\\System32\\\\conhost.exe","fileVersion":"10.0.22621.5415 (WinBuild.160101.0800)","description":"Console Window Host","product":"Microsoft® Windows® Operating System","company":"Microsoft Corporation","originalFileName":"CONHOST.EXE","commandLine":"\\\\??\\\\C:\\\\Windows\\\\system32\\\\conhost.exe 0xffffffff -ForceV1","currentDirectory":"C:\\\\Windows","user":"NT AUTHORITY\\\\LOCAL SERVICE","logonGuid":"{de7f78ee-0036-6980-e503-000000000000}","logonId":"0x3e5","terminalSessionId":"0","integrityLevel":"System","hashes":"SHA256=2266B396EF92534A2A2844438DF043D4069A2EC47D4E464F55E8C1CD47124A98","parentProcessGuid":"{de7f78ee-c050-6982-ec08-000000001e00}","parentProcessId":"2944","parentImage":"C:\\\\Windows\\\\System32\\\\appidcertstorecheck.exe","parentCommandLine":"\\\"C:\\\\Windows\\\\system32\\\\appidcertstorecheck.exe\\\"","parentUser":"NT AUTHORITY\\\\LOCAL SERVICE"}}}
2026 Feb 03 20:43:12 (OPNsense.localdomain) any->syscollector {"data":{"architecture":"amd64","checksum":"08bbfeca2e815c97825a3484b477bd0e6f973bb5","description":"High-performance multiple regex matching library","format":"pkg","groups":" ","install_time":"1721738679","item_id":"b8d32e2e58a6a7d38316e22d30d99c0c2b390332","location":" ","name":"hyperscan","priority":" ","scan_time":"2026/02/03 19:12:07","size":"19539614","source":"OPNsense","vendor":"vsevolod@FreeBSD.org","version":"5.4.2"},"operation":"MODIFIED","type":"dbsync_packages"}
2026 Feb 03 20:43:12 (Secretary-Windows) any->EventChannel {"win":{"system":{"providerName":"Microsoft-Windows-Sysmon","providerGuid":"{5770385f-c22a-43e0-bf4c-06f5698ffbd9}","eventID":"5","version":"3","level":"4","task":"5","opcode":"0","keywords":"0x8000000000000000","systemTime":"2026-02-04T03:43:13.1365080Z","eventRecordID":"2935","processID":"2824","threadID":"3588","channel":"Microsoft-Windows-Sysmon/Operational","computer":"WinDev2308Eval","severityValue":"INFORMATION","message":"\"Process terminated:\r\nRuleName: -\r\nUtcTime: 2026-02-04 03:43:13.135\r\nProcessGuid: {de7f78ee-bff7-6982-ac08-000000001e00}\r\nProcessId: 6052\r\nImage: C:\\Windows\\System32\\wbem\\WmiPrvSE.exe\r\nUser: NT AUTHORITY\\NETWORK SERVICE\""},"eventdata":{"utcTime":"2026-02-04 03:43:13.135","processGuid":"{de7f78ee-bff7-6982-ac08-000000001e00}","processId":"6052","image":"C:\\\\Windows\\\\System32\\\\wbem\\\\WmiPrvSE.exe","user":"NT AUTHORITY\\\\NETWORK SERVICE"}}}
2026 Feb 03 20:43:12 (Secretary-Windows) any->EventChannel {"win":{"system":{"providerName":"Microsoft-Windows-Sysmon","providerGuid":"{5770385f-c22a-43e0-bf4c-06f5698ffbd9}","eventID":"5","version":"3","level":"4","task":"5","opcode":"0","keywords":"0x8000000000000000","systemTime":"2026-02-04T03:43:13.1523972Z","eventRecordID":"2936","processID":"2824","threadID":"3588","channel":"Microsoft-Windows-Sysmon/Operational","computer":"WinDev2308Eval","severityValue":"INFORMATION","message":"\"Process terminated:\r\nRuleName: -\r\nUtcTime: 2026-02-04 03:43:13.151\r\nProcessGuid: {de7f78ee-c050-6982-ec08-000000001e00}\r\nProcessId: 2944\r\nImage: C:\\Windows\\System32\\appidcertstorecheck.exe\r\nUser: NT AUTHORITY\\LOCAL SERVICE\""},"eventdata":{"utcTime":"2026-02-04 03:43:13.151","processGuid":"{de7f78ee-c050-6982-ec08-000000001e00}","processId":"2944","image":"C:\\\\Windows\\\\System32\\\\appidcertstorecheck.exe","user":"NT AUTHORITY\\\\LOCAL SERVICE"}}}
2026 Feb 03 20:43:12 (Secretary-Windows) any->EventChannel {"win":{"system":{"providerName":"Microsoft-Windows-Sysmon","providerGuid":"{5770385f-c22a-43e0-bf4c-06f5698ffbd9}","eventID":"5","version":"3","level":"4","task":"5","opcode":"0","keywords":"0x8000000000000000","systemTime":"2026-02-04T03:43:13.1596755Z","eventRecordID":"2937","processID":"2824","threadID":"3588","channel":"Microsoft-Windows-Sysmon/Operational","computer":"WinDev2308Eval","severityValue":"INFORMATION","message":"\"Process terminated:\r\nRuleName: -\r\nUtcTime: 2026-02-04 03:43:13.158\r\nProcessGuid: {de7f78ee-c050-6982-ed08-000000001e00}\r\nProcessId: 7844\r\nImage: C:\\Windows\\System32\\conhost.exe\r\nUser: NT AUTHORITY\\LOCAL SERVICE\""},"eventdata":{"utcTime":"2026-02-04 03:43:13.158","processGuid":"{de7f78ee-c050-6982-ed08-000000001e00}","processId":"7844","image":"C:\\\\Windows\\\\System32\\\\conhost.exe","user":"NT AUTHORITY\\\\LOCAL SERVICE"}}}
