2026 Feb 03 20:43:10 (Secretary-Windows) any->EventChannel {"win":{"system":{"providerName":"Microsoft-Windows-Sysmon","providerGuid":"{5770385f-c22a-43e0-bf4c-06f5698ffbd9}","eventID":"1","version":"5","level":"4","task":"1","opcode":"0","keywords":"0x8000000000000000","systemTime":"2026-02-04T03:41:40.3381101Z","eventRecordID":"2804","processID":"2824","threadID":"3588","channel":"Microsoft-Windows-Sysmon/Operational","computer":"WinDev2308Eval","severityValue":"INFORMATION","message":"\"Process Create:\r\nRuleName: -\r\nUtcTime: 2026-02-04 03:41:40.333\r\nProcessGuid: {de7f78ee-bff4-6982-9f08-000000001e00}\r\nProcessId: 5096\r\nImage: C:\\Windows\\System32\\OpenSSH\\sshd.exe\r\nFileVersion: 9.5.4.1\r\nDescription: -\r\nProduct: OpenSSH for Windows\r\nCompany: -\r\nOriginalFileName: -\r\nCommandLine: \"C:\\Windows\\System32\\OpenSSH\\sshd.exe\" -R\r\nCurrentDirectory: C:\\\r\nUser: NT AUTHORITY\\SYSTEM\r\nLogonGuid: {de7f78ee-0035-6980-e703-000000000000}\r\nLogonId: 0x3E7\r\nTerminalSessionId: 0\r\nIntegrityLevel: System\r\nHashes: SHA256=012EB7B5A26F0DF163CF9F8EB0EF68493AB8A8A941DB1ABE310314EC947C6945\r\nParentProcessGuid: {de7f78ee-0039-6980-2f00-000000001e00}\r\nParentProcessId: 2644\r\nParentImage: C:\\Windows\\System32\\OpenSSH\\sshd.exe\r\nParentCommandLine: C:\\Windows\\System32\\OpenSSH\\sshd.exe\r\nParentUser: NT AUTHORITY\\SYSTEM\""},"eventdata":{"utcTime":"2026-02-04 03:41:40.333","processGuid":"{de7f78ee-bff4-6982-9f08-000000001e00}","processId":"5096","image":"C:\\\\Windows\\\\System32\\\\OpenSSH\\\\sshd.exe","fileVersion":"9.5.4.1","product":"OpenSSH for Windows","commandLine":"\\\"C:\\\\Windows\\\\System32\\\\OpenSSH\\\\sshd.exe\\\" -R","currentDirectory":"C:\\\\","user":"NT AUTHORITY\\\\SYSTEM","logonGuid":"{de7f78ee-0035-6980-e703-000000000000}","logonId":"0x3e7","terminalSessionId":"0","integrityLevel":"System","hashes":"SHA256=012EB7B5A26F0DF163CF9F8EB0EF68493AB8A8A941DB1ABE310314EC947C6945","parentProcessGuid":"{de7f78ee-0039-6980-2f00-000000001e00}","parentProcessId":"2644","parentImage":"C:\\\\Windows\\\\System32\\\\OpenSSH\\\\sshd.exe","parentCommandLine":"C:\\\\Windows\\\\System32\\\\OpenSSH\\\\sshd.exe","parentUser":"NT AUTHORITY\\\\SYSTEM"}}}
2026 Feb 03 20:43:10 (Secretary-Windows) any->EventChannel {"win":{"system":{"providerName":"Microsoft-Windows-Search","providerGuid":"{CA4E628D-8567-4896-AB6B-835B221F373F}","eventSourceName":"Windows Search Service","eventID":"10024","version":"0","level":"3","task":"3","opcode":"0","keywords":"0x80000000000000","systemTime":"2026-02-04T04:29:53.7491542Z","eventRecordID":"3109","processID":"5064","threadID":"0","channel":"Application","computer":"WinDev2308Eval","severityValue":"WARNING","message":"\"The filter host process 1044 did not respond and is being forcibly terminated. \n\""},"eventdata":{"extraInfo":" ","filterHostProcessID":"1044"}}}
2026 Feb 03 20:43:10 (OPNsense.localdomain) any->syscollector {"data":{"adapter":null,"checksum":"6a2a7035cab0206ecaa29c402f1cdfdb2c877c57","item_id":"b5a9b7d9174ccb74a3b9a57548f8f212873545d8","mac":"0c:a4:fa:c8:00:01","mtu":1500,"name":"vlan0.10","rx_bytes":49996522,"rx_dropped":0,"rx_errors":0,"rx_packets":361206,"scan_time":"2026/02/03 19:12:07","state":"up","tx_bytes":2517254722,"tx_dropped":0,"tx_errors":0,"tx_packets":1767145,"type":" "},"operation":"MODIFIED","type":"dbsync_network_iface"}
2026 Feb 03 20:43:10 (Secretary-Windows) any->EventChannel {"win":{"system":{"providerName":"Microsoft-Windows-Sysmon","providerGuid":"{5770385f-c22a-43e0-bf4c-06f5698ffbd9}","eventID":"1","version":"5","level":"4","task":"1","opcode":"0","keywords":"0x8000000000000000","systemTime":"2026-02-04T03:41:40.4561445Z","eventRecordID":"2805","processID":"2824","threadID":"3588","channel":"Microsoft-Windows-Sysmon/Operational","computer":"WinDev2308Eval","severityValue":"INFORMATION","message":"\"Process Create:\r\nRuleName: -\r\nUtcTime: 2026-02-04 03:41:40.448\r\nProcessGuid: {de7f78ee-bff4-6982-a008-000000001e00}\r\nProcessId: 5768\r\nImage: C:\\Windows\\System32\\OpenSSH\\sshd.exe\r\nFileVersion: 9.5.4.1\r\nDescription: -\r\nProduct: OpenSSH for Windows\r\nCompany: -\r\nOriginalFileName: -\r\nCommandLine: \"C:\\Windows\\System32\\OpenSSH\\sshd.exe\" -y\r\nCurrentDirectory: C:\\\r\nUser: VIRTUAL USERS\\sshd_5096\r\nLogonGuid: {de7f78ee-bff4-6982-aa2c-f90000000000}\r\nLogonId: 0xF92CAA\r\nTerminalSessionId: 0\r\nIntegrityLevel: High\r\nHashes: SHA256=012EB7B5A26F0DF163CF9F8EB0EF68493AB8A8A941DB1ABE310314EC947C6945\r\nParentProcessGuid: {de7f78ee-bff4-6982-9f08-000000001e00}\r\nParentProcessId: 5096\r\nParentImage: C:\\Windows\\System32\\OpenSSH\\sshd.exe\r\nParentCommandLine: \"C:\\Windows\\System32\\OpenSSH\\sshd.exe\" -R\r\nParentUser: NT AUTHORITY\\SYSTEM\""},"eventdata":{"utcTime":"2026-02-04 03:41:40.448","processGuid":"{de7f78ee-bff4-6982-a008-000000001e00}","processId":"5768","image":"C:\\\\Windows\\\\System32\\\\OpenSSH\\\\sshd.exe","fileVersion":"9.5.4.1","product":"OpenSSH for Windows","commandLine":"\\\"C:\\\\Windows\\\\System32\\\\OpenSSH\\\\sshd.exe\\\" -y","currentDirectory":"C:\\\\","user":"VIRTUAL USERS\\\\sshd_5096","logonGuid":"{de7f78ee-bff4-6982-aa2c-f90000000000}","logonId":"0xf92caa","terminalSessionId":"0","integrityLevel":"High","hashes":"SHA256=012EB7B5A26F0DF163CF9F8EB0EF68493AB8A8A941DB1ABE310314EC947C6945","parentProcessGuid":"{de7f78ee-bff4-6982-9f08-000000001e00}","parentProcessId":"5096","parentImage":"C:\\\\Windows\\\\System32\\\\OpenSSH\\\\sshd.exe","parentCommandLine":"\\\"C:\\\\Windows\\\\System32\\\\OpenSSH\\\\sshd.exe\\\" -R","parentUser":"NT AUTHORITY\\\\SYSTEM"}}}
2026 Feb 03 20:43:10 (OPNsense.localdomain) any->syscollector {"data":{"adapter":null,"checksum":"59ea482c4123483b0e44376f2632684eba33c852","item_id":"9c0ed56ef83886f5be419df0098da8ddaaba4c6c","mac":"00:00:00:00:00:00","mtu":33152,"name":"pflog0","rx_bytes":0,"rx_dropped":0,"rx_errors":0,"rx_packets":0,"scan_time":"2026/02/03 19:12:07","state":"down","tx_bytes":12780620,"tx_dropped":0,"tx_errors":0,"tx_packets":45179,"type":" "},"operation":"MODIFIED","type":"dbsync_network_iface"}
2026 Feb 03 20:43:10 (OPNsense.localdomain) any->syscollector {"data":{"adapter":null,"checksum":"8b2a7e7dc1487c68ebe77a23debc2ceda34a07a2","item_id":"9c90ae2e73266b8fb0cfa2a65f31af7b9dadc0d0","mac":"0c:a4:fa:c8:00:01","mtu":1500,"name":"vlan0.40","rx_bytes":4100428856,"rx_dropped":0,"rx_errors":0,"rx_packets":6268938,"scan_time":"2026/02/03 19:12:07","state":"up","tx_bytes":470937640,"tx_dropped":0,"tx_errors":0,"tx_packets":2266435,"type":" "},"operation":"MODIFIED","type":"dbsync_network_iface"}
2026 Feb 03 20:43:10 (Secretary-Windows) any->EventChannel {"win":{"system":{"providerName":"Microsoft-Windows-Search","providerGuid":"{CA4E628D-8567-4896-AB6B-835B221F373F}","eventSourceName":"Windows Search Service","eventID":"10024","version":"0","level":"3","task":"3","opcode":"0","keywords":"0x80000000000000","systemTime":"2026-02-04T04:31:53.6390256Z","eventRecordID":"3110","processID":"5064","threadID":"0","channel":"Application","computer":"WinDev2308Eval","severityValue":"WARNING","message":"\"The filter host process 8108 did not respond and is being forcibly terminated. \n\""},"eventdata":{"extraInfo":" ","filterHostProcessID":"8108"}}}
2026 Feb 03 20:43:10 (OPNsense.localdomain) any->syscollector {"data":{"adapter":null,"checksum":"b9877919c2c43f6a1ac9d3d910e4275c117c5ab8","item_id":"6d888175028c892697b1d5bbf0b49de88e9765c7","mac":"0c:a4:fa:c8:00:01","mtu":1500,"name":"vlan0.70","rx_bytes":13784281,"rx_dropped":0,"rx_errors":0,"rx_packets":47215,"scan_time":"2026/02/03 19:12:07","state":"up","tx_bytes":68535634,"tx_dropped":0,"tx_errors":0,"tx_packets":72415,"type":" "},"operation":"MODIFIED","type":"dbsync_network_iface"}
2026 Feb 03 20:43:10 (Secretary-Windows) any->EventChannel {"win":{"system":{"providerName":"Microsoft-Windows-Sysmon","providerGuid":"{5770385f-c22a-43e0-bf4c-06f5698ffbd9}","eventID":"5","version":"3","level":"4","task":"5","opcode":"0","keywords":"0x8000000000000000","systemTime":"2026-02-04T03:41:40.6319218Z","eventRecordID":"2806","processID":"2824","threadID":"3588","channel":"Microsoft-Windows-Sysmon/Operational","computer":"WinDev2308Eval","severityValue":"INFORMATION","message":"\"Process terminated:\r\nRuleName: -\r\nUtcTime: 2026-02-04 03:41:40.625\r\nProcessGuid: {de7f78ee-bff4-6982-a008-000000001e00}\r\nProcessId: 5768\r\nImage: C:\\Windows\\System32\\OpenSSH\\sshd.exe\r\nUser: VIRTUAL USERS\\sshd_5096\""},"eventdata":{"utcTime":"2026-02-04 03:41:40.625","processGuid":"{de7f78ee-bff4-6982-a008-000000001e00}","processId":"5768","image":"C:\\\\Windows\\\\System32\\\\OpenSSH\\\\sshd.exe","user":"VIRTUAL USERS\\\\sshd_5096"}}}
2026 Feb 03 20:43:10 (Secretary-Windows) any->EventChannel {"win":{"system":{"providerName":"Microsoft-Windows-Search","providerGuid":"{CA4E628D-8567-4896-AB6B-835B221F373F}","eventSourceName":"Windows Search Service","eventID":"10024","version":"0","level":"3","task":"3","opcode":"0","keywords":"0x80000000000000","systemTime":"2026-02-04T04:33:53.6229233Z","eventRecordID":"3111","processID":"5064","threadID":"0","channel":"Application","computer":"WinDev2308Eval","severityValue":"WARNING","message":"\"The filter host process 4544 did not respond and is being forcibly terminated. \n\""},"eventdata":{"extraInfo":" ","filterHostProcessID":"4544"}}}
2026 Feb 03 20:43:10 (Secretary-Windows) any->EventChannel {"win":{"system":{"providerName":"Microsoft-Windows-Sysmon","providerGuid":"{5770385f-c22a-43e0-bf4c-06f5698ffbd9}","eventID":"1","version":"5","level":"4","task":"1","opcode":"0","keywords":"0x8000000000000000","systemTime":"2026-02-04T03:41:40.6601547Z","eventRecordID":"2807","processID":"2824","threadID":"3588","channel":"Microsoft-Windows-Sysmon/Operational","computer":"WinDev2308Eval","severityValue":"INFORMATION","message":"\"Process Create:\r\nRuleName: -\r\nUtcTime: 2026-02-04 03:41:40.654\r\nProcessGuid: {de7f78ee-bff4-6982-a108-000000001e00}\r\nProcessId: 7488\r\nImage: C:\\Windows\\System32\\OpenSSH\\sshd.exe\r\nFileVersion: 9.5.4.1\r\nDescription: -\r\nProduct: OpenSSH for Windows\r\nCompany: -\r\nOriginalFileName: -\r\nCommandLine: \"C:\\Windows\\System32\\OpenSSH\\sshd.exe\" -z\r\nCurrentDirectory: C:\\\r\nUser: WINDEV2308EVAL\\Secretary\r\nLogonGuid: {de7f78ee-bff4-6982-d32f-f90000000000}\r\nLogonId: 0xF92FD3\r\nTerminalSessionId: 0\r\nIntegrityLevel: High\r\nHashes: SHA256=012EB7B5A26F0DF163CF9F8EB0EF68493AB8A8A941DB1ABE310314EC947C6945\r\nParentProcessGuid: {de7f78ee-bff4-6982-9f08-000000001e00}\r\nParentProcessId: 5096\r\nParentImage: C:\\Windows\\System32\\OpenSSH\\sshd.exe\r\nParentCommandLine: \"C:\\Windows\\System32\\OpenSSH\\sshd.exe\" -R\r\nParentUser: NT AUTHORITY\\SYSTEM\""},"eventdata":{"utcTime":"2026-02-04 03:41:40.654","processGuid":"{de7f78ee-bff4-6982-a108-000000001e00}","processId":"7488","image":"C:\\\\Windows\\\\System32\\\\OpenSSH\\\\sshd.exe","fileVersion":"9.5.4.1","product":"OpenSSH for Windows","commandLine":"\\\"C:\\\\Windows\\\\System32\\\\OpenSSH\\\\sshd.exe\\\" -z","currentDirectory":"C:\\\\","user":"WINDEV2308EVAL\\\\Secretary","logonGuid":"{de7f78ee-bff4-6982-d32f-f90000000000}","logonId":"0xf92fd3","terminalSessionId":"0","integrityLevel":"High","hashes":"SHA256=012EB7B5A26F0DF163CF9F8EB0EF68493AB8A8A941DB1ABE310314EC947C6945","parentProcessGuid":"{de7f78ee-bff4-6982-9f08-000000001e00}","parentProcessId":"5096","parentImage":"C:\\\\Windows\\\\System32\\\\OpenSSH\\\\sshd.exe","parentCommandLine":"\\\"C:\\\\Windows\\\\System32\\\\OpenSSH\\\\sshd.exe\\\" -R","parentUser":"NT AUTHORITY\\\\SYSTEM"}}}
2026 Feb 03 20:43:10 (Secretary-Windows) any->EventChannel {"win":{"system":{"providerName":"Microsoft-Windows-Security-SPP","providerGuid":"{E23B33B0-C8C9-472C-A5F9-F2BDFEA0F156}","eventSourceName":"Software Protection Platform Service","eventID":"16394","version":"0","level":"4","task":"0","opcode":"0","keywords":"0x80000000000000","systemTime":"2026-02-04T04:35:00.7845422Z","eventRecordID":"3112","processID":"4636","threadID":"0","channel":"Application","computer":"WinDev2308Eval","severityValue":"INFORMATION","message":"\"Offline downlevel migration succeeded.\""}}}
2026 Feb 03 20:43:10 (OPNsense.localdomain) any->syscollector {"data":{"adapter":null,"checksum":"0d3c61f441f3f92b81acbccedb55d57ce49fd4f4","item_id":"389dd5157f87800c403b4f33542a5379ae1dd6ab","mac":"0c:a4:fa:c8:00:01","mtu":1500,"name":"vlan0.20","rx_bytes":14849533,"rx_dropped":0,"rx_errors":0,"rx_packets":82224,"scan_time":"2026/02/03 19:12:07","state":"up","tx_bytes":1188163858,"tx_dropped":0,"tx_errors":0,"tx_packets":818722,"type":" "},"operation":"MODIFIED","type":"dbsync_network_iface"}
2026 Feb 03 20:43:10 (OPNsense.localdomain) any->syscollector {"data":{"adapter":null,"checksum":"9e0aa376252badfb1717b5c59cd7360c98b77c43","item_id":"77e4981ba0cd365ff1c5b004ad67fb14c40ae548","mac":"0c:a4:fa:c8:00:01","mtu":1500,"name":"vlan0.2","rx_bytes":1329819,"rx_dropped":0,"rx_errors":0,"rx_packets":6056,"scan_time":"2026/02/03 19:12:07","state":"up","tx_bytes":7582939,"tx_dropped":0,"tx_errors":0,"tx_packets":8138,"type":" "},"operation":"MODIFIED","type":"dbsync_network_iface"}
2026 Feb 03 20:43:10 (OPNsense.localdomain) any->syscollector {"data":{"adapter":null,"checksum":"471e01468d07d7c71646c60543dc59b9ac4987a5","item_id":"2f7aba0a3a1553de789f3620272a85885ee59d93","mac":"0c:a4:fa:c8:00:01","mtu":1500,"name":"vlan0.99","rx_bytes":27928539,"rx_dropped":0,"rx_errors":0,"rx_packets":115737,"scan_time":"2026/02/03 19:12:07","state":"up","tx_bytes":66831073,"tx_dropped":0,"tx_errors":0,"tx_packets":140518,"type":" "},"operation":"MODIFIED","type":"dbsync_network_iface"}
2026 Feb 03 20:43:10 (OPNsense.localdomain) any->syscollector {"data":{"adapter":null,"checksum":"7cf9eb35abcda97c0c3a830e7d08dbd198fba571","item_id":"ab39d1f46dc592f80a2ac8561e704de8e3d01034","mac":"0c:a4:fa:c8:00:00","mtu":1500,"name":"vtnet0","rx_bytes":785479906,"rx_dropped":0,"rx_errors":0,"rx_packets":5417654,"scan_time":"2026/02/03 19:12:07","state":"up","tx_bytes":4159811853,"tx_dropped":0,"tx_errors":0,"tx_packets":6739510,"type":"ethernet"},"operation":"MODIFIED","type":"dbsync_network_iface"}
2026 Feb 03 20:43:10 (OPNsense.localdomain) any->syscollector {"data":{"adapter":null,"checksum":"4c64c0244e229fbc18afa69315571567115b107a","item_id":"83f6301f174ef8add12e3e2a58a5b2b777da3e10","mac":"0c:a4:fa:c8:00:01","mtu":1500,"name":"vlan0.30","rx_bytes":3418218,"rx_dropped":0,"rx_errors":0,"rx_packets":40012,"scan_time":"2026/02/03 19:12:07","state":"up","tx_bytes":128037861,"tx_dropped":0,"tx_errors":0,"tx_packets":89623,"type":" "},"operation":"MODIFIED","type":"dbsync_network_iface"}
2026 Feb 03 20:43:10 (OPNsense.localdomain) any->syscollector {"data":{"adapter":null,"checksum":"04c8a6ff6488fe631cc98951134a820cc057e23d","item_id":"690d48f4c6290d7b1a6d4299aeb8608391702b35","mac":"0c:a4:fa:c8:00:01","mtu":1500,"name":"vlan0.60","rx_bytes":26972582,"rx_dropped":0,"rx_errors":0,"rx_packets":67045,"scan_time":"2026/02/03 19:12:07","state":"up","tx_bytes":713315106,"tx_dropped":0,"tx_errors":0,"tx_packets":494953,"type":" "},"operation":"MODIFIED","type":"dbsync_network_iface"}
2026 Feb 03 20:43:10 (OPNsense.localdomain) any->syscollector {"data":{"adapter":null,"checksum":"20f2ec1b5c9a2d7797f8d5e6fc263e19012e7e40","item_id":"dde1be5e464aa922a15128768a49666313b44d18","mac":"0c:a4:fa:c8:00:02","mtu":1500,"name":"vtnet2","rx_bytes":8640,"rx_dropped":0,"rx_errors":0,"rx_packets":0,"scan_time":"2026/02/03 19:12:07","state":"up","tx_bytes":10538,"tx_dropped":0,"tx_errors":0,"tx_packets":97,"type":"ethernet"},"operation":"MODIFIED","type":"dbsync_network_iface"}
2026 Feb 03 20:43:10 (OPNsense.localdomain) any->syscollector {"data":{"architecture":"amd64","checksum":"78f00d3ba11da87dfdd5ae64faf0fa2ed4d01ae0","description":"Beeps a certain duration and pitch out of the PC Speaker","format":"pkg","groups":" ","install_time":"1721738672","item_id":"762dae9cc925b2c7f3d87974f36f9abf83f00cc7","location":" ","name":"beep","priority":" ","scan_time":"2026/02/03 19:12:07","size":"9522","source":"OPNsense","vendor":"garga@FreeBSD.org","version":"1.0_2"},"operation":"MODIFIED","type":"dbsync_packages"}
2026 Feb 03 20:43:10 (OPNsense.localdomain) any->syscollector {"data":{"adapter":null,"checksum":"dda179138def00671c1b5cdbcd437b36868f498a","item_id":"34a2291badeeddf6acbbbc3580833a4df6b80db1","mac":"0c:a4:fa:c8:00:01","mtu":1500,"name":"vtnet1","rx_bytes":4266663111,"rx_dropped":0,"rx_errors":0,"rx_packets":6988436,"scan_time":"2026/02/03 19:12:07","state":"up","tx_bytes":888324173,"tx_dropped":0,"tx_errors":0,"tx_packets":5657957,"type":"ethernet"},"operation":"MODIFIED","type":"dbsync_network_iface"}
2026 Feb 03 20:43:10 (OPNsense.localdomain) any->syscollector {"data":{"architecture":"*","checksum":"9e64a90c320a35e4f77972ec53607e8c1e106c20","description":"Root certificate bundle from the Mozilla Project","format":"pkg","groups":" ","install_time":"1767391950","item_id":"5c4dfc54abce1891677e567fef4014e3c78ce3e8","location":" ","name":"ca_root_nss","priority":" ","scan_time":"2026/02/03 19:12:07","size":"810511","source":"OPNsense","vendor":"ports-secteam@FreeBSD.org","version":"3.104"},"operation":"MODIFIED","type":"dbsync_packages"}
2026 Feb 03 20:43:10 (Secretary-Windows) any->EventChannel {"win":{"system":{"providerName":"Microsoft-Windows-Sysmon","providerGuid":"{5770385f-c22a-43e0-bf4c-06f5698ffbd9}","eventID":"1","version":"5","level":"4","task":"1","opcode":"0","keywords":"0x8000000000000000","systemTime":"2026-02-04T03:41:40.7926027Z","eventRecordID":"2808","processID":"2824","threadID":"3588","channel":"Microsoft-Windows-Sysmon/Operational","computer":"WinDev2308Eval","severityValue":"INFORMATION","message":"\"Process Create:\r\nRuleName: -\r\nUtcTime: 2026-02-04 03:41:40.763\r\nProcessGuid: {de7f78ee-bff4-6982-a208-000000001e00}\r\nProcessId: 5288\r\nImage: C:\\Windows\\System32\\conhost.exe\r\nFileVersion: 10.0.22621.5415 (WinBuild.160101.0800)\r\nDescription: Console Window Host\r\nProduct: Microsoft® Windows® Operating System\r\nCompany: Microsoft Corporation\r\nOriginalFileName: CONHOST.EXE\r\nCommandLine: C:\\Windows\\system32\\conhost.exe --headless --width 0 --height 0 --signal 0x1f8 -- \"c:\\windows\\system32\\cmd.exe\" /c C:\\Users\\Secretary\\user_behavior_generation\\worker\\browser_task.bat https://www.miur.gov.it/web/guest/notizie news\r\nCurrentDirectory: C:\\Users\\Secretary\\\r\nUser: WINDEV2308EVAL\\Secretary\r\nLogonGuid: {de7f78ee-bff4-6982-d32f-f90000000000}\r\nLogonId: 0xF92FD3\r\nTerminalSessionId: 0\r\nIntegrityLevel: High\r\nHashes: SHA256=2266B396EF92534A2A2844438DF043D4069A2EC47D4E464F55E8C1CD47124A98\r\nParentProcessGuid: {de7f78ee-bff4-6982-a108-000000001e00}\r\nParentProcessId: 7488\r\nParentImage: C:\\Windows\\System32\\OpenSSH\\sshd.exe\r\nParentCommandLine: \"C:\\Windows\\System32\\OpenSSH\\sshd.exe\" -z\r\nParentUser: WINDEV2308EVAL\\Secretary\""},"eventdata":{"utcTime":"2026-02-04 03:41:40.763","processGuid":"{de7f78ee-bff4-6982-a208-000000001e00}","processId":"5288","image":"C:\\\\Windows\\\\System32\\\\conhost.exe","fileVersion":"10.0.22621.5415 (WinBuild.160101.0800)","description":"Console Window Host","product":"Microsoft® Windows® Operating System","company":"Microsoft Corporation","originalFileName":"CONHOST.EXE","commandLine":"C:\\\\Windows\\\\system32\\\\conhost.exe --headless --width 0 --height 0 --signal 0x1f8 -- \\\"c:\\\\windows\\\\system32\\\\cmd.exe\\\" /c C:\\\\Users\\\\Secretary\\\\user_behavior_generation\\\\worker\\\\browser_task.bat https://www.miur.gov.it/web/guest/notizie news","currentDirectory":"C:\\\\Users\\\\Secretary\\\\","user":"WINDEV2308EVAL\\\\Secretary","logonGuid":"{de7f78ee-bff4-6982-d32f-f90000000000}","logonId":"0xf92fd3","terminalSessionId":"0","integrityLevel":"High","hashes":"SHA256=2266B396EF92534A2A2844438DF043D4069A2EC47D4E464F55E8C1CD47124A98","parentProcessGuid":"{de7f78ee-bff4-6982-a108-000000001e00}","parentProcessId":"7488","parentImage":"C:\\\\Windows\\\\System32\\\\OpenSSH\\\\sshd.exe","parentCommandLine":"\\\"C:\\\\Windows\\\\System32\\\\OpenSSH\\\\sshd.exe\\\" -z","parentUser":"WINDEV2308EVAL\\\\Secretary"}}}
2026 Feb 03 20:43:10 (OPNsense.localdomain) any->syscollector {"data":{"architecture":"amd64","checksum":"8f3136192c1ab872488ed17b98f47bf3abc331a4","description":"Simple proxy arp daemon","format":"pkg","groups":" ","install_time":"1721738635","item_id":"1167b0973bb60cf96af4b22402b7588538f54e44","location":" ","name":"choparp","priority":" ","scan_time":"2026/02/03 19:12:07","size":"14311","source":"OPNsense","vendor":"garga@FreeBSD.org","version":"20150613_1"},"operation":"MODIFIED","type":"dbsync_packages"}
2026 Feb 03 20:43:10 (OPNsense.localdomain) any->syscollector {"data":{"architecture":"amd64","checksum":"8a04befe9637b6b486b7ea6e1735390568e5593e","description":"Free portable C++ libraries (without Boost.Python)","format":"pkg","groups":" ","install_time":"1767391935","item_id":"273411ca5db7d67521f0db1540847cdd27881e94","location":" ","name":"boost-libs","priority":" ","scan_time":"2026/02/03 19:12:07","size":"185562756","source":"OPNsense","vendor":"office@FreeBSD.org","version":"1.86.0_1"},"operation":"MODIFIED","type":"dbsync_packages"}
2026 Feb 03 20:43:10 (OPNsense.localdomain) any->syscollector {"data":{"architecture":"amd64","checksum":"210a509c9c33d8870d5d4ba1198dc2d424ba4eef","description":"Comprehensive filesystem mirroring and backup program","format":"pkg","groups":" ","install_time":"1721738650","item_id":"9395b27ef48a1ff1821088546113cac54a1a6941","location":" ","name":"cpdup","priority":" ","scan_time":"2026/02/03 19:12:07","size":"63753","source":"OPNsense","vendor":"gmarco@giovannelli.it","version":"1.22_1"},"operation":"MODIFIED","type":"dbsync_packages"}
2026 Feb 03 20:43:10 (OPNsense.localdomain) any->syscollector {"data":{"architecture":"amd64","checksum":"9c81cc022081b55b7c843646989adf1b8e715b7e","description":"Gather system statistics","format":"pkg","groups":" ","install_time":"1721738635","item_id":"9fab06bd3321b2021f1a840a775be8af4053f1e2","location":" ","name":"cpustats","priority":" ","scan_time":"2026/02/03 19:12:07","size":"7432","source":"OPNsense","vendor":"franco@opnsense.org","version":"0.1"},"operation":"MODIFIED","type":"dbsync_packages"}
2026 Feb 03 20:43:10 (OPNsense.localdomain) any->syscollector {"data":{"architecture":"amd64","checksum":"7148c78c82bb66f64934c49b227fe0c30804a5ef","description":"Generic-purpose lossless compression algorithm","format":"pkg","groups":" ","install_time":"1767391932","item_id":"926fdfb2c8d7507e5e8d728db7ee764ead97c69a","location":" ","name":"brotli","priority":" ","scan_time":"2026/02/03 19:12:07","size":"934452","source":"OPNsense","vendor":"osa@FreeBSD.org","version":"1.1.0,1"},"operation":"MODIFIED","type":"dbsync_packages"}
2026 Feb 03 20:43:10 (OPNsense.localdomain) any->/var/ossec/logs/opnsense_syslog.log Feb  3 20:43:11 OPNsense.localdomain filterlog[44472]: 115,,,fae559338f65e11c53669fc3642c93c2,vtnet0,match,pass,out,4,0x0,,63,59710,0,DF,6,tcp,60,10.0.99.14,104.21.40.220,36754,443,0,S,1811816079,,64240,,mss;sackOK;TS;nop;wscale
2026 Feb 03 20:43:10 (Secretary-Windows) any->EventChannel {"win":{"system":{"providerName":"Microsoft-Windows-Security-SPP","providerGuid":"{E23B33B0-C8C9-472C-A5F9-F2BDFEA0F156}","eventSourceName":"Software Protection Platform Service","eventID":"16384","version":"0","level":"4","task":"0","opcode":"0","keywords":"0x80000000000000","systemTime":"2026-02-04T04:35:35.4966709Z","eventRecordID":"3113","processID":"4636","threadID":"0","channel":"Application","computer":"WinDev2308Eval","severityValue":"INFORMATION","message":"\"Successfully scheduled Software Protection service for re-start at 2026-02-20T23:06:35Z. Reason: RulesEngine.\""},"eventdata":{"data":"2026-02-20T23:06:35Z, RulesEngine"}}}
2026 Feb 03 20:43:10 (Secretary-Windows) any->EventChannel {"win":{"system":{"providerName":"Microsoft-Windows-Sysmon","providerGuid":"{5770385f-c22a-43e0-bf4c-06f5698ffbd9}","eventID":"1","version":"5","level":"4","task":"1","opcode":"0","keywords":"0x8000000000000000","systemTime":"2026-02-04T03:41:40.8424445Z","eventRecordID":"2809","processID":"2824","threadID":"3588","channel":"Microsoft-Windows-Sysmon/Operational","computer":"WinDev2308Eval","severityValue":"INFORMATION","message":"\"Process Create:\r\nRuleName: -\r\nUtcTime: 2026-02-04 03:41:40.822\r\nProcessGuid: {de7f78ee-bff4-6982-a308-000000001e00}\r\nProcessId: 5324\r\nImage: C:\\Windows\\System32\\cmd.exe\r\nFileVersion: 10.0.22621.5840 (WinBuild.160101.0800)\r\nDescription: Windows Command Processor\r\nProduct: Microsoft® Windows® Operating System\r\nCompany: Microsoft Corporation\r\nOriginalFileName: Cmd.Exe\r\nCommandLine: c:\\windows\\system32\\cmd.exe /c C:\\Users\\Secretary\\user_behavior_generation\\worker\\browser_task.bat https://www.miur.gov.it/web/guest/notizie news\r\nCurrentDirectory: C:\\Users\\Secretary\\\r\nUser: WINDEV2308EVAL\\Secretary\r\nLogonGuid: {de7f78ee-bff4-6982-d32f-f90000000000}\r\nLogonId: 0xF92FD3\r\nTerminalSessionId: 0\r\nIntegrityLevel: High\r\nHashes: SHA256=ED1358CB5F7A7E4FA21E6B07EF1C6F664F0D363C60B4641AFF43F5602A0B3F6E\r\nParentProcessGuid: {de7f78ee-bff4-6982-a208-000000001e00}\r\nParentProcessId: 5288\r\nParentImage: C:\\Windows\\System32\\conhost.exe\r\nParentCommandLine: C:\\Windows\\system32\\conhost.exe --headless --width 0 --height 0 --signal 0x1f8 -- \"c:\\windows\\system32\\cmd.exe\" /c C:\\Users\\Secretary\\user_behavior_generation\\worker\\browser_task.bat https://www.miur.gov.it/web/guest/notizie news\r\nParentUser: WINDEV2308EVAL\\Secretary\""},"eventdata":{"utcTime":"2026-02-04 03:41:40.822","processGuid":"{de7f78ee-bff4-6982-a308-000000001e00}","processId":"5324","image":"C:\\\\Windows\\\\System32\\\\cmd.exe","fileVersion":"10.0.22621.5840 (WinBuild.160101.0800)","description":"Windows Command Processor","product":"Microsoft® Windows® Operating System","company":"Microsoft Corporation","originalFileName":"Cmd.Exe","commandLine":"c:\\\\windows\\\\system32\\\\cmd.exe /c C:\\\\Users\\\\Secretary\\\\user_behavior_generation\\\\worker\\\\browser_task.bat https://www.miur.gov.it/web/guest/notizie news","currentDirectory":"C:\\\\Users\\\\Secretary\\\\","user":"WINDEV2308EVAL\\\\Secretary","logonGuid":"{de7f78ee-bff4-6982-d32f-f90000000000}","logonId":"0xf92fd3","terminalSessionId":"0","integrityLevel":"High","hashes":"SHA256=ED1358CB5F7A7E4FA21E6B07EF1C6F664F0D363C60B4641AFF43F5602A0B3F6E","parentProcessGuid":"{de7f78ee-bff4-6982-a208-000000001e00}","parentProcessId":"5288","parentImage":"C:\\\\Windows\\\\System32\\\\conhost.exe","parentCommandLine":"C:\\\\Windows\\\\system32\\\\conhost.exe --headless --width 0 --height 0 --signal 0x1f8 -- \\\"c:\\\\windows\\\\system32\\\\cmd.exe\\\" /c C:\\\\Users\\\\Secretary\\\\user_behavior_generation\\\\worker\\\\browser_task.bat https://www.miur.gov.it/web/guest/notizie news","parentUser":"WINDEV2308EVAL\\\\Secretary"}}}
2026 Feb 03 20:43:10 (Secretary-Windows) any->EventChannel {"win":{"system":{"providerName":"Microsoft-Windows-Search","providerGuid":"{CA4E628D-8567-4896-AB6B-835B221F373F}","eventSourceName":"Windows Search Service","eventID":"10024","version":"0","level":"3","task":"3","opcode":"0","keywords":"0x80000000000000","systemTime":"2026-02-04T04:35:53.6170334Z","eventRecordID":"3114","processID":"5064","threadID":"0","channel":"Application","computer":"WinDev2308Eval","severityValue":"WARNING","message":"\"The filter host process 5036 did not respond and is being forcibly terminated. \n\""},"eventdata":{"extraInfo":" ","filterHostProcessID":"5036"}}}
2026 Feb 03 20:43:10 (Secretary-Windows) any->EventChannel {"win":{"system":{"providerName":"Microsoft-Windows-Sysmon","providerGuid":"{5770385f-c22a-43e0-bf4c-06f5698ffbd9}","eventID":"1","version":"5","level":"4","task":"1","opcode":"0","keywords":"0x8000000000000000","systemTime":"2026-02-04T03:41:40.9449952Z","eventRecordID":"2810","processID":"2824","threadID":"3588","channel":"Microsoft-Windows-Sysmon/Operational","computer":"WinDev2308Eval","severityValue":"INFORMATION","message":"\"Process Create:\r\nRuleName: -\r\nUtcTime: 2026-02-04 03:41:40.930\r\nProcessGuid: {de7f78ee-bff4-6982-a408-000000001e00}\r\nProcessId: 1644\r\nImage: C:\\Windows\\System32\\schtasks.exe\r\nFileVersion: 10.0.22621.5983 (WinBuild.160101.0800)\r\nDescription: Task Scheduler Configuration Tool\r\nProduct: Microsoft® Windows® Operating System\r\nCompany: Microsoft Corporation\r\nOriginalFileName: schtasks.exe\r\nCommandLine: schtasks  /run /tn OpenBrowser\r\nCurrentDirectory: C:\\Users\\Secretary\\\r\nUser: WINDEV2308EVAL\\Secretary\r\nLogonGuid: {de7f78ee-bff4-6982-d32f-f90000000000}\r\nLogonId: 0xF92FD3\r\nTerminalSessionId: 0\r\nIntegrityLevel: High\r\nHashes: SHA256=9A4E7E5B7DB54128308AF8CB5605DA371B460D092D49F10A735A2C67372A185A\r\nParentProcessGuid: {de7f78ee-bff4-6982-a308-000000001e00}\r\nParentProcessId: 5324\r\nParentImage: C:\\Windows\\System32\\cmd.exe\r\nParentCommandLine: c:\\windows\\system32\\cmd.exe /c C:\\Users\\Secretary\\user_behavior_generation\\worker\\browser_task.bat https://www.miur.gov.it/web/guest/notizie news\r\nParentUser: WINDEV2308EVAL\\Secretary\""},"eventdata":{"utcTime":"2026-02-04 03:41:40.930","processGuid":"{de7f78ee-bff4-6982-a408-000000001e00}","processId":"1644","image":"C:\\\\Windows\\\\System32\\\\schtasks.exe","fileVersion":"10.0.22621.5983 (WinBuild.160101.0800)","description":"Task Scheduler Configuration Tool","product":"Microsoft® Windows® Operating System","company":"Microsoft Corporation","originalFileName":"schtasks.exe","commandLine":"schtasks  /run /tn OpenBrowser","currentDirectory":"C:\\\\Users\\\\Secretary\\\\","user":"WINDEV2308EVAL\\\\Secretary","logonGuid":"{de7f78ee-bff4-6982-d32f-f90000000000}","logonId":"0xf92fd3","terminalSessionId":"0","integrityLevel":"High","hashes":"SHA256=9A4E7E5B7DB54128308AF8CB5605DA371B460D092D49F10A735A2C67372A185A","parentProcessGuid":"{de7f78ee-bff4-6982-a308-000000001e00}","parentProcessId":"5324","parentImage":"C:\\\\Windows\\\\System32\\\\cmd.exe","parentCommandLine":"c:\\\\windows\\\\system32\\\\cmd.exe /c C:\\\\Users\\\\Secretary\\\\user_behavior_generation\\\\worker\\\\browser_task.bat https://www.miur.gov.it/web/guest/notizie news","parentUser":"WINDEV2308EVAL\\\\Secretary"}}}
2026 Feb 03 20:43:10 (Secretary-Windows) any->EventChannel {"win":{"system":{"providerName":"Microsoft-Windows-Security-SPP","providerGuid":"{E23B33B0-C8C9-472C-A5F9-F2BDFEA0F156}","eventSourceName":"Software Protection Platform Service","eventID":"16394","version":"0","level":"4","task":"0","opcode":"0","keywords":"0x80000000000000","systemTime":"2026-02-04T04:38:14.5463312Z","eventRecordID":"3115","processID":"2544","threadID":"0","channel":"Application","computer":"WinDev2308Eval","severityValue":"INFORMATION","message":"\"Offline downlevel migration succeeded.\""}}}
2026 Feb 03 20:43:10 (OPNsense.localdomain) any->syscollector {"data":{"architecture":"amd64","checksum":"c4178bdea031286aa8720b3b498d5c6d593aaadf","description":"Command line tool and library for transferring data with URLs","format":"pkg","groups":" ","install_time":"1767391944","item_id":"590ecdc7aca3d5d14900e30e46b3c9f9a997feda","location":" ","name":"curl","priority":" ","scan_time":"2026/02/03 19:12:07","size":"3602248","source":"OPNsense","vendor":"sunpoet@FreeBSD.org","version":"8.11.1_1"},"operation":"MODIFIED","type":"dbsync_packages"}
2026 Feb 03 20:43:10 (Secretary-Windows) any->EventChannel {"win":{"system":{"providerName":"Microsoft-Windows-Sysmon","providerGuid":"{5770385f-c22a-43e0-bf4c-06f5698ffbd9}","eventID":"5","version":"3","level":"4","task":"5","opcode":"0","keywords":"0x8000000000000000","systemTime":"2026-02-04T03:41:41.0109290Z","eventRecordID":"2811","processID":"2824","threadID":"3588","channel":"Microsoft-Windows-Sysmon/Operational","computer":"WinDev2308Eval","severityValue":"INFORMATION","message":"\"Process terminated:\r\nRuleName: -\r\nUtcTime: 2026-02-04 03:41:41.000\r\nProcessGuid: {de7f78ee-bff4-6982-a408-000000001e00}\r\nProcessId: 1644\r\nImage: C:\\Windows\\System32\\schtasks.exe\r\nUser: WINDEV2308EVAL\\Secretary\""},"eventdata":{"utcTime":"2026-02-04 03:41:41.000","processGuid":"{de7f78ee-bff4-6982-a408-000000001e00}","processId":"1644","image":"C:\\\\Windows\\\\System32\\\\schtasks.exe","user":"WINDEV2308EVAL\\\\Secretary"}}}
2026 Feb 03 20:43:10 (Secretary-Windows) any->EventChannel {"win":{"system":{"providerName":"Microsoft-Windows-Security-SPP","providerGuid":"{E23B33B0-C8C9-472C-A5F9-F2BDFEA0F156}","eventSourceName":"Software Protection Platform Service","eventID":"16384","version":"0","level":"4","task":"0","opcode":"0","keywords":"0x80000000000000","systemTime":"2026-02-04T04:38:45.0390167Z","eventRecordID":"3116","processID":"2544","threadID":"0","channel":"Application","computer":"WinDev2308Eval","severityValue":"INFORMATION","message":"\"Successfully scheduled Software Protection service for re-start at 2026-02-20T23:06:45Z. Reason: RulesEngine.\""},"eventdata":{"data":"2026-02-20T23:06:45Z, RulesEngine"}}}
2026 Feb 03 20:43:10 (Secretary-Windows) any->EventChannel {"win":{"system":{"providerName":"Microsoft-Windows-Sysmon","providerGuid":"{5770385f-c22a-43e0-bf4c-06f5698ffbd9}","eventID":"1","version":"5","level":"4","task":"1","opcode":"0","keywords":"0x8000000000000000","systemTime":"2026-02-04T03:41:41.0256068Z","eventRecordID":"2812","processID":"2824","threadID":"3588","channel":"Microsoft-Windows-Sysmon/Operational","computer":"WinDev2308Eval","severityValue":"INFORMATION","message":"\"Process Create:\r\nRuleName: -\r\nUtcTime: 2026-02-04 03:41:41.018\r\nProcessGuid: {de7f78ee-bff5-6982-a508-000000001e00}\r\nProcessId: 6372\r\nImage: C:\\Windows\\System32\\cmd.exe\r\nFileVersion: 10.0.22621.5840 (WinBuild.160101.0800)\r\nDescription: Windows Command Processor\r\nProduct: Microsoft® Windows® Operating System\r\nCompany: Microsoft Corporation\r\nOriginalFileName: Cmd.Exe\r\nCommandLine: C:\\Windows\\SYSTEM32\\cmd.exe /c \"\"C:\\Users\\Secretary\\user_behavior_generation\\worker\\browser_task.bat\"\"\r\nCurrentDirectory: C:\\Windows\\system32\\\r\nUser: WINDEV2308EVAL\\Secretary\r\nLogonGuid: {de7f78ee-4b47-6982-f4f1-3d0000000000}\r\nLogonId: 0x3DF1F4\r\nTerminalSessionId: 2\r\nIntegrityLevel: Medium\r\nHashes: SHA256=ED1358CB5F7A7E4FA21E6B07EF1C6F664F0D363C60B4641AFF43F5602A0B3F6E\r\nParentProcessGuid: {de7f78ee-0036-6980-1500-000000001e00}\r\nParentProcessId: 1080\r\nParentImage: C:\\Windows\\System32\\svchost.exe\r\nParentCommandLine: C:\\Windows\\system32\\svchost.exe -k netsvcs -p\r\nParentUser: NT AUTHORITY\\SYSTEM\""},"eventdata":{"utcTime":"2026-02-04 03:41:41.018","processGuid":"{de7f78ee-bff5-6982-a508-000000001e00}","processId":"6372","image":"C:\\\\Windows\\\\System32\\\\cmd.exe","fileVersion":"10.0.22621.5840 (WinBuild.160101.0800)","description":"Windows Command Processor","product":"Microsoft® Windows® Operating System","company":"Microsoft Corporation","originalFileName":"Cmd.Exe","commandLine":"C:\\\\Windows\\\\SYSTEM32\\\\cmd.exe /c \\\"\\\"C:\\\\Users\\\\Secretary\\\\user_behavior_generation\\\\worker\\\\browser_task.bat\\\"\\\"","currentDirectory":"C:\\\\Windows\\\\system32\\\\","user":"WINDEV2308EVAL\\\\Secretary","logonGuid":"{de7f78ee-4b47-6982-f4f1-3d0000000000}","logonId":"0x3df1f4","terminalSessionId":"2","integrityLevel":"Medium","hashes":"SHA256=ED1358CB5F7A7E4FA21E6B07EF1C6F664F0D363C60B4641AFF43F5602A0B3F6E","parentProcessGuid":"{de7f78ee-0036-6980-1500-000000001e00}","parentProcessId":"1080","parentImage":"C:\\\\Windows\\\\System32\\\\svchost.exe","parentCommandLine":"C:\\\\Windows\\\\system32\\\\svchost.exe -k netsvcs -p","parentUser":"NT AUTHORITY\\\\SYSTEM"}}}
2026 Feb 03 20:43:10 (Secretary-Windows) any->EventChannel {"win":{"system":{"providerName":"Microsoft-Windows-Search","providerGuid":"{CA4E628D-8567-4896-AB6B-835B221F373F}","eventSourceName":"Windows Search Service","eventID":"10024","version":"0","level":"3","task":"3","opcode":"0","keywords":"0x80000000000000","systemTime":"2026-02-04T04:39:53.6172675Z","eventRecordID":"3117","processID":"5064","threadID":"0","channel":"Application","computer":"WinDev2308Eval","severityValue":"WARNING","message":"\"The filter host process 2976 did not respond and is being forcibly terminated. \n\""},"eventdata":{"extraInfo":" ","filterHostProcessID":"2976"}}}
2026 Feb 03 20:43:10 (Secretary-Windows) any->EventChannel {"win":{"system":{"providerName":"Microsoft-Windows-Sysmon","providerGuid":"{5770385f-c22a-43e0-bf4c-06f5698ffbd9}","eventID":"5","version":"3","level":"4","task":"5","opcode":"0","keywords":"0x8000000000000000","systemTime":"2026-02-04T03:41:41.0256882Z","eventRecordID":"2813","processID":"2824","threadID":"3588","channel":"Microsoft-Windows-Sysmon/Operational","computer":"WinDev2308Eval","severityValue":"INFORMATION","message":"\"Process terminated:\r\nRuleName: -\r\nUtcTime: 2026-02-04 03:41:41.016\r\nProcessGuid: {de7f78ee-bff4-6982-a308-000000001e00}\r\nProcessId: 5324\r\nImage: C:\\Windows\\System32\\cmd.exe\r\nUser: WINDEV2308EVAL\\Secretary\""},"eventdata":{"utcTime":"2026-02-04 03:41:41.016","processGuid":"{de7f78ee-bff4-6982-a308-000000001e00}","processId":"5324","image":"C:\\\\Windows\\\\System32\\\\cmd.exe","user":"WINDEV2308EVAL\\\\Secretary"}}}
2026 Feb 03 20:43:10 (Secretary-Windows) any->EventChannel {"win":{"system":{"providerName":"Microsoft-Windows-Sysmon","providerGuid":"{5770385f-c22a-43e0-bf4c-06f5698ffbd9}","eventID":"5","version":"3","level":"4","task":"5","opcode":"0","keywords":"0x8000000000000000","systemTime":"2026-02-04T03:41:41.0365252Z","eventRecordID":"2814","processID":"2824","threadID":"3588","channel":"Microsoft-Windows-Sysmon/Operational","computer":"WinDev2308Eval","severityValue":"INFORMATION","message":"\"Process terminated:\r\nRuleName: -\r\nUtcTime: 2026-02-04 03:41:41.031\r\nProcessGuid: {de7f78ee-bff4-6982-a208-000000001e00}\r\nProcessId: 5288\r\nImage: C:\\Windows\\System32\\conhost.exe\r\nUser: WINDEV2308EVAL\\Secretary\""},"eventdata":{"utcTime":"2026-02-04 03:41:41.031","processGuid":"{de7f78ee-bff4-6982-a208-000000001e00}","processId":"5288","image":"C:\\\\Windows\\\\System32\\\\conhost.exe","user":"WINDEV2308EVAL\\\\Secretary"}}}
2026 Feb 03 20:43:10 (OPNsense.localdomain) any->syscollector {"data":{"architecture":"amd64","checksum":"620058149a542d4faf1f4153236b54f9e1cbfa2d","description":"RFC 2222 SASL (Simple Authentication and Security Layer)","format":"pkg","groups":" ","install_time":"1767391931","item_id":"3c882098d677318c934de4e8edd8df829e867512","location":" ","name":"cyrus-sasl","priority":" ","scan_time":"2026/02/03 19:12:07","size":"1620344","source":"OPNsense","vendor":"ume@FreeBSD.org","version":"2.1.28_5"},"operation":"MODIFIED","type":"dbsync_packages"}
2026 Feb 03 20:43:10 (Secretary-Windows) any->EventChannel {"win":{"system":{"providerName":"Microsoft-Windows-Sysmon","providerGuid":"{5770385f-c22a-43e0-bf4c-06f5698ffbd9}","eventID":"1","version":"5","level":"4","task":"1","opcode":"0","keywords":"0x8000000000000000","systemTime":"2026-02-04T03:41:41.0557932Z","eventRecordID":"2815","processID":"2824","threadID":"3588","channel":"Microsoft-Windows-Sysmon/Operational","computer":"WinDev2308Eval","severityValue":"INFORMATION","message":"\"Process Create:\r\nRuleName: -\r\nUtcTime: 2026-02-04 03:41:41.051\r\nProcessGuid: {de7f78ee-bff5-6982-a608-000000001e00}\r\nProcessId: 5752\r\nImage: C:\\Windows\\System32\\conhost.exe\r\nFileVersion: 10.0.22621.5415 (WinBuild.160101.0800)\r\nDescription: Console Window Host\r\nProduct: Microsoft® Windows® Operating System\r\nCompany: Microsoft Corporation\r\nOriginalFileName: CONHOST.EXE\r\nCommandLine: \\??\\C:\\Windows\\system32\\conhost.exe 0xffffffff -ForceV1\r\nCurrentDirectory: C:\\Windows\r\nUser: WINDEV2308EVAL\\Secretary\r\nLogonGuid: {de7f78ee-4b47-6982-f4f1-3d0000000000}\r\nLogonId: 0x3DF1F4\r\nTerminalSessionId: 2\r\nIntegrityLevel: Medium\r\nHashes: SHA256=2266B396EF92534A2A2844438DF043D4069A2EC47D4E464F55E8C1CD47124A98\r\nParentProcessGuid: {de7f78ee-bff5-6982-a508-000000001e00}\r\nParentProcessId: 6372\r\nParentImage: C:\\Windows\\System32\\cmd.exe\r\nParentCommandLine: C:\\Windows\\SYSTEM32\\cmd.exe /c \"\"C:\\Users\\Secretary\\user_behavior_generation\\worker\\browser_task.bat\"\"\r\nParentUser: WINDEV2308EVAL\\Secretary\""},"eventdata":{"utcTime":"2026-02-04 03:41:41.051","processGuid":"{de7f78ee-bff5-6982-a608-000000001e00}","processId":"5752","image":"C:\\\\Windows\\\\System32\\\\conhost.exe","fileVersion":"10.0.22621.5415 (WinBuild.160101.0800)","description":"Console Window Host","product":"Microsoft® Windows® Operating System","company":"Microsoft Corporation","originalFileName":"CONHOST.EXE","commandLine":"\\\\??\\\\C:\\\\Windows\\\\system32\\\\conhost.exe 0xffffffff -ForceV1","currentDirectory":"C:\\\\Windows","user":"WINDEV2308EVAL\\\\Secretary","logonGuid":"{de7f78ee-4b47-6982-f4f1-3d0000000000}","logonId":"0x3df1f4","terminalSessionId":"2","integrityLevel":"Medium","hashes":"SHA256=2266B396EF92534A2A2844438DF043D4069A2EC47D4E464F55E8C1CD47124A98","parentProcessGuid":"{de7f78ee-bff5-6982-a508-000000001e00}","parentProcessId":"6372","parentImage":"C:\\\\Windows\\\\System32\\\\cmd.exe","parentCommandLine":"C:\\\\Windows\\\\SYSTEM32\\\\cmd.exe /c \\\"\\\"C:\\\\Users\\\\Secretary\\\\user_behavior_generation\\\\worker\\\\browser_task.bat\\\"\\\"","parentUser":"WINDEV2308EVAL\\\\Secretary"}}}
2026 Feb 03 20:43:10 (Secretary-Windows) any->EventChannel {"win":{"system":{"providerName":"Microsoft-Windows-Sysmon","providerGuid":"{5770385f-c22a-43e0-bf4c-06f5698ffbd9}","eventID":"1","version":"5","level":"4","task":"1","opcode":"0","keywords":"0x8000000000000000","systemTime":"2026-02-04T03:41:41.1636603Z","eventRecordID":"2816","processID":"2824","threadID":"3588","channel":"Microsoft-Windows-Sysmon/Operational","computer":"WinDev2308Eval","severityValue":"INFORMATION","message":"\"Process Create:\r\nRuleName: -\r\nUtcTime: 2026-02-04 03:41:41.157\r\nProcessGuid: {de7f78ee-bff5-6982-a708-000000001e00}\r\nProcessId: 6324\r\nImage: C:\\Program Files\\WindowsApps\\Microsoft.WindowsTerminal_1.23.20211.0_x64__8wekyb3d8bbwe\\OpenConsole.exe\r\nFileVersion: 1.23.2601.21001\r\nDescription: Console Window and PTY Host (Open Source)\r\nProduct: Windows Terminal\r\nCompany: Microsoft Corporation\r\nOriginalFileName: OpenConsole.exe\r\nCommandLine: \"C:\\Program Files\\WindowsApps\\Microsoft.WindowsTerminal_1.23.20211.0_x64__8wekyb3d8bbwe\\OpenConsole.exe\" -Embedding\r\nCurrentDirectory: C:\\Windows\\system32\\\r\nUser: WINDEV2308EVAL\\Secretary\r\nLogonGuid: {de7f78ee-4b47-6982-f4f1-3d0000000000}\r\nLogonId: 0x3DF1F4\r\nTerminalSessionId: 2\r\nIntegrityLevel: Medium\r\nHashes: SHA256=21A102BAC501CF77A381F5E707538188044BDB60F7ED8CD861A4DC17CDF1AD4D\r\nParentProcessGuid: {de7f78ee-0035-6980-0f00-000000001e00}\r\nParentProcessId: 896\r\nParentImage: C:\\Windows\\System32\\svchost.exe\r\nParentCommandLine: C:\\Windows\\system32\\svchost.exe -k DcomLaunch -p\r\nParentUser: NT AUTHORITY\\SYSTEM\""},"eventdata":{"utcTime":"2026-02-04 03:41:41.157","processGuid":"{de7f78ee-bff5-6982-a708-000000001e00}","processId":"6324","image":"C:\\\\Program Files\\\\WindowsApps\\\\Microsoft.WindowsTerminal_1.23.20211.0_x64__8wekyb3d8bbwe\\\\OpenConsole.exe","fileVersion":"1.23.2601.21001","description":"Console Window and PTY Host (Open Source)","product":"Windows Terminal","company":"Microsoft Corporation","originalFileName":"OpenConsole.exe","commandLine":"\\\"C:\\\\Program Files\\\\WindowsApps\\\\Microsoft.WindowsTerminal_1.23.20211.0_x64__8wekyb3d8bbwe\\\\OpenConsole.exe\\\" -Embedding","currentDirectory":"C:\\\\Windows\\\\system32\\\\","user":"WINDEV2308EVAL\\\\Secretary","logonGuid":"{de7f78ee-4b47-6982-f4f1-3d0000000000}","logonId":"0x3df1f4","terminalSessionId":"2","integrityLevel":"Medium","hashes":"SHA256=21A102BAC501CF77A381F5E707538188044BDB60F7ED8CD861A4DC17CDF1AD4D","parentProcessGuid":"{de7f78ee-0035-6980-0f00-000000001e00}","parentProcessId":"896","parentImage":"C:\\\\Windows\\\\System32\\\\svchost.exe","parentCommandLine":"C:\\\\Windows\\\\system32\\\\svchost.exe -k DcomLaunch -p","parentUser":"NT AUTHORITY\\\\SYSTEM"}}}
2026 Feb 03 20:43:10 (Secretary-Windows) any->EventChannel {"win":{"system":{"providerName":"Microsoft-Windows-Sysmon","providerGuid":"{5770385f-c22a-43e0-bf4c-06f5698ffbd9}","eventID":"1","version":"5","level":"4","task":"1","opcode":"0","keywords":"0x8000000000000000","systemTime":"2026-02-04T03:41:41.4709507Z","eventRecordID":"2817","processID":"2824","threadID":"3588","channel":"Microsoft-Windows-Sysmon/Operational","computer":"WinDev2308Eval","severityValue":"INFORMATION","message":"\"Process Create:\r\nRuleName: -\r\nUtcTime: 2026-02-04 03:41:41.457\r\nProcessGuid: {de7f78ee-bff5-6982-a808-000000001e00}\r\nProcessId: 3700\r\nImage: C:\\Windows\\System32\\SearchProtocolHost.exe\r\nFileVersion: 7.0.22621.6060 (WinBuild.160101.0800)\r\nDescription: Microsoft Windows Search Protocol Host\r\nProduct: Windows® Search\r\nCompany: Microsoft Corporation\r\nOriginalFileName: SearchProtocolHost.exe\r\nCommandLine: \"C:\\Windows\\System32\\SearchProtocolHost.exe\" Global\\UsGthrFltPipeMssGthrPipe40_ Global\\UsGthrCtrlFltPipeMssGthrPipe40 1 -2147483646 \"Software\\Microsoft\\Windows Search\" \"Mozilla/4.0 (compatible; MSIE 6.0; Windows NT; MS Search 4.0 Robot)\" \"C:\\ProgramData\\Microsoft\\Search\\Data\\Temp\\usgthrsvc\" \"DownLevelDaemon\" \r\nCurrentDirectory: C:\\Windows\\system32\\\r\nUser: NT AUTHORITY\\SYSTEM\r\nLogonGuid: {de7f78ee-0035-6980-e703-000000000000}\r\nLogonId: 0x3E7\r\nTerminalSessionId: 0\r\nIntegrityLevel: System\r\nHashes: SHA256=F15422BCCDDB3D2BD96C3FC408E8112367A6692E29730CF04894210C0894C4E2\r\nParentProcessGuid: {de7f78ee-0060-6980-9c00-000000001e00}\r\nParentProcessId: 5064\r\nParentImage: C:\\Windows\\System32\\SearchIndexer.exe\r\nParentCommandLine: C:\\Windows\\system32\\SearchIndexer.exe /Embedding\r\nParentUser: NT AUTHORITY\\SYSTEM\""},"eventdata":{"utcTime":"2026-02-04 03:41:41.457","processGuid":"{de7f78ee-bff5-6982-a808-000000001e00}","processId":"3700","image":"C:\\\\Windows\\\\System32\\\\SearchProtocolHost.exe","fileVersion":"7.0.22621.6060 (WinBuild.160101.0800)","description":"Microsoft Windows Search Protocol Host","product":"Windows® Search","company":"Microsoft Corporation","originalFileName":"SearchProtocolHost.exe","commandLine":"\\\"C:\\\\Windows\\\\System32\\\\SearchProtocolHost.exe\\\" Global\\\\UsGthrFltPipeMssGthrPipe40_ Global\\\\UsGthrCtrlFltPipeMssGthrPipe40 1 -2147483646 \\\"Software\\\\Microsoft\\\\Windows Search\\\" \\\"Mozilla/4.0 (compatible; MSIE 6.0; Windows NT; MS Search 4.0 Robot)\\\" \\\"C:\\\\ProgramData\\\\Microsoft\\\\Search\\\\Data\\\\Temp\\\\usgthrsvc\\\" \\\"DownLevelDaemon\\\"","currentDirectory":"C:\\\\Windows\\\\system32\\\\","user":"NT AUTHORITY\\\\SYSTEM","logonGuid":"{de7f78ee-0035-6980-e703-000000000000}","logonId":"0x3e7","terminalSessionId":"0","integrityLevel":"System","hashes":"SHA256=F15422BCCDDB3D2BD96C3FC408E8112367A6692E29730CF04894210C0894C4E2","parentProcessGuid":"{de7f78ee-0060-6980-9c00-000000001e00}","parentProcessId":"5064","parentImage":"C:\\\\Windows\\\\System32\\\\SearchIndexer.exe","parentCommandLine":"C:\\\\Windows\\\\system32\\\\SearchIndexer.exe /Embedding","parentUser":"NT AUTHORITY\\\\SYSTEM"}}}
