2026 Feb 03 20:43:01 wazuh-server->rootcheck Starting rootcheck scan.
2026 Feb 03 20:43:02 wazuh-server->df -P ossec: output: 'df -P': tmpfs                                  813184      956    812228       1% /run
2026 Feb 03 20:43:02 wazuh-server->df -P ossec: output: 'df -P': Filesystem                        1024-blocks     Used Available Capacity Mounted on
2026 Feb 03 20:43:02 wazuh-server->df -P ossec: output: 'df -P': /dev/mapper/ubuntu--vg-ubuntu--lv    80073656 21817668  54726812      29% /
2026 Feb 03 20:43:02 wazuh-server->df -P ossec: output: 'df -P': /dev/sda2                             1992552   200740   1670572      11% /boot
2026 Feb 03 20:43:02 wazuh-server->df -P ossec: output: 'df -P': tmpfs                                  813180       12    813168       1% /run/user/1000
2026 Feb 03 20:43:02 wazuh-server->df -P ossec: output: 'df -P': tmpfs                                    5120        0      5120       0% /run/lock
2026 Feb 03 20:43:02 wazuh-server->df -P ossec: output: 'df -P': tmpfs                                 4065908       80   4065828       1% /dev/shm
2026 Feb 03 20:43:02 wazuh-server->last -n 20 ossec: output: 'last -n 20':
reboot   system boot  6.8.0-90-generic Tue Feb  3 20:35   still running
reboot   system boot  6.8.0-90-generic Tue Feb  3 20:11 - 20:12  (00:01)
reboot   system boot  6.8.0-90-generic Tue Feb  3 19:27 - 20:12  (00:44)
reboot   system boot  6.8.0-90-generic Tue Feb  3 18:11 - 19:10  (00:59)
reboot   system boot  6.8.0-90-generic Tue Feb  3 11:11 - 13:02  (01:51)
reboot   system boot  6.8.0-90-generic Tue Feb  3 02:46 - 03:04  (00:18)
reboot   system boot  6.8.0-90-generic Sun Feb  1 17:10 - 18:02  (00:51)
reboot   system boot  6.8.0-90-generic Sat Jan 31 11:52 - 17:39  (05:47)
reboot   system boot  6.8.0-90-generic Sat Jan 31 02:23 - 05:19  (02:56)
reboot   system boot  6.8.0-90-generic Fri Jan 30 12:54 - 05:19  (16:25)
reboot   system boot  6.8.0-90-generic Thu Jan 29 12:15 - 16:07  (03:52)
reboot   system boot  6.8.0-90-generic Mon Jan 26 11:42 - 12:03  (00:21)
reboot   system boot  6.8.0-90-generic Mon Jan 26 00:28 - 01:17  (00:48)
reboot   system boot  6.8.0-90-generic Fri Jan 23 08:11 - 19:15  (11:03)
reboot   system boot  6.8.0-90-generic Fri Jan 23 03:50 - 04:13  (00:22)
reboot   system boot  6.8.0-90-generic Fri Jan 23 03:03 - 03:47  (00:43)
reboot   system boot  6.8.0-90-generic Thu Jan 22 18:14 - 20:51  (02:37)
reboot   system boot  6.8.0-90-generic Wed Jan 21 00:03 - 02:42  (02:39)
reboot   system boot  6.8.0-90-generic Tue Jan 20 01:24 - 03:12  (01:47)
reboot   system boot  6.8.0-90-generic Mon Jan 19 22:54 - 23:58  (01:04)
wtmp begins Tue Nov 11 20:45:48 2025
2026 Feb 03 20:43:02 wazuh-server->journald Feb 03 20:43:02 wazuh-server systemd[1]: Starting snapd.service - Snap Daemon...
2026 Feb 03 20:43:04 (Secretary-Windows) any->EventChannel {"win":{"system":{"providerName":"Microsoft-Windows-Sysmon","providerGuid":"{5770385f-c22a-43e0-bf4c-06f5698ffbd9}","eventID":"5","version":"3","level":"4","task":"5","opcode":"0","keywords":"0x8000000000000000","systemTime":"2026-02-04T03:09:01.5917964Z","eventRecordID":"2481","processID":"2824","threadID":"3588","channel":"Microsoft-Windows-Sysmon/Operational","computer":"WinDev2308Eval","severityValue":"INFORMATION","message":"\"Process terminated:\r\nRuleName: -\r\nUtcTime: 2026-02-04 03:09:01.585\r\nProcessGuid: {de7f78ee-b721-6982-0008-000000001e00}\r\nProcessId: 8044\r\nImage: C:\\Windows\\System32\\svchost.exe\r\nUser: NT AUTHORITY\\SYSTEM\""},"eventdata":{"utcTime":"2026-02-04 03:09:01.585","processGuid":"{de7f78ee-b721-6982-0008-000000001e00}","processId":"8044","image":"C:\\\\Windows\\\\System32\\\\svchost.exe","user":"NT AUTHORITY\\\\SYSTEM"}}}
2026 Feb 03 20:43:04 (Secretary-Windows) any->EventChannel {"win":{"system":{"providerName":"Microsoft-Windows-Sysmon","providerGuid":"{5770385f-c22a-43e0-bf4c-06f5698ffbd9}","eventID":"1","version":"5","level":"4","task":"1","opcode":"0","keywords":"0x8000000000000000","systemTime":"2026-02-04T03:22:54.3265432Z","eventRecordID":"2548","processID":"2824","threadID":"3588","channel":"Microsoft-Windows-Sysmon/Operational","computer":"WinDev2308Eval","severityValue":"INFORMATION","message":"\"Process Create:\r\nRuleName: -\r\nUtcTime: 2026-02-04 03:22:54.316\r\nProcessGuid: {de7f78ee-bb8e-6982-2608-000000001e00}\r\nProcessId: 5832\r\nImage: C:\\Users\\Secretary\\AppData\\Local\\Programs\\Python\\Python314\\python.exe\r\nFileVersion: 3.14.2\r\nDescription: Python\r\nProduct: Python\r\nCompany: Python Software Foundation\r\nOriginalFileName: python.exe\r\nCommandLine: \"C:\\Users\\Secretary\\AppData\\Local\\Programs\\Python\\Python314\\python.exe\" .\\win_pulizia.py\r\nCurrentDirectory: C:\\Users\\Secretary\\Downloads\\\r\nUser: WINDEV2308EVAL\\Secretary\r\nLogonGuid: {de7f78ee-4b47-6982-d6f1-3d0000000000}\r\nLogonId: 0x3DF1D6\r\nTerminalSessionId: 2\r\nIntegrityLevel: High\r\nHashes: SHA256=FDA7026477256845AFAB371E354C4D512896665F1761939CB5887D0A9DEC257A\r\nParentProcessGuid: {de7f78ee-5737-6982-d004-000000001e00}\r\nParentProcessId: 1108\r\nParentImage: C:\\Windows\\System32\\WindowsPowerShell\\v1.0\\powershell.exe\r\nParentCommandLine: \"C:\\Windows\\System32\\WindowsPowerShell\\v1.0\\powershell.exe\" \r\nParentUser: WINDEV2308EVAL\\Secretary\""},"eventdata":{"utcTime":"2026-02-04 03:22:54.316","processGuid":"{de7f78ee-bb8e-6982-2608-000000001e00}","processId":"5832","image":"C:\\\\Users\\\\Secretary\\\\AppData\\\\Local\\\\Programs\\\\Python\\\\Python314\\\\python.exe","fileVersion":"3.14.2","description":"Python","product":"Python","company":"Python Software Foundation","originalFileName":"python.exe","commandLine":"\\\"C:\\\\Users\\\\Secretary\\\\AppData\\\\Local\\\\Programs\\\\Python\\\\Python314\\\\python.exe\\\" .\\\\win_pulizia.py","currentDirectory":"C:\\\\Users\\\\Secretary\\\\Downloads\\\\","user":"WINDEV2308EVAL\\\\Secretary","logonGuid":"{de7f78ee-4b47-6982-d6f1-3d0000000000}","logonId":"0x3df1d6","terminalSessionId":"2","integrityLevel":"High","hashes":"SHA256=FDA7026477256845AFAB371E354C4D512896665F1761939CB5887D0A9DEC257A","parentProcessGuid":"{de7f78ee-5737-6982-d004-000000001e00}","parentProcessId":"1108","parentImage":"C:\\\\Windows\\\\System32\\\\WindowsPowerShell\\\\v1.0\\\\powershell.exe","parentCommandLine":"\\\"C:\\\\Windows\\\\System32\\\\WindowsPowerShell\\\\v1.0\\\\powershell.exe\\\"","parentUser":"WINDEV2308EVAL\\\\Secretary"}}}
2026 Feb 03 20:43:04 (Secretary-Windows) any->EventChannel {"win":{"system":{"providerName":"Microsoft-Windows-Sysmon","providerGuid":"{5770385f-c22a-43e0-bf4c-06f5698ffbd9}","eventID":"1","version":"5","level":"4","task":"1","opcode":"0","keywords":"0x8000000000000000","systemTime":"2026-02-04T03:22:55.1675388Z","eventRecordID":"2549","processID":"2824","threadID":"3588","channel":"Microsoft-Windows-Sysmon/Operational","computer":"WinDev2308Eval","severityValue":"INFORMATION","message":"\"Process Create:\r\nRuleName: -\r\nUtcTime: 2026-02-04 03:22:55.112\r\nProcessGuid: {de7f78ee-bb8f-6982-2708-000000001e00}\r\nProcessId: 8112\r\nImage: C:\\Windows\\System32\\wevtutil.exe\r\nFileVersion: 10.0.22621.3085 (WinBuild.160101.0800)\r\nDescription: Windows Event Log Utility\r\nProduct: Microsoft® Windows® Operating System\r\nCompany: Microsoft Corporation\r\nOriginalFileName: wevtutil.exe\r\nCommandLine: wevtutil cl System\r\nCurrentDirectory: C:\\Users\\Secretary\\Downloads\\\r\nUser: WINDEV2308EVAL\\Secretary\r\nLogonGuid: {de7f78ee-4b47-6982-d6f1-3d0000000000}\r\nLogonId: 0x3DF1D6\r\nTerminalSessionId: 2\r\nIntegrityLevel: High\r\nHashes: SHA256=97AFBE889BB9879A43E313097EBAC19522412F254049B07B70CD7C15500C3FC6\r\nParentProcessGuid: {de7f78ee-bb8e-6982-2608-000000001e00}\r\nParentProcessId: 5832\r\nParentImage: C:\\Users\\Secretary\\AppData\\Local\\Programs\\Python\\Python314\\python.exe\r\nParentCommandLine: \"C:\\Users\\Secretary\\AppData\\Local\\Programs\\Python\\Python314\\python.exe\" .\\win_pulizia.py\r\nParentUser: WINDEV2308EVAL\\Secretary\""},"eventdata":{"utcTime":"2026-02-04 03:22:55.112","processGuid":"{de7f78ee-bb8f-6982-2708-000000001e00}","processId":"8112","image":"C:\\\\Windows\\\\System32\\\\wevtutil.exe","fileVersion":"10.0.22621.3085 (WinBuild.160101.0800)","description":"Windows Event Log Utility","product":"Microsoft® Windows® Operating System","company":"Microsoft Corporation","originalFileName":"wevtutil.exe","commandLine":"wevtutil cl System","currentDirectory":"C:\\\\Users\\\\Secretary\\\\Downloads\\\\","user":"WINDEV2308EVAL\\\\Secretary","logonGuid":"{de7f78ee-4b47-6982-d6f1-3d0000000000}","logonId":"0x3df1d6","terminalSessionId":"2","integrityLevel":"High","hashes":"SHA256=97AFBE889BB9879A43E313097EBAC19522412F254049B07B70CD7C15500C3FC6","parentProcessGuid":"{de7f78ee-bb8e-6982-2608-000000001e00}","parentProcessId":"5832","parentImage":"C:\\\\Users\\\\Secretary\\\\AppData\\\\Local\\\\Programs\\\\Python\\\\Python314\\\\python.exe","parentCommandLine":"\\\"C:\\\\Users\\\\Secretary\\\\AppData\\\\Local\\\\Programs\\\\Python\\\\Python314\\\\python.exe\\\" .\\\\win_pulizia.py","parentUser":"WINDEV2308EVAL\\\\Secretary"}}}
2026 Feb 03 20:43:04 (Secretary-Windows) any->EventChannel {"win":{"system":{"providerName":"Microsoft-Windows-Sysmon","providerGuid":"{5770385f-c22a-43e0-bf4c-06f5698ffbd9}","eventID":"5","version":"3","level":"4","task":"5","opcode":"0","keywords":"0x8000000000000000","systemTime":"2026-02-04T03:22:55.2140553Z","eventRecordID":"2550","processID":"2824","threadID":"3588","channel":"Microsoft-Windows-Sysmon/Operational","computer":"WinDev2308Eval","severityValue":"INFORMATION","message":"\"Process terminated:\r\nRuleName: -\r\nUtcTime: 2026-02-04 03:22:55.207\r\nProcessGuid: {de7f78ee-bb8f-6982-2708-000000001e00}\r\nProcessId: 8112\r\nImage: C:\\Windows\\System32\\wevtutil.exe\r\nUser: WINDEV2308EVAL\\Secretary\""},"eventdata":{"utcTime":"2026-02-04 03:22:55.207","processGuid":"{de7f78ee-bb8f-6982-2708-000000001e00}","processId":"8112","image":"C:\\\\Windows\\\\System32\\\\wevtutil.exe","user":"WINDEV2308EVAL\\\\Secretary"}}}
2026 Feb 03 20:43:04 (Secretary-Windows) any->EventChannel {"win":{"system":{"providerName":"Microsoft-Windows-Sysmon","providerGuid":"{5770385f-c22a-43e0-bf4c-06f5698ffbd9}","eventID":"1","version":"5","level":"4","task":"1","opcode":"0","keywords":"0x8000000000000000","systemTime":"2026-02-04T03:22:55.2265741Z","eventRecordID":"2551","processID":"2824","threadID":"3588","channel":"Microsoft-Windows-Sysmon/Operational","computer":"WinDev2308Eval","severityValue":"INFORMATION","message":"\"Process Create:\r\nRuleName: -\r\nUtcTime: 2026-02-04 03:22:55.218\r\nProcessGuid: {de7f78ee-bb8f-6982-2808-000000001e00}\r\nProcessId: 1532\r\nImage: C:\\Windows\\System32\\wevtutil.exe\r\nFileVersion: 10.0.22621.3085 (WinBuild.160101.0800)\r\nDescription: Windows Event Log Utility\r\nProduct: Microsoft® Windows® Operating System\r\nCompany: Microsoft Corporation\r\nOriginalFileName: wevtutil.exe\r\nCommandLine: wevtutil cl Application\r\nCurrentDirectory: C:\\Users\\Secretary\\Downloads\\\r\nUser: WINDEV2308EVAL\\Secretary\r\nLogonGuid: {de7f78ee-4b47-6982-d6f1-3d0000000000}\r\nLogonId: 0x3DF1D6\r\nTerminalSessionId: 2\r\nIntegrityLevel: High\r\nHashes: SHA256=97AFBE889BB9879A43E313097EBAC19522412F254049B07B70CD7C15500C3FC6\r\nParentProcessGuid: {de7f78ee-bb8e-6982-2608-000000001e00}\r\nParentProcessId: 5832\r\nParentImage: C:\\Users\\Secretary\\AppData\\Local\\Programs\\Python\\Python314\\python.exe\r\nParentCommandLine: \"C:\\Users\\Secretary\\AppData\\Local\\Programs\\Python\\Python314\\python.exe\" .\\win_pulizia.py\r\nParentUser: WINDEV2308EVAL\\Secretary\""},"eventdata":{"utcTime":"2026-02-04 03:22:55.218","processGuid":"{de7f78ee-bb8f-6982-2808-000000001e00}","processId":"1532","image":"C:\\\\Windows\\\\System32\\\\wevtutil.exe","fileVersion":"10.0.22621.3085 (WinBuild.160101.0800)","description":"Windows Event Log Utility","product":"Microsoft® Windows® Operating System","company":"Microsoft Corporation","originalFileName":"wevtutil.exe","commandLine":"wevtutil cl Application","currentDirectory":"C:\\\\Users\\\\Secretary\\\\Downloads\\\\","user":"WINDEV2308EVAL\\\\Secretary","logonGuid":"{de7f78ee-4b47-6982-d6f1-3d0000000000}","logonId":"0x3df1d6","terminalSessionId":"2","integrityLevel":"High","hashes":"SHA256=97AFBE889BB9879A43E313097EBAC19522412F254049B07B70CD7C15500C3FC6","parentProcessGuid":"{de7f78ee-bb8e-6982-2608-000000001e00}","parentProcessId":"5832","parentImage":"C:\\\\Users\\\\Secretary\\\\AppData\\\\Local\\\\Programs\\\\Python\\\\Python314\\\\python.exe","parentCommandLine":"\\\"C:\\\\Users\\\\Secretary\\\\AppData\\\\Local\\\\Programs\\\\Python\\\\Python314\\\\python.exe\\\" .\\\\win_pulizia.py","parentUser":"WINDEV2308EVAL\\\\Secretary"}}}
2026 Feb 03 20:43:04 (Secretary-Windows) any->EventChannel {"win":{"system":{"providerName":"Microsoft-Windows-Sysmon","providerGuid":"{5770385f-c22a-43e0-bf4c-06f5698ffbd9}","eventID":"5","version":"3","level":"4","task":"5","opcode":"0","keywords":"0x8000000000000000","systemTime":"2026-02-04T03:22:55.2496959Z","eventRecordID":"2552","processID":"2824","threadID":"3588","channel":"Microsoft-Windows-Sysmon/Operational","computer":"WinDev2308Eval","severityValue":"INFORMATION","message":"\"Process terminated:\r\nRuleName: -\r\nUtcTime: 2026-02-04 03:22:55.238\r\nProcessGuid: {de7f78ee-bb8f-6982-2808-000000001e00}\r\nProcessId: 1532\r\nImage: C:\\Windows\\System32\\wevtutil.exe\r\nUser: WINDEV2308EVAL\\Secretary\""},"eventdata":{"utcTime":"2026-02-04 03:22:55.238","processGuid":"{de7f78ee-bb8f-6982-2808-000000001e00}","processId":"1532","image":"C:\\\\Windows\\\\System32\\\\wevtutil.exe","user":"WINDEV2308EVAL\\\\Secretary"}}}
2026 Feb 03 20:43:04 (Secretary-Windows) any->EventChannel {"win":{"system":{"providerName":"Microsoft-Windows-Sysmon","providerGuid":"{5770385f-c22a-43e0-bf4c-06f5698ffbd9}","eventID":"1","version":"5","level":"4","task":"1","opcode":"0","keywords":"0x8000000000000000","systemTime":"2026-02-04T03:22:55.2617255Z","eventRecordID":"2553","processID":"2824","threadID":"3588","channel":"Microsoft-Windows-Sysmon/Operational","computer":"WinDev2308Eval","severityValue":"INFORMATION","message":"\"Process Create:\r\nRuleName: -\r\nUtcTime: 2026-02-04 03:22:55.252\r\nProcessGuid: {de7f78ee-bb8f-6982-2908-000000001e00}\r\nProcessId: 6184\r\nImage: C:\\Windows\\System32\\wevtutil.exe\r\nFileVersion: 10.0.22621.3085 (WinBuild.160101.0800)\r\nDescription: Windows Event Log Utility\r\nProduct: Microsoft® Windows® Operating System\r\nCompany: Microsoft Corporation\r\nOriginalFileName: wevtutil.exe\r\nCommandLine: wevtutil cl Security\r\nCurrentDirectory: C:\\Users\\Secretary\\Downloads\\\r\nUser: WINDEV2308EVAL\\Secretary\r\nLogonGuid: {de7f78ee-4b47-6982-d6f1-3d0000000000}\r\nLogonId: 0x3DF1D6\r\nTerminalSessionId: 2\r\nIntegrityLevel: High\r\nHashes: SHA256=97AFBE889BB9879A43E313097EBAC19522412F254049B07B70CD7C15500C3FC6\r\nParentProcessGuid: {de7f78ee-bb8e-6982-2608-000000001e00}\r\nParentProcessId: 5832\r\nParentImage: C:\\Users\\Secretary\\AppData\\Local\\Programs\\Python\\Python314\\python.exe\r\nParentCommandLine: \"C:\\Users\\Secretary\\AppData\\Local\\Programs\\Python\\Python314\\python.exe\" .\\win_pulizia.py\r\nParentUser: WINDEV2308EVAL\\Secretary\""},"eventdata":{"utcTime":"2026-02-04 03:22:55.252","processGuid":"{de7f78ee-bb8f-6982-2908-000000001e00}","processId":"6184","image":"C:\\\\Windows\\\\System32\\\\wevtutil.exe","fileVersion":"10.0.22621.3085 (WinBuild.160101.0800)","description":"Windows Event Log Utility","product":"Microsoft® Windows® Operating System","company":"Microsoft Corporation","originalFileName":"wevtutil.exe","commandLine":"wevtutil cl Security","currentDirectory":"C:\\\\Users\\\\Secretary\\\\Downloads\\\\","user":"WINDEV2308EVAL\\\\Secretary","logonGuid":"{de7f78ee-4b47-6982-d6f1-3d0000000000}","logonId":"0x3df1d6","terminalSessionId":"2","integrityLevel":"High","hashes":"SHA256=97AFBE889BB9879A43E313097EBAC19522412F254049B07B70CD7C15500C3FC6","parentProcessGuid":"{de7f78ee-bb8e-6982-2608-000000001e00}","parentProcessId":"5832","parentImage":"C:\\\\Users\\\\Secretary\\\\AppData\\\\Local\\\\Programs\\\\Python\\\\Python314\\\\python.exe","parentCommandLine":"\\\"C:\\\\Users\\\\Secretary\\\\AppData\\\\Local\\\\Programs\\\\Python\\\\Python314\\\\python.exe\\\" .\\\\win_pulizia.py","parentUser":"WINDEV2308EVAL\\\\Secretary"}}}
2026 Feb 03 20:43:04 (Secretary-Windows) any->EventChannel {"win":{"system":{"providerName":"Microsoft-Windows-Sysmon","providerGuid":"{5770385f-c22a-43e0-bf4c-06f5698ffbd9}","eventID":"5","version":"3","level":"4","task":"5","opcode":"0","keywords":"0x8000000000000000","systemTime":"2026-02-04T03:22:55.2811884Z","eventRecordID":"2554","processID":"2824","threadID":"3588","channel":"Microsoft-Windows-Sysmon/Operational","computer":"WinDev2308Eval","severityValue":"INFORMATION","message":"\"Process terminated:\r\nRuleName: -\r\nUtcTime: 2026-02-04 03:22:55.270\r\nProcessGuid: {de7f78ee-bb8f-6982-2908-000000001e00}\r\nProcessId: 6184\r\nImage: C:\\Windows\\System32\\wevtutil.exe\r\nUser: WINDEV2308EVAL\\Secretary\""},"eventdata":{"utcTime":"2026-02-04 03:22:55.270","processGuid":"{de7f78ee-bb8f-6982-2908-000000001e00}","processId":"6184","image":"C:\\\\Windows\\\\System32\\\\wevtutil.exe","user":"WINDEV2308EVAL\\\\Secretary"}}}
2026 Feb 03 20:43:04 (Secretary-Windows) any->EventChannel {"win":{"system":{"providerName":"Microsoft-Windows-Sysmon","providerGuid":"{5770385f-c22a-43e0-bf4c-06f5698ffbd9}","eventID":"1","version":"5","level":"4","task":"1","opcode":"0","keywords":"0x8000000000000000","systemTime":"2026-02-04T03:22:55.2898848Z","eventRecordID":"2555","processID":"2824","threadID":"3588","channel":"Microsoft-Windows-Sysmon/Operational","computer":"WinDev2308Eval","severityValue":"INFORMATION","message":"\"Process Create:\r\nRuleName: -\r\nUtcTime: 2026-02-04 03:22:55.283\r\nProcessGuid: {de7f78ee-bb8f-6982-2a08-000000001e00}\r\nProcessId: 6604\r\nImage: C:\\Windows\\System32\\wevtutil.exe\r\nFileVersion: 10.0.22621.3085 (WinBuild.160101.0800)\r\nDescription: Windows Event Log Utility\r\nProduct: Microsoft® Windows® Operating System\r\nCompany: Microsoft Corporation\r\nOriginalFileName: wevtutil.exe\r\nCommandLine: wevtutil cl Microsoft-Windows-Sysmon/Operational\r\nCurrentDirectory: C:\\Users\\Secretary\\Downloads\\\r\nUser: WINDEV2308EVAL\\Secretary\r\nLogonGuid: {de7f78ee-4b47-6982-d6f1-3d0000000000}\r\nLogonId: 0x3DF1D6\r\nTerminalSessionId: 2\r\nIntegrityLevel: High\r\nHashes: SHA256=97AFBE889BB9879A43E313097EBAC19522412F254049B07B70CD7C15500C3FC6\r\nParentProcessGuid: {de7f78ee-bb8e-6982-2608-000000001e00}\r\nParentProcessId: 5832\r\nParentImage: C:\\Users\\Secretary\\AppData\\Local\\Programs\\Python\\Python314\\python.exe\r\nParentCommandLine: \"C:\\Users\\Secretary\\AppData\\Local\\Programs\\Python\\Python314\\python.exe\" .\\win_pulizia.py\r\nParentUser: WINDEV2308EVAL\\Secretary\""},"eventdata":{"utcTime":"2026-02-04 03:22:55.283","processGuid":"{de7f78ee-bb8f-6982-2a08-000000001e00}","processId":"6604","image":"C:\\\\Windows\\\\System32\\\\wevtutil.exe","fileVersion":"10.0.22621.3085 (WinBuild.160101.0800)","description":"Windows Event Log Utility","product":"Microsoft® Windows® Operating System","company":"Microsoft Corporation","originalFileName":"wevtutil.exe","commandLine":"wevtutil cl Microsoft-Windows-Sysmon/Operational","currentDirectory":"C:\\\\Users\\\\Secretary\\\\Downloads\\\\","user":"WINDEV2308EVAL\\\\Secretary","logonGuid":"{de7f78ee-4b47-6982-d6f1-3d0000000000}","logonId":"0x3df1d6","terminalSessionId":"2","integrityLevel":"High","hashes":"SHA256=97AFBE889BB9879A43E313097EBAC19522412F254049B07B70CD7C15500C3FC6","parentProcessGuid":"{de7f78ee-bb8e-6982-2608-000000001e00}","parentProcessId":"5832","parentImage":"C:\\\\Users\\\\Secretary\\\\AppData\\\\Local\\\\Programs\\\\Python\\\\Python314\\\\python.exe","parentCommandLine":"\\\"C:\\\\Users\\\\Secretary\\\\AppData\\\\Local\\\\Programs\\\\Python\\\\Python314\\\\python.exe\\\" .\\\\win_pulizia.py","parentUser":"WINDEV2308EVAL\\\\Secretary"}}}
2026 Feb 03 20:43:04 (Secretary-Windows) any->EventChannel {"win":{"system":{"providerName":"Microsoft-Windows-Sysmon","providerGuid":"{5770385f-c22a-43e0-bf4c-06f5698ffbd9}","eventID":"5","version":"3","level":"4","task":"5","opcode":"0","keywords":"0x8000000000000000","systemTime":"2026-02-04T03:22:55.3102365Z","eventRecordID":"2556","processID":"2824","threadID":"3588","channel":"Microsoft-Windows-Sysmon/Operational","computer":"WinDev2308Eval","severityValue":"INFORMATION","message":"\"Process terminated:\r\nRuleName: -\r\nUtcTime: 2026-02-04 03:22:55.301\r\nProcessGuid: {de7f78ee-bb8f-6982-2a08-000000001e00}\r\nProcessId: 6604\r\nImage: C:\\Windows\\System32\\wevtutil.exe\r\nUser: WINDEV2308EVAL\\Secretary\""},"eventdata":{"utcTime":"2026-02-04 03:22:55.301","processGuid":"{de7f78ee-bb8f-6982-2a08-000000001e00}","processId":"6604","image":"C:\\\\Windows\\\\System32\\\\wevtutil.exe","user":"WINDEV2308EVAL\\\\Secretary"}}}
2026 Feb 03 20:43:04 (Secretary-Windows) any->EventChannel {"win":{"system":{"providerName":"Microsoft-Windows-Sysmon","providerGuid":"{5770385f-c22a-43e0-bf4c-06f5698ffbd9}","eventID":"5","version":"3","level":"4","task":"5","opcode":"0","keywords":"0x8000000000000000","systemTime":"2026-02-04T03:22:55.3217147Z","eventRecordID":"2557","processID":"2824","threadID":"3588","channel":"Microsoft-Windows-Sysmon/Operational","computer":"WinDev2308Eval","severityValue":"INFORMATION","message":"\"Process terminated:\r\nRuleName: -\r\nUtcTime: 2026-02-04 03:22:55.316\r\nProcessGuid: {de7f78ee-bb8e-6982-2608-000000001e00}\r\nProcessId: 5832\r\nImage: C:\\Users\\Secretary\\AppData\\Local\\Programs\\Python\\Python314\\python.exe\r\nUser: WINDEV2308EVAL\\Secretary\""},"eventdata":{"utcTime":"2026-02-04 03:22:55.316","processGuid":"{de7f78ee-bb8e-6982-2608-000000001e00}","processId":"5832","image":"C:\\\\Users\\\\Secretary\\\\AppData\\\\Local\\\\Programs\\\\Python\\\\Python314\\\\python.exe","user":"WINDEV2308EVAL\\\\Secretary"}}}
2026 Feb 03 20:43:04 (Secretary-Windows) any->EventChannel {"win":{"system":{"providerName":"Microsoft-Windows-Sysmon","providerGuid":"{5770385f-c22a-43e0-bf4c-06f5698ffbd9}","eventID":"5","version":"3","level":"4","task":"5","opcode":"0","keywords":"0x8000000000000000","systemTime":"2026-02-04T03:23:00.5401723Z","eventRecordID":"2558","processID":"2824","threadID":"3588","channel":"Microsoft-Windows-Sysmon/Operational","computer":"WinDev2308Eval","severityValue":"INFORMATION","message":"\"Process terminated:\r\nRuleName: -\r\nUtcTime: 2026-02-04 03:23:00.506\r\nProcessGuid: {de7f78ee-5737-6982-d004-000000001e00}\r\nProcessId: 1108\r\nImage: C:\\Windows\\System32\\WindowsPowerShell\\v1.0\\powershell.exe\r\nUser: WINDEV2308EVAL\\Secretary\""},"eventdata":{"utcTime":"2026-02-04 03:23:00.506","processGuid":"{de7f78ee-5737-6982-d004-000000001e00}","processId":"1108","image":"C:\\\\Windows\\\\System32\\\\WindowsPowerShell\\\\v1.0\\\\powershell.exe","user":"WINDEV2308EVAL\\\\Secretary"}}}
2026 Feb 03 20:43:04 wazuh-server->journald Feb 03 20:43:02 wazuh-server snapd[1942]: overlord.go:288: Acquiring state lock file
2026 Feb 03 20:43:04 wazuh-server->journald Feb 03 20:43:02 wazuh-server snapd[1942]: overlord.go:293: Acquired state lock file
2026 Feb 03 20:43:04 wazuh-server->journald Feb 03 20:43:02 wazuh-server kernel: loop0: detected capacity change from 0 to 8
2026 Feb 03 20:43:04 wazuh-server->journald Feb 03 20:43:02 wazuh-server systemd[1]: tmp-syscheck\x2dmountpoint\x2d1827946400.mount: Deactivated successfully.
2026 Feb 03 20:43:04 wazuh-server->journald Feb 03 20:43:02 wazuh-server snapd[1942]: daemon.go:370: adjusting startup timeout by 30s (pessimistic estimate of 30s plus 5s per snap)
2026 Feb 03 20:43:04 wazuh-server->journald Feb 03 20:43:02 wazuh-server snapd[1942]: daemon.go:276: started snapd/2.72+ubuntu24.04 (series 16; classic) ubuntu/24.04 (amd64) linux/6.8.0-90-generic.
2026 Feb 03 20:43:04 wazuh-server->journald Feb 03 20:43:02 wazuh-server snapd[1942]: backend.go:145: reloading profiles for snap-confine
2026 Feb 03 20:43:04 wazuh-server->journald Feb 03 20:43:02 wazuh-server snapd[1942]: backends.go:70: AppArmor status: apparmor is enabled and all features are available
2026 Feb 03 20:43:04 wazuh-server->journald Feb 03 20:43:03 wazuh-server kernel: kauditd_printk_skb: 113 callbacks suppressed
2026 Feb 03 20:43:04 wazuh-server->journald Feb 03 20:43:03 wazuh-server kernel: audit: type=1400 audit(1770151383.054:125): apparmor="STATUS" operation="profile_replace" info="same as current profile, skipping" profile="unconfined" name="/usr/lib/snapd/snap-confine//mount-namespace-capture-helper" pid=2115 comm="apparmor_parser"
2026 Feb 03 20:43:04 wazuh-server->journald Feb 03 20:43:03 wazuh-server systemd[1]: Started snapd.service - Snap Daemon.
2026 Feb 03 20:43:04 wazuh-server->journald Feb 03 20:43:03 wazuh-server systemd[1]: Starting systemd-timedated.service - Time & Date Service...
2026 Feb 03 20:43:04 wazuh-server->journald Feb 03 20:43:03 wazuh-server env[1474]: Started wazuh-modulesd...
2026 Feb 03 20:43:04 wazuh-server->journald Feb 03 20:43:03 wazuh-server dbus-daemon[723]: [system] Activating via systemd: service name='org.freedesktop.timedate1' unit='dbus-org.freedesktop.timedate1.service' requested by ':1.23' (uid=0 pid=1942 comm="/usr/lib/snapd/snapd" label="unconfined")
2026 Feb 03 20:43:04 wazuh-server->journald Feb 03 20:43:03 wazuh-server kernel: audit: type=1400 audit(1770151383.053:124): apparmor="STATUS" operation="profile_replace" info="same as current profile, skipping" profile="unconfined" name="/usr/lib/snapd/snap-confine" pid=2115 comm="apparmor_parser"
2026 Feb 03 20:43:04 (Secretary-Windows) any->EventChannel {"win":{"system":{"providerName":"Microsoft-Windows-Sysmon","providerGuid":"{5770385f-c22a-43e0-bf4c-06f5698ffbd9}","eventID":"5","version":"3","level":"4","task":"5","opcode":"0","keywords":"0x8000000000000000","systemTime":"2026-02-04T03:23:00.5549362Z","eventRecordID":"2559","processID":"2824","threadID":"3588","channel":"Microsoft-Windows-Sysmon/Operational","computer":"WinDev2308Eval","severityValue":"INFORMATION","message":"\"Process terminated:\r\nRuleName: -\r\nUtcTime: 2026-02-04 03:23:00.537\r\nProcessGuid: {de7f78ee-5738-6982-d104-000000001e00}\r\nProcessId: 5308\r\nImage: C:\\Windows\\System32\\conhost.exe\r\nUser: WINDEV2308EVAL\\Secretary\""},"eventdata":{"utcTime":"2026-02-04 03:23:00.537","processGuid":"{de7f78ee-5738-6982-d104-000000001e00}","processId":"5308","image":"C:\\\\Windows\\\\System32\\\\conhost.exe","user":"WINDEV2308EVAL\\\\Secretary"}}}
2026 Feb 03 20:43:04 (Secretary-Windows) any->EventChannel {"win":{"system":{"providerName":"Microsoft-Windows-Sysmon","providerGuid":"{5770385f-c22a-43e0-bf4c-06f5698ffbd9}","eventID":"1","version":"5","level":"4","task":"1","opcode":"0","keywords":"0x8000000000000000","systemTime":"2026-02-04T03:23:13.1281518Z","eventRecordID":"2560","processID":"2824","threadID":"3588","channel":"Microsoft-Windows-Sysmon/Operational","computer":"WinDev2308Eval","severityValue":"INFORMATION","message":"\"Process Create:\r\nRuleName: -\r\nUtcTime: 2026-02-04 03:23:13.124\r\nProcessGuid: {de7f78ee-bba1-6982-2b08-000000001e00}\r\nProcessId: 6520\r\nImage: C:\\Windows\\System32\\logman.exe\r\nFileVersion: 10.0.22621.1 (WinBuild.160101.0800)\r\nDescription: Performance Log Utility\r\nProduct: Microsoft® Windows® Operating System\r\nCompany: Microsoft Corporation\r\nOriginalFileName: Logman.exe\r\nCommandLine: \"C:\\Windows\\system32\\logman.exe\" create trace MyKernelTrace -o C:\\KernelLog.etl -pf C:\\Users\\Secretary\\Desktop\\logman\\providers.txt -ets\r\nCurrentDirectory: C:\\Windows\\system32\\\r\nUser: WINDEV2308EVAL\\Secretary\r\nLogonGuid: {de7f78ee-4b47-6982-d6f1-3d0000000000}\r\nLogonId: 0x3DF1D6\r\nTerminalSessionId: 2\r\nIntegrityLevel: High\r\nHashes: SHA256=3638EC21028FC0C08237FB99311446D58CBAF5507F2A8198E7A82619CBD001A2\r\nParentProcessGuid: {de7f78ee-b9ff-6982-0c08-000000001e00}\r\nParentProcessId: 6992\r\nParentImage: C:\\Windows\\System32\\WindowsPowerShell\\v1.0\\powershell.exe\r\nParentCommandLine: \"C:\\Windows\\System32\\WindowsPowerShell\\v1.0\\powershell.exe\" \r\nParentUser: WINDEV2308EVAL\\Secretary\""},"eventdata":{"utcTime":"2026-02-04 03:23:13.124","processGuid":"{de7f78ee-bba1-6982-2b08-000000001e00}","processId":"6520","image":"C:\\\\Windows\\\\System32\\\\logman.exe","fileVersion":"10.0.22621.1 (WinBuild.160101.0800)","description":"Performance Log Utility","product":"Microsoft® Windows® Operating System","company":"Microsoft Corporation","originalFileName":"Logman.exe","commandLine":"\\\"C:\\\\Windows\\\\system32\\\\logman.exe\\\" create trace MyKernelTrace -o C:\\\\KernelLog.etl -pf C:\\\\Users\\\\Secretary\\\\Desktop\\\\logman\\\\providers.txt -ets","currentDirectory":"C:\\\\Windows\\\\system32\\\\","user":"WINDEV2308EVAL\\\\Secretary","logonGuid":"{de7f78ee-4b47-6982-d6f1-3d0000000000}","logonId":"0x3df1d6","terminalSessionId":"2","integrityLevel":"High","hashes":"SHA256=3638EC21028FC0C08237FB99311446D58CBAF5507F2A8198E7A82619CBD001A2","parentProcessGuid":"{de7f78ee-b9ff-6982-0c08-000000001e00}","parentProcessId":"6992","parentImage":"C:\\\\Windows\\\\System32\\\\WindowsPowerShell\\\\v1.0\\\\powershell.exe","parentCommandLine":"\\\"C:\\\\Windows\\\\System32\\\\WindowsPowerShell\\\\v1.0\\\\powershell.exe\\\"","parentUser":"WINDEV2308EVAL\\\\Secretary"}}}
2026 Feb 03 20:43:04 wazuh-server->journald Feb 03 20:43:03 wazuh-server dbus-daemon[723]: [system] Successfully activated service 'org.freedesktop.timedate1'
2026 Feb 03 20:43:04 wazuh-server->journald Feb 03 20:43:03 wazuh-server systemd[1]: Started systemd-timedated.service - Time & Date Service.
2026 Feb 03 20:43:04 (Secretary-Windows) any->EventChannel {"win":{"system":{"providerName":"Microsoft-Windows-Sysmon","providerGuid":"{5770385f-c22a-43e0-bf4c-06f5698ffbd9}","eventID":"1","version":"5","level":"4","task":"1","opcode":"0","keywords":"0x8000000000000000","systemTime":"2026-02-04T03:23:13.1947001Z","eventRecordID":"2561","processID":"2824","threadID":"3588","channel":"Microsoft-Windows-Sysmon/Operational","computer":"WinDev2308Eval","severityValue":"INFORMATION","message":"\"Process Create:\r\nRuleName: -\r\nUtcTime: 2026-02-04 03:23:13.191\r\nProcessGuid: {de7f78ee-bba1-6982-2c08-000000001e00}\r\nProcessId: 4012\r\nImage: C:\\Windows\\System32\\wbem\\WmiPrvSE.exe\r\nFileVersion: 10.0.22621.1 (WinBuild.160101.0800)\r\nDescription: WMI Provider Host\r\nProduct: Microsoft® Windows® Operating System\r\nCompany: Microsoft Corporation\r\nOriginalFileName: Wmiprvse.exe\r\nCommandLine: C:\\Windows\\system32\\wbem\\wmiprvse.exe -Embedding\r\nCurrentDirectory: C:\\Windows\\system32\\\r\nUser: NT AUTHORITY\\SYSTEM\r\nLogonGuid: {de7f78ee-0035-6980-e703-000000000000}\r\nLogonId: 0x3E7\r\nTerminalSessionId: 0\r\nIntegrityLevel: System\r\nHashes: SHA256=196CABED59111B6C4BBF78C84A56846D96CBBC4F06935A4FD4E6432EF0AE4083\r\nParentProcessGuid: {de7f78ee-0035-6980-0f00-000000001e00}\r\nParentProcessId: 896\r\nParentImage: C:\\Windows\\System32\\svchost.exe\r\nParentCommandLine: C:\\Windows\\system32\\svchost.exe -k DcomLaunch -p\r\nParentUser: NT AUTHORITY\\SYSTEM\""},"eventdata":{"utcTime":"2026-02-04 03:23:13.191","processGuid":"{de7f78ee-bba1-6982-2c08-000000001e00}","processId":"4012","image":"C:\\\\Windows\\\\System32\\\\wbem\\\\WmiPrvSE.exe","fileVersion":"10.0.22621.1 (WinBuild.160101.0800)","description":"WMI Provider Host","product":"Microsoft® Windows® Operating System","company":"Microsoft Corporation","originalFileName":"Wmiprvse.exe","commandLine":"C:\\\\Windows\\\\system32\\\\wbem\\\\wmiprvse.exe -Embedding","currentDirectory":"C:\\\\Windows\\\\system32\\\\","user":"NT AUTHORITY\\\\SYSTEM","logonGuid":"{de7f78ee-0035-6980-e703-000000000000}","logonId":"0x3e7","terminalSessionId":"0","integrityLevel":"System","hashes":"SHA256=196CABED59111B6C4BBF78C84A56846D96CBBC4F06935A4FD4E6432EF0AE4083","parentProcessGuid":"{de7f78ee-0035-6980-0f00-000000001e00}","parentProcessId":"896","parentImage":"C:\\\\Windows\\\\System32\\\\svchost.exe","parentCommandLine":"C:\\\\Windows\\\\system32\\\\svchost.exe -k DcomLaunch -p","parentUser":"NT AUTHORITY\\\\SYSTEM"}}}
2026 Feb 03 20:43:04 (Secretary-Windows) any->EventChannel {"win":{"system":{"providerName":"Microsoft-Windows-Sysmon","providerGuid":"{5770385f-c22a-43e0-bf4c-06f5698ffbd9}","eventID":"5","version":"3","level":"4","task":"5","opcode":"0","keywords":"0x8000000000000000","systemTime":"2026-02-04T03:23:14.2999632Z","eventRecordID":"2562","processID":"2824","threadID":"3588","channel":"Microsoft-Windows-Sysmon/Operational","computer":"WinDev2308Eval","severityValue":"INFORMATION","message":"\"Process terminated:\r\nRuleName: -\r\nUtcTime: 2026-02-04 03:23:14.298\r\nProcessGuid: {de7f78ee-bba1-6982-2b08-000000001e00}\r\nProcessId: 6520\r\nImage: C:\\Windows\\System32\\logman.exe\r\nUser: WINDEV2308EVAL\\Secretary\""},"eventdata":{"utcTime":"2026-02-04 03:23:14.298","processGuid":"{de7f78ee-bba1-6982-2b08-000000001e00}","processId":"6520","image":"C:\\\\Windows\\\\System32\\\\logman.exe","user":"WINDEV2308EVAL\\\\Secretary"}}}
2026 Feb 03 20:43:04 (Secretary-Windows) any->EventChannel {"win":{"system":{"providerName":"Microsoft-Windows-Sysmon","providerGuid":"{5770385f-c22a-43e0-bf4c-06f5698ffbd9}","eventID":"1","version":"5","level":"4","task":"1","opcode":"0","keywords":"0x8000000000000000","systemTime":"2026-02-04T03:23:46.8089370Z","eventRecordID":"2563","processID":"2824","threadID":"3588","channel":"Microsoft-Windows-Sysmon/Operational","computer":"WinDev2308Eval","severityValue":"INFORMATION","message":"\"Process Create:\r\nRuleName: -\r\nUtcTime: 2026-02-04 03:23:46.794\r\nProcessGuid: {de7f78ee-bbc2-6982-2d08-000000001e00}\r\nProcessId: 2480\r\nImage: C:\\Windows\\System32\\logman.exe\r\nFileVersion: 10.0.22621.1 (WinBuild.160101.0800)\r\nDescription: Performance Log Utility\r\nProduct: Microsoft® Windows® Operating System\r\nCompany: Microsoft Corporation\r\nOriginalFileName: Logman.exe\r\nCommandLine: \"C:\\Windows\\system32\\logman.exe\" query MyKernelTrace -ets\r\nCurrentDirectory: C:\\Windows\\system32\\\r\nUser: WINDEV2308EVAL\\Secretary\r\nLogonGuid: {de7f78ee-4b47-6982-d6f1-3d0000000000}\r\nLogonId: 0x3DF1D6\r\nTerminalSessionId: 2\r\nIntegrityLevel: High\r\nHashes: SHA256=3638EC21028FC0C08237FB99311446D58CBAF5507F2A8198E7A82619CBD001A2\r\nParentProcessGuid: {de7f78ee-b9ff-6982-0c08-000000001e00}\r\nParentProcessId: 6992\r\nParentImage: C:\\Windows\\System32\\WindowsPowerShell\\v1.0\\powershell.exe\r\nParentCommandLine: \"C:\\Windows\\System32\\WindowsPowerShell\\v1.0\\powershell.exe\" \r\nParentUser: WINDEV2308EVAL\\Secretary\""},"eventdata":{"utcTime":"2026-02-04 03:23:46.794","processGuid":"{de7f78ee-bbc2-6982-2d08-000000001e00}","processId":"2480","image":"C:\\\\Windows\\\\System32\\\\logman.exe","fileVersion":"10.0.22621.1 (WinBuild.160101.0800)","description":"Performance Log Utility","product":"Microsoft® Windows® Operating System","company":"Microsoft Corporation","originalFileName":"Logman.exe","commandLine":"\\\"C:\\\\Windows\\\\system32\\\\logman.exe\\\" query MyKernelTrace -ets","currentDirectory":"C:\\\\Windows\\\\system32\\\\","user":"WINDEV2308EVAL\\\\Secretary","logonGuid":"{de7f78ee-4b47-6982-d6f1-3d0000000000}","logonId":"0x3df1d6","terminalSessionId":"2","integrityLevel":"High","hashes":"SHA256=3638EC21028FC0C08237FB99311446D58CBAF5507F2A8198E7A82619CBD001A2","parentProcessGuid":"{de7f78ee-b9ff-6982-0c08-000000001e00}","parentProcessId":"6992","parentImage":"C:\\\\Windows\\\\System32\\\\WindowsPowerShell\\\\v1.0\\\\powershell.exe","parentCommandLine":"\\\"C:\\\\Windows\\\\System32\\\\WindowsPowerShell\\\\v1.0\\\\powershell.exe\\\"","parentUser":"WINDEV2308EVAL\\\\Secretary"}}}
2026 Feb 03 20:43:04 (Secretary-Windows) any->EventChannel {"win":{"system":{"providerName":"Microsoft-Windows-Sysmon","providerGuid":"{5770385f-c22a-43e0-bf4c-06f5698ffbd9}","eventID":"5","version":"3","level":"4","task":"5","opcode":"0","keywords":"0x8000000000000000","systemTime":"2026-02-04T03:23:48.9159074Z","eventRecordID":"2564","processID":"2824","threadID":"3588","channel":"Microsoft-Windows-Sysmon/Operational","computer":"WinDev2308Eval","severityValue":"INFORMATION","message":"\"Process terminated:\r\nRuleName: -\r\nUtcTime: 2026-02-04 03:23:48.908\r\nProcessGuid: {de7f78ee-bbc2-6982-2d08-000000001e00}\r\nProcessId: 2480\r\nImage: C:\\Windows\\System32\\logman.exe\r\nUser: WINDEV2308EVAL\\Secretary\""},"eventdata":{"utcTime":"2026-02-04 03:23:48.908","processGuid":"{de7f78ee-bbc2-6982-2d08-000000001e00}","processId":"2480","image":"C:\\\\Windows\\\\System32\\\\logman.exe","user":"WINDEV2308EVAL\\\\Secretary"}}}
2026 Feb 03 20:43:04 (Secretary-Windows) any->EventChannel {"win":{"system":{"providerName":"Microsoft-Windows-Sysmon","providerGuid":"{5770385f-c22a-43e0-bf4c-06f5698ffbd9}","eventID":"1","version":"5","level":"4","task":"1","opcode":"0","keywords":"0x8000000000000000","systemTime":"2026-02-04T03:23:53.8330842Z","eventRecordID":"2565","processID":"2824","threadID":"3588","channel":"Microsoft-Windows-Sysmon/Operational","computer":"WinDev2308Eval","severityValue":"INFORMATION","message":"\"Process Create:\r\nRuleName: -\r\nUtcTime: 2026-02-04 03:23:53.763\r\nProcessGuid: {de7f78ee-bbc9-6982-2e08-000000001e00}\r\nProcessId: 7968\r\nImage: C:\\Windows\\System32\\taskhostw.exe\r\nFileVersion: 10.0.22621.5262 (WinBuild.160101.0800)\r\nDescription: Host Process for Windows Tasks\r\nProduct: Microsoft® Windows® Operating System\r\nCompany: Microsoft Corporation\r\nOriginalFileName: taskhostw.exe\r\nCommandLine: taskhostw.exe USER\r\nCurrentDirectory: C:\\Windows\\system32\\\r\nUser: WINDEV2308EVAL\\Secretary\r\nLogonGuid: {de7f78ee-4b47-6982-f4f1-3d0000000000}\r\nLogonId: 0x3DF1F4\r\nTerminalSessionId: 2\r\nIntegrityLevel: Medium\r\nHashes: SHA256=5177CBF5AB5E3DA9BCB6E70642D57B781C5F799361CE7C809CDFAEDE24B1B476\r\nParentProcessGuid: {de7f78ee-0036-6980-1500-000000001e00}\r\nParentProcessId: 1080\r\nParentImage: C:\\Windows\\System32\\svchost.exe\r\nParentCommandLine: C:\\Windows\\system32\\svchost.exe -k netsvcs -p\r\nParentUser: NT AUTHORITY\\SYSTEM\""},"eventdata":{"utcTime":"2026-02-04 03:23:53.763","processGuid":"{de7f78ee-bbc9-6982-2e08-000000001e00}","processId":"7968","image":"C:\\\\Windows\\\\System32\\\\taskhostw.exe","fileVersion":"10.0.22621.5262 (WinBuild.160101.0800)","description":"Host Process for Windows Tasks","product":"Microsoft® Windows® Operating System","company":"Microsoft Corporation","originalFileName":"taskhostw.exe","commandLine":"taskhostw.exe USER","currentDirectory":"C:\\\\Windows\\\\system32\\\\","user":"WINDEV2308EVAL\\\\Secretary","logonGuid":"{de7f78ee-4b47-6982-f4f1-3d0000000000}","logonId":"0x3df1f4","terminalSessionId":"2","integrityLevel":"Medium","hashes":"SHA256=5177CBF5AB5E3DA9BCB6E70642D57B781C5F799361CE7C809CDFAEDE24B1B476","parentProcessGuid":"{de7f78ee-0036-6980-1500-000000001e00}","parentProcessId":"1080","parentImage":"C:\\\\Windows\\\\System32\\\\svchost.exe","parentCommandLine":"C:\\\\Windows\\\\system32\\\\svchost.exe -k netsvcs -p","parentUser":"NT AUTHORITY\\\\SYSTEM"}}}
2026 Feb 03 20:43:04 (Secretary-Windows) any->EventChannel {"win":{"system":{"providerName":"Microsoft-Windows-Sysmon","providerGuid":"{5770385f-c22a-43e0-bf4c-06f5698ffbd9}","eventID":"1","version":"5","level":"4","task":"1","opcode":"0","keywords":"0x8000000000000000","systemTime":"2026-02-04T03:23:54.0100065Z","eventRecordID":"2566","processID":"2824","threadID":"3588","channel":"Microsoft-Windows-Sysmon/Operational","computer":"WinDev2308Eval","severityValue":"INFORMATION","message":"\"Process Create:\r\nRuleName: -\r\nUtcTime: 2026-02-04 03:23:53.965\r\nProcessGuid: {de7f78ee-bbc9-6982-2f08-000000001e00}\r\nProcessId: 5628\r\nImage: C:\\Program Files\\WindowsApps\\MicrosoftTeams_26004.402.4240.1590_x64__8wekyb3d8bbwe\\msteamsupdate.exe\r\nFileVersion: 26004.402.4240.1590\r\nDescription: Microsoft Teams Updater (personal)\r\nProduct: Microsoft Teams Updater (personal)\r\nCompany: Microsoft Corporation\r\nOriginalFileName: msteamsupdate.exe\r\nCommandLine: \"C:\\Program Files\\WindowsApps\\MicrosoftTeams_26004.402.4240.1590_x64__8wekyb3d8bbwe\\msteamsupdate.exe\" -RegisterComServerForEcsTask -Embedding\r\nCurrentDirectory: C:\\Windows\\system32\\\r\nUser: WINDEV2308EVAL\\Secretary\r\nLogonGuid: {de7f78ee-4b47-6982-f4f1-3d0000000000}\r\nLogonId: 0x3DF1F4\r\nTerminalSessionId: 2\r\nIntegrityLevel: Medium\r\nHashes: SHA256=09CFC7D1AB8AAE773965E6CAE783AC44DFFB56BC670E582096BF3C86E1BEDF9D\r\nParentProcessGuid: {de7f78ee-0035-6980-0f00-000000001e00}\r\nParentProcessId: 896\r\nParentImage: C:\\Windows\\System32\\svchost.exe\r\nParentCommandLine: C:\\Windows\\system32\\svchost.exe -k DcomLaunch -p\r\nParentUser: NT AUTHORITY\\SYSTEM\""},"eventdata":{"utcTime":"2026-02-04 03:23:53.965","processGuid":"{de7f78ee-bbc9-6982-2f08-000000001e00}","processId":"5628","image":"C:\\\\Program Files\\\\WindowsApps\\\\MicrosoftTeams_26004.402.4240.1590_x64__8wekyb3d8bbwe\\\\msteamsupdate.exe","fileVersion":"26004.402.4240.1590","description":"Microsoft Teams Updater (personal)","product":"Microsoft Teams Updater (personal)","company":"Microsoft Corporation","originalFileName":"msteamsupdate.exe","commandLine":"\\\"C:\\\\Program Files\\\\WindowsApps\\\\MicrosoftTeams_26004.402.4240.1590_x64__8wekyb3d8bbwe\\\\msteamsupdate.exe\\\" -RegisterComServerForEcsTask -Embedding","currentDirectory":"C:\\\\Windows\\\\system32\\\\","user":"WINDEV2308EVAL\\\\Secretary","logonGuid":"{de7f78ee-4b47-6982-f4f1-3d0000000000}","logonId":"0x3df1f4","terminalSessionId":"2","integrityLevel":"Medium","hashes":"SHA256=09CFC7D1AB8AAE773965E6CAE783AC44DFFB56BC670E582096BF3C86E1BEDF9D","parentProcessGuid":"{de7f78ee-0035-6980-0f00-000000001e00}","parentProcessId":"896","parentImage":"C:\\\\Windows\\\\System32\\\\svchost.exe","parentCommandLine":"C:\\\\Windows\\\\system32\\\\svchost.exe -k DcomLaunch -p","parentUser":"NT AUTHORITY\\\\SYSTEM"}}}
2026 Feb 03 20:43:04 (Secretary-Windows) any->EventChannel {"win":{"system":{"providerName":"Microsoft-Windows-Sysmon","providerGuid":"{5770385f-c22a-43e0-bf4c-06f5698ffbd9}","eventID":"1","version":"5","level":"4","task":"1","opcode":"0","keywords":"0x8000000000000000","systemTime":"2026-02-04T03:23:54.2492028Z","eventRecordID":"2567","processID":"2824","threadID":"3588","channel":"Microsoft-Windows-Sysmon/Operational","computer":"WinDev2308Eval","severityValue":"INFORMATION","message":"\"Process Create:\r\nRuleName: -\r\nUtcTime: 2026-02-04 03:23:54.193\r\nProcessGuid: {de7f78ee-bbca-6982-3008-000000001e00}\r\nProcessId: 4444\r\nImage: C:\\Windows\\System32\\backgroundTaskHost.exe\r\nFileVersion: 10.0.22621.1 (WinBuild.160101.0800)\r\nDescription: Background Task Host\r\nProduct: Microsoft® Windows® Operating System\r\nCompany: Microsoft Corporation\r\nOriginalFileName: backgroundTaskHost.exe\r\nCommandLine: \"C:\\Windows\\system32\\backgroundTaskHost.exe\" -ServerName:Global.DesktopSpotlight.AppXz2j21w56bgxkgsjhtn7zkjsepq96erz2.mca\r\nCurrentDirectory: C:\\Windows\\SystemApps\\MicrosoftWindows.Client.CBS_cw5n1h2txyewy\\\r\nUser: WINDEV2308EVAL\\Secretary\r\nLogonGuid: {de7f78ee-4b47-6982-f4f1-3d0000000000}\r\nLogonId: 0x3DF1F4\r\nTerminalSessionId: 2\r\nIntegrityLevel: AppContainer\r\nHashes: SHA256=4C8915E07BE1904A3BC02E4F8DB0A80BB932CE610D97EABB9151B4E51F449980\r\nParentProcessGuid: {de7f78ee-0035-6980-0f00-000000001e00}\r\nParentProcessId: 896\r\nParentImage: C:\\Windows\\System32\\svchost.exe\r\nParentCommandLine: C:\\Windows\\system32\\svchost.exe -k DcomLaunch -p\r\nParentUser: NT AUTHORITY\\SYSTEM\""},"eventdata":{"utcTime":"2026-02-04 03:23:54.193","processGuid":"{de7f78ee-bbca-6982-3008-000000001e00}","processId":"4444","image":"C:\\\\Windows\\\\System32\\\\backgroundTaskHost.exe","fileVersion":"10.0.22621.1 (WinBuild.160101.0800)","description":"Background Task Host","product":"Microsoft® Windows® Operating System","company":"Microsoft Corporation","originalFileName":"backgroundTaskHost.exe","commandLine":"\\\"C:\\\\Windows\\\\system32\\\\backgroundTaskHost.exe\\\" -ServerName:Global.DesktopSpotlight.AppXz2j21w56bgxkgsjhtn7zkjsepq96erz2.mca","currentDirectory":"C:\\\\Windows\\\\SystemApps\\\\MicrosoftWindows.Client.CBS_cw5n1h2txyewy\\\\","user":"WINDEV2308EVAL\\\\Secretary","logonGuid":"{de7f78ee-4b47-6982-f4f1-3d0000000000}","logonId":"0x3df1f4","terminalSessionId":"2","integrityLevel":"AppContainer","hashes":"SHA256=4C8915E07BE1904A3BC02E4F8DB0A80BB932CE610D97EABB9151B4E51F449980","parentProcessGuid":"{de7f78ee-0035-6980-0f00-000000001e00}","parentProcessId":"896","parentImage":"C:\\\\Windows\\\\System32\\\\svchost.exe","parentCommandLine":"C:\\\\Windows\\\\system32\\\\svchost.exe -k DcomLaunch -p","parentUser":"NT AUTHORITY\\\\SYSTEM"}}}
2026 Feb 03 20:43:04 (Secretary-Windows) any->EventChannel {"win":{"system":{"providerName":"Microsoft-Windows-Sysmon","providerGuid":"{5770385f-c22a-43e0-bf4c-06f5698ffbd9}","eventID":"1","version":"5","level":"4","task":"1","opcode":"0","keywords":"0x8000000000000000","systemTime":"2026-02-04T03:23:54.2501449Z","eventRecordID":"2568","processID":"2824","threadID":"3588","channel":"Microsoft-Windows-Sysmon/Operational","computer":"WinDev2308Eval","severityValue":"INFORMATION","message":"\"Process Create:\r\nRuleName: -\r\nUtcTime: 2026-02-04 03:23:54.244\r\nProcessGuid: {de7f78ee-bbca-6982-3108-000000001e00}\r\nProcessId: 7204\r\nImage: C:\\Windows\\System32\\svchost.exe\r\nFileVersion: 10.0.22621.1 (WinBuild.160101.0800)\r\nDescription: Host Process for Windows Services\r\nProduct: Microsoft® Windows® Operating System\r\nCompany: Microsoft Corporation\r\nOriginalFileName: svchost.exe\r\nCommandLine: C:\\Windows\\system32\\svchost.exe -k wsappx -p\r\nCurrentDirectory: C:\\Windows\\system32\\\r\nUser: NT AUTHORITY\\SYSTEM\r\nLogonGuid: {de7f78ee-0035-6980-e703-000000000000}\r\nLogonId: 0x3E7\r\nTerminalSessionId: 0\r\nIntegrityLevel: System\r\nHashes: SHA256=949BFB5B4C7D58D92F3F9C5F8EC7CA4CEAFFD10EC5F0020F0A987C472D61C54B\r\nParentProcessGuid: {de7f78ee-0035-6980-0b00-000000001e00}\r\nParentProcessId: 748\r\nParentImage: C:\\Windows\\System32\\services.exe\r\nParentCommandLine: C:\\Windows\\system32\\services.exe\r\nParentUser: NT AUTHORITY\\SYSTEM\""},"eventdata":{"utcTime":"2026-02-04 03:23:54.244","processGuid":"{de7f78ee-bbca-6982-3108-000000001e00}","processId":"7204","image":"C:\\\\Windows\\\\System32\\\\svchost.exe","fileVersion":"10.0.22621.1 (WinBuild.160101.0800)","description":"Host Process for Windows Services","product":"Microsoft® Windows® Operating System","company":"Microsoft Corporation","originalFileName":"svchost.exe","commandLine":"C:\\\\Windows\\\\system32\\\\svchost.exe -k wsappx -p","currentDirectory":"C:\\\\Windows\\\\system32\\\\","user":"NT AUTHORITY\\\\SYSTEM","logonGuid":"{de7f78ee-0035-6980-e703-000000000000}","logonId":"0x3e7","terminalSessionId":"0","integrityLevel":"System","hashes":"SHA256=949BFB5B4C7D58D92F3F9C5F8EC7CA4CEAFFD10EC5F0020F0A987C472D61C54B","parentProcessGuid":"{de7f78ee-0035-6980-0b00-000000001e00}","parentProcessId":"748","parentImage":"C:\\\\Windows\\\\System32\\\\services.exe","parentCommandLine":"C:\\\\Windows\\\\system32\\\\services.exe","parentUser":"NT AUTHORITY\\\\SYSTEM"}}}
2026 Feb 03 20:43:04 (Secretary-Windows) any->EventChannel {"win":{"system":{"providerName":"Microsoft-Windows-Sysmon","providerGuid":"{5770385f-c22a-43e0-bf4c-06f5698ffbd9}","eventID":"5","version":"3","level":"4","task":"5","opcode":"0","keywords":"0x8000000000000000","systemTime":"2026-02-04T03:23:54.7731336Z","eventRecordID":"2569","processID":"2824","threadID":"3588","channel":"Microsoft-Windows-Sysmon/Operational","computer":"WinDev2308Eval","severityValue":"INFORMATION","message":"\"Process terminated:\r\nRuleName: -\r\nUtcTime: 2026-02-04 03:23:54.766\r\nProcessGuid: {de7f78ee-bbc9-6982-2e08-000000001e00}\r\nProcessId: 7968\r\nImage: C:\\Windows\\System32\\taskhostw.exe\r\nUser: WINDEV2308EVAL\\Secretary\""},"eventdata":{"utcTime":"2026-02-04 03:23:54.766","processGuid":"{de7f78ee-bbc9-6982-2e08-000000001e00}","processId":"7968","image":"C:\\\\Windows\\\\System32\\\\taskhostw.exe","user":"WINDEV2308EVAL\\\\Secretary"}}}
