2026 Feb 03 20:43:04 (Secretary-Windows) any->EventChannel {"win":{"system":{"providerName":"Microsoft-Windows-Sysmon","providerGuid":"{5770385f-c22a-43e0-bf4c-06f5698ffbd9}","eventID":"1","version":"5","level":"4","task":"1","opcode":"0","keywords":"0x8000000000000000","systemTime":"2026-02-04T03:24:05.9948197Z","eventRecordID":"2571","processID":"2824","threadID":"3588","channel":"Microsoft-Windows-Sysmon/Operational","computer":"WinDev2308Eval","severityValue":"INFORMATION","message":"\"Process Create:\r\nRuleName: -\r\nUtcTime: 2026-02-04 03:24:05.987\r\nProcessGuid: {de7f78ee-bbd5-6982-3208-000000001e00}\r\nProcessId: 2096\r\nImage: C:\\Windows\\System32\\SearchProtocolHost.exe\r\nFileVersion: 7.0.22621.6060 (WinBuild.160101.0800)\r\nDescription: Microsoft Windows Search Protocol Host\r\nProduct: Windows® Search\r\nCompany: Microsoft Corporation\r\nOriginalFileName: SearchProtocolHost.exe\r\nCommandLine: \"C:\\Windows\\System32\\SearchProtocolHost.exe\" Global\\UsGthrFltPipeMssGthrPipe37_ Global\\UsGthrCtrlFltPipeMssGthrPipe37 1 -2147483646 \"Software\\Microsoft\\Windows Search\" \"Mozilla/4.0 (compatible; MSIE 6.0; Windows NT; MS Search 4.0 Robot)\" \"C:\\ProgramData\\Microsoft\\Search\\Data\\Temp\\usgthrsvc\" \"DownLevelDaemon\" \r\nCurrentDirectory: C:\\Windows\\system32\\\r\nUser: NT AUTHORITY\\SYSTEM\r\nLogonGuid: {de7f78ee-0035-6980-e703-000000000000}\r\nLogonId: 0x3E7\r\nTerminalSessionId: 0\r\nIntegrityLevel: System\r\nHashes: SHA256=F15422BCCDDB3D2BD96C3FC408E8112367A6692E29730CF04894210C0894C4E2\r\nParentProcessGuid: {de7f78ee-0060-6980-9c00-000000001e00}\r\nParentProcessId: 5064\r\nParentImage: C:\\Windows\\System32\\SearchIndexer.exe\r\nParentCommandLine: C:\\Windows\\system32\\SearchIndexer.exe /Embedding\r\nParentUser: NT AUTHORITY\\SYSTEM\""},"eventdata":{"utcTime":"2026-02-04 03:24:05.987","processGuid":"{de7f78ee-bbd5-6982-3208-000000001e00}","processId":"2096","image":"C:\\\\Windows\\\\System32\\\\SearchProtocolHost.exe","fileVersion":"7.0.22621.6060 (WinBuild.160101.0800)","description":"Microsoft Windows Search Protocol Host","product":"Windows® Search","company":"Microsoft Corporation","originalFileName":"SearchProtocolHost.exe","commandLine":"\\\"C:\\\\Windows\\\\System32\\\\SearchProtocolHost.exe\\\" Global\\\\UsGthrFltPipeMssGthrPipe37_ Global\\\\UsGthrCtrlFltPipeMssGthrPipe37 1 -2147483646 \\\"Software\\\\Microsoft\\\\Windows Search\\\" \\\"Mozilla/4.0 (compatible; MSIE 6.0; Windows NT; MS Search 4.0 Robot)\\\" \\\"C:\\\\ProgramData\\\\Microsoft\\\\Search\\\\Data\\\\Temp\\\\usgthrsvc\\\" \\\"DownLevelDaemon\\\"","currentDirectory":"C:\\\\Windows\\\\system32\\\\","user":"NT AUTHORITY\\\\SYSTEM","logonGuid":"{de7f78ee-0035-6980-e703-000000000000}","logonId":"0x3e7","terminalSessionId":"0","integrityLevel":"System","hashes":"SHA256=F15422BCCDDB3D2BD96C3FC408E8112367A6692E29730CF04894210C0894C4E2","parentProcessGuid":"{de7f78ee-0060-6980-9c00-000000001e00}","parentProcessId":"5064","parentImage":"C:\\\\Windows\\\\System32\\\\SearchIndexer.exe","parentCommandLine":"C:\\\\Windows\\\\system32\\\\SearchIndexer.exe /Embedding","parentUser":"NT AUTHORITY\\\\SYSTEM"}}}
2026 Feb 03 20:43:04 (Secretary-Windows) any->EventChannel {"win":{"system":{"providerName":"Microsoft-Windows-Sysmon","providerGuid":"{5770385f-c22a-43e0-bf4c-06f5698ffbd9}","eventID":"1","version":"5","level":"4","task":"1","opcode":"0","keywords":"0x8000000000000000","systemTime":"2026-02-04T03:24:06.0810663Z","eventRecordID":"2572","processID":"2824","threadID":"3588","channel":"Microsoft-Windows-Sysmon/Operational","computer":"WinDev2308Eval","severityValue":"INFORMATION","message":"\"Process Create:\r\nRuleName: -\r\nUtcTime: 2026-02-04 03:24:06.072\r\nProcessGuid: {de7f78ee-bbd6-6982-3308-000000001e00}\r\nProcessId: 4480\r\nImage: C:\\Windows\\System32\\SearchFilterHost.exe\r\nFileVersion: 7.0.22621.6060 (WinBuild.160101.0800)\r\nDescription: Microsoft Windows Search Filter Host\r\nProduct: Windows® Search\r\nCompany: Microsoft Corporation\r\nOriginalFileName: SearchFilterHost.exe\r\nCommandLine: \"C:\\Windows\\System32\\SearchFilterHost.exe\" 904 2552 3028 888 {7FC3863B-7471-4B10-84E3-A5C2E0330618}\r\nCurrentDirectory: C:\\Windows\\system32\\\r\nUser: NT AUTHORITY\\SYSTEM\r\nLogonGuid: {de7f78ee-0035-6980-e703-000000000000}\r\nLogonId: 0x3E7\r\nTerminalSessionId: 0\r\nIntegrityLevel: Medium\r\nHashes: SHA256=2931BC2DFAEA376DBF8C247562F5BB86ABF0936A74E5F770896DB22F3A948E5E\r\nParentProcessGuid: {de7f78ee-0060-6980-9c00-000000001e00}\r\nParentProcessId: 5064\r\nParentImage: C:\\Windows\\System32\\SearchIndexer.exe\r\nParentCommandLine: C:\\Windows\\system32\\SearchIndexer.exe /Embedding\r\nParentUser: NT AUTHORITY\\SYSTEM\""},"eventdata":{"utcTime":"2026-02-04 03:24:06.072","processGuid":"{de7f78ee-bbd6-6982-3308-000000001e00}","processId":"4480","image":"C:\\\\Windows\\\\System32\\\\SearchFilterHost.exe","fileVersion":"7.0.22621.6060 (WinBuild.160101.0800)","description":"Microsoft Windows Search Filter Host","product":"Windows® Search","company":"Microsoft Corporation","originalFileName":"SearchFilterHost.exe","commandLine":"\\\"C:\\\\Windows\\\\System32\\\\SearchFilterHost.exe\\\" 904 2552 3028 888 {7FC3863B-7471-4B10-84E3-A5C2E0330618}","currentDirectory":"C:\\\\Windows\\\\system32\\\\","user":"NT AUTHORITY\\\\SYSTEM","logonGuid":"{de7f78ee-0035-6980-e703-000000000000}","logonId":"0x3e7","terminalSessionId":"0","integrityLevel":"Medium","hashes":"SHA256=2931BC2DFAEA376DBF8C247562F5BB86ABF0936A74E5F770896DB22F3A948E5E","parentProcessGuid":"{de7f78ee-0060-6980-9c00-000000001e00}","parentProcessId":"5064","parentImage":"C:\\\\Windows\\\\System32\\\\SearchIndexer.exe","parentCommandLine":"C:\\\\Windows\\\\system32\\\\SearchIndexer.exe /Embedding","parentUser":"NT AUTHORITY\\\\SYSTEM"}}}
2026 Feb 03 20:43:04 (Secretary-Windows) any->EventChannel {"win":{"system":{"providerName":"Microsoft-Windows-Sysmon","providerGuid":"{5770385f-c22a-43e0-bf4c-06f5698ffbd9}","eventID":"5","version":"3","level":"4","task":"5","opcode":"0","keywords":"0x8000000000000000","systemTime":"2026-02-04T03:24:05.6126473Z","eventRecordID":"2570","processID":"2824","threadID":"3588","channel":"Microsoft-Windows-Sysmon/Operational","computer":"WinDev2308Eval","severityValue":"INFORMATION","message":"\"Process terminated:\r\nRuleName: -\r\nUtcTime: 2026-02-04 03:24:05.603\r\nProcessGuid: {de7f78ee-58f3-6982-5005-000000001e00}\r\nProcessId: 4140\r\nImage: C:\\Program Files\\WindowsApps\\Microsoft.WindowsNotepad_11.2510.14.0_x64__8wekyb3d8bbwe\\Notepad\\Notepad.exe\r\nUser: WINDEV2308EVAL\\Secretary\""},"eventdata":{"utcTime":"2026-02-04 03:24:05.603","processGuid":"{de7f78ee-58f3-6982-5005-000000001e00}","processId":"4140","image":"C:\\\\Program Files\\\\WindowsApps\\\\Microsoft.WindowsNotepad_11.2510.14.0_x64__8wekyb3d8bbwe\\\\Notepad\\\\Notepad.exe","user":"WINDEV2308EVAL\\\\Secretary"}}}
2026 Feb 03 20:43:04 (Secretary-Windows) any->EventChannel {"win":{"system":{"providerName":"Microsoft-Windows-Sysmon","providerGuid":"{5770385f-c22a-43e0-bf4c-06f5698ffbd9}","eventID":"5","version":"3","level":"4","task":"5","opcode":"0","keywords":"0x8000000000000000","systemTime":"2026-02-04T03:24:10.6471234Z","eventRecordID":"2573","processID":"2824","threadID":"3588","channel":"Microsoft-Windows-Sysmon/Operational","computer":"WinDev2308Eval","severityValue":"INFORMATION","message":"\"Process terminated:\r\nRuleName: -\r\nUtcTime: 2026-02-04 03:24:10.643\r\nProcessGuid: {de7f78ee-57cb-6982-1e05-000000001e00}\r\nProcessId: 3140\r\nImage: C:\\Program Files\\WindowsApps\\Microsoft.WindowsNotepad_11.2510.14.0_x64__8wekyb3d8bbwe\\Notepad\\Notepad.exe\r\nUser: WINDEV2308EVAL\\Secretary\""},"eventdata":{"utcTime":"2026-02-04 03:24:10.643","processGuid":"{de7f78ee-57cb-6982-1e05-000000001e00}","processId":"3140","image":"C:\\\\Program Files\\\\WindowsApps\\\\Microsoft.WindowsNotepad_11.2510.14.0_x64__8wekyb3d8bbwe\\\\Notepad\\\\Notepad.exe","user":"WINDEV2308EVAL\\\\Secretary"}}}
2026 Feb 03 20:43:04 (Secretary-Windows) any->EventChannel {"win":{"system":{"providerName":"Microsoft-Windows-Sysmon","providerGuid":"{5770385f-c22a-43e0-bf4c-06f5698ffbd9}","eventID":"1","version":"5","level":"4","task":"1","opcode":"0","keywords":"0x8000000000000000","systemTime":"2026-02-04T03:24:13.3041194Z","eventRecordID":"2574","processID":"2824","threadID":"3588","channel":"Microsoft-Windows-Sysmon/Operational","computer":"WinDev2308Eval","severityValue":"INFORMATION","message":"\"Process Create:\r\nRuleName: -\r\nUtcTime: 2026-02-04 03:24:13.295\r\nProcessGuid: {de7f78ee-bbdd-6982-3408-000000001e00}\r\nProcessId: 8096\r\nImage: C:\\Program Files (x86)\\Microsoft\\EdgeUpdate\\MicrosoftEdgeUpdate.exe\r\nFileVersion: 1.3.215.9\r\nDescription: Microsoft Edge Update\r\nProduct: Microsoft Edge Update\r\nCompany: Microsoft Corporation\r\nOriginalFileName: msedgeupdate.dll\r\nCommandLine: \"C:\\Program Files (x86)\\Microsoft\\EdgeUpdate\\MicrosoftEdgeUpdate.exe\" /ua /installsource scheduler\r\nCurrentDirectory: C:\\Windows\\system32\\\r\nUser: NT AUTHORITY\\SYSTEM\r\nLogonGuid: {de7f78ee-0035-6980-e703-000000000000}\r\nLogonId: 0x3E7\r\nTerminalSessionId: 0\r\nIntegrityLevel: System\r\nHashes: SHA256=955B5950FD92E5C5EEC395B022566C9A2594CA3126D894408E2E29BA25D8B0DD\r\nParentProcessGuid: {de7f78ee-0036-6980-1500-000000001e00}\r\nParentProcessId: 1080\r\nParentImage: C:\\Windows\\System32\\svchost.exe\r\nParentCommandLine: C:\\Windows\\system32\\svchost.exe -k netsvcs -p\r\nParentUser: NT AUTHORITY\\SYSTEM\""},"eventdata":{"utcTime":"2026-02-04 03:24:13.295","processGuid":"{de7f78ee-bbdd-6982-3408-000000001e00}","processId":"8096","image":"C:\\\\Program Files (x86)\\\\Microsoft\\\\EdgeUpdate\\\\MicrosoftEdgeUpdate.exe","fileVersion":"1.3.215.9","description":"Microsoft Edge Update","product":"Microsoft Edge Update","company":"Microsoft Corporation","originalFileName":"msedgeupdate.dll","commandLine":"\\\"C:\\\\Program Files (x86)\\\\Microsoft\\\\EdgeUpdate\\\\MicrosoftEdgeUpdate.exe\\\" /ua /installsource scheduler","currentDirectory":"C:\\\\Windows\\\\system32\\\\","user":"NT AUTHORITY\\\\SYSTEM","logonGuid":"{de7f78ee-0035-6980-e703-000000000000}","logonId":"0x3e7","terminalSessionId":"0","integrityLevel":"System","hashes":"SHA256=955B5950FD92E5C5EEC395B022566C9A2594CA3126D894408E2E29BA25D8B0DD","parentProcessGuid":"{de7f78ee-0036-6980-1500-000000001e00}","parentProcessId":"1080","parentImage":"C:\\\\Windows\\\\System32\\\\svchost.exe","parentCommandLine":"C:\\\\Windows\\\\system32\\\\svchost.exe -k netsvcs -p","parentUser":"NT AUTHORITY\\\\SYSTEM"}}}
2026 Feb 03 20:43:04 (Secretary-Windows) any->EventChannel {"win":{"system":{"providerName":"Microsoft-Windows-Sysmon","providerGuid":"{5770385f-c22a-43e0-bf4c-06f5698ffbd9}","eventID":"5","version":"3","level":"4","task":"5","opcode":"0","keywords":"0x8000000000000000","systemTime":"2026-02-04T03:24:14.3932401Z","eventRecordID":"2575","processID":"2824","threadID":"3588","channel":"Microsoft-Windows-Sysmon/Operational","computer":"WinDev2308Eval","severityValue":"INFORMATION","message":"\"Process terminated:\r\nRuleName: -\r\nUtcTime: 2026-02-04 03:24:14.388\r\nProcessGuid: {de7f78ee-bbdd-6982-3408-000000001e00}\r\nProcessId: 8096\r\nImage: C:\\Program Files (x86)\\Microsoft\\EdgeUpdate\\MicrosoftEdgeUpdate.exe\r\nUser: NT AUTHORITY\\SYSTEM\""},"eventdata":{"utcTime":"2026-02-04 03:24:14.388","processGuid":"{de7f78ee-bbdd-6982-3408-000000001e00}","processId":"8096","image":"C:\\\\Program Files (x86)\\\\Microsoft\\\\EdgeUpdate\\\\MicrosoftEdgeUpdate.exe","user":"NT AUTHORITY\\\\SYSTEM"}}}
2026 Feb 03 20:43:04 (Secretary-Windows) any->EventChannel {"win":{"system":{"providerName":"Microsoft-Windows-Sysmon","providerGuid":"{5770385f-c22a-43e0-bf4c-06f5698ffbd9}","eventID":"5","version":"3","level":"4","task":"5","opcode":"0","keywords":"0x8000000000000000","systemTime":"2026-02-04T03:24:17.1006712Z","eventRecordID":"2576","processID":"2824","threadID":"3588","channel":"Microsoft-Windows-Sysmon/Operational","computer":"WinDev2308Eval","severityValue":"INFORMATION","message":"\"Process terminated:\r\nRuleName: -\r\nUtcTime: 2026-02-04 03:24:17.095\r\nProcessGuid: {de7f78ee-bbc9-6982-2f08-000000001e00}\r\nProcessId: 5628\r\nImage: C:\\Program Files\\WindowsApps\\MicrosoftTeams_26004.402.4240.1590_x64__8wekyb3d8bbwe\\msteamsupdate.exe\r\nUser: WINDEV2308EVAL\\Secretary\""},"eventdata":{"utcTime":"2026-02-04 03:24:17.095","processGuid":"{de7f78ee-bbc9-6982-2f08-000000001e00}","processId":"5628","image":"C:\\\\Program Files\\\\WindowsApps\\\\MicrosoftTeams_26004.402.4240.1590_x64__8wekyb3d8bbwe\\\\msteamsupdate.exe","user":"WINDEV2308EVAL\\\\Secretary"}}}
2026 Feb 03 20:43:04 (Secretary-Windows) any->EventChannel {"win":{"system":{"providerName":"Microsoft-Windows-Sysmon","providerGuid":"{5770385f-c22a-43e0-bf4c-06f5698ffbd9}","eventID":"5","version":"3","level":"4","task":"5","opcode":"0","keywords":"0x8000000000000000","systemTime":"2026-02-04T03:24:21.2170626Z","eventRecordID":"2578","processID":"2824","threadID":"3588","channel":"Microsoft-Windows-Sysmon/Operational","computer":"WinDev2308Eval","severityValue":"INFORMATION","message":"\"Process terminated:\r\nRuleName: -\r\nUtcTime: 2026-02-04 03:24:21.204\r\nProcessGuid: {de7f78ee-7c84-6982-1507-000000001e00}\r\nProcessId: 7652\r\nImage: C:\\Program Files (x86)\\Microsoft\\Edge\\Application\\msedge.exe\r\nUser: WINDEV2308EVAL\\Secretary\""},"eventdata":{"utcTime":"2026-02-04 03:24:21.204","processGuid":"{de7f78ee-7c84-6982-1507-000000001e00}","processId":"7652","image":"C:\\\\Program Files (x86)\\\\Microsoft\\\\Edge\\\\Application\\\\msedge.exe","user":"WINDEV2308EVAL\\\\Secretary"}}}
2026 Feb 03 20:43:04 (Secretary-Windows) any->EventChannel {"win":{"system":{"providerName":"Microsoft-Windows-Sysmon","providerGuid":"{5770385f-c22a-43e0-bf4c-06f5698ffbd9}","eventID":"5","version":"3","level":"4","task":"5","opcode":"0","keywords":"0x8000000000000000","systemTime":"2026-02-04T03:24:21.0809875Z","eventRecordID":"2577","processID":"2824","threadID":"3588","channel":"Microsoft-Windows-Sysmon/Operational","computer":"WinDev2308Eval","severityValue":"INFORMATION","message":"\"Process terminated:\r\nRuleName: -\r\nUtcTime: 2026-02-04 03:24:21.079\r\nProcessGuid: {de7f78ee-baf7-6982-1f08-000000001e00}\r\nProcessId: 8076\r\nImage: C:\\Program Files (x86)\\Microsoft\\Edge\\Application\\msedge.exe\r\nUser: WINDEV2308EVAL\\Secretary\""},"eventdata":{"utcTime":"2026-02-04 03:24:21.079","processGuid":"{de7f78ee-baf7-6982-1f08-000000001e00}","processId":"8076","image":"C:\\\\Program Files (x86)\\\\Microsoft\\\\Edge\\\\Application\\\\msedge.exe","user":"WINDEV2308EVAL\\\\Secretary"}}}
2026 Feb 03 20:43:04 (Secretary-Windows) any->EventChannel {"win":{"system":{"providerName":"Microsoft-Windows-Sysmon","providerGuid":"{5770385f-c22a-43e0-bf4c-06f5698ffbd9}","eventID":"5","version":"3","level":"4","task":"5","opcode":"0","keywords":"0x8000000000000000","systemTime":"2026-02-04T03:24:21.2298332Z","eventRecordID":"2579","processID":"2824","threadID":"3588","channel":"Microsoft-Windows-Sysmon/Operational","computer":"WinDev2308Eval","severityValue":"INFORMATION","message":"\"Process terminated:\r\nRuleName: -\r\nUtcTime: 2026-02-04 03:24:21.219\r\nProcessGuid: {de7f78ee-9df5-6982-6f07-000000001e00}\r\nProcessId: 6176\r\nImage: C:\\Program Files (x86)\\Microsoft\\Edge\\Application\\msedge.exe\r\nUser: WINDEV2308EVAL\\Secretary\""},"eventdata":{"utcTime":"2026-02-04 03:24:21.219","processGuid":"{de7f78ee-9df5-6982-6f07-000000001e00}","processId":"6176","image":"C:\\\\Program Files (x86)\\\\Microsoft\\\\Edge\\\\Application\\\\msedge.exe","user":"WINDEV2308EVAL\\\\Secretary"}}}
2026 Feb 03 20:43:04 (Secretary-Windows) any->EventChannel {"win":{"system":{"providerName":"Microsoft-Windows-Sysmon","providerGuid":"{5770385f-c22a-43e0-bf4c-06f5698ffbd9}","eventID":"5","version":"3","level":"4","task":"5","opcode":"0","keywords":"0x8000000000000000","systemTime":"2026-02-04T03:24:21.2465973Z","eventRecordID":"2580","processID":"2824","threadID":"3588","channel":"Microsoft-Windows-Sysmon/Operational","computer":"WinDev2308Eval","severityValue":"INFORMATION","message":"\"Process terminated:\r\nRuleName: -\r\nUtcTime: 2026-02-04 03:24:21.235\r\nProcessGuid: {de7f78ee-7c84-6982-1707-000000001e00}\r\nProcessId: 8100\r\nImage: C:\\Program Files (x86)\\Microsoft\\Edge\\Application\\msedge.exe\r\nUser: WINDEV2308EVAL\\Secretary\""},"eventdata":{"utcTime":"2026-02-04 03:24:21.235","processGuid":"{de7f78ee-7c84-6982-1707-000000001e00}","processId":"8100","image":"C:\\\\Program Files (x86)\\\\Microsoft\\\\Edge\\\\Application\\\\msedge.exe","user":"WINDEV2308EVAL\\\\Secretary"}}}
2026 Feb 03 20:43:04 (Secretary-Windows) any->EventChannel {"win":{"system":{"providerName":"Microsoft-Windows-Sysmon","providerGuid":"{5770385f-c22a-43e0-bf4c-06f5698ffbd9}","eventID":"5","version":"3","level":"4","task":"5","opcode":"0","keywords":"0x8000000000000000","systemTime":"2026-02-04T03:24:21.2576710Z","eventRecordID":"2581","processID":"2824","threadID":"3588","channel":"Microsoft-Windows-Sysmon/Operational","computer":"WinDev2308Eval","severityValue":"INFORMATION","message":"\"Process terminated:\r\nRuleName: -\r\nUtcTime: 2026-02-04 03:24:21.251\r\nProcessGuid: {de7f78ee-7c84-6982-1607-000000001e00}\r\nProcessId: 5320\r\nImage: C:\\Program Files (x86)\\Microsoft\\Edge\\Application\\msedge.exe\r\nUser: WINDEV2308EVAL\\Secretary\""},"eventdata":{"utcTime":"2026-02-04 03:24:21.251","processGuid":"{de7f78ee-7c84-6982-1607-000000001e00}","processId":"5320","image":"C:\\\\Program Files (x86)\\\\Microsoft\\\\Edge\\\\Application\\\\msedge.exe","user":"WINDEV2308EVAL\\\\Secretary"}}}
2026 Feb 03 20:43:04 (Secretary-Windows) any->EventChannel {"win":{"system":{"providerName":"Microsoft-Windows-Sysmon","providerGuid":"{5770385f-c22a-43e0-bf4c-06f5698ffbd9}","eventID":"1","version":"5","level":"4","task":"1","opcode":"0","keywords":"0x8000000000000000","systemTime":"2026-02-04T03:24:21.2845604Z","eventRecordID":"2583","processID":"2824","threadID":"3588","channel":"Microsoft-Windows-Sysmon/Operational","computer":"WinDev2308Eval","severityValue":"INFORMATION","message":"\"Process Create:\r\nRuleName: -\r\nUtcTime: 2026-02-04 03:24:21.279\r\nProcessGuid: {de7f78ee-bbe5-6982-3508-000000001e00}\r\nProcessId: 6036\r\nImage: C:\\Program Files (x86)\\Microsoft\\Edge\\Application\\msedge.exe\r\nFileVersion: 144.0.3719.104\r\nDescription: Microsoft Edge\r\nProduct: Microsoft Edge\r\nCompany: Microsoft Corporation\r\nOriginalFileName: msedge.exe\r\nCommandLine: \"C:\\Program Files (x86)\\Microsoft\\Edge\\Application\\msedge.exe\" --no-startup-window\r\nCurrentDirectory: C:\\Program Files (x86)\\Microsoft\\Edge\\Application\\\r\nUser: WINDEV2308EVAL\\Secretary\r\nLogonGuid: {de7f78ee-4b47-6982-f4f1-3d0000000000}\r\nLogonId: 0x3DF1F4\r\nTerminalSessionId: 2\r\nIntegrityLevel: Medium\r\nHashes: SHA256=C93DB508A45D9D394C38BA5BDC9A131C4CA09D4BF96EED2AD4794E10E359D2B8\r\nParentProcessGuid: {de7f78ee-7c84-6982-1307-000000001e00}\r\nParentProcessId: 992\r\nParentImage: C:\\Program Files (x86)\\Microsoft\\Edge\\Application\\msedge.exe\r\nParentCommandLine: \"C:\\Program Files (x86)\\Microsoft\\Edge\\Application\\msedge.exe\" --no-startup-window\r\nParentUser: WINDEV2308EVAL\\Secretary\""},"eventdata":{"utcTime":"2026-02-04 03:24:21.279","processGuid":"{de7f78ee-bbe5-6982-3508-000000001e00}","processId":"6036","image":"C:\\\\Program Files (x86)\\\\Microsoft\\\\Edge\\\\Application\\\\msedge.exe","fileVersion":"144.0.3719.104","description":"Microsoft Edge","product":"Microsoft Edge","company":"Microsoft Corporation","originalFileName":"msedge.exe","commandLine":"\\\"C:\\\\Program Files (x86)\\\\Microsoft\\\\Edge\\\\Application\\\\msedge.exe\\\" --no-startup-window","currentDirectory":"C:\\\\Program Files (x86)\\\\Microsoft\\\\Edge\\\\Application\\\\","user":"WINDEV2308EVAL\\\\Secretary","logonGuid":"{de7f78ee-4b47-6982-f4f1-3d0000000000}","logonId":"0x3df1f4","terminalSessionId":"2","integrityLevel":"Medium","hashes":"SHA256=C93DB508A45D9D394C38BA5BDC9A131C4CA09D4BF96EED2AD4794E10E359D2B8","parentProcessGuid":"{de7f78ee-7c84-6982-1307-000000001e00}","parentProcessId":"992","parentImage":"C:\\\\Program Files (x86)\\\\Microsoft\\\\Edge\\\\Application\\\\msedge.exe","parentCommandLine":"\\\"C:\\\\Program Files (x86)\\\\Microsoft\\\\Edge\\\\Application\\\\msedge.exe\\\" --no-startup-window","parentUser":"WINDEV2308EVAL\\\\Secretary"}}}
2026 Feb 03 20:43:04 (Secretary-Windows) any->EventChannel {"win":{"system":{"providerName":"Microsoft-Windows-Sysmon","providerGuid":"{5770385f-c22a-43e0-bf4c-06f5698ffbd9}","eventID":"5","version":"3","level":"4","task":"5","opcode":"0","keywords":"0x8000000000000000","systemTime":"2026-02-04T03:24:21.2598027Z","eventRecordID":"2582","processID":"2824","threadID":"3588","channel":"Microsoft-Windows-Sysmon/Operational","computer":"WinDev2308Eval","severityValue":"INFORMATION","message":"\"Process terminated:\r\nRuleName: -\r\nUtcTime: 2026-02-04 03:24:21.251\r\nProcessGuid: {de7f78ee-9e22-6982-7507-000000001e00}\r\nProcessId: 7596\r\nImage: C:\\Program Files (x86)\\Microsoft\\Edge\\Application\\msedge.exe\r\nUser: WINDEV2308EVAL\\Secretary\""},"eventdata":{"utcTime":"2026-02-04 03:24:21.251","processGuid":"{de7f78ee-9e22-6982-7507-000000001e00}","processId":"7596","image":"C:\\\\Program Files (x86)\\\\Microsoft\\\\Edge\\\\Application\\\\msedge.exe","user":"WINDEV2308EVAL\\\\Secretary"}}}
2026 Feb 03 20:43:04 (Secretary-Windows) any->EventChannel {"win":{"system":{"providerName":"Microsoft-Windows-Sysmon","providerGuid":"{5770385f-c22a-43e0-bf4c-06f5698ffbd9}","eventID":"1","version":"5","level":"4","task":"1","opcode":"0","keywords":"0x8000000000000000","systemTime":"2026-02-04T03:24:21.8582425Z","eventRecordID":"2585","processID":"2824","threadID":"3588","channel":"Microsoft-Windows-Sysmon/Operational","computer":"WinDev2308Eval","severityValue":"INFORMATION","message":"\"Process Create:\r\nRuleName: -\r\nUtcTime: 2026-02-04 03:24:21.843\r\nProcessGuid: {de7f78ee-bbe5-6982-3608-000000001e00}\r\nProcessId: 3952\r\nImage: C:\\Program Files (x86)\\Microsoft\\Edge\\Application\\msedge.exe\r\nFileVersion: 144.0.3719.104\r\nDescription: Microsoft Edge\r\nProduct: Microsoft Edge\r\nCompany: Microsoft Corporation\r\nOriginalFileName: msedge.exe\r\nCommandLine: \"C:\\Program Files (x86)\\Microsoft\\Edge\\Application\\msedge.exe\" --type=crashpad-handler \"--user-data-dir=C:\\Users\\Secretary\\AppData\\Local\\Microsoft\\Edge\\User Data\" /prefetch:4 --monitor-self-annotation=ptype=crashpad-handler \"--database=C:\\Users\\Secretary\\AppData\\Local\\Microsoft\\Edge\\User Data\\Crashpad\" --annotation=IsOfficialBuild=1 --annotation=channel= --annotation=chromium-version=144.0.7559.110 \"--annotation=exe=C:\\Program Files (x86)\\Microsoft\\Edge\\Application\\msedge.exe\" --annotation=plat=Win64 --annotation=prod=Edge --annotation=ver=144.0.3719.104 --initial-client-data=0x284,0x288,0x28c,0x280,0x294,0x7ffb7cb42c98,0x7ffb7cb42ca4,0x7ffb7cb42cb0\r\nCurrentDirectory: C:\\Program Files (x86)\\Microsoft\\Edge\\Application\\144.0.3719.104\\\r\nUser: WINDEV2308EVAL\\Secretary\r\nLogonGuid: {de7f78ee-4b47-6982-f4f1-3d0000000000}\r\nLogonId: 0x3DF1F4\r\nTerminalSessionId: 2\r\nIntegrityLevel: Medium\r\nHashes: SHA256=C93DB508A45D9D394C38BA5BDC9A131C4CA09D4BF96EED2AD4794E10E359D2B8\r\nParentProcessGuid: {de7f78ee-bbe5-6982-3508-000000001e00}\r\nParentProcessId: 6036\r\nParentImage: C:\\Program Files (x86)\\Microsoft\\Edge\\Application\\msedge.exe\r\nParentCommandLine: \"C:\\Program Files (x86)\\Microsoft\\Edge\\Application\\msedge.exe\" --no-startup-window\r\nParentUser: WINDEV2308EVAL\\Secretary\""},"eventdata":{"utcTime":"2026-02-04 03:24:21.843","processGuid":"{de7f78ee-bbe5-6982-3608-000000001e00}","processId":"3952","image":"C:\\\\Program Files (x86)\\\\Microsoft\\\\Edge\\\\Application\\\\msedge.exe","fileVersion":"144.0.3719.104","description":"Microsoft Edge","product":"Microsoft Edge","company":"Microsoft Corporation","originalFileName":"msedge.exe","commandLine":"\\\"C:\\\\Program Files (x86)\\\\Microsoft\\\\Edge\\\\Application\\\\msedge.exe\\\" --type=crashpad-handler \\\"--user-data-dir=C:\\\\Users\\\\Secretary\\\\AppData\\\\Local\\\\Microsoft\\\\Edge\\\\User Data\\\" /prefetch:4 --monitor-self-annotation=ptype=crashpad-handler \\\"--database=C:\\\\Users\\\\Secretary\\\\AppData\\\\Local\\\\Microsoft\\\\Edge\\\\User Data\\\\Crashpad\\\" --annotation=IsOfficialBuild=1 --annotation=channel= --annotation=chromium-version=144.0.7559.110 \\\"--annotation=exe=C:\\\\Program Files (x86)\\\\Microsoft\\\\Edge\\\\Application\\\\msedge.exe\\\" --annotation=plat=Win64 --annotation=prod=Edge --annotation=ver=144.0.3719.104 --initial-client-data=0x284,0x288,0x28c,0x280,0x294,0x7ffb7cb42c98,0x7ffb7cb42ca4,0x7ffb7cb42cb0","currentDirectory":"C:\\\\Program Files (x86)\\\\Microsoft\\\\Edge\\\\Application\\\\144.0.3719.104\\\\","user":"WINDEV2308EVAL\\\\Secretary","logonGuid":"{de7f78ee-4b47-6982-f4f1-3d0000000000}","logonId":"0x3df1f4","terminalSessionId":"2","integrityLevel":"Medium","hashes":"SHA256=C93DB508A45D9D394C38BA5BDC9A131C4CA09D4BF96EED2AD4794E10E359D2B8","parentProcessGuid":"{de7f78ee-bbe5-6982-3508-000000001e00}","parentProcessId":"6036","parentImage":"C:\\\\Program Files (x86)\\\\Microsoft\\\\Edge\\\\Application\\\\msedge.exe","parentCommandLine":"\\\"C:\\\\Program Files (x86)\\\\Microsoft\\\\Edge\\\\Application\\\\msedge.exe\\\" --no-startup-window","parentUser":"WINDEV2308EVAL\\\\Secretary"}}}
2026 Feb 03 20:43:04 (Secretary-Windows) any->EventChannel {"win":{"system":{"providerName":"Microsoft-Windows-Sysmon","providerGuid":"{5770385f-c22a-43e0-bf4c-06f5698ffbd9}","eventID":"5","version":"3","level":"4","task":"5","opcode":"0","keywords":"0x8000000000000000","systemTime":"2026-02-04T03:24:21.8360969Z","eventRecordID":"2584","processID":"2824","threadID":"3588","channel":"Microsoft-Windows-Sysmon/Operational","computer":"WinDev2308Eval","severityValue":"INFORMATION","message":"\"Process terminated:\r\nRuleName: -\r\nUtcTime: 2026-02-04 03:24:21.829\r\nProcessGuid: {de7f78ee-7c84-6982-1307-000000001e00}\r\nProcessId: 992\r\nImage: C:\\Program Files (x86)\\Microsoft\\Edge\\Application\\msedge.exe\r\nUser: WINDEV2308EVAL\\Secretary\""},"eventdata":{"utcTime":"2026-02-04 03:24:21.829","processGuid":"{de7f78ee-7c84-6982-1307-000000001e00}","processId":"992","image":"C:\\\\Program Files (x86)\\\\Microsoft\\\\Edge\\\\Application\\\\msedge.exe","user":"WINDEV2308EVAL\\\\Secretary"}}}
2026 Feb 03 20:43:04 (Secretary-Windows) any->EventChannel {"win":{"system":{"providerName":"Microsoft-Windows-Sysmon","providerGuid":"{5770385f-c22a-43e0-bf4c-06f5698ffbd9}","eventID":"1","version":"5","level":"4","task":"1","opcode":"0","keywords":"0x8000000000000000","systemTime":"2026-02-04T03:24:22.2042547Z","eventRecordID":"2586","processID":"2824","threadID":"3588","channel":"Microsoft-Windows-Sysmon/Operational","computer":"WinDev2308Eval","severityValue":"INFORMATION","message":"\"Process Create:\r\nRuleName: -\r\nUtcTime: 2026-02-04 03:24:22.020\r\nProcessGuid: {de7f78ee-bbe6-6982-3708-000000001e00}\r\nProcessId: 6476\r\nImage: C:\\Program Files (x86)\\Microsoft\\Edge\\Application\\msedge.exe\r\nFileVersion: 144.0.3719.104\r\nDescription: Microsoft Edge\r\nProduct: Microsoft Edge\r\nCompany: Microsoft Corporation\r\nOriginalFileName: msedge.exe\r\nCommandLine: \"C:\\Program Files (x86)\\Microsoft\\Edge\\Application\\msedge.exe\" --type=utility --utility-sub-type=network.mojom.NetworkService --lang=en-US --service-sandbox-type=none --startup-read-main-dll --metrics-shmem-handle=2108,i,1298228593754923144,3383853755503543518,524288 --field-trial-handle=2588,i,2462783438170113802,12677204817224686694,262144 --variations-seed-version --trace-process-track-uuid=3190708989122997041 --mojo-platform-channel-handle=2712 /prefetch:11\r\nCurrentDirectory: C:\\Program Files (x86)\\Microsoft\\Edge\\Application\\144.0.3719.104\\\r\nUser: WINDEV2308EVAL\\Secretary\r\nLogonGuid: {de7f78ee-4b47-6982-f4f1-3d0000000000}\r\nLogonId: 0x3DF1F4\r\nTerminalSessionId: 2\r\nIntegrityLevel: Medium\r\nHashes: SHA256=C93DB508A45D9D394C38BA5BDC9A131C4CA09D4BF96EED2AD4794E10E359D2B8\r\nParentProcessGuid: {de7f78ee-bbe5-6982-3508-000000001e00}\r\nParentProcessId: 6036\r\nParentImage: C:\\Program Files (x86)\\Microsoft\\Edge\\Application\\msedge.exe\r\nParentCommandLine: \"C:\\Program Files (x86)\\Microsoft\\Edge\\Application\\msedge.exe\" --no-startup-window\r\nParentUser: WINDEV2308EVAL\\Secretary\""},"eventdata":{"utcTime":"2026-02-04 03:24:22.020","processGuid":"{de7f78ee-bbe6-6982-3708-000000001e00}","processId":"6476","image":"C:\\\\Program Files (x86)\\\\Microsoft\\\\Edge\\\\Application\\\\msedge.exe","fileVersion":"144.0.3719.104","description":"Microsoft Edge","product":"Microsoft Edge","company":"Microsoft Corporation","originalFileName":"msedge.exe","commandLine":"\\\"C:\\\\Program Files (x86)\\\\Microsoft\\\\Edge\\\\Application\\\\msedge.exe\\\" --type=utility --utility-sub-type=network.mojom.NetworkService --lang=en-US --service-sandbox-type=none --startup-read-main-dll --metrics-shmem-handle=2108,i,1298228593754923144,3383853755503543518,524288 --field-trial-handle=2588,i,2462783438170113802,12677204817224686694,262144 --variations-seed-version --trace-process-track-uuid=3190708989122997041 --mojo-platform-channel-handle=2712 /prefetch:11","currentDirectory":"C:\\\\Program Files (x86)\\\\Microsoft\\\\Edge\\\\Application\\\\144.0.3719.104\\\\","user":"WINDEV2308EVAL\\\\Secretary","logonGuid":"{de7f78ee-4b47-6982-f4f1-3d0000000000}","logonId":"0x3df1f4","terminalSessionId":"2","integrityLevel":"Medium","hashes":"SHA256=C93DB508A45D9D394C38BA5BDC9A131C4CA09D4BF96EED2AD4794E10E359D2B8","parentProcessGuid":"{de7f78ee-bbe5-6982-3508-000000001e00}","parentProcessId":"6036","parentImage":"C:\\\\Program Files (x86)\\\\Microsoft\\\\Edge\\\\Application\\\\msedge.exe","parentCommandLine":"\\\"C:\\\\Program Files (x86)\\\\Microsoft\\\\Edge\\\\Application\\\\msedge.exe\\\" --no-startup-window","parentUser":"WINDEV2308EVAL\\\\Secretary"}}}
2026 Feb 03 20:43:04 (Secretary-Windows) any->EventChannel {"win":{"system":{"providerName":"Microsoft-Windows-Sysmon","providerGuid":"{5770385f-c22a-43e0-bf4c-06f5698ffbd9}","eventID":"1","version":"5","level":"4","task":"1","opcode":"0","keywords":"0x8000000000000000","systemTime":"2026-02-04T03:24:22.2066335Z","eventRecordID":"2587","processID":"2824","threadID":"3588","channel":"Microsoft-Windows-Sysmon/Operational","computer":"WinDev2308Eval","severityValue":"INFORMATION","message":"\"Process Create:\r\nRuleName: -\r\nUtcTime: 2026-02-04 03:24:22.027\r\nProcessGuid: {de7f78ee-bbe6-6982-3808-000000001e00}\r\nProcessId: 4136\r\nImage: C:\\Program Files (x86)\\Microsoft\\Edge\\Application\\msedge.exe\r\nFileVersion: 144.0.3719.104\r\nDescription: Microsoft Edge\r\nProduct: Microsoft Edge\r\nCompany: Microsoft Corporation\r\nOriginalFileName: msedge.exe\r\nCommandLine: \"C:\\Program Files (x86)\\Microsoft\\Edge\\Application\\msedge.exe\" --type=gpu-process --gpu-preferences=SAAAAAAAAADgAAAEAAAAAAAAAAAAAGAAAQAAAAAAAAAAAAAAAAAAAAIAAAAAAAAAAAAAAAAAAAAQAAAAAAAAABAAAAAAAAAACAAAAAAAAAAIAAAAAAAAAA== --startup-read-main-dll --metrics-shmem-handle=1848,i,14603335021729665966,6162633264549241699,262144 --field-trial-handle=2588,i,2462783438170113802,12677204817224686694,262144 --variations-seed-version --trace-process-track-uuid=3190708988185955192 --mojo-platform-channel-handle=2584 /prefetch:2\r\nCurrentDirectory: C:\\Program Files (x86)\\Microsoft\\Edge\\Application\\144.0.3719.104\\\r\nUser: WINDEV2308EVAL\\Secretary\r\nLogonGuid: {de7f78ee-4b47-6982-f4f1-3d0000000000}\r\nLogonId: 0x3DF1F4\r\nTerminalSessionId: 2\r\nIntegrityLevel: Low\r\nHashes: SHA256=C93DB508A45D9D394C38BA5BDC9A131C4CA09D4BF96EED2AD4794E10E359D2B8\r\nParentProcessGuid: {de7f78ee-bbe5-6982-3508-000000001e00}\r\nParentProcessId: 6036\r\nParentImage: C:\\Program Files (x86)\\Microsoft\\Edge\\Application\\msedge.exe\r\nParentCommandLine: \"C:\\Program Files (x86)\\Microsoft\\Edge\\Application\\msedge.exe\" --no-startup-window\r\nParentUser: WINDEV2308EVAL\\Secretary\""},"eventdata":{"utcTime":"2026-02-04 03:24:22.027","processGuid":"{de7f78ee-bbe6-6982-3808-000000001e00}","processId":"4136","image":"C:\\\\Program Files (x86)\\\\Microsoft\\\\Edge\\\\Application\\\\msedge.exe","fileVersion":"144.0.3719.104","description":"Microsoft Edge","product":"Microsoft Edge","company":"Microsoft Corporation","originalFileName":"msedge.exe","commandLine":"\\\"C:\\\\Program Files (x86)\\\\Microsoft\\\\Edge\\\\Application\\\\msedge.exe\\\" --type=gpu-process --gpu-preferences=SAAAAAAAAADgAAAEAAAAAAAAAAAAAGAAAQAAAAAAAAAAAAAAAAAAAAIAAAAAAAAAAAAAAAAAAAAQAAAAAAAAABAAAAAAAAAACAAAAAAAAAAIAAAAAAAAAA== --startup-read-main-dll --metrics-shmem-handle=1848,i,14603335021729665966,6162633264549241699,262144 --field-trial-handle=2588,i,2462783438170113802,12677204817224686694,262144 --variations-seed-version --trace-process-track-uuid=3190708988185955192 --mojo-platform-channel-handle=2584 /prefetch:2","currentDirectory":"C:\\\\Program Files (x86)\\\\Microsoft\\\\Edge\\\\Application\\\\144.0.3719.104\\\\","user":"WINDEV2308EVAL\\\\Secretary","logonGuid":"{de7f78ee-4b47-6982-f4f1-3d0000000000}","logonId":"0x3df1f4","terminalSessionId":"2","integrityLevel":"Low","hashes":"SHA256=C93DB508A45D9D394C38BA5BDC9A131C4CA09D4BF96EED2AD4794E10E359D2B8","parentProcessGuid":"{de7f78ee-bbe5-6982-3508-000000001e00}","parentProcessId":"6036","parentImage":"C:\\\\Program Files (x86)\\\\Microsoft\\\\Edge\\\\Application\\\\msedge.exe","parentCommandLine":"\\\"C:\\\\Program Files (x86)\\\\Microsoft\\\\Edge\\\\Application\\\\msedge.exe\\\" --no-startup-window","parentUser":"WINDEV2308EVAL\\\\Secretary"}}}
2026 Feb 03 20:43:04 (Secretary-Windows) any->EventChannel {"win":{"system":{"providerName":"Microsoft-Windows-Sysmon","providerGuid":"{5770385f-c22a-43e0-bf4c-06f5698ffbd9}","eventID":"1","version":"5","level":"4","task":"1","opcode":"0","keywords":"0x8000000000000000","systemTime":"2026-02-04T03:24:22.2073447Z","eventRecordID":"2588","processID":"2824","threadID":"3588","channel":"Microsoft-Windows-Sysmon/Operational","computer":"WinDev2308Eval","severityValue":"INFORMATION","message":"\"Process Create:\r\nRuleName: -\r\nUtcTime: 2026-02-04 03:24:22.099\r\nProcessGuid: {de7f78ee-bbe6-6982-3908-000000001e00}\r\nProcessId: 2344\r\nImage: C:\\Program Files (x86)\\Microsoft\\Edge\\Application\\144.0.3719.104\\elevation_service.exe\r\nFileVersion: 144.0.3719.104\r\nDescription: Microsoft Edge\r\nProduct: Microsoft Edge\r\nCompany: Microsoft Corporation\r\nOriginalFileName: elevation_service.exe\r\nCommandLine: \"C:\\Program Files (x86)\\Microsoft\\Edge\\Application\\144.0.3719.104\\elevation_service.exe\"\r\nCurrentDirectory: C:\\Windows\\system32\\\r\nUser: NT AUTHORITY\\SYSTEM\r\nLogonGuid: {de7f78ee-0035-6980-e703-000000000000}\r\nLogonId: 0x3E7\r\nTerminalSessionId: 0\r\nIntegrityLevel: System\r\nHashes: SHA256=408582FEFD91AD5BEE583BEE8BD2A513ABB4367EC1B5415CB949CDB32F5A2E84\r\nParentProcessGuid: {de7f78ee-0035-6980-0b00-000000001e00}\r\nParentProcessId: 748\r\nParentImage: C:\\Windows\\System32\\services.exe\r\nParentCommandLine: C:\\Windows\\system32\\services.exe\r\nParentUser: NT AUTHORITY\\SYSTEM\""},"eventdata":{"utcTime":"2026-02-04 03:24:22.099","processGuid":"{de7f78ee-bbe6-6982-3908-000000001e00}","processId":"2344","image":"C:\\\\Program Files (x86)\\\\Microsoft\\\\Edge\\\\Application\\\\144.0.3719.104\\\\elevation_service.exe","fileVersion":"144.0.3719.104","description":"Microsoft Edge","product":"Microsoft Edge","company":"Microsoft Corporation","originalFileName":"elevation_service.exe","commandLine":"\\\"C:\\\\Program Files (x86)\\\\Microsoft\\\\Edge\\\\Application\\\\144.0.3719.104\\\\elevation_service.exe\\\"","currentDirectory":"C:\\\\Windows\\\\system32\\\\","user":"NT AUTHORITY\\\\SYSTEM","logonGuid":"{de7f78ee-0035-6980-e703-000000000000}","logonId":"0x3e7","terminalSessionId":"0","integrityLevel":"System","hashes":"SHA256=408582FEFD91AD5BEE583BEE8BD2A513ABB4367EC1B5415CB949CDB32F5A2E84","parentProcessGuid":"{de7f78ee-0035-6980-0b00-000000001e00}","parentProcessId":"748","parentImage":"C:\\\\Windows\\\\System32\\\\services.exe","parentCommandLine":"C:\\\\Windows\\\\system32\\\\services.exe","parentUser":"NT AUTHORITY\\\\SYSTEM"}}}
2026 Feb 03 20:43:04 (Secretary-Windows) any->EventChannel {"win":{"system":{"providerName":"Microsoft-Windows-Sysmon","providerGuid":"{5770385f-c22a-43e0-bf4c-06f5698ffbd9}","eventID":"1","version":"5","level":"4","task":"1","opcode":"0","keywords":"0x8000000000000000","systemTime":"2026-02-04T03:24:22.2889659Z","eventRecordID":"2589","processID":"2824","threadID":"3588","channel":"Microsoft-Windows-Sysmon/Operational","computer":"WinDev2308Eval","severityValue":"INFORMATION","message":"\"Process Create:\r\nRuleName: -\r\nUtcTime: 2026-02-04 03:24:22.107\r\nProcessGuid: {de7f78ee-bbe6-6982-3a08-000000001e00}\r\nProcessId: 7724\r\nImage: C:\\Program Files (x86)\\Microsoft\\Edge\\Application\\msedge.exe\r\nFileVersion: 144.0.3719.104\r\nDescription: Microsoft Edge\r\nProduct: Microsoft Edge\r\nCompany: Microsoft Corporation\r\nOriginalFileName: msedge.exe\r\nCommandLine: \"C:\\Program Files (x86)\\Microsoft\\Edge\\Application\\msedge.exe\" --type=utility --utility-sub-type=storage.mojom.StorageService --lang=en-US --service-sandbox-type=service --startup-read-main-dll --metrics-shmem-handle=2364,i,11207421559799780684,16921043714713124614,524288 --field-trial-handle=2588,i,2462783438170113802,12677204817224686694,262144 --variations-seed-version --trace-process-track-uuid=3190708990060038890 --mojo-platform-channel-handle=2992 /prefetch:13\r\nCurrentDirectory: C:\\Program Files (x86)\\Microsoft\\Edge\\Application\\144.0.3719.104\\\r\nUser: WINDEV2308EVAL\\Secretary\r\nLogonGuid: {de7f78ee-4b47-6982-f4f1-3d0000000000}\r\nLogonId: 0x3DF1F4\r\nTerminalSessionId: 2\r\nIntegrityLevel: Low\r\nHashes: SHA256=C93DB508A45D9D394C38BA5BDC9A131C4CA09D4BF96EED2AD4794E10E359D2B8\r\nParentProcessGuid: {de7f78ee-bbe5-6982-3508-000000001e00}\r\nParentProcessId: 6036\r\nParentImage: C:\\Program Files (x86)\\Microsoft\\Edge\\Application\\msedge.exe\r\nParentCommandLine: \"C:\\Program Files (x86)\\Microsoft\\Edge\\Application\\msedge.exe\" --no-startup-window\r\nParentUser: WINDEV2308EVAL\\Secretary\""},"eventdata":{"utcTime":"2026-02-04 03:24:22.107","processGuid":"{de7f78ee-bbe6-6982-3a08-000000001e00}","processId":"7724","image":"C:\\\\Program Files (x86)\\\\Microsoft\\\\Edge\\\\Application\\\\msedge.exe","fileVersion":"144.0.3719.104","description":"Microsoft Edge","product":"Microsoft Edge","company":"Microsoft Corporation","originalFileName":"msedge.exe","commandLine":"\\\"C:\\\\Program Files (x86)\\\\Microsoft\\\\Edge\\\\Application\\\\msedge.exe\\\" --type=utility --utility-sub-type=storage.mojom.StorageService --lang=en-US --service-sandbox-type=service --startup-read-main-dll --metrics-shmem-handle=2364,i,11207421559799780684,16921043714713124614,524288 --field-trial-handle=2588,i,2462783438170113802,12677204817224686694,262144 --variations-seed-version --trace-process-track-uuid=3190708990060038890 --mojo-platform-channel-handle=2992 /prefetch:13","currentDirectory":"C:\\\\Program Files (x86)\\\\Microsoft\\\\Edge\\\\Application\\\\144.0.3719.104\\\\","user":"WINDEV2308EVAL\\\\Secretary","logonGuid":"{de7f78ee-4b47-6982-f4f1-3d0000000000}","logonId":"0x3df1f4","terminalSessionId":"2","integrityLevel":"Low","hashes":"SHA256=C93DB508A45D9D394C38BA5BDC9A131C4CA09D4BF96EED2AD4794E10E359D2B8","parentProcessGuid":"{de7f78ee-bbe5-6982-3508-000000001e00}","parentProcessId":"6036","parentImage":"C:\\\\Program Files (x86)\\\\Microsoft\\\\Edge\\\\Application\\\\msedge.exe","parentCommandLine":"\\\"C:\\\\Program Files (x86)\\\\Microsoft\\\\Edge\\\\Application\\\\msedge.exe\\\" --no-startup-window","parentUser":"WINDEV2308EVAL\\\\Secretary"}}}
2026 Feb 03 20:43:04 (Secretary-Windows) any->EventChannel {"win":{"system":{"providerName":"Microsoft-Windows-Sysmon","providerGuid":"{5770385f-c22a-43e0-bf4c-06f5698ffbd9}","eventID":"5","version":"3","level":"4","task":"5","opcode":"0","keywords":"0x8000000000000000","systemTime":"2026-02-04T03:24:22.7851998Z","eventRecordID":"2590","processID":"2824","threadID":"3588","channel":"Microsoft-Windows-Sysmon/Operational","computer":"WinDev2308Eval","severityValue":"INFORMATION","message":"\"Process terminated:\r\nRuleName: -\r\nUtcTime: 2026-02-04 03:24:22.688\r\nProcessGuid: {de7f78ee-bbe6-6982-3908-000000001e00}\r\nProcessId: 2344\r\nImage: C:\\Program Files (x86)\\Microsoft\\Edge\\Application\\144.0.3719.104\\elevation_service.exe\r\nUser: NT AUTHORITY\\SYSTEM\""},"eventdata":{"utcTime":"2026-02-04 03:24:22.688","processGuid":"{de7f78ee-bbe6-6982-3908-000000001e00}","processId":"2344","image":"C:\\\\Program Files (x86)\\\\Microsoft\\\\Edge\\\\Application\\\\144.0.3719.104\\\\elevation_service.exe","user":"NT AUTHORITY\\\\SYSTEM"}}}
2026 Feb 03 20:43:04 (Secretary-Windows) any->EventChannel {"win":{"system":{"providerName":"Microsoft-Windows-Sysmon","providerGuid":"{5770385f-c22a-43e0-bf4c-06f5698ffbd9}","eventID":"1","version":"5","level":"4","task":"1","opcode":"0","keywords":"0x8000000000000000","systemTime":"2026-02-04T03:24:22.9486781Z","eventRecordID":"2591","processID":"2824","threadID":"3588","channel":"Microsoft-Windows-Sysmon/Operational","computer":"WinDev2308Eval","severityValue":"INFORMATION","message":"\"Process Create:\r\nRuleName: -\r\nUtcTime: 2026-02-04 03:24:22.922\r\nProcessGuid: {de7f78ee-bbe6-6982-3b08-000000001e00}\r\nProcessId: 504\r\nImage: C:\\Windows\\System32\\backgroundTaskHost.exe\r\nFileVersion: 10.0.22621.1 (WinBuild.160101.0800)\r\nDescription: Background Task Host\r\nProduct: Microsoft® Windows® Operating System\r\nCompany: Microsoft Corporation\r\nOriginalFileName: backgroundTaskHost.exe\r\nCommandLine: \"C:\\Windows\\system32\\BackgroundTaskHost.exe\" -ServerName:BackgroundTaskHost.WebAccountProvider\r\nCurrentDirectory: C:\\Windows\\SystemApps\\Microsoft.AAD.BrokerPlugin_cw5n1h2txyewy\\\r\nUser: WINDEV2308EVAL\\Secretary\r\nLogonGuid: {de7f78ee-4b47-6982-f4f1-3d0000000000}\r\nLogonId: 0x3DF1F4\r\nTerminalSessionId: 2\r\nIntegrityLevel: AppContainer\r\nHashes: SHA256=4C8915E07BE1904A3BC02E4F8DB0A80BB932CE610D97EABB9151B4E51F449980\r\nParentProcessGuid: {de7f78ee-0035-6980-0f00-000000001e00}\r\nParentProcessId: 896\r\nParentImage: C:\\Windows\\System32\\svchost.exe\r\nParentCommandLine: C:\\Windows\\system32\\svchost.exe -k DcomLaunch -p\r\nParentUser: NT AUTHORITY\\SYSTEM\""},"eventdata":{"utcTime":"2026-02-04 03:24:22.922","processGuid":"{de7f78ee-bbe6-6982-3b08-000000001e00}","processId":"504","image":"C:\\\\Windows\\\\System32\\\\backgroundTaskHost.exe","fileVersion":"10.0.22621.1 (WinBuild.160101.0800)","description":"Background Task Host","product":"Microsoft® Windows® Operating System","company":"Microsoft Corporation","originalFileName":"backgroundTaskHost.exe","commandLine":"\\\"C:\\\\Windows\\\\system32\\\\BackgroundTaskHost.exe\\\" -ServerName:BackgroundTaskHost.WebAccountProvider","currentDirectory":"C:\\\\Windows\\\\SystemApps\\\\Microsoft.AAD.BrokerPlugin_cw5n1h2txyewy\\\\","user":"WINDEV2308EVAL\\\\Secretary","logonGuid":"{de7f78ee-4b47-6982-f4f1-3d0000000000}","logonId":"0x3df1f4","terminalSessionId":"2","integrityLevel":"AppContainer","hashes":"SHA256=4C8915E07BE1904A3BC02E4F8DB0A80BB932CE610D97EABB9151B4E51F449980","parentProcessGuid":"{de7f78ee-0035-6980-0f00-000000001e00}","parentProcessId":"896","parentImage":"C:\\\\Windows\\\\System32\\\\svchost.exe","parentCommandLine":"C:\\\\Windows\\\\system32\\\\svchost.exe -k DcomLaunch -p","parentUser":"NT AUTHORITY\\\\SYSTEM"}}}
2026 Feb 03 20:43:04 (Secretary-Windows) any->EventChannel {"win":{"system":{"providerName":"Microsoft-Windows-Sysmon","providerGuid":"{5770385f-c22a-43e0-bf4c-06f5698ffbd9}","eventID":"1","version":"5","level":"4","task":"1","opcode":"0","keywords":"0x8000000000000000","systemTime":"2026-02-04T03:24:23.6262617Z","eventRecordID":"2593","processID":"2824","threadID":"3588","channel":"Microsoft-Windows-Sysmon/Operational","computer":"WinDev2308Eval","severityValue":"INFORMATION","message":"\"Process Create:\r\nRuleName: -\r\nUtcTime: 2026-02-04 03:24:23.592\r\nProcessGuid: {de7f78ee-bbe7-6982-3c08-000000001e00}\r\nProcessId: 4996\r\nImage: C:\\Program Files (x86)\\Microsoft\\Edge\\Application\\144.0.3719.104\\identity_helper.exe\r\nFileVersion: 144.0.3719.104\r\nDescription: PWA Identity Proxy Host\r\nProduct: Microsoft Edge\r\nCompany: Microsoft Corporation\r\nOriginalFileName: identity_helper.exe\r\nCommandLine: \"C:\\Program Files (x86)\\Microsoft\\Edge\\Application\\144.0.3719.104\\identity_helper.exe\" --type=utility --utility-sub-type=winrt_app_id.mojom.WinrtAppIdService --lang=en-US --service-sandbox-type=none --video-capture-use-gpu-memory-buffer --ram-no-pressure-read-main-dll --metrics-shmem-handle=4196,i,16679547730382217936,16075886371436403422,524288 --field-trial-handle=2588,i,2462783438170113802,12677204817224686694,262144 --variations-seed-version --trace-process-track-uuid=3190708990997080739 --mojo-platform-channel-handle=4596 /prefetch:14\r\nCurrentDirectory: C:\\Program Files (x86)\\Microsoft\\Edge\\Application\\144.0.3719.104\\\r\nUser: WINDEV2308EVAL\\Secretary\r\nLogonGuid: {de7f78ee-4b47-6982-f4f1-3d0000000000}\r\nLogonId: 0x3DF1F4\r\nTerminalSessionId: 2\r\nIntegrityLevel: Medium\r\nHashes: SHA256=7CE2E061832472EE0EDC7DB703D11FB48300F918D0364A21B6D190963BDA9852\r\nParentProcessGuid: {de7f78ee-bbe5-6982-3508-000000001e00}\r\nParentProcessId: 6036\r\nParentImage: C:\\Program Files (x86)\\Microsoft\\Edge\\Application\\msedge.exe\r\nParentCommandLine: \"C:\\Program Files (x86)\\Microsoft\\Edge\\Application\\msedge.exe\" --no-startup-window\r\nParentUser: WINDEV2308EVAL\\Secretary\""},"eventdata":{"utcTime":"2026-02-04 03:24:23.592","processGuid":"{de7f78ee-bbe7-6982-3c08-000000001e00}","processId":"4996","image":"C:\\\\Program Files (x86)\\\\Microsoft\\\\Edge\\\\Application\\\\144.0.3719.104\\\\identity_helper.exe","fileVersion":"144.0.3719.104","description":"PWA Identity Proxy Host","product":"Microsoft Edge","company":"Microsoft Corporation","originalFileName":"identity_helper.exe","commandLine":"\\\"C:\\\\Program Files (x86)\\\\Microsoft\\\\Edge\\\\Application\\\\144.0.3719.104\\\\identity_helper.exe\\\" --type=utility --utility-sub-type=winrt_app_id.mojom.WinrtAppIdService --lang=en-US --service-sandbox-type=none --video-capture-use-gpu-memory-buffer --ram-no-pressure-read-main-dll --metrics-shmem-handle=4196,i,16679547730382217936,16075886371436403422,524288 --field-trial-handle=2588,i,2462783438170113802,12677204817224686694,262144 --variations-seed-version --trace-process-track-uuid=3190708990997080739 --mojo-platform-channel-handle=4596 /prefetch:14","currentDirectory":"C:\\\\Program Files (x86)\\\\Microsoft\\\\Edge\\\\Application\\\\144.0.3719.104\\\\","user":"WINDEV2308EVAL\\\\Secretary","logonGuid":"{de7f78ee-4b47-6982-f4f1-3d0000000000}","logonId":"0x3df1f4","terminalSessionId":"2","integrityLevel":"Medium","hashes":"SHA256=7CE2E061832472EE0EDC7DB703D11FB48300F918D0364A21B6D190963BDA9852","parentProcessGuid":"{de7f78ee-bbe5-6982-3508-000000001e00}","parentProcessId":"6036","parentImage":"C:\\\\Program Files (x86)\\\\Microsoft\\\\Edge\\\\Application\\\\msedge.exe","parentCommandLine":"\\\"C:\\\\Program Files (x86)\\\\Microsoft\\\\Edge\\\\Application\\\\msedge.exe\\\" --no-startup-window","parentUser":"WINDEV2308EVAL\\\\Secretary"}}}
2026 Feb 03 20:43:04 (Secretary-Windows) any->EventChannel {"win":{"system":{"providerName":"Microsoft-Windows-Sysmon","providerGuid":"{5770385f-c22a-43e0-bf4c-06f5698ffbd9}","eventID":"5","version":"3","level":"4","task":"5","opcode":"0","keywords":"0x8000000000000000","systemTime":"2026-02-04T03:24:23.3631255Z","eventRecordID":"2592","processID":"2824","threadID":"3588","channel":"Microsoft-Windows-Sysmon/Operational","computer":"WinDev2308Eval","severityValue":"INFORMATION","message":"\"Process terminated:\r\nRuleName: -\r\nUtcTime: 2026-02-04 03:24:23.344\r\nProcessGuid: {de7f78ee-bbe6-6982-3b08-000000001e00}\r\nProcessId: 504\r\nImage: C:\\Windows\\System32\\backgroundTaskHost.exe\r\nUser: WINDEV2308EVAL\\Secretary\""},"eventdata":{"utcTime":"2026-02-04 03:24:23.344","processGuid":"{de7f78ee-bbe6-6982-3b08-000000001e00}","processId":"504","image":"C:\\\\Windows\\\\System32\\\\backgroundTaskHost.exe","user":"WINDEV2308EVAL\\\\Secretary"}}}
2026 Feb 03 20:43:05 (Secretary-Windows) any->EventChannel {"win":{"system":{"providerName":"Microsoft-Windows-Security-Auditing","providerGuid":"{54849625-5478-4994-a5ba-3e3b0328c30d}","eventID":"4798","version":"0","level":"0","task":"13824","opcode":"0","keywords":"0x8020000000000000","systemTime":"2026-02-04T03:12:53.6428513Z","eventRecordID":"51877","processID":"764","threadID":"4924","channel":"Security","computer":"WinDev2308Eval","severityValue":"AUDIT_SUCCESS","message":"\"A user's local group membership was enumerated.\r\n\r\nSubject:\r\n\tSecurity ID:\t\tS-1-5-21-3116511072-3024718013-308258476-1001\r\n\tAccount Name:\t\tSecretary\r\n\tAccount Domain:\t\tWINDEV2308EVAL\r\n\tLogon ID:\t\t0x3DF1F4\r\n\r\nUser:\r\n\tSecurity ID:\t\tS-1-5-21-3116511072-3024718013-308258476-1001\r\n\tAccount Name:\t\tSecretary\r\n\tAccount Domain:\t\tWINDEV2308EVAL\r\n\r\nProcess Information:\r\n\tProcess ID:\t\t0x618\r\n\tProcess Name:\t\tC:\\Windows\\explorer.exe\""},"eventdata":{"targetUserName":"Secretary","targetDomainName":"WINDEV2308EVAL","targetSid":"S-1-5-21-3116511072-3024718013-308258476-1001","subjectUserSid":"S-1-5-21-3116511072-3024718013-308258476-1001","subjectUserName":"Secretary","subjectDomainName":"WINDEV2308EVAL","subjectLogonId":"0x3df1f4","callerProcessId":"0x618","callerProcessName":"C:\\\\Windows\\\\explorer.exe"}}}
